[2023-01-27T04:58:51.565+0000] {taskinstance.py:1083} INFO - Dependencies all met for <TaskInstance: fhv_taxi_data_dag_v1.download_ytd_dataset_from_web scheduled__2020-11-01T00:00:00+00:00 [queued]>
[2023-01-27T04:58:51.584+0000] {taskinstance.py:1083} INFO - Dependencies all met for <TaskInstance: fhv_taxi_data_dag_v1.download_ytd_dataset_from_web scheduled__2020-11-01T00:00:00+00:00 [queued]>
[2023-01-27T04:58:51.584+0000] {taskinstance.py:1279} INFO - 
--------------------------------------------------------------------------------
[2023-01-27T04:58:51.584+0000] {taskinstance.py:1280} INFO - Starting attempt 1 of 1
[2023-01-27T04:58:51.584+0000] {taskinstance.py:1281} INFO - 
--------------------------------------------------------------------------------
[2023-01-27T04:58:51.608+0000] {taskinstance.py:1300} INFO - Executing <Task(BashOperator): download_ytd_dataset_from_web> on 2020-11-01 00:00:00+00:00
[2023-01-27T04:58:51.623+0000] {standard_task_runner.py:55} INFO - Started process 7676 to run task
[2023-01-27T04:58:51.627+0000] {standard_task_runner.py:82} INFO - Running: ['***', 'tasks', 'run', 'fhv_taxi_data_dag_v1', 'download_ytd_dataset_from_web', 'scheduled__2020-11-01T00:00:00+00:00', '--job-id', '5788', '--raw', '--subdir', 'DAGS_FOLDER/data_ingestion_gcs_dag_v1_fhv.py', '--cfg-path', '/tmp/tmpzwtce08k']
[2023-01-27T04:58:51.629+0000] {standard_task_runner.py:83} INFO - Job 5788: Subtask download_ytd_dataset_from_web
[2023-01-27T04:58:51.719+0000] {task_command.py:388} INFO - Running <TaskInstance: fhv_taxi_data_dag_v1.download_ytd_dataset_from_web scheduled__2020-11-01T00:00:00+00:00 [running]> on host 8bc22b99c76b
[2023-01-27T04:58:51.869+0000] {taskinstance.py:1509} INFO - Exporting the following env vars:
AIRFLOW_CTX_DAG_OWNER=***
AIRFLOW_CTX_DAG_ID=fhv_taxi_data_dag_v1
AIRFLOW_CTX_TASK_ID=download_ytd_dataset_from_web
AIRFLOW_CTX_EXECUTION_DATE=2020-11-01T00:00:00+00:00
AIRFLOW_CTX_TRY_NUMBER=1
AIRFLOW_CTX_DAG_RUN_ID=scheduled__2020-11-01T00:00:00+00:00
[2023-01-27T04:58:51.871+0000] {subprocess.py:63} INFO - Tmp dir root location: 
 /tmp
[2023-01-27T04:58:51.871+0000] {subprocess.py:75} INFO - Running command: ['/bin/bash', '-c', 'wget https://github.com/DataTalksClub/nyc-tlc-data/releases/download/fhv/fhv_tripdata_2020-11.csv.gz -O /opt/***/fhv_tripdata_2020-11.csv.gz']
[2023-01-27T04:58:51.886+0000] {subprocess.py:86} INFO - Output:
[2023-01-27T04:58:51.892+0000] {subprocess.py:93} INFO - --2023-01-27 04:58:51--  https://github.com/DataTalksClub/nyc-tlc-data/releases/download/fhv/fhv_tripdata_2020-11.csv.gz
[2023-01-27T04:58:51.907+0000] {subprocess.py:93} INFO - Resolving github.com (github.com)... 140.82.121.3
[2023-01-27T04:58:51.932+0000] {subprocess.py:93} INFO - Connecting to github.com (github.com)|140.82.121.3|:443... connected.
[2023-01-27T04:58:52.226+0000] {subprocess.py:93} INFO - HTTP request sent, awaiting response... 302 Found
[2023-01-27T04:58:52.227+0000] {subprocess.py:93} INFO - Location: https://objects.githubusercontent.com/github-production-release-asset-2e65be/513814948/ce09265c-0c3c-4d55-b756-2a8a3e49c74b?X-Amz-Algorithm=AWS4-HMAC-SHA256&X-Amz-Credential=AKIAIWNJYAX4CSVEH53A%2F20230127%2Fus-east-1%2Fs3%2Faws4_request&X-Amz-Date=20230127T045724Z&X-Amz-Expires=300&X-Amz-Signature=b97cfcf99a63ae015c7def58b06b474092aa4ab769286dde19d7645b51bd611f&X-Amz-SignedHeaders=host&actor_id=0&key_id=0&repo_id=513814948&response-content-disposition=attachment%3B%20filename%3Dfhv_tripdata_2020-11.csv.gz&response-content-type=application%2Foctet-stream [following]
[2023-01-27T04:58:52.227+0000] {subprocess.py:93} INFO - --2023-01-27 04:58:52--  https://objects.githubusercontent.com/github-production-release-asset-2e65be/513814948/ce09265c-0c3c-4d55-b756-2a8a3e49c74b?X-Amz-Algorithm=AWS4-HMAC-SHA256&X-Amz-Credential=AKIAIWNJYAX4CSVEH53A%2F20230127%2Fus-east-1%2Fs3%2Faws4_request&X-Amz-Date=20230127T045724Z&X-Amz-Expires=300&X-Amz-Signature=b97cfcf99a63ae015c7def58b06b474092aa4ab769286dde19d7645b51bd611f&X-Amz-SignedHeaders=host&actor_id=0&key_id=0&repo_id=513814948&response-content-disposition=attachment%3B%20filename%3Dfhv_tripdata_2020-11.csv.gz&response-content-type=application%2Foctet-stream
[2023-01-27T04:58:52.231+0000] {subprocess.py:93} INFO - Resolving objects.githubusercontent.com (objects.githubusercontent.com)... 185.199.109.133, 185.199.108.133, 185.199.110.133, ...
[2023-01-27T04:58:52.254+0000] {subprocess.py:93} INFO - Connecting to objects.githubusercontent.com (objects.githubusercontent.com)|185.199.109.133|:443... connected.
[2023-01-27T04:58:52.648+0000] {subprocess.py:93} INFO - HTTP request sent, awaiting response... 200 OK
[2023-01-27T04:58:52.648+0000] {subprocess.py:93} INFO - Length: 12588587 (12M) [application/octet-stream]
[2023-01-27T04:58:52.649+0000] {subprocess.py:93} INFO - Saving to: ‘/opt/***/fhv_tripdata_2020-11.csv.gz’
[2023-01-27T04:58:52.649+0000] {subprocess.py:93} INFO - 
[2023-01-27T04:58:52.679+0000] {subprocess.py:93} INFO -      0K .......... .......... .......... .......... ..........  0% 1.58M 8s
[2023-01-27T04:58:52.703+0000] {subprocess.py:93} INFO -     50K .......... .......... .......... .......... ..........  0% 2.02M 7s
[2023-01-27T04:58:52.710+0000] {subprocess.py:93} INFO -    100K .......... .......... .......... .......... ..........  1% 7.08M 5s
[2023-01-27T04:58:52.723+0000] {subprocess.py:93} INFO -    150K .......... .......... .......... .......... ..........  1% 3.90M 4s
[2023-01-27T04:58:52.742+0000] {subprocess.py:93} INFO -    200K .......... .......... .......... .......... ..........  2% 2.50M 5s
[2023-01-27T04:58:52.748+0000] {subprocess.py:93} INFO -    250K .......... .......... .......... .......... ..........  2% 9.08M 4s
[2023-01-27T04:58:52.763+0000] {subprocess.py:93} INFO -    300K .......... .......... .......... .......... ..........  2% 3.22M 4s
[2023-01-27T04:58:52.776+0000] {subprocess.py:93} INFO -    350K .......... .......... .......... .......... ..........  3% 3.80M 4s
[2023-01-27T04:58:52.785+0000] {subprocess.py:93} INFO -    400K .......... .......... .......... .......... ..........  3% 5.42M 4s
[2023-01-27T04:58:52.792+0000] {subprocess.py:93} INFO -    450K .......... .......... .......... .......... ..........  4% 6.87M 3s
[2023-01-27T04:58:52.797+0000] {subprocess.py:93} INFO -    500K .......... .......... .......... .......... ..........  4% 8.57M 3s
[2023-01-27T04:58:52.810+0000] {subprocess.py:93} INFO -    550K .......... .......... .......... .......... ..........  4% 3.95M 3s
[2023-01-27T04:58:52.820+0000] {subprocess.py:93} INFO -    600K .......... .......... .......... .......... ..........  5% 4.68M 3s
[2023-01-27T04:58:52.828+0000] {subprocess.py:93} INFO -    650K .......... .......... .......... .......... ..........  5% 5.89M 3s
[2023-01-27T04:58:52.833+0000] {subprocess.py:93} INFO -    700K .......... .......... .......... .......... ..........  6% 9.92M 3s
[2023-01-27T04:58:52.849+0000] {subprocess.py:93} INFO -    750K .......... .......... .......... .......... ..........  6% 3.23M 3s
[2023-01-27T04:58:52.856+0000] {subprocess.py:93} INFO -    800K .......... .......... .......... .......... ..........  6% 6.32M 3s
[2023-01-27T04:58:52.863+0000] {subprocess.py:93} INFO -    850K .......... .......... .......... .......... ..........  7% 6.89M 3s
[2023-01-27T04:58:52.869+0000] {subprocess.py:93} INFO -    900K .......... .......... .......... .......... ..........  7% 8.79M 3s
[2023-01-27T04:58:52.874+0000] {subprocess.py:93} INFO -    950K .......... .......... .......... .......... ..........  8% 8.93M 3s
[2023-01-27T04:58:52.881+0000] {subprocess.py:93} INFO -   1000K .......... .......... .......... .......... ..........  8% 7.04M 2s
[2023-01-27T04:58:52.888+0000] {subprocess.py:93} INFO -   1050K .......... .......... .......... .......... ..........  8% 7.59M 2s
[2023-01-27T04:58:52.899+0000] {subprocess.py:93} INFO -   1100K .......... .......... .......... .......... ..........  9% 4.23M 2s
[2023-01-27T04:58:52.917+0000] {subprocess.py:93} INFO -   1150K .......... .......... .......... .......... ..........  9% 2.82M 2s
[2023-01-27T04:58:52.919+0000] {subprocess.py:93} INFO -   1200K .......... .......... .......... .......... .......... 10% 23.2M 2s
[2023-01-27T04:58:52.926+0000] {subprocess.py:93} INFO -   1250K .......... .......... .......... .......... .......... 10% 6.53M 2s
[2023-01-27T04:58:52.939+0000] {subprocess.py:93} INFO -   1300K .......... .......... .......... .......... .......... 10% 3.87M 2s
[2023-01-27T04:58:52.945+0000] {subprocess.py:93} INFO -   1350K .......... .......... .......... .......... .......... 11% 7.31M 2s
[2023-01-27T04:58:52.952+0000] {subprocess.py:93} INFO -   1400K .......... .......... .......... .......... .......... 11% 7.25M 2s
[2023-01-27T04:58:52.958+0000] {subprocess.py:93} INFO -   1450K .......... .......... .......... .......... .......... 12% 8.92M 2s
[2023-01-27T04:58:52.963+0000] {subprocess.py:93} INFO -   1500K .......... .......... .......... .......... .......... 12% 9.64M 2s
[2023-01-27T04:58:52.969+0000] {subprocess.py:93} INFO -   1550K .......... .......... .......... .......... .......... 13% 7.40M 2s
[2023-01-27T04:58:52.977+0000] {subprocess.py:93} INFO -   1600K .......... .......... .......... .......... .......... 13% 6.08M 2s
[2023-01-27T04:58:52.986+0000] {subprocess.py:93} INFO -   1650K .......... .......... .......... .......... .......... 13% 5.46M 2s
[2023-01-27T04:58:52.989+0000] {subprocess.py:93} INFO -   1700K .......... .......... .......... .......... .......... 14% 16.6M 2s
[2023-01-27T04:58:52.993+0000] {subprocess.py:93} INFO -   1750K .......... .......... .......... .......... .......... 14% 14.5M 2s
[2023-01-27T04:58:52.997+0000] {subprocess.py:93} INFO -   1800K .......... .......... .......... .......... .......... 15% 10.3M 2s
[2023-01-27T04:58:53.009+0000] {subprocess.py:93} INFO -   1850K .......... .......... .......... .......... .......... 15% 4.31M 2s
[2023-01-27T04:58:53.013+0000] {subprocess.py:93} INFO -   1900K .......... .......... .......... .......... .......... 15% 12.3M 2s
[2023-01-27T04:58:53.019+0000] {subprocess.py:93} INFO -   1950K .......... .......... .......... .......... .......... 16% 7.36M 2s
[2023-01-27T04:58:53.024+0000] {subprocess.py:93} INFO -   2000K .......... .......... .......... .......... .......... 16% 9.98M 2s
[2023-01-27T04:58:53.029+0000] {subprocess.py:93} INFO -   2050K .......... .......... .......... .......... .......... 17% 10.3M 2s
[2023-01-27T04:58:53.034+0000] {subprocess.py:93} INFO -   2100K .......... .......... .......... .......... .......... 17% 8.99M 2s
[2023-01-27T04:58:53.038+0000] {subprocess.py:93} INFO -   2150K .......... .......... .......... .......... .......... 17% 13.8M 2s
[2023-01-27T04:58:53.046+0000] {subprocess.py:93} INFO -   2200K .......... .......... .......... .......... .......... 18% 6.39M 2s
[2023-01-27T04:58:53.049+0000] {subprocess.py:93} INFO -   2250K .......... .......... .......... .......... .......... 18% 16.0M 2s
[2023-01-27T04:58:53.053+0000] {subprocess.py:93} INFO -   2300K .......... .......... .......... .......... .......... 19% 11.8M 2s
[2023-01-27T04:58:53.058+0000] {subprocess.py:93} INFO -   2350K .......... .......... .......... .......... .......... 19% 8.69M 2s
[2023-01-27T04:58:53.065+0000] {subprocess.py:93} INFO -   2400K .......... .......... .......... .......... .......... 19% 7.49M 2s
[2023-01-27T04:58:53.068+0000] {subprocess.py:93} INFO -   2450K .......... .......... .......... .......... .......... 20% 15.9M 2s
[2023-01-27T04:58:53.078+0000] {subprocess.py:93} INFO -   2500K .......... .......... .......... .......... .......... 20% 4.95M 2s
[2023-01-27T04:58:53.090+0000] {subprocess.py:93} INFO -   2550K .......... .......... .......... .......... .......... 21% 3.97M 2s
[2023-01-27T04:58:53.094+0000] {subprocess.py:93} INFO -   2600K .......... .......... .......... .......... .......... 21% 11.4M 2s
[2023-01-27T04:58:53.104+0000] {subprocess.py:93} INFO -   2650K .......... .......... .......... .......... .......... 21% 4.94M 2s
[2023-01-27T04:58:53.105+0000] {subprocess.py:93} INFO -   2700K .......... .......... .......... .......... .......... 22%  380M 2s
[2023-01-27T04:58:53.114+0000] {subprocess.py:93} INFO -   2750K .......... .......... .......... .......... .......... 22% 5.18M 2s
[2023-01-27T04:58:53.120+0000] {subprocess.py:93} INFO -   2800K .......... .......... .......... .......... .......... 23% 8.53M 2s
[2023-01-27T04:58:53.124+0000] {subprocess.py:93} INFO -   2850K .......... .......... .......... .......... .......... 23% 11.4M 2s
[2023-01-27T04:58:53.131+0000] {subprocess.py:93} INFO -   2900K .......... .......... .......... .......... .......... 23% 6.62M 2s
[2023-01-27T04:58:53.136+0000] {subprocess.py:93} INFO -   2950K .......... .......... .......... .......... .......... 24% 9.48M 2s
[2023-01-27T04:58:53.140+0000] {subprocess.py:93} INFO -   3000K .......... .......... .......... .......... .......... 24% 14.9M 1s
[2023-01-27T04:58:53.143+0000] {subprocess.py:93} INFO -   3050K .......... .......... .......... .......... .......... 25% 13.2M 1s
[2023-01-27T04:58:53.146+0000] {subprocess.py:93} INFO -   3100K .......... .......... .......... .......... .......... 25% 18.8M 1s
[2023-01-27T04:58:53.149+0000] {subprocess.py:93} INFO -   3150K .......... .......... .......... .......... .......... 26% 15.2M 1s
[2023-01-27T04:58:53.152+0000] {subprocess.py:93} INFO -   3200K .......... .......... .......... .......... .......... 26% 15.5M 1s
[2023-01-27T04:58:53.161+0000] {subprocess.py:93} INFO -   3250K .......... .......... .......... .......... .......... 26% 5.46M 1s
[2023-01-27T04:58:53.167+0000] {subprocess.py:93} INFO -   3300K .......... .......... .......... .......... .......... 27% 8.99M 1s
[2023-01-27T04:58:53.173+0000] {subprocess.py:93} INFO -   3350K .......... .......... .......... .......... .......... 27% 8.20M 1s
[2023-01-27T04:58:53.177+0000] {subprocess.py:93} INFO -   3400K .......... .......... .......... .......... .......... 28% 10.2M 1s
[2023-01-27T04:58:53.187+0000] {subprocess.py:93} INFO -   3450K .......... .......... .......... .......... .......... 28% 5.32M 1s
[2023-01-27T04:58:53.193+0000] {subprocess.py:93} INFO -   3500K .......... .......... .......... .......... .......... 28% 7.68M 1s
[2023-01-27T04:58:53.193+0000] {subprocess.py:93} INFO -   3550K .......... .......... .......... .......... .......... 29%  421M 1s
[2023-01-27T04:58:53.194+0000] {subprocess.py:93} INFO -   3600K .......... .......... .......... .......... .......... 29% 60.3M 1s
[2023-01-27T04:58:53.199+0000] {subprocess.py:93} INFO -   3650K .......... .......... .......... .......... .......... 30% 8.94M 1s
[2023-01-27T04:58:53.214+0000] {subprocess.py:93} INFO -   3700K .......... .......... .......... .......... .......... 30% 3.41M 1s
[2023-01-27T04:58:53.217+0000] {subprocess.py:93} INFO -   3750K .......... .......... .......... .......... .......... 30% 13.0M 1s
[2023-01-27T04:58:53.222+0000] {subprocess.py:93} INFO -   3800K .......... .......... .......... .......... .......... 31% 9.74M 1s
[2023-01-27T04:58:53.226+0000] {subprocess.py:93} INFO -   3850K .......... .......... .......... .......... .......... 31% 14.0M 1s
[2023-01-27T04:58:53.230+0000] {subprocess.py:93} INFO -   3900K .......... .......... .......... .......... .......... 32% 11.9M 1s
[2023-01-27T04:58:53.234+0000] {subprocess.py:93} INFO -   3950K .......... .......... .......... .......... .......... 32% 13.1M 1s
[2023-01-27T04:58:53.237+0000] {subprocess.py:93} INFO -   4000K .......... .......... .......... .......... .......... 32% 16.2M 1s
[2023-01-27T04:58:53.242+0000] {subprocess.py:93} INFO -   4050K .......... .......... .......... .......... .......... 33% 9.57M 1s
[2023-01-27T04:58:53.249+0000] {subprocess.py:93} INFO -   4100K .......... .......... .......... .......... .......... 33% 6.72M 1s
[2023-01-27T04:58:53.257+0000] {subprocess.py:93} INFO -   4150K .......... .......... .......... .......... .......... 34% 6.33M 1s
[2023-01-27T04:58:53.262+0000] {subprocess.py:93} INFO -   4200K .......... .......... .......... .......... .......... 34% 9.68M 1s
[2023-01-27T04:58:53.265+0000] {subprocess.py:93} INFO -   4250K .......... .......... .......... .......... .......... 34% 16.4M 1s
[2023-01-27T04:58:53.269+0000] {subprocess.py:93} INFO -   4300K .......... .......... .......... .......... .......... 35% 11.9M 1s
[2023-01-27T04:58:53.277+0000] {subprocess.py:93} INFO -   4350K .......... .......... .......... .......... .......... 35% 6.45M 1s
[2023-01-27T04:58:53.277+0000] {subprocess.py:93} INFO -   4400K .......... .......... .......... .......... .......... 36%  228M 1s
[2023-01-27T04:58:53.282+0000] {subprocess.py:93} INFO -   4450K .......... .......... .......... .......... .......... 36% 10.4M 1s
[2023-01-27T04:58:53.283+0000] {subprocess.py:93} INFO -   4500K .......... .......... .......... .......... .......... 37% 41.9M 1s
[2023-01-27T04:58:53.288+0000] {subprocess.py:93} INFO -   4550K .......... .......... .......... .......... .......... 37% 9.85M 1s
[2023-01-27T04:58:53.291+0000] {subprocess.py:93} INFO -   4600K .......... .......... .......... .......... .......... 37% 15.8M 1s
[2023-01-27T04:58:53.296+0000] {subprocess.py:93} INFO -   4650K .......... .......... .......... .......... .......... 38% 8.69M 1s
[2023-01-27T04:58:53.300+0000] {subprocess.py:93} INFO -   4700K .......... .......... .......... .......... .......... 38% 13.0M 1s
[2023-01-27T04:58:53.306+0000] {subprocess.py:93} INFO -   4750K .......... .......... .......... .......... .......... 39% 11.7M 1s
[2023-01-27T04:58:53.309+0000] {subprocess.py:93} INFO -   4800K .......... .......... .......... .......... .......... 39% 10.2M 1s
[2023-01-27T04:58:53.312+0000] {subprocess.py:93} INFO -   4850K .......... .......... .......... .......... .......... 39% 15.6M 1s
[2023-01-27T04:58:53.315+0000] {subprocess.py:93} INFO -   4900K .......... .......... .......... .......... .......... 40% 16.5M 1s
[2023-01-27T04:58:53.318+0000] {subprocess.py:93} INFO -   4950K .......... .......... .......... .......... .......... 40% 16.7M 1s
[2023-01-27T04:58:53.321+0000] {subprocess.py:93} INFO -   5000K .......... .......... .......... .......... .......... 41% 15.0M 1s
[2023-01-27T04:58:53.323+0000] {subprocess.py:93} INFO -   5050K .......... .......... .......... .......... .......... 41% 24.3M 1s
[2023-01-27T04:58:53.326+0000] {subprocess.py:93} INFO -   5100K .......... .......... .......... .......... .......... 41% 20.5M 1s
[2023-01-27T04:58:53.337+0000] {subprocess.py:93} INFO -   5150K .......... .......... .......... .......... .......... 42% 4.55M 1s
[2023-01-27T04:58:53.338+0000] {subprocess.py:93} INFO -   5200K .......... .......... .......... .......... .......... 42% 27.9M 1s
[2023-01-27T04:58:53.348+0000] {subprocess.py:93} INFO -   5250K .......... .......... .......... .......... .......... 43% 5.18M 1s
[2023-01-27T04:58:53.355+0000] {subprocess.py:93} INFO -   5300K .......... .......... .......... .......... .......... 43% 6.48M 1s
[2023-01-27T04:58:53.357+0000] {subprocess.py:93} INFO -   5350K .......... .......... .......... .......... .......... 43% 21.3M 1s
[2023-01-27T04:58:53.366+0000] {subprocess.py:93} INFO -   5400K .......... .......... .......... .......... .......... 44% 5.95M 1s
[2023-01-27T04:58:53.366+0000] {subprocess.py:93} INFO -   5450K .......... .......... .......... .......... .......... 44%  142M 1s
[2023-01-27T04:58:53.368+0000] {subprocess.py:93} INFO -   5500K .......... .......... .......... .......... .......... 45% 25.5M 1s
[2023-01-27T04:58:53.370+0000] {subprocess.py:93} INFO -   5550K .......... .......... .......... .......... .......... 45%  523M 1s
[2023-01-27T04:58:53.375+0000] {subprocess.py:93} INFO -   5600K .......... .......... .......... .......... .......... 45% 7.15M 1s
[2023-01-27T04:58:53.382+0000] {subprocess.py:93} INFO -   5650K .......... .......... .......... .......... .......... 46% 6.75M 1s
[2023-01-27T04:58:53.384+0000] {subprocess.py:93} INFO -   5700K .......... .......... .......... .......... .......... 46% 21.7M 1s
[2023-01-27T04:58:53.389+0000] {subprocess.py:93} INFO -   5750K .......... .......... .......... .......... .......... 47% 10.3M 1s
[2023-01-27T04:58:53.393+0000] {subprocess.py:93} INFO -   5800K .......... .......... .......... .......... .......... 47% 13.6M 1s
[2023-01-27T04:58:53.396+0000] {subprocess.py:93} INFO -   5850K .......... .......... .......... .......... .......... 47% 13.5M 1s
[2023-01-27T04:58:53.401+0000] {subprocess.py:93} INFO -   5900K .......... .......... .......... .......... .......... 48% 11.2M 1s
[2023-01-27T04:58:53.405+0000] {subprocess.py:93} INFO -   5950K .......... .......... .......... .......... .......... 48% 17.7M 1s
[2023-01-27T04:58:53.408+0000] {subprocess.py:93} INFO -   6000K .......... .......... .......... .......... .......... 49% 11.6M 1s
[2023-01-27T04:58:53.410+0000] {subprocess.py:93} INFO -   6050K .......... .......... .......... .......... .......... 49% 19.4M 1s
[2023-01-27T04:58:53.415+0000] {subprocess.py:93} INFO -   6100K .......... .......... .......... .......... .......... 50% 9.46M 1s
[2023-01-27T04:58:53.421+0000] {subprocess.py:93} INFO -   6150K .......... .......... .......... .......... .......... 50% 7.95M 1s
[2023-01-27T04:58:53.428+0000] {subprocess.py:93} INFO -   6200K .......... .......... .......... .......... .......... 50% 7.25M 1s
[2023-01-27T04:58:53.431+0000] {subprocess.py:93} INFO -   6250K .......... .......... .......... .......... .......... 51% 19.6M 1s
[2023-01-27T04:58:53.434+0000] {subprocess.py:93} INFO -   6300K .......... .......... .......... .......... .......... 51% 14.1M 1s
[2023-01-27T04:58:53.444+0000] {subprocess.py:93} INFO -   6350K .......... .......... .......... .......... .......... 52% 5.06M 1s
[2023-01-27T04:58:53.446+0000] {subprocess.py:93} INFO -   6400K .......... .......... .......... .......... .......... 52% 19.7M 1s
[2023-01-27T04:58:53.449+0000] {subprocess.py:93} INFO -   6450K .......... .......... .......... .......... .......... 52% 15.7M 1s
[2023-01-27T04:58:53.456+0000] {subprocess.py:93} INFO -   6500K .......... .......... .......... .......... .......... 53% 6.87M 1s
[2023-01-27T04:58:53.457+0000] {subprocess.py:93} INFO -   6550K .......... .......... .......... .......... .......... 53%  527M 1s
[2023-01-27T04:58:53.459+0000] {subprocess.py:93} INFO -   6600K .......... .......... .......... .......... .......... 54% 23.9M 1s
[2023-01-27T04:58:53.459+0000] {subprocess.py:93} INFO -   6650K .......... .......... .......... .......... .......... 54%  396M 1s
[2023-01-27T04:58:53.465+0000] {subprocess.py:93} INFO -   6700K .......... .......... .......... .......... .......... 54% 7.39M 1s
[2023-01-27T04:58:53.482+0000] {subprocess.py:93} INFO -   6750K .......... .......... .......... .......... .......... 55% 3.08M 1s
[2023-01-27T04:58:53.490+0000] {subprocess.py:93} INFO -   6800K .......... .......... .......... .......... .......... 55% 5.55M 1s
[2023-01-27T04:58:53.491+0000] {subprocess.py:93} INFO -   6850K .......... .......... .......... .......... .......... 56% 38.6M 1s
[2023-01-27T04:58:53.494+0000] {subprocess.py:93} INFO -   6900K .......... .......... .......... .......... .......... 56% 15.8M 1s
[2023-01-27T04:58:53.497+0000] {subprocess.py:93} INFO -   6950K .......... .......... .......... .......... .......... 56% 20.0M 1s
[2023-01-27T04:58:53.500+0000] {subprocess.py:93} INFO -   7000K .......... .......... .......... .......... .......... 57% 16.4M 1s
[2023-01-27T04:58:53.504+0000] {subprocess.py:93} INFO -   7050K .......... .......... .......... .......... .......... 57% 12.3M 1s
[2023-01-27T04:58:53.508+0000] {subprocess.py:93} INFO -   7100K .......... .......... .......... .......... .......... 58% 12.0M 1s
[2023-01-27T04:58:53.513+0000] {subprocess.py:93} INFO -   7150K .......... .......... .......... .......... .......... 58% 12.5M 1s
[2023-01-27T04:58:53.517+0000] {subprocess.py:93} INFO -   7200K .......... .......... .......... .......... .......... 58% 9.73M 1s
[2023-01-27T04:58:53.521+0000] {subprocess.py:93} INFO -   7250K .......... .......... .......... .......... .......... 59% 12.5M 1s
[2023-01-27T04:58:53.524+0000] {subprocess.py:93} INFO -   7300K .......... .......... .......... .......... .......... 59% 14.6M 1s
[2023-01-27T04:58:53.526+0000] {subprocess.py:93} INFO -   7350K .......... .......... .......... .......... .......... 60% 24.1M 1s
[2023-01-27T04:58:53.532+0000] {subprocess.py:93} INFO -   7400K .......... .......... .......... .......... .......... 60% 8.69M 1s
[2023-01-27T04:58:53.538+0000] {subprocess.py:93} INFO -   7450K .......... .......... .......... .......... .......... 61% 8.25M 1s
[2023-01-27T04:58:53.542+0000] {subprocess.py:93} INFO -   7500K .......... .......... .......... .......... .......... 61% 11.0M 1s
[2023-01-27T04:58:53.545+0000] {subprocess.py:93} INFO -   7550K .......... .......... .......... .......... .......... 61% 14.4M 1s
[2023-01-27T04:58:53.548+0000] {subprocess.py:93} INFO -   7600K .......... .......... .......... .......... .......... 62% 22.3M 1s
[2023-01-27T04:58:53.554+0000] {subprocess.py:93} INFO -   7650K .......... .......... .......... .......... .......... 62% 7.89M 1s
[2023-01-27T04:58:53.554+0000] {subprocess.py:93} INFO -   7700K .......... .......... .......... .......... .......... 63%  546M 1s
[2023-01-27T04:58:53.554+0000] {subprocess.py:93} INFO -   7750K .......... .......... .......... .......... .......... 63%  596M 1s
[2023-01-27T04:58:53.555+0000] {subprocess.py:93} INFO -   7800K .......... .......... .......... .......... .......... 63% 31.8M 1s
[2023-01-27T04:58:53.556+0000] {subprocess.py:93} INFO -   7850K .......... .......... .......... .......... .......... 64%  577M 1s
[2023-01-27T04:58:53.562+0000] {subprocess.py:93} INFO -   7900K .......... .......... .......... .......... .......... 64% 7.29M 0s
[2023-01-27T04:58:53.566+0000] {subprocess.py:93} INFO -   7950K .......... .......... .......... .......... .......... 65% 26.2M 0s
[2023-01-27T04:58:53.569+0000] {subprocess.py:93} INFO -   8000K .......... .......... .......... .......... .......... 65% 10.6M 0s
[2023-01-27T04:58:53.573+0000] {subprocess.py:93} INFO -   8050K .......... .......... .......... .......... .......... 65% 12.6M 0s
[2023-01-27T04:58:53.577+0000] {subprocess.py:93} INFO -   8100K .......... .......... .......... .......... .......... 66% 9.88M 0s
[2023-01-27T04:58:53.581+0000] {subprocess.py:93} INFO -   8150K .......... .......... .......... .......... .......... 66% 12.9M 0s
[2023-01-27T04:58:53.583+0000] {subprocess.py:93} INFO -   8200K .......... .......... .......... .......... .......... 67% 31.5M 0s
[2023-01-27T04:58:53.587+0000] {subprocess.py:93} INFO -   8250K .......... .......... .......... .......... .......... 67% 11.7M 0s
[2023-01-27T04:58:53.590+0000] {subprocess.py:93} INFO -   8300K .......... .......... .......... .......... .......... 67% 15.7M 0s
[2023-01-27T04:58:53.594+0000] {subprocess.py:93} INFO -   8350K .......... .......... .......... .......... .......... 68% 13.3M 0s
[2023-01-27T04:58:53.600+0000] {subprocess.py:93} INFO -   8400K .......... .......... .......... .......... .......... 68% 7.49M 0s
[2023-01-27T04:58:53.603+0000] {subprocess.py:93} INFO -   8450K .......... .......... .......... .......... .......... 69% 17.2M 0s
[2023-01-27T04:58:53.608+0000] {subprocess.py:93} INFO -   8500K .......... .......... .......... .......... .......... 69% 9.26M 0s
[2023-01-27T04:58:53.611+0000] {subprocess.py:93} INFO -   8550K .......... .......... .......... .......... .......... 69% 16.6M 0s
[2023-01-27T04:58:53.613+0000] {subprocess.py:93} INFO -   8600K .......... .......... .......... .......... .......... 70% 29.6M 0s
[2023-01-27T04:58:53.619+0000] {subprocess.py:93} INFO -   8650K .......... .......... .......... .......... .......... 70% 7.89M 0s
[2023-01-27T04:58:53.621+0000] {subprocess.py:93} INFO -   8700K .......... .......... .......... .......... .......... 71% 26.5M 0s
[2023-01-27T04:58:53.630+0000] {subprocess.py:93} INFO -   8750K .......... .......... .......... .......... .......... 71% 8.70M 0s
[2023-01-27T04:58:53.632+0000] {subprocess.py:93} INFO -   8800K .......... .......... .......... .......... .......... 71% 9.75M 0s
[2023-01-27T04:58:53.634+0000] {subprocess.py:93} INFO -   8850K .......... .......... .......... .......... .......... 72% 22.8M 0s
[2023-01-27T04:58:53.634+0000] {subprocess.py:93} INFO -   8900K .......... .......... .......... .......... .......... 72%  298M 0s
[2023-01-27T04:58:53.636+0000] {subprocess.py:93} INFO -   8950K .......... .......... .......... .......... .......... 73% 29.7M 0s
[2023-01-27T04:58:53.640+0000] {subprocess.py:93} INFO -   9000K .......... .......... .......... .......... .......... 73% 12.5M 0s
[2023-01-27T04:58:53.640+0000] {subprocess.py:93} INFO -   9050K .......... .......... .......... .......... .......... 74%  146M 0s
[2023-01-27T04:58:53.641+0000] {subprocess.py:93} INFO -   9100K .......... .......... .......... .......... .......... 74% 42.8M 0s
[2023-01-27T04:58:53.642+0000] {subprocess.py:93} INFO -   9150K .......... .......... .......... .......... .......... 74% 43.0M 0s
[2023-01-27T04:58:53.646+0000] {subprocess.py:93} INFO -   9200K .......... .......... .......... .......... .......... 75% 11.8M 0s
[2023-01-27T04:58:53.650+0000] {subprocess.py:93} INFO -   9250K .......... .......... .......... .......... .......... 75% 13.5M 0s
[2023-01-27T04:58:53.654+0000] {subprocess.py:93} INFO -   9300K .......... .......... .......... .......... .......... 76% 12.2M 0s
[2023-01-27T04:58:53.656+0000] {subprocess.py:93} INFO -   9350K .......... .......... .......... .......... .......... 76% 23.7M 0s
[2023-01-27T04:58:53.658+0000] {subprocess.py:93} INFO -   9400K .......... .......... .......... .......... .......... 76% 29.0M 0s
[2023-01-27T04:58:53.661+0000] {subprocess.py:93} INFO -   9450K .......... .......... .......... .......... .......... 77% 17.2M 0s
[2023-01-27T04:58:53.664+0000] {subprocess.py:93} INFO -   9500K .......... .......... .......... .......... .......... 77% 12.7M 0s
[2023-01-27T04:58:53.666+0000] {subprocess.py:93} INFO -   9550K .......... .......... .......... .......... .......... 78% 27.5M 0s
[2023-01-27T04:58:53.669+0000] {subprocess.py:93} INFO -   9600K .......... .......... .......... .......... .......... 78% 17.9M 0s
[2023-01-27T04:58:53.671+0000] {subprocess.py:93} INFO -   9650K .......... .......... .......... .......... .......... 78% 18.8M 0s
[2023-01-27T04:58:53.674+0000] {subprocess.py:93} INFO -   9700K .......... .......... .......... .......... .......... 79% 17.2M 0s
[2023-01-27T04:58:53.677+0000] {subprocess.py:93} INFO -   9750K .......... .......... .......... .......... .......... 79% 16.1M 0s
[2023-01-27T04:58:53.678+0000] {subprocess.py:93} INFO -   9800K .......... .......... .......... .......... .......... 80%  324M 0s
[2023-01-27T04:58:53.680+0000] {subprocess.py:93} INFO -   9850K .......... .......... .......... .......... .......... 80% 19.1M 0s
[2023-01-27T04:58:53.685+0000] {subprocess.py:93} INFO -   9900K .......... .......... .......... .......... .......... 80% 9.64M 0s
[2023-01-27T04:58:53.685+0000] {subprocess.py:93} INFO -   9950K .......... .......... .......... .......... .......... 81%  233M 0s
[2023-01-27T04:58:53.686+0000] {subprocess.py:93} INFO -  10000K .......... .......... .......... .......... .......... 81%  306M 0s
[2023-01-27T04:58:53.687+0000] {subprocess.py:93} INFO -  10050K .......... .......... .......... .......... .......... 82% 42.5M 0s
[2023-01-27T04:58:53.693+0000] {subprocess.py:93} INFO -  10100K .......... .......... .......... .......... .......... 82% 7.99M 0s
[2023-01-27T04:58:53.695+0000] {subprocess.py:93} INFO -  10150K .......... .......... .......... .......... .......... 82% 22.4M 0s
[2023-01-27T04:58:53.701+0000] {subprocess.py:93} INFO -  10200K .......... .......... .......... .......... .......... 83% 7.71M 0s
[2023-01-27T04:58:53.703+0000] {subprocess.py:93} INFO -  10250K .......... .......... .......... .......... .......... 83% 25.4M 0s
[2023-01-27T04:58:53.710+0000] {subprocess.py:93} INFO -  10300K .......... .......... .......... .......... .......... 84% 7.14M 0s
[2023-01-27T04:58:53.710+0000] {subprocess.py:93} INFO -  10350K .......... .......... .......... .......... .......... 84%  112M 0s
[2023-01-27T04:58:53.717+0000] {subprocess.py:93} INFO -  10400K .......... .......... .......... .......... .......... 85% 6.98M 0s
[2023-01-27T04:58:53.725+0000] {subprocess.py:93} INFO -  10450K .......... .......... .......... .......... .......... 85% 6.37M 0s
[2023-01-27T04:58:53.733+0000] {subprocess.py:93} INFO -  10500K .......... .......... .......... .......... .......... 85% 6.05M 0s
[2023-01-27T04:58:53.733+0000] {subprocess.py:93} INFO -  10550K .......... .......... .......... .......... .......... 86%  420M 0s
[2023-01-27T04:58:53.734+0000] {subprocess.py:93} INFO -  10600K .......... .......... .......... .......... .......... 86%  399M 0s
[2023-01-27T04:58:53.736+0000] {subprocess.py:93} INFO -  10650K .......... .......... .......... .......... .......... 87% 18.8M 0s
[2023-01-27T04:58:53.736+0000] {subprocess.py:93} INFO -  10700K .......... .......... .......... .......... .......... 87%  377M 0s
[2023-01-27T04:58:53.738+0000] {subprocess.py:93} INFO -  10750K .......... .......... .......... .......... .......... 87% 26.4M 0s
[2023-01-27T04:58:53.738+0000] {subprocess.py:93} INFO -  10800K .......... .......... .......... .......... .......... 88%  398M 0s
[2023-01-27T04:58:53.742+0000] {subprocess.py:93} INFO -  10850K .......... .......... .......... .......... .......... 88% 12.1M 0s
[2023-01-27T04:58:53.742+0000] {subprocess.py:93} INFO -  10900K .......... .......... .......... .......... .......... 89%  294M 0s
[2023-01-27T04:58:53.747+0000] {subprocess.py:93} INFO -  10950K .......... .......... .......... .......... .......... 89% 11.6M 0s
[2023-01-27T04:58:53.747+0000] {subprocess.py:93} INFO -  11000K .......... .......... .......... .......... .......... 89%  281M 0s
[2023-01-27T04:58:53.757+0000] {subprocess.py:93} INFO -  11050K .......... .......... .......... .......... .......... 90% 4.86M 0s
[2023-01-27T04:58:53.760+0000] {subprocess.py:93} INFO -  11100K .......... .......... .......... .......... .......... 90% 15.0M 0s
[2023-01-27T04:58:53.763+0000] {subprocess.py:93} INFO -  11150K .......... .......... .......... .......... .......... 91% 15.3M 0s
[2023-01-27T04:58:53.765+0000] {subprocess.py:93} INFO -  11200K .......... .......... .......... .......... .......... 91% 31.3M 0s
[2023-01-27T04:58:53.767+0000] {subprocess.py:93} INFO -  11250K .......... .......... .......... .......... .......... 91% 20.1M 0s
[2023-01-27T04:58:53.771+0000] {subprocess.py:93} INFO -  11300K .......... .......... .......... .......... .......... 92% 11.7M 0s
[2023-01-27T04:58:53.780+0000] {subprocess.py:93} INFO -  11350K .......... .......... .......... .......... .......... 92% 5.82M 0s
[2023-01-27T04:58:53.782+0000] {subprocess.py:93} INFO -  11400K .......... .......... .......... .......... .......... 93% 18.5M 0s
[2023-01-27T04:58:53.784+0000] {subprocess.py:93} INFO -  11450K .......... .......... .......... .......... .......... 93% 26.7M 0s
[2023-01-27T04:58:53.791+0000] {subprocess.py:93} INFO -  11500K .......... .......... .......... .......... .......... 93% 7.20M 0s
[2023-01-27T04:58:53.793+0000] {subprocess.py:93} INFO -  11550K .......... .......... .......... .......... .......... 94% 30.1M 0s
[2023-01-27T04:58:53.796+0000] {subprocess.py:93} INFO -  11600K .......... .......... .......... .......... .......... 94% 12.7M 0s
[2023-01-27T04:58:53.802+0000] {subprocess.py:93} INFO -  11650K .......... .......... .......... .......... .......... 95% 9.57M 0s
[2023-01-27T04:58:53.804+0000] {subprocess.py:93} INFO -  11700K .......... .......... .......... .......... .......... 95% 22.2M 0s
[2023-01-27T04:58:53.808+0000] {subprocess.py:93} INFO -  11750K .......... .......... .......... .......... .......... 95% 12.2M 0s
[2023-01-27T04:58:53.810+0000] {subprocess.py:93} INFO -  11800K .......... .......... .......... .......... .......... 96% 24.5M 0s
[2023-01-27T04:58:53.821+0000] {subprocess.py:93} INFO -  11850K .......... .......... .......... .......... .......... 96% 4.53M 0s
[2023-01-27T04:58:53.821+0000] {subprocess.py:93} INFO -  11900K .......... .......... .......... .......... .......... 97%  323M 0s
[2023-01-27T04:58:53.828+0000] {subprocess.py:93} INFO -  11950K .......... .......... .......... .......... .......... 97% 7.02M 0s
[2023-01-27T04:58:53.828+0000] {subprocess.py:93} INFO -  12000K .......... .......... .......... .......... .......... 98%  209M 0s
[2023-01-27T04:58:53.830+0000] {subprocess.py:93} INFO -  12050K .......... .......... .......... .......... .......... 98% 29.4M 0s
[2023-01-27T04:58:53.835+0000] {subprocess.py:93} INFO -  12100K .......... .......... .......... .......... .......... 98% 9.34M 0s
[2023-01-27T04:58:53.835+0000] {subprocess.py:93} INFO -  12150K .......... .......... .......... .......... .......... 99%  484M 0s
[2023-01-27T04:58:53.837+0000] {subprocess.py:93} INFO -  12200K .......... .......... .......... .......... .......... 99% 21.1M 0s
[2023-01-27T04:58:53.837+0000] {subprocess.py:93} INFO -  12250K .......... .......... .......... .......... ...       100%  510M=1.2s
[2023-01-27T04:58:53.838+0000] {subprocess.py:93} INFO - 
[2023-01-27T04:58:53.838+0000] {subprocess.py:93} INFO - 2023-01-27 04:58:53 (10.1 MB/s) - ‘/opt/***/fhv_tripdata_2020-11.csv.gz’ saved [12588587/12588587]
[2023-01-27T04:58:53.838+0000] {subprocess.py:93} INFO - 
[2023-01-27T04:58:53.838+0000] {subprocess.py:97} INFO - Command exited with return code 0
[2023-01-27T04:58:53.866+0000] {taskinstance.py:1323} INFO - Marking task as SUCCESS. dag_id=fhv_taxi_data_dag_v1, task_id=download_ytd_dataset_from_web, execution_date=20201101T000000, start_date=20230127T045851, end_date=20230127T045853
[2023-01-27T04:58:53.962+0000] {local_task_job.py:208} INFO - Task exited with return code 0
[2023-01-27T04:58:54.003+0000] {taskinstance.py:2578} INFO - 1 downstream tasks scheduled from follow-on schedule check
