[2023-01-27T04:58:31.894+0000] {taskinstance.py:1083} INFO - Dependencies all met for <TaskInstance: fhv_taxi_data_dag_v1.download_ytd_dataset_from_web scheduled__2020-06-01T00:00:00+00:00 [queued]>
[2023-01-27T04:58:31.905+0000] {taskinstance.py:1083} INFO - Dependencies all met for <TaskInstance: fhv_taxi_data_dag_v1.download_ytd_dataset_from_web scheduled__2020-06-01T00:00:00+00:00 [queued]>
[2023-01-27T04:58:31.905+0000] {taskinstance.py:1279} INFO - 
--------------------------------------------------------------------------------
[2023-01-27T04:58:31.905+0000] {taskinstance.py:1280} INFO - Starting attempt 1 of 1
[2023-01-27T04:58:31.906+0000] {taskinstance.py:1281} INFO - 
--------------------------------------------------------------------------------
[2023-01-27T04:58:31.921+0000] {taskinstance.py:1300} INFO - Executing <Task(BashOperator): download_ytd_dataset_from_web> on 2020-06-01 00:00:00+00:00
[2023-01-27T04:58:31.928+0000] {standard_task_runner.py:55} INFO - Started process 7304 to run task
[2023-01-27T04:58:31.931+0000] {standard_task_runner.py:82} INFO - Running: ['***', 'tasks', 'run', 'fhv_taxi_data_dag_v1', 'download_ytd_dataset_from_web', 'scheduled__2020-06-01T00:00:00+00:00', '--job-id', '5754', '--raw', '--subdir', 'DAGS_FOLDER/data_ingestion_gcs_dag_v1_fhv.py', '--cfg-path', '/tmp/tmp8ajzy6z9']
[2023-01-27T04:58:31.933+0000] {standard_task_runner.py:83} INFO - Job 5754: Subtask download_ytd_dataset_from_web
[2023-01-27T04:58:32.011+0000] {task_command.py:388} INFO - Running <TaskInstance: fhv_taxi_data_dag_v1.download_ytd_dataset_from_web scheduled__2020-06-01T00:00:00+00:00 [running]> on host 8bc22b99c76b
[2023-01-27T04:58:32.128+0000] {taskinstance.py:1509} INFO - Exporting the following env vars:
AIRFLOW_CTX_DAG_OWNER=***
AIRFLOW_CTX_DAG_ID=fhv_taxi_data_dag_v1
AIRFLOW_CTX_TASK_ID=download_ytd_dataset_from_web
AIRFLOW_CTX_EXECUTION_DATE=2020-06-01T00:00:00+00:00
AIRFLOW_CTX_TRY_NUMBER=1
AIRFLOW_CTX_DAG_RUN_ID=scheduled__2020-06-01T00:00:00+00:00
[2023-01-27T04:58:32.130+0000] {subprocess.py:63} INFO - Tmp dir root location: 
 /tmp
[2023-01-27T04:58:32.130+0000] {subprocess.py:75} INFO - Running command: ['/bin/bash', '-c', 'wget https://github.com/DataTalksClub/nyc-tlc-data/releases/download/fhv/fhv_tripdata_2020-06.csv.gz -O /opt/***/fhv_tripdata_2020-06.csv.gz']
[2023-01-27T04:58:32.144+0000] {subprocess.py:86} INFO - Output:
[2023-01-27T04:58:32.148+0000] {subprocess.py:93} INFO - --2023-01-27 04:58:32--  https://github.com/DataTalksClub/nyc-tlc-data/releases/download/fhv/fhv_tripdata_2020-06.csv.gz
[2023-01-27T04:58:32.165+0000] {subprocess.py:93} INFO - Resolving github.com (github.com)... 140.82.121.3
[2023-01-27T04:58:32.205+0000] {subprocess.py:93} INFO - Connecting to github.com (github.com)|140.82.121.3|:443... connected.
[2023-01-27T04:58:32.572+0000] {subprocess.py:93} INFO - HTTP request sent, awaiting response... 302 Found
[2023-01-27T04:58:32.572+0000] {subprocess.py:93} INFO - Location: https://objects.githubusercontent.com/github-production-release-asset-2e65be/513814948/34009fd6-3fce-4818-baa2-72ee5f2cddb1?X-Amz-Algorithm=AWS4-HMAC-SHA256&X-Amz-Credential=AKIAIWNJYAX4CSVEH53A%2F20230127%2Fus-east-1%2Fs3%2Faws4_request&X-Amz-Date=20230127T045704Z&X-Amz-Expires=300&X-Amz-Signature=c2fa89ace936ab973fa5c15c4134d93e490f3aafcbc9b3ca49d3d8bd4bdfc917&X-Amz-SignedHeaders=host&actor_id=0&key_id=0&repo_id=513814948&response-content-disposition=attachment%3B%20filename%3Dfhv_tripdata_2020-06.csv.gz&response-content-type=application%2Foctet-stream [following]
[2023-01-27T04:58:32.572+0000] {subprocess.py:93} INFO - --2023-01-27 04:58:32--  https://objects.githubusercontent.com/github-production-release-asset-2e65be/513814948/34009fd6-3fce-4818-baa2-72ee5f2cddb1?X-Amz-Algorithm=AWS4-HMAC-SHA256&X-Amz-Credential=AKIAIWNJYAX4CSVEH53A%2F20230127%2Fus-east-1%2Fs3%2Faws4_request&X-Amz-Date=20230127T045704Z&X-Amz-Expires=300&X-Amz-Signature=c2fa89ace936ab973fa5c15c4134d93e490f3aafcbc9b3ca49d3d8bd4bdfc917&X-Amz-SignedHeaders=host&actor_id=0&key_id=0&repo_id=513814948&response-content-disposition=attachment%3B%20filename%3Dfhv_tripdata_2020-06.csv.gz&response-content-type=application%2Foctet-stream
[2023-01-27T04:58:32.576+0000] {subprocess.py:93} INFO - Resolving objects.githubusercontent.com (objects.githubusercontent.com)... 185.199.108.133, 185.199.110.133, 185.199.111.133, ...
[2023-01-27T04:58:32.600+0000] {subprocess.py:93} INFO - Connecting to objects.githubusercontent.com (objects.githubusercontent.com)|185.199.108.133|:443... connected.
[2023-01-27T04:58:33.062+0000] {subprocess.py:93} INFO - HTTP request sent, awaiting response... 200 OK
[2023-01-27T04:58:33.062+0000] {subprocess.py:93} INFO - Length: 10801791 (10M) [application/octet-stream]
[2023-01-27T04:58:33.062+0000] {subprocess.py:93} INFO - Saving to: ‘/opt/***/fhv_tripdata_2020-06.csv.gz’
[2023-01-27T04:58:33.063+0000] {subprocess.py:93} INFO - 
[2023-01-27T04:58:33.234+0000] {subprocess.py:93} INFO -      0K .......... .......... .......... .......... ..........  0%  291K 36s
[2023-01-27T04:58:33.318+0000] {subprocess.py:93} INFO -     50K .......... .......... .......... .......... ..........  0%  598K 27s
[2023-01-27T04:58:33.323+0000] {subprocess.py:93} INFO -    100K .......... .......... .......... .......... ..........  1% 8.98M 18s
[2023-01-27T04:58:33.405+0000] {subprocess.py:93} INFO -    150K .......... .......... .......... .......... ..........  1%  612K 18s
[2023-01-27T04:58:33.408+0000] {subprocess.py:93} INFO -    200K .......... .......... .......... .......... ..........  2% 13.3M 14s
[2023-01-27T04:58:33.497+0000] {subprocess.py:93} INFO -    250K .......... .......... .......... .......... ..........  2%  564K 15s
[2023-01-27T04:58:33.500+0000] {subprocess.py:93} INFO -    300K .......... .......... .......... .......... ..........  3% 14.8M 13s
[2023-01-27T04:58:33.581+0000] {subprocess.py:93} INFO -    350K .......... .......... .......... .......... ..........  3%  618K 13s
[2023-01-27T04:58:33.583+0000] {subprocess.py:93} INFO -    400K .......... .......... .......... .......... ..........  4% 24.4M 12s
[2023-01-27T04:58:33.586+0000] {subprocess.py:93} INFO -    450K .......... .......... .......... .......... ..........  4% 18.6M 11s
[2023-01-27T04:58:33.588+0000] {subprocess.py:93} INFO -    500K .......... .......... .......... .......... ..........  5% 26.0M 10s
[2023-01-27T04:58:33.666+0000] {subprocess.py:93} INFO -    550K .......... .......... .......... .......... ..........  5%  635K 10s
[2023-01-27T04:58:33.667+0000] {subprocess.py:93} INFO -    600K .......... .......... .......... .......... ..........  6% 52.3M 9s
[2023-01-27T04:58:33.670+0000] {subprocess.py:93} INFO -    650K .......... .......... .......... .......... ..........  6% 20.2M 9s
[2023-01-27T04:58:33.672+0000] {subprocess.py:93} INFO -    700K .......... .......... .......... .......... ..........  7% 20.9M 8s
[2023-01-27T04:58:33.750+0000] {subprocess.py:93} INFO -    750K .......... .......... .......... .......... ..........  7%  639K 8s
[2023-01-27T04:58:33.753+0000] {subprocess.py:93} INFO -    800K .......... .......... .......... .......... ..........  8% 19.1M 8s
[2023-01-27T04:58:33.755+0000] {subprocess.py:93} INFO -    850K .......... .......... .......... .......... ..........  8% 24.9M 7s
[2023-01-27T04:58:33.758+0000] {subprocess.py:93} INFO -    900K .......... .......... .......... .......... ..........  9% 16.0M 7s
[2023-01-27T04:58:33.758+0000] {subprocess.py:93} INFO -    950K .......... .......... .......... .......... ..........  9%  219M 7s
[2023-01-27T04:58:33.760+0000] {subprocess.py:93} INFO -   1000K .......... .......... .......... .......... ..........  9% 33.5M 6s
[2023-01-27T04:58:33.760+0000] {subprocess.py:93} INFO -   1050K .......... .......... .......... .......... .......... 10% 62.2M 6s
[2023-01-27T04:58:33.839+0000] {subprocess.py:93} INFO -   1100K .......... .......... .......... .......... .......... 10%  638K 6s
[2023-01-27T04:58:33.841+0000] {subprocess.py:93} INFO -   1150K .......... .......... .......... .......... .......... 11% 18.7M 6s
[2023-01-27T04:58:33.843+0000] {subprocess.py:93} INFO -   1200K .......... .......... .......... .......... .......... 11% 26.4M 6s
[2023-01-27T04:58:33.844+0000] {subprocess.py:93} INFO -   1250K .......... .......... .......... .......... .......... 12% 48.5M 6s
[2023-01-27T04:58:33.847+0000] {subprocess.py:93} INFO -   1300K .......... .......... .......... .......... .......... 12% 19.4M 5s
[2023-01-27T04:58:33.847+0000] {subprocess.py:93} INFO -   1350K .......... .......... .......... .......... .......... 13%  240M 5s
[2023-01-27T04:58:33.849+0000] {subprocess.py:93} INFO -   1400K .......... .......... .......... .......... .......... 13% 18.8M 5s
[2023-01-27T04:58:33.851+0000] {subprocess.py:93} INFO -   1450K .......... .......... .......... .......... .......... 14% 29.5M 5s
[2023-01-27T04:58:33.851+0000] {subprocess.py:93} INFO -   1500K .......... .......... .......... .......... .......... 14%  276M 5s
[2023-01-27T04:58:33.923+0000] {subprocess.py:93} INFO -   1550K .......... .......... .......... .......... .......... 15%  699K 5s
[2023-01-27T04:58:33.925+0000] {subprocess.py:93} INFO -   1600K .......... .......... .......... .......... .......... 15% 28.9M 5s
[2023-01-27T04:58:33.926+0000] {subprocess.py:93} INFO -   1650K .......... .......... .......... .......... .......... 16% 27.9M 4s
[2023-01-27T04:58:33.930+0000] {subprocess.py:93} INFO -   1700K .......... .......... .......... .......... .......... 16% 13.0M 4s
[2023-01-27T04:58:33.930+0000] {subprocess.py:93} INFO -   1750K .......... .......... .......... .......... .......... 17%  267M 4s
[2023-01-27T04:58:33.934+0000] {subprocess.py:93} INFO -   1800K .......... .......... .......... .......... .......... 17% 14.4M 4s
[2023-01-27T04:58:33.934+0000] {subprocess.py:93} INFO -   1850K .......... .......... .......... .......... .......... 18%  310M 4s
[2023-01-27T04:58:33.936+0000] {subprocess.py:93} INFO -   1900K .......... .......... .......... .......... .......... 18% 27.1M 4s
[2023-01-27T04:58:33.936+0000] {subprocess.py:93} INFO -   1950K .......... .......... .......... .......... .......... 18%  247M 4s
[2023-01-27T04:58:33.938+0000] {subprocess.py:93} INFO -   2000K .......... .......... .......... .......... .......... 19% 24.4M 4s
[2023-01-27T04:58:33.940+0000] {subprocess.py:93} INFO -   2050K .......... .......... .......... .......... .......... 19% 26.3M 4s
[2023-01-27T04:58:34.005+0000] {subprocess.py:93} INFO -   2100K .......... .......... .......... .......... .......... 20%  767K 4s
[2023-01-27T04:58:34.007+0000] {subprocess.py:93} INFO -   2150K .......... .......... .......... .......... .......... 20% 20.1M 4s
[2023-01-27T04:58:34.008+0000] {subprocess.py:93} INFO -   2200K .......... .......... .......... .......... .......... 21% 48.2M 3s
[2023-01-27T04:58:34.011+0000] {subprocess.py:93} INFO -   2250K .......... .......... .......... .......... .......... 21% 23.0M 3s
[2023-01-27T04:58:34.012+0000] {subprocess.py:93} INFO -   2300K .......... .......... .......... .......... .......... 22% 26.9M 3s
[2023-01-27T04:58:34.015+0000] {subprocess.py:93} INFO -   2350K .......... .......... .......... .......... .......... 22% 20.2M 3s
[2023-01-27T04:58:34.016+0000] {subprocess.py:93} INFO -   2400K .......... .......... .......... .......... .......... 23% 27.0M 3s
[2023-01-27T04:58:34.017+0000] {subprocess.py:93} INFO -   2450K .......... .......... .......... .......... .......... 23%  416M 3s
[2023-01-27T04:58:34.018+0000] {subprocess.py:93} INFO -   2500K .......... .......... .......... .......... .......... 24% 29.2M 3s
[2023-01-27T04:58:34.020+0000] {subprocess.py:93} INFO -   2550K .......... .......... .......... .......... .......... 24% 22.4M 3s
[2023-01-27T04:58:34.022+0000] {subprocess.py:93} INFO -   2600K .......... .......... .......... .......... .......... 25% 42.9M 3s
[2023-01-27T04:58:34.028+0000] {subprocess.py:93} INFO -   2650K .......... .......... .......... .......... .......... 25% 7.45M 3s
[2023-01-27T04:58:34.028+0000] {subprocess.py:93} INFO -   2700K .......... .......... .......... .......... .......... 26%  235M 3s
[2023-01-27T04:58:34.029+0000] {subprocess.py:93} INFO -   2750K .......... .......... .......... .......... .......... 26%  239M 3s
[2023-01-27T04:58:34.030+0000] {subprocess.py:93} INFO -   2800K .......... .......... .......... .......... .......... 27% 38.5M 3s
[2023-01-27T04:58:34.030+0000] {subprocess.py:93} INFO -   2850K .......... .......... .......... .......... .......... 27%  247M 3s
[2023-01-27T04:58:34.092+0000] {subprocess.py:93} INFO -   2900K .......... .......... .......... .......... .......... 27%  809K 3s
[2023-01-27T04:58:34.094+0000] {subprocess.py:93} INFO -   2950K .......... .......... .......... .......... .......... 28% 24.5M 3s
[2023-01-27T04:58:34.096+0000] {subprocess.py:93} INFO -   3000K .......... .......... .......... .......... .......... 28% 21.7M 3s
[2023-01-27T04:58:34.096+0000] {subprocess.py:93} INFO -   3050K .......... .......... .......... .......... .......... 29%  246M 2s
[2023-01-27T04:58:34.097+0000] {subprocess.py:93} INFO -   3100K .......... .......... .......... .......... .......... 29% 45.3M 2s
[2023-01-27T04:58:34.101+0000] {subprocess.py:93} INFO -   3150K .......... .......... .......... .......... .......... 30% 15.3M 2s
[2023-01-27T04:58:34.103+0000] {subprocess.py:93} INFO -   3200K .......... .......... .......... .......... .......... 30% 16.6M 2s
[2023-01-27T04:58:34.104+0000] {subprocess.py:93} INFO -   3250K .......... .......... .......... .......... .......... 31%  276M 2s
[2023-01-27T04:58:34.106+0000] {subprocess.py:93} INFO -   3300K .......... .......... .......... .......... .......... 31% 23.9M 2s
[2023-01-27T04:58:34.106+0000] {subprocess.py:93} INFO -   3350K .......... .......... .......... .......... .......... 32%  247M 2s
[2023-01-27T04:58:34.109+0000] {subprocess.py:93} INFO -   3400K .......... .......... .......... .......... .......... 32% 17.1M 2s
[2023-01-27T04:58:34.110+0000] {subprocess.py:93} INFO -   3450K .......... .......... .......... .......... .......... 33% 90.8M 2s
[2023-01-27T04:58:34.110+0000] {subprocess.py:93} INFO -   3500K .......... .......... .......... .......... .......... 33% 48.6M 2s
[2023-01-27T04:58:34.118+0000] {subprocess.py:93} INFO -   3550K .......... .......... .......... .......... .......... 34% 6.18M 2s
[2023-01-27T04:58:34.118+0000] {subprocess.py:93} INFO -   3600K .......... .......... .......... .......... .......... 34%  404M 2s
[2023-01-27T04:58:34.119+0000] {subprocess.py:93} INFO -   3650K .......... .......... .......... .......... .......... 35%  410M 2s
[2023-01-27T04:58:34.121+0000] {subprocess.py:93} INFO -   3700K .......... .......... .......... .......... .......... 35% 22.1M 2s
[2023-01-27T04:58:34.121+0000] {subprocess.py:93} INFO -   3750K .......... .......... .......... .......... .......... 36%  306M 2s
[2023-01-27T04:58:34.121+0000] {subprocess.py:93} INFO -   3800K .......... .......... .......... .......... .......... 36%  450M 2s
[2023-01-27T04:58:34.122+0000] {subprocess.py:93} INFO -   3850K .......... .......... .......... .......... .......... 36% 34.2M 2s
[2023-01-27T04:58:34.122+0000] {subprocess.py:93} INFO -   3900K .......... .......... .......... .......... .......... 37%  299M 2s
[2023-01-27T04:58:34.180+0000] {subprocess.py:93} INFO -   3950K .......... .......... .......... .......... .......... 37%  863K 2s
[2023-01-27T04:58:34.182+0000] {subprocess.py:93} INFO -   4000K .......... .......... .......... .......... .......... 38% 24.4M 2s
[2023-01-27T04:58:34.272+0000] {subprocess.py:93} INFO -   4050K .......... .......... .......... .......... .......... 38%  561K 2s
[2023-01-27T04:58:34.273+0000] {subprocess.py:93} INFO -   4100K .......... .......... .......... .......... .......... 39% 34.5M 2s
[2023-01-27T04:58:34.275+0000] {subprocess.py:93} INFO -   4150K .......... .......... .......... .......... .......... 39% 23.8M 2s
[2023-01-27T04:58:34.277+0000] {subprocess.py:93} INFO -   4200K .......... .......... .......... .......... .......... 40% 29.3M 2s
[2023-01-27T04:58:34.278+0000] {subprocess.py:93} INFO -   4250K .......... .......... .......... .......... .......... 40% 46.5M 2s
[2023-01-27T04:58:34.280+0000] {subprocess.py:93} INFO -   4300K .......... .......... .......... .......... .......... 41% 21.3M 2s
[2023-01-27T04:58:34.281+0000] {subprocess.py:93} INFO -   4350K .......... .......... .......... .......... .......... 41% 41.6M 2s
[2023-01-27T04:58:34.283+0000] {subprocess.py:93} INFO -   4400K .......... .......... .......... .......... .......... 42% 25.0M 2s
[2023-01-27T04:58:34.284+0000] {subprocess.py:93} INFO -   4450K .......... .......... .......... .......... .......... 42% 46.2M 2s
[2023-01-27T04:58:34.286+0000] {subprocess.py:93} INFO -   4500K .......... .......... .......... .......... .......... 43% 24.4M 2s
[2023-01-27T04:58:34.288+0000] {subprocess.py:93} INFO -   4550K .......... .......... .......... .......... .......... 43% 28.3M 2s
[2023-01-27T04:58:34.289+0000] {subprocess.py:93} INFO -   4600K .......... .......... .......... .......... .......... 44% 31.9M 2s
[2023-01-27T04:58:34.290+0000] {subprocess.py:93} INFO -   4650K .......... .......... .......... .......... .......... 44% 45.4M 2s
[2023-01-27T04:58:34.295+0000] {subprocess.py:93} INFO -   4700K .......... .......... .......... .......... .......... 45% 11.9M 2s
[2023-01-27T04:58:34.295+0000] {subprocess.py:93} INFO -   4750K .......... .......... .......... .......... .......... 45%  293M 1s
[2023-01-27T04:58:34.296+0000] {subprocess.py:93} INFO -   4800K .......... .......... .......... .......... .......... 45% 33.0M 1s
[2023-01-27T04:58:34.298+0000] {subprocess.py:93} INFO -   4850K .......... .......... .......... .......... .......... 46% 22.3M 1s
[2023-01-27T04:58:34.299+0000] {subprocess.py:93} INFO -   4900K .......... .......... .......... .......... .......... 46%  275M 1s
[2023-01-27T04:58:34.300+0000] {subprocess.py:93} INFO -   4950K .......... .......... .......... .......... .......... 47% 37.1M 1s
[2023-01-27T04:58:34.302+0000] {subprocess.py:93} INFO -   5000K .......... .......... .......... .......... .......... 47% 23.2M 1s
[2023-01-27T04:58:34.306+0000] {subprocess.py:93} INFO -   5050K .......... .......... .......... .......... .......... 48% 14.1M 1s
[2023-01-27T04:58:34.306+0000] {subprocess.py:93} INFO -   5100K .......... .......... .......... .......... .......... 48%  304M 1s
[2023-01-27T04:58:34.307+0000] {subprocess.py:93} INFO -   5150K .......... .......... .......... .......... .......... 49%  116M 1s
[2023-01-27T04:58:34.308+0000] {subprocess.py:93} INFO -   5200K .......... .......... .......... .......... .......... 49% 33.7M 1s
[2023-01-27T04:58:34.310+0000] {subprocess.py:93} INFO -   5250K .......... .......... .......... .......... .......... 50% 20.9M 1s
[2023-01-27T04:58:34.313+0000] {subprocess.py:93} INFO -   5300K .......... .......... .......... .......... .......... 50% 17.2M 1s
[2023-01-27T04:58:34.313+0000] {subprocess.py:93} INFO -   5350K .......... .......... .......... .......... .......... 51%  239M 1s
[2023-01-27T04:58:34.314+0000] {subprocess.py:93} INFO -   5400K .......... .......... .......... .......... .......... 51% 35.1M 1s
[2023-01-27T04:58:34.315+0000] {subprocess.py:93} INFO -   5450K .......... .......... .......... .......... .......... 52% 41.2M 1s
[2023-01-27T04:58:34.316+0000] {subprocess.py:93} INFO -   5500K .......... .......... .......... .......... .......... 52%  278M 1s
[2023-01-27T04:58:34.358+0000] {subprocess.py:93} INFO -   5550K .......... .......... .......... .......... .......... 53% 1.20M 1s
[2023-01-27T04:58:34.360+0000] {subprocess.py:93} INFO -   5600K .......... .......... .......... .......... .......... 53% 14.2M 1s
[2023-01-27T04:58:34.362+0000] {subprocess.py:93} INFO -   5650K .......... .......... .......... .......... .......... 54% 28.8M 1s
[2023-01-27T04:58:34.363+0000] {subprocess.py:93} INFO -   5700K .......... .......... .......... .......... .......... 54% 45.2M 1s
[2023-01-27T04:58:34.368+0000] {subprocess.py:93} INFO -   5750K .......... .......... .......... .......... .......... 54% 9.71M 1s
[2023-01-27T04:58:34.368+0000] {subprocess.py:93} INFO -   5800K .......... .......... .......... .......... .......... 55%  272M 1s
[2023-01-27T04:58:34.374+0000] {subprocess.py:93} INFO -   5850K .......... .......... .......... .......... .......... 55% 7.81M 1s
[2023-01-27T04:58:34.374+0000] {subprocess.py:93} INFO -   5900K .......... .......... .......... .......... .......... 56%  281M 1s
[2023-01-27T04:58:34.375+0000] {subprocess.py:93} INFO -   5950K .......... .......... .......... .......... .......... 56%  298M 1s
[2023-01-27T04:58:34.375+0000] {subprocess.py:93} INFO -   6000K .......... .......... .......... .......... .......... 57%  248M 1s
[2023-01-27T04:58:34.377+0000] {subprocess.py:93} INFO -   6050K .......... .......... .......... .......... .......... 57% 23.6M 1s
[2023-01-27T04:58:34.377+0000] {subprocess.py:93} INFO -   6100K .......... .......... .......... .......... .......... 58%  308M 1s
[2023-01-27T04:58:34.380+0000] {subprocess.py:93} INFO -   6150K .......... .......... .......... .......... .......... 58% 14.6M 1s
[2023-01-27T04:58:34.381+0000] {subprocess.py:93} INFO -   6200K .......... .......... .......... .......... .......... 59%  217M 1s
[2023-01-27T04:58:34.381+0000] {subprocess.py:93} INFO -   6250K .......... .......... .......... .......... .......... 59%  307M 1s
[2023-01-27T04:58:34.384+0000] {subprocess.py:93} INFO -   6300K .......... .......... .......... .......... .......... 60% 16.4M 1s
[2023-01-27T04:58:34.384+0000] {subprocess.py:93} INFO -   6350K .......... .......... .......... .......... .......... 60%  295M 1s
[2023-01-27T04:58:34.385+0000] {subprocess.py:93} INFO -   6400K .......... .......... .......... .......... .......... 61% 29.8M 1s
[2023-01-27T04:58:34.390+0000] {subprocess.py:93} INFO -   6450K .......... .......... .......... .......... .......... 61% 9.86M 1s
[2023-01-27T04:58:34.391+0000] {subprocess.py:93} INFO -   6500K .......... .......... .......... .......... .......... 62%  239M 1s
[2023-01-27T04:58:34.391+0000] {subprocess.py:93} INFO -   6550K .......... .......... .......... .......... .......... 62%  308M 1s
[2023-01-27T04:58:34.392+0000] {subprocess.py:93} INFO -   6600K .......... .......... .......... .......... .......... 63% 31.1M 1s
[2023-01-27T04:58:34.392+0000] {subprocess.py:93} INFO -   6650K .......... .......... .......... .......... .......... 63%  300M 1s
[2023-01-27T04:58:34.394+0000] {subprocess.py:93} INFO -   6700K .......... .......... .......... .......... .......... 63% 33.3M 1s
[2023-01-27T04:58:34.396+0000] {subprocess.py:93} INFO -   6750K .......... .......... .......... .......... .......... 64%  291M 1s
[2023-01-27T04:58:34.397+0000] {subprocess.py:93} INFO -   6800K .......... .......... .......... .......... .......... 64% 20.5M 1s
[2023-01-27T04:58:34.398+0000] {subprocess.py:93} INFO -   6850K .......... .......... .......... .......... .......... 65% 42.7M 1s
[2023-01-27T04:58:34.404+0000] {subprocess.py:93} INFO -   6900K .......... .......... .......... .......... .......... 65% 7.73M 1s
[2023-01-27T04:58:34.404+0000] {subprocess.py:93} INFO -   6950K .......... .......... .......... .......... .......... 66%  313M 1s
[2023-01-27T04:58:34.404+0000] {subprocess.py:93} INFO -   7000K .......... .......... .......... .......... .......... 66%  285M 1s
[2023-01-27T04:58:34.406+0000] {subprocess.py:93} INFO -   7050K .......... .......... .......... .......... .......... 67% 27.0M 1s
[2023-01-27T04:58:34.406+0000] {subprocess.py:93} INFO -   7100K .......... .......... .......... .......... .......... 67%  310M 1s
[2023-01-27T04:58:34.412+0000] {subprocess.py:93} INFO -   7150K .......... .......... .......... .......... .......... 68% 8.02M 1s
[2023-01-27T04:58:34.413+0000] {subprocess.py:93} INFO -   7200K .......... .......... .......... .......... .......... 68%  319M 1s
[2023-01-27T04:58:34.413+0000] {subprocess.py:93} INFO -   7250K .......... .......... .......... .......... .......... 69%  173M 1s
[2023-01-27T04:58:34.415+0000] {subprocess.py:93} INFO -   7300K .......... .......... .......... .......... .......... 69% 26.5M 1s
[2023-01-27T04:58:34.415+0000] {subprocess.py:93} INFO -   7350K .......... .......... .......... .......... .......... 70%  442M 1s
[2023-01-27T04:58:34.415+0000] {subprocess.py:93} INFO -   7400K .......... .......... .......... .......... .......... 70%  105M 1s
[2023-01-27T04:58:34.443+0000] {subprocess.py:93} INFO -   7450K .......... .......... .......... .......... .......... 71% 1.78M 1s
[2023-01-27T04:58:34.445+0000] {subprocess.py:93} INFO -   7500K .......... .......... .......... .......... .......... 71% 20.3M 1s
[2023-01-27T04:58:34.449+0000] {subprocess.py:93} INFO -   7550K .......... .......... .......... .......... .......... 72% 13.8M 1s
[2023-01-27T04:58:34.449+0000] {subprocess.py:93} INFO -   7600K .......... .......... .......... .......... .......... 72%  270M 1s
[2023-01-27T04:58:34.451+0000] {subprocess.py:93} INFO -   7650K .......... .......... .......... .......... .......... 72% 18.7M 1s
[2023-01-27T04:58:34.453+0000] {subprocess.py:93} INFO -   7700K .......... .......... .......... .......... .......... 73% 34.3M 1s
[2023-01-27T04:58:34.453+0000] {subprocess.py:93} INFO -   7750K .......... .......... .......... .......... .......... 73%  388M 0s
[2023-01-27T04:58:34.458+0000] {subprocess.py:93} INFO -   7800K .......... .......... .......... .......... .......... 74% 9.68M 0s
[2023-01-27T04:58:34.458+0000] {subprocess.py:93} INFO -   7850K .......... .......... .......... .......... .......... 74%  413M 0s
[2023-01-27T04:58:34.460+0000] {subprocess.py:93} INFO -   7900K .......... .......... .......... .......... .......... 75% 30.0M 0s
[2023-01-27T04:58:34.460+0000] {subprocess.py:93} INFO -   7950K .......... .......... .......... .......... .......... 75%  357M 0s
[2023-01-27T04:58:34.463+0000] {subprocess.py:93} INFO -   8000K .......... .......... .......... .......... .......... 76% 16.2M 0s
[2023-01-27T04:58:34.463+0000] {subprocess.py:93} INFO -   8050K .......... .......... .......... .......... .......... 76%  433M 0s
[2023-01-27T04:58:34.464+0000] {subprocess.py:93} INFO -   8100K .......... .......... .......... .......... .......... 77% 39.1M 0s
[2023-01-27T04:58:34.532+0000] {subprocess.py:93} INFO -   8150K .......... .......... .......... .......... .......... 77%  744K 0s
[2023-01-27T04:58:34.534+0000] {subprocess.py:93} INFO -   8200K .......... .......... .......... .......... .......... 78% 24.4M 0s
[2023-01-27T04:58:34.536+0000] {subprocess.py:93} INFO -   8250K .......... .......... .......... .......... .......... 78% 24.2M 0s
[2023-01-27T04:58:34.537+0000] {subprocess.py:93} INFO -   8300K .......... .......... .......... .......... .......... 79% 30.6M 0s
[2023-01-27T04:58:34.539+0000] {subprocess.py:93} INFO -   8350K .......... .......... .......... .......... .......... 79% 29.1M 0s
[2023-01-27T04:58:34.540+0000] {subprocess.py:93} INFO -   8400K .......... .......... .......... .......... .......... 80% 45.9M 0s
[2023-01-27T04:58:34.542+0000] {subprocess.py:93} INFO -   8450K .......... .......... .......... .......... .......... 80% 19.8M 0s
[2023-01-27T04:58:34.544+0000] {subprocess.py:93} INFO -   8500K .......... .......... .......... .......... .......... 81% 30.7M 0s
[2023-01-27T04:58:34.546+0000] {subprocess.py:93} INFO -   8550K .......... .......... .......... .......... .......... 81% 30.9M 0s
[2023-01-27T04:58:34.547+0000] {subprocess.py:93} INFO -   8600K .......... .......... .......... .......... .......... 82% 29.4M 0s
[2023-01-27T04:58:34.548+0000] {subprocess.py:93} INFO -   8650K .......... .......... .......... .......... .......... 82% 47.6M 0s
[2023-01-27T04:58:34.549+0000] {subprocess.py:93} INFO -   8700K .......... .......... .......... .......... .......... 82% 51.2M 0s
[2023-01-27T04:58:34.552+0000] {subprocess.py:93} INFO -   8750K .......... .......... .......... .......... .......... 83% 19.0M 0s
[2023-01-27T04:58:34.553+0000] {subprocess.py:93} INFO -   8800K .......... .......... .......... .......... .......... 83% 41.1M 0s
[2023-01-27T04:58:34.555+0000] {subprocess.py:93} INFO -   8850K .......... .......... .......... .......... .......... 84% 24.2M 0s
[2023-01-27T04:58:34.559+0000] {subprocess.py:93} INFO -   8900K .......... .......... .......... .......... .......... 84% 11.1M 0s
[2023-01-27T04:58:34.560+0000] {subprocess.py:93} INFO -   8950K .......... .......... .......... .......... .......... 85%  318M 0s
[2023-01-27T04:58:34.562+0000] {subprocess.py:93} INFO -   9000K .......... .......... .......... .......... .......... 85% 18.7M 0s
[2023-01-27T04:58:34.562+0000] {subprocess.py:93} INFO -   9050K .......... .......... .......... .......... .......... 86%  359M 0s
[2023-01-27T04:58:34.565+0000] {subprocess.py:93} INFO -   9100K .......... .......... .......... .......... .......... 86% 18.5M 0s
[2023-01-27T04:58:34.565+0000] {subprocess.py:93} INFO -   9150K .......... .......... .......... .......... .......... 87%  332M 0s
[2023-01-27T04:58:34.568+0000] {subprocess.py:93} INFO -   9200K .......... .......... .......... .......... .......... 87% 17.4M 0s
[2023-01-27T04:58:34.568+0000] {subprocess.py:93} INFO -   9250K .......... .......... .......... .......... .......... 88%  473M 0s
[2023-01-27T04:58:34.569+0000] {subprocess.py:93} INFO -   9300K .......... .......... .......... .......... .......... 88% 30.7M 0s
[2023-01-27T04:58:34.570+0000] {subprocess.py:93} INFO -   9350K .......... .......... .......... .......... .......... 89%  497M 0s
[2023-01-27T04:58:34.572+0000] {subprocess.py:93} INFO -   9400K .......... .......... .......... .......... .......... 89% 24.1M 0s
[2023-01-27T04:58:34.575+0000] {subprocess.py:93} INFO -   9450K .......... .......... .......... .......... .......... 90% 16.3M 0s
[2023-01-27T04:58:34.575+0000] {subprocess.py:93} INFO -   9500K .......... .......... .......... .......... .......... 90%  314M 0s
[2023-01-27T04:58:34.577+0000] {subprocess.py:93} INFO -   9550K .......... .......... .......... .......... .......... 91% 21.6M 0s
[2023-01-27T04:58:34.580+0000] {subprocess.py:93} INFO -   9600K .......... .......... .......... .......... .......... 91% 18.8M 0s
[2023-01-27T04:58:34.580+0000] {subprocess.py:93} INFO -   9650K .......... .......... .......... .......... .......... 91%  257M 0s
[2023-01-27T04:58:34.582+0000] {subprocess.py:93} INFO -   9700K .......... .......... .......... .......... .......... 92% 19.4M 0s
[2023-01-27T04:58:34.583+0000] {subprocess.py:93} INFO -   9750K .......... .......... .......... .......... .......... 92%  410M 0s
[2023-01-27T04:58:34.587+0000] {subprocess.py:93} INFO -   9800K .......... .......... .......... .......... .......... 93% 10.7M 0s
[2023-01-27T04:58:34.587+0000] {subprocess.py:93} INFO -   9850K .......... .......... .......... .......... .......... 93%  313M 0s
[2023-01-27T04:58:34.589+0000] {subprocess.py:93} INFO -   9900K .......... .......... .......... .......... .......... 94% 30.6M 0s
[2023-01-27T04:58:34.589+0000] {subprocess.py:93} INFO -   9950K .......... .......... .......... .......... .......... 94%  400M 0s
[2023-01-27T04:58:34.590+0000] {subprocess.py:93} INFO -  10000K .......... .......... .......... .......... .......... 95% 33.2M 0s
[2023-01-27T04:58:34.595+0000] {subprocess.py:93} INFO -  10050K .......... .......... .......... .......... .......... 95% 9.91M 0s
[2023-01-27T04:58:34.596+0000] {subprocess.py:93} INFO -  10100K .......... .......... .......... .......... .......... 96%  388M 0s
[2023-01-27T04:58:34.596+0000] {subprocess.py:93} INFO -  10150K .......... .......... .......... .......... .......... 96%  504M 0s
[2023-01-27T04:58:34.597+0000] {subprocess.py:93} INFO -  10200K .......... .......... .......... .......... .......... 97% 29.3M 0s
[2023-01-27T04:58:34.597+0000] {subprocess.py:93} INFO -  10250K .......... .......... .......... .......... .......... 97%  472M 0s
[2023-01-27T04:58:34.603+0000] {subprocess.py:93} INFO -  10300K .......... .......... .......... .......... .......... 98% 9.24M 0s
[2023-01-27T04:58:34.603+0000] {subprocess.py:93} INFO -  10350K .......... .......... .......... .......... .......... 98%  316M 0s
[2023-01-27T04:58:34.604+0000] {subprocess.py:93} INFO -  10400K .......... .......... .......... .......... .......... 99% 30.6M 0s
[2023-01-27T04:58:34.605+0000] {subprocess.py:93} INFO -  10450K .......... .......... .......... .......... .......... 99%  389M 0s
[2023-01-27T04:58:34.607+0000] {subprocess.py:93} INFO -  10500K .......... .......... .......... .......... ........  100% 18.3M=1.5s
[2023-01-27T04:58:34.607+0000] {subprocess.py:93} INFO - 
[2023-01-27T04:58:34.607+0000] {subprocess.py:93} INFO - 2023-01-27 04:58:34 (6.67 MB/s) - ‘/opt/***/fhv_tripdata_2020-06.csv.gz’ saved [10801791/10801791]
[2023-01-27T04:58:34.608+0000] {subprocess.py:93} INFO - 
[2023-01-27T04:58:34.608+0000] {subprocess.py:97} INFO - Command exited with return code 0
[2023-01-27T04:58:34.634+0000] {taskinstance.py:1323} INFO - Marking task as SUCCESS. dag_id=fhv_taxi_data_dag_v1, task_id=download_ytd_dataset_from_web, execution_date=20200601T000000, start_date=20230127T045831, end_date=20230127T045834
[2023-01-27T04:58:34.670+0000] {local_task_job.py:208} INFO - Task exited with return code 0
[2023-01-27T04:58:34.708+0000] {taskinstance.py:2578} INFO - 1 downstream tasks scheduled from follow-on schedule check
