[2023-01-27T04:59:28.362+0000] {taskinstance.py:1083} INFO - Dependencies all met for <TaskInstance: fhv_taxi_data_dag_v1.build_csv_filename scheduled__2022-07-01T00:00:00+00:00 [queued]>
[2023-01-27T04:59:28.370+0000] {taskinstance.py:1083} INFO - Dependencies all met for <TaskInstance: fhv_taxi_data_dag_v1.build_csv_filename scheduled__2022-07-01T00:00:00+00:00 [queued]>
[2023-01-27T04:59:28.370+0000] {taskinstance.py:1279} INFO - 
--------------------------------------------------------------------------------
[2023-01-27T04:59:28.370+0000] {taskinstance.py:1280} INFO - Starting attempt 1 of 1
[2023-01-27T04:59:28.371+0000] {taskinstance.py:1281} INFO - 
--------------------------------------------------------------------------------
[2023-01-27T04:59:28.382+0000] {taskinstance.py:1300} INFO - Executing <Task(_PythonDecoratedOperator): build_csv_filename> on 2022-07-01 00:00:00+00:00
[2023-01-27T04:59:28.387+0000] {standard_task_runner.py:55} INFO - Started process 8268 to run task
[2023-01-27T04:59:28.390+0000] {standard_task_runner.py:82} INFO - Running: ['***', 'tasks', 'run', 'fhv_taxi_data_dag_v1', 'build_csv_filename', 'scheduled__2022-07-01T00:00:00+00:00', '--job-id', '5839', '--raw', '--subdir', 'DAGS_FOLDER/data_ingestion_gcs_dag_v1_fhv.py', '--cfg-path', '/tmp/tmpavl8rwkl']
[2023-01-27T04:59:28.391+0000] {standard_task_runner.py:83} INFO - Job 5839: Subtask build_csv_filename
[2023-01-27T04:59:28.443+0000] {task_command.py:388} INFO - Running <TaskInstance: fhv_taxi_data_dag_v1.build_csv_filename scheduled__2022-07-01T00:00:00+00:00 [running]> on host 8bc22b99c76b
[2023-01-27T04:59:28.503+0000] {taskinstance.py:1509} INFO - Exporting the following env vars:
AIRFLOW_CTX_DAG_OWNER=***
AIRFLOW_CTX_DAG_ID=fhv_taxi_data_dag_v1
AIRFLOW_CTX_TASK_ID=build_csv_filename
AIRFLOW_CTX_EXECUTION_DATE=2022-07-01T00:00:00+00:00
AIRFLOW_CTX_TRY_NUMBER=1
AIRFLOW_CTX_DAG_RUN_ID=scheduled__2022-07-01T00:00:00+00:00
[2023-01-27T04:59:28.504+0000] {python.py:177} INFO - Done. Returned value was: fhv_tripdata_2022-07.csv.gz
[2023-01-27T04:59:28.523+0000] {taskinstance.py:1323} INFO - Marking task as SUCCESS. dag_id=fhv_taxi_data_dag_v1, task_id=build_csv_filename, execution_date=20220701T000000, start_date=20230127T045928, end_date=20230127T045928
[2023-01-27T04:59:28.561+0000] {local_task_job.py:208} INFO - Task exited with return code 0
[2023-01-27T04:59:28.587+0000] {taskinstance.py:2578} INFO - 1 downstream tasks scheduled from follow-on schedule check
