[2023-01-27T04:57:11.913+0000] {taskinstance.py:1083} INFO - Dependencies all met for <TaskInstance: fhv_taxi_data_dag_v1.download_ytd_dataset_from_web scheduled__2019-12-01T00:00:00+00:00 [queued]>
[2023-01-27T04:57:11.928+0000] {taskinstance.py:1083} INFO - Dependencies all met for <TaskInstance: fhv_taxi_data_dag_v1.download_ytd_dataset_from_web scheduled__2019-12-01T00:00:00+00:00 [queued]>
[2023-01-27T04:57:11.928+0000] {taskinstance.py:1279} INFO - 
--------------------------------------------------------------------------------
[2023-01-27T04:57:11.928+0000] {taskinstance.py:1280} INFO - Starting attempt 1 of 1
[2023-01-27T04:57:11.928+0000] {taskinstance.py:1281} INFO - 
--------------------------------------------------------------------------------
[2023-01-27T04:57:11.951+0000] {taskinstance.py:1300} INFO - Executing <Task(BashOperator): download_ytd_dataset_from_web> on 2019-12-01 00:00:00+00:00
[2023-01-27T04:57:11.961+0000] {standard_task_runner.py:55} INFO - Started process 6592 to run task
[2023-01-27T04:57:11.964+0000] {standard_task_runner.py:82} INFO - Running: ['***', 'tasks', 'run', 'fhv_taxi_data_dag_v1', 'download_ytd_dataset_from_web', 'scheduled__2019-12-01T00:00:00+00:00', '--job-id', '5703', '--raw', '--subdir', 'DAGS_FOLDER/data_ingestion_gcs_dag_v1_fhv.py', '--cfg-path', '/tmp/tmpt467cs0g']
[2023-01-27T04:57:11.966+0000] {standard_task_runner.py:83} INFO - Job 5703: Subtask download_ytd_dataset_from_web
[2023-01-27T04:57:12.035+0000] {task_command.py:388} INFO - Running <TaskInstance: fhv_taxi_data_dag_v1.download_ytd_dataset_from_web scheduled__2019-12-01T00:00:00+00:00 [running]> on host 8bc22b99c76b
[2023-01-27T04:57:12.198+0000] {taskinstance.py:1509} INFO - Exporting the following env vars:
AIRFLOW_CTX_DAG_OWNER=***
AIRFLOW_CTX_DAG_ID=fhv_taxi_data_dag_v1
AIRFLOW_CTX_TASK_ID=download_ytd_dataset_from_web
AIRFLOW_CTX_EXECUTION_DATE=2019-12-01T00:00:00+00:00
AIRFLOW_CTX_TRY_NUMBER=1
AIRFLOW_CTX_DAG_RUN_ID=scheduled__2019-12-01T00:00:00+00:00
[2023-01-27T04:57:12.199+0000] {subprocess.py:63} INFO - Tmp dir root location: 
 /tmp
[2023-01-27T04:57:12.200+0000] {subprocess.py:75} INFO - Running command: ['/bin/bash', '-c', 'wget https://github.com/DataTalksClub/nyc-tlc-data/releases/download/fhv/fhv_tripdata_2019-12.csv.gz -O /opt/***/fhv_tripdata_2019-12.csv.gz']
[2023-01-27T04:57:12.212+0000] {subprocess.py:86} INFO - Output:
[2023-01-27T04:57:12.217+0000] {subprocess.py:93} INFO - --2023-01-27 04:57:12--  https://github.com/DataTalksClub/nyc-tlc-data/releases/download/fhv/fhv_tripdata_2019-12.csv.gz
[2023-01-27T04:57:12.231+0000] {subprocess.py:93} INFO - Resolving github.com (github.com)... 140.82.121.4
[2023-01-27T04:57:12.243+0000] {subprocess.py:93} INFO - Connecting to github.com (github.com)|140.82.121.4|:443... connected.
[2023-01-27T04:57:12.537+0000] {subprocess.py:93} INFO - HTTP request sent, awaiting response... 302 Found
[2023-01-27T04:57:12.537+0000] {subprocess.py:93} INFO - Location: https://objects.githubusercontent.com/github-production-release-asset-2e65be/513814948/46546277-3a55-4192-aac0-1d6c3059d654?X-Amz-Algorithm=AWS4-HMAC-SHA256&X-Amz-Credential=AKIAIWNJYAX4CSVEH53A%2F20230127%2Fus-east-1%2Fs3%2Faws4_request&X-Amz-Date=20230127T045544Z&X-Amz-Expires=300&X-Amz-Signature=9e8a68c36b23669aabe97cc0c014497da4d972aa2758a055ee235826007b4cc7&X-Amz-SignedHeaders=host&actor_id=0&key_id=0&repo_id=513814948&response-content-disposition=attachment%3B%20filename%3Dfhv_tripdata_2019-12.csv.gz&response-content-type=application%2Foctet-stream [following]
[2023-01-27T04:57:12.537+0000] {subprocess.py:93} INFO - --2023-01-27 04:57:12--  https://objects.githubusercontent.com/github-production-release-asset-2e65be/513814948/46546277-3a55-4192-aac0-1d6c3059d654?X-Amz-Algorithm=AWS4-HMAC-SHA256&X-Amz-Credential=AKIAIWNJYAX4CSVEH53A%2F20230127%2Fus-east-1%2Fs3%2Faws4_request&X-Amz-Date=20230127T045544Z&X-Amz-Expires=300&X-Amz-Signature=9e8a68c36b23669aabe97cc0c014497da4d972aa2758a055ee235826007b4cc7&X-Amz-SignedHeaders=host&actor_id=0&key_id=0&repo_id=513814948&response-content-disposition=attachment%3B%20filename%3Dfhv_tripdata_2019-12.csv.gz&response-content-type=application%2Foctet-stream
[2023-01-27T04:57:12.546+0000] {subprocess.py:93} INFO - Resolving objects.githubusercontent.com (objects.githubusercontent.com)... 185.199.109.133, 185.199.108.133, 185.199.110.133, ...
[2023-01-27T04:57:12.559+0000] {subprocess.py:93} INFO - Connecting to objects.githubusercontent.com (objects.githubusercontent.com)|185.199.109.133|:443... connected.
[2023-01-27T04:57:13.095+0000] {subprocess.py:93} INFO - HTTP request sent, awaiting response... 200 OK
[2023-01-27T04:57:13.095+0000] {subprocess.py:93} INFO - Length: 20826522 (20M) [application/octet-stream]
[2023-01-27T04:57:13.096+0000] {subprocess.py:93} INFO - Saving to: ‘/opt/***/fhv_tripdata_2019-12.csv.gz’
[2023-01-27T04:57:13.096+0000] {subprocess.py:93} INFO - 
[2023-01-27T04:57:13.108+0000] {subprocess.py:93} INFO -      0K .......... .......... .......... .......... ..........  0% 3.92M 5s
[2023-01-27T04:57:13.131+0000] {subprocess.py:93} INFO -     50K .......... .......... .......... .......... ..........  0% 2.12M 7s
[2023-01-27T04:57:13.214+0000] {subprocess.py:93} INFO -    100K .......... .......... .......... .......... ..........  0%  604K 16s
[2023-01-27T04:57:13.293+0000] {subprocess.py:93} INFO -    150K .......... .......... .......... .......... ..........  0%  632K 20s
[2023-01-27T04:57:13.377+0000] {subprocess.py:93} INFO -    200K .......... .......... .......... .......... ..........  1%  593K 23s
[2023-01-27T04:57:13.458+0000] {subprocess.py:93} INFO -    250K .......... .......... .......... .......... ..........  1%  618K 24s
[2023-01-27T04:57:13.542+0000] {subprocess.py:93} INFO -    300K .......... .......... .......... .......... ..........  1%  594K 26s
[2023-01-27T04:57:13.648+0000] {subprocess.py:93} INFO -    350K .......... .......... .......... .......... ..........  1%  471K 28s
[2023-01-27T04:57:13.731+0000] {subprocess.py:93} INFO -    400K .......... .......... .......... .......... ..........  2%  604K 28s
[2023-01-27T04:57:13.784+0000] {subprocess.py:93} INFO -    450K .......... .......... .......... .......... ..........  2%  943K 27s
[2023-01-27T04:57:13.809+0000] {subprocess.py:93} INFO -    500K .......... .......... .......... .......... ..........  2% 1.98M 26s
[2023-01-27T04:57:13.818+0000] {subprocess.py:93} INFO -    550K .......... .......... .......... .......... ..........  2% 5.53M 24s
[2023-01-27T04:57:13.838+0000] {subprocess.py:93} INFO -    600K .......... .......... .......... .......... ..........  3% 2.35M 23s
[2023-01-27T04:57:13.850+0000] {subprocess.py:93} INFO -    650K .......... .......... .......... .......... ..........  3% 4.11M 21s
[2023-01-27T04:57:13.863+0000] {subprocess.py:93} INFO -    700K .......... .......... .......... .......... ..........  3% 3.69M 20s
[2023-01-27T04:57:13.892+0000] {subprocess.py:93} INFO -    750K .......... .......... .......... .......... ..........  3% 1.73M 19s
[2023-01-27T04:57:13.901+0000] {subprocess.py:93} INFO -    800K .......... .......... .......... .......... ..........  4% 5.54M 18s
[2023-01-27T04:57:13.923+0000] {subprocess.py:93} INFO -    850K .......... .......... .......... .......... ..........  4% 2.14M 18s
[2023-01-27T04:57:13.937+0000] {subprocess.py:93} INFO -    900K .......... .......... .......... .......... ..........  4% 3.73M 17s
[2023-01-27T04:57:13.952+0000] {subprocess.py:93} INFO -    950K .......... .......... .......... .......... ..........  4% 3.12M 17s
[2023-01-27T04:57:13.990+0000] {subprocess.py:93} INFO -   1000K .......... .......... .......... .......... ..........  5% 1.30M 16s
[2023-01-27T04:57:14.007+0000] {subprocess.py:93} INFO -   1050K .......... .......... .......... .......... ..........  5% 2.88M 16s
[2023-01-27T04:57:14.031+0000] {subprocess.py:93} INFO -   1100K .......... .......... .......... .......... ..........  5% 2.03M 16s
[2023-01-27T04:57:14.055+0000] {subprocess.py:93} INFO -   1150K .......... .......... .......... .......... ..........  5% 2.20M 15s
[2023-01-27T04:57:14.067+0000] {subprocess.py:93} INFO -   1200K .......... .......... .......... .......... ..........  6% 3.46M 15s
[2023-01-27T04:57:14.080+0000] {subprocess.py:93} INFO -   1250K .......... .......... .......... .......... ..........  6% 3.68M 14s
[2023-01-27T04:57:14.120+0000] {subprocess.py:93} INFO -   1300K .......... .......... .......... .......... ..........  6% 1.24M 14s
[2023-01-27T04:57:14.142+0000] {subprocess.py:93} INFO -   1350K .......... .......... .......... .......... ..........  6% 2.21M 14s
[2023-01-27T04:57:14.155+0000] {subprocess.py:93} INFO -   1400K .......... .......... .......... .......... ..........  7% 3.68M 14s
[2023-01-27T04:57:14.170+0000] {subprocess.py:93} INFO -   1450K .......... .......... .......... .......... ..........  7% 3.26M 13s
[2023-01-27T04:57:14.183+0000] {subprocess.py:93} INFO -   1500K .......... .......... .......... .......... ..........  7% 3.69M 13s
[2023-01-27T04:57:14.205+0000] {subprocess.py:93} INFO -   1550K .......... .......... .......... .......... ..........  7% 2.22M 13s
[2023-01-27T04:57:14.249+0000] {subprocess.py:93} INFO -   1600K .......... .......... .......... .......... ..........  8% 1.12M 13s
[2023-01-27T04:57:14.268+0000] {subprocess.py:93} INFO -   1650K .......... .......... .......... .......... ..........  8% 2.47M 13s
[2023-01-27T04:57:14.278+0000] {subprocess.py:93} INFO -   1700K .......... .......... .......... .......... ..........  8% 5.04M 13s
[2023-01-27T04:57:14.309+0000] {subprocess.py:93} INFO -   1750K .......... .......... .......... .......... ..........  8% 1.56M 13s
[2023-01-27T04:57:14.323+0000] {subprocess.py:93} INFO -   1800K .......... .......... .......... .......... ..........  9% 3.67M 12s
[2023-01-27T04:57:14.348+0000] {subprocess.py:93} INFO -   1850K .......... .......... .......... .......... ..........  9% 1.93M 12s
[2023-01-27T04:57:14.361+0000] {subprocess.py:93} INFO -   1900K .......... .......... .......... .......... ..........  9% 3.65M 12s
[2023-01-27T04:57:14.382+0000] {subprocess.py:93} INFO -   1950K .......... .......... .......... .......... ..........  9% 2.34M 12s
[2023-01-27T04:57:14.417+0000] {subprocess.py:93} INFO -   2000K .......... .......... .......... .......... .......... 10% 1.40M 12s
[2023-01-27T04:57:14.433+0000] {subprocess.py:93} INFO -   2050K .......... .......... .......... .......... .......... 10% 3.19M 12s
[2023-01-27T04:57:14.446+0000] {subprocess.py:93} INFO -   2100K .......... .......... .......... .......... .......... 10% 3.70M 11s
[2023-01-27T04:57:14.475+0000] {subprocess.py:93} INFO -   2150K .......... .......... .......... .......... .......... 10% 1.66M 11s
[2023-01-27T04:57:14.489+0000] {subprocess.py:93} INFO -   2200K .......... .......... .......... .......... .......... 11% 3.65M 11s
[2023-01-27T04:57:14.497+0000] {subprocess.py:93} INFO -   2250K .......... .......... .......... .......... .......... 11% 5.57M 11s
[2023-01-27T04:57:14.513+0000] {subprocess.py:93} INFO -   2300K .......... .......... .......... .......... .......... 11% 3.17M 11s
[2023-01-27T04:57:14.530+0000] {subprocess.py:93} INFO -   2350K .......... .......... .......... .......... .......... 11% 2.77M 11s
[2023-01-27T04:57:14.576+0000] {subprocess.py:93} INFO -   2400K .......... .......... .......... .......... .......... 12% 1.08M 11s
[2023-01-27T04:57:14.588+0000] {subprocess.py:93} INFO -   2450K .......... .......... .......... .......... .......... 12% 3.86M 11s
[2023-01-27T04:57:14.606+0000] {subprocess.py:93} INFO -   2500K .......... .......... .......... .......... .......... 12% 2.73M 11s
[2023-01-27T04:57:14.615+0000] {subprocess.py:93} INFO -   2550K .......... .......... .......... .......... .......... 12% 5.41M 10s
[2023-01-27T04:57:14.625+0000] {subprocess.py:93} INFO -   2600K .......... .......... .......... .......... .......... 13% 4.93M 10s
[2023-01-27T04:57:14.643+0000] {subprocess.py:93} INFO -   2650K .......... .......... .......... .......... .......... 13% 2.81M 10s
[2023-01-27T04:57:14.656+0000] {subprocess.py:93} INFO -   2700K .......... .......... .......... .......... .......... 13% 3.66M 10s
[2023-01-27T04:57:14.665+0000] {subprocess.py:93} INFO -   2750K .......... .......... .......... .......... .......... 13% 5.55M 10s
[2023-01-27T04:57:14.676+0000] {subprocess.py:93} INFO -   2800K .......... .......... .......... .......... .......... 14% 4.38M 10s
[2023-01-27T04:57:14.685+0000] {subprocess.py:93} INFO -   2850K .......... .......... .......... .......... .......... 14% 5.49M 10s
[2023-01-27T04:57:14.701+0000] {subprocess.py:93} INFO -   2900K .......... .......... .......... .......... .......... 14% 2.96M 9s
[2023-01-27T04:57:14.748+0000] {subprocess.py:93} INFO -   2950K .......... .......... .......... .......... .......... 14% 1.05M 10s
[2023-01-27T04:57:14.757+0000] {subprocess.py:93} INFO -   3000K .......... .......... .......... .......... .......... 14% 5.51M 9s
[2023-01-27T04:57:14.770+0000] {subprocess.py:93} INFO -   3050K .......... .......... .......... .......... .......... 15% 3.68M 9s
[2023-01-27T04:57:14.783+0000] {subprocess.py:93} INFO -   3100K .......... .......... .......... .......... .......... 15% 3.81M 9s
[2023-01-27T04:57:14.796+0000] {subprocess.py:93} INFO -   3150K .......... .......... .......... .......... .......... 15% 3.70M 9s
[2023-01-27T04:57:14.901+0000] {subprocess.py:93} INFO -   3200K .......... .......... .......... .......... .......... 15%  475K 9s
[2023-01-27T04:57:14.914+0000] {subprocess.py:93} INFO -   3250K .......... .......... .......... .......... .......... 16% 3.71M 9s
[2023-01-27T04:57:14.929+0000] {subprocess.py:93} INFO -   3300K .......... .......... .......... .......... .......... 16% 3.28M 9s
[2023-01-27T04:57:14.946+0000] {subprocess.py:93} INFO -   3350K .......... .......... .......... .......... .......... 16% 2.87M 9s
[2023-01-27T04:57:14.964+0000] {subprocess.py:93} INFO -   3400K .......... .......... .......... .......... .......... 16% 2.76M 9s
[2023-01-27T04:57:14.984+0000] {subprocess.py:93} INFO -   3450K .......... .......... .......... .......... .......... 17% 2.47M 9s
[2023-01-27T04:57:15.002+0000] {subprocess.py:93} INFO -   3500K .......... .......... .......... .......... .......... 17% 2.61M 9s
[2023-01-27T04:57:15.026+0000] {subprocess.py:93} INFO -   3550K .......... .......... .......... .......... .......... 17% 2.07M 9s
[2023-01-27T04:57:15.041+0000] {subprocess.py:93} INFO -   3600K .......... .......... .......... .......... .......... 17% 3.26M 9s
[2023-01-27T04:57:15.060+0000] {subprocess.py:93} INFO -   3650K .......... .......... .......... .......... .......... 18% 2.62M 9s
[2023-01-27T04:57:15.112+0000] {subprocess.py:93} INFO -   3700K .......... .......... .......... .......... .......... 18%  962K 9s
[2023-01-27T04:57:15.130+0000] {subprocess.py:93} INFO -   3750K .......... .......... .......... .......... .......... 18% 2.70M 9s
[2023-01-27T04:57:15.146+0000] {subprocess.py:93} INFO -   3800K .......... .......... .......... .......... .......... 18% 2.94M 9s
[2023-01-27T04:57:15.161+0000] {subprocess.py:93} INFO -   3850K .......... .......... .......... .......... .......... 19% 3.22M 9s
[2023-01-27T04:57:15.172+0000] {subprocess.py:93} INFO -   3900K .......... .......... .......... .......... .......... 19% 4.41M 9s
[2023-01-27T04:57:15.204+0000] {subprocess.py:93} INFO -   3950K .......... .......... .......... .......... .......... 19% 1.55M 9s
[2023-01-27T04:57:15.228+0000] {subprocess.py:93} INFO -   4000K .......... .......... .......... .......... .......... 19% 2.06M 9s
[2023-01-27T04:57:15.245+0000] {subprocess.py:93} INFO -   4050K .......... .......... .......... .......... .......... 20% 2.76M 9s
[2023-01-27T04:57:15.261+0000] {subprocess.py:93} INFO -   4100K .......... .......... .......... .......... .......... 20% 3.22M 8s
[2023-01-27T04:57:15.275+0000] {subprocess.py:93} INFO -   4150K .......... .......... .......... .......... .......... 20% 3.36M 8s
[2023-01-27T04:57:15.288+0000] {subprocess.py:93} INFO -   4200K .......... .......... .......... .......... .......... 20% 3.69M 8s
[2023-01-27T04:57:15.301+0000] {subprocess.py:93} INFO -   4250K .......... .......... .......... .......... .......... 21% 3.86M 8s
[2023-01-27T04:57:15.311+0000] {subprocess.py:93} INFO -   4300K .......... .......... .......... .......... .......... 21% 5.01M 8s
[2023-01-27T04:57:15.324+0000] {subprocess.py:93} INFO -   4350K .......... .......... .......... .......... .......... 21% 5.51M 8s
[2023-01-27T04:57:15.349+0000] {subprocess.py:93} INFO -   4400K .......... .......... .......... .......... .......... 21% 1.65M 8s
[2023-01-27T04:57:15.367+0000] {subprocess.py:93} INFO -   4450K .......... .......... .......... .......... .......... 22% 2.77M 8s
[2023-01-27T04:57:15.377+0000] {subprocess.py:93} INFO -   4500K .......... .......... .......... .......... .......... 22% 4.65M 8s
[2023-01-27T04:57:15.405+0000] {subprocess.py:93} INFO -   4550K .......... .......... .......... .......... .......... 22% 1.79M 8s
[2023-01-27T04:57:15.420+0000] {subprocess.py:93} INFO -   4600K .......... .......... .......... .......... .......... 22% 3.23M 8s
[2023-01-27T04:57:15.442+0000] {subprocess.py:93} INFO -   4650K .......... .......... .......... .......... .......... 23% 2.21M 8s
[2023-01-27T04:57:15.455+0000] {subprocess.py:93} INFO -   4700K .......... .......... .......... .......... .......... 23% 3.69M 8s
[2023-01-27T04:57:15.483+0000] {subprocess.py:93} INFO -   4750K .......... .......... .......... .......... .......... 23% 3.68M 8s
[2023-01-27T04:57:15.492+0000] {subprocess.py:93} INFO -   4800K .......... .......... .......... .......... .......... 23% 2.06M 8s
[2023-01-27T04:57:15.505+0000] {subprocess.py:93} INFO -   4850K .......... .......... .......... .......... .......... 24% 3.70M 8s
[2023-01-27T04:57:15.523+0000] {subprocess.py:93} INFO -   4900K .......... .......... .......... .......... .......... 24% 2.75M 8s
[2023-01-27T04:57:15.536+0000] {subprocess.py:93} INFO -   4950K .......... .......... .......... .......... .......... 24% 3.67M 7s
[2023-01-27T04:57:15.545+0000] {subprocess.py:93} INFO -   5000K .......... .......... .......... .......... .......... 24% 5.54M 7s
[2023-01-27T04:57:15.562+0000] {subprocess.py:93} INFO -   5050K .......... .......... .......... .......... .......... 25% 2.84M 7s
[2023-01-27T04:57:15.571+0000] {subprocess.py:93} INFO -   5100K .......... .......... .......... .......... .......... 25% 5.53M 7s
[2023-01-27T04:57:15.589+0000] {subprocess.py:93} INFO -   5150K .......... .......... .......... .......... .......... 25% 3.68M 7s
[2023-01-27T04:57:15.611+0000] {subprocess.py:93} INFO -   5200K .......... .......... .......... .......... .......... 25% 1.83M 7s
[2023-01-27T04:57:15.711+0000] {subprocess.py:93} INFO -   5250K .......... .......... .......... .......... .......... 26%  500K 7s
[2023-01-27T04:57:15.725+0000] {subprocess.py:93} INFO -   5300K .......... .......... .......... .......... .......... 26% 3.46M 7s
[2023-01-27T04:57:15.745+0000] {subprocess.py:93} INFO -   5350K .......... .......... .......... .......... .......... 26% 2.51M 7s
[2023-01-27T04:57:15.748+0000] {subprocess.py:93} INFO -   5400K .......... .......... .......... .......... .......... 26% 14.2M 7s
[2023-01-27T04:57:15.748+0000] {subprocess.py:93} INFO -   5450K .......... .......... .......... .......... .......... 27%  447M 7s
[2023-01-27T04:57:15.748+0000] {subprocess.py:93} INFO -   5500K .......... .......... .......... .......... .......... 27%  546M 7s
[2023-01-27T04:57:15.761+0000] {subprocess.py:93} INFO -   5550K .......... .......... .......... .......... .......... 27% 5.92M 7s
[2023-01-27T04:57:15.798+0000] {subprocess.py:93} INFO -   5600K .......... .......... .......... .......... .......... 27% 1.16M 7s
[2023-01-27T04:57:15.811+0000] {subprocess.py:93} INFO -   5650K .......... .......... .......... .......... .......... 28% 3.94M 7s
[2023-01-27T04:57:15.820+0000] {subprocess.py:93} INFO -   5700K .......... .......... .......... .......... .......... 28% 5.57M 7s
[2023-01-27T04:57:15.829+0000] {subprocess.py:93} INFO -   5750K .......... .......... .......... .......... .......... 28% 5.52M 7s
[2023-01-27T04:57:15.843+0000] {subprocess.py:93} INFO -   5800K .......... .......... .......... .......... .......... 28% 3.28M 7s
[2023-01-27T04:57:15.852+0000] {subprocess.py:93} INFO -   5850K .......... .......... .......... .......... .......... 29% 5.55M 7s
[2023-01-27T04:57:15.861+0000] {subprocess.py:93} INFO -   5900K .......... .......... .......... .......... .......... 29% 5.53M 7s
[2023-01-27T04:57:15.879+0000] {subprocess.py:93} INFO -   5950K .......... .......... .......... .......... .......... 29% 4.58M 7s
[2023-01-27T04:57:15.902+0000] {subprocess.py:93} INFO -   6000K .......... .......... .......... .......... .......... 29% 1.62M 7s
[2023-01-27T04:57:15.910+0000] {subprocess.py:93} INFO -   6050K .......... .......... .......... .......... .......... 29% 5.82M 7s
[2023-01-27T04:57:15.933+0000] {subprocess.py:93} INFO -   6100K .......... .......... .......... .......... .......... 30% 2.16M 7s
[2023-01-27T04:57:15.946+0000] {subprocess.py:93} INFO -   6150K .......... .......... .......... .......... .......... 30% 3.69M 7s
[2023-01-27T04:57:15.950+0000] {subprocess.py:93} INFO -   6200K .......... .......... .......... .......... .......... 30% 11.0M 6s
[2023-01-27T04:57:15.959+0000] {subprocess.py:93} INFO -   6250K .......... .......... .......... .......... .......... 30% 5.48M 6s
[2023-01-27T04:57:15.970+0000] {subprocess.py:93} INFO -   6300K .......... .......... .......... .......... .......... 31% 4.53M 6s
[2023-01-27T04:57:15.982+0000] {subprocess.py:93} INFO -   6350K .......... .......... .......... .......... .......... 31% 6.24M 6s
[2023-01-27T04:57:16.020+0000] {subprocess.py:93} INFO -   6400K .......... .......... .......... .......... .......... 31% 1.17M 6s
[2023-01-27T04:57:16.032+0000] {subprocess.py:93} INFO -   6450K .......... .......... .......... .......... .......... 31% 3.85M 6s
[2023-01-27T04:57:16.046+0000] {subprocess.py:93} INFO -   6500K .......... .......... .......... .......... .......... 32% 3.50M 6s
[2023-01-27T04:57:16.057+0000] {subprocess.py:93} INFO -   6550K .......... .......... .......... .......... .......... 32% 4.59M 6s
[2023-01-27T04:57:16.071+0000] {subprocess.py:93} INFO -   6600K .......... .......... .......... .......... .......... 32% 3.34M 6s
[2023-01-27T04:57:16.080+0000] {subprocess.py:93} INFO -   6650K .......... .......... .......... .......... .......... 32% 5.54M 6s
[2023-01-27T04:57:16.089+0000] {subprocess.py:93} INFO -   6700K .......... .......... .......... .......... .......... 33% 5.51M 6s
[2023-01-27T04:57:16.116+0000] {subprocess.py:93} INFO -   6750K .......... .......... .......... .......... .......... 33% 2.67M 6s
[2023-01-27T04:57:16.130+0000] {subprocess.py:93} INFO -   6800K .......... .......... .......... .......... .......... 33% 2.21M 6s
[2023-01-27T04:57:16.136+0000] {subprocess.py:93} INFO -   6850K .......... .......... .......... .......... .......... 33% 7.96M 6s
[2023-01-27T04:57:16.154+0000] {subprocess.py:93} INFO -   6900K .......... .......... .......... .......... .......... 34% 2.71M 6s
[2023-01-27T04:57:16.163+0000] {subprocess.py:93} INFO -   6950K .......... .......... .......... .......... .......... 34% 5.44M 6s
[2023-01-27T04:57:16.171+0000] {subprocess.py:93} INFO -   7000K .......... .......... .......... .......... .......... 34% 5.54M 6s
[2023-01-27T04:57:16.184+0000] {subprocess.py:93} INFO -   7050K .......... .......... .......... .......... .......... 34% 3.82M 6s
[2023-01-27T04:57:16.198+0000] {subprocess.py:93} INFO -   7100K .......... .......... .......... .......... .......... 35% 3.63M 6s
[2023-01-27T04:57:16.211+0000] {subprocess.py:93} INFO -   7150K .......... .......... .......... .......... .......... 35% 5.54M 6s
[2023-01-27T04:57:16.246+0000] {subprocess.py:93} INFO -   7200K .......... .......... .......... .......... .......... 35% 1.23M 6s
[2023-01-27T04:57:16.255+0000] {subprocess.py:93} INFO -   7250K .......... .......... .......... .......... .......... 35% 5.56M 6s
[2023-01-27T04:57:16.268+0000] {subprocess.py:93} INFO -   7300K .......... .......... .......... .......... .......... 36% 3.71M 6s
[2023-01-27T04:57:16.281+0000] {subprocess.py:93} INFO -   7350K .......... .......... .......... .......... .......... 36% 3.70M 6s
[2023-01-27T04:57:16.295+0000] {subprocess.py:93} INFO -   7400K .......... .......... .......... .......... .......... 36% 3.62M 6s
[2023-01-27T04:57:16.308+0000] {subprocess.py:93} INFO -   7450K .......... .......... .......... .......... .......... 36% 3.78M 5s
[2023-01-27T04:57:16.316+0000] {subprocess.py:93} INFO -   7500K .......... .......... .......... .......... .......... 37% 5.79M 5s
[2023-01-27T04:57:16.354+0000] {subprocess.py:93} INFO -   7550K .......... .......... .......... .......... .......... 37% 1.73M 5s
[2023-01-27T04:57:16.367+0000] {subprocess.py:93} INFO -   7600K .......... .......... .......... .......... .......... 37% 2.13M 5s
[2023-01-27T04:57:16.380+0000] {subprocess.py:93} INFO -   7650K .......... .......... .......... .......... .......... 37% 3.67M 5s
[2023-01-27T04:57:16.397+0000] {subprocess.py:93} INFO -   7700K .......... .......... .......... .......... .......... 38% 2.98M 5s
[2023-01-27T04:57:16.410+0000] {subprocess.py:93} INFO -   7750K .......... .......... .......... .......... .......... 38% 3.67M 5s
[2023-01-27T04:57:16.419+0000] {subprocess.py:93} INFO -   7800K .......... .......... .......... .......... .......... 38% 5.47M 5s
[2023-01-27T04:57:16.431+0000] {subprocess.py:93} INFO -   7850K .......... .......... .......... .......... .......... 38% 4.01M 5s
[2023-01-27T04:57:16.454+0000] {subprocess.py:93} INFO -   7900K .......... .......... .......... .......... .......... 39% 2.16M 5s
[2023-01-27T04:57:16.474+0000] {subprocess.py:93} INFO -   7950K .......... .......... .......... .......... .......... 39% 3.07M 5s
[2023-01-27T04:57:16.483+0000] {subprocess.py:93} INFO -   8000K .......... .......... .......... .......... .......... 39% 3.70M 5s
[2023-01-27T04:57:16.487+0000] {subprocess.py:93} INFO -   8050K .......... .......... .......... .......... .......... 39% 11.1M 5s
[2023-01-27T04:57:16.494+0000] {subprocess.py:93} INFO -   8100K .......... .......... .......... .......... .......... 40% 7.78M 5s
[2023-01-27T04:57:16.509+0000] {subprocess.py:93} INFO -   8150K .......... .......... .......... .......... .......... 40% 3.07M 5s
[2023-01-27T04:57:16.518+0000] {subprocess.py:93} INFO -   8200K .......... .......... .......... .......... .......... 40% 5.59M 5s
[2023-01-27T04:57:16.532+0000] {subprocess.py:93} INFO -   8250K .......... .......... .......... .......... .......... 40% 3.66M 5s
[2023-01-27T04:57:16.582+0000] {subprocess.py:93} INFO -   8300K .......... .......... .......... .......... .......... 41%  996K 5s
[2023-01-27T04:57:16.596+0000] {subprocess.py:93} INFO -   8350K .......... .......... .......... .......... .......... 41% 5.16M 5s
[2023-01-27T04:57:16.600+0000] {subprocess.py:93} INFO -   8400K .......... .......... .......... .......... .......... 41% 5.32M 5s
[2023-01-27T04:57:16.609+0000] {subprocess.py:93} INFO -   8450K .......... .......... .......... .......... .......... 41% 5.58M 5s
[2023-01-27T04:57:16.632+0000] {subprocess.py:93} INFO -   8500K .......... .......... .......... .......... .......... 42% 2.60M 5s
[2023-01-27T04:57:16.655+0000] {subprocess.py:93} INFO -   8550K .......... .......... .......... .......... .......... 42% 1.79M 5s
[2023-01-27T04:57:16.668+0000] {subprocess.py:93} INFO -   8600K .......... .......... .......... .......... .......... 42% 3.69M 5s
[2023-01-27T04:57:16.685+0000] {subprocess.py:93} INFO -   8650K .......... .......... .......... .......... .......... 42% 3.00M 5s
[2023-01-27T04:57:16.718+0000] {subprocess.py:93} INFO -   8700K .......... .......... .......... .......... .......... 43% 1.46M 5s
[2023-01-27T04:57:16.730+0000] {subprocess.py:93} INFO -   8750K .......... .......... .......... .......... .......... 43% 4.27M 5s
[2023-01-27T04:57:16.742+0000] {subprocess.py:93} INFO -   8800K .......... .......... .......... .......... .......... 43% 3.89M 5s
[2023-01-27T04:57:16.762+0000] {subprocess.py:93} INFO -   8850K .......... .......... .......... .......... .......... 43% 2.45M 5s
[2023-01-27T04:57:16.775+0000] {subprocess.py:93} INFO -   8900K .......... .......... .......... .......... .......... 44% 5.40M 5s
[2023-01-27T04:57:16.784+0000] {subprocess.py:93} INFO -   8950K .......... .......... .......... .......... .......... 44% 3.71M 5s
[2023-01-27T04:57:16.799+0000] {subprocess.py:93} INFO -   9000K .......... .......... .......... .......... .......... 44% 3.21M 5s
[2023-01-27T04:57:16.808+0000] {subprocess.py:93} INFO -   9050K .......... .......... .......... .......... .......... 44% 5.64M 5s
[2023-01-27T04:57:16.817+0000] {subprocess.py:93} INFO -   9100K .......... .......... .......... .......... .......... 44% 5.42M 5s
[2023-01-27T04:57:16.832+0000] {subprocess.py:93} INFO -   9150K .......... .......... .......... .......... .......... 45% 3.29M 5s
[2023-01-27T04:57:16.854+0000] {subprocess.py:93} INFO -   9200K .......... .......... .......... .......... .......... 45% 2.24M 5s
[2023-01-27T04:57:16.868+0000] {subprocess.py:93} INFO -   9250K .......... .......... .......... .......... .......... 45% 3.33M 4s
[2023-01-27T04:57:16.877+0000] {subprocess.py:93} INFO -   9300K .......... .......... .......... .......... .......... 45% 5.55M 4s
[2023-01-27T04:57:16.891+0000] {subprocess.py:93} INFO -   9350K .......... .......... .......... .......... .......... 46% 3.56M 4s
[2023-01-27T04:57:16.913+0000] {subprocess.py:93} INFO -   9400K .......... .......... .......... .......... .......... 46% 2.26M 4s
[2023-01-27T04:57:16.926+0000] {subprocess.py:93} INFO -   9450K .......... .......... .......... .......... .......... 46% 3.72M 4s
[2023-01-27T04:57:16.942+0000] {subprocess.py:93} INFO -   9500K .......... .......... .......... .......... .......... 46% 2.92M 4s
[2023-01-27T04:57:16.956+0000] {subprocess.py:93} INFO -   9550K .......... .......... .......... .......... .......... 47% 3.55M 4s
[2023-01-27T04:57:16.971+0000] {subprocess.py:93} INFO -   9600K .......... .......... .......... .......... .......... 47% 3.29M 4s
[2023-01-27T04:57:16.984+0000] {subprocess.py:93} INFO -   9650K .......... .......... .......... .......... .......... 47% 3.68M 4s
[2023-01-27T04:57:17.002+0000] {subprocess.py:93} INFO -   9700K .......... .......... .......... .......... .......... 47% 2.80M 4s
[2023-01-27T04:57:17.011+0000] {subprocess.py:93} INFO -   9750K .......... .......... .......... .......... .......... 48% 4.99M 4s
[2023-01-27T04:57:17.022+0000] {subprocess.py:93} INFO -   9800K .......... .......... .......... .......... .......... 48% 4.78M 4s
[2023-01-27T04:57:17.043+0000] {subprocess.py:93} INFO -   9850K .......... .......... .......... .......... .......... 48% 2.86M 4s
[2023-01-27T04:57:17.071+0000] {subprocess.py:93} INFO -   9900K .......... .......... .......... .......... .......... 48% 1.50M 4s
[2023-01-27T04:57:17.082+0000] {subprocess.py:93} INFO -   9950K .......... .......... .......... .......... .......... 49% 4.51M 4s
[2023-01-27T04:57:17.091+0000] {subprocess.py:93} INFO -  10000K .......... .......... .......... .......... .......... 49% 5.53M 4s
[2023-01-27T04:57:17.104+0000] {subprocess.py:93} INFO -  10050K .......... .......... .......... .......... .......... 49% 3.74M 4s
[2023-01-27T04:57:17.125+0000] {subprocess.py:93} INFO -  10100K .......... .......... .......... .......... .......... 49% 2.31M 4s
[2023-01-27T04:57:17.138+0000] {subprocess.py:93} INFO -  10150K .......... .......... .......... .......... .......... 50% 3.73M 4s
[2023-01-27T04:57:17.149+0000] {subprocess.py:93} INFO -  10200K .......... .......... .......... .......... .......... 50% 4.69M 4s
[2023-01-27T04:57:17.164+0000] {subprocess.py:93} INFO -  10250K .......... .......... .......... .......... .......... 50% 3.18M 4s
[2023-01-27T04:57:17.173+0000] {subprocess.py:93} INFO -  10300K .......... .......... .......... .......... .......... 50% 5.46M 4s
[2023-01-27T04:57:17.209+0000] {subprocess.py:93} INFO -  10350K .......... .......... .......... .......... .......... 51% 1.34M 4s
[2023-01-27T04:57:17.230+0000] {subprocess.py:93} INFO -  10400K .......... .......... .......... .......... .......... 51% 2.41M 4s
[2023-01-27T04:57:17.239+0000] {subprocess.py:93} INFO -  10450K .......... .......... .......... .......... .......... 51% 4.92M 4s
[2023-01-27T04:57:17.248+0000] {subprocess.py:93} INFO -  10500K .......... .......... .......... .......... .......... 51% 5.42M 4s
[2023-01-27T04:57:17.257+0000] {subprocess.py:93} INFO -  10550K .......... .......... .......... .......... .......... 52% 5.56M 4s
[2023-01-27T04:57:17.270+0000] {subprocess.py:93} INFO -  10600K .......... .......... .......... .......... .......... 52% 3.75M 4s
[2023-01-27T04:57:17.284+0000] {subprocess.py:93} INFO -  10650K .......... .......... .......... .......... .......... 52% 3.66M 4s
[2023-01-27T04:57:17.297+0000] {subprocess.py:93} INFO -  10700K .......... .......... .......... .......... .......... 52% 5.48M 4s
[2023-01-27T04:57:17.312+0000] {subprocess.py:93} INFO -  10750K .......... .......... .......... .......... .......... 53% 2.45M 4s
[2023-01-27T04:57:17.339+0000] {subprocess.py:93} INFO -  10800K .......... .......... .......... .......... .......... 53% 1.84M 4s
[2023-01-27T04:57:17.356+0000] {subprocess.py:93} INFO -  10850K .......... .......... .......... .......... .......... 53% 2.80M 4s
[2023-01-27T04:57:17.372+0000] {subprocess.py:93} INFO -  10900K .......... .......... .......... .......... .......... 53% 3.18M 4s
[2023-01-27T04:57:17.381+0000] {subprocess.py:93} INFO -  10950K .......... .......... .......... .......... .......... 54% 5.49M 4s
[2023-01-27T04:57:17.398+0000] {subprocess.py:93} INFO -  11000K .......... .......... .......... .......... .......... 54% 2.76M 4s
[2023-01-27T04:57:17.406+0000] {subprocess.py:93} INFO -  11050K .......... .......... .......... .......... .......... 54% 5.96M 4s
[2023-01-27T04:57:17.415+0000] {subprocess.py:93} INFO -  11100K .......... .......... .......... .......... .......... 54% 5.43M 4s
[2023-01-27T04:57:17.429+0000] {subprocess.py:93} INFO -  11150K .......... .......... .......... .......... .......... 55% 3.71M 4s
[2023-01-27T04:57:17.440+0000] {subprocess.py:93} INFO -  11200K .......... .......... .......... .......... .......... 55% 4.17M 4s
[2023-01-27T04:57:17.449+0000] {subprocess.py:93} INFO -  11250K .......... .......... .......... .......... .......... 55% 5.51M 3s
[2023-01-27T04:57:17.496+0000] {subprocess.py:93} INFO -  11300K .......... .......... .......... .......... .......... 55% 1.03M 3s
[2023-01-27T04:57:17.511+0000] {subprocess.py:93} INFO -  11350K .......... .......... .......... .......... .......... 56% 3.47M 3s
[2023-01-27T04:57:17.524+0000] {subprocess.py:93} INFO -  11400K .......... .......... .......... .......... .......... 56% 3.71M 3s
[2023-01-27T04:57:17.535+0000] {subprocess.py:93} INFO -  11450K .......... .......... .......... .......... .......... 56% 4.50M 3s
[2023-01-27T04:57:17.538+0000] {subprocess.py:93} INFO -  11500K .......... .......... .......... .......... .......... 56% 13.4M 3s
[2023-01-27T04:57:17.546+0000] {subprocess.py:93} INFO -  11550K .......... .......... .......... .......... .......... 57% 6.61M 3s
[2023-01-27T04:57:17.555+0000] {subprocess.py:93} INFO -  11600K .......... .......... .......... .......... .......... 57% 5.19M 3s
[2023-01-27T04:57:17.574+0000] {subprocess.py:93} INFO -  11650K .......... .......... .......... .......... .......... 57% 3.42M 3s
[2023-01-27T04:57:17.578+0000] {subprocess.py:93} INFO -  11700K .......... .......... .......... .......... .......... 57% 5.56M 3s
[2023-01-27T04:57:17.587+0000] {subprocess.py:93} INFO -  11750K .......... .......... .......... .......... .......... 58% 5.53M 3s
[2023-01-27T04:57:17.592+0000] {subprocess.py:93} INFO -  11800K .......... .......... .......... .......... .......... 58% 9.58M 3s
[2023-01-27T04:57:17.605+0000] {subprocess.py:93} INFO -  11850K .......... .......... .......... .......... .......... 58% 3.69M 3s
[2023-01-27T04:57:17.615+0000] {subprocess.py:93} INFO -  11900K .......... .......... .......... .......... .......... 58% 5.24M 3s
[2023-01-27T04:57:17.623+0000] {subprocess.py:93} INFO -  11950K .......... .......... .......... .......... .......... 59% 5.48M 3s
[2023-01-27T04:57:17.682+0000] {subprocess.py:93} INFO -  12000K .......... .......... .......... .......... .......... 59%  863K 3s
[2023-01-27T04:57:17.690+0000] {subprocess.py:93} INFO -  12050K .......... .......... .......... .......... .......... 59% 5.63M 3s
[2023-01-27T04:57:17.699+0000] {subprocess.py:93} INFO -  12100K .......... .......... .......... .......... .......... 59% 5.36M 3s
[2023-01-27T04:57:17.720+0000] {subprocess.py:93} INFO -  12150K .......... .......... .......... .......... .......... 59% 2.38M 3s
[2023-01-27T04:57:17.722+0000] {subprocess.py:93} INFO -  12200K .......... .......... .......... .......... .......... 60% 18.5M 3s
[2023-01-27T04:57:17.751+0000] {subprocess.py:93} INFO -  12250K .......... .......... .......... .......... .......... 60% 1.72M 3s
[2023-01-27T04:57:17.764+0000] {subprocess.py:93} INFO -  12300K .......... .......... .......... .......... .......... 60% 3.75M 3s
[2023-01-27T04:57:17.772+0000] {subprocess.py:93} INFO -  12350K .......... .......... .......... .......... .......... 60% 5.74M 3s
[2023-01-27T04:57:17.794+0000] {subprocess.py:93} INFO -  12400K .......... .......... .......... .......... .......... 61% 2.21M 3s
[2023-01-27T04:57:17.807+0000] {subprocess.py:93} INFO -  12450K .......... .......... .......... .......... .......... 61% 3.69M 3s
[2023-01-27T04:57:17.830+0000] {subprocess.py:93} INFO -  12500K .......... .......... .......... .......... .......... 61% 2.18M 3s
[2023-01-27T04:57:17.839+0000] {subprocess.py:93} INFO -  12550K .......... .......... .......... .......... .......... 61% 5.54M 3s
[2023-01-27T04:57:17.848+0000] {subprocess.py:93} INFO -  12600K .......... .......... .......... .......... .......... 62% 5.50M 3s
[2023-01-27T04:57:17.858+0000] {subprocess.py:93} INFO -  12650K .......... .......... .......... .......... .......... 62% 4.55M 3s
[2023-01-27T04:57:17.881+0000] {subprocess.py:93} INFO -  12700K .......... .......... .......... .......... .......... 62% 2.17M 3s
[2023-01-27T04:57:17.916+0000] {subprocess.py:93} INFO -  12750K .......... .......... .......... .......... .......... 62% 1.37M 3s
[2023-01-27T04:57:17.925+0000] {subprocess.py:93} INFO -  12800K .......... .......... .......... .......... .......... 63% 5.52M 3s
[2023-01-27T04:57:17.938+0000] {subprocess.py:93} INFO -  12850K .......... .......... .......... .......... .......... 63% 3.70M 3s
[2023-01-27T04:57:17.949+0000] {subprocess.py:93} INFO -  12900K .......... .......... .......... .......... .......... 63% 4.50M 3s
[2023-01-27T04:57:17.963+0000] {subprocess.py:93} INFO -  12950K .......... .......... .......... .......... .......... 63% 3.73M 3s
[2023-01-27T04:57:17.976+0000] {subprocess.py:93} INFO -  13000K .......... .......... .......... .......... .......... 64% 3.69M 3s
[2023-01-27T04:57:17.985+0000] {subprocess.py:93} INFO -  13050K .......... .......... .......... .......... .......... 64% 5.27M 3s
[2023-01-27T04:57:18.008+0000] {subprocess.py:93} INFO -  13100K .......... .......... .......... .......... .......... 64% 2.10M 3s
[2023-01-27T04:57:18.028+0000] {subprocess.py:93} INFO -  13150K .......... .......... .......... .......... .......... 64% 2.42M 3s
[2023-01-27T04:57:18.043+0000] {subprocess.py:93} INFO -  13200K .......... .......... .......... .......... .......... 65% 3.31M 3s
[2023-01-27T04:57:18.061+0000] {subprocess.py:93} INFO -  13250K .......... .......... .......... .......... .......... 65% 2.76M 3s
[2023-01-27T04:57:18.077+0000] {subprocess.py:93} INFO -  13300K .......... .......... .......... .......... .......... 65% 2.95M 3s
[2023-01-27T04:57:18.091+0000] {subprocess.py:93} INFO -  13350K .......... .......... .......... .......... .......... 65% 3.67M 3s
[2023-01-27T04:57:18.095+0000] {subprocess.py:93} INFO -  13400K .......... .......... .......... .......... .......... 66% 10.8M 3s
[2023-01-27T04:57:18.104+0000] {subprocess.py:93} INFO -  13450K .......... .......... .......... .......... .......... 66% 5.45M 3s
[2023-01-27T04:57:18.127+0000] {subprocess.py:93} INFO -  13500K .......... .......... .......... .......... .......... 66% 2.15M 3s
[2023-01-27T04:57:18.136+0000] {subprocess.py:93} INFO -  13550K .......... .......... .......... .......... .......... 66% 5.51M 2s
[2023-01-27T04:57:18.149+0000] {subprocess.py:93} INFO -  13600K .......... .......... .......... .......... .......... 67% 5.59M 2s
[2023-01-27T04:57:18.153+0000] {subprocess.py:93} INFO -  13650K .......... .......... .......... .......... .......... 67% 5.50M 2s
[2023-01-27T04:57:18.164+0000] {subprocess.py:93} INFO -  13700K .......... .......... .......... .......... .......... 67% 4.39M 2s
[2023-01-27T04:57:18.173+0000] {subprocess.py:93} INFO -  13750K .......... .......... .......... .......... .......... 67% 5.49M 2s
[2023-01-27T04:57:18.182+0000] {subprocess.py:93} INFO -  13800K .......... .......... .......... .......... .......... 68% 5.52M 2s
[2023-01-27T04:57:18.241+0000] {subprocess.py:93} INFO -  13850K .......... .......... .......... .......... .......... 68%  844K 2s
[2023-01-27T04:57:18.256+0000] {subprocess.py:93} INFO -  13900K .......... .......... .......... .......... .......... 68% 3.21M 2s
[2023-01-27T04:57:18.270+0000] {subprocess.py:93} INFO -  13950K .......... .......... .......... .......... .......... 68% 3.71M 2s
[2023-01-27T04:57:18.292+0000] {subprocess.py:93} INFO -  14000K .......... .......... .......... .......... .......... 69% 2.18M 2s
[2023-01-27T04:57:18.305+0000] {subprocess.py:93} INFO -  14050K .......... .......... .......... .......... .......... 69% 3.72M 2s
[2023-01-27T04:57:18.314+0000] {subprocess.py:93} INFO -  14100K .......... .......... .......... .......... .......... 69% 5.51M 2s
[2023-01-27T04:57:18.320+0000] {subprocess.py:93} INFO -  14150K .......... .......... .......... .......... .......... 69% 7.83M 2s
[2023-01-27T04:57:18.333+0000] {subprocess.py:93} INFO -  14200K .......... .......... .......... .......... .......... 70% 3.77M 2s
[2023-01-27T04:57:18.346+0000] {subprocess.py:93} INFO -  14250K .......... .......... .......... .......... .......... 70% 3.70M 2s
[2023-01-27T04:57:18.358+0000] {subprocess.py:93} INFO -  14300K .......... .......... .......... .......... .......... 70% 4.30M 2s
[2023-01-27T04:57:18.367+0000] {subprocess.py:93} INFO -  14350K .......... .......... .......... .......... .......... 70% 5.45M 2s
[2023-01-27T04:57:18.404+0000] {subprocess.py:93} INFO -  14400K .......... .......... .......... .......... .......... 71% 1.30M 2s
[2023-01-27T04:57:18.413+0000] {subprocess.py:93} INFO -  14450K .......... .......... .......... .......... .......... 71% 5.51M 2s
[2023-01-27T04:57:18.430+0000] {subprocess.py:93} INFO -  14500K .......... .......... .......... .......... .......... 71% 2.85M 2s
[2023-01-27T04:57:18.439+0000] {subprocess.py:93} INFO -  14550K .......... .......... .......... .......... .......... 71% 5.51M 2s
[2023-01-27T04:57:18.452+0000] {subprocess.py:93} INFO -  14600K .......... .......... .......... .......... .......... 72% 3.67M 2s
[2023-01-27T04:57:18.468+0000] {subprocess.py:93} INFO -  14650K .......... .......... .......... .......... .......... 72% 3.04M 2s
[2023-01-27T04:57:18.477+0000] {subprocess.py:93} INFO -  14700K .......... .......... .......... .......... .......... 72% 5.51M 2s
[2023-01-27T04:57:18.487+0000] {subprocess.py:93} INFO -  14750K .......... .......... .......... .......... .......... 72% 5.17M 2s
[2023-01-27T04:57:18.502+0000] {subprocess.py:93} INFO -  14800K .......... .......... .......... .......... .......... 73% 3.17M 2s
[2023-01-27T04:57:18.520+0000] {subprocess.py:93} INFO -  14850K .......... .......... .......... .......... .......... 73% 3.77M 2s
[2023-01-27T04:57:18.538+0000] {subprocess.py:93} INFO -  14900K .......... .......... .......... .......... .......... 73% 2.20M 2s
[2023-01-27T04:57:18.546+0000] {subprocess.py:93} INFO -  14950K .......... .......... .......... .......... .......... 73% 5.44M 2s
[2023-01-27T04:57:18.559+0000] {subprocess.py:93} INFO -  15000K .......... .......... .......... .......... .......... 73% 3.75M 2s
[2023-01-27T04:57:18.596+0000] {subprocess.py:93} INFO -  15050K .......... .......... .......... .......... .......... 74% 1.32M 2s
[2023-01-27T04:57:18.608+0000] {subprocess.py:93} INFO -  15100K .......... .......... .......... .......... .......... 74% 4.26M 2s
[2023-01-27T04:57:18.617+0000] {subprocess.py:93} INFO -  15150K .......... .......... .......... .......... .......... 74% 5.39M 2s
[2023-01-27T04:57:18.631+0000] {subprocess.py:93} INFO -  15200K .......... .......... .......... .......... .......... 74% 3.52M 2s
[2023-01-27T04:57:18.640+0000] {subprocess.py:93} INFO -  15250K .......... .......... .......... .......... .......... 75% 5.47M 2s
[2023-01-27T04:57:18.653+0000] {subprocess.py:93} INFO -  15300K .......... .......... .......... .......... .......... 75% 3.69M 2s
[2023-01-27T04:57:18.661+0000] {subprocess.py:93} INFO -  15350K .......... .......... .......... .......... .......... 75% 5.71M 2s
[2023-01-27T04:57:18.670+0000] {subprocess.py:93} INFO -  15400K .......... .......... .......... .......... .......... 75% 5.61M 2s
[2023-01-27T04:57:18.681+0000] {subprocess.py:93} INFO -  15450K .......... .......... .......... .......... .......... 76% 4.62M 2s
[2023-01-27T04:57:18.701+0000] {subprocess.py:93} INFO -  15500K .......... .......... .......... .......... .......... 76% 2.44M 2s
[2023-01-27T04:57:18.714+0000] {subprocess.py:93} INFO -  15550K .......... .......... .......... .......... .......... 76% 3.70M 2s
[2023-01-27T04:57:18.756+0000] {subprocess.py:93} INFO -  15600K .......... .......... .......... .......... .......... 76% 1.15M 2s
[2023-01-27T04:57:18.768+0000] {subprocess.py:93} INFO -  15650K .......... .......... .......... .......... .......... 77% 4.01M 2s
[2023-01-27T04:57:18.781+0000] {subprocess.py:93} INFO -  15700K .......... .......... .......... .......... .......... 77% 3.89M 2s
[2023-01-27T04:57:18.789+0000] {subprocess.py:93} INFO -  15750K .......... .......... .......... .......... .......... 77% 5.83M 2s
[2023-01-27T04:57:18.801+0000] {subprocess.py:93} INFO -  15800K .......... .......... .......... .......... .......... 77% 4.23M 2s
[2023-01-27T04:57:18.813+0000] {subprocess.py:93} INFO -  15850K .......... .......... .......... .......... .......... 78% 3.95M 2s
[2023-01-27T04:57:18.822+0000] {subprocess.py:93} INFO -  15900K .......... .......... .......... .......... .......... 78% 5.45M 2s
[2023-01-27T04:57:18.834+0000] {subprocess.py:93} INFO -  15950K .......... .......... .......... .......... .......... 78% 3.92M 2s
[2023-01-27T04:57:18.843+0000] {subprocess.py:93} INFO -  16000K .......... .......... .......... .......... .......... 78% 5.53M 2s
[2023-01-27T04:57:18.849+0000] {subprocess.py:93} INFO -  16050K .......... .......... .......... .......... .......... 79% 9.12M 2s
[2023-01-27T04:57:18.863+0000] {subprocess.py:93} INFO -  16100K .......... .......... .......... .......... .......... 79% 3.46M 1s
[2023-01-27T04:57:18.867+0000] {subprocess.py:93} INFO -  16150K .......... .......... .......... .......... .......... 79% 10.7M 1s
[2023-01-27T04:57:18.876+0000] {subprocess.py:93} INFO -  16200K .......... .......... .......... .......... .......... 79% 5.58M 1s
[2023-01-27T04:57:18.880+0000] {subprocess.py:93} INFO -  16250K .......... .......... .......... .......... .......... 80% 11.1M 1s
[2023-01-27T04:57:18.935+0000] {subprocess.py:93} INFO -  16300K .......... .......... .......... .......... .......... 80%  927K 1s
[2023-01-27T04:57:18.948+0000] {subprocess.py:93} INFO -  16350K .......... .......... .......... .......... .......... 80% 3.58M 1s
[2023-01-27T04:57:18.961+0000] {subprocess.py:93} INFO -  16400K .......... .......... .......... .......... .......... 80% 3.73M 1s
[2023-01-27T04:57:18.970+0000] {subprocess.py:93} INFO -  16450K .......... .......... .......... .......... .......... 81% 5.70M 1s
[2023-01-27T04:57:18.976+0000] {subprocess.py:93} INFO -  16500K .......... .......... .......... .......... .......... 81% 8.23M 1s
[2023-01-27T04:57:18.984+0000] {subprocess.py:93} INFO -  16550K .......... .......... .......... .......... .......... 81% 5.80M 1s
[2023-01-27T04:57:18.997+0000] {subprocess.py:93} INFO -  16600K .......... .......... .......... .......... .......... 81% 3.66M 1s
[2023-01-27T04:57:19.011+0000] {subprocess.py:93} INFO -  16650K .......... .......... .......... .......... .......... 82% 3.58M 1s
[2023-01-27T04:57:19.024+0000] {subprocess.py:93} INFO -  16700K .......... .......... .......... .......... .......... 82% 3.71M 1s
[2023-01-27T04:57:19.048+0000] {subprocess.py:93} INFO -  16750K .......... .......... .......... .......... .......... 82% 2.03M 1s
[2023-01-27T04:57:19.061+0000] {subprocess.py:93} INFO -  16800K .......... .......... .......... .......... .......... 82% 3.73M 1s
[2023-01-27T04:57:19.090+0000] {subprocess.py:93} INFO -  16850K .......... .......... .......... .......... .......... 83% 1.70M 1s
[2023-01-27T04:57:19.109+0000] {subprocess.py:93} INFO -  16900K .......... .......... .......... .......... .......... 83% 2.59M 1s
[2023-01-27T04:57:19.122+0000] {subprocess.py:93} INFO -  16950K .......... .......... .......... .......... .......... 83% 5.56M 1s
[2023-01-27T04:57:19.128+0000] {subprocess.py:93} INFO -  17000K .......... .......... .......... .......... .......... 83% 4.62M 1s
[2023-01-27T04:57:19.139+0000] {subprocess.py:93} INFO -  17050K .......... .......... .......... .......... .......... 84% 4.75M 1s
[2023-01-27T04:57:19.147+0000] {subprocess.py:93} INFO -  17100K .......... .......... .......... .......... .......... 84% 5.72M 1s
[2023-01-27T04:57:19.155+0000] {subprocess.py:93} INFO -  17150K .......... .......... .......... .......... .......... 84% 6.23M 1s
[2023-01-27T04:57:19.160+0000] {subprocess.py:93} INFO -  17200K .......... .......... .......... .......... .......... 84% 9.24M 1s
[2023-01-27T04:57:19.169+0000] {subprocess.py:93} INFO -  17250K .......... .......... .......... .......... .......... 85% 5.33M 1s
[2023-01-27T04:57:19.184+0000] {subprocess.py:93} INFO -  17300K .......... .......... .......... .......... .......... 85% 3.26M 1s
[2023-01-27T04:57:19.198+0000] {subprocess.py:93} INFO -  17350K .......... .......... .......... .......... .......... 85% 3.59M 1s
[2023-01-27T04:57:19.209+0000] {subprocess.py:93} INFO -  17400K .......... .......... .......... .......... .......... 85% 4.56M 1s
[2023-01-27T04:57:19.215+0000] {subprocess.py:93} INFO -  17450K .......... .......... .......... .......... .......... 86% 8.22M 1s
[2023-01-27T04:57:19.226+0000] {subprocess.py:93} INFO -  17500K .......... .......... .......... .......... .......... 86% 4.45M 1s
[2023-01-27T04:57:19.239+0000] {subprocess.py:93} INFO -  17550K .......... .......... .......... .......... .......... 86% 3.75M 1s
[2023-01-27T04:57:19.253+0000] {subprocess.py:93} INFO -  17600K .......... .......... .......... .......... .......... 86% 3.42M 1s
[2023-01-27T04:57:19.257+0000] {subprocess.py:93} INFO -  17650K .......... .......... .......... .......... .......... 87% 11.7M 1s
[2023-01-27T04:57:19.265+0000] {subprocess.py:93} INFO -  17700K .......... .......... .......... .......... .......... 87% 6.29M 1s
[2023-01-27T04:57:19.282+0000] {subprocess.py:93} INFO -  17750K .......... .......... .......... .......... .......... 87% 2.82M 1s
[2023-01-27T04:57:19.300+0000] {subprocess.py:93} INFO -  17800K .......... .......... .......... .......... .......... 87% 2.70M 1s
[2023-01-27T04:57:19.315+0000] {subprocess.py:93} INFO -  17850K .......... .......... .......... .......... .......... 88% 3.34M 1s
[2023-01-27T04:57:19.344+0000] {subprocess.py:93} INFO -  17900K .......... .......... .......... .......... .......... 88% 1.69M 1s
[2023-01-27T04:57:19.362+0000] {subprocess.py:93} INFO -  17950K .......... .......... .......... .......... .......... 88% 2.73M 1s
[2023-01-27T04:57:19.376+0000] {subprocess.py:93} INFO -  18000K .......... .......... .......... .......... .......... 88% 3.36M 1s
[2023-01-27T04:57:19.438+0000] {subprocess.py:93} INFO -  18050K .......... .......... .......... .......... .......... 88%  816K 1s
[2023-01-27T04:57:19.478+0000] {subprocess.py:93} INFO -  18100K .......... .......... .......... .......... .......... 89% 1.21M 1s
[2023-01-27T04:57:19.478+0000] {subprocess.py:93} INFO -  18150K .......... .......... .......... .......... .......... 89% 78.9M 1s
[2023-01-27T04:57:19.479+0000] {subprocess.py:93} INFO -  18200K .......... .......... .......... .......... .......... 89% 77.1M 1s
[2023-01-27T04:57:19.486+0000] {subprocess.py:93} INFO -  18250K .......... .......... .......... .......... .......... 89% 6.83M 1s
[2023-01-27T04:57:19.509+0000] {subprocess.py:93} INFO -  18300K .......... .......... .......... .......... .......... 90% 2.14M 1s
[2023-01-27T04:57:19.522+0000] {subprocess.py:93} INFO -  18350K .......... .......... .......... .......... .......... 90% 3.89M 1s
[2023-01-27T04:57:19.535+0000] {subprocess.py:93} INFO -  18400K .......... .......... .......... .......... .......... 90% 3.61M 1s
[2023-01-27T04:57:19.544+0000] {subprocess.py:93} INFO -  18450K .......... .......... .......... .......... .......... 90% 5.42M 1s
[2023-01-27T04:57:19.561+0000] {subprocess.py:93} INFO -  18500K .......... .......... .......... .......... .......... 91% 2.86M 1s
[2023-01-27T04:57:19.575+0000] {subprocess.py:93} INFO -  18550K .......... .......... .......... .......... .......... 91% 3.69M 1s
[2023-01-27T04:57:19.583+0000] {subprocess.py:93} INFO -  18600K .......... .......... .......... .......... .......... 91% 5.57M 1s
[2023-01-27T04:57:19.594+0000] {subprocess.py:93} INFO -  18650K .......... .......... .......... .......... .......... 91% 4.45M 1s
[2023-01-27T04:57:19.609+0000] {subprocess.py:93} INFO -  18700K .......... .......... .......... .......... .......... 92% 3.38M 1s
[2023-01-27T04:57:19.618+0000] {subprocess.py:93} INFO -  18750K .......... .......... .......... .......... .......... 92% 5.58M 1s
[2023-01-27T04:57:19.639+0000] {subprocess.py:93} INFO -  18800K .......... .......... .......... .......... .......... 92% 2.26M 1s
[2023-01-27T04:57:19.662+0000] {subprocess.py:93} INFO -  18850K .......... .......... .......... .......... .......... 92% 2.10M 0s
[2023-01-27T04:57:19.678+0000] {subprocess.py:93} INFO -  18900K .......... .......... .......... .......... .......... 93% 3.20M 0s
[2023-01-27T04:57:19.687+0000] {subprocess.py:93} INFO -  18950K .......... .......... .......... .......... .......... 93% 7.40M 0s
[2023-01-27T04:57:19.695+0000] {subprocess.py:93} INFO -  19000K .......... .......... .......... .......... .......... 93% 4.69M 0s
[2023-01-27T04:57:19.699+0000] {subprocess.py:93} INFO -  19050K .......... .......... .......... .......... .......... 93% 11.0M 0s
[2023-01-27T04:57:19.724+0000] {subprocess.py:93} INFO -  19100K .......... .......... .......... .......... .......... 94% 1.95M 0s
[2023-01-27T04:57:19.733+0000] {subprocess.py:93} INFO -  19150K .......... .......... .......... .......... .......... 94% 5.32M 0s
[2023-01-27T04:57:19.762+0000] {subprocess.py:93} INFO -  19200K .......... .......... .......... .......... .......... 94% 1.69M 0s
[2023-01-27T04:57:19.767+0000] {subprocess.py:93} INFO -  19250K .......... .......... .......... .......... .......... 94% 10.3M 0s
[2023-01-27T04:57:19.776+0000] {subprocess.py:93} INFO -  19300K .......... .......... .......... .......... .......... 95% 5.51M 0s
[2023-01-27T04:57:19.799+0000] {subprocess.py:93} INFO -  19350K .......... .......... .......... .......... .......... 95% 2.37M 0s
[2023-01-27T04:57:19.811+0000] {subprocess.py:93} INFO -  19400K .......... .......... .......... .......... .......... 95% 3.35M 0s
[2023-01-27T04:57:19.818+0000] {subprocess.py:93} INFO -  19450K .......... .......... .......... .......... .......... 95% 6.93M 0s
[2023-01-27T04:57:19.830+0000] {subprocess.py:93} INFO -  19500K .......... .......... .......... .......... .......... 96% 4.14M 0s
[2023-01-27T04:57:19.848+0000] {subprocess.py:93} INFO -  19550K .......... .......... .......... .......... .......... 96% 2.75M 0s
[2023-01-27T04:57:19.856+0000] {subprocess.py:93} INFO -  19600K .......... .......... .......... .......... .......... 96% 5.48M 0s
[2023-01-27T04:57:19.861+0000] {subprocess.py:93} INFO -  19650K .......... .......... .......... .......... .......... 96% 10.9M 0s
[2023-01-27T04:57:19.882+0000] {subprocess.py:93} INFO -  19700K .......... .......... .......... .......... .......... 97% 2.34M 0s
[2023-01-27T04:57:19.903+0000] {subprocess.py:93} INFO -  19750K .......... .......... .......... .......... .......... 97% 2.95M 0s
[2023-01-27T04:57:19.911+0000] {subprocess.py:93} INFO -  19800K .......... .......... .......... .......... .......... 97% 3.70M 0s
[2023-01-27T04:57:19.920+0000] {subprocess.py:93} INFO -  19850K .......... .......... .......... .......... .......... 97% 5.47M 0s
[2023-01-27T04:57:19.925+0000] {subprocess.py:93} INFO -  19900K .......... .......... .......... .......... .......... 98% 11.0M 0s
[2023-01-27T04:57:19.938+0000] {subprocess.py:93} INFO -  19950K .......... .......... .......... .......... .......... 98% 3.80M 0s
[2023-01-27T04:57:19.947+0000] {subprocess.py:93} INFO -  20000K .......... .......... .......... .......... .......... 98% 5.53M 0s
[2023-01-27T04:57:19.979+0000] {subprocess.py:93} INFO -  20050K .......... .......... .......... .......... .......... 98% 1.49M 0s
[2023-01-27T04:57:19.984+0000] {subprocess.py:93} INFO -  20100K .......... .......... .......... .......... .......... 99% 11.0M 0s
[2023-01-27T04:57:19.997+0000] {subprocess.py:93} INFO -  20150K .......... .......... .......... .......... .......... 99% 5.50M 0s
[2023-01-27T04:57:20.020+0000] {subprocess.py:93} INFO -  20200K .......... .......... .......... .......... .......... 99% 1.80M 0s
[2023-01-27T04:57:20.031+0000] {subprocess.py:93} INFO -  20250K .......... .......... .......... .......... .......... 99% 4.42M 0s
[2023-01-27T04:57:20.035+0000] {subprocess.py:93} INFO -  20300K .......... .......... .......... ........             100% 9.90M=6.9s
[2023-01-27T04:57:20.035+0000] {subprocess.py:93} INFO - 
[2023-01-27T04:57:20.035+0000] {subprocess.py:93} INFO - 2023-01-27 04:57:20 (2.86 MB/s) - ‘/opt/***/fhv_tripdata_2019-12.csv.gz’ saved [20826522/20826522]
[2023-01-27T04:57:20.035+0000] {subprocess.py:93} INFO - 
[2023-01-27T04:57:20.035+0000] {subprocess.py:97} INFO - Command exited with return code 0
[2023-01-27T04:57:20.065+0000] {taskinstance.py:1323} INFO - Marking task as SUCCESS. dag_id=fhv_taxi_data_dag_v1, task_id=download_ytd_dataset_from_web, execution_date=20191201T000000, start_date=20230127T045711, end_date=20230127T045720
[2023-01-27T04:57:20.191+0000] {local_task_job.py:208} INFO - Task exited with return code 0
[2023-01-27T04:57:20.218+0000] {taskinstance.py:2578} INFO - 1 downstream tasks scheduled from follow-on schedule check
