[2023-01-27T04:58:54.697+0000] {taskinstance.py:1083} INFO - Dependencies all met for <TaskInstance: fhv_taxi_data_dag_v1.download_ytd_dataset_from_web scheduled__2021-07-01T00:00:00+00:00 [queued]>
[2023-01-27T04:58:54.707+0000] {taskinstance.py:1083} INFO - Dependencies all met for <TaskInstance: fhv_taxi_data_dag_v1.download_ytd_dataset_from_web scheduled__2021-07-01T00:00:00+00:00 [queued]>
[2023-01-27T04:58:54.707+0000] {taskinstance.py:1279} INFO - 
--------------------------------------------------------------------------------
[2023-01-27T04:58:54.707+0000] {taskinstance.py:1280} INFO - Starting attempt 1 of 1
[2023-01-27T04:58:54.707+0000] {taskinstance.py:1281} INFO - 
--------------------------------------------------------------------------------
[2023-01-27T04:58:54.721+0000] {taskinstance.py:1300} INFO - Executing <Task(BashOperator): download_ytd_dataset_from_web> on 2021-07-01 00:00:00+00:00
[2023-01-27T04:58:54.777+0000] {standard_task_runner.py:55} INFO - Started process 7771 to run task
[2023-01-27T04:58:54.780+0000] {standard_task_runner.py:82} INFO - Running: ['***', 'tasks', 'run', 'fhv_taxi_data_dag_v1', 'download_ytd_dataset_from_web', 'scheduled__2021-07-01T00:00:00+00:00', '--job-id', '5798', '--raw', '--subdir', 'DAGS_FOLDER/data_ingestion_gcs_dag_v1_fhv.py', '--cfg-path', '/tmp/tmp55skneqk']
[2023-01-27T04:58:54.782+0000] {standard_task_runner.py:83} INFO - Job 5798: Subtask download_ytd_dataset_from_web
[2023-01-27T04:58:54.847+0000] {task_command.py:388} INFO - Running <TaskInstance: fhv_taxi_data_dag_v1.download_ytd_dataset_from_web scheduled__2021-07-01T00:00:00+00:00 [running]> on host 8bc22b99c76b
[2023-01-27T04:58:54.955+0000] {taskinstance.py:1509} INFO - Exporting the following env vars:
AIRFLOW_CTX_DAG_OWNER=***
AIRFLOW_CTX_DAG_ID=fhv_taxi_data_dag_v1
AIRFLOW_CTX_TASK_ID=download_ytd_dataset_from_web
AIRFLOW_CTX_EXECUTION_DATE=2021-07-01T00:00:00+00:00
AIRFLOW_CTX_TRY_NUMBER=1
AIRFLOW_CTX_DAG_RUN_ID=scheduled__2021-07-01T00:00:00+00:00
[2023-01-27T04:58:54.958+0000] {subprocess.py:63} INFO - Tmp dir root location: 
 /tmp
[2023-01-27T04:58:54.958+0000] {subprocess.py:75} INFO - Running command: ['/bin/bash', '-c', 'wget https://github.com/DataTalksClub/nyc-tlc-data/releases/download/fhv/fhv_tripdata_2021-07.csv.gz -O /opt/***/fhv_tripdata_2021-07.csv.gz']
[2023-01-27T04:58:54.975+0000] {subprocess.py:86} INFO - Output:
[2023-01-27T04:58:54.980+0000] {subprocess.py:93} INFO - --2023-01-27 04:58:54--  https://github.com/DataTalksClub/nyc-tlc-data/releases/download/fhv/fhv_tripdata_2021-07.csv.gz
[2023-01-27T04:58:54.998+0000] {subprocess.py:93} INFO - Resolving github.com (github.com)... 140.82.121.3
[2023-01-27T04:58:55.020+0000] {subprocess.py:93} INFO - Connecting to github.com (github.com)|140.82.121.3|:443... connected.
[2023-01-27T04:58:55.311+0000] {subprocess.py:93} INFO - HTTP request sent, awaiting response... 302 Found
[2023-01-27T04:58:55.311+0000] {subprocess.py:93} INFO - Location: https://objects.githubusercontent.com/github-production-release-asset-2e65be/513814948/8baef51f-c3bd-440d-9df0-8e9f71ef7f45?X-Amz-Algorithm=AWS4-HMAC-SHA256&X-Amz-Credential=AKIAIWNJYAX4CSVEH53A%2F20230127%2Fus-east-1%2Fs3%2Faws4_request&X-Amz-Date=20230127T045727Z&X-Amz-Expires=300&X-Amz-Signature=49821d3d7d3188903b13f96addbfdac31d5cf492da4b1c9df4c06e8125e54226&X-Amz-SignedHeaders=host&actor_id=0&key_id=0&repo_id=513814948&response-content-disposition=attachment%3B%20filename%3Dfhv_tripdata_2021-07.csv.gz&response-content-type=application%2Foctet-stream [following]
[2023-01-27T04:58:55.311+0000] {subprocess.py:93} INFO - --2023-01-27 04:58:55--  https://objects.githubusercontent.com/github-production-release-asset-2e65be/513814948/8baef51f-c3bd-440d-9df0-8e9f71ef7f45?X-Amz-Algorithm=AWS4-HMAC-SHA256&X-Amz-Credential=AKIAIWNJYAX4CSVEH53A%2F20230127%2Fus-east-1%2Fs3%2Faws4_request&X-Amz-Date=20230127T045727Z&X-Amz-Expires=300&X-Amz-Signature=49821d3d7d3188903b13f96addbfdac31d5cf492da4b1c9df4c06e8125e54226&X-Amz-SignedHeaders=host&actor_id=0&key_id=0&repo_id=513814948&response-content-disposition=attachment%3B%20filename%3Dfhv_tripdata_2021-07.csv.gz&response-content-type=application%2Foctet-stream
[2023-01-27T04:58:55.317+0000] {subprocess.py:93} INFO - Resolving objects.githubusercontent.com (objects.githubusercontent.com)... 185.199.110.133, 185.199.111.133, 185.199.109.133, ...
[2023-01-27T04:58:55.339+0000] {subprocess.py:93} INFO - Connecting to objects.githubusercontent.com (objects.githubusercontent.com)|185.199.110.133|:443... connected.
[2023-01-27T04:58:55.695+0000] {subprocess.py:93} INFO - HTTP request sent, awaiting response... 200 OK
[2023-01-27T04:58:55.695+0000] {subprocess.py:93} INFO - Length: 12485680 (12M) [application/octet-stream]
[2023-01-27T04:58:55.695+0000] {subprocess.py:93} INFO - Saving to: ‘/opt/***/fhv_tripdata_2021-07.csv.gz’
[2023-01-27T04:58:55.695+0000] {subprocess.py:93} INFO - 
[2023-01-27T04:58:55.719+0000] {subprocess.py:93} INFO -      0K .......... .......... .......... .......... ..........  0% 2.02M 6s
[2023-01-27T04:58:55.739+0000] {subprocess.py:93} INFO -     50K .......... .......... .......... .......... ..........  0% 2.45M 5s
[2023-01-27T04:58:55.744+0000] {subprocess.py:93} INFO -    100K .......... .......... .......... .......... ..........  1% 9.57M 4s
[2023-01-27T04:58:55.748+0000] {subprocess.py:93} INFO -    150K .......... .......... .......... .......... ..........  1% 13.6M 3s
[2023-01-27T04:58:55.764+0000] {subprocess.py:93} INFO -    200K .......... .......... .......... .......... ..........  2% 2.97M 3s
[2023-01-27T04:58:55.767+0000] {subprocess.py:93} INFO -    250K .......... .......... .......... .......... ..........  2% 15.2M 3s
[2023-01-27T04:58:55.773+0000] {subprocess.py:93} INFO -    300K .......... .......... .......... .......... ..........  2% 8.36M 3s
[2023-01-27T04:58:55.779+0000] {subprocess.py:93} INFO -    350K .......... .......... .......... .......... ..........  3% 7.85M 2s
[2023-01-27T04:58:55.786+0000] {subprocess.py:93} INFO -    400K .......... .......... .......... .......... ..........  3% 7.85M 2s
[2023-01-27T04:58:55.792+0000] {subprocess.py:93} INFO -    450K .......... .......... .......... .......... ..........  4% 7.92M 2s
[2023-01-27T04:58:55.795+0000] {subprocess.py:93} INFO -    500K .......... .......... .......... .......... ..........  4% 13.5M 2s
[2023-01-27T04:58:55.801+0000] {subprocess.py:93} INFO -    550K .......... .......... .......... .......... ..........  4% 8.39M 2s
[2023-01-27T04:58:55.804+0000] {subprocess.py:93} INFO -    600K .......... .......... .......... .......... ..........  5% 15.2M 2s
[2023-01-27T04:58:55.813+0000] {subprocess.py:93} INFO -    650K .......... .......... .......... .......... ..........  5% 5.46M 2s
[2023-01-27T04:58:55.815+0000] {subprocess.py:93} INFO -    700K .......... .......... .......... .......... ..........  6% 32.4M 2s
[2023-01-27T04:58:55.823+0000] {subprocess.py:93} INFO -    750K .......... .......... .......... .......... ..........  6% 6.00M 2s
[2023-01-27T04:58:55.838+0000] {subprocess.py:93} INFO -    800K .......... .......... .......... .......... ..........  6% 3.32M 2s
[2023-01-27T04:58:55.866+0000] {subprocess.py:93} INFO -    850K .......... .......... .......... .......... ..........  7% 1.72M 2s
[2023-01-27T04:58:55.868+0000] {subprocess.py:93} INFO -    900K .......... .......... .......... .......... ..........  7% 20.6M 2s
[2023-01-27T04:58:55.874+0000] {subprocess.py:93} INFO -    950K .......... .......... .......... .......... ..........  8% 8.74M 2s
[2023-01-27T04:58:55.881+0000] {subprocess.py:93} INFO -   1000K .......... .......... .......... .......... ..........  8% 6.95M 2s
[2023-01-27T04:58:55.885+0000] {subprocess.py:93} INFO -   1050K .......... .......... .......... .......... ..........  9% 12.6M 2s
[2023-01-27T04:58:55.899+0000] {subprocess.py:93} INFO -   1100K .......... .......... .......... .......... ..........  9% 3.46M 2s
[2023-01-27T04:58:55.904+0000] {subprocess.py:93} INFO -   1150K .......... .......... .......... .......... ..........  9% 10.3M 2s
[2023-01-27T04:58:55.918+0000] {subprocess.py:93} INFO -   1200K .......... .......... .......... .......... .......... 10% 3.36M 2s
[2023-01-27T04:58:55.930+0000] {subprocess.py:93} INFO -   1250K .......... .......... .......... .......... .......... 10% 4.13M 2s
[2023-01-27T04:58:55.944+0000] {subprocess.py:93} INFO -   1300K .......... .......... .......... .......... .......... 11% 3.40M 2s
[2023-01-27T04:58:55.957+0000] {subprocess.py:93} INFO -   1350K .......... .......... .......... .......... .......... 11% 3.84M 2s
[2023-01-27T04:58:55.967+0000] {subprocess.py:93} INFO -   1400K .......... .......... .......... .......... .......... 11% 5.21M 2s
[2023-01-27T04:58:55.974+0000] {subprocess.py:93} INFO -   1450K .......... .......... .......... .......... .......... 12% 6.45M 2s
[2023-01-27T04:58:55.985+0000] {subprocess.py:93} INFO -   1500K .......... .......... .......... .......... .......... 12% 4.32M 2s
[2023-01-27T04:58:55.992+0000] {subprocess.py:93} INFO -   1550K .......... .......... .......... .......... .......... 13% 7.15M 2s
[2023-01-27T04:58:55.995+0000] {subprocess.py:93} INFO -   1600K .......... .......... .......... .......... .......... 13% 23.0M 2s
[2023-01-27T04:58:56.002+0000] {subprocess.py:93} INFO -   1650K .......... .......... .......... .......... .......... 13% 9.80M 2s
[2023-01-27T04:58:56.015+0000] {subprocess.py:93} INFO -   1700K .......... .......... .......... .......... .......... 14% 3.23M 2s
[2023-01-27T04:58:56.033+0000] {subprocess.py:93} INFO -   1750K .......... .......... .......... .......... .......... 14% 2.79M 2s
[2023-01-27T04:58:56.054+0000] {subprocess.py:93} INFO -   1800K .......... .......... .......... .......... .......... 15% 2.18M 2s
[2023-01-27T04:58:56.061+0000] {subprocess.py:93} INFO -   1850K .......... .......... .......... .......... .......... 15% 7.33M 2s
[2023-01-27T04:58:56.072+0000] {subprocess.py:93} INFO -   1900K .......... .......... .......... .......... .......... 15% 4.47M 2s
[2023-01-27T04:58:56.074+0000] {subprocess.py:93} INFO -   1950K .......... .......... .......... .......... .......... 16% 22.4M 2s
[2023-01-27T04:58:56.081+0000] {subprocess.py:93} INFO -   2000K .......... .......... .......... .......... .......... 16% 6.83M 2s
[2023-01-27T04:58:56.091+0000] {subprocess.py:93} INFO -   2050K .......... .......... .......... .......... .......... 17% 5.15M 2s
[2023-01-27T04:58:56.101+0000] {subprocess.py:93} INFO -   2100K .......... .......... .......... .......... .......... 17% 4.73M 2s
[2023-01-27T04:58:56.121+0000] {subprocess.py:93} INFO -   2150K .......... .......... .......... .......... .......... 18% 2.52M 2s
[2023-01-27T04:58:56.133+0000] {subprocess.py:93} INFO -   2200K .......... .......... .......... .......... .......... 18% 3.75M 2s
[2023-01-27T04:58:56.143+0000] {subprocess.py:93} INFO -   2250K .......... .......... .......... .......... .......... 18% 4.88M 2s
[2023-01-27T04:58:56.154+0000] {subprocess.py:93} INFO -   2300K .......... .......... .......... .......... .......... 19% 4.81M 2s
[2023-01-27T04:58:56.154+0000] {subprocess.py:93} INFO -   2350K .......... .......... .......... .......... .......... 19%  206M 2s
[2023-01-27T04:58:56.167+0000] {subprocess.py:93} INFO -   2400K .......... .......... .......... .......... .......... 20% 3.73M 2s
[2023-01-27T04:58:56.171+0000] {subprocess.py:93} INFO -   2450K .......... .......... .......... .......... .......... 20% 12.5M 2s
[2023-01-27T04:58:56.174+0000] {subprocess.py:93} INFO -   2500K .......... .......... .......... .......... .......... 20% 19.1M 2s
[2023-01-27T04:58:56.175+0000] {subprocess.py:93} INFO -   2550K .......... .......... .......... .......... .......... 21% 24.8M 2s
[2023-01-27T04:58:56.191+0000] {subprocess.py:93} INFO -   2600K .......... .......... .......... .......... .......... 21% 3.13M 2s
[2023-01-27T04:58:56.206+0000] {subprocess.py:93} INFO -   2650K .......... .......... .......... .......... .......... 22% 3.39M 2s
[2023-01-27T04:58:56.226+0000] {subprocess.py:93} INFO -   2700K .......... .......... .......... .......... .......... 22% 2.51M 2s
[2023-01-27T04:58:56.232+0000] {subprocess.py:93} INFO -   2750K .......... .......... .......... .......... .......... 22% 6.86M 2s
[2023-01-27T04:58:56.234+0000] {subprocess.py:93} INFO -   2800K .......... .......... .......... .......... .......... 23% 22.8M 2s
[2023-01-27T04:58:56.242+0000] {subprocess.py:93} INFO -   2850K .......... .......... .......... .......... .......... 23% 6.09M 2s
[2023-01-27T04:58:56.247+0000] {subprocess.py:93} INFO -   2900K .......... .......... .......... .......... .......... 24% 10.9M 2s
[2023-01-27T04:58:56.252+0000] {subprocess.py:93} INFO -   2950K .......... .......... .......... .......... .......... 24% 8.45M 2s
[2023-01-27T04:58:56.259+0000] {subprocess.py:93} INFO -   3000K .......... .......... .......... .......... .......... 25% 6.93M 2s
[2023-01-27T04:58:56.265+0000] {subprocess.py:93} INFO -   3050K .......... .......... .......... .......... .......... 25% 9.71M 2s
[2023-01-27T04:58:56.269+0000] {subprocess.py:93} INFO -   3100K .......... .......... .......... .......... .......... 25% 11.6M 2s
[2023-01-27T04:58:56.285+0000] {subprocess.py:93} INFO -   3150K .......... .......... .......... .......... .......... 26% 3.06M 2s
[2023-01-27T04:58:56.303+0000] {subprocess.py:93} INFO -   3200K .......... .......... .......... .......... .......... 26% 2.74M 2s
[2023-01-27T04:58:56.317+0000] {subprocess.py:93} INFO -   3250K .......... .......... .......... .......... .......... 27% 3.31M 2s
[2023-01-27T04:58:56.326+0000] {subprocess.py:93} INFO -   3300K .......... .......... .......... .......... .......... 27% 5.56M 2s
[2023-01-27T04:58:56.333+0000] {subprocess.py:93} INFO -   3350K .......... .......... .......... .......... .......... 27% 7.48M 2s
[2023-01-27T04:58:56.335+0000] {subprocess.py:93} INFO -   3400K .......... .......... .......... .......... .......... 28% 24.2M 2s
[2023-01-27T04:58:56.337+0000] {subprocess.py:93} INFO -   3450K .......... .......... .......... .......... .......... 28% 16.3M 2s
[2023-01-27T04:58:56.347+0000] {subprocess.py:93} INFO -   3500K .......... .......... .......... .......... .......... 29% 5.14M 2s
[2023-01-27T04:58:56.351+0000] {subprocess.py:93} INFO -   3550K .......... .......... .......... .......... .......... 29% 11.2M 2s
[2023-01-27T04:58:56.357+0000] {subprocess.py:93} INFO -   3600K .......... .......... .......... .......... .......... 29% 8.95M 2s
[2023-01-27T04:58:56.390+0000] {subprocess.py:93} INFO -   3650K .......... .......... .......... .......... .......... 30% 1.48M 2s
[2023-01-27T04:58:56.400+0000] {subprocess.py:93} INFO -   3700K .......... .......... .......... .......... .......... 30% 4.67M 2s
[2023-01-27T04:58:56.409+0000] {subprocess.py:93} INFO -   3750K .......... .......... .......... .......... .......... 31% 7.21M 2s
[2023-01-27T04:58:56.414+0000] {subprocess.py:93} INFO -   3800K .......... .......... .......... .......... .......... 31% 6.61M 2s
[2023-01-27T04:58:56.418+0000] {subprocess.py:93} INFO -   3850K .......... .......... .......... .......... .......... 31% 12.6M 2s
[2023-01-27T04:58:56.425+0000] {subprocess.py:93} INFO -   3900K .......... .......... .......... .......... .......... 32% 7.30M 2s
[2023-01-27T04:58:56.436+0000] {subprocess.py:93} INFO -   3950K .......... .......... .......... .......... .......... 32% 4.41M 2s
[2023-01-27T04:58:56.438+0000] {subprocess.py:93} INFO -   4000K .......... .......... .......... .......... .......... 33% 23.1M 1s
[2023-01-27T04:58:56.442+0000] {subprocess.py:93} INFO -   4050K .......... .......... .......... .......... .......... 33% 21.4M 1s
[2023-01-27T04:58:56.448+0000] {subprocess.py:93} INFO -   4100K .......... .......... .......... .......... .......... 34% 6.12M 1s
[2023-01-27T04:58:56.471+0000] {subprocess.py:93} INFO -   4150K .......... .......... .......... .......... .......... 34% 2.20M 1s
[2023-01-27T04:58:56.481+0000] {subprocess.py:93} INFO -   4200K .......... .......... .......... .......... .......... 34% 4.64M 1s
[2023-01-27T04:58:56.483+0000] {subprocess.py:93} INFO -   4250K .......... .......... .......... .......... .......... 35% 29.8M 1s
[2023-01-27T04:58:56.489+0000] {subprocess.py:93} INFO -   4300K .......... .......... .......... .......... .......... 35% 8.12M 1s
[2023-01-27T04:58:56.496+0000] {subprocess.py:93} INFO -   4350K .......... .......... .......... .......... .......... 36% 7.28M 1s
[2023-01-27T04:58:56.506+0000] {subprocess.py:93} INFO -   4400K .......... .......... .......... .......... .......... 36% 4.87M 1s
[2023-01-27T04:58:56.507+0000] {subprocess.py:93} INFO -   4450K .......... .......... .......... .......... .......... 36%  154M 1s
[2023-01-27T04:58:56.510+0000] {subprocess.py:93} INFO -   4500K .......... .......... .......... .......... .......... 37% 12.1M 1s
[2023-01-27T04:58:56.521+0000] {subprocess.py:93} INFO -   4550K .......... .......... .......... .......... .......... 37% 4.33M 1s
[2023-01-27T04:58:56.524+0000] {subprocess.py:93} INFO -   4600K .......... .......... .......... .......... .......... 38% 19.5M 1s
[2023-01-27T04:58:56.539+0000] {subprocess.py:93} INFO -   4650K .......... .......... .......... .......... .......... 38% 3.12M 1s
[2023-01-27T04:58:56.545+0000] {subprocess.py:93} INFO -   4700K .......... .......... .......... .......... .......... 38% 9.22M 1s
[2023-01-27T04:58:56.552+0000] {subprocess.py:93} INFO -   4750K .......... .......... .......... .......... .......... 39% 7.83M 1s
[2023-01-27T04:58:56.565+0000] {subprocess.py:93} INFO -   4800K .......... .......... .......... .......... .......... 39% 3.43M 1s
[2023-01-27T04:58:56.566+0000] {subprocess.py:93} INFO -   4850K .......... .......... .......... .......... .......... 40%  292M 1s
[2023-01-27T04:58:56.568+0000] {subprocess.py:93} INFO -   4900K .......... .......... .......... .......... .......... 40% 18.6M 1s
[2023-01-27T04:58:56.577+0000] {subprocess.py:93} INFO -   4950K .......... .......... .......... .......... .......... 41% 5.67M 1s
[2023-01-27T04:58:56.577+0000] {subprocess.py:93} INFO -   5000K .......... .......... .......... .......... .......... 41%  264M 1s
[2023-01-27T04:58:56.587+0000] {subprocess.py:93} INFO -   5050K .......... .......... .......... .......... .......... 41% 4.78M 1s
[2023-01-27T04:58:56.598+0000] {subprocess.py:93} INFO -   5100K .......... .......... .......... .......... .......... 42% 4.35M 1s
[2023-01-27T04:58:56.598+0000] {subprocess.py:93} INFO -   5150K .......... .......... .......... .......... .......... 42%  346M 1s
[2023-01-27T04:58:56.602+0000] {subprocess.py:93} INFO -   5200K .......... .......... .......... .......... .......... 43% 12.7M 1s
[2023-01-27T04:58:56.605+0000] {subprocess.py:93} INFO -   5250K .......... .......... .......... .......... .......... 43% 19.4M 1s
[2023-01-27T04:58:56.612+0000] {subprocess.py:93} INFO -   5300K .......... .......... .......... .......... .......... 43% 6.92M 1s
[2023-01-27T04:58:56.614+0000] {subprocess.py:93} INFO -   5350K .......... .......... .......... .......... .......... 44% 23.9M 1s
[2023-01-27T04:58:56.622+0000] {subprocess.py:93} INFO -   5400K .......... .......... .......... .......... .......... 44% 6.06M 1s
[2023-01-27T04:58:56.625+0000] {subprocess.py:93} INFO -   5450K .......... .......... .......... .......... .......... 45% 13.1M 1s
[2023-01-27T04:58:56.631+0000] {subprocess.py:93} INFO -   5500K .......... .......... .......... .......... .......... 45% 8.80M 1s
[2023-01-27T04:58:56.642+0000] {subprocess.py:93} INFO -   5550K .......... .......... .......... .......... .......... 45% 4.80M 1s
[2023-01-27T04:58:56.651+0000] {subprocess.py:93} INFO -   5600K .......... .......... .......... .......... .......... 46% 5.07M 1s
[2023-01-27T04:58:56.651+0000] {subprocess.py:93} INFO -   5650K .......... .......... .......... .......... .......... 46%  233M 1s
[2023-01-27T04:58:56.656+0000] {subprocess.py:93} INFO -   5700K .......... .......... .......... .......... .......... 47% 9.06M 1s
[2023-01-27T04:58:56.658+0000] {subprocess.py:93} INFO -   5750K .......... .......... .......... .......... .......... 47% 32.0M 1s
[2023-01-27T04:58:56.665+0000] {subprocess.py:93} INFO -   5800K .......... .......... .......... .......... .......... 47% 7.05M 1s
[2023-01-27T04:58:56.667+0000] {subprocess.py:93} INFO -   5850K .......... .......... .......... .......... .......... 48% 26.2M 1s
[2023-01-27T04:58:56.674+0000] {subprocess.py:93} INFO -   5900K .......... .......... .......... .......... .......... 48% 7.03M 1s
[2023-01-27T04:58:56.680+0000] {subprocess.py:93} INFO -   5950K .......... .......... .......... .......... .......... 49% 20.4M 1s
[2023-01-27T04:58:56.682+0000] {subprocess.py:93} INFO -   6000K .......... .......... .......... .......... .......... 49% 7.82M 1s
[2023-01-27T04:58:56.691+0000] {subprocess.py:93} INFO -   6050K .......... .......... .......... .......... .......... 50% 6.05M 1s
[2023-01-27T04:58:56.691+0000] {subprocess.py:93} INFO -   6100K .......... .......... .......... .......... .......... 50%  286M 1s
[2023-01-27T04:58:56.691+0000] {subprocess.py:93} INFO -   6150K .......... .......... .......... .......... .......... 50%  326M 1s
[2023-01-27T04:58:56.692+0000] {subprocess.py:93} INFO -   6200K .......... .......... .......... .......... .......... 51%  294M 1s
[2023-01-27T04:58:56.698+0000] {subprocess.py:93} INFO -   6250K .......... .......... .......... .......... .......... 51% 7.32M 1s
[2023-01-27T04:58:56.699+0000] {subprocess.py:93} INFO -   6300K .......... .......... .......... .......... .......... 52% 24.9M 1s
[2023-01-27T04:58:56.704+0000] {subprocess.py:93} INFO -   6350K .......... .......... .......... .......... .......... 52% 17.0M 1s
[2023-01-27T04:58:56.707+0000] {subprocess.py:93} INFO -   6400K .......... .......... .......... .......... .......... 52% 10.2M 1s
[2023-01-27T04:58:56.710+0000] {subprocess.py:93} INFO -   6450K .......... .......... .......... .......... .......... 53% 18.0M 1s
[2023-01-27T04:58:56.714+0000] {subprocess.py:93} INFO -   6500K .......... .......... .......... .......... .......... 53% 12.2M 1s
[2023-01-27T04:58:56.716+0000] {subprocess.py:93} INFO -   6550K .......... .......... .......... .......... .......... 54% 27.9M 1s
[2023-01-27T04:58:56.717+0000] {subprocess.py:93} INFO -   6600K .......... .......... .......... .......... .......... 54% 31.7M 1s
[2023-01-27T04:58:56.720+0000] {subprocess.py:93} INFO -   6650K .......... .......... .......... .......... .......... 54% 19.0M 1s
[2023-01-27T04:58:56.726+0000] {subprocess.py:93} INFO -   6700K .......... .......... .......... .......... .......... 55% 8.94M 1s
[2023-01-27T04:58:56.726+0000] {subprocess.py:93} INFO -   6750K .......... .......... .......... .......... .......... 55%  302M 1s
[2023-01-27T04:58:56.727+0000] {subprocess.py:93} INFO -   6800K .......... .......... .......... .......... .......... 56% 32.4M 1s
[2023-01-27T04:58:56.728+0000] {subprocess.py:93} INFO -   6850K .......... .......... .......... .......... .......... 56%  263M 1s
[2023-01-27T04:58:56.743+0000] {subprocess.py:93} INFO -   6900K .......... .......... .......... .......... .......... 56% 3.21M 1s
[2023-01-27T04:58:56.744+0000] {subprocess.py:93} INFO -   6950K .......... .......... .......... .......... .......... 57%  235M 1s
[2023-01-27T04:58:56.744+0000] {subprocess.py:93} INFO -   7000K .......... .......... .......... .......... .......... 57% 68.3M 1s
[2023-01-27T04:58:56.744+0000] {subprocess.py:93} INFO -   7050K .......... .......... .......... .......... .......... 58%  297M 1s
[2023-01-27T04:58:56.745+0000] {subprocess.py:93} INFO -   7100K .......... .......... .......... .......... .......... 58% 52.4M 1s
[2023-01-27T04:58:56.745+0000] {subprocess.py:93} INFO -   7150K .......... .......... .......... .......... .......... 59%  224M 1s
[2023-01-27T04:58:56.745+0000] {subprocess.py:93} INFO -   7200K .......... .......... .......... .......... .......... 59%  280M 1s
[2023-01-27T04:58:56.750+0000] {subprocess.py:93} INFO -   7250K .......... .......... .......... .......... .......... 59% 10.1M 1s
[2023-01-27T04:58:56.750+0000] {subprocess.py:93} INFO -   7300K .......... .......... .......... .......... .......... 60%  289M 1s
[2023-01-27T04:58:56.751+0000] {subprocess.py:93} INFO -   7350K .......... .......... .......... .......... .......... 60% 46.4M 1s
[2023-01-27T04:58:56.751+0000] {subprocess.py:93} INFO -   7400K .......... .......... .......... .......... .......... 61%  263M 1s
[2023-01-27T04:58:56.759+0000] {subprocess.py:93} INFO -   7450K .......... .......... .......... .......... .......... 61% 6.09M 1s
[2023-01-27T04:58:56.762+0000] {subprocess.py:93} INFO -   7500K .......... .......... .......... .......... .......... 61% 18.2M 1s
[2023-01-27T04:58:56.763+0000] {subprocess.py:93} INFO -   7550K .......... .......... .......... .......... .......... 62% 27.8M 1s
[2023-01-27T04:58:56.766+0000] {subprocess.py:93} INFO -   7600K .......... .......... .......... .......... .......... 62% 20.2M 1s
[2023-01-27T04:58:56.768+0000] {subprocess.py:93} INFO -   7650K .......... .......... .......... .......... .......... 63% 25.8M 1s
[2023-01-27T04:58:56.768+0000] {subprocess.py:93} INFO -   7700K .......... .......... .......... .......... .......... 63%  263M 1s
[2023-01-27T04:58:56.769+0000] {subprocess.py:93} INFO -   7750K .......... .......... .......... .......... .......... 63% 41.4M 1s
[2023-01-27T04:58:56.772+0000] {subprocess.py:93} INFO -   7800K .......... .......... .......... .......... .......... 64% 19.0M 1s
[2023-01-27T04:58:56.776+0000] {subprocess.py:93} INFO -   7850K .......... .......... .......... .......... .......... 64% 12.6M 1s
[2023-01-27T04:58:56.776+0000] {subprocess.py:93} INFO -   7900K .......... .......... .......... .......... .......... 65%  244M 1s
[2023-01-27T04:58:56.778+0000] {subprocess.py:93} INFO -   7950K .......... .......... .......... .......... .......... 65% 28.8M 1s
[2023-01-27T04:58:56.781+0000] {subprocess.py:93} INFO -   8000K .......... .......... .......... .......... .......... 66% 15.3M 1s
[2023-01-27T04:58:56.781+0000] {subprocess.py:93} INFO -   8050K .......... .......... .......... .......... .......... 66%  268M 1s
[2023-01-27T04:58:56.783+0000] {subprocess.py:93} INFO -   8100K .......... .......... .......... .......... .......... 66% 18.3M 1s
[2023-01-27T04:58:56.786+0000] {subprocess.py:93} INFO -   8150K .......... .......... .......... .......... .......... 67% 17.8M 1s
[2023-01-27T04:58:56.788+0000] {subprocess.py:93} INFO -   8200K .......... .......... .......... .......... .......... 67% 34.3M 1s
[2023-01-27T04:58:56.791+0000] {subprocess.py:93} INFO -   8250K .......... .......... .......... .......... .......... 68% 15.2M 1s
[2023-01-27T04:58:56.792+0000] {subprocess.py:93} INFO -   8300K .......... .......... .......... .......... .......... 68%  124M 1s
[2023-01-27T04:58:56.794+0000] {subprocess.py:93} INFO -   8350K .......... .......... .......... .......... .......... 68% 23.1M 0s
[2023-01-27T04:58:56.794+0000] {subprocess.py:93} INFO -   8400K .......... .......... .......... .......... .......... 69%  227M 0s
[2023-01-27T04:58:56.797+0000] {subprocess.py:93} INFO -   8450K .......... .......... .......... .......... .......... 69% 13.6M 0s
[2023-01-27T04:58:56.798+0000] {subprocess.py:93} INFO -   8500K .......... .......... .......... .......... .......... 70%  253M 0s
[2023-01-27T04:58:56.802+0000] {subprocess.py:93} INFO -   8550K .......... .......... .......... .......... .......... 70% 12.2M 0s
[2023-01-27T04:58:56.802+0000] {subprocess.py:93} INFO -   8600K .......... .......... .......... .......... .......... 70%  276M 0s
[2023-01-27T04:58:56.802+0000] {subprocess.py:93} INFO -   8650K .......... .......... .......... .......... .......... 71%  304M 0s
[2023-01-27T04:58:56.804+0000] {subprocess.py:93} INFO -   8700K .......... .......... .......... .......... .......... 71% 21.9M 0s
[2023-01-27T04:58:56.805+0000] {subprocess.py:93} INFO -   8750K .......... .......... .......... .......... .......... 72% 33.7M 0s
[2023-01-27T04:58:56.809+0000] {subprocess.py:93} INFO -   8800K .......... .......... .......... .......... .......... 72% 14.0M 0s
[2023-01-27T04:58:56.809+0000] {subprocess.py:93} INFO -   8850K .......... .......... .......... .......... .......... 72%  227M 0s
[2023-01-27T04:58:56.811+0000] {subprocess.py:93} INFO -   8900K .......... .......... .......... .......... .......... 73% 32.7M 0s
[2023-01-27T04:58:56.814+0000] {subprocess.py:93} INFO -   8950K .......... .......... .......... .......... .......... 73% 14.6M 0s
[2023-01-27T04:58:56.814+0000] {subprocess.py:93} INFO -   9000K .......... .......... .......... .......... .......... 74%  294M 0s
[2023-01-27T04:58:56.816+0000] {subprocess.py:93} INFO -   9050K .......... .......... .......... .......... .......... 74% 30.5M 0s
[2023-01-27T04:58:56.820+0000] {subprocess.py:93} INFO -   9100K .......... .......... .......... .......... .......... 75% 12.8M 0s
[2023-01-27T04:58:56.820+0000] {subprocess.py:93} INFO -   9150K .......... .......... .......... .......... .......... 75% 46.1M 0s
[2023-01-27T04:58:56.824+0000] {subprocess.py:93} INFO -   9200K .......... .......... .......... .......... .......... 75% 15.4M 0s
[2023-01-27T04:58:56.826+0000] {subprocess.py:93} INFO -   9250K .......... .......... .......... .......... .......... 76% 27.9M 0s
[2023-01-27T04:58:56.827+0000] {subprocess.py:93} INFO -   9300K .......... .......... .......... .......... .......... 76% 25.8M 0s
[2023-01-27T04:58:56.828+0000] {subprocess.py:93} INFO -   9350K .......... .......... .......... .......... .......... 77%  292M 0s
[2023-01-27T04:58:56.829+0000] {subprocess.py:93} INFO -   9400K .......... .......... .......... .......... .......... 77% 36.2M 0s
[2023-01-27T04:58:56.838+0000] {subprocess.py:93} INFO -   9450K .......... .......... .......... .......... .......... 77% 5.68M 0s
[2023-01-27T04:58:56.838+0000] {subprocess.py:93} INFO -   9500K .......... .......... .......... .......... .......... 78%  331M 0s
[2023-01-27T04:58:56.838+0000] {subprocess.py:93} INFO -   9550K .......... .......... .......... .......... .......... 78%  354M 0s
[2023-01-27T04:58:56.840+0000] {subprocess.py:93} INFO -   9600K .......... .......... .......... .......... .......... 79%  356M 0s
[2023-01-27T04:58:56.841+0000] {subprocess.py:93} INFO -   9650K .......... .......... .......... .......... .......... 79% 20.5M 0s
[2023-01-27T04:58:56.841+0000] {subprocess.py:93} INFO -   9700K .......... .......... .......... .......... .......... 79%  357M 0s
[2023-01-27T04:58:56.848+0000] {subprocess.py:93} INFO -   9750K .......... .......... .......... .......... .......... 80% 7.24M 0s
[2023-01-27T04:58:56.848+0000] {subprocess.py:93} INFO -   9800K .......... .......... .......... .......... .......... 80%  237M 0s
[2023-01-27T04:58:56.848+0000] {subprocess.py:93} INFO -   9850K .......... .......... .......... .......... .......... 81%  284M 0s
[2023-01-27T04:58:56.849+0000] {subprocess.py:93} INFO -   9900K .......... .......... .......... .......... .......... 81% 33.1M 0s
[2023-01-27T04:58:56.853+0000] {subprocess.py:93} INFO -   9950K .......... .......... .......... .......... .......... 82% 13.1M 0s
[2023-01-27T04:58:56.853+0000] {subprocess.py:93} INFO -  10000K .......... .......... .......... .......... .......... 82% 81.3M 0s
[2023-01-27T04:58:56.856+0000] {subprocess.py:93} INFO -  10050K .......... .......... .......... .......... .......... 82% 21.1M 0s
[2023-01-27T04:58:56.858+0000] {subprocess.py:93} INFO -  10100K .......... .......... .......... .......... .......... 83% 18.3M 0s
[2023-01-27T04:58:56.859+0000] {subprocess.py:93} INFO -  10150K .......... .......... .......... .......... .......... 83%  274M 0s
[2023-01-27T04:58:56.860+0000] {subprocess.py:93} INFO -  10200K .......... .......... .......... .......... .......... 84% 36.6M 0s
[2023-01-27T04:58:56.861+0000] {subprocess.py:93} INFO -  10250K .......... .......... .......... .......... .......... 84% 38.8M 0s
[2023-01-27T04:58:56.865+0000] {subprocess.py:93} INFO -  10300K .......... .......... .......... .......... .......... 84% 11.9M 0s
[2023-01-27T04:58:56.866+0000] {subprocess.py:93} INFO -  10350K .......... .......... .......... .......... .......... 85%  264M 0s
[2023-01-27T04:58:56.867+0000] {subprocess.py:93} INFO -  10400K .......... .......... .......... .......... .......... 85% 28.0M 0s
[2023-01-27T04:58:56.872+0000] {subprocess.py:93} INFO -  10450K .......... .......... .......... .......... .......... 86% 11.1M 0s
[2023-01-27T04:58:56.872+0000] {subprocess.py:93} INFO -  10500K .......... .......... .......... .......... .......... 86%  198M 0s
[2023-01-27T04:58:56.872+0000] {subprocess.py:93} INFO -  10550K .......... .......... .......... .......... .......... 86%  291M 0s
[2023-01-27T04:58:56.876+0000] {subprocess.py:93} INFO -  10600K .......... .......... .......... .......... .......... 87% 11.5M 0s
[2023-01-27T04:58:56.877+0000] {subprocess.py:93} INFO -  10650K .......... .......... .......... .......... .......... 87%  276M 0s
[2023-01-27T04:58:56.881+0000] {subprocess.py:93} INFO -  10700K .......... .......... .......... .......... .......... 88% 11.3M 0s
[2023-01-27T04:58:56.882+0000] {subprocess.py:93} INFO -  10750K .......... .......... .......... .......... .......... 88%  190M 0s
[2023-01-27T04:58:56.882+0000] {subprocess.py:93} INFO -  10800K .......... .......... .......... .......... .......... 88%  127M 0s
[2023-01-27T04:58:56.883+0000] {subprocess.py:93} INFO -  10850K .......... .......... .......... .......... .......... 89% 30.4M 0s
[2023-01-27T04:58:56.884+0000] {subprocess.py:93} INFO -  10900K .......... .......... .......... .......... .......... 89% 81.6M 0s
[2023-01-27T04:58:56.884+0000] {subprocess.py:93} INFO -  10950K .......... .......... .......... .......... .......... 90%  292M 0s
[2023-01-27T04:58:56.889+0000] {subprocess.py:93} INFO -  11000K .......... .......... .......... .......... .......... 90% 9.69M 0s
[2023-01-27T04:58:56.889+0000] {subprocess.py:93} INFO -  11050K .......... .......... .......... .......... .......... 91% 78.8M 0s
[2023-01-27T04:58:56.891+0000] {subprocess.py:93} INFO -  11100K .......... .......... .......... .......... .......... 91% 32.7M 0s
[2023-01-27T04:58:56.891+0000] {subprocess.py:93} INFO -  11150K .......... .......... .......... .......... .......... 91%  261M 0s
[2023-01-27T04:58:56.892+0000] {subprocess.py:93} INFO -  11200K .......... .......... .......... .......... .......... 92%  315M 0s
[2023-01-27T04:58:56.896+0000] {subprocess.py:93} INFO -  11250K .......... .......... .......... .......... .......... 92% 10.3M 0s
[2023-01-27T04:58:56.897+0000] {subprocess.py:93} INFO -  11300K .......... .......... .......... .......... .......... 93%  239M 0s
[2023-01-27T04:58:56.897+0000] {subprocess.py:93} INFO -  11350K .......... .......... .......... .......... .......... 93%  308M 0s
[2023-01-27T04:58:56.899+0000] {subprocess.py:93} INFO -  11400K .......... .......... .......... .......... .......... 93% 20.0M 0s
[2023-01-27T04:58:56.901+0000] {subprocess.py:93} INFO -  11450K .......... .......... .......... .......... .......... 94% 23.9M 0s
[2023-01-27T04:58:56.904+0000] {subprocess.py:93} INFO -  11500K .......... .......... .......... .......... .......... 94% 14.3M 0s
[2023-01-27T04:58:56.905+0000] {subprocess.py:93} INFO -  11550K .......... .......... .......... .......... .......... 95%  247M 0s
[2023-01-27T04:58:56.907+0000] {subprocess.py:93} INFO -  11600K .......... .......... .......... .......... .......... 95% 16.6M 0s
[2023-01-27T04:58:56.908+0000] {subprocess.py:93} INFO -  11650K .......... .......... .......... .......... .......... 95% 55.7M 0s
[2023-01-27T04:58:56.909+0000] {subprocess.py:93} INFO -  11700K .......... .......... .......... .......... .......... 96% 49.3M 0s
[2023-01-27T04:58:56.912+0000] {subprocess.py:93} INFO -  11750K .......... .......... .......... .......... .......... 96% 20.6M 0s
[2023-01-27T04:58:56.912+0000] {subprocess.py:93} INFO -  11800K .......... .......... .......... .......... .......... 97%  279M 0s
[2023-01-27T04:58:56.915+0000] {subprocess.py:93} INFO -  11850K .......... .......... .......... .......... .......... 97% 13.5M 0s
[2023-01-27T04:58:56.916+0000] {subprocess.py:93} INFO -  11900K .......... .......... .......... .......... .......... 98%  278M 0s
[2023-01-27T04:58:56.918+0000] {subprocess.py:93} INFO -  11950K .......... .......... .......... .......... .......... 98% 19.3M 0s
[2023-01-27T04:58:56.918+0000] {subprocess.py:93} INFO -  12000K .......... .......... .......... .......... .......... 98%  262M 0s
[2023-01-27T04:58:56.922+0000] {subprocess.py:93} INFO -  12050K .......... .......... .......... .......... .......... 99% 13.4M 0s
[2023-01-27T04:58:56.922+0000] {subprocess.py:93} INFO -  12100K .......... .......... .......... .......... .......... 99%  292M 0s
[2023-01-27T04:58:56.924+0000] {subprocess.py:93} INFO -  12150K .......... .......... .......... .......... ...       100% 61.2M=1.2s
[2023-01-27T04:58:56.925+0000] {subprocess.py:93} INFO - 
[2023-01-27T04:58:56.925+0000] {subprocess.py:93} INFO - 2023-01-27 04:58:56 (9.70 MB/s) - ‘/opt/***/fhv_tripdata_2021-07.csv.gz’ saved [12485680/12485680]
[2023-01-27T04:58:56.925+0000] {subprocess.py:93} INFO - 
[2023-01-27T04:58:56.926+0000] {subprocess.py:97} INFO - Command exited with return code 0
[2023-01-27T04:58:56.987+0000] {taskinstance.py:1323} INFO - Marking task as SUCCESS. dag_id=fhv_taxi_data_dag_v1, task_id=download_ytd_dataset_from_web, execution_date=20210701T000000, start_date=20230127T045854, end_date=20230127T045856
[2023-01-27T04:58:57.129+0000] {local_task_job.py:208} INFO - Task exited with return code 0
[2023-01-27T04:58:57.188+0000] {taskinstance.py:2578} INFO - 1 downstream tasks scheduled from follow-on schedule check
