[2023-01-27T04:58:54.688+0000] {taskinstance.py:1083} INFO - Dependencies all met for <TaskInstance: fhv_taxi_data_dag_v1.download_ytd_dataset_from_web scheduled__2021-06-01T00:00:00+00:00 [queued]>
[2023-01-27T04:58:54.698+0000] {taskinstance.py:1083} INFO - Dependencies all met for <TaskInstance: fhv_taxi_data_dag_v1.download_ytd_dataset_from_web scheduled__2021-06-01T00:00:00+00:00 [queued]>
[2023-01-27T04:58:54.698+0000] {taskinstance.py:1279} INFO - 
--------------------------------------------------------------------------------
[2023-01-27T04:58:54.699+0000] {taskinstance.py:1280} INFO - Starting attempt 1 of 1
[2023-01-27T04:58:54.699+0000] {taskinstance.py:1281} INFO - 
--------------------------------------------------------------------------------
[2023-01-27T04:58:54.711+0000] {taskinstance.py:1300} INFO - Executing <Task(BashOperator): download_ytd_dataset_from_web> on 2021-06-01 00:00:00+00:00
[2023-01-27T04:58:54.717+0000] {standard_task_runner.py:55} INFO - Started process 7769 to run task
[2023-01-27T04:58:54.720+0000] {standard_task_runner.py:82} INFO - Running: ['***', 'tasks', 'run', 'fhv_taxi_data_dag_v1', 'download_ytd_dataset_from_web', 'scheduled__2021-06-01T00:00:00+00:00', '--job-id', '5797', '--raw', '--subdir', 'DAGS_FOLDER/data_ingestion_gcs_dag_v1_fhv.py', '--cfg-path', '/tmp/tmpwkdq0_z5']
[2023-01-27T04:58:54.721+0000] {standard_task_runner.py:83} INFO - Job 5797: Subtask download_ytd_dataset_from_web
[2023-01-27T04:58:54.831+0000] {task_command.py:388} INFO - Running <TaskInstance: fhv_taxi_data_dag_v1.download_ytd_dataset_from_web scheduled__2021-06-01T00:00:00+00:00 [running]> on host 8bc22b99c76b
[2023-01-27T04:58:54.943+0000] {taskinstance.py:1509} INFO - Exporting the following env vars:
AIRFLOW_CTX_DAG_OWNER=***
AIRFLOW_CTX_DAG_ID=fhv_taxi_data_dag_v1
AIRFLOW_CTX_TASK_ID=download_ytd_dataset_from_web
AIRFLOW_CTX_EXECUTION_DATE=2021-06-01T00:00:00+00:00
AIRFLOW_CTX_TRY_NUMBER=1
AIRFLOW_CTX_DAG_RUN_ID=scheduled__2021-06-01T00:00:00+00:00
[2023-01-27T04:58:54.945+0000] {subprocess.py:63} INFO - Tmp dir root location: 
 /tmp
[2023-01-27T04:58:54.945+0000] {subprocess.py:75} INFO - Running command: ['/bin/bash', '-c', 'wget https://github.com/DataTalksClub/nyc-tlc-data/releases/download/fhv/fhv_tripdata_2021-06.csv.gz -O /opt/***/fhv_tripdata_2021-06.csv.gz']
[2023-01-27T04:58:54.961+0000] {subprocess.py:86} INFO - Output:
[2023-01-27T04:58:54.966+0000] {subprocess.py:93} INFO - --2023-01-27 04:58:54--  https://github.com/DataTalksClub/nyc-tlc-data/releases/download/fhv/fhv_tripdata_2021-06.csv.gz
[2023-01-27T04:58:54.986+0000] {subprocess.py:93} INFO - Resolving github.com (github.com)... 140.82.121.3
[2023-01-27T04:58:55.012+0000] {subprocess.py:93} INFO - Connecting to github.com (github.com)|140.82.121.3|:443... connected.
[2023-01-27T04:58:55.325+0000] {subprocess.py:93} INFO - HTTP request sent, awaiting response... 302 Found
[2023-01-27T04:58:55.325+0000] {subprocess.py:93} INFO - Location: https://objects.githubusercontent.com/github-production-release-asset-2e65be/513814948/e26124a8-e0bf-4bb6-9f5b-fa785c181da7?X-Amz-Algorithm=AWS4-HMAC-SHA256&X-Amz-Credential=AKIAIWNJYAX4CSVEH53A%2F20230127%2Fus-east-1%2Fs3%2Faws4_request&X-Amz-Date=20230127T045727Z&X-Amz-Expires=300&X-Amz-Signature=acd9116114f3cc4d8eac00614e824760619752642319c48b2d10591d929a51b7&X-Amz-SignedHeaders=host&actor_id=0&key_id=0&repo_id=513814948&response-content-disposition=attachment%3B%20filename%3Dfhv_tripdata_2021-06.csv.gz&response-content-type=application%2Foctet-stream [following]
[2023-01-27T04:58:55.326+0000] {subprocess.py:93} INFO - --2023-01-27 04:58:55--  https://objects.githubusercontent.com/github-production-release-asset-2e65be/513814948/e26124a8-e0bf-4bb6-9f5b-fa785c181da7?X-Amz-Algorithm=AWS4-HMAC-SHA256&X-Amz-Credential=AKIAIWNJYAX4CSVEH53A%2F20230127%2Fus-east-1%2Fs3%2Faws4_request&X-Amz-Date=20230127T045727Z&X-Amz-Expires=300&X-Amz-Signature=acd9116114f3cc4d8eac00614e824760619752642319c48b2d10591d929a51b7&X-Amz-SignedHeaders=host&actor_id=0&key_id=0&repo_id=513814948&response-content-disposition=attachment%3B%20filename%3Dfhv_tripdata_2021-06.csv.gz&response-content-type=application%2Foctet-stream
[2023-01-27T04:58:55.338+0000] {subprocess.py:93} INFO - Resolving objects.githubusercontent.com (objects.githubusercontent.com)... 185.199.108.133, 185.199.110.133, 185.199.111.133, ...
[2023-01-27T04:58:55.364+0000] {subprocess.py:93} INFO - Connecting to objects.githubusercontent.com (objects.githubusercontent.com)|185.199.108.133|:443... connected.
[2023-01-27T04:58:55.744+0000] {subprocess.py:93} INFO - HTTP request sent, awaiting response... 200 OK
[2023-01-27T04:58:55.744+0000] {subprocess.py:93} INFO - Length: 13387828 (13M) [application/octet-stream]
[2023-01-27T04:58:55.744+0000] {subprocess.py:93} INFO - Saving to: ‘/opt/***/fhv_tripdata_2021-06.csv.gz’
[2023-01-27T04:58:55.744+0000] {subprocess.py:93} INFO - 
[2023-01-27T04:58:55.774+0000] {subprocess.py:93} INFO -      0K .......... .......... .......... .......... ..........  0% 1.64M 8s
[2023-01-27T04:58:55.798+0000] {subprocess.py:93} INFO -     50K .......... .......... .......... .......... ..........  0% 2.02M 7s
[2023-01-27T04:58:55.804+0000] {subprocess.py:93} INFO -    100K .......... .......... .......... .......... ..........  1% 7.79M 5s
[2023-01-27T04:58:55.813+0000] {subprocess.py:93} INFO -    150K .......... .......... .......... .......... ..........  1% 5.39M 4s
[2023-01-27T04:58:55.820+0000] {subprocess.py:93} INFO -    200K .......... .......... .......... .......... ..........  1% 7.88M 4s
[2023-01-27T04:58:55.835+0000] {subprocess.py:93} INFO -    250K .......... .......... .......... .......... ..........  2% 3.09M 4s
[2023-01-27T04:58:55.850+0000] {subprocess.py:93} INFO -    300K .......... .......... .......... .......... ..........  2% 3.39M 4s
[2023-01-27T04:58:55.866+0000] {subprocess.py:93} INFO -    350K .......... .......... .......... .......... ..........  3% 2.96M 4s
[2023-01-27T04:58:55.869+0000] {subprocess.py:93} INFO -    400K .......... .......... .......... .......... ..........  3% 21.2M 3s
[2023-01-27T04:58:55.872+0000] {subprocess.py:93} INFO -    450K .......... .......... .......... .......... ..........  3% 13.2M 3s
[2023-01-27T04:58:55.874+0000] {subprocess.py:93} INFO -    500K .......... .......... .......... .......... ..........  4% 26.7M 3s
[2023-01-27T04:58:55.881+0000] {subprocess.py:93} INFO -    550K .......... .......... .......... .......... ..........  4% 6.98M 3s
[2023-01-27T04:58:55.882+0000] {subprocess.py:93} INFO -    600K .......... .......... .......... .......... ..........  4%  242M 3s
[2023-01-27T04:58:55.884+0000] {subprocess.py:93} INFO -    650K .......... .......... .......... .......... ..........  5% 19.6M 2s
[2023-01-27T04:58:55.884+0000] {subprocess.py:93} INFO -    700K .......... .......... .......... .......... ..........  5%  262M 2s
[2023-01-27T04:58:55.900+0000] {subprocess.py:93} INFO -    750K .......... .......... .......... .......... ..........  6% 3.15M 2s
[2023-01-27T04:58:55.900+0000] {subprocess.py:93} INFO -    800K .......... .......... .......... .......... ..........  6%  160M 2s
[2023-01-27T04:58:55.900+0000] {subprocess.py:93} INFO -    850K .......... .......... .......... .......... ..........  6%  264M 2s
[2023-01-27T04:58:55.902+0000] {subprocess.py:93} INFO -    900K .......... .......... .......... .......... ..........  7% 24.8M 2s
[2023-01-27T04:58:55.902+0000] {subprocess.py:93} INFO -    950K .......... .......... .......... .......... ..........  7%  353M 2s
[2023-01-27T04:58:55.904+0000] {subprocess.py:93} INFO -   1000K .......... .......... .......... .......... ..........  8% 24.9M 2s
[2023-01-27T04:58:55.910+0000] {subprocess.py:93} INFO -   1050K .......... .......... .......... .......... ..........  8% 8.25M 2s
[2023-01-27T04:58:55.910+0000] {subprocess.py:93} INFO -   1100K .......... .......... .......... .......... ..........  8%  264M 2s
[2023-01-27T04:58:55.912+0000] {subprocess.py:93} INFO -   1150K .......... .......... .......... .......... ..........  9% 23.9M 2s
[2023-01-27T04:58:55.918+0000] {subprocess.py:93} INFO -   1200K .......... .......... .......... .......... ..........  9% 7.89M 2s
[2023-01-27T04:58:55.926+0000] {subprocess.py:93} INFO -   1250K .......... .......... .......... .......... ..........  9% 6.22M 2s
[2023-01-27T04:58:55.930+0000] {subprocess.py:93} INFO -   1300K .......... .......... .......... .......... .......... 10% 12.2M 2s
[2023-01-27T04:58:55.940+0000] {subprocess.py:93} INFO -   1350K .......... .......... .......... .......... .......... 10% 4.77M 2s
[2023-01-27T04:58:55.961+0000] {subprocess.py:93} INFO -   1400K .......... .......... .......... .......... .......... 11% 2.38M 2s
[2023-01-27T04:58:55.963+0000] {subprocess.py:93} INFO -   1450K .......... .......... .......... .......... .......... 11% 27.9M 2s
[2023-01-27T04:58:55.963+0000] {subprocess.py:93} INFO -   1500K .......... .......... .......... .......... .......... 11%  340M 2s
[2023-01-27T04:58:55.969+0000] {subprocess.py:93} INFO -   1550K .......... .......... .......... .......... .......... 12% 8.68M 2s
[2023-01-27T04:58:55.969+0000] {subprocess.py:93} INFO -   1600K .......... .......... .......... .......... .......... 12%  294M 2s
[2023-01-27T04:58:55.970+0000] {subprocess.py:93} INFO -   1650K .......... .......... .......... .......... .......... 13% 42.7M 2s
[2023-01-27T04:58:55.974+0000] {subprocess.py:93} INFO -   1700K .......... .......... .......... .......... .......... 13% 11.1M 1s
[2023-01-27T04:58:55.975+0000] {subprocess.py:93} INFO -   1750K .......... .......... .......... .......... .......... 13%  187M 1s
[2023-01-27T04:58:55.976+0000] {subprocess.py:93} INFO -   1800K .......... .......... .......... .......... .......... 14% 29.4M 1s
[2023-01-27T04:58:55.979+0000] {subprocess.py:93} INFO -   1850K .......... .......... .......... .......... .......... 14% 16.3M 1s
[2023-01-27T04:58:55.981+0000] {subprocess.py:93} INFO -   1900K .......... .......... .......... .......... .......... 14% 24.0M 1s
[2023-01-27T04:58:55.985+0000] {subprocess.py:93} INFO -   1950K .......... .......... .......... .......... .......... 15% 12.5M 1s
[2023-01-27T04:58:55.987+0000] {subprocess.py:93} INFO -   2000K .......... .......... .......... .......... .......... 15% 26.8M 1s
[2023-01-27T04:58:55.992+0000] {subprocess.py:93} INFO -   2050K .......... .......... .......... .......... .......... 16% 9.39M 1s
[2023-01-27T04:58:55.999+0000] {subprocess.py:93} INFO -   2100K .......... .......... .......... .......... .......... 16% 6.80M 1s
[2023-01-27T04:58:56.000+0000] {subprocess.py:93} INFO -   2150K .......... .......... .......... .......... .......... 16%  174M 1s
[2023-01-27T04:58:56.007+0000] {subprocess.py:93} INFO -   2200K .......... .......... .......... .......... .......... 17% 6.61M 1s
[2023-01-27T04:58:56.007+0000] {subprocess.py:93} INFO -   2250K .......... .......... .......... .......... .......... 17%  212M 1s
[2023-01-27T04:58:56.014+0000] {subprocess.py:93} INFO -   2300K .......... .......... .......... .......... .......... 17% 7.28M 1s
[2023-01-27T04:58:56.020+0000] {subprocess.py:93} INFO -   2350K .......... .......... .......... .......... .......... 18% 7.71M 1s
[2023-01-27T04:58:56.031+0000] {subprocess.py:93} INFO -   2400K .......... .......... .......... .......... .......... 18% 4.47M 1s
[2023-01-27T04:58:56.035+0000] {subprocess.py:93} INFO -   2450K .......... .......... .......... .......... .......... 19% 13.5M 1s
[2023-01-27T04:58:56.048+0000] {subprocess.py:93} INFO -   2500K .......... .......... .......... .......... .......... 19% 3.79M 1s
[2023-01-27T04:58:56.052+0000] {subprocess.py:93} INFO -   2550K .......... .......... .......... .......... .......... 19% 11.1M 1s
[2023-01-27T04:58:56.054+0000] {subprocess.py:93} INFO -   2600K .......... .......... .......... .......... .......... 20% 34.2M 1s
[2023-01-27T04:58:56.055+0000] {subprocess.py:93} INFO -   2650K .......... .......... .......... .......... .......... 20% 40.6M 1s
[2023-01-27T04:58:56.058+0000] {subprocess.py:93} INFO -   2700K .......... .......... .......... .......... .......... 21% 14.1M 1s
[2023-01-27T04:58:56.060+0000] {subprocess.py:93} INFO -   2750K .......... .......... .......... .......... .......... 21% 22.6M 1s
[2023-01-27T04:58:56.062+0000] {subprocess.py:93} INFO -   2800K .......... .......... .......... .......... .......... 21% 34.5M 1s
[2023-01-27T04:58:56.063+0000] {subprocess.py:93} INFO -   2850K .......... .......... .......... .......... .......... 22% 41.9M 1s
[2023-01-27T04:58:56.067+0000] {subprocess.py:93} INFO -   2900K .......... .......... .......... .......... .......... 22% 13.6M 1s
[2023-01-27T04:58:56.073+0000] {subprocess.py:93} INFO -   2950K .......... .......... .......... .......... .......... 22% 7.55M 1s
[2023-01-27T04:58:56.075+0000] {subprocess.py:93} INFO -   3000K .......... .......... .......... .......... .......... 23% 25.9M 1s
[2023-01-27T04:58:56.079+0000] {subprocess.py:93} INFO -   3050K .......... .......... .......... .......... .......... 23% 15.9M 1s
[2023-01-27T04:58:56.082+0000] {subprocess.py:93} INFO -   3100K .......... .......... .......... .......... .......... 24% 13.3M 1s
[2023-01-27T04:58:56.084+0000] {subprocess.py:93} INFO -   3150K .......... .......... .......... .......... .......... 24% 23.3M 1s
[2023-01-27T04:58:56.092+0000] {subprocess.py:93} INFO -   3200K .......... .......... .......... .......... .......... 24% 5.81M 1s
[2023-01-27T04:58:56.093+0000] {subprocess.py:93} INFO -   3250K .......... .......... .......... .......... .......... 25% 44.6M 1s
[2023-01-27T04:58:56.094+0000] {subprocess.py:93} INFO -   3300K .......... .......... .......... .......... .......... 25% 51.5M 1s
[2023-01-27T04:58:56.098+0000] {subprocess.py:93} INFO -   3350K .......... .......... .......... .......... .......... 26% 28.8M 1s
[2023-01-27T04:58:56.098+0000] {subprocess.py:93} INFO -   3400K .......... .......... .......... .......... .......... 26%  187M 1s
[2023-01-27T04:58:56.103+0000] {subprocess.py:93} INFO -   3450K .......... .......... .......... .......... .......... 26% 6.71M 1s
[2023-01-27T04:58:56.107+0000] {subprocess.py:93} INFO -   3500K .......... .......... .......... .......... .......... 27% 12.4M 1s
[2023-01-27T04:58:56.121+0000] {subprocess.py:93} INFO -   3550K .......... .......... .......... .......... .......... 27% 3.67M 1s
[2023-01-27T04:58:56.126+0000] {subprocess.py:93} INFO -   3600K .......... .......... .......... .......... .......... 27% 9.22M 1s
[2023-01-27T04:58:56.131+0000] {subprocess.py:93} INFO -   3650K .......... .......... .......... .......... .......... 28% 10.1M 1s
[2023-01-27T04:58:56.144+0000] {subprocess.py:93} INFO -   3700K .......... .......... .......... .......... .......... 28% 3.90M 1s
[2023-01-27T04:58:56.144+0000] {subprocess.py:93} INFO -   3750K .......... .......... .......... .......... .......... 29%  149M 1s
[2023-01-27T04:58:56.145+0000] {subprocess.py:93} INFO -   3800K .......... .......... .......... .......... .......... 29%  177M 1s
[2023-01-27T04:58:56.153+0000] {subprocess.py:93} INFO -   3850K .......... .......... .......... .......... .......... 29% 5.53M 1s
[2023-01-27T04:58:56.155+0000] {subprocess.py:93} INFO -   3900K .......... .......... .......... .......... .......... 30% 27.4M 1s
[2023-01-27T04:58:56.155+0000] {subprocess.py:93} INFO -   3950K .......... .......... .......... .......... .......... 30%  216M 1s
[2023-01-27T04:58:56.157+0000] {subprocess.py:93} INFO -   4000K .......... .......... .......... .......... .......... 30% 30.6M 1s
[2023-01-27T04:58:56.157+0000] {subprocess.py:93} INFO -   4050K .......... .......... .......... .......... .......... 31%  217M 1s
[2023-01-27T04:58:56.169+0000] {subprocess.py:93} INFO -   4100K .......... .......... .......... .......... .......... 31% 4.40M 1s
[2023-01-27T04:58:56.169+0000] {subprocess.py:93} INFO -   4150K .......... .......... .......... .......... .......... 32%  242M 1s
[2023-01-27T04:58:56.169+0000] {subprocess.py:93} INFO -   4200K .......... .......... .......... .......... .......... 32%  287M 1s
[2023-01-27T04:58:56.169+0000] {subprocess.py:93} INFO -   4250K .......... .......... .......... .......... .......... 32%  320M 1s
[2023-01-27T04:58:56.169+0000] {subprocess.py:93} INFO -   4300K .......... .......... .......... .......... .......... 33%  315M 1s
[2023-01-27T04:58:56.171+0000] {subprocess.py:93} INFO -   4350K .......... .......... .......... .......... .......... 33% 16.8M 1s
[2023-01-27T04:58:56.172+0000] {subprocess.py:93} INFO -   4400K .......... .......... .......... .......... .......... 34%  249M 1s
[2023-01-27T04:58:56.174+0000] {subprocess.py:93} INFO -   4450K .......... .......... .......... .......... .......... 34% 21.3M 1s
[2023-01-27T04:58:56.174+0000] {subprocess.py:93} INFO -   4500K .......... .......... .......... .......... .......... 34%  309M 1s
[2023-01-27T04:58:56.176+0000] {subprocess.py:93} INFO -   4550K .......... .......... .......... .......... .......... 35% 29.2M 1s
[2023-01-27T04:58:56.191+0000] {subprocess.py:93} INFO -   4600K .......... .......... .......... .......... .......... 35% 3.16M 1s
[2023-01-27T04:58:56.192+0000] {subprocess.py:93} INFO -   4650K .......... .......... .......... .......... .......... 35%  309M 1s
[2023-01-27T04:58:56.192+0000] {subprocess.py:93} INFO -   4700K .......... .......... .......... .......... .......... 36%  318M 1s
[2023-01-27T04:58:56.202+0000] {subprocess.py:93} INFO -   4750K .......... .......... .......... .......... .......... 36% 5.01M 1s
[2023-01-27T04:58:56.204+0000] {subprocess.py:93} INFO -   4800K .......... .......... .......... .......... .......... 37% 17.3M 1s
[2023-01-27T04:58:56.211+0000] {subprocess.py:93} INFO -   4850K .......... .......... .......... .......... .......... 37% 6.87M 1s
[2023-01-27T04:58:56.229+0000] {subprocess.py:93} INFO -   4900K .......... .......... .......... .......... .......... 37% 2.97M 1s
[2023-01-27T04:58:56.229+0000] {subprocess.py:93} INFO -   4950K .......... .......... .......... .......... .......... 38%  257M 1s
[2023-01-27T04:58:56.232+0000] {subprocess.py:93} INFO -   5000K .......... .......... .......... .......... .......... 38% 10.7M 1s
[2023-01-27T04:58:56.232+0000] {subprocess.py:93} INFO -   5050K .......... .......... .......... .......... .......... 39%  304M 1s
[2023-01-27T04:58:56.234+0000] {subprocess.py:93} INFO -   5100K .......... .......... .......... .......... .......... 39% 25.4M 1s
[2023-01-27T04:58:56.243+0000] {subprocess.py:93} INFO -   5150K .......... .......... .......... .......... .......... 39% 6.19M 1s
[2023-01-27T04:58:56.243+0000] {subprocess.py:93} INFO -   5200K .......... .......... .......... .......... .......... 40%  262M 1s
[2023-01-27T04:58:56.243+0000] {subprocess.py:93} INFO -   5250K .......... .......... .......... .......... .......... 40%  303M 1s
[2023-01-27T04:58:56.248+0000] {subprocess.py:93} INFO -   5300K .......... .......... .......... .......... .......... 40% 16.2M 1s
[2023-01-27T04:58:56.248+0000] {subprocess.py:93} INFO -   5350K .......... .......... .......... .......... .......... 41%  291M 1s
[2023-01-27T04:58:56.249+0000] {subprocess.py:93} INFO -   5400K .......... .......... .......... .......... .......... 41% 22.2M 1s
[2023-01-27T04:58:56.251+0000] {subprocess.py:93} INFO -   5450K .......... .......... .......... .......... .......... 42% 17.3M 1s
[2023-01-27T04:58:56.251+0000] {subprocess.py:93} INFO -   5500K .......... .......... .......... .......... .......... 42%  326M 1s
[2023-01-27T04:58:56.252+0000] {subprocess.py:93} INFO -   5550K .......... .......... .......... .......... .......... 42% 34.1M 1s
[2023-01-27T04:58:56.257+0000] {subprocess.py:93} INFO -   5600K .......... .......... .......... .......... .......... 43% 9.98M 1s
[2023-01-27T04:58:56.258+0000] {subprocess.py:93} INFO -   5650K .......... .......... .......... .......... .......... 43%  310M 1s
[2023-01-27T04:58:56.259+0000] {subprocess.py:93} INFO -   5700K .......... .......... .......... .......... .......... 43% 28.2M 1s
[2023-01-27T04:58:56.265+0000] {subprocess.py:93} INFO -   5750K .......... .......... .......... .......... .......... 44% 8.92M 1s
[2023-01-27T04:58:56.265+0000] {subprocess.py:93} INFO -   5800K .......... .......... .......... .......... .......... 44%  282M 1s
[2023-01-27T04:58:56.266+0000] {subprocess.py:93} INFO -   5850K .......... .......... .......... .......... .......... 45% 27.0M 1s
[2023-01-27T04:58:56.269+0000] {subprocess.py:93} INFO -   5900K .......... .......... .......... .......... .......... 45% 22.3M 1s
[2023-01-27T04:58:56.280+0000] {subprocess.py:93} INFO -   5950K .......... .......... .......... .......... .......... 45% 4.23M 1s
[2023-01-27T04:58:56.294+0000] {subprocess.py:93} INFO -   6000K .......... .......... .......... .......... .......... 46% 3.67M 1s
[2023-01-27T04:58:56.296+0000] {subprocess.py:93} INFO -   6050K .......... .......... .......... .......... .......... 46% 17.9M 1s
[2023-01-27T04:58:56.303+0000] {subprocess.py:93} INFO -   6100K .......... .......... .......... .......... .......... 47% 7.84M 1s
[2023-01-27T04:58:56.307+0000] {subprocess.py:93} INFO -   6150K .......... .......... .......... .......... .......... 47% 11.8M 1s
[2023-01-27T04:58:56.315+0000] {subprocess.py:93} INFO -   6200K .......... .......... .......... .......... .......... 47% 5.93M 1s
[2023-01-27T04:58:56.317+0000] {subprocess.py:93} INFO -   6250K .......... .......... .......... .......... .......... 48% 24.2M 1s
[2023-01-27T04:58:56.318+0000] {subprocess.py:93} INFO -   6300K .......... .......... .......... .......... .......... 48% 36.2M 1s
[2023-01-27T04:58:56.327+0000] {subprocess.py:93} INFO -   6350K .......... .......... .......... .......... .......... 48% 5.81M 1s
[2023-01-27T04:58:56.327+0000] {subprocess.py:93} INFO -   6400K .......... .......... .......... .......... .......... 49% 56.5M 1s
[2023-01-27T04:58:56.328+0000] {subprocess.py:93} INFO -   6450K .......... .......... .......... .......... .......... 49% 54.7M 1s
[2023-01-27T04:58:56.329+0000] {subprocess.py:93} INFO -   6500K .......... .......... .......... .......... .......... 50% 57.7M 1s
[2023-01-27T04:58:56.332+0000] {subprocess.py:93} INFO -   6550K .......... .......... .......... .......... .......... 50% 17.1M 1s
[2023-01-27T04:58:56.334+0000] {subprocess.py:93} INFO -   6600K .......... .......... .......... .......... .......... 50% 31.4M 1s
[2023-01-27T04:58:56.335+0000] {subprocess.py:93} INFO -   6650K .......... .......... .......... .......... .......... 51% 44.3M 1s
[2023-01-27T04:58:56.336+0000] {subprocess.py:93} INFO -   6700K .......... .......... .......... .......... .......... 51% 56.1M 1s
[2023-01-27T04:58:56.337+0000] {subprocess.py:93} INFO -   6750K .......... .......... .......... .......... .......... 52% 37.2M 1s
[2023-01-27T04:58:56.347+0000] {subprocess.py:93} INFO -   6800K .......... .......... .......... .......... .......... 52% 4.94M 1s
[2023-01-27T04:58:56.347+0000] {subprocess.py:93} INFO -   6850K .......... .......... .......... .......... .......... 52%  294M 1s
[2023-01-27T04:58:56.350+0000] {subprocess.py:93} INFO -   6900K .......... .......... .......... .......... .......... 53%  306M 1s
[2023-01-27T04:58:56.350+0000] {subprocess.py:93} INFO -   6950K .......... .......... .......... .......... .......... 53% 15.1M 1s
[2023-01-27T04:58:56.351+0000] {subprocess.py:93} INFO -   7000K .......... .......... .......... .......... .......... 53% 44.1M 1s
[2023-01-27T04:58:56.352+0000] {subprocess.py:93} INFO -   7050K .......... .......... .......... .......... .......... 54%  105M 1s
[2023-01-27T04:58:56.357+0000] {subprocess.py:93} INFO -   7100K .......... .......... .......... .......... .......... 54% 9.99M 1s
[2023-01-27T04:58:56.357+0000] {subprocess.py:93} INFO -   7150K .......... .......... .......... .......... .......... 55% 87.7M 1s
[2023-01-27T04:58:56.361+0000] {subprocess.py:93} INFO -   7200K .......... .......... .......... .......... .......... 55% 14.5M 0s
[2023-01-27T04:58:56.387+0000] {subprocess.py:93} INFO -   7250K .......... .......... .......... .......... .......... 55% 1.90M 1s
[2023-01-27T04:58:56.390+0000] {subprocess.py:93} INFO -   7300K .......... .......... .......... .......... .......... 56% 13.1M 1s
[2023-01-27T04:58:56.398+0000] {subprocess.py:93} INFO -   7350K .......... .......... .......... .......... .......... 56% 6.48M 1s
[2023-01-27T04:58:56.400+0000] {subprocess.py:93} INFO -   7400K .......... .......... .......... .......... .......... 56% 18.4M 0s
[2023-01-27T04:58:56.408+0000] {subprocess.py:93} INFO -   7450K .......... .......... .......... .......... .......... 57% 6.74M 0s
[2023-01-27T04:58:56.409+0000] {subprocess.py:93} INFO -   7500K .......... .......... .......... .......... .......... 57%  126M 0s
[2023-01-27T04:58:56.415+0000] {subprocess.py:93} INFO -   7550K .......... .......... .......... .......... .......... 58% 7.30M 0s
[2023-01-27T04:58:56.416+0000] {subprocess.py:93} INFO -   7600K .......... .......... .......... .......... .......... 58%  192M 0s
[2023-01-27T04:58:56.416+0000] {subprocess.py:93} INFO -   7650K .......... .......... .......... .......... .......... 58%  265M 0s
[2023-01-27T04:58:56.417+0000] {subprocess.py:93} INFO -   7700K .......... .......... .......... .......... .......... 59% 31.6M 0s
[2023-01-27T04:58:56.419+0000] {subprocess.py:93} INFO -   7750K .......... .......... .......... .......... .......... 59% 24.1M 0s
[2023-01-27T04:58:56.419+0000] {subprocess.py:93} INFO -   7800K .......... .......... .......... .......... .......... 60%  231M 0s
[2023-01-27T04:58:56.424+0000] {subprocess.py:93} INFO -   7850K .......... .......... .......... .......... .......... 60% 10.1M 0s
[2023-01-27T04:58:56.425+0000] {subprocess.py:93} INFO -   7900K .......... .......... .......... .......... .......... 60% 43.5M 0s
[2023-01-27T04:58:56.425+0000] {subprocess.py:93} INFO -   7950K .......... .......... .......... .......... .......... 61%  220M 0s
[2023-01-27T04:58:56.434+0000] {subprocess.py:93} INFO -   8000K .......... .......... .......... .......... .......... 61% 5.99M 0s
[2023-01-27T04:58:56.434+0000] {subprocess.py:93} INFO -   8050K .......... .......... .......... .......... .......... 61%  268M 0s
[2023-01-27T04:58:56.434+0000] {subprocess.py:93} INFO -   8100K .......... .......... .......... .......... .......... 62%  247M 0s
[2023-01-27T04:58:56.436+0000] {subprocess.py:93} INFO -   8150K .......... .......... .......... .......... .......... 62% 18.8M 0s
[2023-01-27T04:58:56.437+0000] {subprocess.py:93} INFO -   8200K .......... .......... .......... .......... .......... 63%  271M 0s
[2023-01-27T04:58:56.438+0000] {subprocess.py:93} INFO -   8250K .......... .......... .......... .......... .......... 63% 25.5M 0s
[2023-01-27T04:58:56.440+0000] {subprocess.py:93} INFO -   8300K .......... .......... .......... .......... .......... 63% 31.6M 0s
[2023-01-27T04:58:56.449+0000] {subprocess.py:93} INFO -   8350K .......... .......... .......... .......... .......... 64% 5.68M 0s
[2023-01-27T04:58:56.449+0000] {subprocess.py:93} INFO -   8400K .......... .......... .......... .......... .......... 64%  116M 0s
[2023-01-27T04:58:56.453+0000] {subprocess.py:93} INFO -   8450K .......... .......... .......... .......... .......... 65% 11.7M 0s
[2023-01-27T04:58:56.456+0000] {subprocess.py:93} INFO -   8500K .......... .......... .......... .......... .......... 65% 15.1M 0s
[2023-01-27T04:58:56.471+0000] {subprocess.py:93} INFO -   8550K .......... .......... .......... .......... .......... 65% 3.40M 0s
[2023-01-27T04:58:56.478+0000] {subprocess.py:93} INFO -   8600K .......... .......... .......... .......... .......... 66% 6.36M 0s
[2023-01-27T04:58:56.481+0000] {subprocess.py:93} INFO -   8650K .......... .......... .......... .......... .......... 66% 19.0M 0s
[2023-01-27T04:58:56.482+0000] {subprocess.py:93} INFO -   8700K .......... .......... .......... .......... .......... 66%  258M 0s
[2023-01-27T04:58:56.483+0000] {subprocess.py:93} INFO -   8750K .......... .......... .......... .......... .......... 67% 29.7M 0s
[2023-01-27T04:58:56.489+0000] {subprocess.py:93} INFO -   8800K .......... .......... .......... .......... .......... 67% 7.98M 0s
[2023-01-27T04:58:56.489+0000] {subprocess.py:93} INFO -   8850K .......... .......... .......... .......... .......... 68%  275M 0s
[2023-01-27T04:58:56.491+0000] {subprocess.py:93} INFO -   8900K .......... .......... .......... .......... .......... 68% 30.8M 0s
[2023-01-27T04:58:56.496+0000] {subprocess.py:93} INFO -   8950K .......... .......... .......... .......... .......... 68% 8.88M 0s
[2023-01-27T04:58:56.497+0000] {subprocess.py:93} INFO -   9000K .......... .......... .......... .......... .......... 69%  135M 0s
[2023-01-27T04:58:56.498+0000] {subprocess.py:93} INFO -   9050K .......... .......... .......... .......... .......... 69% 47.4M 0s
[2023-01-27T04:58:56.498+0000] {subprocess.py:93} INFO -   9100K .......... .......... .......... .......... .......... 69%  281M 0s
[2023-01-27T04:58:56.507+0000] {subprocess.py:93} INFO -   9150K .......... .......... .......... .......... .......... 70% 5.93M 0s
[2023-01-27T04:58:56.507+0000] {subprocess.py:93} INFO -   9200K .......... .......... .......... .......... .......... 70%  124M 0s
[2023-01-27T04:58:56.508+0000] {subprocess.py:93} INFO -   9250K .......... .......... .......... .......... .......... 71% 26.4M 0s
[2023-01-27T04:58:56.509+0000] {subprocess.py:93} INFO -   9300K .......... .......... .......... .......... .......... 71%  205M 0s
[2023-01-27T04:58:56.510+0000] {subprocess.py:93} INFO -   9350K .......... .......... .......... .......... .......... 71% 32.4M 0s
[2023-01-27T04:58:56.510+0000] {subprocess.py:93} INFO -   9400K .......... .......... .......... .......... .......... 72%  204M 0s
[2023-01-27T04:58:56.534+0000] {subprocess.py:93} INFO -   9450K .......... .......... .......... .......... .......... 72% 4.62M 0s
[2023-01-27T04:58:56.534+0000] {subprocess.py:93} INFO -   9500K .......... .......... .......... .......... .......... 73%  252M 0s
[2023-01-27T04:58:56.535+0000] {subprocess.py:93} INFO -   9550K .......... .......... .......... .......... .......... 73% 77.7M 0s
[2023-01-27T04:58:56.535+0000] {subprocess.py:93} INFO -   9600K .......... .......... .......... .......... .......... 73% 23.8M 0s
[2023-01-27T04:58:56.535+0000] {subprocess.py:93} INFO -   9650K .......... .......... .......... .......... .......... 74%  243M 0s
[2023-01-27T04:58:56.535+0000] {subprocess.py:93} INFO -   9700K .......... .......... .......... .......... .......... 74% 24.0M 0s
[2023-01-27T04:58:56.543+0000] {subprocess.py:93} INFO -   9750K .......... .......... .......... .......... .......... 74%  230M 0s
[2023-01-27T04:58:56.544+0000] {subprocess.py:93} INFO -   9800K .......... .......... .......... .......... .......... 75% 3.60M 0s
[2023-01-27T04:58:56.544+0000] {subprocess.py:93} INFO -   9850K .......... .......... .......... .......... .......... 75%  318M 0s
[2023-01-27T04:58:56.580+0000] {subprocess.py:93} INFO -   9900K .......... .......... .......... .......... .......... 76% 10.2M 0s
[2023-01-27T04:58:56.581+0000] {subprocess.py:93} INFO -   9950K .......... .......... .......... .......... .......... 76%  336M 0s
[2023-01-27T04:58:56.581+0000] {subprocess.py:93} INFO -  10000K .......... .......... .......... .......... .......... 76% 13.5M 0s
[2023-01-27T04:58:56.581+0000] {subprocess.py:93} INFO -  10050K .......... .......... .......... .......... .......... 77% 12.0M 0s
[2023-01-27T04:58:56.600+0000] {subprocess.py:93} INFO -  10100K .......... .......... .......... .......... .......... 77% 10.6M 0s
[2023-01-27T04:58:56.600+0000] {subprocess.py:93} INFO -  10150K .......... .......... .......... .......... .......... 78% 6.00M 0s
[2023-01-27T04:58:56.600+0000] {subprocess.py:93} INFO -  10200K .......... .......... .......... .......... .......... 78%  266M 0s
[2023-01-27T04:58:56.600+0000] {subprocess.py:93} INFO -  10250K .......... .......... .......... .......... .......... 78%  352M 0s
[2023-01-27T04:58:56.600+0000] {subprocess.py:93} INFO -  10300K .......... .......... .......... .......... .......... 79% 18.0M 0s
[2023-01-27T04:58:56.600+0000] {subprocess.py:93} INFO -  10350K .......... .......... .......... .......... .......... 79%  356M 0s
[2023-01-27T04:58:56.600+0000] {subprocess.py:93} INFO -  10400K .......... .......... .......... .......... .......... 79% 27.3M 0s
[2023-01-27T04:58:56.600+0000] {subprocess.py:93} INFO -  10450K .......... .......... .......... .......... .......... 80% 7.71M 0s
[2023-01-27T04:58:56.600+0000] {subprocess.py:93} INFO -  10500K .......... .......... .......... .......... .......... 80%  265M 0s
[2023-01-27T04:58:56.601+0000] {subprocess.py:93} INFO -  10550K .......... .......... .......... .......... .......... 81% 23.2M 0s
[2023-01-27T04:58:56.601+0000] {subprocess.py:93} INFO -  10600K .......... .......... .......... .......... .......... 81%  276M 0s
[2023-01-27T04:58:56.613+0000] {subprocess.py:93} INFO -  10650K .......... .......... .......... .......... .......... 81% 8.06M 0s
[2023-01-27T04:58:56.613+0000] {subprocess.py:93} INFO -  10700K .......... .......... .......... .......... .......... 82%  358M 0s
[2023-01-27T04:58:56.614+0000] {subprocess.py:93} INFO -  10750K .......... .......... .......... .......... .......... 82%  328M 0s
[2023-01-27T04:58:56.614+0000] {subprocess.py:93} INFO -  10800K .......... .......... .......... .......... .......... 82% 30.2M 0s
[2023-01-27T04:58:56.614+0000] {subprocess.py:93} INFO -  10850K .......... .......... .......... .......... .......... 83% 4.29M 0s
[2023-01-27T04:58:56.614+0000] {subprocess.py:93} INFO -  10900K .......... .......... .......... .......... .......... 83%  329M 0s
[2023-01-27T04:58:56.614+0000] {subprocess.py:93} INFO -  10950K .......... .......... .......... .......... .......... 84%  357M 0s
[2023-01-27T04:58:56.615+0000] {subprocess.py:93} INFO -  11000K .......... .......... .......... .......... .......... 84%  278M 0s
[2023-01-27T04:58:56.615+0000] {subprocess.py:93} INFO -  11050K .......... .......... .......... .......... .......... 84% 14.7M 0s
[2023-01-27T04:58:56.615+0000] {subprocess.py:93} INFO -  11100K .......... .......... .......... .......... .......... 85%  329M 0s
[2023-01-27T04:58:56.615+0000] {subprocess.py:93} INFO -  11150K .......... .......... .......... .......... .......... 85% 20.4M 0s
[2023-01-27T04:58:56.615+0000] {subprocess.py:93} INFO -  11200K .......... .......... .......... .......... .......... 86%  242M 0s
[2023-01-27T04:58:56.615+0000] {subprocess.py:93} INFO -  11250K .......... .......... .......... .......... .......... 86% 27.6M 0s
[2023-01-27T04:58:56.615+0000] {subprocess.py:93} INFO -  11300K .......... .......... .......... .......... .......... 86% 9.55M 0s
[2023-01-27T04:58:56.616+0000] {subprocess.py:93} INFO -  11350K .......... .......... .......... .......... .......... 87%  286M 0s
[2023-01-27T04:58:56.616+0000] {subprocess.py:93} INFO -  11400K .......... .......... .......... .......... .......... 87% 26.2M 0s
[2023-01-27T04:58:56.616+0000] {subprocess.py:93} INFO -  11450K .......... .......... .......... .......... .......... 87%  313M 0s
[2023-01-27T04:58:56.616+0000] {subprocess.py:93} INFO -  11500K .......... .......... .......... .......... .......... 88% 32.4M 0s
[2023-01-27T04:58:56.628+0000] {subprocess.py:93} INFO -  11550K .......... .......... .......... .......... .......... 88% 7.55M 0s
[2023-01-27T04:58:56.628+0000] {subprocess.py:93} INFO -  11600K .......... .......... .......... .......... .......... 89%  258M 0s
[2023-01-27T04:58:56.629+0000] {subprocess.py:93} INFO -  11650K .......... .......... .......... .......... .......... 89% 26.0M 0s
[2023-01-27T04:58:56.629+0000] {subprocess.py:93} INFO -  11700K .......... .......... .......... .......... .......... 89% 29.7M 0s
[2023-01-27T04:58:56.633+0000] {subprocess.py:93} INFO -  11750K .......... .......... .......... .......... .......... 90% 9.06M 0s
[2023-01-27T04:58:56.633+0000] {subprocess.py:93} INFO -  11800K .......... .......... .......... .......... .......... 90%  244M 0s
[2023-01-27T04:58:56.633+0000] {subprocess.py:93} INFO -  11850K .......... .......... .......... .......... .......... 91%  339M 0s
[2023-01-27T04:58:56.633+0000] {subprocess.py:93} INFO -  11900K .......... .......... .......... .......... .......... 91% 34.8M 0s
[2023-01-27T04:58:56.641+0000] {subprocess.py:93} INFO -  11950K .......... .......... .......... .......... .......... 91% 5.98M 0s
[2023-01-27T04:58:56.641+0000] {subprocess.py:93} INFO -  12000K .......... .......... .......... .......... .......... 92%  226M 0s
[2023-01-27T04:58:56.652+0000] {subprocess.py:93} INFO -  12050K .......... .......... .......... .......... .......... 92% 4.79M 0s
[2023-01-27T04:58:56.652+0000] {subprocess.py:93} INFO -  12100K .......... .......... .......... .......... .......... 92%  311M 0s
[2023-01-27T04:58:56.652+0000] {subprocess.py:93} INFO -  12150K .......... .......... .......... .......... .......... 93%  391M 0s
[2023-01-27T04:58:56.656+0000] {subprocess.py:93} INFO -  12200K .......... .......... .......... .......... .......... 93% 11.8M 0s
[2023-01-27T04:58:56.657+0000] {subprocess.py:93} INFO -  12250K .......... .......... .......... .......... .......... 94%  129M 0s
[2023-01-27T04:58:56.657+0000] {subprocess.py:93} INFO -  12300K .......... .......... .......... .......... .......... 94%  256M 0s
[2023-01-27T04:58:56.658+0000] {subprocess.py:93} INFO -  12350K .......... .......... .......... .......... .......... 94% 27.8M 0s
[2023-01-27T04:58:56.659+0000] {subprocess.py:93} INFO -  12400K .......... .......... .......... .......... .......... 95%  240M 0s
[2023-01-27T04:58:56.660+0000] {subprocess.py:93} INFO -  12450K .......... .......... .......... .......... .......... 95% 27.8M 0s
[2023-01-27T04:58:56.660+0000] {subprocess.py:93} INFO -  12500K .......... .......... .......... .......... .......... 95%  255M 0s
[2023-01-27T04:58:56.665+0000] {subprocess.py:93} INFO -  12550K .......... .......... .......... .......... .......... 96% 10.2M 0s
[2023-01-27T04:58:56.666+0000] {subprocess.py:93} INFO -  12600K .......... .......... .......... .......... .......... 96%  261M 0s
[2023-01-27T04:58:56.667+0000] {subprocess.py:93} INFO -  12650K .......... .......... .......... .......... .......... 97% 29.1M 0s
[2023-01-27T04:58:56.674+0000] {subprocess.py:93} INFO -  12700K .......... .......... .......... .......... .......... 97% 7.04M 0s
[2023-01-27T04:58:56.674+0000] {subprocess.py:93} INFO -  12750K .......... .......... .......... .......... .......... 97%  294M 0s
[2023-01-27T04:58:56.676+0000] {subprocess.py:93} INFO -  12800K .......... .......... .......... .......... .......... 98% 23.0M 0s
[2023-01-27T04:58:56.677+0000] {subprocess.py:93} INFO -  12850K .......... .......... .......... .......... .......... 98%  263M 0s
[2023-01-27T04:58:56.679+0000] {subprocess.py:93} INFO -  12900K .......... .......... .......... .......... .......... 99% 17.8M 0s
[2023-01-27T04:58:56.680+0000] {subprocess.py:93} INFO -  12950K .......... .......... .......... .......... .......... 99%  281M 0s
[2023-01-27T04:58:56.682+0000] {subprocess.py:93} INFO -  13000K .......... .......... .......... .......... .......... 99% 47.5M 0s
[2023-01-27T04:58:56.683+0000] {subprocess.py:93} INFO -  13050K .......... .......... ....                            100%  258M=0.9s
[2023-01-27T04:58:56.683+0000] {subprocess.py:93} INFO - 
[2023-01-27T04:58:56.683+0000] {subprocess.py:93} INFO - 2023-01-27 04:58:56 (13.6 MB/s) - ‘/opt/***/fhv_tripdata_2021-06.csv.gz’ saved [13387828/13387828]
[2023-01-27T04:58:56.683+0000] {subprocess.py:93} INFO - 
[2023-01-27T04:58:56.683+0000] {subprocess.py:97} INFO - Command exited with return code 0
[2023-01-27T04:58:56.759+0000] {taskinstance.py:1323} INFO - Marking task as SUCCESS. dag_id=fhv_taxi_data_dag_v1, task_id=download_ytd_dataset_from_web, execution_date=20210601T000000, start_date=20230127T045854, end_date=20230127T045856
[2023-01-27T04:58:56.869+0000] {local_task_job.py:208} INFO - Task exited with return code 0
[2023-01-27T04:58:56.963+0000] {taskinstance.py:2578} INFO - 1 downstream tasks scheduled from follow-on schedule check
