[2023-01-27T04:58:53.016+0000] {taskinstance.py:1083} INFO - Dependencies all met for <TaskInstance: fhv_taxi_data_dag_v1.download_ytd_dataset_from_web scheduled__2021-04-01T00:00:00+00:00 [queued]>
[2023-01-27T04:58:53.026+0000] {taskinstance.py:1083} INFO - Dependencies all met for <TaskInstance: fhv_taxi_data_dag_v1.download_ytd_dataset_from_web scheduled__2021-04-01T00:00:00+00:00 [queued]>
[2023-01-27T04:58:53.026+0000] {taskinstance.py:1279} INFO - 
--------------------------------------------------------------------------------
[2023-01-27T04:58:53.026+0000] {taskinstance.py:1280} INFO - Starting attempt 1 of 1
[2023-01-27T04:58:53.026+0000] {taskinstance.py:1281} INFO - 
--------------------------------------------------------------------------------
[2023-01-27T04:58:53.040+0000] {taskinstance.py:1300} INFO - Executing <Task(BashOperator): download_ytd_dataset_from_web> on 2021-04-01 00:00:00+00:00
[2023-01-27T04:58:53.047+0000] {standard_task_runner.py:55} INFO - Started process 7727 to run task
[2023-01-27T04:58:53.049+0000] {standard_task_runner.py:82} INFO - Running: ['***', 'tasks', 'run', 'fhv_taxi_data_dag_v1', 'download_ytd_dataset_from_web', 'scheduled__2021-04-01T00:00:00+00:00', '--job-id', '5794', '--raw', '--subdir', 'DAGS_FOLDER/data_ingestion_gcs_dag_v1_fhv.py', '--cfg-path', '/tmp/tmpclrwjzxd']
[2023-01-27T04:58:53.051+0000] {standard_task_runner.py:83} INFO - Job 5794: Subtask download_ytd_dataset_from_web
[2023-01-27T04:58:53.110+0000] {task_command.py:388} INFO - Running <TaskInstance: fhv_taxi_data_dag_v1.download_ytd_dataset_from_web scheduled__2021-04-01T00:00:00+00:00 [running]> on host 8bc22b99c76b
[2023-01-27T04:58:53.221+0000] {taskinstance.py:1509} INFO - Exporting the following env vars:
AIRFLOW_CTX_DAG_OWNER=***
AIRFLOW_CTX_DAG_ID=fhv_taxi_data_dag_v1
AIRFLOW_CTX_TASK_ID=download_ytd_dataset_from_web
AIRFLOW_CTX_EXECUTION_DATE=2021-04-01T00:00:00+00:00
AIRFLOW_CTX_TRY_NUMBER=1
AIRFLOW_CTX_DAG_RUN_ID=scheduled__2021-04-01T00:00:00+00:00
[2023-01-27T04:58:53.222+0000] {subprocess.py:63} INFO - Tmp dir root location: 
 /tmp
[2023-01-27T04:58:53.222+0000] {subprocess.py:75} INFO - Running command: ['/bin/bash', '-c', 'wget https://github.com/DataTalksClub/nyc-tlc-data/releases/download/fhv/fhv_tripdata_2021-04.csv.gz -O /opt/***/fhv_tripdata_2021-04.csv.gz']
[2023-01-27T04:58:53.234+0000] {subprocess.py:86} INFO - Output:
[2023-01-27T04:58:53.238+0000] {subprocess.py:93} INFO - --2023-01-27 04:58:53--  https://github.com/DataTalksClub/nyc-tlc-data/releases/download/fhv/fhv_tripdata_2021-04.csv.gz
[2023-01-27T04:58:53.257+0000] {subprocess.py:93} INFO - Resolving github.com (github.com)... 140.82.121.3
[2023-01-27T04:58:53.283+0000] {subprocess.py:93} INFO - Connecting to github.com (github.com)|140.82.121.3|:443... connected.
[2023-01-27T04:58:53.573+0000] {subprocess.py:93} INFO - HTTP request sent, awaiting response... 302 Found
[2023-01-27T04:58:53.574+0000] {subprocess.py:93} INFO - Location: https://objects.githubusercontent.com/github-production-release-asset-2e65be/513814948/3de1a7ab-4ce0-4744-892c-93ffeb9dfe99?X-Amz-Algorithm=AWS4-HMAC-SHA256&X-Amz-Credential=AKIAIWNJYAX4CSVEH53A%2F20230127%2Fus-east-1%2Fs3%2Faws4_request&X-Amz-Date=20230127T045725Z&X-Amz-Expires=300&X-Amz-Signature=430ec15c2ec7f6acc5500c3f6170d5f1fbbcb104f836004d9c1043fe4935a8ec&X-Amz-SignedHeaders=host&actor_id=0&key_id=0&repo_id=513814948&response-content-disposition=attachment%3B%20filename%3Dfhv_tripdata_2021-04.csv.gz&response-content-type=application%2Foctet-stream [following]
[2023-01-27T04:58:53.574+0000] {subprocess.py:93} INFO - --2023-01-27 04:58:53--  https://objects.githubusercontent.com/github-production-release-asset-2e65be/513814948/3de1a7ab-4ce0-4744-892c-93ffeb9dfe99?X-Amz-Algorithm=AWS4-HMAC-SHA256&X-Amz-Credential=AKIAIWNJYAX4CSVEH53A%2F20230127%2Fus-east-1%2Fs3%2Faws4_request&X-Amz-Date=20230127T045725Z&X-Amz-Expires=300&X-Amz-Signature=430ec15c2ec7f6acc5500c3f6170d5f1fbbcb104f836004d9c1043fe4935a8ec&X-Amz-SignedHeaders=host&actor_id=0&key_id=0&repo_id=513814948&response-content-disposition=attachment%3B%20filename%3Dfhv_tripdata_2021-04.csv.gz&response-content-type=application%2Foctet-stream
[2023-01-27T04:58:53.579+0000] {subprocess.py:93} INFO - Resolving objects.githubusercontent.com (objects.githubusercontent.com)... 185.199.109.133, 185.199.108.133, 185.199.110.133, ...
[2023-01-27T04:58:53.616+0000] {subprocess.py:93} INFO - Connecting to objects.githubusercontent.com (objects.githubusercontent.com)|185.199.109.133|:443... connected.
[2023-01-27T04:58:53.970+0000] {subprocess.py:93} INFO - HTTP request sent, awaiting response... 200 OK
[2023-01-27T04:58:53.970+0000] {subprocess.py:93} INFO - Length: 13185676 (13M) [application/octet-stream]
[2023-01-27T04:58:53.971+0000] {subprocess.py:93} INFO - Saving to: ‘/opt/***/fhv_tripdata_2021-04.csv.gz’
[2023-01-27T04:58:53.971+0000] {subprocess.py:93} INFO - 
[2023-01-27T04:58:54.006+0000] {subprocess.py:93} INFO -      0K .......... .......... .......... .......... ..........  0% 1.37M 9s
[2023-01-27T04:58:54.023+0000] {subprocess.py:93} INFO -     50K .......... .......... .......... .......... ..........  0% 2.80M 7s
[2023-01-27T04:58:54.031+0000] {subprocess.py:93} INFO -    100K .......... .......... .......... .......... ..........  1% 6.02M 5s
[2023-01-27T04:58:54.041+0000] {subprocess.py:93} INFO -    150K .......... .......... .......... .......... ..........  1% 5.15M 4s
[2023-01-27T04:58:54.058+0000] {subprocess.py:93} INFO -    200K .......... .......... .......... .......... ..........  1% 2.86M 4s
[2023-01-27T04:58:54.066+0000] {subprocess.py:93} INFO -    250K .......... .......... .......... .......... ..........  2% 6.06M 4s
[2023-01-27T04:58:54.074+0000] {subprocess.py:93} INFO -    300K .......... .......... .......... .......... ..........  2% 6.32M 4s
[2023-01-27T04:58:54.089+0000] {subprocess.py:93} INFO -    350K .......... .......... .......... .......... ..........  3% 3.18M 4s
[2023-01-27T04:58:54.103+0000] {subprocess.py:93} INFO -    400K .......... .......... .......... .......... ..........  3% 3.45M 4s
[2023-01-27T04:58:54.110+0000] {subprocess.py:93} INFO -    450K .......... .......... .......... .......... ..........  3% 7.75M 3s
[2023-01-27T04:58:54.121+0000] {subprocess.py:93} INFO -    500K .......... .......... .......... .......... ..........  4% 4.25M 3s
[2023-01-27T04:58:54.131+0000] {subprocess.py:93} INFO -    550K .......... .......... .......... .......... ..........  4% 5.03M 3s
[2023-01-27T04:58:54.140+0000] {subprocess.py:93} INFO -    600K .......... .......... .......... .......... ..........  5% 5.45M 3s
[2023-01-27T04:58:54.150+0000] {subprocess.py:93} INFO -    650K .......... .......... .......... .......... ..........  5% 4.94M 3s
[2023-01-27T04:58:54.160+0000] {subprocess.py:93} INFO -    700K .......... .......... .......... .......... ..........  5% 4.71M 3s
[2023-01-27T04:58:54.177+0000] {subprocess.py:93} INFO -    750K .......... .......... .......... .......... ..........  6% 2.85M 3s
[2023-01-27T04:58:54.188+0000] {subprocess.py:93} INFO -    800K .......... .......... .......... .......... ..........  6% 4.70M 3s
[2023-01-27T04:58:54.191+0000] {subprocess.py:93} INFO -    850K .......... .......... .......... .......... ..........  6% 12.6M 3s
[2023-01-27T04:58:54.202+0000] {subprocess.py:93} INFO -    900K .......... .......... .......... .......... ..........  7% 4.75M 3s
[2023-01-27T04:58:54.221+0000] {subprocess.py:93} INFO -    950K .......... .......... .......... .......... ..........  7% 2.49M 3s
[2023-01-27T04:58:54.226+0000] {subprocess.py:93} INFO -   1000K .......... .......... .......... .......... ..........  8% 9.45M 3s
[2023-01-27T04:58:54.240+0000] {subprocess.py:93} INFO -   1050K .......... .......... .......... .......... ..........  8% 3.69M 3s
[2023-01-27T04:58:54.253+0000] {subprocess.py:93} INFO -   1100K .......... .......... .......... .......... ..........  8% 3.65M 3s
[2023-01-27T04:58:54.259+0000] {subprocess.py:93} INFO -   1150K .......... .......... .......... .......... ..........  9% 7.92M 3s
[2023-01-27T04:58:54.268+0000] {subprocess.py:93} INFO -   1200K .......... .......... .......... .......... ..........  9% 5.54M 3s
[2023-01-27T04:58:54.279+0000] {subprocess.py:93} INFO -   1250K .......... .......... .......... .......... .......... 10% 4.36M 3s
[2023-01-27T04:58:54.292+0000] {subprocess.py:93} INFO -   1300K .......... .......... .......... .......... .......... 10% 3.78M 3s
[2023-01-27T04:58:54.304+0000] {subprocess.py:93} INFO -   1350K .......... .......... .......... .......... .......... 10% 4.13M 3s
[2023-01-27T04:58:54.309+0000] {subprocess.py:93} INFO -   1400K .......... .......... .......... .......... .......... 11% 9.56M 3s
[2023-01-27T04:58:54.322+0000] {subprocess.py:93} INFO -   1450K .......... .......... .......... .......... .......... 11% 3.62M 3s
[2023-01-27T04:58:54.331+0000] {subprocess.py:93} INFO -   1500K .......... .......... .......... .......... .......... 12% 5.52M 3s
[2023-01-27T04:58:54.344+0000] {subprocess.py:93} INFO -   1550K .......... .......... .......... .......... .......... 12% 3.88M 3s
[2023-01-27T04:58:54.352+0000] {subprocess.py:93} INFO -   1600K .......... .......... .......... .......... .......... 12% 5.78M 3s
[2023-01-27T04:58:54.364+0000] {subprocess.py:93} INFO -   1650K .......... .......... .......... .......... .......... 13% 4.40M 3s
[2023-01-27T04:58:54.374+0000] {subprocess.py:93} INFO -   1700K .......... .......... .......... .......... .......... 13% 4.46M 3s
[2023-01-27T04:58:54.379+0000] {subprocess.py:93} INFO -   1750K .......... .......... .......... .......... .......... 13% 10.0M 3s
[2023-01-27T04:58:54.393+0000] {subprocess.py:93} INFO -   1800K .......... .......... .......... .......... .......... 14% 3.46M 3s
[2023-01-27T04:58:54.404+0000] {subprocess.py:93} INFO -   1850K .......... .......... .......... .......... .......... 14% 4.63M 3s
[2023-01-27T04:58:54.412+0000] {subprocess.py:93} INFO -   1900K .......... .......... .......... .......... .......... 15% 6.00M 2s
[2023-01-27T04:58:54.427+0000] {subprocess.py:93} INFO -   1950K .......... .......... .......... .......... .......... 15% 3.28M 2s
[2023-01-27T04:58:54.433+0000] {subprocess.py:93} INFO -   2000K .......... .......... .......... .......... .......... 15% 8.50M 2s
[2023-01-27T04:58:54.444+0000] {subprocess.py:93} INFO -   2050K .......... .......... .......... .......... .......... 16% 4.41M 2s
[2023-01-27T04:58:54.455+0000] {subprocess.py:93} INFO -   2100K .......... .......... .......... .......... .......... 16% 4.60M 2s
[2023-01-27T04:58:54.466+0000] {subprocess.py:93} INFO -   2150K .......... .......... .......... .......... .......... 17% 4.35M 2s
[2023-01-27T04:58:54.475+0000] {subprocess.py:93} INFO -   2200K .......... .......... .......... .......... .......... 17% 5.27M 2s
[2023-01-27T04:58:54.488+0000] {subprocess.py:93} INFO -   2250K .......... .......... .......... .......... .......... 17% 3.74M 2s
[2023-01-27T04:58:54.500+0000] {subprocess.py:93} INFO -   2300K .......... .......... .......... .......... .......... 18% 3.91M 2s
[2023-01-27T04:58:54.511+0000] {subprocess.py:93} INFO -   2350K .......... .......... .......... .......... .......... 18% 4.75M 2s
[2023-01-27T04:58:54.518+0000] {subprocess.py:93} INFO -   2400K .......... .......... .......... .......... .......... 19% 6.88M 2s
[2023-01-27T04:58:54.528+0000] {subprocess.py:93} INFO -   2450K .......... .......... .......... .......... .......... 19% 4.89M 2s
[2023-01-27T04:58:54.536+0000] {subprocess.py:93} INFO -   2500K .......... .......... .......... .......... .......... 19% 6.06M 2s
[2023-01-27T04:58:54.551+0000] {subprocess.py:93} INFO -   2550K .......... .......... .......... .......... .......... 20% 3.25M 2s
[2023-01-27T04:58:54.559+0000] {subprocess.py:93} INFO -   2600K .......... .......... .......... .......... .......... 20% 5.74M 2s
[2023-01-27T04:58:54.566+0000] {subprocess.py:93} INFO -   2650K .......... .......... .......... .......... .......... 20% 7.53M 2s
[2023-01-27T04:58:54.622+0000] {subprocess.py:93} INFO -   2700K .......... .......... .......... .......... .......... 21%  890K 2s
[2023-01-27T04:58:54.633+0000] {subprocess.py:93} INFO -   2750K .......... .......... .......... .......... .......... 21% 4.49M 2s
[2023-01-27T04:58:54.656+0000] {subprocess.py:93} INFO -   2800K .......... .......... .......... .......... .......... 22% 2.07M 2s
[2023-01-27T04:58:54.657+0000] {subprocess.py:93} INFO -   2850K .......... .......... .......... .......... .......... 22%  330M 2s
[2023-01-27T04:58:54.657+0000] {subprocess.py:93} INFO -   2900K .......... .......... .......... .......... .......... 22%  323M 2s
[2023-01-27T04:58:54.657+0000] {subprocess.py:93} INFO -   2950K .......... .......... .......... .......... .......... 23%  249M 2s
[2023-01-27T04:58:54.657+0000] {subprocess.py:93} INFO -   3000K .......... .......... .......... .......... .......... 23%  327M 2s
[2023-01-27T04:58:54.658+0000] {subprocess.py:93} INFO -   3050K .......... .......... .......... .......... .......... 24% 68.8M 2s
[2023-01-27T04:58:54.664+0000] {subprocess.py:93} INFO -   3100K .......... .......... .......... .......... .......... 24% 7.62M 2s
[2023-01-27T04:58:54.664+0000] {subprocess.py:93} INFO -   3150K .......... .......... .......... .......... .......... 24%  158M 2s
[2023-01-27T04:58:54.671+0000] {subprocess.py:93} INFO -   3200K .......... .......... .......... .......... .......... 25% 7.34M 2s
[2023-01-27T04:58:54.678+0000] {subprocess.py:93} INFO -   3250K .......... .......... .......... .......... .......... 25% 9.38M 2s
[2023-01-27T04:58:54.692+0000] {subprocess.py:93} INFO -   3300K .......... .......... .......... .......... .......... 26% 3.14M 2s
[2023-01-27T04:58:54.698+0000] {subprocess.py:93} INFO -   3350K .......... .......... .......... .......... .......... 26% 7.49M 2s
[2023-01-27T04:58:54.704+0000] {subprocess.py:93} INFO -   3400K .......... .......... .......... .......... .......... 26% 8.96M 2s
[2023-01-27T04:58:54.711+0000] {subprocess.py:93} INFO -   3450K .......... .......... .......... .......... .......... 27% 7.12M 2s
[2023-01-27T04:58:54.715+0000] {subprocess.py:93} INFO -   3500K .......... .......... .......... .......... .......... 27% 10.6M 2s
[2023-01-27T04:58:54.721+0000] {subprocess.py:93} INFO -   3550K .......... .......... .......... .......... .......... 27% 8.74M 2s
[2023-01-27T04:58:54.729+0000] {subprocess.py:93} INFO -   3600K .......... .......... .......... .......... .......... 28% 6.32M 2s
[2023-01-27T04:58:54.733+0000] {subprocess.py:93} INFO -   3650K .......... .......... .......... .......... .......... 28% 11.4M 2s
[2023-01-27T04:58:54.741+0000] {subprocess.py:93} INFO -   3700K .......... .......... .......... .......... .......... 29% 6.40M 2s
[2023-01-27T04:58:54.749+0000] {subprocess.py:93} INFO -   3750K .......... .......... .......... .......... .......... 29% 5.56M 2s
[2023-01-27T04:58:54.753+0000] {subprocess.py:93} INFO -   3800K .......... .......... .......... .......... .......... 29% 13.1M 2s
[2023-01-27T04:58:54.762+0000] {subprocess.py:93} INFO -   3850K .......... .......... .......... .......... .......... 30% 5.31M 2s
[2023-01-27T04:58:54.765+0000] {subprocess.py:93} INFO -   3900K .......... .......... .......... .......... .......... 30% 15.8M 2s
[2023-01-27T04:58:54.778+0000] {subprocess.py:93} INFO -   3950K .......... .......... .......... .......... .......... 31% 3.81M 2s
[2023-01-27T04:58:54.784+0000] {subprocess.py:93} INFO -   4000K .......... .......... .......... .......... .......... 31% 8.61M 2s
[2023-01-27T04:58:54.792+0000] {subprocess.py:93} INFO -   4050K .......... .......... .......... .......... .......... 31% 5.88M 2s
[2023-01-27T04:58:54.794+0000] {subprocess.py:93} INFO -   4100K .......... .......... .......... .......... .......... 32% 26.7M 2s
[2023-01-27T04:58:54.802+0000] {subprocess.py:93} INFO -   4150K .......... .......... .......... .......... .......... 32% 6.37M 2s
[2023-01-27T04:58:54.810+0000] {subprocess.py:93} INFO -   4200K .......... .......... .......... .......... .......... 33% 6.06M 2s
[2023-01-27T04:58:54.819+0000] {subprocess.py:93} INFO -   4250K .......... .......... .......... .......... .......... 33% 5.45M 2s
[2023-01-27T04:58:54.823+0000] {subprocess.py:93} INFO -   4300K .......... .......... .......... .......... .......... 33% 10.3M 2s
[2023-01-27T04:58:54.830+0000] {subprocess.py:93} INFO -   4350K .......... .......... .......... .......... .......... 34% 7.41M 2s
[2023-01-27T04:58:54.836+0000] {subprocess.py:93} INFO -   4400K .......... .......... .......... .......... .......... 34% 8.09M 2s
[2023-01-27T04:58:54.845+0000] {subprocess.py:93} INFO -   4450K .......... .......... .......... .......... .......... 34% 5.30M 2s
[2023-01-27T04:58:54.854+0000] {subprocess.py:93} INFO -   4500K .......... .......... .......... .......... .......... 35% 5.39M 2s
[2023-01-27T04:58:54.855+0000] {subprocess.py:93} INFO -   4550K .......... .......... .......... .......... .......... 35%  254M 2s
[2023-01-27T04:58:54.863+0000] {subprocess.py:93} INFO -   4600K .......... .......... .......... .......... .......... 36% 5.80M 2s
[2023-01-27T04:58:54.867+0000] {subprocess.py:93} INFO -   4650K .......... .......... .......... .......... .......... 36% 11.9M 2s
[2023-01-27T04:58:54.876+0000] {subprocess.py:93} INFO -   4700K .......... .......... .......... .......... .......... 36% 5.40M 2s
[2023-01-27T04:58:54.885+0000] {subprocess.py:93} INFO -   4750K .......... .......... .......... .......... .......... 37% 8.98M 2s
[2023-01-27T04:58:54.893+0000] {subprocess.py:93} INFO -   4800K .......... .......... .......... .......... .......... 37% 4.23M 2s
[2023-01-27T04:58:54.895+0000] {subprocess.py:93} INFO -   4850K .......... .......... .......... .......... .......... 38% 28.6M 2s
[2023-01-27T04:58:54.904+0000] {subprocess.py:93} INFO -   4900K .......... .......... .......... .......... .......... 38% 5.30M 1s
[2023-01-27T04:58:54.912+0000] {subprocess.py:93} INFO -   4950K .......... .......... .......... .......... .......... 38% 6.26M 1s
[2023-01-27T04:58:54.917+0000] {subprocess.py:93} INFO -   5000K .......... .......... .......... .......... .......... 39% 9.25M 1s
[2023-01-27T04:58:54.923+0000] {subprocess.py:93} INFO -   5050K .......... .......... .......... .......... .......... 39% 8.69M 1s
[2023-01-27T04:58:54.929+0000] {subprocess.py:93} INFO -   5100K .......... .......... .......... .......... .......... 39% 8.21M 1s
[2023-01-27T04:58:54.936+0000] {subprocess.py:93} INFO -   5150K .......... .......... .......... .......... .......... 40% 9.58M 1s
[2023-01-27T04:58:54.941+0000] {subprocess.py:93} INFO -   5200K .......... .......... .......... .......... .......... 40% 6.39M 1s
[2023-01-27T04:58:54.951+0000] {subprocess.py:93} INFO -   5250K .......... .......... .......... .......... .......... 41% 5.15M 1s
[2023-01-27T04:58:54.955+0000] {subprocess.py:93} INFO -   5300K .......... .......... .......... .......... .......... 41% 10.8M 1s
[2023-01-27T04:58:54.963+0000] {subprocess.py:93} INFO -   5350K .......... .......... .......... .......... .......... 41% 6.44M 1s
[2023-01-27T04:58:54.971+0000] {subprocess.py:93} INFO -   5400K .......... .......... .......... .......... .......... 42% 5.68M 1s
[2023-01-27T04:58:54.976+0000] {subprocess.py:93} INFO -   5450K .......... .......... .......... .......... .......... 42% 9.82M 1s
[2023-01-27T04:58:54.982+0000] {subprocess.py:93} INFO -   5500K .......... .......... .......... .......... .......... 43% 8.23M 1s
[2023-01-27T04:58:54.995+0000] {subprocess.py:93} INFO -   5550K .......... .......... .......... .......... .......... 43% 8.30M 1s
[2023-01-27T04:58:55.000+0000] {subprocess.py:93} INFO -   5600K .......... .......... .......... .......... .......... 43% 4.11M 1s
[2023-01-27T04:58:55.012+0000] {subprocess.py:93} INFO -   5650K .......... .......... .......... .......... .......... 44% 4.20M 1s
[2023-01-27T04:58:55.014+0000] {subprocess.py:93} INFO -   5700K .......... .......... .......... .......... .......... 44% 22.4M 1s
[2023-01-27T04:58:55.018+0000] {subprocess.py:93} INFO -   5750K .......... .......... .......... .......... .......... 45% 11.2M 1s
[2023-01-27T04:58:55.026+0000] {subprocess.py:93} INFO -   5800K .......... .......... .......... .......... .......... 45% 6.07M 1s
[2023-01-27T04:58:55.035+0000] {subprocess.py:93} INFO -   5850K .......... .......... .......... .......... .......... 45% 5.76M 1s
[2023-01-27T04:58:55.039+0000] {subprocess.py:93} INFO -   5900K .......... .......... .......... .......... .......... 46% 10.5M 1s
[2023-01-27T04:58:55.046+0000] {subprocess.py:93} INFO -   5950K .......... .......... .......... .......... .......... 46% 7.69M 1s
[2023-01-27T04:58:55.054+0000] {subprocess.py:93} INFO -   6000K .......... .......... .......... .......... .......... 46% 6.01M 1s
[2023-01-27T04:58:55.061+0000] {subprocess.py:93} INFO -   6050K .......... .......... .......... .......... .......... 47% 6.63M 1s
[2023-01-27T04:58:55.064+0000] {subprocess.py:93} INFO -   6100K .......... .......... .......... .......... .......... 47% 16.6M 1s
[2023-01-27T04:58:55.072+0000] {subprocess.py:93} INFO -   6150K .......... .......... .......... .......... .......... 48% 6.76M 1s
[2023-01-27T04:58:55.078+0000] {subprocess.py:93} INFO -   6200K .......... .......... .......... .......... .......... 48% 8.00M 1s
[2023-01-27T04:58:55.085+0000] {subprocess.py:93} INFO -   6250K .......... .......... .......... .......... .......... 48% 6.77M 1s
[2023-01-27T04:58:55.090+0000] {subprocess.py:93} INFO -   6300K .......... .......... .......... .......... .......... 49% 9.17M 1s
[2023-01-27T04:58:55.098+0000] {subprocess.py:93} INFO -   6350K .......... .......... .......... .......... .......... 49% 7.12M 1s
[2023-01-27T04:58:55.104+0000] {subprocess.py:93} INFO -   6400K .......... .......... .......... .......... .......... 50% 7.21M 1s
[2023-01-27T04:58:55.110+0000] {subprocess.py:93} INFO -   6450K .......... .......... .......... .......... .......... 50% 7.79M 1s
[2023-01-27T04:58:55.118+0000] {subprocess.py:93} INFO -   6500K .......... .......... .......... .......... .......... 50% 6.18M 1s
[2023-01-27T04:58:55.122+0000] {subprocess.py:93} INFO -   6550K .......... .......... .......... .......... .......... 51% 11.2M 1s
[2023-01-27T04:58:55.129+0000] {subprocess.py:93} INFO -   6600K .......... .......... .......... .......... .......... 51% 6.94M 1s
[2023-01-27T04:58:55.136+0000] {subprocess.py:93} INFO -   6650K .......... .......... .......... .......... .......... 52% 7.24M 1s
[2023-01-27T04:58:55.141+0000] {subprocess.py:93} INFO -   6700K .......... .......... .......... .......... .......... 52% 10.2M 1s
[2023-01-27T04:58:55.149+0000] {subprocess.py:93} INFO -   6750K .......... .......... .......... .......... .......... 52% 11.3M 1s
[2023-01-27T04:58:55.162+0000] {subprocess.py:93} INFO -   6800K .......... .......... .......... .......... .......... 53% 2.88M 1s
[2023-01-27T04:58:55.163+0000] {subprocess.py:93} INFO -   6850K .......... .......... .......... .......... .......... 53%  246M 1s
[2023-01-27T04:58:55.165+0000] {subprocess.py:93} INFO -   6900K .......... .......... .......... .......... .......... 53% 21.0M 1s
[2023-01-27T04:58:55.172+0000] {subprocess.py:93} INFO -   6950K .......... .......... .......... .......... .......... 54% 6.77M 1s
[2023-01-27T04:58:55.181+0000] {subprocess.py:93} INFO -   7000K .......... .......... .......... .......... .......... 54% 5.52M 1s
[2023-01-27T04:58:55.189+0000] {subprocess.py:93} INFO -   7050K .......... .......... .......... .......... .......... 55% 5.95M 1s
[2023-01-27T04:58:55.190+0000] {subprocess.py:93} INFO -   7100K .......... .......... .......... .......... .......... 55% 35.2M 1s
[2023-01-27T04:58:55.205+0000] {subprocess.py:93} INFO -   7150K .......... .......... .......... .......... .......... 55% 3.84M 1s
[2023-01-27T04:58:55.212+0000] {subprocess.py:93} INFO -   7200K .......... .......... .......... .......... .......... 56% 5.70M 1s
[2023-01-27T04:58:55.219+0000] {subprocess.py:93} INFO -   7250K .......... .......... .......... .......... .......... 56% 6.93M 1s
[2023-01-27T04:58:55.223+0000] {subprocess.py:93} INFO -   7300K .......... .......... .......... .......... .......... 57% 11.3M 1s
[2023-01-27T04:58:55.229+0000] {subprocess.py:93} INFO -   7350K .......... .......... .......... .......... .......... 57% 7.67M 1s
[2023-01-27T04:58:55.235+0000] {subprocess.py:93} INFO -   7400K .......... .......... .......... .......... .......... 57% 9.11M 1s
[2023-01-27T04:58:55.242+0000] {subprocess.py:93} INFO -   7450K .......... .......... .......... .......... .......... 58% 6.80M 1s
[2023-01-27T04:58:55.251+0000] {subprocess.py:93} INFO -   7500K .......... .......... .......... .......... .......... 58% 5.58M 1s
[2023-01-27T04:58:55.258+0000] {subprocess.py:93} INFO -   7550K .......... .......... .......... .......... .......... 59% 19.2M 1s
[2023-01-27T04:58:55.262+0000] {subprocess.py:93} INFO -   7600K .......... .......... .......... .......... .......... 59% 5.71M 1s
[2023-01-27T04:58:55.272+0000] {subprocess.py:93} INFO -   7650K .......... .......... .......... .......... .......... 59% 4.80M 1s
[2023-01-27T04:58:55.280+0000] {subprocess.py:93} INFO -   7700K .......... .......... .......... .......... .......... 60% 6.15M 1s
[2023-01-27T04:58:55.286+0000] {subprocess.py:93} INFO -   7750K .......... .......... .......... .......... .......... 60% 8.31M 1s
[2023-01-27T04:58:55.291+0000] {subprocess.py:93} INFO -   7800K .......... .......... .......... .......... .......... 60% 8.68M 1s
[2023-01-27T04:58:55.298+0000] {subprocess.py:93} INFO -   7850K .......... .......... .......... .......... .......... 61% 7.34M 1s
[2023-01-27T04:58:55.303+0000] {subprocess.py:93} INFO -   7900K .......... .......... .......... .......... .......... 61% 9.81M 1s
[2023-01-27T04:58:55.311+0000] {subprocess.py:93} INFO -   7950K .......... .......... .......... .......... .......... 62% 6.16M 1s
[2023-01-27T04:58:55.317+0000] {subprocess.py:93} INFO -   8000K .......... .......... .......... .......... .......... 62% 7.71M 1s
[2023-01-27T04:58:55.325+0000] {subprocess.py:93} INFO -   8050K .......... .......... .......... .......... .......... 62% 6.10M 1s
[2023-01-27T04:58:55.331+0000] {subprocess.py:93} INFO -   8100K .......... .......... .......... .......... .......... 63% 7.99M 1s
[2023-01-27T04:58:55.338+0000] {subprocess.py:93} INFO -   8150K .......... .......... .......... .......... .......... 63% 7.17M 1s
[2023-01-27T04:58:55.344+0000] {subprocess.py:93} INFO -   8200K .......... .......... .......... .......... .......... 64% 9.02M 1s
[2023-01-27T04:58:55.348+0000] {subprocess.py:93} INFO -   8250K .......... .......... .......... .......... .......... 64% 10.5M 1s
[2023-01-27T04:58:55.354+0000] {subprocess.py:93} INFO -   8300K .......... .......... .......... .......... .......... 64% 8.97M 1s
[2023-01-27T04:58:55.364+0000] {subprocess.py:93} INFO -   8350K .......... .......... .......... .......... .......... 65% 5.44M 1s
[2023-01-27T04:58:55.370+0000] {subprocess.py:93} INFO -   8400K .......... .......... .......... .......... .......... 65% 7.10M 1s
[2023-01-27T04:58:55.374+0000] {subprocess.py:93} INFO -   8450K .......... .......... .......... .......... .......... 66% 10.7M 1s
[2023-01-27T04:58:55.382+0000] {subprocess.py:93} INFO -   8500K .......... .......... .......... .......... .......... 66% 5.84M 1s
[2023-01-27T04:58:55.390+0000] {subprocess.py:93} INFO -   8550K .......... .......... .......... .......... .......... 66% 6.77M 1s
[2023-01-27T04:58:55.395+0000] {subprocess.py:93} INFO -   8600K .......... .......... .......... .......... .......... 67% 8.90M 1s
[2023-01-27T04:58:55.403+0000] {subprocess.py:93} INFO -   8650K .......... .......... .......... .......... .......... 67% 6.50M 1s
[2023-01-27T04:58:55.407+0000] {subprocess.py:93} INFO -   8700K .......... .......... .......... .......... .......... 67% 11.3M 1s
[2023-01-27T04:58:55.418+0000] {subprocess.py:93} INFO -   8750K .......... .......... .......... .......... .......... 68% 12.8M 1s
[2023-01-27T04:58:55.423+0000] {subprocess.py:93} INFO -   8800K .......... .......... .......... .......... .......... 68% 3.93M 1s
[2023-01-27T04:58:55.427+0000] {subprocess.py:93} INFO -   8850K .......... .......... .......... .......... .......... 69% 13.5M 1s
[2023-01-27T04:58:55.431+0000] {subprocess.py:93} INFO -   8900K .......... .......... .......... .......... .......... 69% 12.1M 1s
[2023-01-27T04:58:55.437+0000] {subprocess.py:93} INFO -   8950K .......... .......... .......... .......... .......... 69% 8.57M 1s
[2023-01-27T04:58:55.443+0000] {subprocess.py:93} INFO -   9000K .......... .......... .......... .......... .......... 70% 7.36M 1s
[2023-01-27T04:58:55.449+0000] {subprocess.py:93} INFO -   9050K .......... .......... .......... .......... .......... 70% 8.22M 1s
[2023-01-27T04:58:55.454+0000] {subprocess.py:93} INFO -   9100K .......... .......... .......... .......... .......... 71% 9.82M 1s
[2023-01-27T04:58:55.461+0000] {subprocess.py:93} INFO -   9150K .......... .......... .......... .......... .......... 71% 12.2M 1s
[2023-01-27T04:58:55.467+0000] {subprocess.py:93} INFO -   9200K .......... .......... .......... .......... .......... 71% 5.23M 1s
[2023-01-27T04:58:55.475+0000] {subprocess.py:93} INFO -   9250K .......... .......... .......... .......... .......... 72% 6.44M 1s
[2023-01-27T04:58:55.483+0000] {subprocess.py:93} INFO -   9300K .......... .......... .......... .......... .......... 72% 6.38M 1s
[2023-01-27T04:58:55.492+0000] {subprocess.py:93} INFO -   9350K .......... .......... .......... .......... .......... 73% 5.39M 1s
[2023-01-27T04:58:55.503+0000] {subprocess.py:93} INFO -   9400K .......... .......... .......... .......... .......... 73% 4.21M 1s
[2023-01-27T04:58:55.510+0000] {subprocess.py:93} INFO -   9450K .......... .......... .......... .......... .......... 73% 7.58M 1s
[2023-01-27T04:58:55.510+0000] {subprocess.py:93} INFO -   9500K .......... .......... .......... .......... .......... 74% 69.2M 1s
[2023-01-27T04:58:55.518+0000] {subprocess.py:93} INFO -   9550K .......... .......... .......... .......... .......... 74% 8.97M 1s
[2023-01-27T04:58:55.528+0000] {subprocess.py:93} INFO -   9600K .......... .......... .......... .......... .......... 74% 4.16M 1s
[2023-01-27T04:58:55.534+0000] {subprocess.py:93} INFO -   9650K .......... .......... .......... .......... .......... 75% 8.12M 1s
[2023-01-27T04:58:55.539+0000] {subprocess.py:93} INFO -   9700K .......... .......... .......... .......... .......... 75% 8.95M 1s
[2023-01-27T04:58:55.544+0000] {subprocess.py:93} INFO -   9750K .......... .......... .......... .......... .......... 76% 9.59M 0s
[2023-01-27T04:58:55.549+0000] {subprocess.py:93} INFO -   9800K .......... .......... .......... .......... .......... 76% 10.6M 0s
[2023-01-27T04:58:55.554+0000] {subprocess.py:93} INFO -   9850K .......... .......... .......... .......... .......... 76% 10.3M 0s
[2023-01-27T04:58:55.571+0000] {subprocess.py:93} INFO -   9900K .......... .......... .......... .......... .......... 77% 2.86M 0s
[2023-01-27T04:58:55.589+0000] {subprocess.py:93} INFO -   9950K .......... .......... .......... .......... .......... 77% 2.61M 0s
[2023-01-27T04:58:55.593+0000] {subprocess.py:93} INFO -  10000K .......... .......... .......... .......... .......... 78% 12.7M 0s
[2023-01-27T04:58:55.593+0000] {subprocess.py:93} INFO -  10050K .......... .......... .......... .......... .......... 78%  358M 0s
[2023-01-27T04:58:55.610+0000] {subprocess.py:93} INFO -  10100K .......... .......... .......... .......... .......... 78% 2.99M 0s
[2023-01-27T04:58:55.620+0000] {subprocess.py:93} INFO -  10150K .......... .......... .......... .......... .......... 79% 4.84M 0s
[2023-01-27T04:58:55.623+0000] {subprocess.py:93} INFO -  10200K .......... .......... .......... .......... .......... 79% 13.9M 0s
[2023-01-27T04:58:55.630+0000] {subprocess.py:93} INFO -  10250K .......... .......... .......... .......... .......... 79% 7.12M 0s
[2023-01-27T04:58:55.635+0000] {subprocess.py:93} INFO -  10300K .......... .......... .......... .......... .......... 80% 9.57M 0s
[2023-01-27T04:58:55.641+0000] {subprocess.py:93} INFO -  10350K .......... .......... .......... .......... .......... 80% 12.0M 0s
[2023-01-27T04:58:55.661+0000] {subprocess.py:93} INFO -  10400K .......... .......... .......... .......... .......... 81% 2.28M 0s
[2023-01-27T04:58:55.676+0000] {subprocess.py:93} INFO -  10450K .......... .......... .......... .......... .......... 81% 3.11M 0s
[2023-01-27T04:58:55.677+0000] {subprocess.py:93} INFO -  10500K .......... .......... .......... .......... .......... 81%  455M 0s
[2023-01-27T04:58:55.678+0000] {subprocess.py:93} INFO -  10550K .......... .......... .......... .......... .......... 82% 35.3M 0s
[2023-01-27T04:58:55.684+0000] {subprocess.py:93} INFO -  10600K .......... .......... .......... .......... .......... 82% 8.19M 0s
[2023-01-27T04:58:55.697+0000] {subprocess.py:93} INFO -  10650K .......... .......... .......... .......... .......... 83% 3.84M 0s
[2023-01-27T04:58:55.704+0000] {subprocess.py:93} INFO -  10700K .......... .......... .......... .......... .......... 83% 6.44M 0s
[2023-01-27T04:58:55.711+0000] {subprocess.py:93} INFO -  10750K .......... .......... .......... .......... .......... 83% 9.20M 0s
[2023-01-27T04:58:55.718+0000] {subprocess.py:93} INFO -  10800K .......... .......... .......... .......... .......... 84% 5.62M 0s
[2023-01-27T04:58:55.721+0000] {subprocess.py:93} INFO -  10850K .......... .......... .......... .......... .......... 84% 21.8M 0s
[2023-01-27T04:58:55.727+0000] {subprocess.py:93} INFO -  10900K .......... .......... .......... .......... .......... 85% 8.00M 0s
[2023-01-27T04:58:55.736+0000] {subprocess.py:93} INFO -  10950K .......... .......... .......... .......... .......... 85% 5.01M 0s
[2023-01-27T04:58:55.744+0000] {subprocess.py:93} INFO -  11000K .......... .......... .......... .......... .......... 85% 6.38M 0s
[2023-01-27T04:58:55.744+0000] {subprocess.py:93} INFO -  11050K .......... .......... .......... .......... .......... 86%  309M 0s
[2023-01-27T04:58:55.748+0000] {subprocess.py:93} INFO -  11100K .......... .......... .......... .......... .......... 86% 13.9M 0s
[2023-01-27T04:58:55.765+0000] {subprocess.py:93} INFO -  11150K .......... .......... .......... .......... .......... 86% 3.20M 0s
[2023-01-27T04:58:55.772+0000] {subprocess.py:93} INFO -  11200K .......... .......... .......... .......... .......... 87% 5.60M 0s
[2023-01-27T04:58:55.776+0000] {subprocess.py:93} INFO -  11250K .......... .......... .......... .......... .......... 87% 12.4M 0s
[2023-01-27T04:58:55.779+0000] {subprocess.py:93} INFO -  11300K .......... .......... .......... .......... .......... 88% 12.5M 0s
[2023-01-27T04:58:55.786+0000] {subprocess.py:93} INFO -  11350K .......... .......... .......... .......... .......... 88% 7.92M 0s
[2023-01-27T04:58:55.793+0000] {subprocess.py:93} INFO -  11400K .......... .......... .......... .......... .......... 88% 6.60M 0s
[2023-01-27T04:58:55.798+0000] {subprocess.py:93} INFO -  11450K .......... .......... .......... .......... .......... 89% 9.62M 0s
[2023-01-27T04:58:55.801+0000] {subprocess.py:93} INFO -  11500K .......... .......... .......... .......... .......... 89% 15.3M 0s
[2023-01-27T04:58:55.813+0000] {subprocess.py:93} INFO -  11550K .......... .......... .......... .......... .......... 90% 4.08M 0s
[2023-01-27T04:58:55.816+0000] {subprocess.py:93} INFO -  11600K .......... .......... .......... .......... .......... 90% 20.0M 0s
[2023-01-27T04:58:55.823+0000] {subprocess.py:93} INFO -  11650K .......... .......... .......... .......... .......... 90% 6.65M 0s
[2023-01-27T04:58:55.827+0000] {subprocess.py:93} INFO -  11700K .......... .......... .......... .......... .......... 91% 11.2M 0s
[2023-01-27T04:58:55.866+0000] {subprocess.py:93} INFO -  11750K .......... .......... .......... .......... .......... 91% 1.26M 0s
[2023-01-27T04:58:55.868+0000] {subprocess.py:93} INFO -  11800K .......... .......... .......... .......... .......... 92% 21.2M 0s
[2023-01-27T04:58:55.874+0000] {subprocess.py:93} INFO -  11850K .......... .......... .......... .......... .......... 92% 8.64M 0s
[2023-01-27T04:58:55.885+0000] {subprocess.py:93} INFO -  11900K .......... .......... .......... .......... .......... 92% 4.46M 0s
[2023-01-27T04:58:55.899+0000] {subprocess.py:93} INFO -  11950K .......... .......... .......... .......... .......... 93% 10.6M 0s
[2023-01-27T04:58:55.904+0000] {subprocess.py:93} INFO -  12000K .......... .......... .......... .......... .......... 93% 3.44M 0s
[2023-01-27T04:58:55.918+0000] {subprocess.py:93} INFO -  12050K .......... .......... .......... .......... .......... 93% 3.41M 0s
[2023-01-27T04:58:55.935+0000] {subprocess.py:93} INFO -  12100K .......... .......... .......... .......... .......... 94% 2.95M 0s
[2023-01-27T04:58:55.950+0000] {subprocess.py:93} INFO -  12150K .......... .......... .......... .......... .......... 94% 3.28M 0s
[2023-01-27T04:58:55.963+0000] {subprocess.py:93} INFO -  12200K .......... .......... .......... .......... .......... 95% 3.72M 0s
[2023-01-27T04:58:55.979+0000] {subprocess.py:93} INFO -  12250K .......... .......... .......... .......... .......... 95% 2.99M 0s
[2023-01-27T04:58:55.986+0000] {subprocess.py:93} INFO -  12300K .......... .......... .......... .......... .......... 95% 7.34M 0s
[2023-01-27T04:58:55.992+0000] {subprocess.py:93} INFO -  12350K .......... .......... .......... .......... .......... 96% 7.35M 0s
[2023-01-27T04:58:55.999+0000] {subprocess.py:93} INFO -  12400K .......... .......... .......... .......... .......... 96% 6.90M 0s
[2023-01-27T04:58:56.020+0000] {subprocess.py:93} INFO -  12450K .......... .......... .......... .......... .......... 97% 2.40M 0s
[2023-01-27T04:58:56.040+0000] {subprocess.py:93} INFO -  12500K .......... .......... .......... .......... .......... 97% 2.37M 0s
[2023-01-27T04:58:56.061+0000] {subprocess.py:93} INFO -  12550K .......... .......... .......... .......... .......... 97% 2.36M 0s
[2023-01-27T04:58:56.072+0000] {subprocess.py:93} INFO -  12600K .......... .......... .......... .......... .......... 98% 4.42M 0s
[2023-01-27T04:58:56.076+0000] {subprocess.py:93} INFO -  12650K .......... .......... .......... .......... .......... 98% 11.6M 0s
[2023-01-27T04:58:56.091+0000] {subprocess.py:93} INFO -  12700K .......... .......... .......... .......... .......... 99% 3.33M 0s
[2023-01-27T04:58:56.113+0000] {subprocess.py:93} INFO -  12750K .......... .......... .......... .......... .......... 99% 3.96M 0s
[2023-01-27T04:58:56.144+0000] {subprocess.py:93} INFO -  12800K .......... .......... .......... .......... .......... 99% 1.28M 0s
[2023-01-27T04:58:56.145+0000] {subprocess.py:93} INFO -  12850K .......... .......... ......                          100% 25.8M=2.2s
[2023-01-27T04:58:56.145+0000] {subprocess.py:93} INFO - 
[2023-01-27T04:58:56.145+0000] {subprocess.py:93} INFO - 2023-01-27 04:58:56 (5.79 MB/s) - ‘/opt/***/fhv_tripdata_2021-04.csv.gz’ saved [13185676/13185676]
[2023-01-27T04:58:56.145+0000] {subprocess.py:93} INFO - 
[2023-01-27T04:58:56.146+0000] {subprocess.py:97} INFO - Command exited with return code 0
[2023-01-27T04:58:56.205+0000] {taskinstance.py:1323} INFO - Marking task as SUCCESS. dag_id=fhv_taxi_data_dag_v1, task_id=download_ytd_dataset_from_web, execution_date=20210401T000000, start_date=20230127T045853, end_date=20230127T045856
[2023-01-27T04:58:56.314+0000] {local_task_job.py:208} INFO - Task exited with return code 0
[2023-01-27T04:58:56.592+0000] {taskinstance.py:2578} INFO - 0 downstream tasks scheduled from follow-on schedule check
