[2023-01-27T05:22:35.296+0000] {taskinstance.py:1083} INFO - Dependencies all met for <TaskInstance: ny_taxi_zones_dag_v1.download_ytd_dataset_from_web scheduled__2023-01-27T05:22:15.808451+00:00 [queued]>
[2023-01-27T05:22:35.303+0000] {taskinstance.py:1083} INFO - Dependencies all met for <TaskInstance: ny_taxi_zones_dag_v1.download_ytd_dataset_from_web scheduled__2023-01-27T05:22:15.808451+00:00 [queued]>
[2023-01-27T05:22:35.303+0000] {taskinstance.py:1279} INFO - 
--------------------------------------------------------------------------------
[2023-01-27T05:22:35.303+0000] {taskinstance.py:1280} INFO - Starting attempt 1 of 1
[2023-01-27T05:22:35.304+0000] {taskinstance.py:1281} INFO - 
--------------------------------------------------------------------------------
[2023-01-27T05:22:35.316+0000] {taskinstance.py:1300} INFO - Executing <Task(BashOperator): download_ytd_dataset_from_web> on 2023-01-27 05:22:15.808451+00:00
[2023-01-27T05:22:35.321+0000] {standard_task_runner.py:55} INFO - Started process 209 to run task
[2023-01-27T05:22:35.323+0000] {standard_task_runner.py:82} INFO - Running: ['***', 'tasks', 'run', 'ny_taxi_zones_dag_v1', 'download_ytd_dataset_from_web', 'scheduled__2023-01-27T05:22:15.808451+00:00', '--job-id', '5864', '--raw', '--subdir', 'DAGS_FOLDER/data_ingestion_gcs_dag_v1_zones.py', '--cfg-path', '/tmp/tmpox82exel']
[2023-01-27T05:22:35.325+0000] {standard_task_runner.py:83} INFO - Job 5864: Subtask download_ytd_dataset_from_web
[2023-01-27T05:22:35.371+0000] {task_command.py:388} INFO - Running <TaskInstance: ny_taxi_zones_dag_v1.download_ytd_dataset_from_web scheduled__2023-01-27T05:22:15.808451+00:00 [running]> on host adfcc1cb730b
[2023-01-27T05:22:35.430+0000] {taskinstance.py:1509} INFO - Exporting the following env vars:
AIRFLOW_CTX_DAG_OWNER=***
AIRFLOW_CTX_DAG_ID=ny_taxi_zones_dag_v1
AIRFLOW_CTX_TASK_ID=download_ytd_dataset_from_web
AIRFLOW_CTX_EXECUTION_DATE=2023-01-27T05:22:15.808451+00:00
AIRFLOW_CTX_TRY_NUMBER=1
AIRFLOW_CTX_DAG_RUN_ID=scheduled__2023-01-27T05:22:15.808451+00:00
[2023-01-27T05:22:35.431+0000] {subprocess.py:63} INFO - Tmp dir root location: 
 /tmp
[2023-01-27T05:22:35.431+0000] {subprocess.py:75} INFO - Running command: ['/bin/bash', '-c', 'wget https://s3.amazonaws.com/nyc-tlc/misc/taxi+_zone_lookup.csv -O /opt/***/zones.csv.gz']
[2023-01-27T05:22:35.442+0000] {subprocess.py:86} INFO - Output:
[2023-01-27T05:22:35.446+0000] {subprocess.py:93} INFO - --2023-01-27 05:22:35--  https://s3.amazonaws.com/nyc-tlc/misc/taxi+_zone_lookup.csv
[2023-01-27T05:22:35.468+0000] {subprocess.py:93} INFO - Resolving s3.amazonaws.com (s3.amazonaws.com)... 52.216.152.158, 52.216.139.69, 52.216.139.173, ...
[2023-01-27T05:22:35.573+0000] {subprocess.py:93} INFO - Connecting to s3.amazonaws.com (s3.amazonaws.com)|52.216.152.158|:443... connected.
[2023-01-27T05:22:36.071+0000] {subprocess.py:93} INFO - HTTP request sent, awaiting response... 200 OK
[2023-01-27T05:22:36.071+0000] {subprocess.py:93} INFO - Length: 12322 (12K) [application/octet-stream]
[2023-01-27T05:22:36.072+0000] {subprocess.py:93} INFO - Saving to: ‘/opt/***/zones.csv.gz’
[2023-01-27T05:22:36.072+0000] {subprocess.py:93} INFO - 
[2023-01-27T05:22:36.073+0000] {subprocess.py:93} INFO -      0K .......... ..                                         100% 9.54M=0.001s
[2023-01-27T05:22:36.073+0000] {subprocess.py:93} INFO - 
[2023-01-27T05:22:36.073+0000] {subprocess.py:93} INFO - 2023-01-27 05:22:36 (9.54 MB/s) - ‘/opt/***/zones.csv.gz’ saved [12322/12322]
[2023-01-27T05:22:36.073+0000] {subprocess.py:93} INFO - 
[2023-01-27T05:22:36.073+0000] {subprocess.py:97} INFO - Command exited with return code 0
[2023-01-27T05:22:36.098+0000] {taskinstance.py:1323} INFO - Marking task as SUCCESS. dag_id=ny_taxi_zones_dag_v1, task_id=download_ytd_dataset_from_web, execution_date=20230127T052215, start_date=20230127T052235, end_date=20230127T052236
[2023-01-27T05:22:36.137+0000] {local_task_job.py:208} INFO - Task exited with return code 0
[2023-01-27T05:22:36.162+0000] {taskinstance.py:2578} INFO - 1 downstream tasks scheduled from follow-on schedule check
