[2023-01-27T04:58:51.456+0000] {taskinstance.py:1083} INFO - Dependencies all met for <TaskInstance: fhv_taxi_data_dag_v1.download_ytd_dataset_from_web scheduled__2020-12-01T00:00:00+00:00 [queued]>
[2023-01-27T04:58:51.471+0000] {taskinstance.py:1083} INFO - Dependencies all met for <TaskInstance: fhv_taxi_data_dag_v1.download_ytd_dataset_from_web scheduled__2020-12-01T00:00:00+00:00 [queued]>
[2023-01-27T04:58:51.471+0000] {taskinstance.py:1279} INFO - 
--------------------------------------------------------------------------------
[2023-01-27T04:58:51.472+0000] {taskinstance.py:1280} INFO - Starting attempt 1 of 1
[2023-01-27T04:58:51.472+0000] {taskinstance.py:1281} INFO - 
--------------------------------------------------------------------------------
[2023-01-27T04:58:51.496+0000] {taskinstance.py:1300} INFO - Executing <Task(BashOperator): download_ytd_dataset_from_web> on 2020-12-01 00:00:00+00:00
[2023-01-27T04:58:51.510+0000] {standard_task_runner.py:55} INFO - Started process 7667 to run task
[2023-01-27T04:58:51.518+0000] {standard_task_runner.py:82} INFO - Running: ['***', 'tasks', 'run', 'fhv_taxi_data_dag_v1', 'download_ytd_dataset_from_web', 'scheduled__2020-12-01T00:00:00+00:00', '--job-id', '5786', '--raw', '--subdir', 'DAGS_FOLDER/data_ingestion_gcs_dag_v1_fhv.py', '--cfg-path', '/tmp/tmp2z4ywlee']
[2023-01-27T04:58:51.522+0000] {standard_task_runner.py:83} INFO - Job 5786: Subtask download_ytd_dataset_from_web
[2023-01-27T04:58:51.633+0000] {task_command.py:388} INFO - Running <TaskInstance: fhv_taxi_data_dag_v1.download_ytd_dataset_from_web scheduled__2020-12-01T00:00:00+00:00 [running]> on host 8bc22b99c76b
[2023-01-27T04:58:51.795+0000] {taskinstance.py:1509} INFO - Exporting the following env vars:
AIRFLOW_CTX_DAG_OWNER=***
AIRFLOW_CTX_DAG_ID=fhv_taxi_data_dag_v1
AIRFLOW_CTX_TASK_ID=download_ytd_dataset_from_web
AIRFLOW_CTX_EXECUTION_DATE=2020-12-01T00:00:00+00:00
AIRFLOW_CTX_TRY_NUMBER=1
AIRFLOW_CTX_DAG_RUN_ID=scheduled__2020-12-01T00:00:00+00:00
[2023-01-27T04:58:51.798+0000] {subprocess.py:63} INFO - Tmp dir root location: 
 /tmp
[2023-01-27T04:58:51.798+0000] {subprocess.py:75} INFO - Running command: ['/bin/bash', '-c', 'wget https://github.com/DataTalksClub/nyc-tlc-data/releases/download/fhv/fhv_tripdata_2020-12.csv.gz -O /opt/***/fhv_tripdata_2020-12.csv.gz']
[2023-01-27T04:58:51.819+0000] {subprocess.py:86} INFO - Output:
[2023-01-27T04:58:51.827+0000] {subprocess.py:93} INFO - --2023-01-27 04:58:51--  https://github.com/DataTalksClub/nyc-tlc-data/releases/download/fhv/fhv_tripdata_2020-12.csv.gz
[2023-01-27T04:58:51.844+0000] {subprocess.py:93} INFO - Resolving github.com (github.com)... 140.82.121.3
[2023-01-27T04:58:51.869+0000] {subprocess.py:93} INFO - Connecting to github.com (github.com)|140.82.121.3|:443... connected.
[2023-01-27T04:58:52.158+0000] {subprocess.py:93} INFO - HTTP request sent, awaiting response... 302 Found
[2023-01-27T04:58:52.158+0000] {subprocess.py:93} INFO - Location: https://objects.githubusercontent.com/github-production-release-asset-2e65be/513814948/09a0ea48-9420-4e6c-ac65-9313b54360e3?X-Amz-Algorithm=AWS4-HMAC-SHA256&X-Amz-Credential=AKIAIWNJYAX4CSVEH53A%2F20230127%2Fus-east-1%2Fs3%2Faws4_request&X-Amz-Date=20230127T045724Z&X-Amz-Expires=300&X-Amz-Signature=fd59cce2ad8de2416923f0b3b1a088e9c7df2a0fb628c68b2abcd8da3d10a339&X-Amz-SignedHeaders=host&actor_id=0&key_id=0&repo_id=513814948&response-content-disposition=attachment%3B%20filename%3Dfhv_tripdata_2020-12.csv.gz&response-content-type=application%2Foctet-stream [following]
[2023-01-27T04:58:52.158+0000] {subprocess.py:93} INFO - --2023-01-27 04:58:52--  https://objects.githubusercontent.com/github-production-release-asset-2e65be/513814948/09a0ea48-9420-4e6c-ac65-9313b54360e3?X-Amz-Algorithm=AWS4-HMAC-SHA256&X-Amz-Credential=AKIAIWNJYAX4CSVEH53A%2F20230127%2Fus-east-1%2Fs3%2Faws4_request&X-Amz-Date=20230127T045724Z&X-Amz-Expires=300&X-Amz-Signature=fd59cce2ad8de2416923f0b3b1a088e9c7df2a0fb628c68b2abcd8da3d10a339&X-Amz-SignedHeaders=host&actor_id=0&key_id=0&repo_id=513814948&response-content-disposition=attachment%3B%20filename%3Dfhv_tripdata_2020-12.csv.gz&response-content-type=application%2Foctet-stream
[2023-01-27T04:58:52.162+0000] {subprocess.py:93} INFO - Resolving objects.githubusercontent.com (objects.githubusercontent.com)... 185.199.108.133, 185.199.110.133, 185.199.111.133, ...
[2023-01-27T04:58:52.186+0000] {subprocess.py:93} INFO - Connecting to objects.githubusercontent.com (objects.githubusercontent.com)|185.199.108.133|:443... connected.
[2023-01-27T04:58:52.548+0000] {subprocess.py:93} INFO - HTTP request sent, awaiting response... 200 OK
[2023-01-27T04:58:52.548+0000] {subprocess.py:93} INFO - Length: 12026665 (11M) [application/octet-stream]
[2023-01-27T04:58:52.549+0000] {subprocess.py:93} INFO - Saving to: ‘/opt/***/fhv_tripdata_2020-12.csv.gz’
[2023-01-27T04:58:52.550+0000] {subprocess.py:93} INFO - 
[2023-01-27T04:58:52.578+0000] {subprocess.py:93} INFO -      0K .......... .......... .......... .......... ..........  0% 1.67M 7s
[2023-01-27T04:58:52.595+0000] {subprocess.py:93} INFO -     50K .......... .......... .......... .......... ..........  0% 2.76M 5s
[2023-01-27T04:58:52.601+0000] {subprocess.py:93} INFO -    100K .......... .......... .......... .......... ..........  1% 8.02M 4s
[2023-01-27T04:58:52.606+0000] {subprocess.py:93} INFO -    150K .......... .......... .......... .......... ..........  1% 10.2M 3s
[2023-01-27T04:58:52.617+0000] {subprocess.py:93} INFO -    200K .......... .......... .......... .......... ..........  2% 4.54M 3s
[2023-01-27T04:58:52.620+0000] {subprocess.py:93} INFO -    250K .......... .......... .......... .......... ..........  2% 13.9M 3s
[2023-01-27T04:58:52.624+0000] {subprocess.py:93} INFO -    300K .......... .......... .......... .......... ..........  2% 13.0M 2s
[2023-01-27T04:58:52.627+0000] {subprocess.py:93} INFO -    350K .......... .......... .......... .......... ..........  3% 17.2M 2s
[2023-01-27T04:58:52.633+0000] {subprocess.py:93} INFO -    400K .......... .......... .......... .......... ..........  3% 7.79M 2s
[2023-01-27T04:58:52.637+0000] {subprocess.py:93} INFO -    450K .......... .......... .......... .......... ..........  4% 12.1M 2s
[2023-01-27T04:58:52.641+0000] {subprocess.py:93} INFO -    500K .......... .......... .......... .......... ..........  4% 13.1M 2s
[2023-01-27T04:58:52.646+0000] {subprocess.py:93} INFO -    550K .......... .......... .......... .......... ..........  5% 11.0M 2s
[2023-01-27T04:58:52.646+0000] {subprocess.py:93} INFO -    600K .......... .......... .......... .......... ..........  5%  166M 2s
[2023-01-27T04:58:52.647+0000] {subprocess.py:93} INFO -    650K .......... .......... .......... .......... ..........  5% 38.3M 2s
[2023-01-27T04:58:52.651+0000] {subprocess.py:93} INFO -    700K .......... .......... .......... .......... ..........  6% 13.5M 2s
[2023-01-27T04:58:52.653+0000] {subprocess.py:93} INFO -    750K .......... .......... .......... .......... ..........  6% 19.3M 1s
[2023-01-27T04:58:52.656+0000] {subprocess.py:93} INFO -    800K .......... .......... .......... .......... ..........  7% 21.6M 1s
[2023-01-27T04:58:52.656+0000] {subprocess.py:93} INFO -    850K .......... .......... .......... .......... ..........  7%  384M 1s
[2023-01-27T04:58:52.658+0000] {subprocess.py:93} INFO -    900K .......... .......... .......... .......... ..........  8% 20.5M 1s
[2023-01-27T04:58:52.660+0000] {subprocess.py:93} INFO -    950K .......... .......... .......... .......... ..........  8% 22.5M 1s
[2023-01-27T04:58:52.661+0000] {subprocess.py:93} INFO -   1000K .......... .......... .......... .......... ..........  8%  461M 1s
[2023-01-27T04:58:52.663+0000] {subprocess.py:93} INFO -   1050K .......... .......... .......... .......... ..........  9% 15.8M 1s
[2023-01-27T04:58:52.665+0000] {subprocess.py:93} INFO -   1100K .......... .......... .......... .......... ..........  9% 33.4M 1s
[2023-01-27T04:58:52.671+0000] {subprocess.py:93} INFO -   1150K .......... .......... .......... .......... .......... 10% 8.54M 1s
[2023-01-27T04:58:52.672+0000] {subprocess.py:93} INFO -   1200K .......... .......... .......... .......... .......... 10% 38.3M 1s
[2023-01-27T04:58:52.674+0000] {subprocess.py:93} INFO -   1250K .......... .......... .......... .......... .......... 11% 19.7M 1s
[2023-01-27T04:58:52.676+0000] {subprocess.py:93} INFO -   1300K .......... .......... .......... .......... .......... 11% 26.7M 1s
[2023-01-27T04:58:52.679+0000] {subprocess.py:93} INFO -   1350K .......... .......... .......... .......... .......... 11% 16.7M 1s
[2023-01-27T04:58:52.718+0000] {subprocess.py:93} INFO -   1400K .......... .......... .......... .......... .......... 12% 1.27M 1s
[2023-01-27T04:58:52.722+0000] {subprocess.py:93} INFO -   1450K .......... .......... .......... .......... .......... 12% 12.6M 1s
[2023-01-27T04:58:52.723+0000] {subprocess.py:93} INFO -   1500K .......... .......... .......... .......... .......... 13% 41.4M 1s
[2023-01-27T04:58:52.727+0000] {subprocess.py:93} INFO -   1550K .......... .......... .......... .......... .......... 13% 10.4M 1s
[2023-01-27T04:58:52.728+0000] {subprocess.py:93} INFO -   1600K .......... .......... .......... .......... .......... 14%  139M 1s
[2023-01-27T04:58:52.730+0000] {subprocess.py:93} INFO -   1650K .......... .......... .......... .......... .......... 14% 23.2M 1s
[2023-01-27T04:58:52.730+0000] {subprocess.py:93} INFO -   1700K .......... .......... .......... .......... .......... 14%  296M 1s
[2023-01-27T04:58:52.732+0000] {subprocess.py:93} INFO -   1750K .......... .......... .......... .......... .......... 15% 21.6M 1s
[2023-01-27T04:58:52.738+0000] {subprocess.py:93} INFO -   1800K .......... .......... .......... .......... .......... 15% 8.67M 1s
[2023-01-27T04:58:52.741+0000] {subprocess.py:93} INFO -   1850K .......... .......... .......... .......... .......... 16% 15.8M 1s
[2023-01-27T04:58:52.741+0000] {subprocess.py:93} INFO -   1900K .......... .......... .......... .......... .......... 16%  267M 1s
[2023-01-27T04:58:52.741+0000] {subprocess.py:93} INFO -   1950K .......... .......... .......... .......... .......... 17%  208M 1s
[2023-01-27T04:58:52.742+0000] {subprocess.py:93} INFO -   2000K .......... .......... .......... .......... .......... 17%  256M 1s
[2023-01-27T04:58:52.742+0000] {subprocess.py:93} INFO -   2050K .......... .......... .......... .......... .......... 17% 61.8M 1s
[2023-01-27T04:58:52.744+0000] {subprocess.py:93} INFO -   2100K .......... .......... .......... .......... .......... 18% 34.5M 1s
[2023-01-27T04:58:52.804+0000] {subprocess.py:93} INFO -   2150K .......... .......... .......... .......... .......... 18%  829K 1s
[2023-01-27T04:58:52.807+0000] {subprocess.py:93} INFO -   2200K .......... .......... .......... .......... .......... 19% 17.8M 1s
[2023-01-27T04:58:52.810+0000] {subprocess.py:93} INFO -   2250K .......... .......... .......... .......... .......... 19% 16.8M 1s
[2023-01-27T04:58:52.811+0000] {subprocess.py:93} INFO -   2300K .......... .......... .......... .......... .......... 20% 35.3M 1s
[2023-01-27T04:58:52.814+0000] {subprocess.py:93} INFO -   2350K .......... .......... .......... .......... .......... 20% 15.8M 1s
[2023-01-27T04:58:52.818+0000] {subprocess.py:93} INFO -   2400K .......... .......... .......... .......... .......... 20% 12.0M 1s
[2023-01-27T04:58:52.819+0000] {subprocess.py:93} INFO -   2450K .......... .......... .......... .......... .......... 21%  245M 1s
[2023-01-27T04:58:52.820+0000] {subprocess.py:93} INFO -   2500K .......... .......... .......... .......... .......... 21% 29.4M 1s
[2023-01-27T04:58:52.820+0000] {subprocess.py:93} INFO -   2550K .......... .......... .......... .......... .......... 22%  313M 1s
[2023-01-27T04:58:52.822+0000] {subprocess.py:93} INFO -   2600K .......... .......... .......... .......... .......... 22% 30.4M 1s
[2023-01-27T04:58:52.824+0000] {subprocess.py:93} INFO -   2650K .......... .......... .......... .......... .......... 22% 20.9M 1s
[2023-01-27T04:58:52.827+0000] {subprocess.py:93} INFO -   2700K .......... .......... .......... .......... .......... 23% 21.1M 1s
[2023-01-27T04:58:52.829+0000] {subprocess.py:93} INFO -   2750K .......... .......... .......... .......... .......... 23% 26.1M 1s
[2023-01-27T04:58:52.831+0000] {subprocess.py:93} INFO -   2800K .......... .......... .......... .......... .......... 24% 22.8M 1s
[2023-01-27T04:58:52.831+0000] {subprocess.py:93} INFO -   2850K .......... .......... .......... .......... .......... 24%  334M 1s
[2023-01-27T04:58:52.889+0000] {subprocess.py:93} INFO -   2900K .......... .......... .......... .......... .......... 25%  856K 1s
[2023-01-27T04:58:52.893+0000] {subprocess.py:93} INFO -   2950K .......... .......... .......... .......... .......... 25% 12.2M 1s
[2023-01-27T04:58:52.899+0000] {subprocess.py:93} INFO -   3000K .......... .......... .......... .......... .......... 25% 8.04M 1s
[2023-01-27T04:58:52.900+0000] {subprocess.py:93} INFO -   3050K .......... .......... .......... .......... .......... 26%  287M 1s
[2023-01-27T04:58:52.900+0000] {subprocess.py:93} INFO -   3100K .......... .......... .......... .......... .......... 26%  136M 1s
[2023-01-27T04:58:52.901+0000] {subprocess.py:93} INFO -   3150K .......... .......... .......... .......... .......... 27% 34.8M 1s
[2023-01-27T04:58:52.901+0000] {subprocess.py:93} INFO -   3200K .......... .......... .......... .......... .......... 27%  317M 1s
[2023-01-27T04:58:52.906+0000] {subprocess.py:93} INFO -   3250K .......... .......... .......... .......... .......... 28% 11.6M 1s
[2023-01-27T04:58:52.906+0000] {subprocess.py:93} INFO -   3300K .......... .......... .......... .......... .......... 28%  310M 1s
[2023-01-27T04:58:52.914+0000] {subprocess.py:93} INFO -   3350K .......... .......... .......... .......... .......... 28% 5.90M 1s
[2023-01-27T04:58:52.914+0000] {subprocess.py:93} INFO -   3400K .......... .......... .......... .......... .......... 29%  308M 1s
[2023-01-27T04:58:52.914+0000] {subprocess.py:93} INFO -   3450K .......... .......... .......... .......... .......... 29%  324M 1s
[2023-01-27T04:58:52.915+0000] {subprocess.py:93} INFO -   3500K .......... .......... .......... .......... .......... 30%  326M 1s
[2023-01-27T04:58:52.917+0000] {subprocess.py:93} INFO -   3550K .......... .......... .......... .......... .......... 30% 20.9M 1s
[2023-01-27T04:58:52.917+0000] {subprocess.py:93} INFO -   3600K .......... .......... .......... .......... .......... 31%  319M 1s
[2023-01-27T04:58:52.919+0000] {subprocess.py:93} INFO -   3650K .......... .......... .......... .......... .......... 31% 30.4M 1s
[2023-01-27T04:58:52.974+0000] {subprocess.py:93} INFO -   3700K .......... .......... .......... .......... .......... 31%  895K 1s
[2023-01-27T04:58:52.977+0000] {subprocess.py:93} INFO -   3750K .......... .......... .......... .......... .......... 32% 16.2M 1s
[2023-01-27T04:58:52.979+0000] {subprocess.py:93} INFO -   3800K .......... .......... .......... .......... .......... 32% 25.6M 1s
[2023-01-27T04:58:52.982+0000] {subprocess.py:93} INFO -   3850K .......... .......... .......... .......... .......... 33% 17.7M 1s
[2023-01-27T04:58:52.985+0000] {subprocess.py:93} INFO -   3900K .......... .......... .......... .......... .......... 33% 16.9M 1s
[2023-01-27T04:58:52.985+0000] {subprocess.py:93} INFO -   3950K .......... .......... .......... .......... .......... 34%  386M 1s
[2023-01-27T04:58:52.989+0000] {subprocess.py:93} INFO -   4000K .......... .......... .......... .......... .......... 34% 12.1M 1s
[2023-01-27T04:58:53.070+0000] {subprocess.py:93} INFO -   4050K .......... .......... .......... .......... .......... 34%  619K 1s
[2023-01-27T04:58:53.074+0000] {subprocess.py:93} INFO -   4100K .......... .......... .......... .......... .......... 35% 13.3M 1s
[2023-01-27T04:58:53.075+0000] {subprocess.py:93} INFO -   4150K .......... .......... .......... .......... .......... 35% 30.9M 1s
[2023-01-27T04:58:53.078+0000] {subprocess.py:93} INFO -   4200K .......... .......... .......... .......... .......... 36% 18.2M 1s
[2023-01-27T04:58:53.078+0000] {subprocess.py:93} INFO -   4250K .......... .......... .......... .......... .......... 36%  405M 1s
[2023-01-27T04:58:53.080+0000] {subprocess.py:93} INFO -   4300K .......... .......... .......... .......... .......... 37% 31.8M 1s
[2023-01-27T04:58:53.087+0000] {subprocess.py:93} INFO -   4350K .......... .......... .......... .......... .......... 37% 6.31M 1s
[2023-01-27T04:58:53.088+0000] {subprocess.py:93} INFO -   4400K .......... .......... .......... .......... .......... 37%  395M 1s
[2023-01-27T04:58:53.088+0000] {subprocess.py:93} INFO -   4450K .......... .......... .......... .......... .......... 38%  523M 1s
[2023-01-27T04:58:53.090+0000] {subprocess.py:93} INFO -   4500K .......... .......... .......... .......... .......... 38% 17.6M 1s
[2023-01-27T04:58:53.090+0000] {subprocess.py:93} INFO -   4550K .......... .......... .......... .......... .......... 39%  483M 1s
[2023-01-27T04:58:53.093+0000] {subprocess.py:93} INFO -   4600K .......... .......... .......... .......... .......... 39% 20.9M 1s
[2023-01-27T04:58:53.095+0000] {subprocess.py:93} INFO -   4650K .......... .......... .......... .......... .......... 40% 26.6M 1s
[2023-01-27T04:58:53.095+0000] {subprocess.py:93} INFO -   4700K .......... .......... .......... .......... .......... 40%  482M 1s
[2023-01-27T04:58:53.104+0000] {subprocess.py:93} INFO -   4750K .......... .......... .......... .......... .......... 40% 5.06M 1s
[2023-01-27T04:58:53.105+0000] {subprocess.py:93} INFO -   4800K .......... .......... .......... .......... .......... 41%  171M 1s
[2023-01-27T04:58:53.155+0000] {subprocess.py:93} INFO -   4850K .......... .......... .......... .......... .......... 41%  983K 1s
[2023-01-27T04:58:53.159+0000] {subprocess.py:93} INFO -   4900K .......... .......... .......... .......... .......... 42% 15.0M 1s
[2023-01-27T04:58:53.161+0000] {subprocess.py:93} INFO -   4950K .......... .......... .......... .......... .......... 42% 18.1M 1s
[2023-01-27T04:58:53.167+0000] {subprocess.py:93} INFO -   5000K .......... .......... .......... .......... .......... 42% 9.18M 1s
[2023-01-27T04:58:53.167+0000] {subprocess.py:93} INFO -   5050K .......... .......... .......... .......... .......... 43%  533M 1s
[2023-01-27T04:58:53.169+0000] {subprocess.py:93} INFO -   5100K .......... .......... .......... .......... .......... 43% 20.7M 1s
[2023-01-27T04:58:53.169+0000] {subprocess.py:93} INFO -   5150K .......... .......... .......... .......... .......... 44%  466M 1s
[2023-01-27T04:58:53.171+0000] {subprocess.py:93} INFO -   5200K .......... .......... .......... .......... .......... 44% 28.9M 1s
[2023-01-27T04:58:53.173+0000] {subprocess.py:93} INFO -   5250K .......... .......... .......... .......... .......... 45% 26.1M 1s
[2023-01-27T04:58:53.177+0000] {subprocess.py:93} INFO -   5300K .......... .......... .......... .......... .......... 45% 10.5M 1s
[2023-01-27T04:58:53.186+0000] {subprocess.py:93} INFO -   5350K .......... .......... .......... .......... .......... 45% 5.52M 1s
[2023-01-27T04:58:53.186+0000] {subprocess.py:93} INFO -   5400K .......... .......... .......... .......... .......... 46%  349M 1s
[2023-01-27T04:58:53.187+0000] {subprocess.py:93} INFO -   5450K .......... .......... .......... .......... .......... 46%  573M 1s
[2023-01-27T04:58:53.191+0000] {subprocess.py:93} INFO -   5500K .......... .......... .......... .......... .......... 47% 11.3M 1s
[2023-01-27T04:58:53.191+0000] {subprocess.py:93} INFO -   5550K .......... .......... .......... .......... .......... 47%  540M 1s
[2023-01-27T04:58:53.191+0000] {subprocess.py:93} INFO -   5600K .......... .......... .......... .......... .......... 48%  474M 1s
[2023-01-27T04:58:53.240+0000] {subprocess.py:93} INFO -   5650K .......... .......... .......... .......... .......... 48% 1.01M 1s
[2023-01-27T04:58:53.242+0000] {subprocess.py:93} INFO -   5700K .......... .......... .......... .......... .......... 48% 20.7M 1s
[2023-01-27T04:58:53.244+0000] {subprocess.py:93} INFO -   5750K .......... .......... .......... .......... .......... 49% 22.0M 1s
[2023-01-27T04:58:53.246+0000] {subprocess.py:93} INFO -   5800K .......... .......... .......... .......... .......... 49% 23.4M 1s
[2023-01-27T04:58:53.249+0000] {subprocess.py:93} INFO -   5850K .......... .......... .......... .......... .......... 50% 16.0M 1s
[2023-01-27T04:58:53.252+0000] {subprocess.py:93} INFO -   5900K .......... .......... .......... .......... .......... 50% 17.4M 1s
[2023-01-27T04:58:53.255+0000] {subprocess.py:93} INFO -   5950K .......... .......... .......... .......... .......... 51% 15.0M 1s
[2023-01-27T04:58:53.257+0000] {subprocess.py:93} INFO -   6000K .......... .......... .......... .......... .......... 51% 30.4M 1s
[2023-01-27T04:58:53.257+0000] {subprocess.py:93} INFO -   6050K .......... .......... .......... .......... .......... 51%  320M 1s
[2023-01-27T04:58:53.262+0000] {subprocess.py:93} INFO -   6100K .......... .......... .......... .......... .......... 52% 10.0M 1s
[2023-01-27T04:58:53.262+0000] {subprocess.py:93} INFO -   6150K .......... .......... .......... .......... .......... 52%  303M 1s
[2023-01-27T04:58:53.265+0000] {subprocess.py:93} INFO -   6200K .......... .......... .......... .......... .......... 53% 16.9M 1s
[2023-01-27T04:58:53.267+0000] {subprocess.py:93} INFO -   6250K .......... .......... .......... .......... .......... 53% 29.6M 1s
[2023-01-27T04:58:53.269+0000] {subprocess.py:93} INFO -   6300K .......... .......... .......... .......... .......... 54% 20.3M 1s
[2023-01-27T04:58:53.272+0000] {subprocess.py:93} INFO -   6350K .......... .......... .......... .......... .......... 54% 14.6M 1s
[2023-01-27T04:58:53.274+0000] {subprocess.py:93} INFO -   6400K .......... .......... .......... .......... .......... 54% 31.2M 1s
[2023-01-27T04:58:53.274+0000] {subprocess.py:93} INFO -   6450K .......... .......... .......... .......... .......... 55%  354M 1s
[2023-01-27T04:58:53.331+0000] {subprocess.py:93} INFO -   6500K .......... .......... .......... .......... .......... 55%  878K 1s
[2023-01-27T04:58:53.333+0000] {subprocess.py:93} INFO -   6550K .......... .......... .......... .......... .......... 56% 31.3M 1s
[2023-01-27T04:58:53.336+0000] {subprocess.py:93} INFO -   6600K .......... .......... .......... .......... .......... 56% 12.5M 1s
[2023-01-27T04:58:53.338+0000] {subprocess.py:93} INFO -   6650K .......... .......... .......... .......... .......... 57% 28.7M 1s
[2023-01-27T04:58:53.341+0000] {subprocess.py:93} INFO -   6700K .......... .......... .......... .......... .......... 57% 19.4M 1s
[2023-01-27T04:58:53.342+0000] {subprocess.py:93} INFO -   6750K .......... .......... .......... .......... .......... 57%  480M 1s
[2023-01-27T04:58:53.348+0000] {subprocess.py:93} INFO -   6800K .......... .......... .......... .......... .......... 58% 7.15M 1s
[2023-01-27T04:58:53.348+0000] {subprocess.py:93} INFO -   6850K .......... .......... .......... .......... .......... 58%  135M 1s
[2023-01-27T04:58:53.350+0000] {subprocess.py:93} INFO -   6900K .......... .......... .......... .......... .......... 59% 32.7M 1s
[2023-01-27T04:58:53.350+0000] {subprocess.py:93} INFO -   6950K .......... .......... .......... .......... .......... 59%  316M 1s
[2023-01-27T04:58:53.355+0000] {subprocess.py:93} INFO -   7000K .......... .......... .......... .......... .......... 60% 8.57M 1s
[2023-01-27T04:58:53.356+0000] {subprocess.py:93} INFO -   7050K .......... .......... .......... .......... .......... 60%  388M 1s
[2023-01-27T04:58:53.357+0000] {subprocess.py:93} INFO -   7100K .......... .......... .......... .......... .......... 60% 24.0M 1s
[2023-01-27T04:58:53.360+0000] {subprocess.py:93} INFO -   7150K .......... .......... .......... .......... .......... 61% 19.3M 1s
[2023-01-27T04:58:53.366+0000] {subprocess.py:93} INFO -   7200K .......... .......... .......... .......... .......... 61% 8.65M 1s
[2023-01-27T04:58:53.366+0000] {subprocess.py:93} INFO -   7250K .......... .......... .......... .......... .......... 62%  340M 0s
[2023-01-27T04:58:53.413+0000] {subprocess.py:93} INFO -   7300K .......... .......... .......... .......... .......... 62% 1.04M 1s
[2023-01-27T04:58:53.415+0000] {subprocess.py:93} INFO -   7350K .......... .......... .......... .......... .......... 63% 18.1M 1s
[2023-01-27T04:58:53.420+0000] {subprocess.py:93} INFO -   7400K .......... .......... .......... .......... .......... 63% 10.8M 1s
[2023-01-27T04:58:53.422+0000] {subprocess.py:93} INFO -   7450K .......... .......... .......... .......... .......... 63% 29.1M 0s
[2023-01-27T04:58:53.428+0000] {subprocess.py:93} INFO -   7500K .......... .......... .......... .......... .......... 64% 7.24M 0s
[2023-01-27T04:58:53.428+0000] {subprocess.py:93} INFO -   7550K .......... .......... .......... .......... .......... 64%  356M 0s
[2023-01-27T04:58:53.431+0000] {subprocess.py:93} INFO -   7600K .......... .......... .......... .......... .......... 65% 22.0M 0s
[2023-01-27T04:58:53.434+0000] {subprocess.py:93} INFO -   7650K .......... .......... .......... .......... .......... 65% 14.3M 0s
[2023-01-27T04:58:53.434+0000] {subprocess.py:93} INFO -   7700K .......... .......... .......... .......... .......... 65%  339M 0s
[2023-01-27T04:58:53.438+0000] {subprocess.py:93} INFO -   7750K .......... .......... .......... .......... .......... 66% 14.7M 0s
[2023-01-27T04:58:53.438+0000] {subprocess.py:93} INFO -   7800K .......... .......... .......... .......... .......... 66%  322M 0s
[2023-01-27T04:58:53.444+0000] {subprocess.py:93} INFO -   7850K .......... .......... .......... .......... .......... 67% 7.64M 0s
[2023-01-27T04:58:53.444+0000] {subprocess.py:93} INFO -   7900K .......... .......... .......... .......... .......... 67%  353M 0s
[2023-01-27T04:58:53.446+0000] {subprocess.py:93} INFO -   7950K .......... .......... .......... .......... .......... 68% 22.2M 0s
[2023-01-27T04:58:53.449+0000] {subprocess.py:93} INFO -   8000K .......... .......... .......... .......... .......... 68% 16.2M 0s
[2023-01-27T04:58:53.450+0000] {subprocess.py:93} INFO -   8050K .......... .......... .......... .......... .......... 68%  322M 0s
[2023-01-27T04:58:53.456+0000] {subprocess.py:93} INFO -   8100K .......... .......... .......... .......... .......... 69% 7.13M 0s
[2023-01-27T04:58:53.504+0000] {subprocess.py:93} INFO -   8150K .......... .......... .......... .......... .......... 69% 1.03M 0s
[2023-01-27T04:58:53.506+0000] {subprocess.py:93} INFO -   8200K .......... .......... .......... .......... .......... 70% 18.7M 0s
[2023-01-27T04:58:53.510+0000] {subprocess.py:93} INFO -   8250K .......... .......... .......... .......... .......... 70% 13.5M 0s
[2023-01-27T04:58:53.512+0000] {subprocess.py:93} INFO -   8300K .......... .......... .......... .......... .......... 71% 28.4M 0s
[2023-01-27T04:58:53.516+0000] {subprocess.py:93} INFO -   8350K .......... .......... .......... .......... .......... 71% 12.6M 0s
[2023-01-27T04:58:53.517+0000] {subprocess.py:93} INFO -   8400K .......... .......... .......... .......... .......... 71% 40.4M 0s
[2023-01-27T04:58:53.521+0000] {subprocess.py:93} INFO -   8450K .......... .......... .......... .......... .......... 72% 12.4M 0s
[2023-01-27T04:58:53.522+0000] {subprocess.py:93} INFO -   8500K .......... .......... .......... .......... .......... 72% 41.1M 0s
[2023-01-27T04:58:53.526+0000] {subprocess.py:93} INFO -   8550K .......... .......... .......... .......... .......... 73% 11.9M 0s
[2023-01-27T04:58:53.530+0000] {subprocess.py:93} INFO -   8600K .......... .......... .......... .......... .......... 73% 12.2M 0s
[2023-01-27T04:58:53.532+0000] {subprocess.py:93} INFO -   8650K .......... .......... .......... .......... .......... 74% 29.0M 0s
[2023-01-27T04:58:53.534+0000] {subprocess.py:93} INFO -   8700K .......... .......... .......... .......... .......... 74% 22.1M 0s
[2023-01-27T04:58:53.535+0000] {subprocess.py:93} INFO -   8750K .......... .......... .......... .......... .......... 74%  368M 0s
[2023-01-27T04:58:53.538+0000] {subprocess.py:93} INFO -   8800K .......... .......... .......... .......... .......... 75% 13.6M 0s
[2023-01-27T04:58:53.540+0000] {subprocess.py:93} INFO -   8850K .......... .......... .......... .......... .......... 75% 23.6M 0s
[2023-01-27T04:58:53.542+0000] {subprocess.py:93} INFO -   8900K .......... .......... .......... .......... .......... 76% 20.7M 0s
[2023-01-27T04:58:53.543+0000] {subprocess.py:93} INFO -   8950K .......... .......... .......... .......... .......... 76% 37.1M 0s
[2023-01-27T04:58:53.545+0000] {subprocess.py:93} INFO -   9000K .......... .......... .......... .......... .......... 77% 24.5M 0s
[2023-01-27T04:58:53.590+0000] {subprocess.py:93} INFO -   9050K .......... .......... .......... .......... .......... 77% 1.09M 0s
[2023-01-27T04:58:53.594+0000] {subprocess.py:93} INFO -   9100K .......... .......... .......... .......... .......... 77% 13.1M 0s
[2023-01-27T04:58:53.596+0000] {subprocess.py:93} INFO -   9150K .......... .......... .......... .......... .......... 78% 27.9M 0s
[2023-01-27T04:58:53.600+0000] {subprocess.py:93} INFO -   9200K .......... .......... .......... .......... .......... 78% 10.3M 0s
[2023-01-27T04:58:53.603+0000] {subprocess.py:93} INFO -   9250K .......... .......... .......... .......... .......... 79% 17.1M 0s
[2023-01-27T04:58:53.606+0000] {subprocess.py:93} INFO -   9300K .......... .......... .......... .......... .......... 79% 16.5M 0s
[2023-01-27T04:58:53.606+0000] {subprocess.py:93} INFO -   9350K .......... .......... .......... .......... .......... 80%  297M 0s
[2023-01-27T04:58:53.612+0000] {subprocess.py:93} INFO -   9400K .......... .......... .......... .......... .......... 80% 9.12M 0s
[2023-01-27T04:58:53.612+0000] {subprocess.py:93} INFO -   9450K .......... .......... .......... .......... .......... 80%  487M 0s
[2023-01-27T04:58:53.616+0000] {subprocess.py:93} INFO -   9500K .......... .......... .......... .......... .......... 81% 11.6M 0s
[2023-01-27T04:58:53.619+0000] {subprocess.py:93} INFO -   9550K .......... .......... .......... .......... .......... 81%  310M 0s
[2023-01-27T04:58:53.619+0000] {subprocess.py:93} INFO -   9600K .......... .......... .......... .......... .......... 82% 15.2M 0s
[2023-01-27T04:58:53.624+0000] {subprocess.py:93} INFO -   9650K .......... .......... .......... .......... .......... 82% 10.9M 0s
[2023-01-27T04:58:53.624+0000] {subprocess.py:93} INFO -   9700K .......... .......... .......... .......... .......... 83%  261M 0s
[2023-01-27T04:58:53.625+0000] {subprocess.py:93} INFO -   9750K .......... .......... .......... .......... .......... 83% 43.4M 0s
[2023-01-27T04:58:53.626+0000] {subprocess.py:93} INFO -   9800K .......... .......... .......... .......... .......... 83% 38.7M 0s
[2023-01-27T04:58:53.627+0000] {subprocess.py:93} INFO -   9850K .......... .......... .......... .......... .......... 84% 44.4M 0s
[2023-01-27T04:58:53.688+0000] {subprocess.py:93} INFO -   9900K .......... .......... .......... .......... .......... 84%  829K 0s
[2023-01-27T04:58:53.693+0000] {subprocess.py:93} INFO -   9950K .......... .......... .......... .......... .......... 85% 44.5M 0s
[2023-01-27T04:58:53.693+0000] {subprocess.py:93} INFO -  10000K .......... .......... .......... .......... .......... 85% 12.1M 0s
[2023-01-27T04:58:53.695+0000] {subprocess.py:93} INFO -  10050K .......... .......... .......... .......... .......... 85% 23.6M 0s
[2023-01-27T04:58:53.701+0000] {subprocess.py:93} INFO -  10100K .......... .......... .......... .......... .......... 86% 7.64M 0s
[2023-01-27T04:58:53.702+0000] {subprocess.py:93} INFO -  10150K .......... .......... .......... .......... .......... 86%  517M 0s
[2023-01-27T04:58:53.703+0000] {subprocess.py:93} INFO -  10200K .......... .......... .......... .......... .......... 87% 29.3M 0s
[2023-01-27T04:58:53.707+0000] {subprocess.py:93} INFO -  10250K .......... .......... .......... .......... .......... 87% 13.3M 0s
[2023-01-27T04:58:53.707+0000] {subprocess.py:93} INFO -  10300K .......... .......... .......... .......... .......... 88%  540M 0s
[2023-01-27T04:58:53.712+0000] {subprocess.py:93} INFO -  10350K .......... .......... .......... .......... .......... 88% 9.77M 0s
[2023-01-27T04:58:53.715+0000] {subprocess.py:93} INFO -  10400K .......... .......... .......... .......... .......... 88% 15.9M 0s
[2023-01-27T04:58:53.715+0000] {subprocess.py:93} INFO -  10450K .......... .......... .......... .......... .......... 89%  158M 0s
[2023-01-27T04:58:53.717+0000] {subprocess.py:93} INFO -  10500K .......... .......... .......... .......... .......... 89% 22.1M 0s
[2023-01-27T04:58:53.723+0000] {subprocess.py:93} INFO -  10550K .......... .......... .......... .......... .......... 90% 8.74M 0s
[2023-01-27T04:58:53.723+0000] {subprocess.py:93} INFO -  10600K .......... .......... .......... .......... .......... 90%  465M 0s
[2023-01-27T04:58:53.723+0000] {subprocess.py:93} INFO -  10650K .......... .......... .......... .......... .......... 91%  550M 0s
[2023-01-27T04:58:53.725+0000] {subprocess.py:93} INFO -  10700K .......... .......... .......... .......... .......... 91% 25.4M 0s
[2023-01-27T04:58:53.733+0000] {subprocess.py:93} INFO -  10750K .......... .......... .......... .......... .......... 91% 6.27M 0s
[2023-01-27T04:58:53.780+0000] {subprocess.py:93} INFO -  10800K .......... .......... .......... .......... .......... 92% 1.04M 0s
[2023-01-27T04:58:53.780+0000] {subprocess.py:93} INFO -  10850K .......... .......... .......... .......... .......... 92%  273M 0s
[2023-01-27T04:58:53.782+0000] {subprocess.py:93} INFO -  10900K .......... .......... .......... .......... .......... 93% 19.9M 0s
[2023-01-27T04:58:53.782+0000] {subprocess.py:93} INFO -  10950K .......... .......... .......... .......... .......... 93%  304M 0s
[2023-01-27T04:58:53.784+0000] {subprocess.py:93} INFO -  11000K .......... .......... .......... .......... .......... 94% 26.9M 0s
[2023-01-27T04:58:53.789+0000] {subprocess.py:93} INFO -  11050K .......... .......... .......... .......... .......... 94% 9.88M 0s
[2023-01-27T04:58:53.789+0000] {subprocess.py:93} INFO -  11100K .......... .......... .......... .......... .......... 94%  501M 0s
[2023-01-27T04:58:53.793+0000] {subprocess.py:93} INFO -  11150K .......... .......... .......... .......... .......... 95% 27.8M 0s
[2023-01-27T04:58:53.794+0000] {subprocess.py:93} INFO -  11200K .......... .......... .......... .......... .......... 95% 17.9M 0s
[2023-01-27T04:58:53.797+0000] {subprocess.py:93} INFO -  11250K .......... .......... .......... .......... .......... 96% 17.7M 0s
[2023-01-27T04:58:53.800+0000] {subprocess.py:93} INFO -  11300K .......... .......... .......... .......... .......... 96% 16.4M 0s
[2023-01-27T04:58:53.804+0000] {subprocess.py:93} INFO -  11350K .......... .......... .......... .......... .......... 97% 11.7M 0s
[2023-01-27T04:58:53.807+0000] {subprocess.py:93} INFO -  11400K .......... .......... .......... .......... .......... 97% 18.1M 0s
[2023-01-27T04:58:53.808+0000] {subprocess.py:93} INFO -  11450K .......... .......... .......... .......... .......... 97% 31.5M 0s
[2023-01-27T04:58:53.814+0000] {subprocess.py:93} INFO -  11500K .......... .......... .......... .......... .......... 98% 7.80M 0s
[2023-01-27T04:58:53.821+0000] {subprocess.py:93} INFO -  11550K .......... .......... .......... .......... .......... 98% 7.62M 0s
[2023-01-27T04:58:53.821+0000] {subprocess.py:93} INFO -  11600K .......... .......... .......... .......... .......... 99%  231M 0s
[2023-01-27T04:58:53.823+0000] {subprocess.py:93} INFO -  11650K .......... .......... .......... .......... .......... 99% 23.0M 0s
[2023-01-27T04:58:53.856+0000] {subprocess.py:93} INFO -  11700K .......... .......... .......... .......... ....      100% 1.31M=1.3s
[2023-01-27T04:58:53.857+0000] {subprocess.py:93} INFO - 
[2023-01-27T04:58:53.857+0000] {subprocess.py:93} INFO - 2023-01-27 04:58:53 (8.77 MB/s) - ‘/opt/***/fhv_tripdata_2020-12.csv.gz’ saved [12026665/12026665]
[2023-01-27T04:58:53.857+0000] {subprocess.py:93} INFO - 
[2023-01-27T04:58:53.858+0000] {subprocess.py:97} INFO - Command exited with return code 0
[2023-01-27T04:58:53.887+0000] {taskinstance.py:1323} INFO - Marking task as SUCCESS. dag_id=fhv_taxi_data_dag_v1, task_id=download_ytd_dataset_from_web, execution_date=20201201T000000, start_date=20230127T045851, end_date=20230127T045853
[2023-01-27T04:58:53.972+0000] {local_task_job.py:208} INFO - Task exited with return code 0
[2023-01-27T04:58:54.018+0000] {taskinstance.py:2578} INFO - 1 downstream tasks scheduled from follow-on schedule check
