[2023-01-27T04:57:08.392+0000] {taskinstance.py:1083} INFO - Dependencies all met for <TaskInstance: fhv_taxi_data_dag_v1.download_ytd_dataset_from_web scheduled__2019-04-01T00:00:00+00:00 [queued]>
[2023-01-27T04:57:08.410+0000] {taskinstance.py:1083} INFO - Dependencies all met for <TaskInstance: fhv_taxi_data_dag_v1.download_ytd_dataset_from_web scheduled__2019-04-01T00:00:00+00:00 [queued]>
[2023-01-27T04:57:08.411+0000] {taskinstance.py:1279} INFO - 
--------------------------------------------------------------------------------
[2023-01-27T04:57:08.411+0000] {taskinstance.py:1280} INFO - Starting attempt 1 of 1
[2023-01-27T04:57:08.411+0000] {taskinstance.py:1281} INFO - 
--------------------------------------------------------------------------------
[2023-01-27T04:57:08.434+0000] {taskinstance.py:1300} INFO - Executing <Task(BashOperator): download_ytd_dataset_from_web> on 2019-04-01 00:00:00+00:00
[2023-01-27T04:57:08.445+0000] {standard_task_runner.py:55} INFO - Started process 6483 to run task
[2023-01-27T04:57:08.454+0000] {standard_task_runner.py:82} INFO - Running: ['***', 'tasks', 'run', 'fhv_taxi_data_dag_v1', 'download_ytd_dataset_from_web', 'scheduled__2019-04-01T00:00:00+00:00', '--job-id', '5690', '--raw', '--subdir', 'DAGS_FOLDER/data_ingestion_gcs_dag_v1_fhv.py', '--cfg-path', '/tmp/tmp8ql7qkg2']
[2023-01-27T04:57:08.458+0000] {standard_task_runner.py:83} INFO - Job 5690: Subtask download_ytd_dataset_from_web
[2023-01-27T04:57:08.547+0000] {task_command.py:388} INFO - Running <TaskInstance: fhv_taxi_data_dag_v1.download_ytd_dataset_from_web scheduled__2019-04-01T00:00:00+00:00 [running]> on host 8bc22b99c76b
[2023-01-27T04:57:08.794+0000] {taskinstance.py:1509} INFO - Exporting the following env vars:
AIRFLOW_CTX_DAG_OWNER=***
AIRFLOW_CTX_DAG_ID=fhv_taxi_data_dag_v1
AIRFLOW_CTX_TASK_ID=download_ytd_dataset_from_web
AIRFLOW_CTX_EXECUTION_DATE=2019-04-01T00:00:00+00:00
AIRFLOW_CTX_TRY_NUMBER=1
AIRFLOW_CTX_DAG_RUN_ID=scheduled__2019-04-01T00:00:00+00:00
[2023-01-27T04:57:08.796+0000] {subprocess.py:63} INFO - Tmp dir root location: 
 /tmp
[2023-01-27T04:57:08.799+0000] {subprocess.py:75} INFO - Running command: ['/bin/bash', '-c', 'wget https://github.com/DataTalksClub/nyc-tlc-data/releases/download/fhv/fhv_tripdata_2019-04.csv.gz -O /opt/***/fhv_tripdata_2019-04.csv.gz']
[2023-01-27T04:57:08.849+0000] {subprocess.py:86} INFO - Output:
[2023-01-27T04:57:08.857+0000] {subprocess.py:93} INFO - --2023-01-27 04:57:08--  https://github.com/DataTalksClub/nyc-tlc-data/releases/download/fhv/fhv_tripdata_2019-04.csv.gz
[2023-01-27T04:57:08.905+0000] {subprocess.py:93} INFO - Resolving github.com (github.com)... 140.82.121.4
[2023-01-27T04:57:08.928+0000] {subprocess.py:93} INFO - Connecting to github.com (github.com)|140.82.121.4|:443... connected.
[2023-01-27T04:57:09.242+0000] {subprocess.py:93} INFO - HTTP request sent, awaiting response... 302 Found
[2023-01-27T04:57:09.242+0000] {subprocess.py:93} INFO - Location: https://objects.githubusercontent.com/github-production-release-asset-2e65be/513814948/ac6d4fa7-40ad-46ab-9f79-56f3b7615f6f?X-Amz-Algorithm=AWS4-HMAC-SHA256&X-Amz-Credential=AKIAIWNJYAX4CSVEH53A%2F20230127%2Fus-east-1%2Fs3%2Faws4_request&X-Amz-Date=20230127T045541Z&X-Amz-Expires=300&X-Amz-Signature=a03bcc3807c6b52c2a3dcf740d37007bcb7f4500ce6c51224444966d551f9806&X-Amz-SignedHeaders=host&actor_id=0&key_id=0&repo_id=513814948&response-content-disposition=attachment%3B%20filename%3Dfhv_tripdata_2019-04.csv.gz&response-content-type=application%2Foctet-stream [following]
[2023-01-27T04:57:09.244+0000] {subprocess.py:93} INFO - --2023-01-27 04:57:09--  https://objects.githubusercontent.com/github-production-release-asset-2e65be/513814948/ac6d4fa7-40ad-46ab-9f79-56f3b7615f6f?X-Amz-Algorithm=AWS4-HMAC-SHA256&X-Amz-Credential=AKIAIWNJYAX4CSVEH53A%2F20230127%2Fus-east-1%2Fs3%2Faws4_request&X-Amz-Date=20230127T045541Z&X-Amz-Expires=300&X-Amz-Signature=a03bcc3807c6b52c2a3dcf740d37007bcb7f4500ce6c51224444966d551f9806&X-Amz-SignedHeaders=host&actor_id=0&key_id=0&repo_id=513814948&response-content-disposition=attachment%3B%20filename%3Dfhv_tripdata_2019-04.csv.gz&response-content-type=application%2Foctet-stream
[2023-01-27T04:57:09.249+0000] {subprocess.py:93} INFO - Resolving objects.githubusercontent.com (objects.githubusercontent.com)... 185.199.109.133, 185.199.108.133, 185.199.110.133, ...
[2023-01-27T04:57:09.259+0000] {subprocess.py:93} INFO - Connecting to objects.githubusercontent.com (objects.githubusercontent.com)|185.199.109.133|:443... connected.
[2023-01-27T04:57:09.533+0000] {subprocess.py:93} INFO - HTTP request sent, awaiting response... 200 OK
[2023-01-27T04:57:09.533+0000] {subprocess.py:93} INFO - Length: 17196113 (16M) [application/octet-stream]
[2023-01-27T04:57:09.533+0000] {subprocess.py:93} INFO - Saving to: ‘/opt/***/fhv_tripdata_2019-04.csv.gz’
[2023-01-27T04:57:09.533+0000] {subprocess.py:93} INFO - 
[2023-01-27T04:57:09.546+0000] {subprocess.py:93} INFO -      0K .......... .......... .......... .......... ..........  0% 3.91M 4s
[2023-01-27T04:57:09.562+0000] {subprocess.py:93} INFO -     50K .......... .......... .......... .......... ..........  0% 2.96M 5s
[2023-01-27T04:57:09.634+0000] {subprocess.py:93} INFO -    100K .......... .......... .......... .......... ..........  0%  693K 11s
[2023-01-27T04:57:09.698+0000] {subprocess.py:93} INFO -    150K .......... .......... .......... .......... ..........  1%  784K 14s
[2023-01-27T04:57:09.769+0000] {subprocess.py:93} INFO -    200K .......... .......... .......... .......... ..........  1%  698K 16s
[2023-01-27T04:57:09.833+0000] {subprocess.py:93} INFO -    250K .......... .......... .......... .......... ..........  1%  789K 16s
[2023-01-27T04:57:09.904+0000] {subprocess.py:93} INFO -    300K .......... .......... .......... .......... ..........  2%  700K 17s
[2023-01-27T04:57:09.993+0000] {subprocess.py:93} INFO -    350K .......... .......... .......... .......... ..........  2%  560K 19s
[2023-01-27T04:57:10.062+0000] {subprocess.py:93} INFO -    400K .......... .......... .......... .......... ..........  2%  730K 19s
[2023-01-27T04:57:10.128+0000] {subprocess.py:93} INFO -    450K .......... .......... .......... .......... ..........  2%  752K 19s
[2023-01-27T04:57:10.200+0000] {subprocess.py:93} INFO -    500K .......... .......... .......... .......... ..........  3%  696K 20s
[2023-01-27T04:57:10.268+0000] {subprocess.py:93} INFO -    550K .......... .......... .......... .......... ..........  3%  742K 20s
[2023-01-27T04:57:10.336+0000] {subprocess.py:93} INFO -    600K .......... .......... .......... .......... ..........  3%  733K 20s
[2023-01-27T04:57:10.405+0000] {subprocess.py:93} INFO -    650K .......... .......... .......... .......... ..........  4%  725K 20s
[2023-01-27T04:57:10.479+0000] {subprocess.py:93} INFO -    700K .......... .......... .......... .......... ..........  4%  678K 20s
[2023-01-27T04:57:10.536+0000] {subprocess.py:93} INFO -    750K .......... .......... .......... .......... ..........  4%  873K 20s
[2023-01-27T04:57:10.546+0000] {subprocess.py:93} INFO -    800K .......... .......... .......... .......... ..........  5% 4.74M 19s
[2023-01-27T04:57:10.553+0000] {subprocess.py:93} INFO -    850K .......... .......... .......... .......... ..........  5% 7.51M 18s
[2023-01-27T04:57:10.557+0000] {subprocess.py:93} INFO -    900K .......... .......... .......... .......... ..........  5% 11.5M 17s
[2023-01-27T04:57:10.584+0000] {subprocess.py:93} INFO -    950K .......... .......... .......... .......... ..........  5% 1.81M 17s
[2023-01-27T04:57:10.584+0000] {subprocess.py:93} INFO -   1000K .......... .......... .......... .......... ..........  6%  310M 16s
[2023-01-27T04:57:10.591+0000] {subprocess.py:93} INFO -   1050K .......... .......... .......... .......... ..........  6% 6.98M 15s
[2023-01-27T04:57:10.604+0000] {subprocess.py:93} INFO -   1100K .......... .......... .......... .......... ..........  6% 3.74M 15s
[2023-01-27T04:57:10.634+0000] {subprocess.py:93} INFO -   1150K .......... .......... .......... .......... ..........  7% 1.65M 14s
[2023-01-27T04:57:10.647+0000] {subprocess.py:93} INFO -   1200K .......... .......... .......... .......... ..........  7% 3.84M 14s
[2023-01-27T04:57:10.663+0000] {subprocess.py:93} INFO -   1250K .......... .......... .......... .......... ..........  7% 2.96M 13s
[2023-01-27T04:57:10.677+0000] {subprocess.py:93} INFO -   1300K .......... .......... .......... .......... ..........  8% 3.64M 13s
[2023-01-27T04:57:10.679+0000] {subprocess.py:93} INFO -   1350K .......... .......... .......... .......... ..........  8% 22.5M 13s
[2023-01-27T04:57:10.759+0000] {subprocess.py:93} INFO -   1400K .......... .......... .......... .......... ..........  8%  621K 13s
[2023-01-27T04:57:10.775+0000] {subprocess.py:93} INFO -   1450K .......... .......... .......... .......... ..........  8% 3.14M 13s
[2023-01-27T04:57:10.776+0000] {subprocess.py:93} INFO -   1500K .......... .......... .......... .......... ..........  9%  290M 12s
[2023-01-27T04:57:10.776+0000] {subprocess.py:93} INFO -   1550K .......... .......... .......... .......... ..........  9%  257M 12s
[2023-01-27T04:57:10.776+0000] {subprocess.py:93} INFO -   1600K .......... .......... .......... .......... ..........  9%  312M 11s
[2023-01-27T04:57:10.776+0000] {subprocess.py:93} INFO -   1650K .......... .......... .......... .......... .......... 10%  309M 11s
[2023-01-27T04:57:10.776+0000] {subprocess.py:93} INFO -   1700K .......... .......... .......... .......... .......... 10%  286M 11s
[2023-01-27T04:57:10.776+0000] {subprocess.py:93} INFO -   1750K .......... .......... .......... .......... .......... 10%  282M 10s
[2023-01-27T04:57:10.776+0000] {subprocess.py:93} INFO -   1800K .......... .......... .......... .......... .......... 11%  305M 10s
[2023-01-27T04:57:10.776+0000] {subprocess.py:93} INFO -   1850K .......... .......... .......... .......... .......... 11%  303M 10s
[2023-01-27T04:57:10.781+0000] {subprocess.py:93} INFO -   1900K .......... .......... .......... .......... .......... 11% 9.11M 10s
[2023-01-27T04:57:10.793+0000] {subprocess.py:93} INFO -   1950K .......... .......... .......... .......... .......... 11% 4.19M 9s
[2023-01-27T04:57:10.798+0000] {subprocess.py:93} INFO -   2000K .......... .......... .......... .......... .......... 12% 10.6M 9s
[2023-01-27T04:57:10.806+0000] {subprocess.py:93} INFO -   2050K .......... .......... .......... .......... .......... 12% 5.58M 9s
[2023-01-27T04:57:10.824+0000] {subprocess.py:93} INFO -   2100K .......... .......... .......... .......... .......... 12% 2.77M 9s
[2023-01-27T04:57:10.833+0000] {subprocess.py:93} INFO -   2150K .......... .......... .......... .......... .......... 13% 5.50M 9s
[2023-01-27T04:57:10.846+0000] {subprocess.py:93} INFO -   2200K .......... .......... .......... .......... .......... 13% 3.70M 8s
[2023-01-27T04:57:10.858+0000] {subprocess.py:93} INFO -   2250K .......... .......... .......... .......... .......... 13% 4.19M 8s
[2023-01-27T04:57:10.863+0000] {subprocess.py:93} INFO -   2300K .......... .......... .......... .......... .......... 13% 8.97M 8s
[2023-01-27T04:57:10.877+0000] {subprocess.py:93} INFO -   2350K .......... .......... .......... .......... .......... 14% 3.69M 8s
[2023-01-27T04:57:10.881+0000] {subprocess.py:93} INFO -   2400K .......... .......... .......... .......... .......... 14% 10.5M 8s
[2023-01-27T04:57:10.890+0000] {subprocess.py:93} INFO -   2450K .......... .......... .......... .......... .......... 14% 5.46M 8s
[2023-01-27T04:57:10.897+0000] {subprocess.py:93} INFO -   2500K .......... .......... .......... .......... .......... 15% 7.26M 8s
[2023-01-27T04:57:10.915+0000] {subprocess.py:93} INFO -   2550K .......... .......... .......... .......... .......... 15% 2.71M 8s
[2023-01-27T04:57:10.924+0000] {subprocess.py:93} INFO -   2600K .......... .......... .......... .......... .......... 15% 5.60M 7s
[2023-01-27T04:57:10.931+0000] {subprocess.py:93} INFO -   2650K .......... .......... .......... .......... .......... 16% 6.20M 7s
[2023-01-27T04:57:10.936+0000] {subprocess.py:93} INFO -   2700K .......... .......... .......... .......... .......... 16% 9.88M 7s
[2023-01-27T04:57:10.945+0000] {subprocess.py:93} INFO -   2750K .......... .......... .......... .......... .......... 16% 5.88M 7s
[2023-01-27T04:57:10.956+0000] {subprocess.py:93} INFO -   2800K .......... .......... .......... .......... .......... 16% 4.24M 7s
[2023-01-27T04:57:10.961+0000] {subprocess.py:93} INFO -   2850K .......... .......... .......... .......... .......... 17% 9.48M 7s
[2023-01-27T04:57:10.985+0000] {subprocess.py:93} INFO -   2900K .......... .......... .......... .......... .......... 17% 2.10M 7s
[2023-01-27T04:57:11.003+0000] {subprocess.py:93} INFO -   2950K .......... .......... .......... .......... .......... 17% 2.66M 7s
[2023-01-27T04:57:11.012+0000] {subprocess.py:93} INFO -   3000K .......... .......... .......... .......... .......... 18% 5.24M 7s
[2023-01-27T04:57:11.016+0000] {subprocess.py:93} INFO -   3050K .......... .......... .......... .......... .......... 18% 12.4M 7s
[2023-01-27T04:57:11.026+0000] {subprocess.py:93} INFO -   3100K .......... .......... .......... .......... .......... 18% 5.10M 6s
[2023-01-27T04:57:11.034+0000] {subprocess.py:93} INFO -   3150K .......... .......... .......... .......... .......... 19% 6.02M 6s
[2023-01-27T04:57:11.042+0000] {subprocess.py:93} INFO -   3200K .......... .......... .......... .......... .......... 19% 5.85M 6s
[2023-01-27T04:57:11.058+0000] {subprocess.py:93} INFO -   3250K .......... .......... .......... .......... .......... 19% 3.14M 6s
[2023-01-27T04:57:11.066+0000] {subprocess.py:93} INFO -   3300K .......... .......... .......... .......... .......... 19% 6.31M 6s
[2023-01-27T04:57:11.084+0000] {subprocess.py:93} INFO -   3350K .......... .......... .......... .......... .......... 20% 2.62M 6s
[2023-01-27T04:57:11.102+0000] {subprocess.py:93} INFO -   3400K .......... .......... .......... .......... .......... 20% 2.77M 6s
[2023-01-27T04:57:11.105+0000] {subprocess.py:93} INFO -   3450K .......... .......... .......... .......... .......... 20% 17.2M 6s
[2023-01-27T04:57:11.109+0000] {subprocess.py:93} INFO -   3500K .......... .......... .......... .......... .......... 21% 10.7M 6s
[2023-01-27T04:57:11.118+0000] {subprocess.py:93} INFO -   3550K .......... .......... .......... .......... .......... 21% 5.38M 6s
[2023-01-27T04:57:11.133+0000] {subprocess.py:93} INFO -   3600K .......... .......... .......... .......... .......... 21% 3.24M 6s
[2023-01-27T04:57:11.134+0000] {subprocess.py:93} INFO -   3650K .......... .......... .......... .......... .......... 22%  311M 6s
[2023-01-27T04:57:11.151+0000] {subprocess.py:93} INFO -   3700K .......... .......... .......... .......... .......... 22% 2.76M 6s
[2023-01-27T04:57:11.156+0000] {subprocess.py:93} INFO -   3750K .......... .......... .......... .......... .......... 22% 10.7M 6s
[2023-01-27T04:57:11.160+0000] {subprocess.py:93} INFO -   3800K .......... .......... .......... .......... .......... 22% 11.1M 5s
[2023-01-27T04:57:11.173+0000] {subprocess.py:93} INFO -   3850K .......... .......... .......... .......... .......... 23% 3.82M 5s
[2023-01-27T04:57:11.182+0000] {subprocess.py:93} INFO -   3900K .......... .......... .......... .......... .......... 23% 5.54M 5s
[2023-01-27T04:57:11.211+0000] {subprocess.py:93} INFO -   3950K .......... .......... .......... .......... .......... 23% 1.65M 5s
[2023-01-27T04:57:11.222+0000] {subprocess.py:93} INFO -   4000K .......... .......... .......... .......... .......... 24% 4.78M 5s
[2023-01-27T04:57:11.230+0000] {subprocess.py:93} INFO -   4050K .......... .......... .......... .......... .......... 24% 5.58M 5s
[2023-01-27T04:57:11.239+0000] {subprocess.py:93} INFO -   4100K .......... .......... .......... .......... .......... 24% 5.57M 5s
[2023-01-27T04:57:11.244+0000] {subprocess.py:93} INFO -   4150K .......... .......... .......... .......... .......... 25% 10.5M 5s
[2023-01-27T04:57:11.266+0000] {subprocess.py:93} INFO -   4200K .......... .......... .......... .......... .......... 25% 2.17M 5s
[2023-01-27T04:57:11.267+0000] {subprocess.py:93} INFO -   4250K .......... .......... .......... .......... .......... 25%  262M 5s
[2023-01-27T04:57:11.272+0000] {subprocess.py:93} INFO -   4300K .......... .......... .......... .......... .......... 25% 8.38M 5s
[2023-01-27T04:57:11.285+0000] {subprocess.py:93} INFO -   4350K .......... .......... .......... .......... .......... 26% 5.80M 5s
[2023-01-27T04:57:11.297+0000] {subprocess.py:93} INFO -   4400K .......... .......... .......... .......... .......... 26% 2.98M 5s
[2023-01-27T04:57:11.301+0000] {subprocess.py:93} INFO -   4450K .......... .......... .......... .......... .......... 26% 13.1M 5s
[2023-01-27T04:57:11.313+0000] {subprocess.py:93} INFO -   4500K .......... .......... .......... .......... .......... 27% 3.91M 5s
[2023-01-27T04:57:11.319+0000] {subprocess.py:93} INFO -   4550K .......... .......... .......... .......... .......... 27% 8.49M 5s
[2023-01-27T04:57:11.328+0000] {subprocess.py:93} INFO -   4600K .......... .......... .......... .......... .......... 27% 5.51M 5s
[2023-01-27T04:57:11.337+0000] {subprocess.py:93} INFO -   4650K .......... .......... .......... .......... .......... 27% 5.43M 5s
[2023-01-27T04:57:11.349+0000] {subprocess.py:93} INFO -   4700K .......... .......... .......... .......... .......... 28% 4.03M 5s
[2023-01-27T04:57:11.362+0000] {subprocess.py:93} INFO -   4750K .......... .......... .......... .......... .......... 28% 5.50M 5s
[2023-01-27T04:57:11.371+0000] {subprocess.py:93} INFO -   4800K .......... .......... .......... .......... .......... 28% 3.84M 5s
[2023-01-27T04:57:11.375+0000] {subprocess.py:93} INFO -   4850K .......... .......... .......... .......... .......... 29% 10.8M 4s
[2023-01-27T04:57:11.386+0000] {subprocess.py:93} INFO -   4900K .......... .......... .......... .......... .......... 29% 4.53M 4s
[2023-01-27T04:57:11.397+0000] {subprocess.py:93} INFO -   4950K .......... .......... .......... .......... .......... 29% 4.30M 4s
[2023-01-27T04:57:11.407+0000] {subprocess.py:93} INFO -   5000K .......... .......... .......... .......... .......... 30% 4.81M 4s
[2023-01-27T04:57:11.408+0000] {subprocess.py:93} INFO -   5050K .......... .......... .......... .......... .......... 30% 45.7M 4s
[2023-01-27T04:57:11.420+0000] {subprocess.py:93} INFO -   5100K .......... .......... .......... .......... .......... 30% 4.36M 4s
[2023-01-27T04:57:11.470+0000] {subprocess.py:93} INFO -   5150K .......... .......... .......... .......... .......... 30%  997K 4s
[2023-01-27T04:57:11.479+0000] {subprocess.py:93} INFO -   5200K .......... .......... .......... .......... .......... 31% 5.28M 4s
[2023-01-27T04:57:11.484+0000] {subprocess.py:93} INFO -   5250K .......... .......... .......... .......... .......... 31% 10.8M 4s
[2023-01-27T04:57:11.488+0000] {subprocess.py:93} INFO -   5300K .......... .......... .......... .......... .......... 31% 11.0M 4s
[2023-01-27T04:57:11.493+0000] {subprocess.py:93} INFO -   5350K .......... .......... .......... .......... .......... 32% 9.40M 4s
[2023-01-27T04:57:11.501+0000] {subprocess.py:93} INFO -   5400K .......... .......... .......... .......... .......... 32% 6.02M 4s
[2023-01-27T04:57:11.506+0000] {subprocess.py:93} INFO -   5450K .......... .......... .......... .......... .......... 32% 11.1M 4s
[2023-01-27T04:57:11.575+0000] {subprocess.py:93} INFO -   5500K .......... .......... .......... .......... .......... 33%  720K 4s
[2023-01-27T04:57:11.785+0000] {subprocess.py:93} INFO -   5550K .......... .......... .......... .......... .......... 33%  278K 4s
[2023-01-27T04:57:11.858+0000] {subprocess.py:93} INFO -   5600K .......... .......... .......... .......... .......... 33%  486K 5s
[2023-01-27T04:57:11.939+0000] {subprocess.py:93} INFO -   5650K .......... .......... .......... .......... .......... 33%  615K 5s
[2023-01-27T04:57:12.007+0000] {subprocess.py:93} INFO -   5700K .......... .......... .......... .......... .......... 34%  730K 5s
[2023-01-27T04:57:12.084+0000] {subprocess.py:93} INFO -   5750K .......... .......... .......... .......... .......... 34%  649K 5s
[2023-01-27T04:57:12.159+0000] {subprocess.py:93} INFO -   5800K .......... .......... .......... .......... .......... 34%  673K 5s
[2023-01-27T04:57:12.239+0000] {subprocess.py:93} INFO -   5850K .......... .......... .......... .......... .......... 35%  623K 5s
[2023-01-27T04:57:12.311+0000] {subprocess.py:93} INFO -   5900K .......... .......... .......... .......... .......... 35%  693K 5s
[2023-01-27T04:57:12.421+0000] {subprocess.py:93} INFO -   5950K .......... .......... .......... .......... .......... 35%  615K 5s
[2023-01-27T04:57:12.509+0000] {subprocess.py:93} INFO -   6000K .......... .......... .......... .......... .......... 36%  429K 5s
[2023-01-27T04:57:12.585+0000] {subprocess.py:93} INFO -   6050K .......... .......... .......... .......... .......... 36%  659K 5s
[2023-01-27T04:57:12.673+0000] {subprocess.py:93} INFO -   6100K .......... .......... .......... .......... .......... 36%  568K 5s
[2023-01-27T04:57:12.765+0000] {subprocess.py:93} INFO -   6150K .......... .......... .......... .......... .......... 36%  545K 6s
[2023-01-27T04:57:12.832+0000] {subprocess.py:93} INFO -   6200K .......... .......... .......... .......... .......... 37%  739K 6s
[2023-01-27T04:57:12.905+0000] {subprocess.py:93} INFO -   6250K .......... .......... .......... .......... .......... 37%  686K 6s
[2023-01-27T04:57:12.975+0000] {subprocess.py:93} INFO -   6300K .......... .......... .......... .......... .......... 37%  712K 6s
[2023-01-27T04:57:13.067+0000] {subprocess.py:93} INFO -   6350K .......... .......... .......... .......... .......... 38%  742K 6s
[2023-01-27T04:57:13.138+0000] {subprocess.py:93} INFO -   6400K .......... .......... .......... .......... .......... 38%  524K 6s
[2023-01-27T04:57:13.212+0000] {subprocess.py:93} INFO -   6450K .......... .......... .......... .......... .......... 38%  677K 6s
[2023-01-27T04:57:13.288+0000] {subprocess.py:93} INFO -   6500K .......... .......... .......... .......... .......... 39%  653K 6s
[2023-01-27T04:57:13.523+0000] {subprocess.py:93} INFO -   6550K .......... .......... .......... .......... .......... 39%  214K 6s
[2023-01-27T04:57:13.591+0000] {subprocess.py:93} INFO -   6600K .......... .......... .......... .......... .......... 39%  726K 6s
[2023-01-27T04:57:13.672+0000] {subprocess.py:93} INFO -   6650K .......... .......... .......... .......... .......... 39%  619K 6s
[2023-01-27T04:57:13.745+0000] {subprocess.py:93} INFO -   6700K .......... .......... .......... .......... .......... 40%  686K 6s
[2023-01-27T04:57:13.781+0000] {subprocess.py:93} INFO -   6750K .......... .......... .......... .......... .......... 40% 1.38M 6s
[2023-01-27T04:57:13.790+0000] {subprocess.py:93} INFO -   6800K .......... .......... .......... .......... .......... 40% 5.25M 6s
[2023-01-27T04:57:13.805+0000] {subprocess.py:93} INFO -   6850K .......... .......... .......... .......... .......... 41% 3.20M 6s
[2023-01-27T04:57:13.809+0000] {subprocess.py:93} INFO -   6900K .......... .......... .......... .......... .......... 41% 12.7M 6s
[2023-01-27T04:57:13.818+0000] {subprocess.py:93} INFO -   6950K .......... .......... .......... .......... .......... 41% 5.64M 6s
[2023-01-27T04:57:13.838+0000] {subprocess.py:93} INFO -   7000K .......... .......... .......... .......... .......... 41% 2.36M 6s
[2023-01-27T04:57:13.855+0000] {subprocess.py:93} INFO -   7050K .......... .......... .......... .......... .......... 42% 2.98M 6s
[2023-01-27T04:57:13.870+0000] {subprocess.py:93} INFO -   7100K .......... .......... .......... .......... .......... 42% 3.15M 6s
[2023-01-27T04:57:13.905+0000] {subprocess.py:93} INFO -   7150K .......... .......... .......... .......... .......... 42% 1.88M 6s
[2023-01-27T04:57:13.909+0000] {subprocess.py:93} INFO -   7200K .......... .......... .......... .......... .......... 43% 3.67M 6s
[2023-01-27T04:57:13.916+0000] {subprocess.py:93} INFO -   7250K .......... .......... .......... .......... .......... 43% 7.54M 6s
[2023-01-27T04:57:13.928+0000] {subprocess.py:93} INFO -   7300K .......... .......... .......... .......... .......... 43% 4.15M 6s
[2023-01-27T04:57:13.941+0000] {subprocess.py:93} INFO -   7350K .......... .......... .......... .......... .......... 44% 3.64M 6s
[2023-01-27T04:57:13.998+0000] {subprocess.py:93} INFO -   7400K .......... .......... .......... .......... .......... 44%  886K 6s
[2023-01-27T04:57:14.011+0000] {subprocess.py:93} INFO -   7450K .......... .......... .......... .......... .......... 44% 3.68M 6s
[2023-01-27T04:57:14.031+0000] {subprocess.py:93} INFO -   7500K .......... .......... .......... .......... .......... 44% 2.46M 6s
[2023-01-27T04:57:14.046+0000] {subprocess.py:93} INFO -   7550K .......... .......... .......... .......... .......... 45% 3.69M 5s
[2023-01-27T04:57:14.057+0000] {subprocess.py:93} INFO -   7600K .......... .......... .......... .......... .......... 45% 3.67M 5s
[2023-01-27T04:57:14.072+0000] {subprocess.py:93} INFO -   7650K .......... .......... .......... .......... .......... 45% 3.42M 5s
[2023-01-27T04:57:14.085+0000] {subprocess.py:93} INFO -   7700K .......... .......... .......... .......... .......... 46% 3.64M 5s
[2023-01-27T04:57:14.137+0000] {subprocess.py:93} INFO -   7750K .......... .......... .......... .......... .......... 46%  953K 5s
[2023-01-27T04:57:14.146+0000] {subprocess.py:93} INFO -   7800K .......... .......... .......... .......... .......... 46% 5.46M 5s
[2023-01-27T04:57:14.160+0000] {subprocess.py:93} INFO -   7850K .......... .......... .......... .......... .......... 47% 3.48M 5s
[2023-01-27T04:57:14.174+0000] {subprocess.py:93} INFO -   7900K .......... .......... .......... .......... .......... 47% 3.47M 5s
[2023-01-27T04:57:14.188+0000] {subprocess.py:93} INFO -   7950K .......... .......... .......... .......... .......... 47% 3.69M 5s
[2023-01-27T04:57:14.205+0000] {subprocess.py:93} INFO -   8000K .......... .......... .......... .......... .......... 47% 2.78M 5s
[2023-01-27T04:57:14.257+0000] {subprocess.py:93} INFO -   8050K .......... .......... .......... .......... .......... 48%  969K 5s
[2023-01-27T04:57:14.272+0000] {subprocess.py:93} INFO -   8100K .......... .......... .......... .......... .......... 48% 3.10M 5s
[2023-01-27T04:57:14.285+0000] {subprocess.py:93} INFO -   8150K .......... .......... .......... .......... .......... 48% 3.97M 5s
[2023-01-27T04:57:14.298+0000] {subprocess.py:93} INFO -   8200K .......... .......... .......... .......... .......... 49% 3.59M 5s
[2023-01-27T04:57:14.310+0000] {subprocess.py:93} INFO -   8250K .......... .......... .......... .......... .......... 49% 4.38M 5s
[2023-01-27T04:57:14.318+0000] {subprocess.py:93} INFO -   8300K .......... .......... .......... .......... .......... 49% 5.50M 5s
[2023-01-27T04:57:14.339+0000] {subprocess.py:93} INFO -   8350K .......... .......... .......... .......... .......... 50% 5.52M 5s
[2023-01-27T04:57:14.344+0000] {subprocess.py:93} INFO -   8400K .......... .......... .......... .......... .......... 50% 2.95M 5s
[2023-01-27T04:57:14.404+0000] {subprocess.py:93} INFO -   8450K .......... .......... .......... .......... .......... 50%  824K 5s
[2023-01-27T04:57:14.429+0000] {subprocess.py:93} INFO -   8500K .......... .......... .......... .......... .......... 50% 1.99M 5s
[2023-01-27T04:57:14.441+0000] {subprocess.py:93} INFO -   8550K .......... .......... .......... .......... .......... 51% 3.95M 5s
[2023-01-27T04:57:14.450+0000] {subprocess.py:93} INFO -   8600K .......... .......... .......... .......... .......... 51% 5.47M 5s
[2023-01-27T04:57:14.475+0000] {subprocess.py:93} INFO -   8650K .......... .......... .......... .......... .......... 51% 1.95M 5s
[2023-01-27T04:57:14.488+0000] {subprocess.py:93} INFO -   8700K .......... .......... .......... .......... .......... 52% 3.69M 5s
[2023-01-27T04:57:14.497+0000] {subprocess.py:93} INFO -   8750K .......... .......... .......... .......... .......... 52% 5.51M 5s
[2023-01-27T04:57:14.513+0000] {subprocess.py:93} INFO -   8800K .......... .......... .......... .......... .......... 52% 3.17M 4s
[2023-01-27T04:57:14.576+0000] {subprocess.py:93} INFO -   8850K .......... .......... .......... .......... .......... 52%  794K 4s
[2023-01-27T04:57:14.588+0000] {subprocess.py:93} INFO -   8900K .......... .......... .......... .......... .......... 53% 3.87M 4s
[2023-01-27T04:57:14.606+0000] {subprocess.py:93} INFO -   8950K .......... .......... .......... .......... .......... 53% 2.74M 4s
[2023-01-27T04:57:14.615+0000] {subprocess.py:93} INFO -   9000K .......... .......... .......... .......... .......... 53% 5.42M 4s
[2023-01-27T04:57:14.621+0000] {subprocess.py:93} INFO -   9050K .......... .......... .......... .......... .......... 54% 7.77M 4s
[2023-01-27T04:57:14.633+0000] {subprocess.py:93} INFO -   9100K .......... .......... .......... .......... .......... 54% 4.19M 4s
[2023-01-27T04:57:14.651+0000] {subprocess.py:93} INFO -   9150K .......... .......... .......... .......... .......... 54% 3.51M 4s
[2023-01-27T04:57:14.656+0000] {subprocess.py:93} INFO -   9200K .......... .......... .......... .......... .......... 55% 5.54M 4s
[2023-01-27T04:57:14.665+0000] {subprocess.py:93} INFO -   9250K .......... .......... .......... .......... .......... 55% 5.57M 4s
[2023-01-27T04:57:14.669+0000] {subprocess.py:93} INFO -   9300K .......... .......... .......... .......... .......... 55% 10.7M 4s
[2023-01-27T04:57:14.680+0000] {subprocess.py:93} INFO -   9350K .......... .......... .......... .......... .......... 55% 4.42M 4s
[2023-01-27T04:57:14.748+0000] {subprocess.py:93} INFO -   9400K .......... .......... .......... .......... .......... 56%  739K 4s
[2023-01-27T04:57:14.761+0000] {subprocess.py:93} INFO -   9450K .......... .......... .......... .......... .......... 56% 3.70M 4s
[2023-01-27T04:57:14.777+0000] {subprocess.py:93} INFO -   9500K .......... .......... .......... .......... .......... 56% 2.98M 4s
[2023-01-27T04:57:14.796+0000] {subprocess.py:93} INFO -   9550K .......... .......... .......... .......... .......... 57% 3.46M 4s
[2023-01-27T04:57:14.901+0000] {subprocess.py:93} INFO -   9600K .......... .......... .......... .......... .......... 57%  458K 4s
[2023-01-27T04:57:14.908+0000] {subprocess.py:93} INFO -   9650K .......... .......... .......... .......... .......... 57% 6.54M 4s
[2023-01-27T04:57:14.929+0000] {subprocess.py:93} INFO -   9700K .......... .......... .......... .......... .......... 58% 2.34M 4s
[2023-01-27T04:57:14.949+0000] {subprocess.py:93} INFO -   9750K .......... .......... .......... .......... .......... 58% 2.46M 4s
[2023-01-27T04:57:14.967+0000] {subprocess.py:93} INFO -   9800K .......... .......... .......... .......... .......... 58% 2.74M 4s
[2023-01-27T04:57:14.990+0000] {subprocess.py:93} INFO -   9850K .......... .......... .......... .......... .......... 58% 2.07M 4s
[2023-01-27T04:57:15.008+0000] {subprocess.py:93} INFO -   9900K .......... .......... .......... .......... .......... 59% 2.72M 4s
[2023-01-27T04:57:15.035+0000] {subprocess.py:93} INFO -   9950K .......... .......... .......... .......... .......... 59% 2.37M 4s
[2023-01-27T04:57:15.072+0000] {subprocess.py:93} INFO -  10000K .......... .......... .......... .......... .......... 59% 1.14M 4s
[2023-01-27T04:57:15.115+0000] {subprocess.py:93} INFO -  10050K .......... .......... .......... .......... .......... 60% 1.14M 4s
[2023-01-27T04:57:15.139+0000] {subprocess.py:93} INFO -  10100K .......... .......... .......... .......... .......... 60% 2.04M 4s
[2023-01-27T04:57:15.158+0000] {subprocess.py:93} INFO -  10150K .......... .......... .......... .......... .......... 60% 2.46M 4s
[2023-01-27T04:57:15.170+0000] {subprocess.py:93} INFO -  10200K .......... .......... .......... .......... .......... 61% 4.03M 4s
[2023-01-27T04:57:15.198+0000] {subprocess.py:93} INFO -  10250K .......... .......... .......... .......... .......... 61% 1.78M 4s
[2023-01-27T04:57:15.213+0000] {subprocess.py:93} INFO -  10300K .......... .......... .......... .......... .......... 61% 3.25M 4s
[2023-01-27T04:57:15.236+0000] {subprocess.py:93} INFO -  10350K .......... .......... .......... .......... .......... 61% 2.56M 4s
[2023-01-27T04:57:15.250+0000] {subprocess.py:93} INFO -  10400K .......... .......... .......... .......... .......... 62% 2.77M 3s
[2023-01-27T04:57:15.266+0000] {subprocess.py:93} INFO -  10450K .......... .......... .......... .......... .......... 62% 2.96M 3s
[2023-01-27T04:57:15.275+0000] {subprocess.py:93} INFO -  10500K .......... .......... .......... .......... .......... 62% 5.60M 3s
[2023-01-27T04:57:15.288+0000] {subprocess.py:93} INFO -  10550K .......... .......... .......... .......... .......... 63% 3.67M 3s
[2023-01-27T04:57:15.301+0000] {subprocess.py:93} INFO -  10600K .......... .......... .......... .......... .......... 63% 3.87M 3s
[2023-01-27T04:57:15.349+0000] {subprocess.py:93} INFO -  10650K .......... .......... .......... .......... .......... 63% 1.01M 3s
[2023-01-27T04:57:15.362+0000] {subprocess.py:93} INFO -  10700K .......... .......... .......... .......... .......... 64% 3.70M 3s
[2023-01-27T04:57:15.390+0000] {subprocess.py:93} INFO -  10750K .......... .......... .......... .......... .......... 64% 3.65M 3s
[2023-01-27T04:57:15.408+0000] {subprocess.py:93} INFO -  10800K .......... .......... .......... .......... .......... 64% 1.53M 3s
[2023-01-27T04:57:15.420+0000] {subprocess.py:93} INFO -  10850K .......... .......... .......... .......... .......... 64% 4.09M 3s
[2023-01-27T04:57:15.436+0000] {subprocess.py:93} INFO -  10900K .......... .......... .......... .......... .......... 65% 2.94M 3s
[2023-01-27T04:57:15.451+0000] {subprocess.py:93} INFO -  10950K .......... .......... .......... .......... .......... 65% 3.42M 3s
[2023-01-27T04:57:15.464+0000] {subprocess.py:93} INFO -  11000K .......... .......... .......... .......... .......... 65% 3.65M 3s
[2023-01-27T04:57:15.483+0000] {subprocess.py:93} INFO -  11050K .......... .......... .......... .......... .......... 66% 2.59M 3s
[2023-01-27T04:57:15.492+0000] {subprocess.py:93} INFO -  11100K .......... .......... .......... .......... .......... 66% 5.34M 3s
[2023-01-27T04:57:15.510+0000] {subprocess.py:93} INFO -  11150K .......... .......... .......... .......... .......... 66% 3.68M 3s
[2023-01-27T04:57:15.562+0000] {subprocess.py:93} INFO -  11200K .......... .......... .......... .......... .......... 66%  876K 3s
[2023-01-27T04:57:15.575+0000] {subprocess.py:93} INFO -  11250K .......... .......... .......... .......... .......... 67% 3.69M 3s
[2023-01-27T04:57:15.589+0000] {subprocess.py:93} INFO -  11300K .......... .......... .......... .......... .......... 67% 3.69M 3s
[2023-01-27T04:57:15.602+0000] {subprocess.py:93} INFO -  11350K .......... .......... .......... .......... .......... 67% 3.61M 3s
[2023-01-27T04:57:15.692+0000] {subprocess.py:93} INFO -  11400K .......... .......... .......... .......... .......... 68%  553K 3s
[2023-01-27T04:57:15.716+0000] {subprocess.py:93} INFO -  11450K .......... .......... .......... .......... .......... 68% 2.08M 3s
[2023-01-27T04:57:15.872+0000] {subprocess.py:93} INFO -  11500K .......... .......... .......... .......... .......... 68%  321K 3s
[2023-01-27T04:57:15.942+0000] {subprocess.py:93} INFO -  11550K .......... .......... .......... .......... .......... 69%  820K 3s
[2023-01-27T04:57:15.966+0000] {subprocess.py:93} INFO -  11600K .......... .......... .......... .......... .......... 69% 1.49M 3s
[2023-01-27T04:57:15.991+0000] {subprocess.py:93} INFO -  11650K .......... .......... .......... .......... .......... 69% 1.91M 3s
[2023-01-27T04:57:16.003+0000] {subprocess.py:93} INFO -  11700K .......... .......... .......... .......... .......... 69% 3.96M 3s
[2023-01-27T04:57:16.018+0000] {subprocess.py:93} INFO -  11750K .......... .......... .......... .......... .......... 70% 3.31M 3s
[2023-01-27T04:57:16.040+0000] {subprocess.py:93} INFO -  11800K .......... .......... .......... .......... .......... 70% 2.29M 3s
[2023-01-27T04:57:16.053+0000] {subprocess.py:93} INFO -  11850K .......... .......... .......... .......... .......... 70% 3.67M 3s
[2023-01-27T04:57:16.067+0000] {subprocess.py:93} INFO -  11900K .......... .......... .......... .......... .......... 71% 3.46M 3s
[2023-01-27T04:57:16.080+0000] {subprocess.py:93} INFO -  11950K .......... .......... .......... .......... .......... 71% 5.51M 3s
[2023-01-27T04:57:16.125+0000] {subprocess.py:93} INFO -  12000K .......... .......... .......... .......... .......... 71% 1014K 3s
[2023-01-27T04:57:16.149+0000] {subprocess.py:93} INFO -  12050K .......... .......... .......... .......... .......... 72% 2.02M 3s
[2023-01-27T04:57:16.193+0000] {subprocess.py:93} INFO -  12100K .......... .......... .......... .......... .......... 72% 1.11M 3s
[2023-01-27T04:57:16.211+0000] {subprocess.py:93} INFO -  12150K .......... .......... .......... .......... .......... 72% 2.78M 3s
[2023-01-27T04:57:16.228+0000] {subprocess.py:93} INFO -  12200K .......... .......... .......... .......... .......... 72% 2.77M 2s
[2023-01-27T04:57:16.237+0000] {subprocess.py:93} INFO -  12250K .......... .......... .......... .......... .......... 73% 5.48M 2s
[2023-01-27T04:57:16.250+0000] {subprocess.py:93} INFO -  12300K .......... .......... .......... .......... .......... 73% 3.72M 2s
[2023-01-27T04:57:16.286+0000] {subprocess.py:93} INFO -  12350K .......... .......... .......... .......... .......... 73% 1.59M 2s
[2023-01-27T04:57:16.320+0000] {subprocess.py:93} INFO -  12400K .......... .......... .......... .......... .......... 74% 1.24M 2s
[2023-01-27T04:57:16.334+0000] {subprocess.py:93} INFO -  12450K .......... .......... .......... .......... .......... 74% 3.66M 2s
[2023-01-27T04:57:16.345+0000] {subprocess.py:93} INFO -  12500K .......... .......... .......... .......... .......... 74% 4.53M 2s
[2023-01-27T04:57:16.367+0000] {subprocess.py:93} INFO -  12550K .......... .......... .......... .......... .......... 75% 2.16M 2s
[2023-01-27T04:57:16.406+0000] {subprocess.py:93} INFO -  12600K .......... .......... .......... .......... .......... 75% 1.27M 2s
[2023-01-27T04:57:16.424+0000] {subprocess.py:93} INFO -  12650K .......... .......... .......... .......... .......... 75% 2.73M 2s
[2023-01-27T04:57:16.474+0000] {subprocess.py:93} INFO -  12700K .......... .......... .......... .......... .......... 75%  991K 2s
[2023-01-27T04:57:16.505+0000] {subprocess.py:93} INFO -  12750K .......... .......... .......... .......... .......... 76% 2.75M 2s
[2023-01-27T04:57:16.527+0000] {subprocess.py:93} INFO -  12800K .......... .......... .......... .......... .......... 76% 1.38M 2s
[2023-01-27T04:57:16.544+0000] {subprocess.py:93} INFO -  12850K .......... .......... .......... .......... .......... 76% 2.93M 2s
[2023-01-27T04:57:16.557+0000] {subprocess.py:93} INFO -  12900K .......... .......... .......... .......... .......... 77% 3.69M 2s
[2023-01-27T04:57:16.596+0000] {subprocess.py:93} INFO -  12950K .......... .......... .......... .......... .......... 77% 1.26M 2s
[2023-01-27T04:57:16.619+0000] {subprocess.py:93} INFO -  13000K .......... .......... .......... .......... .......... 77% 2.09M 2s
[2023-01-27T04:57:16.651+0000] {subprocess.py:93} INFO -  13050K .......... .......... .......... .......... .......... 78% 1.53M 2s
[2023-01-27T04:57:16.668+0000] {subprocess.py:93} INFO -  13100K .......... .......... .......... .......... .......... 78% 2.78M 2s
[2023-01-27T04:57:16.694+0000] {subprocess.py:93} INFO -  13150K .......... .......... .......... .......... .......... 78% 3.00M 2s
[2023-01-27T04:57:16.730+0000] {subprocess.py:93} INFO -  13200K .......... .......... .......... .......... .......... 78% 1.09M 2s
[2023-01-27T04:57:16.742+0000] {subprocess.py:93} INFO -  13250K .......... .......... .......... .......... .......... 79% 3.92M 2s
[2023-01-27T04:57:16.762+0000] {subprocess.py:93} INFO -  13300K .......... .......... .......... .......... .......... 79% 2.48M 2s
[2023-01-27T04:57:16.775+0000] {subprocess.py:93} INFO -  13350K .......... .......... .......... .......... .......... 79% 3.60M 2s
[2023-01-27T04:57:16.786+0000] {subprocess.py:93} INFO -  13400K .......... .......... .......... .......... .......... 80% 4.49M 2s
[2023-01-27T04:57:16.799+0000] {subprocess.py:93} INFO -  13450K .......... .......... .......... .......... .......... 80% 3.70M 2s
[2023-01-27T04:57:16.813+0000] {subprocess.py:93} INFO -  13500K .......... .......... .......... .......... .......... 80% 3.67M 2s
[2023-01-27T04:57:16.868+0000] {subprocess.py:93} INFO -  13550K .......... .......... .......... .......... .......... 80% 1.07M 2s
[2023-01-27T04:57:16.882+0000] {subprocess.py:93} INFO -  13600K .......... .......... .......... .......... .......... 81% 2.05M 2s
[2023-01-27T04:57:16.891+0000] {subprocess.py:93} INFO -  13650K .......... .......... .......... .......... .......... 81% 5.36M 2s
[2023-01-27T04:57:16.908+0000] {subprocess.py:93} INFO -  13700K .......... .......... .......... .......... .......... 81% 2.93M 2s
[2023-01-27T04:57:16.926+0000] {subprocess.py:93} INFO -  13750K .......... .......... .......... .......... .......... 82% 2.75M 2s
[2023-01-27T04:57:16.964+0000] {subprocess.py:93} INFO -  13800K .......... .......... .......... .......... .......... 82% 1.26M 2s
[2023-01-27T04:57:16.993+0000] {subprocess.py:93} INFO -  13850K .......... .......... .......... .......... .......... 82% 1.71M 2s
[2023-01-27T04:57:17.016+0000] {subprocess.py:93} INFO -  13900K .......... .......... .......... .......... .......... 83% 2.09M 2s
[2023-01-27T04:57:17.026+0000] {subprocess.py:93} INFO -  13950K .......... .......... .......... .......... .......... 83% 5.20M 1s
[2023-01-27T04:57:17.042+0000] {subprocess.py:93} INFO -  14000K .......... .......... .......... .......... .......... 83% 2.91M 1s
[2023-01-27T04:57:17.073+0000] {subprocess.py:93} INFO -  14050K .......... .......... .......... .......... .......... 83% 1.57M 1s
[2023-01-27T04:57:17.091+0000] {subprocess.py:93} INFO -  14100K .......... .......... .......... .......... .......... 84% 2.83M 1s
[2023-01-27T04:57:17.104+0000] {subprocess.py:93} INFO -  14150K .......... .......... .......... .......... .......... 84% 3.67M 1s
[2023-01-27T04:57:17.125+0000] {subprocess.py:93} INFO -  14200K .......... .......... .......... .......... .......... 84% 2.31M 1s
[2023-01-27T04:57:17.138+0000] {subprocess.py:93} INFO -  14250K .......... .......... .......... .......... .......... 85% 3.67M 1s
[2023-01-27T04:57:17.168+0000] {subprocess.py:93} INFO -  14300K .......... .......... .......... .......... .......... 85% 1.62M 1s
[2023-01-27T04:57:17.220+0000] {subprocess.py:93} INFO -  14350K .......... .......... .......... .......... .......... 85% 1.02M 1s
[2023-01-27T04:57:17.244+0000] {subprocess.py:93} INFO -  14400K .......... .......... .......... .......... .......... 86% 1.76M 1s
[2023-01-27T04:57:17.253+0000] {subprocess.py:93} INFO -  14450K .......... .......... .......... .......... .......... 86% 5.42M 1s
[2023-01-27T04:57:17.263+0000] {subprocess.py:93} INFO -  14500K .......... .......... .......... .......... .......... 86% 4.65M 1s
[2023-01-27T04:57:17.279+0000] {subprocess.py:93} INFO -  14550K .......... .......... .......... .......... .......... 86% 3.08M 1s
[2023-01-27T04:57:17.297+0000] {subprocess.py:93} INFO -  14600K .......... .......... .......... .......... .......... 87% 2.75M 1s
[2023-01-27T04:57:17.355+0000] {subprocess.py:93} INFO -  14650K .......... .......... .......... .......... .......... 87%  861K 1s
[2023-01-27T04:57:17.380+0000] {subprocess.py:93} INFO -  14700K .......... .......... .......... .......... .......... 87% 1.91M 1s
[2023-01-27T04:57:17.403+0000] {subprocess.py:93} INFO -  14750K .......... .......... .......... .......... .......... 88% 3.94M 1s
[2023-01-27T04:57:17.420+0000] {subprocess.py:93} INFO -  14800K .......... .......... .......... .......... .......... 88% 1.81M 1s
[2023-01-27T04:57:17.440+0000] {subprocess.py:93} INFO -  14850K .......... .......... .......... .......... .......... 88% 2.38M 1s
[2023-01-27T04:57:17.453+0000] {subprocess.py:93} INFO -  14900K .......... .......... .......... .......... .......... 89% 3.69M 1s
[2023-01-27T04:57:17.506+0000] {subprocess.py:93} INFO -  14950K .......... .......... .......... .......... .......... 89%  951K 1s
[2023-01-27T04:57:17.526+0000] {subprocess.py:93} INFO -  15000K .......... .......... .......... .......... .......... 89% 2.44M 1s
[2023-01-27T04:57:17.539+0000] {subprocess.py:93} INFO -  15050K .......... .......... .......... .......... .......... 89% 3.63M 1s
[2023-01-27T04:57:17.556+0000] {subprocess.py:93} INFO -  15100K .......... .......... .......... .......... .......... 90% 2.94M 1s
[2023-01-27T04:57:17.574+0000] {subprocess.py:93} INFO -  15150K .......... .......... .......... .......... .......... 90% 2.79M 1s
[2023-01-27T04:57:17.582+0000] {subprocess.py:93} INFO -  15200K .......... .......... .......... .......... .......... 90% 5.53M 1s
[2023-01-27T04:57:17.605+0000] {subprocess.py:93} INFO -  15250K .......... .......... .......... .......... .......... 91% 2.15M 1s
[2023-01-27T04:57:17.614+0000] {subprocess.py:93} INFO -  15300K .......... .......... .......... .......... .......... 91% 5.23M 1s
[2023-01-27T04:57:17.681+0000] {subprocess.py:93} INFO -  15350K .......... .......... .......... .......... .......... 91%  749K 1s
[2023-01-27T04:57:17.695+0000] {subprocess.py:93} INFO -  15400K .......... .......... .......... .......... .......... 92% 3.65M 1s
[2023-01-27T04:57:17.708+0000] {subprocess.py:93} INFO -  15450K .......... .......... .......... .......... .......... 92% 3.69M 1s
[2023-01-27T04:57:17.722+0000] {subprocess.py:93} INFO -  15500K .......... .......... .......... .......... .......... 92% 3.42M 1s
[2023-01-27T04:57:17.759+0000] {subprocess.py:93} INFO -  15550K .......... .......... .......... .......... .......... 92% 1.50M 1s
[2023-01-27T04:57:17.768+0000] {subprocess.py:93} INFO -  15600K .......... .......... .......... .......... .......... 93% 3.71M 1s
[2023-01-27T04:57:17.790+0000] {subprocess.py:93} INFO -  15650K .......... .......... .......... .......... .......... 93% 2.22M 1s
[2023-01-27T04:57:17.803+0000] {subprocess.py:93} INFO -  15700K .......... .......... .......... .......... .......... 93% 3.67M 1s
[2023-01-27T04:57:17.812+0000] {subprocess.py:93} INFO -  15750K .......... .......... .......... .......... .......... 94% 5.52M 1s
[2023-01-27T04:57:17.834+0000] {subprocess.py:93} INFO -  15800K .......... .......... .......... .......... .......... 94% 2.17M 0s
[2023-01-27T04:57:17.848+0000] {subprocess.py:93} INFO -  15850K .......... .......... .......... .......... .......... 94% 3.73M 0s
[2023-01-27T04:57:17.916+0000] {subprocess.py:93} INFO -  15900K .......... .......... .......... .......... .......... 94%  727K 0s
[2023-01-27T04:57:17.934+0000] {subprocess.py:93} INFO -  15950K .......... .......... .......... .......... .......... 95% 2.76M 0s
[2023-01-27T04:57:17.950+0000] {subprocess.py:93} INFO -  16000K .......... .......... .......... .......... .......... 95% 3.14M 0s
[2023-01-27T04:57:17.958+0000] {subprocess.py:93} INFO -  16050K .......... .......... .......... .......... .......... 95% 5.87M 0s
[2023-01-27T04:57:17.985+0000] {subprocess.py:93} INFO -  16100K .......... .......... .......... .......... .......... 96% 2.76M 0s
[2023-01-27T04:57:18.043+0000] {subprocess.py:93} INFO -  16150K .......... .......... .......... .......... .......... 96%  746K 0s
[2023-01-27T04:57:18.056+0000] {subprocess.py:93} INFO -  16200K .......... .......... .......... .......... .......... 96% 3.64M 0s
[2023-01-27T04:57:18.082+0000] {subprocess.py:93} INFO -  16250K .......... .......... .......... .......... .......... 97% 1.91M 0s
[2023-01-27T04:57:18.095+0000] {subprocess.py:93} INFO -  16300K .......... .......... .......... .......... .......... 97% 3.69M 0s
[2023-01-27T04:57:18.104+0000] {subprocess.py:93} INFO -  16350K .......... .......... .......... .......... .......... 97% 5.44M 0s
[2023-01-27T04:57:18.127+0000] {subprocess.py:93} INFO -  16400K .......... .......... .......... .......... .......... 97% 2.15M 0s
[2023-01-27T04:57:18.140+0000] {subprocess.py:93} INFO -  16450K .......... .......... .......... .......... .......... 98% 3.72M 0s
[2023-01-27T04:57:18.164+0000] {subprocess.py:93} INFO -  16500K .......... .......... .......... .......... .......... 98% 1.98M 0s
[2023-01-27T04:57:18.178+0000] {subprocess.py:93} INFO -  16550K .......... .......... .......... .......... .......... 98% 3.66M 0s
[2023-01-27T04:57:18.243+0000] {subprocess.py:93} INFO -  16600K .......... .......... .......... .......... .......... 99%  768K 0s
[2023-01-27T04:57:18.265+0000] {subprocess.py:93} INFO -  16650K .......... .......... .......... .......... .......... 99% 2.18M 0s
[2023-01-27T04:57:18.274+0000] {subprocess.py:93} INFO -  16700K .......... .......... .......... .......... .......... 99% 5.52M 0s
[2023-01-27T04:57:18.296+0000] {subprocess.py:93} INFO -  16750K .......... .......... .......... .......... ...       100% 1.89M=8.8s
[2023-01-27T04:57:18.297+0000] {subprocess.py:93} INFO - 
[2023-01-27T04:57:18.297+0000] {subprocess.py:93} INFO - 2023-01-27 04:57:18 (1.87 MB/s) - ‘/opt/***/fhv_tripdata_2019-04.csv.gz’ saved [17196113/17196113]
[2023-01-27T04:57:18.297+0000] {subprocess.py:93} INFO - 
[2023-01-27T04:57:18.297+0000] {subprocess.py:97} INFO - Command exited with return code 0
[2023-01-27T04:57:18.319+0000] {taskinstance.py:1323} INFO - Marking task as SUCCESS. dag_id=fhv_taxi_data_dag_v1, task_id=download_ytd_dataset_from_web, execution_date=20190401T000000, start_date=20230127T045708, end_date=20230127T045718
[2023-01-27T04:57:18.357+0000] {local_task_job.py:208} INFO - Task exited with return code 0
[2023-01-27T04:57:18.382+0000] {taskinstance.py:2578} INFO - 1 downstream tasks scheduled from follow-on schedule check
