[2023-01-27T04:57:12.655+0000] {taskinstance.py:1083} INFO - Dependencies all met for <TaskInstance: fhv_taxi_data_dag_v1.download_ytd_dataset_from_web scheduled__2020-02-01T00:00:00+00:00 [queued]>
[2023-01-27T04:57:12.664+0000] {taskinstance.py:1083} INFO - Dependencies all met for <TaskInstance: fhv_taxi_data_dag_v1.download_ytd_dataset_from_web scheduled__2020-02-01T00:00:00+00:00 [queued]>
[2023-01-27T04:57:12.664+0000] {taskinstance.py:1279} INFO - 
--------------------------------------------------------------------------------
[2023-01-27T04:57:12.665+0000] {taskinstance.py:1280} INFO - Starting attempt 1 of 1
[2023-01-27T04:57:12.665+0000] {taskinstance.py:1281} INFO - 
--------------------------------------------------------------------------------
[2023-01-27T04:57:12.677+0000] {taskinstance.py:1300} INFO - Executing <Task(BashOperator): download_ytd_dataset_from_web> on 2020-02-01 00:00:00+00:00
[2023-01-27T04:57:12.682+0000] {standard_task_runner.py:55} INFO - Started process 6619 to run task
[2023-01-27T04:57:12.684+0000] {standard_task_runner.py:82} INFO - Running: ['***', 'tasks', 'run', 'fhv_taxi_data_dag_v1', 'download_ytd_dataset_from_web', 'scheduled__2020-02-01T00:00:00+00:00', '--job-id', '5705', '--raw', '--subdir', 'DAGS_FOLDER/data_ingestion_gcs_dag_v1_fhv.py', '--cfg-path', '/tmp/tmp1mapgrhz']
[2023-01-27T04:57:12.686+0000] {standard_task_runner.py:83} INFO - Job 5705: Subtask download_ytd_dataset_from_web
[2023-01-27T04:57:12.735+0000] {task_command.py:388} INFO - Running <TaskInstance: fhv_taxi_data_dag_v1.download_ytd_dataset_from_web scheduled__2020-02-01T00:00:00+00:00 [running]> on host 8bc22b99c76b
[2023-01-27T04:57:12.858+0000] {taskinstance.py:1509} INFO - Exporting the following env vars:
AIRFLOW_CTX_DAG_OWNER=***
AIRFLOW_CTX_DAG_ID=fhv_taxi_data_dag_v1
AIRFLOW_CTX_TASK_ID=download_ytd_dataset_from_web
AIRFLOW_CTX_EXECUTION_DATE=2020-02-01T00:00:00+00:00
AIRFLOW_CTX_TRY_NUMBER=1
AIRFLOW_CTX_DAG_RUN_ID=scheduled__2020-02-01T00:00:00+00:00
[2023-01-27T04:57:12.860+0000] {subprocess.py:63} INFO - Tmp dir root location: 
 /tmp
[2023-01-27T04:57:12.860+0000] {subprocess.py:75} INFO - Running command: ['/bin/bash', '-c', 'wget https://github.com/DataTalksClub/nyc-tlc-data/releases/download/fhv/fhv_tripdata_2020-02.csv.gz -O /opt/***/fhv_tripdata_2020-02.csv.gz']
[2023-01-27T04:57:12.875+0000] {subprocess.py:86} INFO - Output:
[2023-01-27T04:57:12.879+0000] {subprocess.py:93} INFO - --2023-01-27 04:57:12--  https://github.com/DataTalksClub/nyc-tlc-data/releases/download/fhv/fhv_tripdata_2020-02.csv.gz
[2023-01-27T04:57:12.892+0000] {subprocess.py:93} INFO - Resolving github.com (github.com)... 140.82.121.4
[2023-01-27T04:57:12.905+0000] {subprocess.py:93} INFO - Connecting to github.com (github.com)|140.82.121.4|:443... connected.
[2023-01-27T04:57:13.188+0000] {subprocess.py:93} INFO - HTTP request sent, awaiting response... 302 Found
[2023-01-27T04:57:13.188+0000] {subprocess.py:93} INFO - Location: https://objects.githubusercontent.com/github-production-release-asset-2e65be/513814948/ce0f420d-1ae0-4124-a119-580a50a463e3?X-Amz-Algorithm=AWS4-HMAC-SHA256&X-Amz-Credential=AKIAIWNJYAX4CSVEH53A%2F20230127%2Fus-east-1%2Fs3%2Faws4_request&X-Amz-Date=20230127T045545Z&X-Amz-Expires=300&X-Amz-Signature=8dc8159d68cd5eca2bc45283b965e79a7454de69cae08598af322e3f39f66a03&X-Amz-SignedHeaders=host&actor_id=0&key_id=0&repo_id=513814948&response-content-disposition=attachment%3B%20filename%3Dfhv_tripdata_2020-02.csv.gz&response-content-type=application%2Foctet-stream [following]
[2023-01-27T04:57:13.189+0000] {subprocess.py:93} INFO - --2023-01-27 04:57:13--  https://objects.githubusercontent.com/github-production-release-asset-2e65be/513814948/ce0f420d-1ae0-4124-a119-580a50a463e3?X-Amz-Algorithm=AWS4-HMAC-SHA256&X-Amz-Credential=AKIAIWNJYAX4CSVEH53A%2F20230127%2Fus-east-1%2Fs3%2Faws4_request&X-Amz-Date=20230127T045545Z&X-Amz-Expires=300&X-Amz-Signature=8dc8159d68cd5eca2bc45283b965e79a7454de69cae08598af322e3f39f66a03&X-Amz-SignedHeaders=host&actor_id=0&key_id=0&repo_id=513814948&response-content-disposition=attachment%3B%20filename%3Dfhv_tripdata_2020-02.csv.gz&response-content-type=application%2Foctet-stream
[2023-01-27T04:57:13.194+0000] {subprocess.py:93} INFO - Resolving objects.githubusercontent.com (objects.githubusercontent.com)... 185.199.110.133, 185.199.111.133, 185.199.109.133, ...
[2023-01-27T04:57:13.209+0000] {subprocess.py:93} INFO - Connecting to objects.githubusercontent.com (objects.githubusercontent.com)|185.199.110.133|:443... connected.
[2023-01-27T04:57:13.823+0000] {subprocess.py:93} INFO - HTTP request sent, awaiting response... 200 OK
[2023-01-27T04:57:13.823+0000] {subprocess.py:93} INFO - Length: 19696523 (19M) [application/octet-stream]
[2023-01-27T04:57:13.823+0000] {subprocess.py:93} INFO - Saving to: ‘/opt/***/fhv_tripdata_2020-02.csv.gz’
[2023-01-27T04:57:13.828+0000] {subprocess.py:93} INFO - 
[2023-01-27T04:57:13.887+0000] {subprocess.py:93} INFO -      0K .......... .......... .......... .......... ..........  0%  778K 25s
[2023-01-27T04:57:13.950+0000] {subprocess.py:93} INFO -     50K .......... .......... .......... .......... ..........  0%  800K 24s
[2023-01-27T04:57:14.011+0000] {subprocess.py:93} INFO -    100K .......... .......... .......... .......... ..........  0%  818K 24s
[2023-01-27T04:57:14.055+0000] {subprocess.py:93} INFO -    150K .......... .......... .......... .......... ..........  1% 1.16M 22s
[2023-01-27T04:57:14.096+0000] {subprocess.py:93} INFO -    200K .......... .......... .......... .......... ..........  1% 1.14M 21s
[2023-01-27T04:57:14.137+0000] {subprocess.py:93} INFO -    250K .......... .......... .......... .......... ..........  1% 1.18M 20s
[2023-01-27T04:57:14.170+0000] {subprocess.py:93} INFO -    300K .......... .......... .......... .......... ..........  1% 1.49M 19s
[2023-01-27T04:57:14.218+0000] {subprocess.py:93} INFO -    350K .......... .......... .......... .......... ..........  2% 1.01M 19s
[2023-01-27T04:57:14.273+0000] {subprocess.py:93} INFO -    400K .......... .......... .......... .......... ..........  2%  925K 19s
[2023-01-27T04:57:14.298+0000] {subprocess.py:93} INFO -    450K .......... .......... .......... .......... ..........  2% 1.89M 18s
[2023-01-27T04:57:14.348+0000] {subprocess.py:93} INFO -    500K .......... .......... .......... .......... ..........  2% 1004K 18s
[2023-01-27T04:57:14.378+0000] {subprocess.py:93} INFO -    550K .......... .......... .......... .......... ..........  3% 1.66M 17s
[2023-01-27T04:57:14.391+0000] {subprocess.py:93} INFO -    600K .......... .......... .......... .......... ..........  3% 3.59M 16s
[2023-01-27T04:57:14.450+0000] {subprocess.py:93} INFO -    650K .......... .......... .......... .......... ..........  3%  848K 17s
[2023-01-27T04:57:14.535+0000] {subprocess.py:93} INFO -    700K .......... .......... .......... .......... ..........  3%  590K 18s
[2023-01-27T04:57:14.551+0000] {subprocess.py:93} INFO -    750K .......... .......... .......... .......... ..........  4% 3.01M 17s
[2023-01-27T04:57:14.580+0000] {subprocess.py:93} INFO -    800K .......... .......... .......... .......... ..........  4% 1.70M 16s
[2023-01-27T04:57:14.716+0000] {subprocess.py:93} INFO -    850K .......... .......... .......... .......... ..........  4%  368K 18s
[2023-01-27T04:57:14.738+0000] {subprocess.py:93} INFO -    900K .......... .......... .......... .......... ..........  4% 2.20M 18s
[2023-01-27T04:57:14.743+0000] {subprocess.py:93} INFO -    950K .......... .......... .......... .......... ..........  5% 8.83M 17s
[2023-01-27T04:57:14.777+0000] {subprocess.py:93} INFO -   1000K .......... .......... .......... .......... ..........  5% 1.44M 17s
[2023-01-27T04:57:14.935+0000] {subprocess.py:93} INFO -   1050K .......... .......... .......... .......... ..........  5%  318K 18s
[2023-01-27T04:57:15.000+0000] {subprocess.py:93} INFO -   1100K .......... .......... .......... .......... ..........  5%  773K 18s
[2023-01-27T04:57:15.072+0000] {subprocess.py:93} INFO -   1150K .......... .......... .......... .......... ..........  6%  690K 19s
[2023-01-27T04:57:15.098+0000] {subprocess.py:93} INFO -   1200K .......... .......... .......... .......... ..........  6% 1.85M 18s
[2023-01-27T04:57:15.130+0000] {subprocess.py:93} INFO -   1250K .......... .......... .......... .......... ..........  6% 1.56M 18s
[2023-01-27T04:57:15.210+0000] {subprocess.py:93} INFO -   1300K .......... .......... .......... .......... ..........  7%  622K 18s
[2023-01-27T04:57:15.261+0000] {subprocess.py:93} INFO -   1350K .......... .......... .......... .......... ..........  7%  987K 18s
[2023-01-27T04:57:15.311+0000] {subprocess.py:93} INFO -   1400K .......... .......... .......... .......... ..........  7% 1001K 18s
[2023-01-27T04:57:15.333+0000] {subprocess.py:93} INFO -   1450K .......... .......... .......... .......... ..........  7% 2.20M 18s
[2023-01-27T04:57:15.344+0000] {subprocess.py:93} INFO -   1500K .......... .......... .......... .......... ..........  8% 4.39M 17s
[2023-01-27T04:57:15.405+0000] {subprocess.py:93} INFO -   1550K .......... .......... .......... .......... ..........  8%  823K 17s
[2023-01-27T04:57:15.451+0000] {subprocess.py:93} INFO -   1600K .......... .......... .......... .......... ..........  8% 1.06M 17s
[2023-01-27T04:57:15.510+0000] {subprocess.py:93} INFO -   1650K .......... .......... .......... .......... ..........  8%  848K 17s
[2023-01-27T04:57:15.541+0000] {subprocess.py:93} INFO -   1700K .......... .......... .......... .......... ..........  9% 1.57M 17s
[2023-01-27T04:57:15.556+0000] {subprocess.py:93} INFO -   1750K .......... .......... .......... .......... ..........  9% 3.13M 17s
[2023-01-27T04:57:15.575+0000] {subprocess.py:93} INFO -   1800K .......... .......... .......... .......... ..........  9% 2.55M 16s
[2023-01-27T04:57:15.620+0000] {subprocess.py:93} INFO -   1850K .......... .......... .......... .......... ..........  9% 1.10M 16s
[2023-01-27T04:57:15.723+0000] {subprocess.py:93} INFO -   1900K .......... .......... .......... .......... .......... 10%  484K 17s
[2023-01-27T04:57:15.723+0000] {subprocess.py:93} INFO -   1950K .......... .......... .......... .......... .......... 10%  126M 16s
[2023-01-27T04:57:15.752+0000] {subprocess.py:93} INFO -   2000K .......... .......... .......... .......... .......... 10% 1.72M 16s
[2023-01-27T04:57:15.765+0000] {subprocess.py:93} INFO -   2050K .......... .......... .......... .......... .......... 10% 3.66M 16s
[2023-01-27T04:57:15.780+0000] {subprocess.py:93} INFO -   2100K .......... .......... .......... .......... .......... 11% 3.21M 16s
[2023-01-27T04:57:15.815+0000] {subprocess.py:93} INFO -   2150K .......... .......... .......... .......... .......... 11% 1.40M 15s
[2023-01-27T04:57:15.838+0000] {subprocess.py:93} INFO -   2200K .......... .......... .......... .......... .......... 11% 2.12M 15s
[2023-01-27T04:57:15.861+0000] {subprocess.py:93} INFO -   2250K .......... .......... .......... .......... .......... 11% 2.15M 15s
[2023-01-27T04:57:15.889+0000] {subprocess.py:93} INFO -   2300K .......... .......... .......... .......... .......... 12% 1.77M 15s
[2023-01-27T04:57:15.937+0000] {subprocess.py:93} INFO -   2350K .......... .......... .......... .......... .......... 12% 1.00M 15s
[2023-01-27T04:57:15.978+0000] {subprocess.py:93} INFO -   2400K .......... .......... .......... .......... .......... 12% 1.20M 15s
[2023-01-27T04:57:16.003+0000] {subprocess.py:93} INFO -   2450K .......... .......... .......... .......... .......... 12% 1.91M 15s
[2023-01-27T04:57:16.032+0000] {subprocess.py:93} INFO -   2500K .......... .......... .......... .......... .......... 13% 1.70M 14s
[2023-01-27T04:57:16.121+0000] {subprocess.py:93} INFO -   2550K .......... .......... .......... .......... .......... 13%  564K 15s
[2023-01-27T04:57:16.163+0000] {subprocess.py:93} INFO -   2600K .......... .......... .......... .......... .......... 13% 1.17M 15s
[2023-01-27T04:57:16.184+0000] {subprocess.py:93} INFO -   2650K .......... .......... .......... .......... .......... 14% 2.26M 14s
[2023-01-27T04:57:16.211+0000] {subprocess.py:93} INFO -   2700K .......... .......... .......... .......... .......... 14% 1.83M 14s
[2023-01-27T04:57:16.262+0000] {subprocess.py:93} INFO -   2750K .......... .......... .......... .......... .......... 14%  973K 14s
[2023-01-27T04:57:16.290+0000] {subprocess.py:93} INFO -   2800K .......... .......... .......... .......... .......... 14% 1.76M 14s
[2023-01-27T04:57:16.316+0000] {subprocess.py:93} INFO -   2850K .......... .......... .......... .......... .......... 15% 1.89M 14s
[2023-01-27T04:57:16.354+0000] {subprocess.py:93} INFO -   2900K .......... .......... .......... .......... .......... 15% 1.29M 14s
[2023-01-27T04:57:16.392+0000] {subprocess.py:93} INFO -   2950K .......... .......... .......... .......... .......... 15% 1.27M 14s
[2023-01-27T04:57:16.419+0000] {subprocess.py:93} INFO -   3000K .......... .......... .......... .......... .......... 15% 1.83M 14s
[2023-01-27T04:57:16.465+0000] {subprocess.py:93} INFO -   3050K .......... .......... .......... .......... .......... 16% 1.06M 14s
[2023-01-27T04:57:16.487+0000] {subprocess.py:93} INFO -   3100K .......... .......... .......... .......... .......... 16% 2.21M 14s
[2023-01-27T04:57:16.532+0000] {subprocess.py:93} INFO -   3150K .......... .......... .......... .......... .......... 16% 1.10M 14s
[2023-01-27T04:57:16.557+0000] {subprocess.py:93} INFO -   3200K .......... .......... .......... .......... .......... 16% 1.91M 13s
[2023-01-27T04:57:16.600+0000] {subprocess.py:93} INFO -   3250K .......... .......... .......... .......... .......... 17% 1.14M 13s
[2023-01-27T04:57:16.628+0000] {subprocess.py:93} INFO -   3300K .......... .......... .......... .......... .......... 17% 1.78M 13s
[2023-01-27T04:57:16.664+0000] {subprocess.py:93} INFO -   3350K .......... .......... .......... .......... .......... 17% 1.33M 13s
[2023-01-27T04:57:16.694+0000] {subprocess.py:93} INFO -   3400K .......... .......... .......... .......... .......... 17% 1.66M 13s
[2023-01-27T04:57:16.747+0000] {subprocess.py:93} INFO -   3450K .......... .......... .......... .......... .......... 18%  947K 13s
[2023-01-27T04:57:16.800+0000] {subprocess.py:93} INFO -   3500K .......... .......... .......... .......... .......... 18%  942K 13s
[2023-01-27T04:57:16.845+0000] {subprocess.py:93} INFO -   3550K .......... .......... .......... .......... .......... 18% 1.07M 13s
[2023-01-27T04:57:16.868+0000] {subprocess.py:93} INFO -   3600K .......... .......... .......... .......... .......... 18% 2.10M 13s
[2023-01-27T04:57:16.887+0000] {subprocess.py:93} INFO -   3650K .......... .......... .......... .......... .......... 19% 2.67M 13s
[2023-01-27T04:57:16.926+0000] {subprocess.py:93} INFO -   3700K .......... .......... .......... .......... .......... 19% 1.26M 13s
[2023-01-27T04:57:16.956+0000] {subprocess.py:93} INFO -   3750K .......... .......... .......... .......... .......... 19% 1.59M 13s
[2023-01-27T04:57:16.984+0000] {subprocess.py:93} INFO -   3800K .......... .......... .......... .......... .......... 20% 1.76M 13s
[2023-01-27T04:57:17.017+0000] {subprocess.py:93} INFO -   3850K .......... .......... .......... .......... .......... 20% 1.50M 13s
[2023-01-27T04:57:17.043+0000] {subprocess.py:93} INFO -   3900K .......... .......... .......... .......... .......... 20% 1.86M 12s
[2023-01-27T04:57:17.100+0000] {subprocess.py:93} INFO -   3950K .......... .......... .......... .......... .......... 20%  879K 12s
[2023-01-27T04:57:17.155+0000] {subprocess.py:93} INFO -   4000K .......... .......... .......... .......... .......... 21%  912K 12s
[2023-01-27T04:57:17.182+0000] {subprocess.py:93} INFO -   4050K .......... .......... .......... .......... .......... 21% 1.80M 12s
[2023-01-27T04:57:17.190+0000] {subprocess.py:93} INFO -   4100K .......... .......... .......... .......... .......... 21% 5.90M 12s
[2023-01-27T04:57:17.230+0000] {subprocess.py:93} INFO -   4150K .......... .......... .......... .......... .......... 21% 1.23M 12s
[2023-01-27T04:57:17.253+0000] {subprocess.py:93} INFO -   4200K .......... .......... .......... .......... .......... 22% 2.12M 12s
[2023-01-27T04:57:17.301+0000] {subprocess.py:93} INFO -   4250K .......... .......... .......... .......... .......... 22% 1.01M 12s
[2023-01-27T04:57:17.335+0000] {subprocess.py:93} INFO -   4300K .......... .......... .......... .......... .......... 22% 1.46M 12s
[2023-01-27T04:57:17.352+0000] {subprocess.py:93} INFO -   4350K .......... .......... .......... .......... .......... 22% 2.77M 12s
[2023-01-27T04:57:17.389+0000] {subprocess.py:93} INFO -   4400K .......... .......... .......... .......... .......... 23% 1.32M 12s
[2023-01-27T04:57:17.424+0000] {subprocess.py:93} INFO -   4450K .......... .......... .......... .......... .......... 23% 1.40M 12s
[2023-01-27T04:57:17.462+0000] {subprocess.py:93} INFO -   4500K .......... .......... .......... .......... .......... 23% 1.28M 12s
[2023-01-27T04:57:17.481+0000] {subprocess.py:93} INFO -   4550K .......... .......... .......... .......... .......... 23% 2.56M 12s
[2023-01-27T04:57:17.515+0000] {subprocess.py:93} INFO -   4600K .......... .......... .......... .......... .......... 24% 1.45M 12s
[2023-01-27T04:57:17.592+0000] {subprocess.py:93} INFO -   4650K .......... .......... .......... .......... .......... 24%  649K 12s
[2023-01-27T04:57:17.655+0000] {subprocess.py:93} INFO -   4700K .......... .......... .......... .......... .......... 24%  799K 12s
[2023-01-27T04:57:17.682+0000] {subprocess.py:93} INFO -   4750K .......... .......... .......... .......... .......... 24% 2.75M 12s
[2023-01-27T04:57:17.720+0000] {subprocess.py:93} INFO -   4800K .......... .......... .......... .......... .......... 25% 1.03M 12s
[2023-01-27T04:57:17.751+0000] {subprocess.py:93} INFO -   4850K .......... .......... .......... .......... .......... 25% 1.58M 11s
[2023-01-27T04:57:17.790+0000] {subprocess.py:93} INFO -   4900K .......... .......... .......... .......... .......... 25% 1.25M 11s
[2023-01-27T04:57:17.848+0000] {subprocess.py:93} INFO -   4950K .......... .......... .......... .......... .......... 25%  866K 11s
[2023-01-27T04:57:17.890+0000] {subprocess.py:93} INFO -   5000K .......... .......... .......... .......... .......... 26% 1.16M 11s
[2023-01-27T04:57:17.916+0000] {subprocess.py:93} INFO -   5050K .......... .......... .......... .......... .......... 26% 1.84M 11s
[2023-01-27T04:57:17.949+0000] {subprocess.py:93} INFO -   5100K .......... .......... .......... .......... .......... 26% 1.48M 11s
[2023-01-27T04:57:17.971+0000] {subprocess.py:93} INFO -   5150K .......... .......... .......... .......... .......... 27% 2.78M 11s
[2023-01-27T04:57:18.017+0000] {subprocess.py:93} INFO -   5200K .......... .......... .......... .......... .......... 27%  995K 11s
[2023-01-27T04:57:18.047+0000] {subprocess.py:93} INFO -   5250K .......... .......... .......... .......... .......... 27% 1.67M 11s
[2023-01-27T04:57:18.077+0000] {subprocess.py:93} INFO -   5300K .......... .......... .......... .......... .......... 27% 1.58M 11s
[2023-01-27T04:57:18.131+0000] {subprocess.py:93} INFO -   5350K .......... .......... .......... .......... .......... 28%  932K 11s
[2023-01-27T04:57:18.173+0000] {subprocess.py:93} INFO -   5400K .......... .......... .......... .......... .......... 28% 1.15M 11s
[2023-01-27T04:57:18.204+0000] {subprocess.py:93} INFO -   5450K .......... .......... .......... .......... .......... 28% 1.61M 11s
[2023-01-27T04:57:18.221+0000] {subprocess.py:93} INFO -   5500K .......... .......... .......... .......... .......... 28% 2.75M 11s
[2023-01-27T04:57:18.261+0000] {subprocess.py:93} INFO -   5550K .......... .......... .......... .......... .......... 29% 1.57M 11s
[2023-01-27T04:57:18.329+0000] {subprocess.py:93} INFO -   5600K .......... .......... .......... .......... .......... 29%  654K 11s
[2023-01-27T04:57:18.362+0000] {subprocess.py:93} INFO -   5650K .......... .......... .......... .......... .......... 29% 1.46M 11s
[2023-01-27T04:57:18.395+0000] {subprocess.py:93} INFO -   5700K .......... .......... .......... .......... .......... 29% 1.48M 11s
[2023-01-27T04:57:18.404+0000] {subprocess.py:93} INFO -   5750K .......... .......... .......... .......... .......... 30% 5.51M 11s
[2023-01-27T04:57:18.435+0000] {subprocess.py:93} INFO -   5800K .......... .......... .......... .......... .......... 30% 1.60M 11s
[2023-01-27T04:57:18.464+0000] {subprocess.py:93} INFO -   5850K .......... .......... .......... .......... .......... 30% 1.66M 10s
[2023-01-27T04:57:18.515+0000] {subprocess.py:93} INFO -   5900K .......... .......... .......... .......... .......... 30%  980K 10s
[2023-01-27T04:57:18.559+0000] {subprocess.py:93} INFO -   5950K .......... .......... .......... .......... .......... 31% 1.38M 10s
[2023-01-27T04:57:18.571+0000] {subprocess.py:93} INFO -   6000K .......... .......... .......... .......... .......... 31% 2.45M 10s
[2023-01-27T04:57:18.604+0000] {subprocess.py:93} INFO -   6050K .......... .......... .......... .......... .......... 31% 1.48M 10s
[2023-01-27T04:57:18.679+0000] {subprocess.py:93} INFO -   6100K .......... .......... .......... .......... .......... 31%  663K 10s
[2023-01-27T04:57:18.714+0000] {subprocess.py:93} INFO -   6150K .......... .......... .......... .......... .......... 32% 1.39M 10s
[2023-01-27T04:57:18.733+0000] {subprocess.py:93} INFO -   6200K .......... .......... .......... .......... .......... 32% 2.54M 10s
[2023-01-27T04:57:18.742+0000] {subprocess.py:93} INFO -   6250K .......... .......... .......... .......... .......... 32% 5.52M 10s
[2023-01-27T04:57:18.768+0000] {subprocess.py:93} INFO -   6300K .......... .......... .......... .......... .......... 33% 1.85M 10s
[2023-01-27T04:57:18.887+0000] {subprocess.py:93} INFO -   6350K .......... .......... .......... .......... .......... 33%  506K 10s
[2023-01-27T04:57:18.922+0000] {subprocess.py:93} INFO -   6400K .......... .......... .......... .......... .......... 33%  923K 10s
[2023-01-27T04:57:18.940+0000] {subprocess.py:93} INFO -   6450K .......... .......... .......... .......... .......... 33% 2.69M 10s
[2023-01-27T04:57:18.948+0000] {subprocess.py:93} INFO -   6500K .......... .......... .......... .......... .......... 34% 5.84M 10s
[2023-01-27T04:57:18.984+0000] {subprocess.py:93} INFO -   6550K .......... .......... .......... .......... .......... 34% 1.35M 10s
[2023-01-27T04:57:19.011+0000] {subprocess.py:93} INFO -   6600K .......... .......... .......... .......... .......... 34% 1.81M 10s
[2023-01-27T04:57:19.053+0000] {subprocess.py:93} INFO -   6650K .......... .......... .......... .......... .......... 34% 1.16M 10s
[2023-01-27T04:57:19.075+0000] {subprocess.py:93} INFO -   6700K .......... .......... .......... .......... .......... 35% 2.26M 10s
[2023-01-27T04:57:19.104+0000] {subprocess.py:93} INFO -   6750K .......... .......... .......... .......... .......... 35% 1.95M 10s
[2023-01-27T04:57:19.201+0000] {subprocess.py:93} INFO -   6800K .......... .......... .......... .......... .......... 35%  496K 10s
[2023-01-27T04:57:19.257+0000] {subprocess.py:93} INFO -   6850K .......... .......... .......... .......... .......... 35%  887K 10s
[2023-01-27T04:57:19.281+0000] {subprocess.py:93} INFO -   6900K .......... .......... .......... .......... .......... 36% 2.05M 10s
[2023-01-27T04:57:19.311+0000] {subprocess.py:93} INFO -   6950K .......... .......... .......... .......... .......... 36% 1.62M 10s
[2023-01-27T04:57:19.331+0000] {subprocess.py:93} INFO -   7000K .......... .......... .......... .......... .......... 36% 2.41M 10s
[2023-01-27T04:57:19.356+0000] {subprocess.py:93} INFO -   7050K .......... .......... .......... .......... .......... 36% 1.94M 9s
[2023-01-27T04:57:19.491+0000] {subprocess.py:93} INFO -   7100K .......... .......... .......... .......... .......... 37%  372K 10s
[2023-01-27T04:57:19.492+0000] {subprocess.py:93} INFO -   7150K .......... .......... .......... .......... .......... 37% 99.8M 9s
[2023-01-27T04:57:19.492+0000] {subprocess.py:93} INFO -   7200K .......... .......... .......... .......... .......... 37%  128M 9s
[2023-01-27T04:57:19.518+0000] {subprocess.py:93} INFO -   7250K .......... .......... .......... .......... .......... 37% 1.90M 9s
[2023-01-27T04:57:19.613+0000] {subprocess.py:93} INFO -   7300K .......... .......... .......... .......... .......... 38%  521K 9s
[2023-01-27T04:57:19.627+0000] {subprocess.py:93} INFO -   7350K .......... .......... .......... .......... .......... 38% 3.57M 9s
[2023-01-27T04:57:19.635+0000] {subprocess.py:93} INFO -   7400K .......... .......... .......... .......... .......... 38% 6.21M 9s
[2023-01-27T04:57:19.669+0000] {subprocess.py:93} INFO -   7450K .......... .......... .......... .......... .......... 38% 1.41M 9s
[2023-01-27T04:57:19.733+0000] {subprocess.py:93} INFO -   7500K .......... .......... .......... .......... .......... 39%  783K 9s
[2023-01-27T04:57:19.762+0000] {subprocess.py:93} INFO -   7550K .......... .......... .......... .......... .......... 39% 2.68M 9s
[2023-01-27T04:57:19.781+0000] {subprocess.py:93} INFO -   7600K .......... .......... .......... .......... .......... 39% 1.63M 9s
[2023-01-27T04:57:19.822+0000] {subprocess.py:93} INFO -   7650K .......... .......... .......... .......... .......... 40% 1.21M 9s
[2023-01-27T04:57:19.856+0000] {subprocess.py:93} INFO -   7700K .......... .......... .......... .......... .......... 40% 1.41M 9s
[2023-01-27T04:57:19.920+0000] {subprocess.py:93} INFO -   7750K .......... .......... .......... .......... .......... 40%  781K 9s
[2023-01-27T04:57:19.960+0000] {subprocess.py:93} INFO -   7800K .......... .......... .......... .......... .......... 40% 1.24M 9s
[2023-01-27T04:57:19.970+0000] {subprocess.py:93} INFO -   7850K .......... .......... .......... .......... .......... 41% 4.94M 9s
[2023-01-27T04:57:19.997+0000] {subprocess.py:93} INFO -   7900K .......... .......... .......... .......... .......... 41% 1.80M 9s
[2023-01-27T04:57:20.035+0000] {subprocess.py:93} INFO -   7950K .......... .......... .......... .......... .......... 41% 1.44M 9s
[2023-01-27T04:57:20.056+0000] {subprocess.py:93} INFO -   8000K .......... .......... .......... .......... .......... 41% 1.95M 9s
[2023-01-27T04:57:20.069+0000] {subprocess.py:93} INFO -   8050K .......... .......... .......... .......... .......... 42% 3.66M 9s
[2023-01-27T04:57:20.105+0000] {subprocess.py:93} INFO -   8100K .......... .......... .......... .......... .......... 42% 1.36M 9s
[2023-01-27T04:57:20.121+0000] {subprocess.py:93} INFO -   8150K .......... .......... .......... .......... .......... 42% 2.98M 8s
[2023-01-27T04:57:20.146+0000] {subprocess.py:93} INFO -   8200K .......... .......... .......... .......... .......... 42% 1.99M 8s
[2023-01-27T04:57:20.167+0000] {subprocess.py:93} INFO -   8250K .......... .......... .......... .......... .......... 43% 2.30M 8s
[2023-01-27T04:57:20.188+0000] {subprocess.py:93} INFO -   8300K .......... .......... .......... .......... .......... 43% 2.34M 8s
[2023-01-27T04:57:20.208+0000] {subprocess.py:93} INFO -   8350K .......... .......... .......... .......... .......... 43% 3.13M 8s
[2023-01-27T04:57:20.230+0000] {subprocess.py:93} INFO -   8400K .......... .......... .......... .......... .......... 43% 1.84M 8s
[2023-01-27T04:57:20.259+0000] {subprocess.py:93} INFO -   8450K .......... .......... .......... .......... .......... 44% 1.70M 8s
[2023-01-27T04:57:20.272+0000] {subprocess.py:93} INFO -   8500K .......... .......... .......... .......... .......... 44% 3.64M 8s
[2023-01-27T04:57:20.288+0000] {subprocess.py:93} INFO -   8550K .......... .......... .......... .......... .......... 44% 3.08M 8s
[2023-01-27T04:57:20.302+0000] {subprocess.py:93} INFO -   8600K .......... .......... .......... .......... .......... 44% 3.67M 8s
[2023-01-27T04:57:20.340+0000] {subprocess.py:93} INFO -   8650K .......... .......... .......... .......... .......... 45% 1.26M 8s
[2023-01-27T04:57:20.362+0000] {subprocess.py:93} INFO -   8700K .......... .......... .......... .......... .......... 45% 2.20M 8s
[2023-01-27T04:57:20.394+0000] {subprocess.py:93} INFO -   8750K .......... .......... .......... .......... .......... 45% 2.11M 8s
[2023-01-27T04:57:20.399+0000] {subprocess.py:93} INFO -   8800K .......... .......... .......... .......... .......... 46% 3.67M 8s
[2023-01-27T04:57:20.426+0000] {subprocess.py:93} INFO -   8850K .......... .......... .......... .......... .......... 46% 1.78M 8s
[2023-01-27T04:57:20.447+0000] {subprocess.py:93} INFO -   8900K .......... .......... .......... .......... .......... 46% 2.42M 8s
[2023-01-27T04:57:20.464+0000] {subprocess.py:93} INFO -   8950K .......... .......... .......... .......... .......... 46% 2.81M 8s
[2023-01-27T04:57:20.477+0000] {subprocess.py:93} INFO -   9000K .......... .......... .......... .......... .......... 47% 3.67M 7s
[2023-01-27T04:57:20.517+0000] {subprocess.py:93} INFO -   9050K .......... .......... .......... .......... .......... 47% 1.23M 7s
[2023-01-27T04:57:20.539+0000] {subprocess.py:93} INFO -   9100K .......... .......... .......... .......... .......... 47% 2.22M 7s
[2023-01-27T04:57:20.558+0000] {subprocess.py:93} INFO -   9150K .......... .......... .......... .......... .......... 47% 2.77M 7s
[2023-01-27T04:57:20.584+0000] {subprocess.py:93} INFO -   9200K .......... .......... .......... .......... .......... 48% 1.74M 7s
[2023-01-27T04:57:20.602+0000] {subprocess.py:93} INFO -   9250K .......... .......... .......... .......... .......... 48% 2.76M 7s
[2023-01-27T04:57:20.643+0000] {subprocess.py:93} INFO -   9300K .......... .......... .......... .......... .......... 48% 1.20M 7s
[2023-01-27T04:57:20.670+0000] {subprocess.py:93} INFO -   9350K .......... .......... .......... .......... .......... 48% 1.77M 7s
[2023-01-27T04:57:20.685+0000] {subprocess.py:93} INFO -   9400K .......... .......... .......... .......... .......... 49% 3.24M 7s
[2023-01-27T04:57:20.715+0000] {subprocess.py:93} INFO -   9450K .......... .......... .......... .......... .......... 49% 1.67M 7s
[2023-01-27T04:57:20.733+0000] {subprocess.py:93} INFO -   9500K .......... .......... .......... .......... .......... 49% 2.63M 7s
[2023-01-27T04:57:20.768+0000] {subprocess.py:93} INFO -   9550K .......... .......... .......... .......... .......... 49% 1.60M 7s
[2023-01-27T04:57:20.781+0000] {subprocess.py:93} INFO -   9600K .......... .......... .......... .......... .......... 50% 2.77M 7s
[2023-01-27T04:57:20.802+0000] {subprocess.py:93} INFO -   9650K .......... .......... .......... .......... .......... 50% 2.42M 7s
[2023-01-27T04:57:20.815+0000] {subprocess.py:93} INFO -   9700K .......... .......... .......... .......... .......... 50% 3.67M 7s
[2023-01-27T04:57:20.841+0000] {subprocess.py:93} INFO -   9750K .......... .......... .......... .......... .......... 50% 1.91M 7s
[2023-01-27T04:57:20.854+0000] {subprocess.py:93} INFO -   9800K .......... .......... .......... .......... .......... 51% 3.63M 7s
[2023-01-27T04:57:20.871+0000] {subprocess.py:93} INFO -   9850K .......... .......... .......... .......... .......... 51% 2.84M 7s
[2023-01-27T04:57:20.889+0000] {subprocess.py:93} INFO -   9900K .......... .......... .......... .......... .......... 51% 2.74M 7s
[2023-01-27T04:57:20.930+0000] {subprocess.py:93} INFO -   9950K .......... .......... .......... .......... .......... 51% 1.39M 7s
[2023-01-27T04:57:20.960+0000] {subprocess.py:93} INFO -  10000K .......... .......... .......... .......... .......... 52% 1.36M 7s
[2023-01-27T04:57:20.982+0000] {subprocess.py:93} INFO -  10050K .......... .......... .......... .......... .......... 52% 2.21M 6s
[2023-01-27T04:57:21.017+0000] {subprocess.py:93} INFO -  10100K .......... .......... .......... .......... .......... 52% 1.43M 6s
[2023-01-27T04:57:21.025+0000] {subprocess.py:93} INFO -  10150K .......... .......... .......... .......... .......... 53% 5.54M 6s
[2023-01-27T04:57:21.043+0000] {subprocess.py:93} INFO -  10200K .......... .......... .......... .......... .......... 53% 2.82M 6s
[2023-01-27T04:57:21.073+0000] {subprocess.py:93} INFO -  10250K .......... .......... .......... .......... .......... 53% 1.62M 6s
[2023-01-27T04:57:21.096+0000] {subprocess.py:93} INFO -  10300K .......... .......... .......... .......... .......... 53% 2.13M 6s
[2023-01-27T04:57:21.131+0000] {subprocess.py:93} INFO -  10350K .......... .......... .......... .......... .......... 54% 1.87M 6s
[2023-01-27T04:57:21.157+0000] {subprocess.py:93} INFO -  10400K .......... .......... .......... .......... .......... 54% 1.38M 6s
[2023-01-27T04:57:21.175+0000] {subprocess.py:93} INFO -  10450K .......... .......... .......... .......... .......... 54% 2.77M 6s
[2023-01-27T04:57:21.175+0000] {subprocess.py:93} INFO -  10500K .......... .......... .......... .......... .......... 54%  271M 6s
[2023-01-27T04:57:21.203+0000] {subprocess.py:93} INFO -  10550K .......... .......... .......... .......... .......... 55% 1.75M 6s
[2023-01-27T04:57:21.238+0000] {subprocess.py:93} INFO -  10600K .......... .......... .......... .......... .......... 55% 1.40M 6s
[2023-01-27T04:57:21.270+0000] {subprocess.py:93} INFO -  10650K .......... .......... .......... .......... .......... 55% 1.51M 6s
[2023-01-27T04:57:21.306+0000] {subprocess.py:93} INFO -  10700K .......... .......... .......... .......... .......... 55% 1.35M 6s
[2023-01-27T04:57:21.324+0000] {subprocess.py:93} INFO -  10750K .......... .......... .......... .......... .......... 56% 2.77M 6s
[2023-01-27T04:57:21.328+0000] {subprocess.py:93} INFO -  10800K .......... .......... .......... .......... .......... 56% 11.2M 6s
[2023-01-27T04:57:21.357+0000] {subprocess.py:93} INFO -  10850K .......... .......... .......... .......... .......... 56% 1.68M 6s
[2023-01-27T04:57:21.390+0000] {subprocess.py:93} INFO -  10900K .......... .......... .......... .......... .......... 56% 1.47M 6s
[2023-01-27T04:57:21.408+0000] {subprocess.py:93} INFO -  10950K .......... .......... .......... .......... .......... 57% 2.77M 6s
[2023-01-27T04:57:21.415+0000] {subprocess.py:93} INFO -  11000K .......... .......... .......... .......... .......... 57% 7.20M 6s
[2023-01-27T04:57:21.446+0000] {subprocess.py:93} INFO -  11050K .......... .......... .......... .......... .......... 57% 1.57M 6s
[2023-01-27T04:57:21.472+0000] {subprocess.py:93} INFO -  11100K .......... .......... .......... .......... .......... 57% 1.84M 6s
[2023-01-27T04:57:21.506+0000] {subprocess.py:93} INFO -  11150K .......... .......... .......... .......... .......... 58% 2.79M 6s
[2023-01-27T04:57:21.520+0000] {subprocess.py:93} INFO -  11200K .......... .......... .......... .......... .......... 58% 1.63M 5s
[2023-01-27T04:57:21.546+0000] {subprocess.py:93} INFO -  11250K .......... .......... .......... .......... .......... 58% 1.83M 5s
[2023-01-27T04:57:21.559+0000] {subprocess.py:93} INFO -  11300K .......... .......... .......... .......... .......... 59% 3.71M 5s
[2023-01-27T04:57:21.573+0000] {subprocess.py:93} INFO -  11350K .......... .......... .......... .......... .......... 59% 3.69M 5s
[2023-01-27T04:57:21.594+0000] {subprocess.py:93} INFO -  11400K .......... .......... .......... .......... .......... 59% 2.29M 5s
[2023-01-27T04:57:21.612+0000] {subprocess.py:93} INFO -  11450K .......... .......... .......... .......... .......... 59% 2.73M 5s
[2023-01-27T04:57:21.628+0000] {subprocess.py:93} INFO -  11500K .......... .......... .......... .......... .......... 60% 3.01M 5s
[2023-01-27T04:57:21.669+0000] {subprocess.py:93} INFO -  11550K .......... .......... .......... .......... .......... 60% 1.65M 5s
[2023-01-27T04:57:21.684+0000] {subprocess.py:93} INFO -  11600K .......... .......... .......... .......... .......... 60% 1.89M 5s
[2023-01-27T04:57:21.696+0000] {subprocess.py:93} INFO -  11650K .......... .......... .......... .......... .......... 60% 4.14M 5s
[2023-01-27T04:57:21.722+0000] {subprocess.py:93} INFO -  11700K .......... .......... .......... .......... .......... 61% 1.86M 5s
[2023-01-27T04:57:21.726+0000] {subprocess.py:93} INFO -  11750K .......... .......... .......... .......... .......... 61% 10.8M 5s
[2023-01-27T04:57:21.752+0000] {subprocess.py:93} INFO -  11800K .......... .......... .......... .......... .......... 61% 1.91M 5s
[2023-01-27T04:57:21.762+0000] {subprocess.py:93} INFO -  11850K .......... .......... .......... .......... .......... 61% 4.47M 5s
[2023-01-27T04:57:21.779+0000] {subprocess.py:93} INFO -  11900K .......... .......... .......... .......... .......... 62% 2.95M 5s
[2023-01-27T04:57:21.792+0000] {subprocess.py:93} INFO -  11950K .......... .......... .......... .......... .......... 62% 5.61M 5s
[2023-01-27T04:57:21.817+0000] {subprocess.py:93} INFO -  12000K .......... .......... .......... .......... .......... 62% 1.65M 5s
[2023-01-27T04:57:21.831+0000] {subprocess.py:93} INFO -  12050K .......... .......... .......... .......... .......... 62% 3.49M 5s
[2023-01-27T04:57:21.845+0000] {subprocess.py:93} INFO -  12100K .......... .......... .......... .......... .......... 63% 3.68M 5s
[2023-01-27T04:57:21.860+0000] {subprocess.py:93} INFO -  12150K .......... .......... .......... .......... .......... 63% 3.14M 5s
[2023-01-27T04:57:21.869+0000] {subprocess.py:93} INFO -  12200K .......... .......... .......... .......... .......... 63% 5.56M 5s
[2023-01-27T04:57:21.878+0000] {subprocess.py:93} INFO -  12250K .......... .......... .......... .......... .......... 63% 5.39M 5s
[2023-01-27T04:57:21.910+0000] {subprocess.py:93} INFO -  12300K .......... .......... .......... .......... .......... 64% 1.51M 5s
[2023-01-27T04:57:21.930+0000] {subprocess.py:93} INFO -  12350K .......... .......... .......... .......... .......... 64% 2.47M 4s
[2023-01-27T04:57:21.951+0000] {subprocess.py:93} INFO -  12400K .......... .......... .......... .......... .......... 64% 2.32M 4s
[2023-01-27T04:57:21.960+0000] {subprocess.py:93} INFO -  12450K .......... .......... .......... .......... .......... 64% 5.46M 4s
[2023-01-27T04:57:21.987+0000] {subprocess.py:93} INFO -  12500K .......... .......... .......... .......... .......... 65% 1.78M 4s
[2023-01-27T04:57:22.002+0000] {subprocess.py:93} INFO -  12550K .......... .......... .......... .......... .......... 65% 3.29M 4s
[2023-01-27T04:57:22.012+0000] {subprocess.py:93} INFO -  12600K .......... .......... .......... .......... .......... 65% 4.80M 4s
[2023-01-27T04:57:22.021+0000] {subprocess.py:93} INFO -  12650K .......... .......... .......... .......... .......... 66% 5.43M 4s
[2023-01-27T04:57:22.034+0000] {subprocess.py:93} INFO -  12700K .......... .......... .......... .......... .......... 66% 4.05M 4s
[2023-01-27T04:57:22.060+0000] {subprocess.py:93} INFO -  12750K .......... .......... .......... .......... .......... 66% 2.81M 4s
[2023-01-27T04:57:22.069+0000] {subprocess.py:93} INFO -  12800K .......... .......... .......... .......... .......... 66% 2.71M 4s
[2023-01-27T04:57:22.078+0000] {subprocess.py:93} INFO -  12850K .......... .......... .......... .......... .......... 67% 5.42M 4s
[2023-01-27T04:57:22.086+0000] {subprocess.py:93} INFO -  12900K .......... .......... .......... .......... .......... 67% 5.98M 4s
[2023-01-27T04:57:22.109+0000] {subprocess.py:93} INFO -  12950K .......... .......... .......... .......... .......... 67% 2.15M 4s
[2023-01-27T04:57:22.115+0000] {subprocess.py:93} INFO -  13000K .......... .......... .......... .......... .......... 67% 7.95M 4s
[2023-01-27T04:57:22.124+0000] {subprocess.py:93} INFO -  13050K .......... .......... .......... .......... .......... 68% 5.44M 4s
[2023-01-27T04:57:22.133+0000] {subprocess.py:93} INFO -  13100K .......... .......... .......... .......... .......... 68% 5.42M 4s
[2023-01-27T04:57:22.155+0000] {subprocess.py:93} INFO -  13150K .......... .......... .......... .......... .......... 68% 2.53M 4s
[2023-01-27T04:57:22.164+0000] {subprocess.py:93} INFO -  13200K .......... .......... .......... .......... .......... 68% 4.13M 4s
[2023-01-27T04:57:22.173+0000] {subprocess.py:93} INFO -  13250K .......... .......... .......... .......... .......... 69% 5.40M 4s
[2023-01-27T04:57:22.179+0000] {subprocess.py:93} INFO -  13300K .......... .......... .......... .......... .......... 69% 8.09M 4s
[2023-01-27T04:57:22.205+0000] {subprocess.py:93} INFO -  13350K .......... .......... .......... .......... .......... 69% 1.94M 4s
[2023-01-27T04:57:22.213+0000] {subprocess.py:93} INFO -  13400K .......... .......... .......... .......... .......... 69% 5.37M 4s
[2023-01-27T04:57:22.222+0000] {subprocess.py:93} INFO -  13450K .......... .......... .......... .......... .......... 70% 5.43M 4s
[2023-01-27T04:57:22.231+0000] {subprocess.py:93} INFO -  13500K .......... .......... .......... .......... .......... 70% 5.41M 4s
[2023-01-27T04:57:22.251+0000] {subprocess.py:93} INFO -  13550K .......... .......... .......... .......... .......... 70% 2.88M 3s
[2023-01-27T04:57:22.264+0000] {subprocess.py:93} INFO -  13600K .......... .......... .......... .......... .......... 70% 3.21M 3s
[2023-01-27T04:57:22.273+0000] {subprocess.py:93} INFO -  13650K .......... .......... .......... .......... .......... 71% 4.99M 3s
[2023-01-27T04:57:22.277+0000] {subprocess.py:93} INFO -  13700K .......... .......... .......... .......... .......... 71% 14.4M 3s
[2023-01-27T04:57:22.294+0000] {subprocess.py:93} INFO -  13750K .......... .......... .......... .......... .......... 71% 2.82M 3s
[2023-01-27T04:57:22.304+0000] {subprocess.py:93} INFO -  13800K .......... .......... .......... .......... .......... 72% 5.10M 3s
[2023-01-27T04:57:22.310+0000] {subprocess.py:93} INFO -  13850K .......... .......... .......... .......... .......... 72% 7.50M 3s
[2023-01-27T04:57:22.322+0000] {subprocess.py:93} INFO -  13900K .......... .......... .......... .......... .......... 72% 4.29M 3s
[2023-01-27T04:57:22.326+0000] {subprocess.py:93} INFO -  13950K .......... .......... .......... .......... .......... 72% 11.7M 3s
[2023-01-27T04:57:22.344+0000] {subprocess.py:93} INFO -  14000K .......... .......... .......... .......... .......... 73% 2.68M 3s
[2023-01-27T04:57:22.349+0000] {subprocess.py:93} INFO -  14050K .......... .......... .......... .......... .......... 73% 10.7M 3s
[2023-01-27T04:57:22.358+0000] {subprocess.py:93} INFO -  14100K .......... .......... .......... .......... .......... 73% 6.91M 3s
[2023-01-27T04:57:22.364+0000] {subprocess.py:93} INFO -  14150K .......... .......... .......... .......... .......... 73% 5.52M 3s
[2023-01-27T04:57:22.382+0000] {subprocess.py:93} INFO -  14200K .......... .......... .......... .......... .......... 74% 2.82M 3s
[2023-01-27T04:57:22.391+0000] {subprocess.py:93} INFO -  14250K .......... .......... .......... .......... .......... 74% 5.58M 3s
[2023-01-27T04:57:22.393+0000] {subprocess.py:93} INFO -  14300K .......... .......... .......... .......... .......... 74% 17.0M 3s
[2023-01-27T04:57:22.399+0000] {subprocess.py:93} INFO -  14350K .......... .......... .......... .......... .......... 74% 9.46M 3s
[2023-01-27T04:57:22.402+0000] {subprocess.py:93} INFO -  14400K .......... .......... .......... .......... .......... 75% 15.3M 3s
[2023-01-27T04:57:22.425+0000] {subprocess.py:93} INFO -  14450K .......... .......... .......... .......... .......... 75% 2.06M 3s
[2023-01-27T04:57:22.430+0000] {subprocess.py:93} INFO -  14500K .......... .......... .......... .......... .......... 75% 11.0M 3s
[2023-01-27T04:57:22.439+0000] {subprocess.py:93} INFO -  14550K .......... .......... .......... .......... .......... 75% 5.57M 3s
[2023-01-27T04:57:22.440+0000] {subprocess.py:93} INFO -  14600K .......... .......... .......... .......... .......... 76% 30.7M 3s
[2023-01-27T04:57:22.462+0000] {subprocess.py:93} INFO -  14650K .......... .......... .......... .......... .......... 76% 2.26M 3s
[2023-01-27T04:57:22.466+0000] {subprocess.py:93} INFO -  14700K .......... .......... .......... .......... .......... 76% 11.8M 3s
[2023-01-27T04:57:22.470+0000] {subprocess.py:93} INFO -  14750K .......... .......... .......... .......... .......... 76% 11.6M 3s
[2023-01-27T04:57:22.474+0000] {subprocess.py:93} INFO -  14800K .......... .......... .......... .......... .......... 77% 14.8M 3s
[2023-01-27T04:57:22.492+0000] {subprocess.py:93} INFO -  14850K .......... .......... .......... .......... .......... 77% 2.66M 3s
[2023-01-27T04:57:22.500+0000] {subprocess.py:93} INFO -  14900K .......... .......... .......... .......... .......... 77% 8.12M 2s
[2023-01-27T04:57:22.503+0000] {subprocess.py:93} INFO -  14950K .......... .......... .......... .......... .......... 77% 9.06M 2s
[2023-01-27T04:57:22.510+0000] {subprocess.py:93} INFO -  15000K .......... .......... .......... .......... .......... 78% 7.24M 2s
[2023-01-27T04:57:22.512+0000] {subprocess.py:93} INFO -  15050K .......... .......... .......... .......... .......... 78% 25.1M 2s
[2023-01-27T04:57:22.516+0000] {subprocess.py:93} INFO -  15100K .......... .......... .......... .......... .......... 78% 11.7M 2s
[2023-01-27T04:57:22.525+0000] {subprocess.py:93} INFO -  15150K .......... .......... .......... .......... .......... 79% 5.75M 2s
[2023-01-27T04:57:22.527+0000] {subprocess.py:93} INFO -  15200K .......... .......... .......... .......... .......... 79% 21.6M 2s
[2023-01-27T04:57:22.532+0000] {subprocess.py:93} INFO -  15250K .......... .......... .......... .......... .......... 79% 9.42M 2s
[2023-01-27T04:57:22.555+0000] {subprocess.py:93} INFO -  15300K .......... .......... .......... .......... .......... 79% 2.12M 2s
[2023-01-27T04:57:22.560+0000] {subprocess.py:93} INFO -  15350K .......... .......... .......... .......... .......... 80% 9.21M 2s
[2023-01-27T04:57:22.566+0000] {subprocess.py:93} INFO -  15400K .......... .......... .......... .......... .......... 80% 9.13M 2s
[2023-01-27T04:57:22.574+0000] {subprocess.py:93} INFO -  15450K .......... .......... .......... .......... .......... 80% 6.31M 2s
[2023-01-27T04:57:22.577+0000] {subprocess.py:93} INFO -  15500K .......... .......... .......... .......... .......... 80% 15.7M 2s
[2023-01-27T04:57:22.581+0000] {subprocess.py:93} INFO -  15550K .......... .......... .......... .......... .......... 81% 12.1M 2s
[2023-01-27T04:57:22.587+0000] {subprocess.py:93} INFO -  15600K .......... .......... .......... .......... .......... 81% 8.01M 2s
[2023-01-27T04:57:22.589+0000] {subprocess.py:93} INFO -  15650K .......... .......... .......... .......... .......... 81% 22.6M 2s
[2023-01-27T04:57:22.607+0000] {subprocess.py:93} INFO -  15700K .......... .......... .......... .......... .......... 81% 2.73M 2s
[2023-01-27T04:57:22.614+0000] {subprocess.py:93} INFO -  15750K .......... .......... .......... .......... .......... 82% 7.04M 2s
[2023-01-27T04:57:22.617+0000] {subprocess.py:93} INFO -  15800K .......... .......... .......... .......... .......... 82% 15.2M 2s
[2023-01-27T04:57:22.621+0000] {subprocess.py:93} INFO -  15850K .......... .......... .......... .......... .......... 82% 11.7M 2s
[2023-01-27T04:57:22.624+0000] {subprocess.py:93} INFO -  15900K .......... .......... .......... .......... .......... 82% 14.8M 2s
[2023-01-27T04:57:22.644+0000] {subprocess.py:93} INFO -  15950K .......... .......... .......... .......... .......... 83% 2.55M 2s
[2023-01-27T04:57:22.650+0000] {subprocess.py:93} INFO -  16000K .......... .......... .......... .......... .......... 83% 7.70M 2s
[2023-01-27T04:57:22.654+0000] {subprocess.py:93} INFO -  16050K .......... .......... .......... .......... .......... 83% 12.6M 2s
[2023-01-27T04:57:22.660+0000] {subprocess.py:93} INFO -  16100K .......... .......... .......... .......... .......... 83% 7.84M 2s
[2023-01-27T04:57:22.680+0000] {subprocess.py:93} INFO -  16150K .......... .......... .......... .......... .......... 84% 2.48M 2s
[2023-01-27T04:57:22.683+0000] {subprocess.py:93} INFO -  16200K .......... .......... .......... .......... .......... 84% 16.4M 2s
[2023-01-27T04:57:22.689+0000] {subprocess.py:93} INFO -  16250K .......... .......... .......... .......... .......... 84% 7.29M 2s
[2023-01-27T04:57:22.694+0000] {subprocess.py:93} INFO -  16300K .......... .......... .......... .......... .......... 85% 9.88M 2s
[2023-01-27T04:57:22.698+0000] {subprocess.py:93} INFO -  16350K .......... .......... .......... .......... .......... 85% 13.0M 2s
[2023-01-27T04:57:22.702+0000] {subprocess.py:93} INFO -  16400K .......... .......... .......... .......... .......... 85% 13.4M 2s
[2023-01-27T04:57:22.710+0000] {subprocess.py:93} INFO -  16450K .......... .......... .......... .......... .......... 85% 6.23M 1s
[2023-01-27T04:57:22.715+0000] {subprocess.py:93} INFO -  16500K .......... .......... .......... .......... .......... 86% 9.65M 1s
[2023-01-27T04:57:22.726+0000] {subprocess.py:93} INFO -  16550K .......... .......... .......... .......... .......... 86% 4.41M 1s
[2023-01-27T04:57:22.734+0000] {subprocess.py:93} INFO -  16600K .......... .......... .......... .......... .......... 86% 11.4M 1s
[2023-01-27T04:57:22.735+0000] {subprocess.py:93} INFO -  16650K .......... .......... .......... .......... .......... 86% 10.7M 1s
[2023-01-27T04:57:22.756+0000] {subprocess.py:93} INFO -  16700K .......... .......... .......... .......... .......... 87% 2.28M 1s
[2023-01-27T04:57:22.759+0000] {subprocess.py:93} INFO -  16750K .......... .......... .......... .......... .......... 87% 15.3M 1s
[2023-01-27T04:57:22.767+0000] {subprocess.py:93} INFO -  16800K .......... .......... .......... .......... .......... 87% 6.16M 1s
[2023-01-27T04:57:22.775+0000] {subprocess.py:93} INFO -  16850K .......... .......... .......... .......... .......... 87% 6.02M 1s
[2023-01-27T04:57:22.801+0000] {subprocess.py:93} INFO -  16900K .......... .......... .......... .......... .......... 88% 1.90M 1s
[2023-01-27T04:57:22.810+0000] {subprocess.py:93} INFO -  16950K .......... .......... .......... .......... .......... 88% 5.62M 1s
[2023-01-27T04:57:22.819+0000] {subprocess.py:93} INFO -  17000K .......... .......... .......... .......... .......... 88% 5.48M 1s
[2023-01-27T04:57:22.823+0000] {subprocess.py:93} INFO -  17050K .......... .......... .......... .......... .......... 88% 10.9M 1s
[2023-01-27T04:57:22.829+0000] {subprocess.py:93} INFO -  17100K .......... .......... .......... .......... .......... 89% 8.09M 1s
[2023-01-27T04:57:22.857+0000] {subprocess.py:93} INFO -  17150K .......... .......... .......... .......... .......... 89% 1.76M 1s
[2023-01-27T04:57:22.870+0000] {subprocess.py:93} INFO -  17200K .......... .......... .......... .......... .......... 89% 3.70M 1s
[2023-01-27T04:57:22.883+0000] {subprocess.py:93} INFO -  17250K .......... .......... .......... .......... .......... 89% 3.69M 1s
[2023-01-27T04:57:22.900+0000] {subprocess.py:93} INFO -  17300K .......... .......... .......... .......... .......... 90% 2.97M 1s
[2023-01-27T04:57:22.935+0000] {subprocess.py:93} INFO -  17350K .......... .......... .......... .......... .......... 90% 1.63M 1s
[2023-01-27T04:57:22.951+0000] {subprocess.py:93} INFO -  17400K .......... .......... .......... .......... .......... 90% 2.25M 1s
[2023-01-27T04:57:22.966+0000] {subprocess.py:93} INFO -  17450K .......... .......... .......... .......... .......... 90% 3.25M 1s
[2023-01-27T04:57:22.976+0000] {subprocess.py:93} INFO -  17500K .......... .......... .......... .......... .......... 91% 5.31M 1s
[2023-01-27T04:57:22.984+0000] {subprocess.py:93} INFO -  17550K .......... .......... .......... .......... .......... 91% 5.55M 1s
[2023-01-27T04:57:23.011+0000] {subprocess.py:93} INFO -  17600K .......... .......... .......... .......... .......... 91% 2.12M 1s
[2023-01-27T04:57:23.024+0000] {subprocess.py:93} INFO -  17650K .......... .......... .......... .......... .......... 92% 2.98M 1s
[2023-01-27T04:57:23.037+0000] {subprocess.py:93} INFO -  17700K .......... .......... .......... .......... .......... 92% 3.65M 1s
[2023-01-27T04:57:23.058+0000] {subprocess.py:93} INFO -  17750K .......... .......... .......... .......... .......... 92% 2.39M 1s
[2023-01-27T04:57:23.058+0000] {subprocess.py:93} INFO -  17800K .......... .......... .......... .......... .......... 92%  277M 1s
[2023-01-27T04:57:23.091+0000] {subprocess.py:93} INFO -  17850K .......... .......... .......... .......... .......... 93% 3.79M 1s
[2023-01-27T04:57:23.103+0000] {subprocess.py:93} INFO -  17900K .......... .......... .......... .......... .......... 93% 1.49M 1s
[2023-01-27T04:57:23.120+0000] {subprocess.py:93} INFO -  17950K .......... .......... .......... .......... .......... 93% 2.85M 1s
[2023-01-27T04:57:23.139+0000] {subprocess.py:93} INFO -  18000K .......... .......... .......... .......... .......... 93% 2.62M 1s
[2023-01-27T04:57:23.141+0000] {subprocess.py:93} INFO -  18050K .......... .......... .......... .......... .......... 94% 21.3M 1s
[2023-01-27T04:57:23.177+0000] {subprocess.py:93} INFO -  18100K .......... .......... .......... .......... .......... 94% 1.36M 1s
[2023-01-27T04:57:23.211+0000] {subprocess.py:93} INFO -  18150K .......... .......... .......... .......... .......... 94% 1.45M 1s
[2023-01-27T04:57:23.213+0000] {subprocess.py:93} INFO -  18200K .......... .......... .......... .......... .......... 94% 28.6M 1s
[2023-01-27T04:57:23.222+0000] {subprocess.py:93} INFO -  18250K .......... .......... .......... .......... .......... 95% 5.41M 0s
[2023-01-27T04:57:23.245+0000] {subprocess.py:93} INFO -  18300K .......... .......... .......... .......... .......... 95% 2.13M 0s
[2023-01-27T04:57:23.263+0000] {subprocess.py:93} INFO -  18350K .......... .......... .......... .......... .......... 95% 2.70M 0s
[2023-01-27T04:57:23.283+0000] {subprocess.py:93} INFO -  18400K .......... .......... .......... .......... .......... 95% 2.41M 0s
[2023-01-27T04:57:23.297+0000] {subprocess.py:93} INFO -  18450K .......... .......... .......... .......... .......... 96% 3.45M 0s
[2023-01-27T04:57:23.323+0000] {subprocess.py:93} INFO -  18500K .......... .......... .......... .......... .......... 96% 1.87M 0s
[2023-01-27T04:57:23.337+0000] {subprocess.py:93} INFO -  18550K .......... .......... .......... .......... .......... 96% 3.66M 0s
[2023-01-27T04:57:23.345+0000] {subprocess.py:93} INFO -  18600K .......... .......... .......... .......... .......... 96% 5.50M 0s
[2023-01-27T04:57:23.362+0000] {subprocess.py:93} INFO -  18650K .......... .......... .......... .......... .......... 97% 2.91M 0s
[2023-01-27T04:57:23.363+0000] {subprocess.py:93} INFO -  18700K .......... .......... .......... .......... .......... 97%  106M 0s
[2023-01-27T04:57:23.393+0000] {subprocess.py:93} INFO -  18750K .......... .......... .......... .......... .......... 97% 1.59M 0s
[2023-01-27T04:57:23.407+0000] {subprocess.py:93} INFO -  18800K .......... .......... .......... .......... .......... 97% 3.67M 0s
[2023-01-27T04:57:23.429+0000] {subprocess.py:93} INFO -  18850K .......... .......... .......... .......... .......... 98% 2.22M 0s
[2023-01-27T04:57:23.438+0000] {subprocess.py:93} INFO -  18900K .......... .......... .......... .......... .......... 98% 5.42M 0s
[2023-01-27T04:57:23.456+0000] {subprocess.py:93} INFO -  18950K .......... .......... .......... .......... .......... 98% 2.63M 0s
[2023-01-27T04:57:23.464+0000] {subprocess.py:93} INFO -  19000K .......... .......... .......... .......... .......... 99% 6.00M 0s
[2023-01-27T04:57:23.495+0000] {subprocess.py:93} INFO -  19050K .......... .......... .......... .......... .......... 99% 1.60M 0s
[2023-01-27T04:57:23.530+0000] {subprocess.py:93} INFO -  19100K .......... .......... .......... .......... .......... 99% 1.40M 0s
[2023-01-27T04:57:23.544+0000] {subprocess.py:93} INFO -  19150K .......... .......... .......... .......... .......... 99% 3.33M 0s
[2023-01-27T04:57:23.547+0000] {subprocess.py:93} INFO -  19200K .......... .......... .......... ....                 100% 11.0M=9.7s
[2023-01-27T04:57:23.547+0000] {subprocess.py:93} INFO - 
[2023-01-27T04:57:23.548+0000] {subprocess.py:93} INFO - 2023-01-27 04:57:23 (1.93 MB/s) - ‘/opt/***/fhv_tripdata_2020-02.csv.gz’ saved [19696523/19696523]
[2023-01-27T04:57:23.548+0000] {subprocess.py:93} INFO - 
[2023-01-27T04:57:23.549+0000] {subprocess.py:97} INFO - Command exited with return code 0
[2023-01-27T04:57:23.591+0000] {taskinstance.py:1323} INFO - Marking task as SUCCESS. dag_id=fhv_taxi_data_dag_v1, task_id=download_ytd_dataset_from_web, execution_date=20200201T000000, start_date=20230127T045712, end_date=20230127T045723
[2023-01-27T04:57:23.624+0000] {local_task_job.py:208} INFO - Task exited with return code 0
[2023-01-27T04:57:23.660+0000] {taskinstance.py:2578} INFO - 1 downstream tasks scheduled from follow-on schedule check
