[2023-01-27T04:58:20.282+0000] {taskinstance.py:1083} INFO - Dependencies all met for <TaskInstance: fhv_taxi_data_dag_v1.upload_to_gcs scheduled__2020-05-01T00:00:00+00:00 [queued]>
[2023-01-27T04:58:20.294+0000] {taskinstance.py:1083} INFO - Dependencies all met for <TaskInstance: fhv_taxi_data_dag_v1.upload_to_gcs scheduled__2020-05-01T00:00:00+00:00 [queued]>
[2023-01-27T04:58:20.294+0000] {taskinstance.py:1279} INFO - 
--------------------------------------------------------------------------------
[2023-01-27T04:58:20.294+0000] {taskinstance.py:1280} INFO - Starting attempt 1 of 1
[2023-01-27T04:58:20.294+0000] {taskinstance.py:1281} INFO - 
--------------------------------------------------------------------------------
[2023-01-27T04:58:20.309+0000] {taskinstance.py:1300} INFO - Executing <Task(_PythonDecoratedOperator): upload_to_gcs> on 2020-05-01 00:00:00+00:00
[2023-01-27T04:58:20.316+0000] {standard_task_runner.py:55} INFO - Started process 7186 to run task
[2023-01-27T04:58:20.321+0000] {standard_task_runner.py:82} INFO - Running: ['***', 'tasks', 'run', 'fhv_taxi_data_dag_v1', 'upload_to_gcs', 'scheduled__2020-05-01T00:00:00+00:00', '--job-id', '5743', '--raw', '--subdir', 'DAGS_FOLDER/data_ingestion_gcs_dag_v1_fhv.py', '--cfg-path', '/tmp/tmpzwsmdcax']
[2023-01-27T04:58:20.324+0000] {standard_task_runner.py:83} INFO - Job 5743: Subtask upload_to_gcs
[2023-01-27T04:58:20.382+0000] {task_command.py:388} INFO - Running <TaskInstance: fhv_taxi_data_dag_v1.upload_to_gcs scheduled__2020-05-01T00:00:00+00:00 [running]> on host 8bc22b99c76b
[2023-01-27T04:58:20.498+0000] {taskinstance.py:1509} INFO - Exporting the following env vars:
AIRFLOW_CTX_DAG_OWNER=***
AIRFLOW_CTX_DAG_ID=fhv_taxi_data_dag_v1
AIRFLOW_CTX_TASK_ID=upload_to_gcs
AIRFLOW_CTX_EXECUTION_DATE=2020-05-01T00:00:00+00:00
AIRFLOW_CTX_TRY_NUMBER=1
AIRFLOW_CTX_DAG_RUN_ID=scheduled__2020-05-01T00:00:00+00:00
[2023-01-27T04:58:36.498+0000] {python.py:177} INFO - Done. Returned value was: fhv_tripdata_2020-05.parquet
[2023-01-27T04:58:36.520+0000] {taskinstance.py:1323} INFO - Marking task as SUCCESS. dag_id=fhv_taxi_data_dag_v1, task_id=upload_to_gcs, execution_date=20200501T000000, start_date=20230127T045820, end_date=20230127T045836
[2023-01-27T04:58:36.572+0000] {local_task_job.py:208} INFO - Task exited with return code 0
[2023-01-27T04:58:36.598+0000] {taskinstance.py:2578} INFO - 1 downstream tasks scheduled from follow-on schedule check
