[2023-01-27T04:57:11.748+0000] {taskinstance.py:1083} INFO - Dependencies all met for <TaskInstance: fhv_taxi_data_dag_v1.download_ytd_dataset_from_web scheduled__2019-11-01T00:00:00+00:00 [queued]>
[2023-01-27T04:57:11.765+0000] {taskinstance.py:1083} INFO - Dependencies all met for <TaskInstance: fhv_taxi_data_dag_v1.download_ytd_dataset_from_web scheduled__2019-11-01T00:00:00+00:00 [queued]>
[2023-01-27T04:57:11.765+0000] {taskinstance.py:1279} INFO - 
--------------------------------------------------------------------------------
[2023-01-27T04:57:11.765+0000] {taskinstance.py:1280} INFO - Starting attempt 1 of 1
[2023-01-27T04:57:11.765+0000] {taskinstance.py:1281} INFO - 
--------------------------------------------------------------------------------
[2023-01-27T04:57:11.780+0000] {taskinstance.py:1300} INFO - Executing <Task(BashOperator): download_ytd_dataset_from_web> on 2019-11-01 00:00:00+00:00
[2023-01-27T04:57:11.789+0000] {standard_task_runner.py:55} INFO - Started process 6589 to run task
[2023-01-27T04:57:11.794+0000] {standard_task_runner.py:82} INFO - Running: ['***', 'tasks', 'run', 'fhv_taxi_data_dag_v1', 'download_ytd_dataset_from_web', 'scheduled__2019-11-01T00:00:00+00:00', '--job-id', '5701', '--raw', '--subdir', 'DAGS_FOLDER/data_ingestion_gcs_dag_v1_fhv.py', '--cfg-path', '/tmp/tmppcufqf5k']
[2023-01-27T04:57:11.796+0000] {standard_task_runner.py:83} INFO - Job 5701: Subtask download_ytd_dataset_from_web
[2023-01-27T04:57:11.878+0000] {task_command.py:388} INFO - Running <TaskInstance: fhv_taxi_data_dag_v1.download_ytd_dataset_from_web scheduled__2019-11-01T00:00:00+00:00 [running]> on host 8bc22b99c76b
[2023-01-27T04:57:12.018+0000] {taskinstance.py:1509} INFO - Exporting the following env vars:
AIRFLOW_CTX_DAG_OWNER=***
AIRFLOW_CTX_DAG_ID=fhv_taxi_data_dag_v1
AIRFLOW_CTX_TASK_ID=download_ytd_dataset_from_web
AIRFLOW_CTX_EXECUTION_DATE=2019-11-01T00:00:00+00:00
AIRFLOW_CTX_TRY_NUMBER=1
AIRFLOW_CTX_DAG_RUN_ID=scheduled__2019-11-01T00:00:00+00:00
[2023-01-27T04:57:12.020+0000] {subprocess.py:63} INFO - Tmp dir root location: 
 /tmp
[2023-01-27T04:57:12.021+0000] {subprocess.py:75} INFO - Running command: ['/bin/bash', '-c', 'wget https://github.com/DataTalksClub/nyc-tlc-data/releases/download/fhv/fhv_tripdata_2019-11.csv.gz -O /opt/***/fhv_tripdata_2019-11.csv.gz']
[2023-01-27T04:57:12.041+0000] {subprocess.py:86} INFO - Output:
[2023-01-27T04:57:12.048+0000] {subprocess.py:93} INFO - --2023-01-27 04:57:12--  https://github.com/DataTalksClub/nyc-tlc-data/releases/download/fhv/fhv_tripdata_2019-11.csv.gz
[2023-01-27T04:57:12.063+0000] {subprocess.py:93} INFO - Resolving github.com (github.com)... 140.82.121.4
[2023-01-27T04:57:12.080+0000] {subprocess.py:93} INFO - Connecting to github.com (github.com)|140.82.121.4|:443... connected.
[2023-01-27T04:57:12.359+0000] {subprocess.py:93} INFO - HTTP request sent, awaiting response... 302 Found
[2023-01-27T04:57:12.359+0000] {subprocess.py:93} INFO - Location: https://objects.githubusercontent.com/github-production-release-asset-2e65be/513814948/41c8901d-4c57-4997-a6d6-e2eb73cb48a5?X-Amz-Algorithm=AWS4-HMAC-SHA256&X-Amz-Credential=AKIAIWNJYAX4CSVEH53A%2F20230127%2Fus-east-1%2Fs3%2Faws4_request&X-Amz-Date=20230127T045544Z&X-Amz-Expires=300&X-Amz-Signature=7cb4ad40323a0066f250b40a5c45ec189ee4d8df2243fbbfc7a64086931a74c6&X-Amz-SignedHeaders=host&actor_id=0&key_id=0&repo_id=513814948&response-content-disposition=attachment%3B%20filename%3Dfhv_tripdata_2019-11.csv.gz&response-content-type=application%2Foctet-stream [following]
[2023-01-27T04:57:12.359+0000] {subprocess.py:93} INFO - --2023-01-27 04:57:12--  https://objects.githubusercontent.com/github-production-release-asset-2e65be/513814948/41c8901d-4c57-4997-a6d6-e2eb73cb48a5?X-Amz-Algorithm=AWS4-HMAC-SHA256&X-Amz-Credential=AKIAIWNJYAX4CSVEH53A%2F20230127%2Fus-east-1%2Fs3%2Faws4_request&X-Amz-Date=20230127T045544Z&X-Amz-Expires=300&X-Amz-Signature=7cb4ad40323a0066f250b40a5c45ec189ee4d8df2243fbbfc7a64086931a74c6&X-Amz-SignedHeaders=host&actor_id=0&key_id=0&repo_id=513814948&response-content-disposition=attachment%3B%20filename%3Dfhv_tripdata_2019-11.csv.gz&response-content-type=application%2Foctet-stream
[2023-01-27T04:57:12.364+0000] {subprocess.py:93} INFO - Resolving objects.githubusercontent.com (objects.githubusercontent.com)... 185.199.110.133, 185.199.111.133, 185.199.109.133, ...
[2023-01-27T04:57:12.386+0000] {subprocess.py:93} INFO - Connecting to objects.githubusercontent.com (objects.githubusercontent.com)|185.199.110.133|:443... connected.
[2023-01-27T04:57:12.978+0000] {subprocess.py:93} INFO - HTTP request sent, awaiting response... 200 OK
[2023-01-27T04:57:12.978+0000] {subprocess.py:93} INFO - Length: 19217187 (18M) [application/octet-stream]
[2023-01-27T04:57:12.979+0000] {subprocess.py:93} INFO - Saving to: ‘/opt/***/fhv_tripdata_2019-11.csv.gz’
[2023-01-27T04:57:12.979+0000] {subprocess.py:93} INFO - 
[2023-01-27T04:57:12.995+0000] {subprocess.py:93} INFO -      0K .......... .......... .......... .......... ..........  0% 2.96M 6s
[2023-01-27T04:57:13.005+0000] {subprocess.py:93} INFO -     50K .......... .......... .......... .......... ..........  0% 4.77M 5s
[2023-01-27T04:57:13.101+0000] {subprocess.py:93} INFO -    100K .......... .......... .......... .......... ..........  0%  522K 15s
[2023-01-27T04:57:13.198+0000] {subprocess.py:93} INFO -    150K .......... .......... .......... .......... ..........  1%  515K 20s
[2023-01-27T04:57:13.284+0000] {subprocess.py:93} INFO -    200K .......... .......... .......... .......... ..........  1%  578K 23s
[2023-01-27T04:57:13.372+0000] {subprocess.py:93} INFO -    250K .......... .......... .......... .......... ..........  1%  570K 24s
[2023-01-27T04:57:13.474+0000] {subprocess.py:93} INFO -    300K .......... .......... .......... .......... ..........  1%  493K 26s
[2023-01-27T04:57:13.599+0000] {subprocess.py:93} INFO -    350K .......... .......... .......... .......... ..........  2%  400K 28s
[2023-01-27T04:57:13.692+0000] {subprocess.py:93} INFO -    400K .......... .......... .......... .......... ..........  2%  535K 29s
[2023-01-27T04:57:13.773+0000] {subprocess.py:93} INFO -    450K .......... .......... .......... .......... ..........  2%  618K 29s
[2023-01-27T04:57:13.795+0000] {subprocess.py:93} INFO -    500K .......... .......... .......... .......... ..........  2% 2.24M 27s
[2023-01-27T04:57:13.846+0000] {subprocess.py:93} INFO -    550K .......... .......... .......... .......... ..........  3%  972K 26s
[2023-01-27T04:57:13.868+0000] {subprocess.py:93} INFO -    600K .......... .......... .......... .......... ..........  3% 2.25M 25s
[2023-01-27T04:57:13.896+0000] {subprocess.py:93} INFO -    650K .......... .......... .......... .......... ..........  3% 1.73M 24s
[2023-01-27T04:57:13.928+0000] {subprocess.py:93} INFO -    700K .......... .......... .......... .......... ..........  3% 1.54M 23s
[2023-01-27T04:57:13.946+0000] {subprocess.py:93} INFO -    750K .......... .......... .......... .......... ..........  4% 2.77M 22s
[2023-01-27T04:57:13.962+0000] {subprocess.py:93} INFO -    800K .......... .......... .......... .......... ..........  4% 3.03M 21s
[2023-01-27T04:57:13.995+0000] {subprocess.py:93} INFO -    850K .......... .......... .......... .......... ..........  4% 1.46M 20s
[2023-01-27T04:57:14.012+0000] {subprocess.py:93} INFO -    900K .......... .......... .......... .......... ..........  5% 2.90M 19s
[2023-01-27T04:57:14.040+0000] {subprocess.py:93} INFO -    950K .......... .......... .......... .......... ..........  5% 1.77M 19s
[2023-01-27T04:57:14.057+0000] {subprocess.py:93} INFO -   1000K .......... .......... .......... .......... ..........  5% 2.77M 18s
[2023-01-27T04:57:14.076+0000] {subprocess.py:93} INFO -   1050K .......... .......... .......... .......... ..........  5% 2.59M 18s
[2023-01-27T04:57:14.094+0000] {subprocess.py:93} INFO -   1100K .......... .......... .......... .......... ..........  6% 2.77M 17s
[2023-01-27T04:57:14.142+0000] {subprocess.py:93} INFO -   1150K .......... .......... .......... .......... ..........  6% 1.01M 17s
[2023-01-27T04:57:14.160+0000] {subprocess.py:93} INFO -   1200K .......... .......... .......... .......... ..........  6% 2.63M 17s
[2023-01-27T04:57:14.179+0000] {subprocess.py:93} INFO -   1250K .......... .......... .......... .......... ..........  6% 2.65M 16s
[2023-01-27T04:57:14.205+0000] {subprocess.py:93} INFO -   1300K .......... .......... .......... .......... ..........  7% 1.85M 16s
[2023-01-27T04:57:14.218+0000] {subprocess.py:93} INFO -   1350K .......... .......... .......... .......... ..........  7% 3.67M 15s
[2023-01-27T04:57:14.260+0000] {subprocess.py:93} INFO -   1400K .......... .......... .......... .......... ..........  7% 1.17M 15s
[2023-01-27T04:57:14.276+0000] {subprocess.py:93} INFO -   1450K .......... .......... .......... .......... ..........  7% 3.14M 15s
[2023-01-27T04:57:14.314+0000] {subprocess.py:93} INFO -   1500K .......... .......... .......... .......... ..........  8% 1.28M 15s
[2023-01-27T04:57:14.353+0000] {subprocess.py:93} INFO -   1550K .......... .......... .......... .......... ..........  8% 1.26M 15s
[2023-01-27T04:57:14.378+0000] {subprocess.py:93} INFO -   1600K .......... .......... .......... .......... ..........  8% 1.95M 15s
[2023-01-27T04:57:14.391+0000] {subprocess.py:93} INFO -   1650K .......... .......... .......... .......... ..........  9% 3.61M 14s
[2023-01-27T04:57:14.400+0000] {subprocess.py:93} INFO -   1700K .......... .......... .......... .......... ..........  9% 5.52M 14s
[2023-01-27T04:57:14.535+0000] {subprocess.py:93} INFO -   1750K .......... .......... .......... .......... ..........  9%  371K 15s
[2023-01-27T04:57:14.551+0000] {subprocess.py:93} INFO -   1800K .......... .......... .......... .......... ..........  9% 3.02M 14s
[2023-01-27T04:57:14.976+0000] {subprocess.py:93} INFO -   1850K .......... .......... .......... .......... .......... 10%  118K 18s
[2023-01-27T04:57:15.023+0000] {subprocess.py:93} INFO -   1900K .......... .......... .......... .......... .......... 10% 1.04M 18s
[2023-01-27T04:57:15.084+0000] {subprocess.py:93} INFO -   1950K .......... .......... .......... .......... .......... 10%  817K 18s
[2023-01-27T04:57:15.101+0000] {subprocess.py:93} INFO -   2000K .......... .......... .......... .......... .......... 10% 2.81M 17s
[2023-01-27T04:57:15.103+0000] {subprocess.py:93} INFO -   2050K .......... .......... .......... .......... .......... 11% 21.8M 17s
[2023-01-27T04:57:15.124+0000] {subprocess.py:93} INFO -   2100K .......... .......... .......... .......... .......... 11% 2.44M 17s
[2023-01-27T04:57:15.189+0000] {subprocess.py:93} INFO -   2150K .......... .......... .......... .......... .......... 11%  764K 17s
[2023-01-27T04:57:15.222+0000] {subprocess.py:93} INFO -   2200K .......... .......... .......... .......... .......... 11% 1.49M 16s
[2023-01-27T04:57:15.245+0000] {subprocess.py:93} INFO -   2250K .......... .......... .......... .......... .......... 12% 2.08M 16s
[2023-01-27T04:57:15.271+0000] {subprocess.py:93} INFO -   2300K .......... .......... .......... .......... .......... 12% 1.93M 16s
[2023-01-27T04:57:15.301+0000] {subprocess.py:93} INFO -   2350K .......... .......... .......... .......... .......... 12% 1.61M 16s
[2023-01-27T04:57:15.315+0000] {subprocess.py:93} INFO -   2400K .......... .......... .......... .......... .......... 13% 3.45M 16s
[2023-01-27T04:57:15.324+0000] {subprocess.py:93} INFO -   2450K .......... .......... .......... .......... .......... 13% 5.52M 15s
[2023-01-27T04:57:15.344+0000] {subprocess.py:93} INFO -   2500K .......... .......... .......... .......... .......... 13% 2.44M 15s
[2023-01-27T04:57:15.367+0000] {subprocess.py:93} INFO -   2550K .......... .......... .......... .......... .......... 13% 2.12M 15s
[2023-01-27T04:57:15.405+0000] {subprocess.py:93} INFO -   2600K .......... .......... .......... .......... .......... 14% 1.30M 15s
[2023-01-27T04:57:15.424+0000] {subprocess.py:93} INFO -   2650K .......... .......... .......... .......... .......... 14% 2.50M 15s
[2023-01-27T04:57:15.446+0000] {subprocess.py:93} INFO -   2700K .......... .......... .......... .......... .......... 14% 2.21M 14s
[2023-01-27T04:57:15.468+0000] {subprocess.py:93} INFO -   2750K .......... .......... .......... .......... .......... 14% 2.22M 14s
[2023-01-27T04:57:15.492+0000] {subprocess.py:93} INFO -   2800K .......... .......... .......... .......... .......... 15% 2.06M 14s
[2023-01-27T04:57:15.509+0000] {subprocess.py:93} INFO -   2850K .......... .......... .......... .......... .......... 15% 2.77M 14s
[2023-01-27T04:57:15.532+0000] {subprocess.py:93} INFO -   2900K .......... .......... .......... .......... .......... 15% 2.20M 14s
[2023-01-27T04:57:15.545+0000] {subprocess.py:93} INFO -   2950K .......... .......... .......... .......... .......... 15% 3.68M 13s
[2023-01-27T04:57:15.567+0000] {subprocess.py:93} INFO -   3000K .......... .......... .......... .......... .......... 16% 2.25M 13s
[2023-01-27T04:57:15.584+0000] {subprocess.py:93} INFO -   3050K .......... .......... .......... .......... .......... 16% 2.78M 13s
[2023-01-27T04:57:15.607+0000] {subprocess.py:93} INFO -   3100K .......... .......... .......... .......... .......... 16% 2.18M 13s
[2023-01-27T04:57:15.745+0000] {subprocess.py:93} INFO -   3150K .......... .......... .......... .......... .......... 17%  363K 13s
[2023-01-27T04:57:15.770+0000] {subprocess.py:93} INFO -   3200K .......... .......... .......... .......... .......... 17% 1.94M 13s
[2023-01-27T04:57:15.803+0000] {subprocess.py:93} INFO -   3250K .......... .......... .......... .......... .......... 17% 1.46M 13s
[2023-01-27T04:57:15.803+0000] {subprocess.py:93} INFO -   3300K .......... .......... .......... .......... .......... 17%  307M 13s
[2023-01-27T04:57:15.811+0000] {subprocess.py:93} INFO -   3350K .......... .......... .......... .......... .......... 18% 6.41M 13s
[2023-01-27T04:57:15.879+0000] {subprocess.py:93} INFO -   3400K .......... .......... .......... .......... .......... 18%  736K 13s
[2023-01-27T04:57:15.893+0000] {subprocess.py:93} INFO -   3450K .......... .......... .......... .......... .......... 18% 3.44M 13s
[2023-01-27T04:57:15.897+0000] {subprocess.py:93} INFO -   3500K .......... .......... .......... .......... .......... 18% 11.0M 13s
[2023-01-27T04:57:15.898+0000] {subprocess.py:93} INFO -   3550K .......... .......... .......... .......... .......... 19%  260M 12s
[2023-01-27T04:57:15.906+0000] {subprocess.py:93} INFO -   3600K .......... .......... .......... .......... .......... 19% 5.68M 12s
[2023-01-27T04:57:16.029+0000] {subprocess.py:93} INFO -   3650K .......... .......... .......... .......... .......... 19%  407K 12s
[2023-01-27T04:57:16.048+0000] {subprocess.py:93} INFO -   3700K .......... .......... .......... .......... .......... 19% 2.52M 12s
[2023-01-27T04:57:16.071+0000] {subprocess.py:93} INFO -   3750K .......... .......... .......... .......... .......... 20% 2.13M 12s
[2023-01-27T04:57:16.089+0000] {subprocess.py:93} INFO -   3800K .......... .......... .......... .......... .......... 20% 2.75M 12s
[2023-01-27T04:57:16.112+0000] {subprocess.py:93} INFO -   3850K .......... .......... .......... .......... .......... 20% 2.15M 12s
[2023-01-27T04:57:16.116+0000] {subprocess.py:93} INFO -   3900K .......... .......... .......... .......... .......... 21% 10.8M 12s
[2023-01-27T04:57:16.144+0000] {subprocess.py:93} INFO -   3950K .......... .......... .......... .......... .......... 21% 1.74M 12s
[2023-01-27T04:57:16.158+0000] {subprocess.py:93} INFO -   4000K .......... .......... .......... .......... .......... 21% 3.57M 12s
[2023-01-27T04:57:16.171+0000] {subprocess.py:93} INFO -   4050K .......... .......... .......... .......... .......... 21% 3.68M 11s
[2023-01-27T04:57:16.198+0000] {subprocess.py:93} INFO -   4100K .......... .......... .......... .......... .......... 22% 1.86M 11s
[2023-01-27T04:57:16.223+0000] {subprocess.py:93} INFO -   4150K .......... .......... .......... .......... .......... 22% 1.89M 11s
[2023-01-27T04:57:16.237+0000] {subprocess.py:93} INFO -   4200K .......... .......... .......... .......... .......... 22% 3.56M 11s
[2023-01-27T04:57:16.255+0000] {subprocess.py:93} INFO -   4250K .......... .......... .......... .......... .......... 22% 2.74M 11s
[2023-01-27T04:57:16.272+0000] {subprocess.py:93} INFO -   4300K .......... .......... .......... .......... .......... 23% 2.81M 11s
[2023-01-27T04:57:16.295+0000] {subprocess.py:93} INFO -   4350K .......... .......... .......... .......... .......... 23% 2.74M 11s
[2023-01-27T04:57:16.321+0000] {subprocess.py:93} INFO -   4400K .......... .......... .......... .......... .......... 23% 1.61M 11s
[2023-01-27T04:57:16.334+0000] {subprocess.py:93} INFO -   4450K .......... .......... .......... .......... .......... 23% 3.71M 11s
[2023-01-27T04:57:16.367+0000] {subprocess.py:93} INFO -   4500K .......... .......... .......... .......... .......... 24% 1.46M 11s
[2023-01-27T04:57:16.381+0000] {subprocess.py:93} INFO -   4550K .......... .......... .......... .......... .......... 24% 3.65M 10s
[2023-01-27T04:57:16.401+0000] {subprocess.py:93} INFO -   4600K .......... .......... .......... .......... .......... 24% 2.36M 10s
[2023-01-27T04:57:16.415+0000] {subprocess.py:93} INFO -   4650K .......... .......... .......... .......... .......... 25% 3.65M 10s
[2023-01-27T04:57:16.454+0000] {subprocess.py:93} INFO -   4700K .......... .......... .......... .......... .......... 25% 1.25M 10s
[2023-01-27T04:57:16.478+0000] {subprocess.py:93} INFO -   4750K .......... .......... .......... .......... .......... 25% 2.42M 10s
[2023-01-27T04:57:16.492+0000] {subprocess.py:93} INFO -   4800K .......... .......... .......... .......... .......... 25% 2.76M 10s
[2023-01-27T04:57:16.514+0000] {subprocess.py:93} INFO -   4850K .......... .......... .......... .......... .......... 26% 2.21M 10s
[2023-01-27T04:57:16.523+0000] {subprocess.py:93} INFO -   4900K .......... .......... .......... .......... .......... 26% 5.46M 10s
[2023-01-27T04:57:16.539+0000] {subprocess.py:93} INFO -   4950K .......... .......... .......... .......... .......... 26% 3.01M 10s
[2023-01-27T04:57:16.587+0000] {subprocess.py:93} INFO -   5000K .......... .......... .......... .......... .......... 26% 1.02M 10s
[2023-01-27T04:57:16.600+0000] {subprocess.py:93} INFO -   5050K .......... .......... .......... .......... .......... 27% 3.64M 10s
[2023-01-27T04:57:16.623+0000] {subprocess.py:93} INFO -   5100K .......... .......... .......... .......... .......... 27% 2.12M 10s
[2023-01-27T04:57:16.655+0000] {subprocess.py:93} INFO -   5150K .......... .......... .......... .......... .......... 27% 2.09M 10s
[2023-01-27T04:57:16.673+0000] {subprocess.py:93} INFO -   5200K .......... .......... .......... .......... .......... 27% 1.86M 10s
[2023-01-27T04:57:16.689+0000] {subprocess.py:93} INFO -   5250K .......... .......... .......... .......... .......... 28% 3.01M 9s
[2023-01-27T04:57:16.723+0000] {subprocess.py:93} INFO -   5300K .......... .......... .......... .......... .......... 28% 1.44M 9s
[2023-01-27T04:57:16.746+0000] {subprocess.py:93} INFO -   5350K .......... .......... .......... .......... .......... 28% 2.10M 9s
[2023-01-27T04:57:16.780+0000] {subprocess.py:93} INFO -   5400K .......... .......... .......... .......... .......... 29% 1.47M 9s
[2023-01-27T04:57:16.804+0000] {subprocess.py:93} INFO -   5450K .......... .......... .......... .......... .......... 29% 2.02M 9s
[2023-01-27T04:57:16.821+0000] {subprocess.py:93} INFO -   5500K .......... .......... .......... .......... .......... 29% 2.76M 9s
[2023-01-27T04:57:16.841+0000] {subprocess.py:93} INFO -   5550K .......... .......... .......... .......... .......... 29% 2.52M 9s
[2023-01-27T04:57:16.846+0000] {subprocess.py:93} INFO -   5600K .......... .......... .......... .......... .......... 30% 10.1M 9s
[2023-01-27T04:57:16.858+0000] {subprocess.py:93} INFO -   5650K .......... .......... .......... .......... .......... 30% 3.90M 9s
[2023-01-27T04:57:16.891+0000] {subprocess.py:93} INFO -   5700K .......... .......... .......... .......... .......... 30% 1.49M 9s
[2023-01-27T04:57:16.921+0000] {subprocess.py:93} INFO -   5750K .......... .......... .......... .......... .......... 30% 1.61M 9s
[2023-01-27T04:57:16.934+0000] {subprocess.py:93} INFO -   5800K .......... .......... .......... .......... .......... 31% 3.90M 9s
[2023-01-27T04:57:16.956+0000] {subprocess.py:93} INFO -   5850K .......... .......... .......... .......... .......... 31% 2.22M 9s
[2023-01-27T04:57:16.969+0000] {subprocess.py:93} INFO -   5900K .......... .......... .......... .......... .......... 31% 3.69M 9s
[2023-01-27T04:57:16.988+0000] {subprocess.py:93} INFO -   5950K .......... .......... .......... .......... .......... 31% 3.24M 9s
[2023-01-27T04:57:17.006+0000] {subprocess.py:93} INFO -   6000K .......... .......... .......... .......... .......... 32% 2.21M 8s
[2023-01-27T04:57:17.038+0000] {subprocess.py:93} INFO -   6050K .......... .......... .......... .......... .......... 32% 1.53M 8s
[2023-01-27T04:57:17.069+0000] {subprocess.py:93} INFO -   6100K .......... .......... .......... .......... .......... 32% 1.57M 8s
[2023-01-27T04:57:17.086+0000] {subprocess.py:93} INFO -   6150K .......... .......... .......... .......... .......... 33% 2.84M 8s
[2023-01-27T04:57:17.104+0000] {subprocess.py:93} INFO -   6200K .......... .......... .......... .......... .......... 33% 2.74M 8s
[2023-01-27T04:57:17.134+0000] {subprocess.py:93} INFO -   6250K .......... .......... .......... .......... .......... 33% 1.64M 8s
[2023-01-27T04:57:17.155+0000] {subprocess.py:93} INFO -   6300K .......... .......... .......... .......... .......... 33% 2.35M 8s
[2023-01-27T04:57:17.177+0000] {subprocess.py:93} INFO -   6350K .......... .......... .......... .......... .......... 34% 2.68M 8s
[2023-01-27T04:57:17.186+0000] {subprocess.py:93} INFO -   6400K .......... .......... .......... .......... .......... 34% 3.72M 8s
[2023-01-27T04:57:17.216+0000] {subprocess.py:93} INFO -   6450K .......... .......... .......... .......... .......... 34% 1.63M 8s
[2023-01-27T04:57:17.239+0000] {subprocess.py:93} INFO -   6500K .......... .......... .......... .......... .......... 34% 2.08M 8s
[2023-01-27T04:57:17.257+0000] {subprocess.py:93} INFO -   6550K .......... .......... .......... .......... .......... 35% 2.76M 8s
[2023-01-27T04:57:17.275+0000] {subprocess.py:93} INFO -   6600K .......... .......... .......... .......... .......... 35% 2.76M 8s
[2023-01-27T04:57:17.297+0000] {subprocess.py:93} INFO -   6650K .......... .......... .......... .......... .......... 35% 2.21M 8s
[2023-01-27T04:57:17.317+0000] {subprocess.py:93} INFO -   6700K .......... .......... .......... .......... .......... 35% 2.43M 8s
[2023-01-27T04:57:17.335+0000] {subprocess.py:93} INFO -   6750K .......... .......... .......... .......... .......... 36% 3.73M 8s
[2023-01-27T04:57:17.363+0000] {subprocess.py:93} INFO -   6800K .......... .......... .......... .......... .......... 36% 1.46M 8s
[2023-01-27T04:57:17.380+0000] {subprocess.py:93} INFO -   6850K .......... .......... .......... .......... .......... 36% 2.87M 8s
[2023-01-27T04:57:17.403+0000] {subprocess.py:93} INFO -   6900K .......... .......... .......... .......... .......... 37% 2.19M 8s
[2023-01-27T04:57:17.420+0000] {subprocess.py:93} INFO -   6950K .......... .......... .......... .......... .......... 37% 2.86M 7s
[2023-01-27T04:57:17.445+0000] {subprocess.py:93} INFO -   7000K .......... .......... .......... .......... .......... 37% 1.95M 7s
[2023-01-27T04:57:17.458+0000] {subprocess.py:93} INFO -   7050K .......... .......... .......... .......... .......... 37% 3.72M 7s
[2023-01-27T04:57:17.479+0000] {subprocess.py:93} INFO -   7100K .......... .......... .......... .......... .......... 38% 2.30M 7s
[2023-01-27T04:57:17.511+0000] {subprocess.py:93} INFO -   7150K .......... .......... .......... .......... .......... 38% 2.11M 7s
[2023-01-27T04:57:17.558+0000] {subprocess.py:93} INFO -   7200K .......... .......... .......... .......... .......... 38%  893K 7s
[2023-01-27T04:57:17.582+0000] {subprocess.py:93} INFO -   7250K .......... .......... .......... .......... .......... 38% 2.03M 7s
[2023-01-27T04:57:17.623+0000] {subprocess.py:93} INFO -   7300K .......... .......... .......... .......... .......... 39% 1.19M 7s
[2023-01-27T04:57:17.646+0000] {subprocess.py:93} INFO -   7350K .......... .......... .......... .......... .......... 39% 2.17M 7s
[2023-01-27T04:57:17.659+0000] {subprocess.py:93} INFO -   7400K .......... .......... .......... .......... .......... 39% 3.72M 7s
[2023-01-27T04:57:17.668+0000] {subprocess.py:93} INFO -   7450K .......... .......... .......... .......... .......... 39% 5.54M 7s
[2023-01-27T04:57:17.674+0000] {subprocess.py:93} INFO -   7500K .......... .......... .......... .......... .......... 40% 7.99M 7s
[2023-01-27T04:57:17.703+0000] {subprocess.py:93} INFO -   7550K .......... .......... .......... .......... .......... 40% 1.93M 7s
[2023-01-27T04:57:17.755+0000] {subprocess.py:93} INFO -   7600K .......... .......... .......... .......... .......... 40%  904K 7s
[2023-01-27T04:57:17.772+0000] {subprocess.py:93} INFO -   7650K .......... .......... .......... .......... .......... 41% 2.79M 7s
[2023-01-27T04:57:17.803+0000] {subprocess.py:93} INFO -   7700K .......... .......... .......... .......... .......... 41% 1.58M 7s
[2023-01-27T04:57:17.835+0000] {subprocess.py:93} INFO -   7750K .......... .......... .......... .......... .......... 41% 1.55M 7s
[2023-01-27T04:57:17.848+0000] {subprocess.py:93} INFO -   7800K .......... .......... .......... .......... .......... 41% 3.77M 7s
[2023-01-27T04:57:17.877+0000] {subprocess.py:93} INFO -   7850K .......... .......... .......... .......... .......... 42% 1.68M 7s
[2023-01-27T04:57:17.890+0000] {subprocess.py:93} INFO -   7900K .......... .......... .......... .......... .......... 42% 3.69M 7s
[2023-01-27T04:57:17.899+0000] {subprocess.py:93} INFO -   7950K .......... .......... .......... .......... .......... 42% 5.58M 7s
[2023-01-27T04:57:17.934+0000] {subprocess.py:93} INFO -   8000K .......... .......... .......... .......... .......... 42% 1.37M 7s
[2023-01-27T04:57:17.954+0000] {subprocess.py:93} INFO -   8050K .......... .......... .......... .......... .......... 43% 2.50M 7s
[2023-01-27T04:57:17.971+0000] {subprocess.py:93} INFO -   8100K .......... .......... .......... .......... .......... 43% 2.76M 7s
[2023-01-27T04:57:18.000+0000] {subprocess.py:93} INFO -   8150K .......... .......... .......... .......... .......... 43% 1.74M 6s
[2023-01-27T04:57:18.013+0000] {subprocess.py:93} INFO -   8200K .......... .......... .......... .......... .......... 43% 3.67M 6s
[2023-01-27T04:57:18.029+0000] {subprocess.py:93} INFO -   8250K .......... .......... .......... .......... .......... 44% 3.09M 6s
[2023-01-27T04:57:18.043+0000] {subprocess.py:93} INFO -   8300K .......... .......... .......... .......... .......... 44% 3.30M 6s
[2023-01-27T04:57:18.086+0000] {subprocess.py:93} INFO -   8350K .......... .......... .......... .......... .......... 44% 1.77M 6s
[2023-01-27T04:57:18.118+0000] {subprocess.py:93} INFO -   8400K .......... .......... .......... .......... .......... 45% 1.05M 6s
[2023-01-27T04:57:18.153+0000] {subprocess.py:93} INFO -   8450K .......... .......... .......... .......... .......... 45% 1.37M 6s
[2023-01-27T04:57:18.173+0000] {subprocess.py:93} INFO -   8500K .......... .......... .......... .......... .......... 45% 2.42M 6s
[2023-01-27T04:57:18.193+0000] {subprocess.py:93} INFO -   8550K .......... .......... .......... .......... .......... 45% 2.50M 6s
[2023-01-27T04:57:18.208+0000] {subprocess.py:93} INFO -   8600K .......... .......... .......... .......... .......... 46% 3.19M 6s
[2023-01-27T04:57:18.217+0000] {subprocess.py:93} INFO -   8650K .......... .......... .......... .......... .......... 46% 5.50M 6s
[2023-01-27T04:57:18.226+0000] {subprocess.py:93} INFO -   8700K .......... .......... .......... .......... .......... 46% 5.58M 6s
[2023-01-27T04:57:18.265+0000] {subprocess.py:93} INFO -   8750K .......... .......... .......... .......... .......... 46% 1.39M 6s
[2023-01-27T04:57:18.292+0000] {subprocess.py:93} INFO -   8800K .......... .......... .......... .......... .......... 47% 1.57M 6s
[2023-01-27T04:57:18.305+0000] {subprocess.py:93} INFO -   8850K .......... .......... .......... .......... .......... 47% 3.70M 6s
[2023-01-27T04:57:18.319+0000] {subprocess.py:93} INFO -   8900K .......... .......... .......... .......... .......... 47% 3.65M 6s
[2023-01-27T04:57:18.338+0000] {subprocess.py:93} INFO -   8950K .......... .......... .......... .......... .......... 47% 2.55M 6s
[2023-01-27T04:57:18.353+0000] {subprocess.py:93} INFO -   9000K .......... .......... .......... .......... .......... 48% 3.15M 6s
[2023-01-27T04:57:18.371+0000] {subprocess.py:93} INFO -   9050K .......... .......... .......... .......... .......... 48% 2.74M 6s
[2023-01-27T04:57:18.391+0000] {subprocess.py:93} INFO -   9100K .......... .......... .......... .......... .......... 48% 2.47M 6s
[2023-01-27T04:57:18.415+0000] {subprocess.py:93} INFO -   9150K .......... .......... .......... .......... .......... 49% 2.19M 6s
[2023-01-27T04:57:18.439+0000] {subprocess.py:93} INFO -   9200K .......... .......... .......... .......... .......... 49% 1.89M 6s
[2023-01-27T04:57:18.452+0000] {subprocess.py:93} INFO -   9250K .......... .......... .......... .......... .......... 49% 3.68M 6s
[2023-01-27T04:57:18.468+0000] {subprocess.py:93} INFO -   9300K .......... .......... .......... .......... .......... 49% 3.03M 6s
[2023-01-27T04:57:18.482+0000] {subprocess.py:93} INFO -   9350K .......... .......... .......... .......... .......... 50% 3.66M 5s
[2023-01-27T04:57:18.511+0000] {subprocess.py:93} INFO -   9400K .......... .......... .......... .......... .......... 50% 1.69M 5s
[2023-01-27T04:57:18.526+0000] {subprocess.py:93} INFO -   9450K .......... .......... .......... .......... .......... 50% 3.16M 5s
[2023-01-27T04:57:18.551+0000] {subprocess.py:93} INFO -   9500K .......... .......... .......... .......... .......... 50% 2.00M 5s
[2023-01-27T04:57:18.564+0000] {subprocess.py:93} INFO -   9550K .......... .......... .......... .......... .......... 51% 3.72M 5s
[2023-01-27T04:57:18.600+0000] {subprocess.py:93} INFO -   9600K .......... .......... .......... .......... .......... 51% 1.36M 5s
[2023-01-27T04:57:18.617+0000] {subprocess.py:93} INFO -   9650K .......... .......... .......... .......... .......... 51% 2.89M 5s
[2023-01-27T04:57:18.635+0000] {subprocess.py:93} INFO -   9700K .......... .......... .......... .......... .......... 51% 2.61M 5s
[2023-01-27T04:57:18.653+0000] {subprocess.py:93} INFO -   9750K .......... .......... .......... .......... .......... 52% 2.82M 5s
[2023-01-27T04:57:18.666+0000] {subprocess.py:93} INFO -   9800K .......... .......... .......... .......... .......... 52% 3.70M 5s
[2023-01-27T04:57:18.692+0000] {subprocess.py:93} INFO -   9850K .......... .......... .......... .......... .......... 52% 1.88M 5s
[2023-01-27T04:57:18.705+0000] {subprocess.py:93} INFO -   9900K .......... .......... .......... .......... .......... 53% 3.66M 5s
[2023-01-27T04:57:18.728+0000] {subprocess.py:93} INFO -   9950K .......... .......... .......... .......... .......... 53% 2.46M 5s
[2023-01-27T04:57:18.762+0000] {subprocess.py:93} INFO -  10000K .......... .......... .......... .......... .......... 53% 1.31M 5s
[2023-01-27T04:57:18.776+0000] {subprocess.py:93} INFO -  10050K .......... .......... .......... .......... .......... 53% 3.46M 5s
[2023-01-27T04:57:18.791+0000] {subprocess.py:93} INFO -  10100K .......... .......... .......... .......... .......... 54% 3.80M 5s
[2023-01-27T04:57:18.826+0000] {subprocess.py:93} INFO -  10150K .......... .......... .......... .......... .......... 54% 1.33M 5s
[2023-01-27T04:57:18.848+0000] {subprocess.py:93} INFO -  10200K .......... .......... .......... .......... .......... 54% 2.22M 5s
[2023-01-27T04:57:18.872+0000] {subprocess.py:93} INFO -  10250K .......... .......... .......... .......... .......... 54% 2.05M 5s
[2023-01-27T04:57:18.887+0000] {subprocess.py:93} INFO -  10300K .......... .......... .......... .......... .......... 55% 3.22M 5s
[2023-01-27T04:57:18.903+0000] {subprocess.py:93} INFO -  10350K .......... .......... .......... .......... .......... 55% 2.95M 5s
[2023-01-27T04:57:18.912+0000] {subprocess.py:93} INFO -  10400K .......... .......... .......... .......... .......... 55% 5.44M 5s
[2023-01-27T04:57:18.917+0000] {subprocess.py:93} INFO -  10450K .......... .......... .......... .......... .......... 55% 10.7M 5s
[2023-01-27T04:57:18.953+0000] {subprocess.py:93} INFO -  10500K .......... .......... .......... .......... .......... 56% 1.37M 5s
[2023-01-27T04:57:18.984+0000] {subprocess.py:93} INFO -  10550K .......... .......... .......... .......... .......... 56% 1.54M 5s
[2023-01-27T04:57:18.998+0000] {subprocess.py:93} INFO -  10600K .......... .......... .......... .......... .......... 56% 3.69M 5s
[2023-01-27T04:57:19.015+0000] {subprocess.py:93} INFO -  10650K .......... .......... .......... .......... .......... 57% 2.72M 5s
[2023-01-27T04:57:19.033+0000] {subprocess.py:93} INFO -  10700K .......... .......... .......... .......... .......... 57% 2.78M 5s
[2023-01-27T04:57:19.047+0000] {subprocess.py:93} INFO -  10750K .......... .......... .......... .......... .......... 57% 3.43M 4s
[2023-01-27T04:57:19.066+0000] {subprocess.py:93} INFO -  10800K .......... .......... .......... .......... .......... 57% 2.59M 4s
[2023-01-27T04:57:19.075+0000] {subprocess.py:93} INFO -  10850K .......... .......... .......... .......... .......... 58% 5.55M 4s
[2023-01-27T04:57:19.113+0000] {subprocess.py:93} INFO -  10900K .......... .......... .......... .......... .......... 58% 1.43M 4s
[2023-01-27T04:57:19.127+0000] {subprocess.py:93} INFO -  10950K .......... .......... .......... .......... .......... 58% 2.72M 4s
[2023-01-27T04:57:19.143+0000] {subprocess.py:93} INFO -  11000K .......... .......... .......... .......... .......... 58% 3.10M 4s
[2023-01-27T04:57:19.155+0000] {subprocess.py:93} INFO -  11050K .......... .......... .......... .......... .......... 59% 3.94M 4s
[2023-01-27T04:57:19.162+0000] {subprocess.py:93} INFO -  11100K .......... .......... .......... .......... .......... 59% 7.36M 4s
[2023-01-27T04:57:19.178+0000] {subprocess.py:93} INFO -  11150K .......... .......... .......... .......... .......... 59% 2.95M 4s
[2023-01-27T04:57:19.191+0000] {subprocess.py:93} INFO -  11200K .......... .......... .......... .......... .......... 59% 3.72M 4s
[2023-01-27T04:57:19.203+0000] {subprocess.py:93} INFO -  11250K .......... .......... .......... .......... .......... 60% 4.13M 4s
[2023-01-27T04:57:19.212+0000] {subprocess.py:93} INFO -  11300K .......... .......... .......... .......... .......... 60% 5.65M 4s
[2023-01-27T04:57:19.231+0000] {subprocess.py:93} INFO -  11350K .......... .......... .......... .......... .......... 60% 2.60M 4s
[2023-01-27T04:57:19.239+0000] {subprocess.py:93} INFO -  11400K .......... .......... .......... .......... .......... 61% 6.05M 4s
[2023-01-27T04:57:19.253+0000] {subprocess.py:93} INFO -  11450K .......... .......... .......... .......... .......... 61% 3.40M 4s
[2023-01-27T04:57:19.281+0000] {subprocess.py:93} INFO -  11500K .......... .......... .......... .......... .......... 61% 1.74M 4s
[2023-01-27T04:57:19.300+0000] {subprocess.py:93} INFO -  11550K .......... .......... .......... .......... .......... 61% 2.56M 4s
[2023-01-27T04:57:19.319+0000] {subprocess.py:93} INFO -  11600K .......... .......... .......... .......... .......... 62% 2.63M 4s
[2023-01-27T04:57:19.331+0000] {subprocess.py:93} INFO -  11650K .......... .......... .......... .......... .......... 62% 4.07M 4s
[2023-01-27T04:57:19.362+0000] {subprocess.py:93} INFO -  11700K .......... .......... .......... .......... .......... 62% 1.57M 4s
[2023-01-27T04:57:19.380+0000] {subprocess.py:93} INFO -  11750K .......... .......... .......... .......... .......... 62% 2.67M 4s
[2023-01-27T04:57:19.478+0000] {subprocess.py:93} INFO -  11800K .......... .......... .......... .......... .......... 63%  513K 4s
[2023-01-27T04:57:19.478+0000] {subprocess.py:93} INFO -  11850K .......... .......... .......... .......... .......... 63% 75.9M 4s
[2023-01-27T04:57:19.509+0000] {subprocess.py:93} INFO -  11900K .......... .......... .......... .......... .......... 63% 1.58M 4s
[2023-01-27T04:57:19.552+0000] {subprocess.py:93} INFO -  11950K .......... .......... .......... .......... .......... 63% 1.14M 4s
[2023-01-27T04:57:19.626+0000] {subprocess.py:93} INFO -  12000K .......... .......... .......... .......... .......... 64%  674K 4s
[2023-01-27T04:57:19.687+0000] {subprocess.py:93} INFO -  12050K .......... .......... .......... .......... .......... 64%  821K 4s
[2023-01-27T04:57:19.747+0000] {subprocess.py:93} INFO -  12100K .......... .......... .......... .......... .......... 64%  841K 4s
[2023-01-27T04:57:19.804+0000] {subprocess.py:93} INFO -  12150K .......... .......... .......... .......... .......... 65%  863K 4s
[2023-01-27T04:57:19.848+0000] {subprocess.py:93} INFO -  12200K .......... .......... .......... .......... .......... 65% 1.13M 4s
[2023-01-27T04:57:19.903+0000] {subprocess.py:93} INFO -  12250K .......... .......... .......... .......... .......... 65%  908K 4s
[2023-01-27T04:57:19.955+0000] {subprocess.py:93} INFO -  12300K .......... .......... .......... .......... .......... 65%  949K 4s
[2023-01-27T04:57:19.984+0000] {subprocess.py:93} INFO -  12350K .......... .......... .......... .......... .......... 66% 1.72M 4s
[2023-01-27T04:57:20.034+0000] {subprocess.py:93} INFO -  12400K .......... .......... .......... .......... .......... 66%  986K 4s
[2023-01-27T04:57:20.065+0000] {subprocess.py:93} INFO -  12450K .......... .......... .......... .......... .......... 66% 1.61M 4s
[2023-01-27T04:57:20.099+0000] {subprocess.py:93} INFO -  12500K .......... .......... .......... .......... .......... 66% 1.44M 4s
[2023-01-27T04:57:20.126+0000] {subprocess.py:93} INFO -  12550K .......... .......... .......... .......... .......... 67% 1.79M 3s
[2023-01-27T04:57:20.155+0000] {subprocess.py:93} INFO -  12600K .......... .......... .......... .......... .......... 67% 2.00M 3s
[2023-01-27T04:57:20.195+0000] {subprocess.py:93} INFO -  12650K .......... .......... .......... .......... .......... 67% 1.09M 3s
[2023-01-27T04:57:20.226+0000] {subprocess.py:93} INFO -  12700K .......... .......... .......... .......... .......... 67% 1.60M 3s
[2023-01-27T04:57:20.255+0000] {subprocess.py:93} INFO -  12750K .......... .......... .......... .......... .......... 68% 1.69M 3s
[2023-01-27T04:57:20.272+0000] {subprocess.py:93} INFO -  12800K .......... .......... .......... .......... .......... 68% 2.76M 3s
[2023-01-27T04:57:20.302+0000] {subprocess.py:93} INFO -  12850K .......... .......... .......... .......... .......... 68% 1.67M 3s
[2023-01-27T04:57:20.321+0000] {subprocess.py:93} INFO -  12900K .......... .......... .......... .......... .......... 69% 2.50M 3s
[2023-01-27T04:57:20.358+0000] {subprocess.py:93} INFO -  12950K .......... .......... .......... .......... .......... 69% 1.33M 3s
[2023-01-27T04:57:20.377+0000] {subprocess.py:93} INFO -  13000K .......... .......... .......... .......... .......... 69% 2.60M 3s
[2023-01-27T04:57:20.399+0000] {subprocess.py:93} INFO -  13050K .......... .......... .......... .......... .......... 69% 2.20M 3s
[2023-01-27T04:57:20.442+0000] {subprocess.py:93} INFO -  13100K .......... .......... .......... .......... .......... 70% 1.41M 3s
[2023-01-27T04:57:20.464+0000] {subprocess.py:93} INFO -  13150K .......... .......... .......... .......... .......... 70% 1.61M 3s
[2023-01-27T04:57:20.480+0000] {subprocess.py:93} INFO -  13200K .......... .......... .......... .......... .......... 70% 3.05M 3s
[2023-01-27T04:57:20.517+0000] {subprocess.py:93} INFO -  13250K .......... .......... .......... .......... .......... 70% 1.33M 3s
[2023-01-27T04:57:20.539+0000] {subprocess.py:93} INFO -  13300K .......... .......... .......... .......... .......... 71% 2.21M 3s
[2023-01-27T04:57:20.576+0000] {subprocess.py:93} INFO -  13350K .......... .......... .......... .......... .......... 71% 2.75M 3s
[2023-01-27T04:57:20.598+0000] {subprocess.py:93} INFO -  13400K .......... .......... .......... .......... .......... 71% 1.18M 3s
[2023-01-27T04:57:20.626+0000] {subprocess.py:93} INFO -  13450K .......... .......... .......... .......... .......... 71% 1.72M 3s
[2023-01-27T04:57:20.657+0000] {subprocess.py:93} INFO -  13500K .......... .......... .......... .......... .......... 72% 1.58M 3s
[2023-01-27T04:57:20.675+0000] {subprocess.py:93} INFO -  13550K .......... .......... .......... .......... .......... 72% 2.76M 3s
[2023-01-27T04:57:20.709+0000] {subprocess.py:93} INFO -  13600K .......... .......... .......... .......... .......... 72% 2.48M 3s
[2023-01-27T04:57:20.733+0000] {subprocess.py:93} INFO -  13650K .......... .......... .......... .......... .......... 73% 1.26M 3s
[2023-01-27T04:57:20.753+0000] {subprocess.py:93} INFO -  13700K .......... .......... .......... .......... .......... 73% 2.41M 3s
[2023-01-27T04:57:20.773+0000] {subprocess.py:93} INFO -  13750K .......... .......... .......... .......... .......... 73% 2.55M 3s
[2023-01-27T04:57:20.792+0000] {subprocess.py:93} INFO -  13800K .......... .......... .......... .......... .......... 73% 2.49M 3s
[2023-01-27T04:57:20.815+0000] {subprocess.py:93} INFO -  13850K .......... .......... .......... .......... .......... 74% 2.15M 3s
[2023-01-27T04:57:20.836+0000] {subprocess.py:93} INFO -  13900K .......... .......... .......... .......... .......... 74% 2.28M 3s
[2023-01-27T04:57:20.858+0000] {subprocess.py:93} INFO -  13950K .......... .......... .......... .......... .......... 74% 2.22M 3s
[2023-01-27T04:57:20.880+0000] {subprocess.py:93} INFO -  14000K .......... .......... .......... .......... .......... 74% 2.25M 3s
[2023-01-27T04:57:20.910+0000] {subprocess.py:93} INFO -  14050K .......... .......... .......... .......... .......... 75% 1.62M 3s
[2023-01-27T04:57:20.930+0000] {subprocess.py:93} INFO -  14100K .......... .......... .......... .......... .......... 75% 2.40M 3s
[2023-01-27T04:57:20.956+0000] {subprocess.py:93} INFO -  14150K .......... .......... .......... .......... .......... 75% 1.92M 3s
[2023-01-27T04:57:20.974+0000] {subprocess.py:93} INFO -  14200K .......... .......... .......... .......... .......... 75% 2.78M 3s
[2023-01-27T04:57:20.984+0000] {subprocess.py:93} INFO -  14250K .......... .......... .......... .......... .......... 76% 4.60M 3s
[2023-01-27T04:57:21.030+0000] {subprocess.py:93} INFO -  14300K .......... .......... .......... .......... .......... 76% 1.07M 2s
[2023-01-27T04:57:21.046+0000] {subprocess.py:93} INFO -  14350K .......... .......... .......... .......... .......... 76% 2.95M 2s
[2023-01-27T04:57:21.070+0000] {subprocess.py:93} INFO -  14400K .......... .......... .......... .......... .......... 76% 2.03M 2s
[2023-01-27T04:57:21.088+0000] {subprocess.py:93} INFO -  14450K .......... .......... .......... .......... .......... 77% 2.73M 2s
[2023-01-27T04:57:21.106+0000] {subprocess.py:93} INFO -  14500K .......... .......... .......... .......... .......... 77% 2.69M 2s
[2023-01-27T04:57:21.131+0000] {subprocess.py:93} INFO -  14550K .......... .......... .......... .......... .......... 77% 2.02M 2s
[2023-01-27T04:57:21.144+0000] {subprocess.py:93} INFO -  14600K .......... .......... .......... .......... .......... 78% 3.68M 2s
[2023-01-27T04:57:21.162+0000] {subprocess.py:93} INFO -  14650K .......... .......... .......... .......... .......... 78% 2.76M 2s
[2023-01-27T04:57:21.194+0000] {subprocess.py:93} INFO -  14700K .......... .......... .......... .......... .......... 78% 1.50M 2s
[2023-01-27T04:57:21.222+0000] {subprocess.py:93} INFO -  14750K .......... .......... .......... .......... .......... 78% 1.77M 2s
[2023-01-27T04:57:21.245+0000] {subprocess.py:93} INFO -  14800K .......... .......... .......... .......... .......... 79% 2.10M 2s
[2023-01-27T04:57:21.270+0000] {subprocess.py:93} INFO -  14850K .......... .......... .......... .......... .......... 79% 1.96M 2s
[2023-01-27T04:57:21.288+0000] {subprocess.py:93} INFO -  14900K .......... .......... .......... .......... .......... 79% 2.76M 2s
[2023-01-27T04:57:21.315+0000] {subprocess.py:93} INFO -  14950K .......... .......... .......... .......... .......... 79% 1.79M 2s
[2023-01-27T04:57:21.328+0000] {subprocess.py:93} INFO -  15000K .......... .......... .......... .......... .......... 80% 3.66M 2s
[2023-01-27T04:57:21.353+0000] {subprocess.py:93} INFO -  15050K .......... .......... .......... .......... .......... 80% 1.99M 2s
[2023-01-27T04:57:21.386+0000] {subprocess.py:93} INFO -  15100K .......... .......... .......... .......... .......... 80% 1.50M 2s
[2023-01-27T04:57:21.400+0000] {subprocess.py:93} INFO -  15150K .......... .......... .......... .......... .......... 80% 3.32M 2s
[2023-01-27T04:57:21.413+0000] {subprocess.py:93} INFO -  15200K .......... .......... .......... .......... .......... 81% 3.86M 2s
[2023-01-27T04:57:21.434+0000] {subprocess.py:93} INFO -  15250K .......... .......... .......... .......... .......... 81% 2.27M 2s
[2023-01-27T04:57:21.451+0000] {subprocess.py:93} INFO -  15300K .......... .......... .......... .......... .......... 81% 2.96M 2s
[2023-01-27T04:57:21.476+0000] {subprocess.py:93} INFO -  15350K .......... .......... .......... .......... .......... 82% 1.90M 2s
[2023-01-27T04:57:21.506+0000] {subprocess.py:93} INFO -  15400K .......... .......... .......... .......... .......... 82% 1.66M 2s
[2023-01-27T04:57:21.519+0000] {subprocess.py:93} INFO -  15450K .......... .......... .......... .......... .......... 82% 3.57M 2s
[2023-01-27T04:57:21.533+0000] {subprocess.py:93} INFO -  15500K .......... .......... .......... .......... .......... 82% 3.66M 2s
[2023-01-27T04:57:21.555+0000] {subprocess.py:93} INFO -  15550K .......... .......... .......... .......... .......... 83% 2.20M 2s
[2023-01-27T04:57:21.573+0000] {subprocess.py:93} INFO -  15600K .......... .......... .......... .......... .......... 83% 2.70M 2s
[2023-01-27T04:57:21.594+0000] {subprocess.py:93} INFO -  15650K .......... .......... .......... .......... .......... 83% 2.97M 2s
[2023-01-27T04:57:21.612+0000] {subprocess.py:93} INFO -  15700K .......... .......... .......... .......... .......... 83% 2.21M 2s
[2023-01-27T04:57:21.629+0000] {subprocess.py:93} INFO -  15750K .......... .......... .......... .......... .......... 84% 2.98M 2s
[2023-01-27T04:57:21.647+0000] {subprocess.py:93} INFO -  15800K .......... .......... .......... .......... .......... 84% 2.50M 2s
[2023-01-27T04:57:21.669+0000] {subprocess.py:93} INFO -  15850K .......... .......... .......... .......... .......... 84% 2.25M 2s
[2023-01-27T04:57:21.679+0000] {subprocess.py:93} INFO -  15900K .......... .......... .......... .......... .......... 84% 4.94M 2s
[2023-01-27T04:57:21.691+0000] {subprocess.py:93} INFO -  15950K .......... .......... .......... .......... .......... 85% 4.05M 2s
[2023-01-27T04:57:21.701+0000] {subprocess.py:93} INFO -  16000K .......... .......... .......... .......... .......... 85% 5.01M 1s
[2023-01-27T04:57:21.723+0000] {subprocess.py:93} INFO -  16050K .......... .......... .......... .......... .......... 85% 2.21M 1s
[2023-01-27T04:57:21.748+0000] {subprocess.py:93} INFO -  16100K .......... .......... .......... .......... .......... 86% 1.97M 1s
[2023-01-27T04:57:21.759+0000] {subprocess.py:93} INFO -  16150K .......... .......... .......... .......... .......... 86% 4.54M 1s
[2023-01-27T04:57:21.770+0000] {subprocess.py:93} INFO -  16200K .......... .......... .......... .......... .......... 86% 4.16M 1s
[2023-01-27T04:57:21.784+0000] {subprocess.py:93} INFO -  16250K .......... .......... .......... .......... .......... 86% 3.57M 1s
[2023-01-27T04:57:21.797+0000] {subprocess.py:93} INFO -  16300K .......... .......... .......... .......... .......... 87% 3.85M 1s
[2023-01-27T04:57:21.814+0000] {subprocess.py:93} INFO -  16350K .......... .......... .......... .......... .......... 87% 2.83M 1s
[2023-01-27T04:57:21.827+0000] {subprocess.py:93} INFO -  16400K .......... .......... .......... .......... .......... 87% 3.63M 1s
[2023-01-27T04:57:21.840+0000] {subprocess.py:93} INFO -  16450K .......... .......... .......... .......... .......... 87% 5.65M 1s
[2023-01-27T04:57:21.849+0000] {subprocess.py:93} INFO -  16500K .......... .......... .......... .......... .......... 88% 3.71M 1s
[2023-01-27T04:57:21.860+0000] {subprocess.py:93} INFO -  16550K .......... .......... .......... .......... .......... 88% 4.39M 1s
[2023-01-27T04:57:21.878+0000] {subprocess.py:93} INFO -  16600K .......... .......... .......... .......... .......... 88% 2.78M 1s
[2023-01-27T04:57:21.896+0000] {subprocess.py:93} INFO -  16650K .......... .......... .......... .......... .......... 88% 2.68M 1s
[2023-01-27T04:57:21.912+0000] {subprocess.py:93} INFO -  16700K .......... .......... .......... .......... .......... 89% 2.97M 1s
[2023-01-27T04:57:22.002+0000] {subprocess.py:93} INFO -  16750K .......... .......... .......... .......... .......... 89%  556K 1s
[2023-01-27T04:57:22.025+0000] {subprocess.py:93} INFO -  16800K .......... .......... .......... .......... .......... 89% 2.18M 1s
[2023-01-27T04:57:22.025+0000] {subprocess.py:93} INFO -  16850K .......... .......... .......... .......... .......... 90%  242M 1s
[2023-01-27T04:57:22.025+0000] {subprocess.py:93} INFO -  16900K .......... .......... .......... .......... .......... 90%  350M 1s
[2023-01-27T04:57:22.025+0000] {subprocess.py:93} INFO -  16950K .......... .......... .......... .......... .......... 90%  415M 1s
[2023-01-27T04:57:22.031+0000] {subprocess.py:93} INFO -  17000K .......... .......... .......... .......... .......... 90% 9.07M 1s
[2023-01-27T04:57:22.040+0000] {subprocess.py:93} INFO -  17050K .......... .......... .......... .......... .......... 91% 5.44M 1s
[2023-01-27T04:57:22.057+0000] {subprocess.py:93} INFO -  17100K .......... .......... .......... .......... .......... 91% 2.79M 1s
[2023-01-27T04:57:22.066+0000] {subprocess.py:93} INFO -  17150K .......... .......... .......... .......... .......... 91% 5.43M 1s
[2023-01-27T04:57:22.100+0000] {subprocess.py:93} INFO -  17200K .......... .......... .......... .......... .......... 91% 1.44M 1s
[2023-01-27T04:57:22.112+0000] {subprocess.py:93} INFO -  17250K .......... .......... .......... .......... .......... 92% 4.10M 1s
[2023-01-27T04:57:22.124+0000] {subprocess.py:93} INFO -  17300K .......... .......... .......... .......... .......... 92% 4.07M 1s
[2023-01-27T04:57:22.133+0000] {subprocess.py:93} INFO -  17350K .......... .......... .......... .......... .......... 92% 5.43M 1s
[2023-01-27T04:57:22.155+0000] {subprocess.py:93} INFO -  17400K .......... .......... .......... .......... .......... 92% 2.20M 1s
[2023-01-27T04:57:22.164+0000] {subprocess.py:93} INFO -  17450K .......... .......... .......... .......... .......... 93% 5.42M 1s
[2023-01-27T04:57:22.173+0000] {subprocess.py:93} INFO -  17500K .......... .......... .......... .......... .......... 93% 5.40M 1s
[2023-01-27T04:57:22.204+0000] {subprocess.py:93} INFO -  17550K .......... .......... .......... .......... .......... 93% 1.57M 1s
[2023-01-27T04:57:22.216+0000] {subprocess.py:93} INFO -  17600K .......... .......... .......... .......... .......... 94% 4.03M 1s
[2023-01-27T04:57:22.225+0000] {subprocess.py:93} INFO -  17650K .......... .......... .......... .......... .......... 94% 5.43M 1s
[2023-01-27T04:57:22.248+0000] {subprocess.py:93} INFO -  17700K .......... .......... .......... .......... .......... 94% 2.42M 1s
[2023-01-27T04:57:22.257+0000] {subprocess.py:93} INFO -  17750K .......... .......... .......... .......... .......... 94% 4.15M 1s
[2023-01-27T04:57:22.273+0000] {subprocess.py:93} INFO -  17800K .......... .......... .......... .......... .......... 95% 3.04M 0s
[2023-01-27T04:57:22.290+0000] {subprocess.py:93} INFO -  17850K .......... .......... .......... .......... .......... 95% 2.89M 0s
[2023-01-27T04:57:22.301+0000] {subprocess.py:93} INFO -  17900K .......... .......... .......... .......... .......... 95% 4.45M 0s
[2023-01-27T04:57:22.310+0000] {subprocess.py:93} INFO -  17950K .......... .......... .......... .......... .......... 95% 5.51M 0s
[2023-01-27T04:57:22.322+0000] {subprocess.py:93} INFO -  18000K .......... .......... .......... .......... .......... 96% 4.27M 0s
[2023-01-27T04:57:22.339+0000] {subprocess.py:93} INFO -  18050K .......... .......... .......... .......... .......... 96% 2.76M 0s
[2023-01-27T04:57:22.349+0000] {subprocess.py:93} INFO -  18100K .......... .......... .......... .......... .......... 96% 5.28M 0s
[2023-01-27T04:57:22.356+0000] {subprocess.py:93} INFO -  18150K .......... .......... .......... .......... .......... 96% 6.88M 0s
[2023-01-27T04:57:22.362+0000] {subprocess.py:93} INFO -  18200K .......... .......... .......... .......... .......... 97% 7.87M 0s
[2023-01-27T04:57:22.382+0000] {subprocess.py:93} INFO -  18250K .......... .......... .......... .......... .......... 97% 2.45M 0s
[2023-01-27T04:57:22.391+0000] {subprocess.py:93} INFO -  18300K .......... .......... .......... .......... .......... 97% 5.51M 0s
[2023-01-27T04:57:22.396+0000] {subprocess.py:93} INFO -  18350K .......... .......... .......... .......... .......... 98% 8.59M 0s
[2023-01-27T04:57:22.419+0000] {subprocess.py:93} INFO -  18400K .......... .......... .......... .......... .......... 98% 2.19M 0s
[2023-01-27T04:57:22.430+0000] {subprocess.py:93} INFO -  18450K .......... .......... .......... .......... .......... 98% 4.38M 0s
[2023-01-27T04:57:22.434+0000] {subprocess.py:93} INFO -  18500K .......... .......... .......... .......... .......... 98% 10.5M 0s
[2023-01-27T04:57:22.439+0000] {subprocess.py:93} INFO -  18550K .......... .......... .......... .......... .......... 99% 11.2M 0s
[2023-01-27T04:57:22.456+0000] {subprocess.py:93} INFO -  18600K .......... .......... .......... .......... .......... 99% 2.79M 0s
[2023-01-27T04:57:22.466+0000] {subprocess.py:93} INFO -  18650K .......... .......... .......... .......... .......... 99% 5.04M 0s
[2023-01-27T04:57:22.470+0000] {subprocess.py:93} INFO -  18700K .......... .......... .......... .......... .......... 99% 11.6M 0s
[2023-01-27T04:57:22.470+0000] {subprocess.py:93} INFO -  18750K .......... ......                                     100%  279M=9.5s
[2023-01-27T04:57:22.471+0000] {subprocess.py:93} INFO - 
[2023-01-27T04:57:22.471+0000] {subprocess.py:93} INFO - 2023-01-27 04:57:22 (1.93 MB/s) - ‘/opt/***/fhv_tripdata_2019-11.csv.gz’ saved [19217187/19217187]
[2023-01-27T04:57:22.471+0000] {subprocess.py:93} INFO - 
[2023-01-27T04:57:22.471+0000] {subprocess.py:97} INFO - Command exited with return code 0
[2023-01-27T04:57:22.497+0000] {taskinstance.py:1323} INFO - Marking task as SUCCESS. dag_id=fhv_taxi_data_dag_v1, task_id=download_ytd_dataset_from_web, execution_date=20191101T000000, start_date=20230127T045711, end_date=20230127T045722
[2023-01-27T04:57:22.531+0000] {local_task_job.py:208} INFO - Task exited with return code 0
[2023-01-27T04:57:22.562+0000] {taskinstance.py:2578} INFO - 1 downstream tasks scheduled from follow-on schedule check
