[2023-01-27T04:58:34.349+0000] {taskinstance.py:1083} INFO - Dependencies all met for <TaskInstance: fhv_taxi_data_dag_v1.cgs_to_biquery scheduled__2020-03-01T00:00:00+00:00 [queued]>
[2023-01-27T04:58:34.362+0000] {taskinstance.py:1083} INFO - Dependencies all met for <TaskInstance: fhv_taxi_data_dag_v1.cgs_to_biquery scheduled__2020-03-01T00:00:00+00:00 [queued]>
[2023-01-27T04:58:34.363+0000] {taskinstance.py:1279} INFO - 
--------------------------------------------------------------------------------
[2023-01-27T04:58:34.363+0000] {taskinstance.py:1280} INFO - Starting attempt 1 of 1
[2023-01-27T04:58:34.363+0000] {taskinstance.py:1281} INFO - 
--------------------------------------------------------------------------------
[2023-01-27T04:58:34.380+0000] {taskinstance.py:1300} INFO - Executing <Task(_PythonDecoratedOperator): cgs_to_biquery> on 2020-03-01 00:00:00+00:00
[2023-01-27T04:58:34.388+0000] {standard_task_runner.py:55} INFO - Started process 7354 to run task
[2023-01-27T04:58:34.391+0000] {standard_task_runner.py:82} INFO - Running: ['***', 'tasks', 'run', 'fhv_taxi_data_dag_v1', 'cgs_to_biquery', 'scheduled__2020-03-01T00:00:00+00:00', '--job-id', '5758', '--raw', '--subdir', 'DAGS_FOLDER/data_ingestion_gcs_dag_v1_fhv.py', '--cfg-path', '/tmp/tmph843tp3k']
[2023-01-27T04:58:34.393+0000] {standard_task_runner.py:83} INFO - Job 5758: Subtask cgs_to_biquery
[2023-01-27T04:58:34.453+0000] {task_command.py:388} INFO - Running <TaskInstance: fhv_taxi_data_dag_v1.cgs_to_biquery scheduled__2020-03-01T00:00:00+00:00 [running]> on host 8bc22b99c76b
[2023-01-27T04:58:34.533+0000] {taskinstance.py:1509} INFO - Exporting the following env vars:
AIRFLOW_CTX_DAG_OWNER=***
AIRFLOW_CTX_DAG_ID=fhv_taxi_data_dag_v1
AIRFLOW_CTX_TASK_ID=cgs_to_biquery
AIRFLOW_CTX_EXECUTION_DATE=2020-03-01T00:00:00+00:00
AIRFLOW_CTX_TRY_NUMBER=1
AIRFLOW_CTX_DAG_RUN_ID=scheduled__2020-03-01T00:00:00+00:00
[2023-01-27T04:58:34.535+0000] {python.py:177} INFO - Done. Returned value was: None
[2023-01-27T04:58:34.546+0000] {taskinstance.py:1323} INFO - Marking task as SUCCESS. dag_id=fhv_taxi_data_dag_v1, task_id=cgs_to_biquery, execution_date=20200301T000000, start_date=20230127T045834, end_date=20230127T045834
[2023-01-27T04:58:34.602+0000] {local_task_job.py:208} INFO - Task exited with return code 0
[2023-01-27T04:58:34.635+0000] {taskinstance.py:2578} INFO - 0 downstream tasks scheduled from follow-on schedule check
