[2023-01-27T04:57:09.261+0000] {taskinstance.py:1083} INFO - Dependencies all met for <TaskInstance: fhv_taxi_data_dag_v1.download_ytd_dataset_from_web scheduled__2019-06-01T00:00:00+00:00 [queued]>
[2023-01-27T04:57:09.279+0000] {taskinstance.py:1083} INFO - Dependencies all met for <TaskInstance: fhv_taxi_data_dag_v1.download_ytd_dataset_from_web scheduled__2019-06-01T00:00:00+00:00 [queued]>
[2023-01-27T04:57:09.280+0000] {taskinstance.py:1279} INFO - 
--------------------------------------------------------------------------------
[2023-01-27T04:57:09.280+0000] {taskinstance.py:1280} INFO - Starting attempt 1 of 1
[2023-01-27T04:57:09.280+0000] {taskinstance.py:1281} INFO - 
--------------------------------------------------------------------------------
[2023-01-27T04:57:09.302+0000] {taskinstance.py:1300} INFO - Executing <Task(BashOperator): download_ytd_dataset_from_web> on 2019-06-01 00:00:00+00:00
[2023-01-27T04:57:09.311+0000] {standard_task_runner.py:55} INFO - Started process 6524 to run task
[2023-01-27T04:57:09.314+0000] {standard_task_runner.py:82} INFO - Running: ['***', 'tasks', 'run', 'fhv_taxi_data_dag_v1', 'download_ytd_dataset_from_web', 'scheduled__2019-06-01T00:00:00+00:00', '--job-id', '5694', '--raw', '--subdir', 'DAGS_FOLDER/data_ingestion_gcs_dag_v1_fhv.py', '--cfg-path', '/tmp/tmpjyxf88_d']
[2023-01-27T04:57:09.316+0000] {standard_task_runner.py:83} INFO - Job 5694: Subtask download_ytd_dataset_from_web
[2023-01-27T04:57:09.400+0000] {task_command.py:388} INFO - Running <TaskInstance: fhv_taxi_data_dag_v1.download_ytd_dataset_from_web scheduled__2019-06-01T00:00:00+00:00 [running]> on host 8bc22b99c76b
[2023-01-27T04:57:09.551+0000] {taskinstance.py:1509} INFO - Exporting the following env vars:
AIRFLOW_CTX_DAG_OWNER=***
AIRFLOW_CTX_DAG_ID=fhv_taxi_data_dag_v1
AIRFLOW_CTX_TASK_ID=download_ytd_dataset_from_web
AIRFLOW_CTX_EXECUTION_DATE=2019-06-01T00:00:00+00:00
AIRFLOW_CTX_TRY_NUMBER=1
AIRFLOW_CTX_DAG_RUN_ID=scheduled__2019-06-01T00:00:00+00:00
[2023-01-27T04:57:09.554+0000] {subprocess.py:63} INFO - Tmp dir root location: 
 /tmp
[2023-01-27T04:57:09.555+0000] {subprocess.py:75} INFO - Running command: ['/bin/bash', '-c', 'wget https://github.com/DataTalksClub/nyc-tlc-data/releases/download/fhv/fhv_tripdata_2019-06.csv.gz -O /opt/***/fhv_tripdata_2019-06.csv.gz']
[2023-01-27T04:57:09.578+0000] {subprocess.py:86} INFO - Output:
[2023-01-27T04:57:09.585+0000] {subprocess.py:93} INFO - --2023-01-27 04:57:09--  https://github.com/DataTalksClub/nyc-tlc-data/releases/download/fhv/fhv_tripdata_2019-06.csv.gz
[2023-01-27T04:57:09.606+0000] {subprocess.py:93} INFO - Resolving github.com (github.com)... 140.82.121.4
[2023-01-27T04:57:09.622+0000] {subprocess.py:93} INFO - Connecting to github.com (github.com)|140.82.121.4|:443... connected.
[2023-01-27T04:57:09.894+0000] {subprocess.py:93} INFO - HTTP request sent, awaiting response... 302 Found
[2023-01-27T04:57:09.895+0000] {subprocess.py:93} INFO - Location: https://objects.githubusercontent.com/github-production-release-asset-2e65be/513814948/ba21993c-2a6d-4c55-8f5c-9a325cc73e88?X-Amz-Algorithm=AWS4-HMAC-SHA256&X-Amz-Credential=AKIAIWNJYAX4CSVEH53A%2F20230127%2Fus-east-1%2Fs3%2Faws4_request&X-Amz-Date=20230127T045542Z&X-Amz-Expires=300&X-Amz-Signature=aeb7a03bc2fff07a790042050f7a9dc60010712ff2ed75c5d5960750c967c3ed&X-Amz-SignedHeaders=host&actor_id=0&key_id=0&repo_id=513814948&response-content-disposition=attachment%3B%20filename%3Dfhv_tripdata_2019-06.csv.gz&response-content-type=application%2Foctet-stream [following]
[2023-01-27T04:57:09.895+0000] {subprocess.py:93} INFO - --2023-01-27 04:57:09--  https://objects.githubusercontent.com/github-production-release-asset-2e65be/513814948/ba21993c-2a6d-4c55-8f5c-9a325cc73e88?X-Amz-Algorithm=AWS4-HMAC-SHA256&X-Amz-Credential=AKIAIWNJYAX4CSVEH53A%2F20230127%2Fus-east-1%2Fs3%2Faws4_request&X-Amz-Date=20230127T045542Z&X-Amz-Expires=300&X-Amz-Signature=aeb7a03bc2fff07a790042050f7a9dc60010712ff2ed75c5d5960750c967c3ed&X-Amz-SignedHeaders=host&actor_id=0&key_id=0&repo_id=513814948&response-content-disposition=attachment%3B%20filename%3Dfhv_tripdata_2019-06.csv.gz&response-content-type=application%2Foctet-stream
[2023-01-27T04:57:09.900+0000] {subprocess.py:93} INFO - Resolving objects.githubusercontent.com (objects.githubusercontent.com)... 185.199.110.133, 185.199.111.133, 185.199.109.133, ...
[2023-01-27T04:57:09.911+0000] {subprocess.py:93} INFO - Connecting to objects.githubusercontent.com (objects.githubusercontent.com)|185.199.110.133|:443... connected.
[2023-01-27T04:57:10.185+0000] {subprocess.py:93} INFO - HTTP request sent, awaiting response... 200 OK
[2023-01-27T04:57:10.185+0000] {subprocess.py:93} INFO - Length: 18019362 (17M) [application/octet-stream]
[2023-01-27T04:57:10.185+0000] {subprocess.py:93} INFO - Saving to: ‘/opt/***/fhv_tripdata_2019-06.csv.gz’
[2023-01-27T04:57:10.185+0000] {subprocess.py:93} INFO - 
[2023-01-27T04:57:10.202+0000] {subprocess.py:93} INFO -      0K .......... .......... .......... .......... ..........  0% 2.83M 6s
[2023-01-27T04:57:10.228+0000] {subprocess.py:93} INFO -     50K .......... .......... .......... .......... ..........  0% 1.90M 8s
[2023-01-27T04:57:10.323+0000] {subprocess.py:93} INFO -    100K .......... .......... .......... .......... ..........  0%  529K 16s
[2023-01-27T04:57:10.408+0000] {subprocess.py:93} INFO -    150K .......... .......... .......... .......... ..........  1%  585K 19s
[2023-01-27T04:57:10.502+0000] {subprocess.py:93} INFO -    200K .......... .......... .......... .......... ..........  1%  530K 22s
[2023-01-27T04:57:10.553+0000] {subprocess.py:93} INFO -    250K .......... .......... .......... .......... ..........  1%  994K 21s
[2023-01-27T04:57:10.589+0000] {subprocess.py:93} INFO -    300K .......... .......... .......... .......... ..........  1% 1.36M 20s
[2023-01-27T04:57:10.741+0000] {subprocess.py:93} INFO -    350K .......... .......... .......... .......... ..........  2%  327K 24s
[2023-01-27T04:57:10.746+0000] {subprocess.py:93} INFO -    400K .......... .......... .......... .......... ..........  2% 11.2M 21s
[2023-01-27T04:57:10.759+0000] {subprocess.py:93} INFO -    450K .......... .......... .......... .......... ..........  2% 3.63M 20s
[2023-01-27T04:57:10.778+0000] {subprocess.py:93} INFO -    500K .......... .......... .......... .......... ..........  3% 2.65M 18s
[2023-01-27T04:57:10.778+0000] {subprocess.py:93} INFO -    550K .......... .......... .......... .......... ..........  3%  273M 17s
[2023-01-27T04:57:10.778+0000] {subprocess.py:93} INFO -    600K .......... .......... .......... .......... ..........  3%  333M 15s
[2023-01-27T04:57:10.802+0000] {subprocess.py:93} INFO -    650K .......... .......... .......... .......... ..........  3% 2.04M 15s
[2023-01-27T04:57:10.828+0000] {subprocess.py:93} INFO -    700K .......... .......... .......... .......... ..........  4% 1.85M 14s
[2023-01-27T04:57:10.852+0000] {subprocess.py:93} INFO -    750K .......... .......... .......... .......... ..........  4% 2.06M 14s
[2023-01-27T04:57:10.881+0000] {subprocess.py:93} INFO -    800K .......... .......... .......... .......... ..........  4% 1.71M 14s
[2023-01-27T04:57:10.903+0000] {subprocess.py:93} INFO -    850K .......... .......... .......... .......... ..........  5% 2.24M 13s
[2023-01-27T04:57:10.915+0000] {subprocess.py:93} INFO -    900K .......... .......... .......... .......... ..........  5% 4.01M 13s
[2023-01-27T04:57:10.936+0000] {subprocess.py:93} INFO -    950K .......... .......... .......... .......... ..........  5% 2.32M 12s
[2023-01-27T04:57:10.956+0000] {subprocess.py:93} INFO -   1000K .......... .......... .......... .......... ..........  5% 2.37M 12s
[2023-01-27T04:57:10.970+0000] {subprocess.py:93} INFO -   1050K .......... .......... .......... .......... ..........  6% 3.62M 12s
[2023-01-27T04:57:11.012+0000] {subprocess.py:93} INFO -   1100K .......... .......... .......... .......... ..........  6% 1.16M 12s
[2023-01-27T04:57:11.036+0000] {subprocess.py:93} INFO -   1150K .......... .......... .......... .......... ..........  6% 2.01M 12s
[2023-01-27T04:57:11.061+0000] {subprocess.py:93} INFO -   1200K .......... .......... .......... .......... ..........  7% 2.02M 11s
[2023-01-27T04:57:11.070+0000] {subprocess.py:93} INFO -   1250K .......... .......... .......... .......... ..........  7% 5.53M 11s
[2023-01-27T04:57:11.104+0000] {subprocess.py:93} INFO -   1300K .......... .......... .......... .......... ..........  7% 1.40M 11s
[2023-01-27T04:57:11.122+0000] {subprocess.py:93} INFO -   1350K .......... .......... .......... .......... ..........  7% 2.76M 11s
[2023-01-27T04:57:11.138+0000] {subprocess.py:93} INFO -   1400K .......... .......... .......... .......... ..........  8% 3.10M 11s
[2023-01-27T04:57:11.165+0000] {subprocess.py:93} INFO -   1450K .......... .......... .......... .......... ..........  8% 1.84M 11s
[2023-01-27T04:57:11.186+0000] {subprocess.py:93} INFO -   1500K .......... .......... .......... .......... ..........  8% 2.26M 10s
[2023-01-27T04:57:11.221+0000] {subprocess.py:93} INFO -   1550K .......... .......... .......... .......... ..........  9% 1.39M 10s
[2023-01-27T04:57:11.243+0000] {subprocess.py:93} INFO -   1600K .......... .......... .......... .......... ..........  9% 2.23M 10s
[2023-01-27T04:57:11.272+0000] {subprocess.py:93} INFO -   1650K .......... .......... .......... .......... ..........  9% 1.73M 10s
[2023-01-27T04:57:11.289+0000] {subprocess.py:93} INFO -   1700K .......... .......... .......... .......... ..........  9% 2.71M 10s
[2023-01-27T04:57:11.314+0000] {subprocess.py:93} INFO -   1750K .......... .......... .......... .......... .......... 10% 1.96M 10s
[2023-01-27T04:57:11.333+0000] {subprocess.py:93} INFO -   1800K .......... .......... .......... .......... .......... 10% 2.61M 10s
[2023-01-27T04:57:11.357+0000] {subprocess.py:93} INFO -   1850K .......... .......... .......... .......... .......... 10% 2.03M 10s
[2023-01-27T04:57:11.375+0000] {subprocess.py:93} INFO -   1900K .......... .......... .......... .......... .......... 11% 2.76M 10s
[2023-01-27T04:57:11.399+0000] {subprocess.py:93} INFO -   1950K .......... .......... .......... .......... .......... 11% 2.03M 9s
[2023-01-27T04:57:11.412+0000] {subprocess.py:93} INFO -   2000K .......... .......... .......... .......... .......... 11% 3.69M 9s
[2023-01-27T04:57:11.521+0000] {subprocess.py:93} INFO -   2050K .......... .......... .......... .......... .......... 11%  458K 10s
[2023-01-27T04:57:11.522+0000] {subprocess.py:93} INFO -   2100K .......... .......... .......... .......... .......... 12%  282M 10s
[2023-01-27T04:57:11.522+0000] {subprocess.py:93} INFO -   2150K .......... .......... .......... .......... .......... 12%  328M 9s
[2023-01-27T04:57:11.527+0000] {subprocess.py:93} INFO -   2200K .......... .......... .......... .......... .......... 12% 8.45M 9s
[2023-01-27T04:57:11.542+0000] {subprocess.py:93} INFO -   2250K .......... .......... .......... .......... .......... 13% 3.46M 9s
[2023-01-27T04:57:11.553+0000] {subprocess.py:93} INFO -   2300K .......... .......... .......... .......... .......... 13% 5.11M 9s
[2023-01-27T04:57:11.579+0000] {subprocess.py:93} INFO -   2350K .......... .......... .......... .......... .......... 13% 1.76M 9s
[2023-01-27T04:57:11.594+0000] {subprocess.py:93} INFO -   2400K .......... .......... .......... .......... .......... 13% 3.64M 9s
[2023-01-27T04:57:11.606+0000] {subprocess.py:93} INFO -   2450K .......... .......... .......... .......... .......... 14% 3.68M 9s
[2023-01-27T04:57:11.629+0000] {subprocess.py:93} INFO -   2500K .......... .......... .......... .......... .......... 14% 2.08M 9s
[2023-01-27T04:57:11.643+0000] {subprocess.py:93} INFO -   2550K .......... .......... .......... .......... .......... 14% 3.52M 8s
[2023-01-27T04:57:11.652+0000] {subprocess.py:93} INFO -   2600K .......... .......... .......... .......... .......... 15% 5.33M 8s
[2023-01-27T04:57:11.676+0000] {subprocess.py:93} INFO -   2650K .......... .......... .......... .......... .......... 15% 2.02M 8s
[2023-01-27T04:57:11.685+0000] {subprocess.py:93} INFO -   2700K .......... .......... .......... .......... .......... 15% 5.52M 8s
[2023-01-27T04:57:11.706+0000] {subprocess.py:93} INFO -   2750K .......... .......... .......... .......... .......... 15% 2.34M 8s
[2023-01-27T04:57:11.716+0000] {subprocess.py:93} INFO -   2800K .......... .......... .......... .......... .......... 16% 4.77M 8s
[2023-01-27T04:57:11.726+0000] {subprocess.py:93} INFO -   2850K .......... .......... .......... .......... .......... 16% 5.20M 8s
[2023-01-27T04:57:11.730+0000] {subprocess.py:93} INFO -   2900K .......... .......... .......... .......... .......... 16% 10.4M 8s
[2023-01-27T04:57:11.751+0000] {subprocess.py:93} INFO -   2950K .......... .......... .......... .......... .......... 17% 2.38M 8s
[2023-01-27T04:57:11.757+0000] {subprocess.py:93} INFO -   3000K .......... .......... .......... .......... .......... 17% 7.80M 7s
[2023-01-27T04:57:11.764+0000] {subprocess.py:93} INFO -   3050K .......... .......... .......... .......... .......... 17% 7.13M 7s
[2023-01-27T04:57:11.810+0000] {subprocess.py:93} INFO -   3100K .......... .......... .......... .......... .......... 17% 1.05M 7s
[2023-01-27T04:57:11.942+0000] {subprocess.py:93} INFO -   3150K .......... .......... .......... .......... .......... 18%  378K 8s
[2023-01-27T04:57:12.039+0000] {subprocess.py:93} INFO -   3200K .......... .......... .......... .......... .......... 18%  521K 8s
[2023-01-27T04:57:12.136+0000] {subprocess.py:93} INFO -   3250K .......... .......... .......... .......... .......... 18%  510K 8s
[2023-01-27T04:57:12.231+0000] {subprocess.py:93} INFO -   3300K .......... .......... .......... .......... .......... 19%  531K 9s
[2023-01-27T04:57:12.332+0000] {subprocess.py:93} INFO -   3350K .......... .......... .......... .......... .......... 19%  493K 9s
[2023-01-27T04:57:12.431+0000] {subprocess.py:93} INFO -   3400K .......... .......... .......... .......... .......... 19%  504K 9s
[2023-01-27T04:57:12.535+0000] {subprocess.py:93} INFO -   3450K .......... .......... .......... .......... .......... 19%  481K 9s
[2023-01-27T04:57:12.631+0000] {subprocess.py:93} INFO -   3500K .......... .......... .......... .......... .......... 20%  520K 10s
[2023-01-27T04:57:12.770+0000] {subprocess.py:93} INFO -   3550K .......... .......... .......... .......... .......... 20%  359K 10s
[2023-01-27T04:57:12.872+0000] {subprocess.py:93} INFO -   3600K .......... .......... .......... .......... .......... 20%  492K 10s
[2023-01-27T04:57:12.960+0000] {subprocess.py:93} INFO -   3650K .......... .......... .......... .......... .......... 21%  569K 10s
[2023-01-27T04:57:13.060+0000] {subprocess.py:93} INFO -   3700K .......... .......... .......... .......... .......... 21%  501K 11s
[2023-01-27T04:57:13.148+0000] {subprocess.py:93} INFO -   3750K .......... .......... .......... .......... .......... 21%  566K 11s
[2023-01-27T04:57:13.235+0000] {subprocess.py:93} INFO -   3800K .......... .......... .......... .......... .......... 21%  574K 11s
[2023-01-27T04:57:13.328+0000] {subprocess.py:93} INFO -   3850K .......... .......... .......... .......... .......... 22%  537K 11s
[2023-01-27T04:57:13.429+0000] {subprocess.py:93} INFO -   3900K .......... .......... .......... .......... .......... 22%  496K 11s
[2023-01-27T04:57:13.550+0000] {subprocess.py:93} INFO -   3950K .......... .......... .......... .......... .......... 22%  414K 11s
[2023-01-27T04:57:13.637+0000] {subprocess.py:93} INFO -   4000K .......... .......... .......... .......... .......... 23%  575K 12s
[2023-01-27T04:57:13.734+0000] {subprocess.py:93} INFO -   4050K .......... .......... .......... .......... .......... 23%  514K 12s
[2023-01-27T04:57:13.784+0000] {subprocess.py:93} INFO -   4100K .......... .......... .......... .......... .......... 23%  996K 12s
[2023-01-27T04:57:13.813+0000] {subprocess.py:93} INFO -   4150K .......... .......... .......... .......... .......... 23% 1.69M 12s
[2023-01-27T04:57:13.842+0000] {subprocess.py:93} INFO -   4200K .......... .......... .......... .......... .......... 24% 1.67M 11s
[2023-01-27T04:57:13.892+0000] {subprocess.py:93} INFO -   4250K .......... .......... .......... .......... .......... 24% 1011K 11s
[2023-01-27T04:57:13.916+0000] {subprocess.py:93} INFO -   4300K .......... .......... .......... .......... .......... 24% 2.05M 11s
[2023-01-27T04:57:13.952+0000] {subprocess.py:93} INFO -   4350K .......... .......... .......... .......... .......... 25% 1.64M 11s
[2023-01-27T04:57:14.015+0000] {subprocess.py:93} INFO -   4400K .......... .......... .......... .......... .......... 25%  716K 11s
[2023-01-27T04:57:14.055+0000] {subprocess.py:93} INFO -   4450K .......... .......... .......... .......... .......... 25% 1.29M 11s
[2023-01-27T04:57:14.089+0000] {subprocess.py:93} INFO -   4500K .......... .......... .......... .......... .......... 25% 1.36M 11s
[2023-01-27T04:57:14.133+0000] {subprocess.py:93} INFO -   4550K .......... .......... .......... .......... .......... 26% 1.12M 11s
[2023-01-27T04:57:14.160+0000] {subprocess.py:93} INFO -   4600K .......... .......... .......... .......... .......... 26% 1.78M 11s
[2023-01-27T04:57:14.196+0000] {subprocess.py:93} INFO -   4650K .......... .......... .......... .......... .......... 26% 1.35M 11s
[2023-01-27T04:57:14.247+0000] {subprocess.py:93} INFO -   4700K .......... .......... .......... .......... .......... 26%  985K 11s
[2023-01-27T04:57:14.279+0000] {subprocess.py:93} INFO -   4750K .......... .......... .......... .......... .......... 27% 1.72M 11s
[2023-01-27T04:57:14.305+0000] {subprocess.py:93} INFO -   4800K .......... .......... .......... .......... .......... 27% 1.66M 11s
[2023-01-27T04:57:14.339+0000] {subprocess.py:93} INFO -   4850K .......... .......... .......... .......... .......... 27% 1.45M 11s
[2023-01-27T04:57:14.357+0000] {subprocess.py:93} INFO -   4900K .......... .......... .......... .......... .......... 28% 2.70M 11s
[2023-01-27T04:57:14.426+0000] {subprocess.py:93} INFO -   4950K .......... .......... .......... .......... .......... 28%  728K 11s
[2023-01-27T04:57:14.463+0000] {subprocess.py:93} INFO -   5000K .......... .......... .......... .......... .......... 28% 1.31M 11s
[2023-01-27T04:57:14.502+0000] {subprocess.py:93} INFO -   5050K .......... .......... .......... .......... .......... 28% 1.25M 11s
[2023-01-27T04:57:14.530+0000] {subprocess.py:93} INFO -   5100K .......... .......... .......... .......... .......... 29% 1.71M 11s
[2023-01-27T04:57:14.596+0000] {subprocess.py:93} INFO -   5150K .......... .......... .......... .......... .......... 29%  864K 10s
[2023-01-27T04:57:14.669+0000] {subprocess.py:93} INFO -   5200K .......... .......... .......... .......... .......... 29%  619K 11s
[2023-01-27T04:57:14.716+0000] {subprocess.py:93} INFO -   5250K .......... .......... .......... .......... .......... 30% 1.04M 11s
[2023-01-27T04:57:14.733+0000] {subprocess.py:93} INFO -   5300K .......... .......... .......... .......... .......... 30% 2.75M 10s
[2023-01-27T04:57:14.770+0000] {subprocess.py:93} INFO -   5350K .......... .......... .......... .......... .......... 30% 1.34M 10s
[2023-01-27T04:57:14.926+0000] {subprocess.py:93} INFO -   5400K .......... .......... .......... .......... .......... 30%  320K 11s
[2023-01-27T04:57:14.993+0000] {subprocess.py:93} INFO -   5450K .......... .......... .......... .......... .......... 31%  745K 11s
[2023-01-27T04:57:15.053+0000] {subprocess.py:93} INFO -   5500K .......... .......... .......... .......... .......... 31%  839K 11s
[2023-01-27T04:57:15.107+0000] {subprocess.py:93} INFO -   5550K .......... .......... .......... .......... .......... 31% 1.44M 11s
[2023-01-27T04:57:15.161+0000] {subprocess.py:93} INFO -   5600K .......... .......... .......... .......... .......... 32%  672K 11s
[2023-01-27T04:57:15.250+0000] {subprocess.py:93} INFO -   5650K .......... .......... .......... .......... .......... 32%  566K 11s
[2023-01-27T04:57:15.305+0000] {subprocess.py:93} INFO -   5700K .......... .......... .......... .......... .......... 32%  897K 11s
[2023-01-27T04:57:15.333+0000] {subprocess.py:93} INFO -   5750K .......... .......... .......... .......... .......... 32% 1.79M 10s
[2023-01-27T04:57:15.367+0000] {subprocess.py:93} INFO -   5800K .......... .......... .......... .......... .......... 33% 1.43M 10s
[2023-01-27T04:57:15.424+0000] {subprocess.py:93} INFO -   5850K .......... .......... .......... .......... .......... 33%  874K 10s
[2023-01-27T04:57:15.487+0000] {subprocess.py:93} INFO -   5900K .......... .......... .......... .......... .......... 33%  790K 10s
[2023-01-27T04:57:15.541+0000] {subprocess.py:93} INFO -   5950K .......... .......... .......... .......... .......... 34% 1.10M 10s
[2023-01-27T04:57:15.571+0000] {subprocess.py:93} INFO -   6000K .......... .......... .......... .......... .......... 34% 1.24M 10s
[2023-01-27T04:57:15.620+0000] {subprocess.py:93} INFO -   6050K .......... .......... .......... .......... .......... 34% 1.00M 10s
[2023-01-27T04:57:15.702+0000] {subprocess.py:93} INFO -   6100K .......... .......... .......... .......... .......... 34%  608K 10s
[2023-01-27T04:57:15.728+0000] {subprocess.py:93} INFO -   6150K .......... .......... .......... .......... .......... 35% 1.86M 10s
[2023-01-27T04:57:15.756+0000] {subprocess.py:93} INFO -   6200K .......... .......... .......... .......... .......... 35% 1.74M 10s
[2023-01-27T04:57:15.780+0000] {subprocess.py:93} INFO -   6250K .......... .......... .......... .......... .......... 35% 2.03M 10s
[2023-01-27T04:57:15.815+0000] {subprocess.py:93} INFO -   6300K .......... .......... .......... .......... .......... 36% 1.40M 10s
[2023-01-27T04:57:15.857+0000] {subprocess.py:93} INFO -   6350K .......... .......... .......... .......... .......... 36% 1.50M 10s
[2023-01-27T04:57:15.889+0000] {subprocess.py:93} INFO -   6400K .......... .......... .......... .......... .......... 36% 1.20M 10s
[2023-01-27T04:57:15.950+0000] {subprocess.py:93} INFO -   6450K .......... .......... .......... .......... .......... 36%  809K 10s
[2023-01-27T04:57:15.991+0000] {subprocess.py:93} INFO -   6500K .......... .......... .......... .......... .......... 37% 1.20M 10s
[2023-01-27T04:57:16.032+0000] {subprocess.py:93} INFO -   6550K .......... .......... .......... .......... .......... 37% 1.19M 10s
[2023-01-27T04:57:16.080+0000] {subprocess.py:93} INFO -   6600K .......... .......... .......... .......... .......... 37% 1.02M 10s
[2023-01-27T04:57:16.116+0000] {subprocess.py:93} INFO -   6650K .......... .......... .......... .......... .......... 38% 1.36M 10s
[2023-01-27T04:57:16.198+0000] {subprocess.py:93} INFO -   6700K .......... .......... .......... .......... .......... 38%  615K 10s
[2023-01-27T04:57:16.242+0000] {subprocess.py:93} INFO -   6750K .......... .......... .......... .......... .......... 38% 1.23M 10s
[2023-01-27T04:57:16.277+0000] {subprocess.py:93} INFO -   6800K .......... .......... .......... .......... .......... 38% 1.23M 10s
[2023-01-27T04:57:16.334+0000] {subprocess.py:93} INFO -   6850K .......... .......... .......... .......... .......... 39%  878K 10s
[2023-01-27T04:57:16.363+0000] {subprocess.py:93} INFO -   6900K .......... .......... .......... .......... .......... 39% 1.68M 9s
[2023-01-27T04:57:16.410+0000] {subprocess.py:93} INFO -   6950K .......... .......... .......... .......... .......... 39% 1.03M 9s
[2023-01-27T04:57:16.505+0000] {subprocess.py:93} INFO -   7000K .......... .......... .......... .......... .......... 40%  529K 9s
[2023-01-27T04:57:16.552+0000] {subprocess.py:93} INFO -   7050K .......... .......... .......... .......... .......... 40% 1.02M 9s
[2023-01-27T04:57:16.587+0000] {subprocess.py:93} INFO -   7100K .......... .......... .......... .......... .......... 40% 1.41M 9s
[2023-01-27T04:57:16.655+0000] {subprocess.py:93} INFO -   7150K .......... .......... .......... .......... .......... 40% 1.08M 9s
[2023-01-27T04:57:16.694+0000] {subprocess.py:93} INFO -   7200K .......... .......... .......... .......... .......... 41%  812K 9s
[2023-01-27T04:57:16.742+0000] {subprocess.py:93} INFO -   7250K .......... .......... .......... .......... .......... 41% 1.01M 9s
[2023-01-27T04:57:16.804+0000] {subprocess.py:93} INFO -   7300K .......... .......... .......... .......... .......... 41%  811K 9s
[2023-01-27T04:57:16.841+0000] {subprocess.py:93} INFO -   7350K .......... .......... .......... .......... .......... 42% 1.31M 9s
[2023-01-27T04:57:16.858+0000] {subprocess.py:93} INFO -   7400K .......... .......... .......... .......... .......... 42% 2.79M 9s
[2023-01-27T04:57:16.921+0000] {subprocess.py:93} INFO -   7450K .......... .......... .......... .......... .......... 42%  790K 9s
[2023-01-27T04:57:16.964+0000] {subprocess.py:93} INFO -   7500K .......... .......... .......... .......... .......... 42% 1.14M 9s
[2023-01-27T04:57:17.002+0000] {subprocess.py:93} INFO -   7550K .......... .......... .......... .......... .......... 43% 2.01M 9s
[2023-01-27T04:57:17.069+0000] {subprocess.py:93} INFO -   7600K .......... .......... .......... .......... .......... 43%  622K 9s
[2023-01-27T04:57:17.104+0000] {subprocess.py:93} INFO -   7650K .......... .......... .......... .......... .......... 43% 1.40M 9s
[2023-01-27T04:57:17.143+0000] {subprocess.py:93} INFO -   7700K .......... .......... .......... .......... .......... 44% 1.27M 9s
[2023-01-27T04:57:17.177+0000] {subprocess.py:93} INFO -   7750K .......... .......... .......... .......... .......... 44% 1.40M 9s
[2023-01-27T04:57:17.244+0000] {subprocess.py:93} INFO -   7800K .......... .......... .......... .......... .......... 44%  751K 9s
[2023-01-27T04:57:17.312+0000] {subprocess.py:93} INFO -   7850K .......... .......... .......... .......... .......... 44% 1.01M 9s
[2023-01-27T04:57:17.335+0000] {subprocess.py:93} INFO -   7900K .......... .......... .......... .......... .......... 45% 1.16M 9s
[2023-01-27T04:57:17.385+0000] {subprocess.py:93} INFO -   7950K .......... .......... .......... .......... .......... 45%  992K 9s
[2023-01-27T04:57:17.429+0000] {subprocess.py:93} INFO -   8000K .......... .......... .......... .......... .......... 45% 1.12M 9s
[2023-01-27T04:57:17.467+0000] {subprocess.py:93} INFO -   8050K .......... .......... .......... .......... .......... 46% 1.28M 9s
[2023-01-27T04:57:17.515+0000] {subprocess.py:93} INFO -   8100K .......... .......... .......... .......... .......... 46% 1.01M 8s
[2023-01-27T04:57:17.615+0000] {subprocess.py:93} INFO -   8150K .......... .......... .......... .......... .......... 46%  502K 9s
[2023-01-27T04:57:17.659+0000] {subprocess.py:93} INFO -   8200K .......... .......... .......... .......... .......... 46% 1.10M 8s
[2023-01-27T04:57:17.699+0000] {subprocess.py:93} INFO -   8250K .......... .......... .......... .......... .......... 47% 2.19M 8s
[2023-01-27T04:57:17.768+0000] {subprocess.py:93} INFO -   8300K .......... .......... .......... .......... .......... 47%  579K 8s
[2023-01-27T04:57:17.839+0000] {subprocess.py:93} INFO -   8350K .......... .......... .......... .......... .......... 47%  705K 8s
[2023-01-27T04:57:17.885+0000] {subprocess.py:93} INFO -   8400K .......... .......... .......... .......... .......... 48% 1.05M 8s
[2023-01-27T04:57:17.916+0000] {subprocess.py:93} INFO -   8450K .......... .......... .......... .......... .......... 48% 1.57M 8s
[2023-01-27T04:57:17.967+0000] {subprocess.py:93} INFO -   8500K .......... .......... .......... .......... .......... 48%  992K 8s
[2023-01-27T04:57:18.013+0000] {subprocess.py:93} INFO -   8550K .......... .......... .......... .......... .......... 48% 1.07M 8s
[2023-01-27T04:57:18.043+0000] {subprocess.py:93} INFO -   8600K .......... .......... .......... .......... .......... 49% 1.60M 8s
[2023-01-27T04:57:18.104+0000] {subprocess.py:93} INFO -   8650K .......... .......... .......... .......... .......... 49% 1.13M 8s
[2023-01-27T04:57:18.155+0000] {subprocess.py:93} INFO -   8700K .......... .......... .......... .......... .......... 49%  734K 8s
[2023-01-27T04:57:18.199+0000] {subprocess.py:93} INFO -   8750K .......... .......... .......... .......... .......... 50% 1.09M 8s
[2023-01-27T04:57:18.243+0000] {subprocess.py:93} INFO -   8800K .......... .......... .......... .......... .......... 50% 1.12M 8s
[2023-01-27T04:57:18.296+0000] {subprocess.py:93} INFO -   8850K .......... .......... .......... .......... .......... 50%  932K 8s
[2023-01-27T04:57:18.338+0000] {subprocess.py:93} INFO -   8900K .......... .......... .......... .......... .......... 50% 1.18M 8s
[2023-01-27T04:57:18.376+0000] {subprocess.py:93} INFO -   8950K .......... .......... .......... .......... .......... 51% 1.29M 8s
[2023-01-27T04:57:18.409+0000] {subprocess.py:93} INFO -   9000K .......... .......... .......... .......... .......... 51% 1.47M 8s
[2023-01-27T04:57:18.464+0000] {subprocess.py:93} INFO -   9050K .......... .......... .......... .......... .......... 51%  904K 8s
[2023-01-27T04:57:18.506+0000] {subprocess.py:93} INFO -   9100K .......... .......... .......... .......... .......... 51% 1.17M 8s
[2023-01-27T04:57:18.546+0000] {subprocess.py:93} INFO -   9150K .......... .......... .......... .......... .......... 52% 1.22M 8s
[2023-01-27T04:57:18.603+0000] {subprocess.py:93} INFO -   9200K .......... .......... .......... .......... .......... 52%  872K 8s
[2023-01-27T04:57:18.644+0000] {subprocess.py:93} INFO -   9250K .......... .......... .......... .......... .......... 52% 1.21M 8s
[2023-01-27T04:57:18.701+0000] {subprocess.py:93} INFO -   9300K .......... .......... .......... .......... .......... 53%  878K 8s
[2023-01-27T04:57:18.729+0000] {subprocess.py:93} INFO -   9350K .......... .......... .......... .......... .......... 53% 1.74M 7s
[2023-01-27T04:57:18.781+0000] {subprocess.py:93} INFO -   9400K .......... .......... .......... .......... .......... 53%  959K 7s
[2023-01-27T04:57:18.863+0000] {subprocess.py:93} INFO -   9450K .......... .......... .......... .......... .......... 53%  610K 7s
[2023-01-27T04:57:18.908+0000] {subprocess.py:93} INFO -   9500K .......... .......... .......... .......... .......... 54% 1.09M 7s
[2023-01-27T04:57:18.929+0000] {subprocess.py:93} INFO -   9550K .......... .......... .......... .......... .......... 54% 2.33M 7s
[2023-01-27T04:57:19.104+0000] {subprocess.py:93} INFO -   9600K .......... .......... .......... .......... .......... 54%  285K 7s
[2023-01-27T04:57:19.105+0000] {subprocess.py:93} INFO -   9650K .......... .......... .......... .......... .......... 55%  221M 7s
[2023-01-27T04:57:19.105+0000] {subprocess.py:93} INFO -   9700K .......... .......... .......... .......... .......... 55%  430M 7s
[2023-01-27T04:57:19.113+0000] {subprocess.py:93} INFO -   9750K .......... .......... .......... .......... .......... 55% 5.72M 7s
[2023-01-27T04:57:19.193+0000] {subprocess.py:93} INFO -   9800K .......... .......... .......... .......... .......... 55%  624K 7s
[2023-01-27T04:57:19.277+0000] {subprocess.py:93} INFO -   9850K .......... .......... .......... .......... .......... 56%  598K 7s
[2023-01-27T04:57:19.311+0000] {subprocess.py:93} INFO -   9900K .......... .......... .......... .......... .......... 56% 1.44M 7s
[2023-01-27T04:57:19.392+0000] {subprocess.py:93} INFO -   9950K .......... .......... .......... .......... .......... 56%  613K 7s
[2023-01-27T04:57:19.468+0000] {subprocess.py:93} INFO -  10000K .......... .......... .......... .......... .......... 57%  803K 7s
[2023-01-27T04:57:19.491+0000] {subprocess.py:93} INFO -  10050K .......... .......... .......... .......... .......... 57% 1.36M 7s
[2023-01-27T04:57:19.535+0000] {subprocess.py:93} INFO -  10100K .......... .......... .......... .......... .......... 57% 1.10M 7s
[2023-01-27T04:57:19.570+0000] {subprocess.py:93} INFO -  10150K .......... .......... .......... .......... .......... 57% 1.38M 7s
[2023-01-27T04:57:19.604+0000] {subprocess.py:93} INFO -  10200K .......... .......... .......... .......... .......... 58% 1.43M 7s
[2023-01-27T04:57:19.643+0000] {subprocess.py:93} INFO -  10250K .......... .......... .......... .......... .......... 58% 1.27M 7s
[2023-01-27T04:57:19.687+0000] {subprocess.py:93} INFO -  10300K .......... .......... .......... .......... .......... 58% 1.10M 7s
[2023-01-27T04:57:19.733+0000] {subprocess.py:93} INFO -  10350K .......... .......... .......... .......... .......... 59% 1.06M 7s
[2023-01-27T04:57:19.771+0000] {subprocess.py:93} INFO -  10400K .......... .......... .......... .......... .......... 59% 1.69M 7s
[2023-01-27T04:57:19.814+0000] {subprocess.py:93} INFO -  10450K .......... .......... .......... .......... .......... 59%  957K 7s
[2023-01-27T04:57:19.865+0000] {subprocess.py:93} INFO -  10500K .......... .......... .......... .......... .......... 59% 1.30M 6s
[2023-01-27T04:57:19.898+0000] {subprocess.py:93} INFO -  10550K .......... .......... .......... .......... .......... 60% 1.06M 6s
[2023-01-27T04:57:19.938+0000] {subprocess.py:93} INFO -  10600K .......... .......... .......... .......... .......... 60% 1.24M 6s
[2023-01-27T04:57:19.964+0000] {subprocess.py:93} INFO -  10650K .......... .......... .......... .......... .......... 60% 1.85M 6s
[2023-01-27T04:57:20.011+0000] {subprocess.py:93} INFO -  10700K .......... .......... .......... .......... .......... 61% 1.03M 6s
[2023-01-27T04:57:20.042+0000] {subprocess.py:93} INFO -  10750K .......... .......... .......... .......... .......... 61% 1.58M 6s
[2023-01-27T04:57:20.069+0000] {subprocess.py:93} INFO -  10800K .......... .......... .......... .......... .......... 61% 1.83M 6s
[2023-01-27T04:57:20.099+0000] {subprocess.py:93} INFO -  10850K .......... .......... .......... .......... .......... 61% 1.65M 6s
[2023-01-27T04:57:20.130+0000] {subprocess.py:93} INFO -  10900K .......... .......... .......... .......... .......... 62% 1.79M 6s
[2023-01-27T04:57:20.155+0000] {subprocess.py:93} INFO -  10950K .......... .......... .......... .......... .......... 62% 1.69M 6s
[2023-01-27T04:57:20.188+0000] {subprocess.py:93} INFO -  11000K .......... .......... .......... .......... .......... 62% 1.47M 6s
[2023-01-27T04:57:20.208+0000] {subprocess.py:93} INFO -  11050K .......... .......... .......... .......... .......... 63% 2.44M 6s
[2023-01-27T04:57:20.230+0000] {subprocess.py:93} INFO -  11100K .......... .......... .......... .......... .......... 63% 2.21M 6s
[2023-01-27T04:57:20.263+0000] {subprocess.py:93} INFO -  11150K .......... .......... .......... .......... .......... 63% 1.47M 6s
[2023-01-27T04:57:20.293+0000] {subprocess.py:93} INFO -  11200K .......... .......... .......... .......... .......... 63% 1.67M 6s
[2023-01-27T04:57:20.315+0000] {subprocess.py:93} INFO -  11250K .......... .......... .......... .......... .......... 64% 2.17M 6s
[2023-01-27T04:57:20.353+0000] {subprocess.py:93} INFO -  11300K .......... .......... .......... .......... .......... 64% 1.27M 6s
[2023-01-27T04:57:20.368+0000] {subprocess.py:93} INFO -  11350K .......... .......... .......... .......... .......... 64% 3.27M 6s
[2023-01-27T04:57:20.403+0000] {subprocess.py:93} INFO -  11400K .......... .......... .......... .......... .......... 65% 2.28M 5s
[2023-01-27T04:57:20.438+0000] {subprocess.py:93} INFO -  11450K .......... .......... .......... .......... .......... 65% 1.02M 5s
[2023-01-27T04:57:20.459+0000] {subprocess.py:93} INFO -  11500K .......... .......... .......... .......... .......... 65% 2.25M 5s
[2023-01-27T04:57:20.493+0000] {subprocess.py:93} INFO -  11550K .......... .......... .......... .......... .......... 65% 1.43M 5s
[2023-01-27T04:57:20.517+0000] {subprocess.py:93} INFO -  11600K .......... .......... .......... .......... .......... 66% 2.12M 5s
[2023-01-27T04:57:20.543+0000] {subprocess.py:93} INFO -  11650K .......... .......... .......... .......... .......... 66% 1.84M 5s
[2023-01-27T04:57:20.576+0000] {subprocess.py:93} INFO -  11700K .......... .......... .......... .......... .......... 66% 1.49M 5s
[2023-01-27T04:57:20.598+0000] {subprocess.py:93} INFO -  11750K .......... .......... .......... .......... .......... 67% 2.23M 5s
[2023-01-27T04:57:20.643+0000] {subprocess.py:93} INFO -  11800K .......... .......... .......... .......... .......... 67% 1.20M 5s
[2023-01-27T04:57:20.670+0000] {subprocess.py:93} INFO -  11850K .......... .......... .......... .......... .......... 67% 1.53M 5s
[2023-01-27T04:57:20.685+0000] {subprocess.py:93} INFO -  11900K .......... .......... .......... .......... .......... 67% 3.24M 5s
[2023-01-27T04:57:20.729+0000] {subprocess.py:93} INFO -  11950K .......... .......... .......... .......... .......... 68% 1.12M 5s
[2023-01-27T04:57:20.753+0000] {subprocess.py:93} INFO -  12000K .......... .......... .......... .......... .......... 68% 1.99M 5s
[2023-01-27T04:57:20.773+0000] {subprocess.py:93} INFO -  12050K .......... .......... .......... .......... .......... 68% 2.53M 5s
[2023-01-27T04:57:20.806+0000] {subprocess.py:93} INFO -  12100K .......... .......... .......... .......... .......... 69% 1.46M 5s
[2023-01-27T04:57:20.830+0000] {subprocess.py:93} INFO -  12150K .......... .......... .......... .......... .......... 69% 2.00M 5s
[2023-01-27T04:57:20.854+0000] {subprocess.py:93} INFO -  12200K .......... .......... .......... .......... .......... 69% 2.09M 5s
[2023-01-27T04:57:20.880+0000] {subprocess.py:93} INFO -  12250K .......... .......... .......... .......... .......... 69% 1.87M 5s
[2023-01-27T04:57:20.915+0000] {subprocess.py:93} INFO -  12300K .......... .......... .......... .......... .......... 70% 1.40M 5s
[2023-01-27T04:57:20.939+0000] {subprocess.py:93} INFO -  12350K .......... .......... .......... .......... .......... 70% 2.06M 5s
[2023-01-27T04:57:20.969+0000] {subprocess.py:93} INFO -  12400K .......... .......... .......... .......... .......... 70% 1.60M 4s
[2023-01-27T04:57:21.003+0000] {subprocess.py:93} INFO -  12450K .......... .......... .......... .......... .......... 71% 1.43M 4s
[2023-01-27T04:57:21.038+0000] {subprocess.py:93} INFO -  12500K .......... .......... .......... .......... .......... 71% 1.40M 4s
[2023-01-27T04:57:21.055+0000] {subprocess.py:93} INFO -  12550K .......... .......... .......... .......... .......... 71% 2.83M 4s
[2023-01-27T04:57:21.085+0000] {subprocess.py:93} INFO -  12600K .......... .......... .......... .......... .......... 71% 1.64M 4s
[2023-01-27T04:57:21.106+0000] {subprocess.py:93} INFO -  12650K .......... .......... .......... .......... .......... 72% 2.31M 4s
[2023-01-27T04:57:21.140+0000] {subprocess.py:93} INFO -  12700K .......... .......... .......... .......... .......... 72% 1.47M 4s
[2023-01-27T04:57:21.162+0000] {subprocess.py:93} INFO -  12750K .......... .......... .......... .......... .......... 72% 2.22M 4s
[2023-01-27T04:57:21.194+0000] {subprocess.py:93} INFO -  12800K .......... .......... .......... .......... .......... 73% 1.49M 4s
[2023-01-27T04:57:21.224+0000] {subprocess.py:93} INFO -  12850K .......... .......... .......... .......... .......... 73% 1.66M 4s
[2023-01-27T04:57:21.241+0000] {subprocess.py:93} INFO -  12900K .......... .......... .......... .......... .......... 73% 2.78M 4s
[2023-01-27T04:57:21.266+0000] {subprocess.py:93} INFO -  12950K .......... .......... .......... .......... .......... 73% 2.00M 4s
[2023-01-27T04:57:21.301+0000] {subprocess.py:93} INFO -  13000K .......... .......... .......... .......... .......... 74% 1.37M 4s
[2023-01-27T04:57:21.315+0000] {subprocess.py:93} INFO -  13050K .......... .......... .......... .......... .......... 74% 3.57M 4s
[2023-01-27T04:57:21.348+0000] {subprocess.py:93} INFO -  13100K .......... .......... .......... .......... .......... 74% 1.46M 4s
[2023-01-27T04:57:21.371+0000] {subprocess.py:93} INFO -  13150K .......... .......... .......... .......... .......... 75% 2.20M 4s
[2023-01-27T04:57:21.408+0000] {subprocess.py:93} INFO -  13200K .......... .......... .......... .......... .......... 75% 1.31M 4s
[2023-01-27T04:57:21.437+0000] {subprocess.py:93} INFO -  13250K .......... .......... .......... .......... .......... 75% 1.68M 4s
[2023-01-27T04:57:21.472+0000] {subprocess.py:93} INFO -  13300K .......... .......... .......... .......... .......... 75% 1.40M 4s
[2023-01-27T04:57:21.490+0000] {subprocess.py:93} INFO -  13350K .......... .......... .......... .......... .......... 76% 2.77M 4s
[2023-01-27T04:57:21.519+0000] {subprocess.py:93} INFO -  13400K .......... .......... .......... .......... .......... 76% 1.63M 3s
[2023-01-27T04:57:21.546+0000] {subprocess.py:93} INFO -  13450K .......... .......... .......... .......... .......... 76% 1.83M 3s
[2023-01-27T04:57:21.568+0000] {subprocess.py:93} INFO -  13500K .......... .......... .......... .......... .......... 77% 2.21M 3s
[2023-01-27T04:57:21.594+0000] {subprocess.py:93} INFO -  13550K .......... .......... .......... .......... .......... 77% 1.91M 3s
[2023-01-27T04:57:21.628+0000] {subprocess.py:93} INFO -  13600K .......... .......... .......... .......... .......... 77% 1.44M 3s
[2023-01-27T04:57:21.670+0000] {subprocess.py:93} INFO -  13650K .......... .......... .......... .......... .......... 77% 1.18M 3s
[2023-01-27T04:57:21.683+0000] {subprocess.py:93} INFO -  13700K .......... .......... .......... .......... .......... 78% 3.47M 3s
[2023-01-27T04:57:21.702+0000] {subprocess.py:93} INFO -  13750K .......... .......... .......... .......... .......... 78% 2.62M 3s
[2023-01-27T04:57:21.726+0000] {subprocess.py:93} INFO -  13800K .......... .......... .......... .......... .......... 78% 1.99M 3s
[2023-01-27T04:57:21.759+0000] {subprocess.py:93} INFO -  13850K .......... .......... .......... .......... .......... 78% 1.71M 3s
[2023-01-27T04:57:21.779+0000] {subprocess.py:93} INFO -  13900K .......... .......... .......... .......... .......... 79% 2.05M 3s
[2023-01-27T04:57:21.797+0000] {subprocess.py:93} INFO -  13950K .......... .......... .......... .......... .......... 79% 2.76M 3s
[2023-01-27T04:57:21.824+0000] {subprocess.py:93} INFO -  14000K .......... .......... .......... .......... .......... 79% 1.80M 3s
[2023-01-27T04:57:21.840+0000] {subprocess.py:93} INFO -  14050K .......... .......... .......... .......... .......... 80% 2.94M 3s
[2023-01-27T04:57:21.865+0000] {subprocess.py:93} INFO -  14100K .......... .......... .......... .......... .......... 80% 2.01M 3s
[2023-01-27T04:57:21.873+0000] {subprocess.py:93} INFO -  14150K .......... .......... .......... .......... .......... 80% 5.56M 3s
[2023-01-27T04:57:21.906+0000] {subprocess.py:93} INFO -  14200K .......... .......... .......... .......... .......... 80% 1.50M 3s
[2023-01-27T04:57:21.939+0000] {subprocess.py:93} INFO -  14250K .......... .......... .......... .......... .......... 81% 1.79M 3s
[2023-01-27T04:57:21.957+0000] {subprocess.py:93} INFO -  14300K .......... .......... .......... .......... .......... 81% 2.04M 3s
[2023-01-27T04:57:21.985+0000] {subprocess.py:93} INFO -  14350K .......... .......... .......... .......... .......... 81% 1.79M 3s
[2023-01-27T04:57:22.002+0000] {subprocess.py:93} INFO -  14400K .......... .......... .......... .......... .......... 82% 2.74M 3s
[2023-01-27T04:57:22.015+0000] {subprocess.py:93} INFO -  14450K .......... .......... .......... .......... .......... 82% 3.72M 3s
[2023-01-27T04:57:22.037+0000] {subprocess.py:93} INFO -  14500K .......... .......... .......... .......... .......... 82% 2.31M 2s
[2023-01-27T04:57:22.057+0000] {subprocess.py:93} INFO -  14550K .......... .......... .......... .......... .......... 82% 2.38M 2s
[2023-01-27T04:57:22.072+0000] {subprocess.py:93} INFO -  14600K .......... .......... .......... .......... .......... 83% 3.26M 2s
[2023-01-27T04:57:22.100+0000] {subprocess.py:93} INFO -  14650K .......... .......... .......... .......... .......... 83% 3.47M 2s
[2023-01-27T04:57:22.115+0000] {subprocess.py:93} INFO -  14700K .......... .......... .......... .......... .......... 83% 1.70M 2s
[2023-01-27T04:57:22.378+0000] {subprocess.py:93} INFO -  14750K .......... .......... .......... .......... .......... 84%  190K 2s
[2023-01-27T04:57:22.528+0000] {subprocess.py:93} INFO -  14800K .......... .......... .......... .......... .......... 84%  333K 2s
[2023-01-27T04:57:22.689+0000] {subprocess.py:93} INFO -  14850K .......... .......... .......... .......... .......... 84%  311K 2s
[2023-01-27T04:57:22.767+0000] {subprocess.py:93} INFO -  14900K .......... .......... .......... .......... .......... 84%  641K 2s
[2023-01-27T04:57:22.791+0000] {subprocess.py:93} INFO -  14950K .......... .......... .......... .......... .......... 85% 2.08M 2s
[2023-01-27T04:57:22.805+0000] {subprocess.py:93} INFO -  15000K .......... .......... .......... .......... .......... 85% 3.37M 2s
[2023-01-27T04:57:22.819+0000] {subprocess.py:93} INFO -  15050K .......... .......... .......... .......... .......... 85% 3.65M 2s
[2023-01-27T04:57:22.843+0000] {subprocess.py:93} INFO -  15100K .......... .......... .......... .......... .......... 86% 2.01M 2s
[2023-01-27T04:57:22.866+0000] {subprocess.py:93} INFO -  15150K .......... .......... .......... .......... .......... 86% 2.15M 2s
[2023-01-27T04:57:22.879+0000] {subprocess.py:93} INFO -  15200K .......... .......... .......... .......... .......... 86% 3.69M 2s
[2023-01-27T04:57:22.922+0000] {subprocess.py:93} INFO -  15250K .......... .......... .......... .......... .......... 86% 1.14M 2s
[2023-01-27T04:57:22.939+0000] {subprocess.py:93} INFO -  15300K .......... .......... .......... .......... .......... 87% 2.91M 2s
[2023-01-27T04:57:22.951+0000] {subprocess.py:93} INFO -  15350K .......... .......... .......... .......... .......... 87% 3.83M 2s
[2023-01-27T04:57:22.975+0000] {subprocess.py:93} INFO -  15400K .......... .......... .......... .......... .......... 87% 2.02M 2s
[2023-01-27T04:57:23.007+0000] {subprocess.py:93} INFO -  15450K .......... .......... .......... .......... .......... 88% 1.53M 2s
[2023-01-27T04:57:23.028+0000] {subprocess.py:93} INFO -  15500K .......... .......... .......... .......... .......... 88% 2.34M 2s
[2023-01-27T04:57:23.045+0000] {subprocess.py:93} INFO -  15550K .......... .......... .......... .......... .......... 88% 2.82M 2s
[2023-01-27T04:57:23.062+0000] {subprocess.py:93} INFO -  15600K .......... .......... .......... .......... .......... 88% 2.96M 2s
[2023-01-27T04:57:23.099+0000] {subprocess.py:93} INFO -  15650K .......... .......... .......... .......... .......... 89% 1.32M 2s
[2023-01-27T04:57:23.117+0000] {subprocess.py:93} INFO -  15700K .......... .......... .......... .......... .......... 89% 2.77M 2s
[2023-01-27T04:57:23.135+0000] {subprocess.py:93} INFO -  15750K .......... .......... .......... .......... .......... 89% 2.69M 1s
[2023-01-27T04:57:23.173+0000] {subprocess.py:93} INFO -  15800K .......... .......... .......... .......... .......... 90% 1.28M 1s
[2023-01-27T04:57:23.188+0000] {subprocess.py:93} INFO -  15850K .......... .......... .......... .......... .......... 90% 3.14M 1s
[2023-01-27T04:57:23.213+0000] {subprocess.py:93} INFO -  15900K .......... .......... .......... .......... .......... 90% 2.01M 1s
[2023-01-27T04:57:23.245+0000] {subprocess.py:93} INFO -  15950K .......... .......... .......... .......... .......... 90% 1.53M 1s
[2023-01-27T04:57:23.272+0000] {subprocess.py:93} INFO -  16000K .......... .......... .......... .......... .......... 91% 1.78M 1s
[2023-01-27T04:57:23.293+0000] {subprocess.py:93} INFO -  16050K .......... .......... .......... .......... .......... 91% 2.37M 1s
[2023-01-27T04:57:23.328+0000] {subprocess.py:93} INFO -  16100K .......... .......... .......... .......... .......... 91% 1.39M 1s
[2023-01-27T04:57:23.341+0000] {subprocess.py:93} INFO -  16150K .......... .......... .......... .......... .......... 92% 3.68M 1s
[2023-01-27T04:57:23.350+0000] {subprocess.py:93} INFO -  16200K .......... .......... .......... .......... .......... 92% 5.53M 1s
[2023-01-27T04:57:23.384+0000] {subprocess.py:93} INFO -  16250K .......... .......... .......... .......... .......... 92% 1.44M 1s
[2023-01-27T04:57:23.398+0000] {subprocess.py:93} INFO -  16300K .......... .......... .......... .......... .......... 92% 3.48M 1s
[2023-01-27T04:57:23.411+0000] {subprocess.py:93} INFO -  16350K .......... .......... .......... .......... .......... 93% 3.66M 1s
[2023-01-27T04:57:23.442+0000] {subprocess.py:93} INFO -  16400K .......... .......... .......... .......... .......... 93% 2.22M 1s
[2023-01-27T04:57:23.463+0000] {subprocess.py:93} INFO -  16450K .......... .......... .......... .......... .......... 93% 1.65M 1s
[2023-01-27T04:57:23.495+0000] {subprocess.py:93} INFO -  16500K .......... .......... .......... .......... .......... 94% 1.53M 1s
[2023-01-27T04:57:23.582+0000] {subprocess.py:93} INFO -  16550K .......... .......... .......... .......... .......... 94%  571K 1s
[2023-01-27T04:57:23.591+0000] {subprocess.py:93} INFO -  16600K .......... .......... .......... .......... .......... 94% 5.40M 1s
[2023-01-27T04:57:23.591+0000] {subprocess.py:93} INFO -  16650K .......... .......... .......... .......... .......... 94%  351M 1s
[2023-01-27T04:57:23.591+0000] {subprocess.py:93} INFO -  16700K .......... .......... .......... .......... .......... 95%  475M 1s
[2023-01-27T04:57:23.629+0000] {subprocess.py:93} INFO -  16750K .......... .......... .......... .......... .......... 95% 1.29M 1s
[2023-01-27T04:57:23.654+0000] {subprocess.py:93} INFO -  16800K .......... .......... .......... .......... .......... 95% 2.36M 1s
[2023-01-27T04:57:23.679+0000] {subprocess.py:93} INFO -  16850K .......... .......... .......... .......... .......... 96% 1.67M 1s
[2023-01-27T04:57:23.697+0000] {subprocess.py:93} INFO -  16900K .......... .......... .......... .......... .......... 96% 2.71M 1s
[2023-01-27T04:57:23.724+0000] {subprocess.py:93} INFO -  16950K .......... .......... .......... .......... .......... 96% 1.85M 0s
[2023-01-27T04:57:23.752+0000] {subprocess.py:93} INFO -  17000K .......... .......... .......... .......... .......... 96% 1.75M 0s
[2023-01-27T04:57:23.776+0000] {subprocess.py:93} INFO -  17050K .......... .......... .......... .......... .......... 97% 2.92M 0s
[2023-01-27T04:57:23.801+0000] {subprocess.py:93} INFO -  17100K .......... .......... .......... .......... .......... 97% 1.48M 0s
[2023-01-27T04:57:23.818+0000] {subprocess.py:93} INFO -  17150K .......... .......... .......... .......... .......... 97% 3.02M 0s
[2023-01-27T04:57:23.831+0000] {subprocess.py:93} INFO -  17200K .......... .......... .......... .......... .......... 98% 3.70M 0s
[2023-01-27T04:57:23.861+0000] {subprocess.py:93} INFO -  17250K .......... .......... .......... .......... .......... 98% 1.63M 0s
[2023-01-27T04:57:23.873+0000] {subprocess.py:93} INFO -  17300K .......... .......... .......... .......... .......... 98% 3.92M 0s
[2023-01-27T04:57:23.898+0000] {subprocess.py:93} INFO -  17350K .......... .......... .......... .......... .......... 98% 1.96M 0s
[2023-01-27T04:57:23.912+0000] {subprocess.py:93} INFO -  17400K .......... .......... .......... .......... .......... 99% 3.51M 0s
[2023-01-27T04:57:23.940+0000] {subprocess.py:93} INFO -  17450K .......... .......... .......... .......... .......... 99% 1.74M 0s
[2023-01-27T04:57:23.954+0000] {subprocess.py:93} INFO -  17500K .......... .......... .......... .......... .......... 99% 3.55M 0s
[2023-01-27T04:57:23.968+0000] {subprocess.py:93} INFO -  17550K .......... .......... .......... .......... .......   100% 3.28M=14s
[2023-01-27T04:57:23.968+0000] {subprocess.py:93} INFO - 
[2023-01-27T04:57:23.968+0000] {subprocess.py:93} INFO - 2023-01-27 04:57:23 (1.25 MB/s) - ‘/opt/***/fhv_tripdata_2019-06.csv.gz’ saved [18019362/18019362]
[2023-01-27T04:57:23.969+0000] {subprocess.py:93} INFO - 
[2023-01-27T04:57:23.969+0000] {subprocess.py:97} INFO - Command exited with return code 0
[2023-01-27T04:57:24.003+0000] {taskinstance.py:1323} INFO - Marking task as SUCCESS. dag_id=fhv_taxi_data_dag_v1, task_id=download_ytd_dataset_from_web, execution_date=20190601T000000, start_date=20230127T045709, end_date=20230127T045724
[2023-01-27T04:57:24.125+0000] {local_task_job.py:208} INFO - Task exited with return code 0
[2023-01-27T04:57:24.175+0000] {taskinstance.py:2578} INFO - 1 downstream tasks scheduled from follow-on schedule check
