[2023-01-27T05:24:38.306+0000] {taskinstance.py:1083} INFO - Dependencies all met for <TaskInstance: ny_taxi_zones_dag_v3.transform_csv_to_parquet scheduled__2023-01-27T05:24:25.729126+00:00 [queued]>
[2023-01-27T05:24:38.314+0000] {taskinstance.py:1083} INFO - Dependencies all met for <TaskInstance: ny_taxi_zones_dag_v3.transform_csv_to_parquet scheduled__2023-01-27T05:24:25.729126+00:00 [queued]>
[2023-01-27T05:24:38.314+0000] {taskinstance.py:1279} INFO - 
--------------------------------------------------------------------------------
[2023-01-27T05:24:38.314+0000] {taskinstance.py:1280} INFO - Starting attempt 1 of 1
[2023-01-27T05:24:38.314+0000] {taskinstance.py:1281} INFO - 
--------------------------------------------------------------------------------
[2023-01-27T05:24:38.326+0000] {taskinstance.py:1300} INFO - Executing <Task(_PythonDecoratedOperator): transform_csv_to_parquet> on 2023-01-27 05:24:25.729126+00:00
[2023-01-27T05:24:38.331+0000] {standard_task_runner.py:55} INFO - Started process 457 to run task
[2023-01-27T05:24:38.334+0000] {standard_task_runner.py:82} INFO - Running: ['***', 'tasks', 'run', 'ny_taxi_zones_dag_v3', 'transform_csv_to_parquet', 'scheduled__2023-01-27T05:24:25.729126+00:00', '--job-id', '5869', '--raw', '--subdir', 'DAGS_FOLDER/data_ingestion_gcs_dag_v1_zones.py', '--cfg-path', '/tmp/tmpjcd3_aqc']
[2023-01-27T05:24:38.335+0000] {standard_task_runner.py:83} INFO - Job 5869: Subtask transform_csv_to_parquet
[2023-01-27T05:24:38.382+0000] {task_command.py:388} INFO - Running <TaskInstance: ny_taxi_zones_dag_v3.transform_csv_to_parquet scheduled__2023-01-27T05:24:25.729126+00:00 [running]> on host adfcc1cb730b
[2023-01-27T05:24:38.438+0000] {taskinstance.py:1509} INFO - Exporting the following env vars:
AIRFLOW_CTX_DAG_OWNER=***
AIRFLOW_CTX_DAG_ID=ny_taxi_zones_dag_v3
AIRFLOW_CTX_TASK_ID=transform_csv_to_parquet
AIRFLOW_CTX_EXECUTION_DATE=2023-01-27T05:24:25.729126+00:00
AIRFLOW_CTX_TRY_NUMBER=1
AIRFLOW_CTX_DAG_RUN_ID=scheduled__2023-01-27T05:24:25.729126+00:00
[2023-01-27T05:24:38.577+0000] {taskinstance.py:1768} ERROR - Task failed with exception
Traceback (most recent call last):
  File "/home/airflow/.local/lib/python3.7/site-packages/airflow/decorators/base.py", line 217, in execute
    return_value = super().execute(context)
  File "/home/airflow/.local/lib/python3.7/site-packages/airflow/operators/python.py", line 175, in execute
    return_value = self.execute_callable()
  File "/home/airflow/.local/lib/python3.7/site-packages/airflow/operators/python.py", line 192, in execute_callable
    return self.python_callable(*self.op_args, **self.op_kwargs)
  File "/opt/airflow/dags/data_ingestion_gcs_dag_v1_zones.py", line 47, in transform_csv_to_parquet
    table = csv.read_csv(src)
  File "pyarrow/_csv.pyx", line 1217, in pyarrow._csv.read_csv
  File "pyarrow/_csv.pyx", line 1226, in pyarrow._csv.read_csv
  File "pyarrow/error.pxi", line 144, in pyarrow.lib.pyarrow_internal_check_status
  File "pyarrow/error.pxi", line 115, in pyarrow.lib.check_status
OSError: zlib inflate failed: incorrect header check
[2023-01-27T05:24:38.585+0000] {taskinstance.py:1323} INFO - Marking task as FAILED. dag_id=ny_taxi_zones_dag_v3, task_id=transform_csv_to_parquet, execution_date=20230127T052425, start_date=20230127T052438, end_date=20230127T052438
[2023-01-27T05:24:38.596+0000] {standard_task_runner.py:105} ERROR - Failed to execute job 5869 for task transform_csv_to_parquet (zlib inflate failed: incorrect header check; 457)
[2023-01-27T05:24:38.625+0000] {local_task_job.py:208} INFO - Task exited with return code 1
[2023-01-27T05:24:38.658+0000] {taskinstance.py:2578} INFO - 0 downstream tasks scheduled from follow-on schedule check
