[2023-01-27T04:58:33.954+0000] {taskinstance.py:1083} INFO - Dependencies all met for <TaskInstance: fhv_taxi_data_dag_v1.download_ytd_dataset_from_web scheduled__2020-08-01T00:00:00+00:00 [queued]>
[2023-01-27T04:58:33.969+0000] {taskinstance.py:1083} INFO - Dependencies all met for <TaskInstance: fhv_taxi_data_dag_v1.download_ytd_dataset_from_web scheduled__2020-08-01T00:00:00+00:00 [queued]>
[2023-01-27T04:58:33.969+0000] {taskinstance.py:1279} INFO - 
--------------------------------------------------------------------------------
[2023-01-27T04:58:33.969+0000] {taskinstance.py:1280} INFO - Starting attempt 1 of 1
[2023-01-27T04:58:33.969+0000] {taskinstance.py:1281} INFO - 
--------------------------------------------------------------------------------
[2023-01-27T04:58:33.989+0000] {taskinstance.py:1300} INFO - Executing <Task(BashOperator): download_ytd_dataset_from_web> on 2020-08-01 00:00:00+00:00
[2023-01-27T04:58:33.999+0000] {standard_task_runner.py:55} INFO - Started process 7339 to run task
[2023-01-27T04:58:34.002+0000] {standard_task_runner.py:82} INFO - Running: ['***', 'tasks', 'run', 'fhv_taxi_data_dag_v1', 'download_ytd_dataset_from_web', 'scheduled__2020-08-01T00:00:00+00:00', '--job-id', '5756', '--raw', '--subdir', 'DAGS_FOLDER/data_ingestion_gcs_dag_v1_fhv.py', '--cfg-path', '/tmp/tmpkzmw71io']
[2023-01-27T04:58:34.004+0000] {standard_task_runner.py:83} INFO - Job 5756: Subtask download_ytd_dataset_from_web
[2023-01-27T04:58:34.078+0000] {task_command.py:388} INFO - Running <TaskInstance: fhv_taxi_data_dag_v1.download_ytd_dataset_from_web scheduled__2020-08-01T00:00:00+00:00 [running]> on host 8bc22b99c76b
[2023-01-27T04:58:34.180+0000] {taskinstance.py:1509} INFO - Exporting the following env vars:
AIRFLOW_CTX_DAG_OWNER=***
AIRFLOW_CTX_DAG_ID=fhv_taxi_data_dag_v1
AIRFLOW_CTX_TASK_ID=download_ytd_dataset_from_web
AIRFLOW_CTX_EXECUTION_DATE=2020-08-01T00:00:00+00:00
AIRFLOW_CTX_TRY_NUMBER=1
AIRFLOW_CTX_DAG_RUN_ID=scheduled__2020-08-01T00:00:00+00:00
[2023-01-27T04:58:34.181+0000] {subprocess.py:63} INFO - Tmp dir root location: 
 /tmp
[2023-01-27T04:58:34.182+0000] {subprocess.py:75} INFO - Running command: ['/bin/bash', '-c', 'wget https://github.com/DataTalksClub/nyc-tlc-data/releases/download/fhv/fhv_tripdata_2020-08.csv.gz -O /opt/***/fhv_tripdata_2020-08.csv.gz']
[2023-01-27T04:58:34.196+0000] {subprocess.py:86} INFO - Output:
[2023-01-27T04:58:34.201+0000] {subprocess.py:93} INFO - --2023-01-27 04:58:34--  https://github.com/DataTalksClub/nyc-tlc-data/releases/download/fhv/fhv_tripdata_2020-08.csv.gz
[2023-01-27T04:58:34.215+0000] {subprocess.py:93} INFO - Resolving github.com (github.com)... 140.82.121.3
[2023-01-27T04:58:34.238+0000] {subprocess.py:93} INFO - Connecting to github.com (github.com)|140.82.121.3|:443... connected.
[2023-01-27T04:58:34.582+0000] {subprocess.py:93} INFO - HTTP request sent, awaiting response... 302 Found
[2023-01-27T04:58:34.582+0000] {subprocess.py:93} INFO - Location: https://objects.githubusercontent.com/github-production-release-asset-2e65be/513814948/135ef661-0cea-4fdd-a59c-fa0e5b9c3ca4?X-Amz-Algorithm=AWS4-HMAC-SHA256&X-Amz-Credential=AKIAIWNJYAX4CSVEH53A%2F20230127%2Fus-east-1%2Fs3%2Faws4_request&X-Amz-Date=20230127T045706Z&X-Amz-Expires=300&X-Amz-Signature=e523a6a51c52355c35b5d5fa2a25c885c574107e4aac1c9a4a8992fb9d789697&X-Amz-SignedHeaders=host&actor_id=0&key_id=0&repo_id=513814948&response-content-disposition=attachment%3B%20filename%3Dfhv_tripdata_2020-08.csv.gz&response-content-type=application%2Foctet-stream [following]
[2023-01-27T04:58:34.582+0000] {subprocess.py:93} INFO - --2023-01-27 04:58:34--  https://objects.githubusercontent.com/github-production-release-asset-2e65be/513814948/135ef661-0cea-4fdd-a59c-fa0e5b9c3ca4?X-Amz-Algorithm=AWS4-HMAC-SHA256&X-Amz-Credential=AKIAIWNJYAX4CSVEH53A%2F20230127%2Fus-east-1%2Fs3%2Faws4_request&X-Amz-Date=20230127T045706Z&X-Amz-Expires=300&X-Amz-Signature=e523a6a51c52355c35b5d5fa2a25c885c574107e4aac1c9a4a8992fb9d789697&X-Amz-SignedHeaders=host&actor_id=0&key_id=0&repo_id=513814948&response-content-disposition=attachment%3B%20filename%3Dfhv_tripdata_2020-08.csv.gz&response-content-type=application%2Foctet-stream
[2023-01-27T04:58:34.590+0000] {subprocess.py:93} INFO - Resolving objects.githubusercontent.com (objects.githubusercontent.com)... 185.199.109.133, 185.199.108.133, 185.199.110.133, ...
[2023-01-27T04:58:34.612+0000] {subprocess.py:93} INFO - Connecting to objects.githubusercontent.com (objects.githubusercontent.com)|185.199.109.133|:443... connected.
[2023-01-27T04:58:35.221+0000] {subprocess.py:93} INFO - HTTP request sent, awaiting response... 200 OK
[2023-01-27T04:58:35.221+0000] {subprocess.py:93} INFO - Length: 12625788 (12M) [application/octet-stream]
[2023-01-27T04:58:35.221+0000] {subprocess.py:93} INFO - Saving to: ‘/opt/***/fhv_tripdata_2020-08.csv.gz’
[2023-01-27T04:58:35.222+0000] {subprocess.py:93} INFO - 
[2023-01-27T04:58:35.403+0000] {subprocess.py:93} INFO -      0K .......... .......... .......... .......... ..........  0%  274K 45s
[2023-01-27T04:58:35.479+0000] {subprocess.py:93} INFO -     50K .......... .......... .......... .......... ..........  0%  658K 32s
[2023-01-27T04:58:35.560+0000] {subprocess.py:93} INFO -    100K .......... .......... .......... .......... ..........  1%  618K 28s
[2023-01-27T04:58:35.564+0000] {subprocess.py:93} INFO -    150K .......... .......... .......... .......... ..........  1% 12.3M 21s
[2023-01-27T04:58:35.645+0000] {subprocess.py:93} INFO -    200K .......... .......... .......... .......... ..........  2%  618K 20s
[2023-01-27T04:58:35.647+0000] {subprocess.py:93} INFO -    250K .......... .......... .......... .......... ..........  2% 21.9M 17s
[2023-01-27T04:58:35.652+0000] {subprocess.py:93} INFO -    300K .......... .......... .......... .......... ..........  2% 9.83M 15s
[2023-01-27T04:58:35.731+0000] {subprocess.py:93} INFO -    350K .......... .......... .......... .......... ..........  3%  635K 15s
[2023-01-27T04:58:35.733+0000] {subprocess.py:93} INFO -    400K .......... .......... .......... .......... ..........  3% 19.8M 14s
[2023-01-27T04:58:35.752+0000] {subprocess.py:93} INFO -    450K .......... .......... .......... .......... ..........  4% 2.61M 13s
[2023-01-27T04:58:35.752+0000] {subprocess.py:93} INFO -    500K .......... .......... .......... .......... ..........  4%  363M 11s
[2023-01-27T04:58:35.815+0000] {subprocess.py:93} INFO -    550K .......... .......... .......... .......... ..........  4%  790K 12s
[2023-01-27T04:58:35.818+0000] {subprocess.py:93} INFO -    600K .......... .......... .......... .......... ..........  5% 16.7M 11s
[2023-01-27T04:58:35.818+0000] {subprocess.py:93} INFO -    650K .......... .......... .......... .......... ..........  5%  201M 10s
[2023-01-27T04:58:35.821+0000] {subprocess.py:93} INFO -    700K .......... .......... .......... .......... ..........  6% 18.2M 9s
[2023-01-27T04:58:35.825+0000] {subprocess.py:93} INFO -    750K .......... .......... .......... .......... ..........  6% 13.0M 9s
[2023-01-27T04:58:35.901+0000] {subprocess.py:93} INFO -    800K .......... .......... .......... .......... ..........  6%  654K 9s
[2023-01-27T04:58:35.905+0000] {subprocess.py:93} INFO -    850K .......... .......... .......... .......... ..........  7% 12.4M 9s
[2023-01-27T04:58:35.905+0000] {subprocess.py:93} INFO -    900K .......... .......... .......... .......... ..........  7%  293M 8s
[2023-01-27T04:58:35.908+0000] {subprocess.py:93} INFO -    950K .......... .......... .......... .......... ..........  8% 22.2M 8s
[2023-01-27T04:58:35.910+0000] {subprocess.py:93} INFO -   1000K .......... .......... .......... .......... ..........  8% 21.2M 7s
[2023-01-27T04:58:35.912+0000] {subprocess.py:93} INFO -   1050K .......... .......... .......... .......... ..........  8% 23.2M 7s
[2023-01-27T04:58:35.913+0000] {subprocess.py:93} INFO -   1100K .......... .......... .......... .......... ..........  9% 36.4M 7s
[2023-01-27T04:58:35.988+0000] {subprocess.py:93} INFO -   1150K .......... .......... .......... .......... ..........  9%  675K 7s
[2023-01-27T04:58:35.988+0000] {subprocess.py:93} INFO -   1200K .......... .......... .......... .......... .......... 10%  278M 7s
[2023-01-27T04:58:35.989+0000] {subprocess.py:93} INFO -   1250K .......... .......... .......... .......... .......... 10% 32.2M 7s
[2023-01-27T04:58:35.989+0000] {subprocess.py:93} INFO -   1300K .......... .......... .......... .......... .......... 10%  324M 6s
[2023-01-27T04:58:35.990+0000] {subprocess.py:93} INFO -   1350K .......... .......... .......... .......... .......... 11% 43.6M 6s
[2023-01-27T04:58:35.992+0000] {subprocess.py:93} INFO -   1400K .......... .......... .......... .......... .......... 11% 27.0M 6s
[2023-01-27T04:58:35.996+0000] {subprocess.py:93} INFO -   1450K .......... .......... .......... .......... .......... 12% 13.2M 6s
[2023-01-27T04:58:35.996+0000] {subprocess.py:93} INFO -   1500K .......... .......... .......... .......... .......... 12%  320M 5s
[2023-01-27T04:58:35.998+0000] {subprocess.py:93} INFO -   1550K .......... .......... .......... .......... .......... 12% 23.1M 5s
[2023-01-27T04:58:36.068+0000] {subprocess.py:93} INFO -   1600K .......... .......... .......... .......... .......... 13%  717K 5s
[2023-01-27T04:58:36.072+0000] {subprocess.py:93} INFO -   1650K .......... .......... .......... .......... .......... 13% 12.6M 5s
[2023-01-27T04:58:36.072+0000] {subprocess.py:93} INFO -   1700K .......... .......... .......... .......... .......... 14%  330M 5s
[2023-01-27T04:58:36.073+0000] {subprocess.py:93} INFO -   1750K .......... .......... .......... .......... .......... 14% 38.4M 5s
[2023-01-27T04:58:36.074+0000] {subprocess.py:93} INFO -   1800K .......... .......... .......... .......... .......... 15% 49.3M 5s
[2023-01-27T04:58:36.078+0000] {subprocess.py:93} INFO -   1850K .......... .......... .......... .......... .......... 15% 13.8M 5s
[2023-01-27T04:58:36.078+0000] {subprocess.py:93} INFO -   1900K .......... .......... .......... .......... .......... 15%  306M 5s
[2023-01-27T04:58:36.080+0000] {subprocess.py:93} INFO -   1950K .......... .......... .......... .......... .......... 16% 24.1M 4s
[2023-01-27T04:58:36.082+0000] {subprocess.py:93} INFO -   2000K .......... .......... .......... .......... .......... 16% 24.3M 4s
[2023-01-27T04:58:36.088+0000] {subprocess.py:93} INFO -   2050K .......... .......... .......... .......... .......... 17% 7.89M 4s
[2023-01-27T04:58:36.089+0000] {subprocess.py:93} INFO -   2100K .......... .......... .......... .......... .......... 17%  250M 4s
[2023-01-27T04:58:36.089+0000] {subprocess.py:93} INFO -   2150K .......... .......... .......... .......... .......... 17%  162M 4s
[2023-01-27T04:58:36.155+0000] {subprocess.py:93} INFO -   2200K .......... .......... .......... .......... .......... 18%  749K 4s
[2023-01-27T04:58:36.157+0000] {subprocess.py:93} INFO -   2250K .......... .......... .......... .......... .......... 18% 28.7M 4s
[2023-01-27T04:58:36.160+0000] {subprocess.py:93} INFO -   2300K .......... .......... .......... .......... .......... 19% 19.6M 4s
[2023-01-27T04:58:36.161+0000] {subprocess.py:93} INFO -   2350K .......... .......... .......... .......... .......... 19% 28.2M 4s
[2023-01-27T04:58:36.164+0000] {subprocess.py:93} INFO -   2400K .......... .......... .......... .......... .......... 19% 21.5M 4s
[2023-01-27T04:58:36.165+0000] {subprocess.py:93} INFO -   2450K .......... .......... .......... .......... .......... 20% 34.6M 4s
[2023-01-27T04:58:36.167+0000] {subprocess.py:93} INFO -   2500K .......... .......... .......... .......... .......... 20% 19.6M 4s
[2023-01-27T04:58:36.172+0000] {subprocess.py:93} INFO -   2550K .......... .......... .......... .......... .......... 21% 10.4M 4s
[2023-01-27T04:58:36.172+0000] {subprocess.py:93} INFO -   2600K .......... .......... .......... .......... .......... 21%  392M 3s
[2023-01-27T04:58:36.174+0000] {subprocess.py:93} INFO -   2650K .......... .......... .......... .......... .......... 21% 24.7M 3s
[2023-01-27T04:58:36.175+0000] {subprocess.py:93} INFO -   2700K .......... .......... .......... .......... .......... 22%  324M 3s
[2023-01-27T04:58:36.178+0000] {subprocess.py:93} INFO -   2750K .......... .......... .......... .......... .......... 22% 14.0M 3s
[2023-01-27T04:58:36.178+0000] {subprocess.py:93} INFO -   2800K .......... .......... .......... .......... .......... 23%  420M 3s
[2023-01-27T04:58:36.180+0000] {subprocess.py:93} INFO -   2850K .......... .......... .......... .......... .......... 23% 23.6M 3s
[2023-01-27T04:58:36.182+0000] {subprocess.py:93} INFO -   2900K .......... .......... .......... .......... .......... 23% 30.9M 3s
[2023-01-27T04:58:36.189+0000] {subprocess.py:93} INFO -   2950K .......... .......... .......... .......... .......... 24% 7.04M 3s
[2023-01-27T04:58:36.189+0000] {subprocess.py:93} INFO -   3000K .......... .......... .......... .......... .......... 24%  327M 3s
[2023-01-27T04:58:36.245+0000] {subprocess.py:93} INFO -   3050K .......... .......... .......... .......... .......... 25%  890K 3s
[2023-01-27T04:58:36.245+0000] {subprocess.py:93} INFO -   3100K .......... .......... .......... .......... .......... 25%  274M 3s
[2023-01-27T04:58:36.248+0000] {subprocess.py:93} INFO -   3150K .......... .......... .......... .......... .......... 25% 15.3M 3s
[2023-01-27T04:58:36.251+0000] {subprocess.py:93} INFO -   3200K .......... .......... .......... .......... .......... 26% 19.4M 3s
[2023-01-27T04:58:36.253+0000] {subprocess.py:93} INFO -   3250K .......... .......... .......... .......... .......... 26% 27.9M 3s
[2023-01-27T04:58:36.253+0000] {subprocess.py:93} INFO -   3300K .......... .......... .......... .......... .......... 27%  386M 3s
[2023-01-27T04:58:36.259+0000] {subprocess.py:93} INFO -   3350K .......... .......... .......... .......... .......... 27% 7.63M 3s
[2023-01-27T04:58:36.259+0000] {subprocess.py:93} INFO -   3400K .......... .......... .......... .......... .......... 27%  159M 3s
[2023-01-27T04:58:36.262+0000] {subprocess.py:93} INFO -   3450K .......... .......... .......... .......... .......... 28% 19.9M 3s
[2023-01-27T04:58:36.262+0000] {subprocess.py:93} INFO -   3500K .......... .......... .......... .......... .......... 28%  286M 3s
[2023-01-27T04:58:36.264+0000] {subprocess.py:93} INFO -   3550K .......... .......... .......... .......... .......... 29% 28.2M 3s
[2023-01-27T04:58:36.267+0000] {subprocess.py:93} INFO -   3600K .......... .......... .......... .......... .......... 29% 16.1M 2s
[2023-01-27T04:58:36.267+0000] {subprocess.py:93} INFO -   3650K .......... .......... .......... .......... .......... 30%  335M 2s
[2023-01-27T04:58:36.268+0000] {subprocess.py:93} INFO -   3700K .......... .......... .......... .......... .......... 30% 32.1M 2s
[2023-01-27T04:58:36.269+0000] {subprocess.py:93} INFO -   3750K .......... .......... .......... .......... .......... 30%  378M 2s
[2023-01-27T04:58:36.270+0000] {subprocess.py:93} INFO -   3800K .......... .......... .......... .......... .......... 31% 30.1M 2s
[2023-01-27T04:58:36.272+0000] {subprocess.py:93} INFO -   3850K .......... .......... .......... .......... .......... 31% 35.0M 2s
[2023-01-27T04:58:36.278+0000] {subprocess.py:93} INFO -   3900K .......... .......... .......... .......... .......... 32% 7.82M 2s
[2023-01-27T04:58:36.278+0000] {subprocess.py:93} INFO -   3950K .......... .......... .......... .......... .......... 32%  320M 2s
[2023-01-27T04:58:36.278+0000] {subprocess.py:93} INFO -   4000K .......... .......... .......... .......... .......... 32%  410M 2s
[2023-01-27T04:58:36.350+0000] {subprocess.py:93} INFO -   4050K .......... .......... .......... .......... .......... 33%  695K 2s
[2023-01-27T04:58:36.356+0000] {subprocess.py:93} INFO -   4100K .......... .......... .......... .......... .......... 33% 7.73M 2s
[2023-01-27T04:58:36.359+0000] {subprocess.py:93} INFO -   4150K .......... .......... .......... .......... .......... 34% 22.7M 2s
[2023-01-27T04:58:36.363+0000] {subprocess.py:93} INFO -   4200K .......... .......... .......... .......... .......... 34% 11.8M 2s
[2023-01-27T04:58:36.363+0000] {subprocess.py:93} INFO -   4250K .......... .......... .......... .......... .......... 34%  519M 2s
[2023-01-27T04:58:36.364+0000] {subprocess.py:93} INFO -   4300K .......... .......... .......... .......... .......... 35% 30.0M 2s
[2023-01-27T04:58:36.370+0000] {subprocess.py:93} INFO -   4350K .......... .......... .......... .......... .......... 35% 9.50M 2s
[2023-01-27T04:58:36.371+0000] {subprocess.py:93} INFO -   4400K .......... .......... .......... .......... .......... 36% 30.3M 2s
[2023-01-27T04:58:36.374+0000] {subprocess.py:93} INFO -   4450K .......... .......... .......... .......... .......... 36% 15.8M 2s
[2023-01-27T04:58:36.374+0000] {subprocess.py:93} INFO -   4500K .......... .......... .......... .......... .......... 36%  356M 2s
[2023-01-27T04:58:36.377+0000] {subprocess.py:93} INFO -   4550K .......... .......... .......... .......... .......... 37% 17.7M 2s
[2023-01-27T04:58:36.381+0000] {subprocess.py:93} INFO -   4600K .......... .......... .......... .......... .......... 37% 14.3M 2s
[2023-01-27T04:58:36.381+0000] {subprocess.py:93} INFO -   4650K .......... .......... .......... .......... .......... 38%  358M 2s
[2023-01-27T04:58:36.382+0000] {subprocess.py:93} INFO -   4700K .......... .......... .......... .......... .......... 38% 34.4M 2s
[2023-01-27T04:58:36.388+0000] {subprocess.py:93} INFO -   4750K .......... .......... .......... .......... .......... 38% 8.67M 2s
[2023-01-27T04:58:36.388+0000] {subprocess.py:93} INFO -   4800K .......... .......... .......... .......... .......... 39%  303M 2s
[2023-01-27T04:58:36.390+0000] {subprocess.py:93} INFO -   4850K .......... .......... .......... .......... .......... 39% 25.8M 2s
[2023-01-27T04:58:36.392+0000] {subprocess.py:93} INFO -   4900K .......... .......... .......... .......... .......... 40% 22.6M 2s
[2023-01-27T04:58:36.396+0000] {subprocess.py:93} INFO -   4950K .......... .......... .......... .......... .......... 40% 12.0M 2s
[2023-01-27T04:58:36.398+0000] {subprocess.py:93} INFO -   5000K .......... .......... .......... .......... .......... 40% 26.7M 2s
[2023-01-27T04:58:36.403+0000] {subprocess.py:93} INFO -   5050K .......... .......... .......... .......... .......... 41% 8.69M 2s
[2023-01-27T04:58:36.404+0000] {subprocess.py:93} INFO -   5100K .......... .......... .......... .......... .......... 41%  355M 2s
[2023-01-27T04:58:36.405+0000] {subprocess.py:93} INFO -   5150K .......... .......... .......... .......... .......... 42%  367M 2s
[2023-01-27T04:58:36.406+0000] {subprocess.py:93} INFO -   5200K .......... .......... .......... .......... .......... 42% 26.6M 2s
[2023-01-27T04:58:36.413+0000] {subprocess.py:93} INFO -   5250K .......... .......... .......... .......... .......... 42% 6.27M 2s
[2023-01-27T04:58:36.414+0000] {subprocess.py:93} INFO -   5300K .......... .......... .......... .......... .......... 43%  275M 2s
[2023-01-27T04:58:36.414+0000] {subprocess.py:93} INFO -   5350K .......... .......... .......... .......... .......... 43%  375M 2s
[2023-01-27T04:58:36.416+0000] {subprocess.py:93} INFO -   5400K .......... .......... .......... .......... .......... 44% 19.3M 2s
[2023-01-27T04:58:36.416+0000] {subprocess.py:93} INFO -   5450K .......... .......... .......... .......... .......... 44%  358M 1s
[2023-01-27T04:58:36.418+0000] {subprocess.py:93} INFO -   5500K .......... .......... .......... .......... .......... 45% 27.0M 1s
[2023-01-27T04:58:36.426+0000] {subprocess.py:93} INFO -   5550K .......... .......... .......... .......... .......... 45% 17.2M 1s
[2023-01-27T04:58:36.426+0000] {subprocess.py:93} INFO -   5600K .......... .......... .......... .......... .......... 45% 10.2M 1s
[2023-01-27T04:58:36.427+0000] {subprocess.py:93} INFO -   5650K .......... .......... .......... .......... .......... 46% 28.5M 1s
[2023-01-27T04:58:36.447+0000] {subprocess.py:93} INFO -   5700K .......... .......... .......... .......... .......... 46% 2.56M 1s
[2023-01-27T04:58:36.448+0000] {subprocess.py:93} INFO -   5750K .......... .......... .......... .......... .......... 47% 28.0M 1s
[2023-01-27T04:58:36.455+0000] {subprocess.py:93} INFO -   5800K .......... .......... .......... .......... .......... 47% 7.69M 1s
[2023-01-27T04:58:36.455+0000] {subprocess.py:93} INFO -   5850K .......... .......... .......... .......... .......... 47%  526M 1s
[2023-01-27T04:58:36.457+0000] {subprocess.py:93} INFO -   5900K .......... .......... .......... .......... .......... 48% 23.5M 1s
[2023-01-27T04:58:36.468+0000] {subprocess.py:93} INFO -   5950K .......... .......... .......... .......... .......... 48% 4.55M 1s
[2023-01-27T04:58:36.468+0000] {subprocess.py:93} INFO -   6000K .......... .......... .......... .......... .......... 49%  273M 1s
[2023-01-27T04:58:36.468+0000] {subprocess.py:93} INFO -   6050K .......... .......... .......... .......... .......... 49%  359M 1s
[2023-01-27T04:58:36.471+0000] {subprocess.py:93} INFO -   6100K .......... .......... .......... .......... .......... 49% 15.9M 1s
[2023-01-27T04:58:36.471+0000] {subprocess.py:93} INFO -   6150K .......... .......... .......... .......... .......... 50%  432M 1s
[2023-01-27T04:58:36.471+0000] {subprocess.py:93} INFO -   6200K .......... .......... .......... .......... .......... 50%  491M 1s
[2023-01-27T04:58:36.473+0000] {subprocess.py:93} INFO -   6250K .......... .......... .......... .......... .......... 51% 21.4M 1s
[2023-01-27T04:58:36.477+0000] {subprocess.py:93} INFO -   6300K .......... .......... .......... .......... .......... 51% 13.3M 1s
[2023-01-27T04:58:36.477+0000] {subprocess.py:93} INFO -   6350K .......... .......... .......... .......... .......... 51%  504M 1s
[2023-01-27T04:58:36.481+0000] {subprocess.py:93} INFO -   6400K .......... .......... .......... .......... .......... 52% 11.5M 1s
[2023-01-27T04:58:36.482+0000] {subprocess.py:93} INFO -   6450K .......... .......... .......... .......... .......... 52%  503M 1s
[2023-01-27T04:58:36.483+0000] {subprocess.py:93} INFO -   6500K .......... .......... .......... .......... .......... 53% 27.9M 1s
[2023-01-27T04:58:36.483+0000] {subprocess.py:93} INFO -   6550K .......... .......... .......... .......... .......... 53%  489M 1s
[2023-01-27T04:58:36.489+0000] {subprocess.py:93} INFO -   6600K .......... .......... .......... .......... .......... 53% 8.60M 1s
[2023-01-27T04:58:36.489+0000] {subprocess.py:93} INFO -   6650K .......... .......... .......... .......... .......... 54%  346M 1s
[2023-01-27T04:58:36.491+0000] {subprocess.py:93} INFO -   6700K .......... .......... .......... .......... .......... 54% 23.6M 1s
[2023-01-27T04:58:36.491+0000] {subprocess.py:93} INFO -   6750K .......... .......... .......... .......... .......... 55%  524M 1s
[2023-01-27T04:58:36.494+0000] {subprocess.py:93} INFO -   6800K .......... .......... .......... .......... .......... 55% 20.2M 1s
[2023-01-27T04:58:36.497+0000] {subprocess.py:93} INFO -   6850K .......... .......... .......... .......... .......... 55% 14.7M 1s
[2023-01-27T04:58:36.500+0000] {subprocess.py:93} INFO -   6900K .......... .......... .......... .......... .......... 56% 14.7M 1s
[2023-01-27T04:58:36.501+0000] {subprocess.py:93} INFO -   6950K .......... .......... .......... .......... .......... 56%  409M 1s
[2023-01-27T04:58:36.504+0000] {subprocess.py:93} INFO -   7000K .......... .......... .......... .......... .......... 57% 15.7M 1s
[2023-01-27T04:58:36.504+0000] {subprocess.py:93} INFO -   7050K .......... .......... .......... .......... .......... 57%  492M 1s
[2023-01-27T04:58:36.506+0000] {subprocess.py:93} INFO -   7100K .......... .......... .......... .......... .......... 57% 19.4M 1s
[2023-01-27T04:58:36.507+0000] {subprocess.py:93} INFO -   7150K .......... .......... .......... .......... .......... 58%  515M 1s
[2023-01-27T04:58:36.511+0000] {subprocess.py:93} INFO -   7200K .......... .......... .......... .......... .......... 58% 9.74M 1s
[2023-01-27T04:58:36.514+0000] {subprocess.py:93} INFO -   7250K .......... .......... .......... .......... .......... 59% 15.9M 1s
[2023-01-27T04:58:36.521+0000] {subprocess.py:93} INFO -   7300K .......... .......... .......... .......... .......... 59% 7.54M 1s
[2023-01-27T04:58:36.521+0000] {subprocess.py:93} INFO -   7350K .......... .......... .......... .......... .......... 60%  291M 1s
[2023-01-27T04:58:36.521+0000] {subprocess.py:93} INFO -   7400K .......... .......... .......... .......... .......... 60%  324M 1s
[2023-01-27T04:58:36.523+0000] {subprocess.py:93} INFO -   7450K .......... .......... .......... .......... .......... 60% 22.6M 1s
[2023-01-27T04:58:36.533+0000] {subprocess.py:93} INFO -   7500K .......... .......... .......... .......... .......... 61% 5.01M 1s
[2023-01-27T04:58:36.535+0000] {subprocess.py:93} INFO -   7550K .......... .......... .......... .......... .......... 61% 31.9M 1s
[2023-01-27T04:58:36.538+0000] {subprocess.py:93} INFO -   7600K .......... .......... .......... .......... .......... 62% 15.8M 1s
[2023-01-27T04:58:36.540+0000] {subprocess.py:93} INFO -   7650K .......... .......... .......... .......... .......... 62% 20.4M 1s
[2023-01-27T04:58:36.543+0000] {subprocess.py:93} INFO -   7700K .......... .......... .......... .......... .......... 62% 19.5M 1s
[2023-01-27T04:58:36.544+0000] {subprocess.py:93} INFO -   7750K .......... .......... .......... .......... .......... 63% 40.2M 1s
[2023-01-27T04:58:36.588+0000] {subprocess.py:93} INFO -   7800K .......... .......... .......... .......... .......... 63% 1.10M 1s
[2023-01-27T04:58:36.589+0000] {subprocess.py:93} INFO -   7850K .......... .......... .......... .......... .......... 64%  299M 1s
[2023-01-27T04:58:36.589+0000] {subprocess.py:93} INFO -   7900K .......... .......... .......... .......... .......... 64%  303M 1s
[2023-01-27T04:58:36.589+0000] {subprocess.py:93} INFO -   7950K .......... .......... .......... .......... .......... 64%  303M 1s
[2023-01-27T04:58:36.589+0000] {subprocess.py:93} INFO -   8000K .......... .......... .......... .......... .......... 65%  155M 1s
[2023-01-27T04:58:36.589+0000] {subprocess.py:93} INFO -   8050K .......... .......... .......... .......... .......... 65%  319M 1s
[2023-01-27T04:58:36.589+0000] {subprocess.py:93} INFO -   8100K .......... .......... .......... .......... .......... 66%  319M 1s
[2023-01-27T04:58:36.628+0000] {subprocess.py:93} INFO -   8150K .......... .......... .......... .......... .......... 66% 1.25M 1s
[2023-01-27T04:58:36.629+0000] {subprocess.py:93} INFO -   8200K .......... .......... .......... .......... .......... 66%  232M 1s
[2023-01-27T04:58:36.629+0000] {subprocess.py:93} INFO -   8250K .......... .......... .......... .......... .......... 67%  315M 1s
[2023-01-27T04:58:36.630+0000] {subprocess.py:93} INFO -   8300K .......... .......... .......... .......... .......... 67% 30.4M 1s
[2023-01-27T04:58:36.633+0000] {subprocess.py:93} INFO -   8350K .......... .......... .......... .......... .......... 68%  302M 1s
[2023-01-27T04:58:36.633+0000] {subprocess.py:93} INFO -   8400K .......... .......... .......... .......... .......... 68% 21.1M 1s
[2023-01-27T04:58:36.635+0000] {subprocess.py:93} INFO -   8450K .......... .......... .......... .......... .......... 68% 22.2M 1s
[2023-01-27T04:58:36.638+0000] {subprocess.py:93} INFO -   8500K .......... .......... .......... .......... .......... 69% 14.8M 1s
[2023-01-27T04:58:36.643+0000] {subprocess.py:93} INFO -   8550K .......... .......... .......... .......... .......... 69% 9.43M 1s
[2023-01-27T04:58:36.646+0000] {subprocess.py:93} INFO -   8600K .......... .......... .......... .......... .......... 70% 22.7M 1s
[2023-01-27T04:58:36.649+0000] {subprocess.py:93} INFO -   8650K .......... .......... .......... .......... .......... 70% 14.0M 1s
[2023-01-27T04:58:36.649+0000] {subprocess.py:93} INFO -   8700K .......... .......... .......... .......... .......... 70%  365M 1s
[2023-01-27T04:58:36.652+0000] {subprocess.py:93} INFO -   8750K .......... .......... .......... .......... .......... 71% 18.6M 1s
[2023-01-27T04:58:36.657+0000] {subprocess.py:93} INFO -   8800K .......... .......... .......... .......... .......... 71% 9.36M 1s
[2023-01-27T04:58:36.669+0000] {subprocess.py:93} INFO -   8850K .......... .......... .......... .......... .......... 72% 4.23M 1s
[2023-01-27T04:58:36.669+0000] {subprocess.py:93} INFO -   8900K .......... .......... .......... .......... .......... 72%  329M 1s
[2023-01-27T04:58:36.669+0000] {subprocess.py:93} INFO -   8950K .......... .......... .......... .......... .......... 72%  327M 1s
[2023-01-27T04:58:36.669+0000] {subprocess.py:93} INFO -   9000K .......... .......... .......... .......... .......... 73%  350M 1s
[2023-01-27T04:58:36.669+0000] {subprocess.py:93} INFO -   9050K .......... .......... .......... .......... .......... 73%  380M 1s
[2023-01-27T04:58:36.672+0000] {subprocess.py:93} INFO -   9100K .......... .......... .......... .......... .......... 74% 16.0M 1s
[2023-01-27T04:58:36.672+0000] {subprocess.py:93} INFO -   9150K .......... .......... .......... .......... .......... 74%  348M 0s
[2023-01-27T04:58:36.673+0000] {subprocess.py:93} INFO -   9200K .......... .......... .......... .......... .......... 75%  135M 0s
[2023-01-27T04:58:36.675+0000] {subprocess.py:93} INFO -   9250K .......... .......... .......... .......... .......... 75% 24.8M 0s
[2023-01-27T04:58:36.677+0000] {subprocess.py:93} INFO -   9300K .......... .......... .......... .......... .......... 75% 26.4M 0s
[2023-01-27T04:58:36.682+0000] {subprocess.py:93} INFO -   9350K .......... .......... .......... .......... .......... 76% 9.75M 0s
[2023-01-27T04:58:36.682+0000] {subprocess.py:93} INFO -   9400K .......... .......... .......... .......... .......... 76%  268M 0s
[2023-01-27T04:58:36.683+0000] {subprocess.py:93} INFO -   9450K .......... .......... .......... .......... .......... 77% 27.7M 0s
[2023-01-27T04:58:36.686+0000] {subprocess.py:93} INFO -   9500K .......... .......... .......... .......... .......... 77% 16.4M 0s
[2023-01-27T04:58:36.688+0000] {subprocess.py:93} INFO -   9550K .......... .......... .......... .......... .......... 77% 25.6M 0s
[2023-01-27T04:58:36.689+0000] {subprocess.py:93} INFO -   9600K .......... .......... .......... .......... .......... 78%  288M 0s
[2023-01-27T04:58:36.691+0000] {subprocess.py:93} INFO -   9650K .......... .......... .......... .......... .......... 78% 21.7M 0s
[2023-01-27T04:58:36.693+0000] {subprocess.py:93} INFO -   9700K .......... .......... .......... .......... .......... 79% 19.2M 0s
[2023-01-27T04:58:36.695+0000] {subprocess.py:93} INFO -   9750K .......... .......... .......... .......... .......... 79% 30.7M 0s
[2023-01-27T04:58:36.700+0000] {subprocess.py:93} INFO -   9800K .......... .......... .......... .......... .......... 79% 9.17M 0s
[2023-01-27T04:58:36.704+0000] {subprocess.py:93} INFO -   9850K .......... .......... .......... .......... .......... 80% 13.3M 0s
[2023-01-27T04:58:36.704+0000] {subprocess.py:93} INFO -   9900K .......... .......... .......... .......... .......... 80%  426M 0s
[2023-01-27T04:58:36.712+0000] {subprocess.py:93} INFO -   9950K .......... .......... .......... .......... .......... 81% 26.8M 0s
[2023-01-27T04:58:36.713+0000] {subprocess.py:93} INFO -  10000K .......... .......... .......... .......... .......... 81% 7.21M 0s
[2023-01-27T04:58:36.715+0000] {subprocess.py:93} INFO -  10050K .......... .......... .......... .......... .......... 81% 25.4M 0s
[2023-01-27T04:58:36.719+0000] {subprocess.py:93} INFO -  10100K .......... .......... .......... .......... .......... 82% 12.3M 0s
[2023-01-27T04:58:36.722+0000] {subprocess.py:93} INFO -  10150K .......... .......... .......... .......... .......... 82% 14.4M 0s
[2023-01-27T04:58:36.724+0000] {subprocess.py:93} INFO -  10200K .......... .......... .......... .......... .......... 83% 29.7M 0s
[2023-01-27T04:58:36.724+0000] {subprocess.py:93} INFO -  10250K .......... .......... .......... .......... .......... 83%  318M 0s
[2023-01-27T04:58:36.731+0000] {subprocess.py:93} INFO -  10300K .......... .......... .......... .......... .......... 83% 6.98M 0s
[2023-01-27T04:58:36.731+0000] {subprocess.py:93} INFO -  10350K .......... .......... .......... .......... .......... 84%  327M 0s
[2023-01-27T04:58:36.733+0000] {subprocess.py:93} INFO -  10400K .......... .......... .......... .......... .......... 84% 23.4M 0s
[2023-01-27T04:58:36.735+0000] {subprocess.py:93} INFO -  10450K .......... .......... .......... .......... .......... 85% 24.0M 0s
[2023-01-27T04:58:36.738+0000] {subprocess.py:93} INFO -  10500K .......... .......... .......... .......... .......... 85% 14.5M 0s
[2023-01-27T04:58:36.742+0000] {subprocess.py:93} INFO -  10550K .......... .......... .......... .......... .......... 85% 14.6M 0s
[2023-01-27T04:58:36.742+0000] {subprocess.py:93} INFO -  10600K .......... .......... .......... .......... .......... 86%  392M 0s
[2023-01-27T04:58:36.744+0000] {subprocess.py:93} INFO -  10650K .......... .......... .......... .......... .......... 86% 20.2M 0s
[2023-01-27T04:58:36.745+0000] {subprocess.py:93} INFO -  10700K .......... .......... .......... .......... .......... 87%  334M 0s
[2023-01-27T04:58:36.748+0000] {subprocess.py:93} INFO -  10750K .......... .......... .......... .......... .......... 87% 13.3M 0s
[2023-01-27T04:58:36.750+0000] {subprocess.py:93} INFO -  10800K .......... .......... .......... .......... .......... 87% 27.1M 0s
[2023-01-27T04:58:36.750+0000] {subprocess.py:93} INFO -  10850K .......... .......... .......... .......... .......... 88%  313M 0s
[2023-01-27T04:58:36.753+0000] {subprocess.py:93} INFO -  10900K .......... .......... .......... .......... .......... 88% 14.4M 0s
[2023-01-27T04:58:36.755+0000] {subprocess.py:93} INFO -  10950K .......... .......... .......... .......... .......... 89% 28.8M 0s
[2023-01-27T04:58:36.757+0000] {subprocess.py:93} INFO -  11000K .......... .......... .......... .......... .......... 89% 20.4M 0s
[2023-01-27T04:58:36.760+0000] {subprocess.py:93} INFO -  11050K .......... .......... .......... .......... .......... 90% 17.2M 0s
[2023-01-27T04:58:36.764+0000] {subprocess.py:93} INFO -  11100K .......... .......... .......... .......... .......... 90% 13.4M 0s
[2023-01-27T04:58:36.766+0000] {subprocess.py:93} INFO -  11150K .......... .......... .......... .......... .......... 90%  312M 0s
[2023-01-27T04:58:36.766+0000] {subprocess.py:93} INFO -  11200K .......... .......... .......... .......... .......... 91% 20.6M 0s
[2023-01-27T04:58:36.769+0000] {subprocess.py:93} INFO -  11250K .......... .......... .......... .......... .......... 91% 23.0M 0s
[2023-01-27T04:58:36.770+0000] {subprocess.py:93} INFO -  11300K .......... .......... .......... .......... .......... 92% 35.7M 0s
[2023-01-27T04:58:36.773+0000] {subprocess.py:93} INFO -  11350K .......... .......... .......... .......... .......... 92% 15.9M 0s
[2023-01-27T04:58:36.797+0000] {subprocess.py:93} INFO -  11400K .......... .......... .......... .......... .......... 92% 2.07M 0s
[2023-01-27T04:58:36.797+0000] {subprocess.py:93} INFO -  11450K .......... .......... .......... .......... .......... 93%  325M 0s
[2023-01-27T04:58:36.798+0000] {subprocess.py:93} INFO -  11500K .......... .......... .......... .......... .......... 93% 27.8M 0s
[2023-01-27T04:58:36.806+0000] {subprocess.py:93} INFO -  11550K .......... .......... .......... .......... .......... 94% 6.40M 0s
[2023-01-27T04:58:36.806+0000] {subprocess.py:93} INFO -  11600K .......... .......... .......... .......... .......... 94%  270M 0s
[2023-01-27T04:58:36.810+0000] {subprocess.py:93} INFO -  11650K .......... .......... .......... .......... .......... 94% 13.9M 0s
[2023-01-27T04:58:36.810+0000] {subprocess.py:93} INFO -  11700K .......... .......... .......... .......... .......... 95%  296M 0s
[2023-01-27T04:58:36.812+0000] {subprocess.py:93} INFO -  11750K .......... .......... .......... .......... .......... 95% 23.5M 0s
[2023-01-27T04:58:36.812+0000] {subprocess.py:93} INFO -  11800K .......... .......... .......... .......... .......... 96%  250M 0s
[2023-01-27T04:58:36.814+0000] {subprocess.py:93} INFO -  11850K .......... .......... .......... .......... .......... 96% 22.6M 0s
[2023-01-27T04:58:36.820+0000] {subprocess.py:93} INFO -  11900K .......... .......... .......... .......... .......... 96% 9.31M 0s
[2023-01-27T04:58:36.820+0000] {subprocess.py:93} INFO -  11950K .......... .......... .......... .......... .......... 97%  338M 0s
[2023-01-27T04:58:36.822+0000] {subprocess.py:93} INFO -  12000K .......... .......... .......... .......... .......... 97% 26.7M 0s
[2023-01-27T04:58:36.822+0000] {subprocess.py:93} INFO -  12050K .......... .......... .......... .......... .......... 98%  154M 0s
[2023-01-27T04:58:36.826+0000] {subprocess.py:93} INFO -  12100K .......... .......... .......... .......... .......... 98% 13.4M 0s
[2023-01-27T04:58:36.828+0000] {subprocess.py:93} INFO -  12150K .......... .......... .......... .......... .......... 98% 21.5M 0s
[2023-01-27T04:58:36.828+0000] {subprocess.py:93} INFO -  12200K .......... .......... .......... .......... .......... 99%  256M 0s
[2023-01-27T04:58:36.875+0000] {subprocess.py:93} INFO -  12250K .......... .......... .......... .......... .......... 99% 1.05M 0s
[2023-01-27T04:58:36.875+0000] {subprocess.py:93} INFO -  12300K .......... .......... .........                       100%  453M=1.7s
[2023-01-27T04:58:36.875+0000] {subprocess.py:93} INFO - 
[2023-01-27T04:58:36.875+0000] {subprocess.py:93} INFO - 2023-01-27 04:58:36 (7.28 MB/s) - ‘/opt/***/fhv_tripdata_2020-08.csv.gz’ saved [12625788/12625788]
[2023-01-27T04:58:36.875+0000] {subprocess.py:93} INFO - 
[2023-01-27T04:58:36.876+0000] {subprocess.py:97} INFO - Command exited with return code 0
[2023-01-27T04:58:36.902+0000] {taskinstance.py:1323} INFO - Marking task as SUCCESS. dag_id=fhv_taxi_data_dag_v1, task_id=download_ytd_dataset_from_web, execution_date=20200801T000000, start_date=20230127T045833, end_date=20230127T045836
[2023-01-27T04:58:36.938+0000] {local_task_job.py:208} INFO - Task exited with return code 0
[2023-01-27T04:58:36.970+0000] {taskinstance.py:2578} INFO - 1 downstream tasks scheduled from follow-on schedule check
