[2023-01-27T04:59:00.549+0000] {taskinstance.py:1083} INFO - Dependencies all met for <TaskInstance: fhv_taxi_data_dag_v1.transform_csv_to_parquet scheduled__2021-06-01T00:00:00+00:00 [queued]>
[2023-01-27T04:59:00.625+0000] {taskinstance.py:1083} INFO - Dependencies all met for <TaskInstance: fhv_taxi_data_dag_v1.transform_csv_to_parquet scheduled__2021-06-01T00:00:00+00:00 [queued]>
[2023-01-27T04:59:00.625+0000] {taskinstance.py:1279} INFO - 
--------------------------------------------------------------------------------
[2023-01-27T04:59:00.626+0000] {taskinstance.py:1280} INFO - Starting attempt 1 of 1
[2023-01-27T04:59:00.627+0000] {taskinstance.py:1281} INFO - 
--------------------------------------------------------------------------------
[2023-01-27T04:59:00.671+0000] {taskinstance.py:1300} INFO - Executing <Task(_PythonDecoratedOperator): transform_csv_to_parquet> on 2021-06-01 00:00:00+00:00
[2023-01-27T04:59:00.689+0000] {standard_task_runner.py:55} INFO - Started process 7882 to run task
[2023-01-27T04:59:00.746+0000] {standard_task_runner.py:82} INFO - Running: ['***', 'tasks', 'run', 'fhv_taxi_data_dag_v1', 'transform_csv_to_parquet', 'scheduled__2021-06-01T00:00:00+00:00', '--job-id', '5807', '--raw', '--subdir', 'DAGS_FOLDER/data_ingestion_gcs_dag_v1_fhv.py', '--cfg-path', '/tmp/tmp8ezzpj5f']
[2023-01-27T04:59:00.763+0000] {standard_task_runner.py:83} INFO - Job 5807: Subtask transform_csv_to_parquet
[2023-01-27T04:59:01.083+0000] {task_command.py:388} INFO - Running <TaskInstance: fhv_taxi_data_dag_v1.transform_csv_to_parquet scheduled__2021-06-01T00:00:00+00:00 [running]> on host 8bc22b99c76b
[2023-01-27T04:59:01.361+0000] {taskinstance.py:1509} INFO - Exporting the following env vars:
AIRFLOW_CTX_DAG_OWNER=***
AIRFLOW_CTX_DAG_ID=fhv_taxi_data_dag_v1
AIRFLOW_CTX_TASK_ID=transform_csv_to_parquet
AIRFLOW_CTX_EXECUTION_DATE=2021-06-01T00:00:00+00:00
AIRFLOW_CTX_TRY_NUMBER=1
AIRFLOW_CTX_DAG_RUN_ID=scheduled__2021-06-01T00:00:00+00:00
[2023-01-27T04:59:01.364+0000] {warnings.py:110} WARNING - /home/***/.local/lib/python3.7/site-packages/***/operators/python.py:192: FutureWarning: The error_bad_lines argument has been deprecated and will be removed in a future version.


  return self.python_callable(*self.op_args, **self.op_kwargs)

[2023-01-27T04:59:05.531+0000] {logging_mixin.py:137} INFO - fhv_tripdata_2021-06.parquet
[2023-01-27T04:59:05.616+0000] {python.py:177} INFO - Done. Returned value was: fhv_tripdata_2021-06.parquet
[2023-01-27T04:59:05.656+0000] {taskinstance.py:1323} INFO - Marking task as SUCCESS. dag_id=fhv_taxi_data_dag_v1, task_id=transform_csv_to_parquet, execution_date=20210601T000000, start_date=20230127T045900, end_date=20230127T045905
[2023-01-27T04:59:05.889+0000] {local_task_job.py:208} INFO - Task exited with return code 0
[2023-01-27T04:59:05.940+0000] {taskinstance.py:2578} INFO - 1 downstream tasks scheduled from follow-on schedule check
