[2023-01-27T04:56:33.657+0000] {taskinstance.py:1083} INFO - Dependencies all met for <TaskInstance: fhv_taxi_data_dag.build_csv_filename scheduled__2022-03-01T00:00:00+00:00 [queued]>
[2023-01-27T04:56:33.672+0000] {taskinstance.py:1083} INFO - Dependencies all met for <TaskInstance: fhv_taxi_data_dag.build_csv_filename scheduled__2022-03-01T00:00:00+00:00 [queued]>
[2023-01-27T04:56:33.672+0000] {taskinstance.py:1279} INFO - 
--------------------------------------------------------------------------------
[2023-01-27T04:56:33.673+0000] {taskinstance.py:1280} INFO - Starting attempt 1 of 1
[2023-01-27T04:56:33.673+0000] {taskinstance.py:1281} INFO - 
--------------------------------------------------------------------------------
[2023-01-27T04:56:33.699+0000] {taskinstance.py:1300} INFO - Executing <Task(_PythonDecoratedOperator): build_csv_filename> on 2022-03-01 00:00:00+00:00
[2023-01-27T04:56:33.710+0000] {standard_task_runner.py:55} INFO - Started process 6030 to run task
[2023-01-27T04:56:33.713+0000] {standard_task_runner.py:82} INFO - Running: ['***', 'tasks', 'run', 'fhv_taxi_data_dag', 'build_csv_filename', 'scheduled__2022-03-01T00:00:00+00:00', '--job-id', '5649', '--raw', '--subdir', 'DAGS_FOLDER/data_ingestion_gcs_dag_v1_fhv.py', '--cfg-path', '/tmp/tmpw7glpaul']
[2023-01-27T04:56:33.715+0000] {standard_task_runner.py:83} INFO - Job 5649: Subtask build_csv_filename
[2023-01-27T04:56:33.815+0000] {task_command.py:388} INFO - Running <TaskInstance: fhv_taxi_data_dag.build_csv_filename scheduled__2022-03-01T00:00:00+00:00 [running]> on host 8bc22b99c76b
[2023-01-27T04:56:33.924+0000] {taskinstance.py:1509} INFO - Exporting the following env vars:
AIRFLOW_CTX_DAG_OWNER=***
AIRFLOW_CTX_DAG_ID=fhv_taxi_data_dag
AIRFLOW_CTX_TASK_ID=build_csv_filename
AIRFLOW_CTX_EXECUTION_DATE=2022-03-01T00:00:00+00:00
AIRFLOW_CTX_TRY_NUMBER=1
AIRFLOW_CTX_DAG_RUN_ID=scheduled__2022-03-01T00:00:00+00:00
[2023-01-27T04:56:33.926+0000] {python.py:177} INFO - Done. Returned value was: yellow_tripdata_2022-03.csv.gz
[2023-01-27T04:56:33.974+0000] {taskinstance.py:1323} INFO - Marking task as SUCCESS. dag_id=fhv_taxi_data_dag, task_id=build_csv_filename, execution_date=20220301T000000, start_date=20230127T045633, end_date=20230127T045633
[2023-01-27T04:56:34.047+0000] {local_task_job.py:208} INFO - Task exited with return code 0
[2023-01-27T04:56:34.108+0000] {taskinstance.py:2578} INFO - 1 downstream tasks scheduled from follow-on schedule check
