[2023-01-27T04:57:40.206+0000] {taskinstance.py:1083} INFO - Dependencies all met for <TaskInstance: fhv_taxi_data_dag_v1.upload_to_gcs scheduled__2019-09-01T00:00:00+00:00 [queued]>
[2023-01-27T04:57:40.216+0000] {taskinstance.py:1083} INFO - Dependencies all met for <TaskInstance: fhv_taxi_data_dag_v1.upload_to_gcs scheduled__2019-09-01T00:00:00+00:00 [queued]>
[2023-01-27T04:57:40.216+0000] {taskinstance.py:1279} INFO - 
--------------------------------------------------------------------------------
[2023-01-27T04:57:40.216+0000] {taskinstance.py:1280} INFO - Starting attempt 1 of 1
[2023-01-27T04:57:40.216+0000] {taskinstance.py:1281} INFO - 
--------------------------------------------------------------------------------
[2023-01-27T04:57:40.230+0000] {taskinstance.py:1300} INFO - Executing <Task(_PythonDecoratedOperator): upload_to_gcs> on 2019-09-01 00:00:00+00:00
[2023-01-27T04:57:40.237+0000] {standard_task_runner.py:55} INFO - Started process 7011 to run task
[2023-01-27T04:57:40.240+0000] {standard_task_runner.py:82} INFO - Running: ['***', 'tasks', 'run', 'fhv_taxi_data_dag_v1', 'upload_to_gcs', 'scheduled__2019-09-01T00:00:00+00:00', '--job-id', '5732', '--raw', '--subdir', 'DAGS_FOLDER/data_ingestion_gcs_dag_v1_fhv.py', '--cfg-path', '/tmp/tmpagwz98j9']
[2023-01-27T04:57:40.243+0000] {standard_task_runner.py:83} INFO - Job 5732: Subtask upload_to_gcs
[2023-01-27T04:57:40.306+0000] {task_command.py:388} INFO - Running <TaskInstance: fhv_taxi_data_dag_v1.upload_to_gcs scheduled__2019-09-01T00:00:00+00:00 [running]> on host 8bc22b99c76b
[2023-01-27T04:57:40.408+0000] {taskinstance.py:1509} INFO - Exporting the following env vars:
AIRFLOW_CTX_DAG_OWNER=***
AIRFLOW_CTX_DAG_ID=fhv_taxi_data_dag_v1
AIRFLOW_CTX_TASK_ID=upload_to_gcs
AIRFLOW_CTX_EXECUTION_DATE=2019-09-01T00:00:00+00:00
AIRFLOW_CTX_TRY_NUMBER=1
AIRFLOW_CTX_DAG_RUN_ID=scheduled__2019-09-01T00:00:00+00:00
[2023-01-27T04:58:28.288+0000] {python.py:177} INFO - Done. Returned value was: fhv_tripdata_2019-09.parquet
[2023-01-27T04:58:28.318+0000] {taskinstance.py:1323} INFO - Marking task as SUCCESS. dag_id=fhv_taxi_data_dag_v1, task_id=upload_to_gcs, execution_date=20190901T000000, start_date=20230127T045740, end_date=20230127T045828
[2023-01-27T04:58:28.366+0000] {local_task_job.py:208} INFO - Task exited with return code 0
[2023-01-27T04:58:28.387+0000] {taskinstance.py:2578} INFO - 1 downstream tasks scheduled from follow-on schedule check
