[2023-01-27T04:58:52.819+0000] {taskinstance.py:1083} INFO - Dependencies all met for <TaskInstance: fhv_taxi_data_dag_v1.download_ytd_dataset_from_web scheduled__2021-02-01T00:00:00+00:00 [queued]>
[2023-01-27T04:58:52.833+0000] {taskinstance.py:1083} INFO - Dependencies all met for <TaskInstance: fhv_taxi_data_dag_v1.download_ytd_dataset_from_web scheduled__2021-02-01T00:00:00+00:00 [queued]>
[2023-01-27T04:58:52.834+0000] {taskinstance.py:1279} INFO - 
--------------------------------------------------------------------------------
[2023-01-27T04:58:52.834+0000] {taskinstance.py:1280} INFO - Starting attempt 1 of 1
[2023-01-27T04:58:52.834+0000] {taskinstance.py:1281} INFO - 
--------------------------------------------------------------------------------
[2023-01-27T04:58:52.855+0000] {taskinstance.py:1300} INFO - Executing <Task(BashOperator): download_ytd_dataset_from_web> on 2021-02-01 00:00:00+00:00
[2023-01-27T04:58:52.861+0000] {standard_task_runner.py:55} INFO - Started process 7718 to run task
[2023-01-27T04:58:52.863+0000] {standard_task_runner.py:82} INFO - Running: ['***', 'tasks', 'run', 'fhv_taxi_data_dag_v1', 'download_ytd_dataset_from_web', 'scheduled__2021-02-01T00:00:00+00:00', '--job-id', '5793', '--raw', '--subdir', 'DAGS_FOLDER/data_ingestion_gcs_dag_v1_fhv.py', '--cfg-path', '/tmp/tmpo4ecglzp']
[2023-01-27T04:58:52.865+0000] {standard_task_runner.py:83} INFO - Job 5793: Subtask download_ytd_dataset_from_web
[2023-01-27T04:58:52.920+0000] {task_command.py:388} INFO - Running <TaskInstance: fhv_taxi_data_dag_v1.download_ytd_dataset_from_web scheduled__2021-02-01T00:00:00+00:00 [running]> on host 8bc22b99c76b
[2023-01-27T04:58:53.008+0000] {taskinstance.py:1509} INFO - Exporting the following env vars:
AIRFLOW_CTX_DAG_OWNER=***
AIRFLOW_CTX_DAG_ID=fhv_taxi_data_dag_v1
AIRFLOW_CTX_TASK_ID=download_ytd_dataset_from_web
AIRFLOW_CTX_EXECUTION_DATE=2021-02-01T00:00:00+00:00
AIRFLOW_CTX_TRY_NUMBER=1
AIRFLOW_CTX_DAG_RUN_ID=scheduled__2021-02-01T00:00:00+00:00
[2023-01-27T04:58:53.009+0000] {subprocess.py:63} INFO - Tmp dir root location: 
 /tmp
[2023-01-27T04:58:53.010+0000] {subprocess.py:75} INFO - Running command: ['/bin/bash', '-c', 'wget https://github.com/DataTalksClub/nyc-tlc-data/releases/download/fhv/fhv_tripdata_2021-02.csv.gz -O /opt/***/fhv_tripdata_2021-02.csv.gz']
[2023-01-27T04:58:53.023+0000] {subprocess.py:86} INFO - Output:
[2023-01-27T04:58:53.027+0000] {subprocess.py:93} INFO - --2023-01-27 04:58:53--  https://github.com/DataTalksClub/nyc-tlc-data/releases/download/fhv/fhv_tripdata_2021-02.csv.gz
[2023-01-27T04:58:53.043+0000] {subprocess.py:93} INFO - Resolving github.com (github.com)... 140.82.121.3
[2023-01-27T04:58:53.066+0000] {subprocess.py:93} INFO - Connecting to github.com (github.com)|140.82.121.3|:443... connected.
[2023-01-27T04:58:53.420+0000] {subprocess.py:93} INFO - HTTP request sent, awaiting response... 302 Found
[2023-01-27T04:58:53.420+0000] {subprocess.py:93} INFO - Location: https://objects.githubusercontent.com/github-production-release-asset-2e65be/513814948/1574bd70-9856-45bf-8beb-3ddf246c2ab8?X-Amz-Algorithm=AWS4-HMAC-SHA256&X-Amz-Credential=AKIAIWNJYAX4CSVEH53A%2F20230127%2Fus-east-1%2Fs3%2Faws4_request&X-Amz-Date=20230127T045725Z&X-Amz-Expires=300&X-Amz-Signature=6bf54a95237825caf0f433ed319cbf41bf8b847e536a9847ad916114f0f50488&X-Amz-SignedHeaders=host&actor_id=0&key_id=0&repo_id=513814948&response-content-disposition=attachment%3B%20filename%3Dfhv_tripdata_2021-02.csv.gz&response-content-type=application%2Foctet-stream [following]
[2023-01-27T04:58:53.420+0000] {subprocess.py:93} INFO - --2023-01-27 04:58:53--  https://objects.githubusercontent.com/github-production-release-asset-2e65be/513814948/1574bd70-9856-45bf-8beb-3ddf246c2ab8?X-Amz-Algorithm=AWS4-HMAC-SHA256&X-Amz-Credential=AKIAIWNJYAX4CSVEH53A%2F20230127%2Fus-east-1%2Fs3%2Faws4_request&X-Amz-Date=20230127T045725Z&X-Amz-Expires=300&X-Amz-Signature=6bf54a95237825caf0f433ed319cbf41bf8b847e536a9847ad916114f0f50488&X-Amz-SignedHeaders=host&actor_id=0&key_id=0&repo_id=513814948&response-content-disposition=attachment%3B%20filename%3Dfhv_tripdata_2021-02.csv.gz&response-content-type=application%2Foctet-stream
[2023-01-27T04:58:53.431+0000] {subprocess.py:93} INFO - Resolving objects.githubusercontent.com (objects.githubusercontent.com)... 185.199.108.133, 185.199.110.133, 185.199.111.133, ...
[2023-01-27T04:58:53.458+0000] {subprocess.py:93} INFO - Connecting to objects.githubusercontent.com (objects.githubusercontent.com)|185.199.108.133|:443... connected.
[2023-01-27T04:58:53.913+0000] {subprocess.py:93} INFO - HTTP request sent, awaiting response... 200 OK
[2023-01-27T04:58:53.913+0000] {subprocess.py:93} INFO - Length: 10571339 (10M) [application/octet-stream]
[2023-01-27T04:58:53.913+0000] {subprocess.py:93} INFO - Saving to: ‘/opt/***/fhv_tripdata_2021-02.csv.gz’
[2023-01-27T04:58:53.913+0000] {subprocess.py:93} INFO - 
[2023-01-27T04:58:53.939+0000] {subprocess.py:93} INFO -      0K .......... .......... .......... .......... ..........  0% 1.86M 5s
[2023-01-27T04:58:53.960+0000] {subprocess.py:93} INFO -     50K .......... .......... .......... .......... ..........  0% 2.39M 5s
[2023-01-27T04:58:53.961+0000] {subprocess.py:93} INFO -    100K .......... .......... .......... .......... ..........  1% 45.7M 3s
[2023-01-27T04:58:53.967+0000] {subprocess.py:93} INFO -    150K .......... .......... .......... .......... ..........  1% 7.38M 3s
[2023-01-27T04:58:53.982+0000] {subprocess.py:93} INFO -    200K .......... .......... .......... .......... ..........  2% 3.38M 3s
[2023-01-27T04:58:53.985+0000] {subprocess.py:93} INFO -    250K .......... .......... .......... .......... ..........  2% 14.2M 2s
[2023-01-27T04:58:53.989+0000] {subprocess.py:93} INFO -    300K .......... .......... .......... .......... ..........  3% 13.3M 2s
[2023-01-27T04:58:53.993+0000] {subprocess.py:93} INFO -    350K .......... .......... .......... .......... ..........  3% 12.5M 2s
[2023-01-27T04:58:53.997+0000] {subprocess.py:93} INFO -    400K .......... .......... .......... .......... ..........  4% 10.3M 2s
[2023-01-27T04:58:54.000+0000] {subprocess.py:93} INFO -    450K .......... .......... .......... .......... ..........  4% 21.4M 2s
[2023-01-27T04:58:54.008+0000] {subprocess.py:93} INFO -    500K .......... .......... .......... .......... ..........  5% 5.73M 2s
[2023-01-27T04:58:54.012+0000] {subprocess.py:93} INFO -    550K .......... .......... .......... .......... ..........  5% 11.3M 2s
[2023-01-27T04:58:54.013+0000] {subprocess.py:93} INFO -    600K .......... .......... .......... .......... ..........  6%  423M 1s
[2023-01-27T04:58:54.014+0000] {subprocess.py:93} INFO -    650K .......... .......... .......... .......... ..........  6% 29.3M 1s
[2023-01-27T04:58:54.018+0000] {subprocess.py:93} INFO -    700K .......... .......... .......... .......... ..........  7% 12.4M 1s
[2023-01-27T04:58:54.020+0000] {subprocess.py:93} INFO -    750K .......... .......... .......... .......... ..........  7% 30.9M 1s
[2023-01-27T04:58:54.023+0000] {subprocess.py:93} INFO -    800K .......... .......... .......... .......... ..........  8% 13.2M 1s
[2023-01-27T04:58:54.025+0000] {subprocess.py:93} INFO -    850K .......... .......... .......... .......... ..........  8% 27.1M 1s
[2023-01-27T04:58:54.029+0000] {subprocess.py:93} INFO -    900K .......... .......... .......... .......... ..........  9% 15.3M 1s
[2023-01-27T04:58:54.030+0000] {subprocess.py:93} INFO -    950K .......... .......... .......... .......... ..........  9% 27.7M 1s
[2023-01-27T04:58:54.035+0000] {subprocess.py:93} INFO -   1000K .......... .......... .......... .......... .......... 10% 9.57M 1s
[2023-01-27T04:58:54.037+0000] {subprocess.py:93} INFO -   1050K .......... .......... .......... .......... .......... 10% 27.1M 1s
[2023-01-27T04:58:54.039+0000] {subprocess.py:93} INFO -   1100K .......... .......... .......... .......... .......... 11% 34.1M 1s
[2023-01-27T04:58:54.048+0000] {subprocess.py:93} INFO -   1150K .......... .......... .......... .......... .......... 11% 5.12M 1s
[2023-01-27T04:58:54.050+0000] {subprocess.py:93} INFO -   1200K .......... .......... .......... .......... .......... 12% 23.6M 1s
[2023-01-27T04:58:54.052+0000] {subprocess.py:93} INFO -   1250K .......... .......... .......... .......... .......... 12% 34.1M 1s
[2023-01-27T04:58:54.055+0000] {subprocess.py:93} INFO -   1300K .......... .......... .......... .......... .......... 13% 16.1M 1s
[2023-01-27T04:58:54.058+0000] {subprocess.py:93} INFO -   1350K .......... .......... .......... .......... .......... 13% 13.9M 1s
[2023-01-27T04:58:54.060+0000] {subprocess.py:93} INFO -   1400K .......... .......... .......... .......... .......... 14% 30.4M 1s
[2023-01-27T04:58:54.062+0000] {subprocess.py:93} INFO -   1450K .......... .......... .......... .......... .......... 14% 22.1M 1s
[2023-01-27T04:58:54.066+0000] {subprocess.py:93} INFO -   1500K .......... .......... .......... .......... .......... 15% 12.1M 1s
[2023-01-27T04:58:54.070+0000] {subprocess.py:93} INFO -   1550K .......... .......... .......... .......... .......... 15% 11.6M 1s
[2023-01-27T04:58:54.074+0000] {subprocess.py:93} INFO -   1600K .......... .......... .......... .......... .......... 15% 13.9M 1s
[2023-01-27T04:58:54.076+0000] {subprocess.py:93} INFO -   1650K .......... .......... .......... .......... .......... 16% 26.2M 1s
[2023-01-27T04:58:54.082+0000] {subprocess.py:93} INFO -   1700K .......... .......... .......... .......... .......... 16% 7.69M 1s
[2023-01-27T04:58:54.084+0000] {subprocess.py:93} INFO -   1750K .......... .......... .......... .......... .......... 17% 27.2M 1s
[2023-01-27T04:58:54.085+0000] {subprocess.py:93} INFO -   1800K .......... .......... .......... .......... .......... 17% 33.7M 1s
[2023-01-27T04:58:54.089+0000] {subprocess.py:93} INFO -   1850K .......... .......... .......... .......... .......... 18% 12.0M 1s
[2023-01-27T04:58:54.092+0000] {subprocess.py:93} INFO -   1900K .......... .......... .......... .......... .......... 18% 17.9M 1s
[2023-01-27T04:58:54.103+0000] {subprocess.py:93} INFO -   1950K .......... .......... .......... .......... .......... 19% 4.31M 1s
[2023-01-27T04:58:54.104+0000] {subprocess.py:93} INFO -   2000K .......... .......... .......... .......... .......... 19%  324M 1s
[2023-01-27T04:58:54.107+0000] {subprocess.py:93} INFO -   2050K .......... .......... .......... .......... .......... 20% 12.6M 1s
[2023-01-27T04:58:54.107+0000] {subprocess.py:93} INFO -   2100K .......... .......... .......... .......... .......... 20%  290M 1s
[2023-01-27T04:58:54.110+0000] {subprocess.py:93} INFO -   2150K .......... .......... .......... .......... .......... 21% 23.3M 1s
[2023-01-27T04:58:54.112+0000] {subprocess.py:93} INFO -   2200K .......... .......... .......... .......... .......... 21% 20.4M 1s
[2023-01-27T04:58:54.119+0000] {subprocess.py:93} INFO -   2250K .......... .......... .......... .......... .......... 22% 7.37M 1s
[2023-01-27T04:58:54.119+0000] {subprocess.py:93} INFO -   2300K .......... .......... .......... .......... .......... 22%  421M 1s
[2023-01-27T04:58:54.121+0000] {subprocess.py:93} INFO -   2350K .......... .......... .......... .......... .......... 23% 19.3M 1s
[2023-01-27T04:58:54.128+0000] {subprocess.py:93} INFO -   2400K .......... .......... .......... .......... .......... 23% 7.01M 1s
[2023-01-27T04:58:54.128+0000] {subprocess.py:93} INFO -   2450K .......... .......... .......... .......... .......... 24%  265M 1s
[2023-01-27T04:58:54.131+0000] {subprocess.py:93} INFO -   2500K .......... .......... .......... .......... .......... 24% 20.2M 1s
[2023-01-27T04:58:54.132+0000] {subprocess.py:93} INFO -   2550K .......... .......... .......... .......... .......... 25% 28.3M 1s
[2023-01-27T04:58:54.138+0000] {subprocess.py:93} INFO -   2600K .......... .......... .......... .......... .......... 25% 9.68M 1s
[2023-01-27T04:58:54.140+0000] {subprocess.py:93} INFO -   2650K .......... .......... .......... .......... .......... 26% 22.1M 1s
[2023-01-27T04:58:54.144+0000] {subprocess.py:93} INFO -   2700K .......... .......... .......... .......... .......... 26% 12.0M 1s
[2023-01-27T04:58:54.146+0000] {subprocess.py:93} INFO -   2750K .......... .......... .......... .......... .......... 27% 25.4M 1s
[2023-01-27T04:58:54.150+0000] {subprocess.py:93} INFO -   2800K .......... .......... .......... .......... .......... 27% 12.8M 1s
[2023-01-27T04:58:54.154+0000] {subprocess.py:93} INFO -   2850K .......... .......... .......... .......... .......... 28% 10.9M 1s
[2023-01-27T04:58:54.158+0000] {subprocess.py:93} INFO -   2900K .......... .......... .......... .......... .......... 28% 11.9M 1s
[2023-01-27T04:58:54.160+0000] {subprocess.py:93} INFO -   2950K .......... .......... .......... .......... .......... 29% 26.7M 1s
[2023-01-27T04:58:54.160+0000] {subprocess.py:93} INFO -   3000K .......... .......... .......... .......... .......... 29%  379M 1s
[2023-01-27T04:58:54.164+0000] {subprocess.py:93} INFO -   3050K .......... .......... .......... .......... .......... 30% 11.7M 1s
[2023-01-27T04:58:54.174+0000] {subprocess.py:93} INFO -   3100K .......... .......... .......... .......... .......... 30% 4.95M 1s
[2023-01-27T04:58:54.174+0000] {subprocess.py:93} INFO -   3150K .......... .......... .......... .......... .......... 30%  240M 1s
[2023-01-27T04:58:54.177+0000] {subprocess.py:93} INFO -   3200K .......... .......... .......... .......... .......... 31% 17.8M 1s
[2023-01-27T04:58:54.178+0000] {subprocess.py:93} INFO -   3250K .......... .......... .......... .......... .......... 31% 67.6M 1s
[2023-01-27T04:58:54.179+0000] {subprocess.py:93} INFO -   3300K .......... .......... .......... .......... .......... 32% 30.1M 1s
[2023-01-27T04:58:54.182+0000] {subprocess.py:93} INFO -   3350K .......... .......... .......... .......... .......... 32% 21.1M 1s
[2023-01-27T04:58:54.188+0000] {subprocess.py:93} INFO -   3400K .......... .......... .......... .......... .......... 33% 8.27M 1s
[2023-01-27T04:58:54.191+0000] {subprocess.py:93} INFO -   3450K .......... .......... .......... .......... .......... 33% 13.4M 1s
[2023-01-27T04:58:54.198+0000] {subprocess.py:93} INFO -   3500K .......... .......... .......... .......... .......... 34% 7.46M 1s
[2023-01-27T04:58:54.198+0000] {subprocess.py:93} INFO -   3550K .......... .......... .......... .......... .......... 34%  220M 1s
[2023-01-27T04:58:54.202+0000] {subprocess.py:93} INFO -   3600K .......... .......... .......... .......... .......... 35% 13.3M 1s
[2023-01-27T04:58:54.202+0000] {subprocess.py:93} INFO -   3650K .......... .......... .......... .......... .......... 35%  267M 1s
[2023-01-27T04:58:54.206+0000] {subprocess.py:93} INFO -   3700K .......... .......... .......... .......... .......... 36% 10.8M 1s
[2023-01-27T04:58:54.212+0000] {subprocess.py:93} INFO -   3750K .......... .......... .......... .......... .......... 36% 8.41M 1s
[2023-01-27T04:58:54.212+0000] {subprocess.py:93} INFO -   3800K .......... .......... .......... .......... .......... 37%  251M 1s
[2023-01-27T04:58:54.221+0000] {subprocess.py:93} INFO -   3850K .......... .......... .......... .......... .......... 37% 5.52M 1s
[2023-01-27T04:58:54.222+0000] {subprocess.py:93} INFO -   3900K .......... .......... .......... .......... .......... 38%  320M 0s
[2023-01-27T04:58:54.224+0000] {subprocess.py:93} INFO -   3950K .......... .......... .......... .......... .......... 38% 17.3M 0s
[2023-01-27T04:58:54.226+0000] {subprocess.py:93} INFO -   4000K .......... .......... .......... .......... .......... 39% 22.7M 0s
[2023-01-27T04:58:54.237+0000] {subprocess.py:93} INFO -   4050K .......... .......... .......... .......... .......... 39% 4.81M 0s
[2023-01-27T04:58:54.237+0000] {subprocess.py:93} INFO -   4100K .......... .......... .......... .......... .......... 40%  444M 0s
[2023-01-27T04:58:54.240+0000] {subprocess.py:93} INFO -   4150K .......... .......... .......... .......... .......... 40% 17.2M 0s
[2023-01-27T04:58:54.240+0000] {subprocess.py:93} INFO -   4200K .......... .......... .......... .......... .......... 41%  246M 0s
[2023-01-27T04:58:54.242+0000] {subprocess.py:93} INFO -   4250K .......... .......... .......... .......... .......... 41% 22.2M 0s
[2023-01-27T04:58:54.253+0000] {subprocess.py:93} INFO -   4300K .......... .......... .......... .......... .......... 42% 4.40M 0s
[2023-01-27T04:58:54.253+0000] {subprocess.py:93} INFO -   4350K .......... .......... .......... .......... .......... 42%  315M 0s
[2023-01-27T04:58:54.257+0000] {subprocess.py:93} INFO -   4400K .......... .......... .......... .......... .......... 43% 13.9M 0s
[2023-01-27T04:58:54.257+0000] {subprocess.py:93} INFO -   4450K .......... .......... .......... .......... .......... 43%  343M 0s
[2023-01-27T04:58:54.259+0000] {subprocess.py:93} INFO -   4500K .......... .......... .......... .......... .......... 44% 19.4M 0s
[2023-01-27T04:58:54.266+0000] {subprocess.py:93} INFO -   4550K .......... .......... .......... .......... .......... 44% 7.76M 0s
[2023-01-27T04:58:54.266+0000] {subprocess.py:93} INFO -   4600K .......... .......... .......... .......... .......... 45%  147M 0s
[2023-01-27T04:58:54.268+0000] {subprocess.py:93} INFO -   4650K .......... .......... .......... .......... .......... 45% 23.7M 0s
[2023-01-27T04:58:54.270+0000] {subprocess.py:93} INFO -   4700K .......... .......... .......... .......... .......... 46% 26.6M 0s
[2023-01-27T04:58:54.278+0000] {subprocess.py:93} INFO -   4750K .......... .......... .......... .......... .......... 46% 6.24M 0s
[2023-01-27T04:58:54.278+0000] {subprocess.py:93} INFO -   4800K .......... .......... .......... .......... .......... 46% 70.9M 0s
[2023-01-27T04:58:54.289+0000] {subprocess.py:93} INFO -   4850K .......... .......... .......... .......... .......... 47% 4.60M 0s
[2023-01-27T04:58:54.289+0000] {subprocess.py:93} INFO -   4900K .......... .......... .......... .......... .......... 47%  240M 0s
[2023-01-27T04:58:54.289+0000] {subprocess.py:93} INFO -   4950K .......... .......... .......... .......... .......... 48%  324M 0s
[2023-01-27T04:58:54.292+0000] {subprocess.py:93} INFO -   5000K .......... .......... .......... .......... .......... 48% 17.0M 0s
[2023-01-27T04:58:54.295+0000] {subprocess.py:93} INFO -   5050K .......... .......... .......... .......... .......... 49% 19.3M 0s
[2023-01-27T04:58:54.304+0000] {subprocess.py:93} INFO -   5100K .......... .......... .......... .......... .......... 49% 5.39M 0s
[2023-01-27T04:58:54.304+0000] {subprocess.py:93} INFO -   5150K .......... .......... .......... .......... .......... 50%  308M 0s
[2023-01-27T04:58:54.307+0000] {subprocess.py:93} INFO -   5200K .......... .......... .......... .......... .......... 50% 17.2M 0s
[2023-01-27T04:58:54.307+0000] {subprocess.py:93} INFO -   5250K .......... .......... .......... .......... .......... 51%  231M 0s
[2023-01-27T04:58:54.309+0000] {subprocess.py:93} INFO -   5300K .......... .......... .......... .......... .......... 51% 24.8M 0s
[2023-01-27T04:58:54.319+0000] {subprocess.py:93} INFO -   5350K .......... .......... .......... .......... .......... 52% 4.69M 0s
[2023-01-27T04:58:54.320+0000] {subprocess.py:93} INFO -   5400K .......... .......... .......... .......... .......... 52%  431M 0s
[2023-01-27T04:58:54.325+0000] {subprocess.py:93} INFO -   5450K .......... .......... .......... .......... .......... 53% 9.04M 0s
[2023-01-27T04:58:54.325+0000] {subprocess.py:93} INFO -   5500K .......... .......... .......... .......... .......... 53%  315M 0s
[2023-01-27T04:58:54.331+0000] {subprocess.py:93} INFO -   5550K .......... .......... .......... .......... .......... 54% 7.74M 0s
[2023-01-27T04:58:54.332+0000] {subprocess.py:93} INFO -   5600K .......... .......... .......... .......... .......... 54%  300M 0s
[2023-01-27T04:58:54.334+0000] {subprocess.py:93} INFO -   5650K .......... .......... .......... .......... .......... 55% 21.5M 0s
[2023-01-27T04:58:54.339+0000] {subprocess.py:93} INFO -   5700K .......... .......... .......... .......... .......... 55% 9.25M 0s
[2023-01-27T04:58:54.339+0000] {subprocess.py:93} INFO -   5750K .......... .......... .......... .......... .......... 56%  310M 0s
[2023-01-27T04:58:54.344+0000] {subprocess.py:93} INFO -   5800K .......... .......... .......... .......... .......... 56% 10.5M 0s
[2023-01-27T04:58:54.346+0000] {subprocess.py:93} INFO -   5850K .......... .......... .......... .......... .......... 57% 20.4M 0s
[2023-01-27T04:58:54.348+0000] {subprocess.py:93} INFO -   5900K .......... .......... .......... .......... .......... 57% 30.9M 0s
[2023-01-27T04:58:54.352+0000] {subprocess.py:93} INFO -   5950K .......... .......... .......... .......... .......... 58% 10.7M 0s
[2023-01-27T04:58:54.361+0000] {subprocess.py:93} INFO -   6000K .......... .......... .......... .......... .......... 58% 5.84M 0s
[2023-01-27T04:58:54.361+0000] {subprocess.py:93} INFO -   6050K .......... .......... .......... .......... .......... 59%  227M 0s
[2023-01-27T04:58:54.364+0000] {subprocess.py:93} INFO -   6100K .......... .......... .......... .......... .......... 59% 19.1M 0s
[2023-01-27T04:58:54.365+0000] {subprocess.py:93} INFO -   6150K .......... .......... .......... .......... .......... 60% 25.7M 0s
[2023-01-27T04:58:54.374+0000] {subprocess.py:93} INFO -   6200K .......... .......... .......... .......... .......... 60% 5.48M 0s
[2023-01-27T04:58:54.375+0000] {subprocess.py:93} INFO -   6250K .......... .......... .......... .......... .......... 61%  131M 0s
[2023-01-27T04:58:54.377+0000] {subprocess.py:93} INFO -   6300K .......... .......... .......... .......... .......... 61% 18.6M 0s
[2023-01-27T04:58:54.379+0000] {subprocess.py:93} INFO -   6350K .......... .......... .......... .......... .......... 61% 25.1M 0s
[2023-01-27T04:58:54.384+0000] {subprocess.py:93} INFO -   6400K .......... .......... .......... .......... .......... 62% 10.9M 0s
[2023-01-27T04:58:54.385+0000] {subprocess.py:93} INFO -   6450K .......... .......... .......... .......... .......... 62% 29.5M 0s
[2023-01-27T04:58:54.388+0000] {subprocess.py:93} INFO -   6500K .......... .......... .......... .......... .......... 63% 16.5M 0s
[2023-01-27T04:58:54.392+0000] {subprocess.py:93} INFO -   6550K .......... .......... .......... .......... .......... 63% 14.0M 0s
[2023-01-27T04:58:54.393+0000] {subprocess.py:93} INFO -   6600K .......... .......... .......... .......... .......... 64% 32.5M 0s
[2023-01-27T04:58:54.399+0000] {subprocess.py:93} INFO -   6650K .......... .......... .......... .......... .......... 64% 9.07M 0s
[2023-01-27T04:58:54.400+0000] {subprocess.py:93} INFO -   6700K .......... .......... .......... .......... .......... 65% 30.3M 0s
[2023-01-27T04:58:54.404+0000] {subprocess.py:93} INFO -   6750K .......... .......... .......... .......... .......... 65% 13.7M 0s
[2023-01-27T04:58:54.412+0000] {subprocess.py:93} INFO -   6800K .......... .......... .......... .......... .......... 66% 6.15M 0s
[2023-01-27T04:58:54.412+0000] {subprocess.py:93} INFO -   6850K .......... .......... .......... .......... .......... 66%  208M 0s
[2023-01-27T04:58:54.417+0000] {subprocess.py:93} INFO -   6900K .......... .......... .......... .......... .......... 67% 11.2M 0s
[2023-01-27T04:58:54.418+0000] {subprocess.py:93} INFO -   6950K .......... .......... .......... .......... .......... 67% 26.5M 0s
[2023-01-27T04:58:54.423+0000] {subprocess.py:93} INFO -   7000K .......... .......... .......... .......... .......... 68% 11.6M 0s
[2023-01-27T04:58:54.427+0000] {subprocess.py:93} INFO -   7050K .......... .......... .......... .......... .......... 68% 11.2M 0s
[2023-01-27T04:58:54.427+0000] {subprocess.py:93} INFO -   7100K .......... .......... .......... .......... .......... 69%  146M 0s
[2023-01-27T04:58:54.431+0000] {subprocess.py:93} INFO -   7150K .......... .......... .......... .......... .......... 69% 28.8M 0s
[2023-01-27T04:58:54.433+0000] {subprocess.py:93} INFO -   7200K .......... .......... .......... .......... .......... 70% 12.5M 0s
[2023-01-27T04:58:54.442+0000] {subprocess.py:93} INFO -   7250K .......... .......... .......... .......... .......... 70% 5.72M 0s
[2023-01-27T04:58:54.442+0000] {subprocess.py:93} INFO -   7300K .......... .......... .......... .......... .......... 71%  149M 0s
[2023-01-27T04:58:54.444+0000] {subprocess.py:93} INFO -   7350K .......... .......... .......... .......... .......... 71% 23.4M 0s
[2023-01-27T04:58:54.449+0000] {subprocess.py:93} INFO -   7400K .......... .......... .......... .......... .......... 72% 10.7M 0s
[2023-01-27T04:58:54.450+0000] {subprocess.py:93} INFO -   7450K .......... .......... .......... .......... .......... 72% 27.9M 0s
[2023-01-27T04:58:54.452+0000] {subprocess.py:93} INFO -   7500K .......... .......... .......... .......... .......... 73% 31.0M 0s
[2023-01-27T04:58:54.457+0000] {subprocess.py:93} INFO -   7550K .......... .......... .......... .......... .......... 73% 16.7M 0s
[2023-01-27T04:58:54.463+0000] {subprocess.py:93} INFO -   7600K .......... .......... .......... .......... .......... 74% 5.52M 0s
[2023-01-27T04:58:54.466+0000] {subprocess.py:93} INFO -   7650K .......... .......... .......... .......... .......... 74% 22.8M 0s
[2023-01-27T04:58:54.466+0000] {subprocess.py:93} INFO -   7700K .......... .......... .......... .......... .......... 75%  231M 0s
[2023-01-27T04:58:54.468+0000] {subprocess.py:93} INFO -   7750K .......... .......... .......... .......... .......... 75% 18.6M 0s
[2023-01-27T04:58:54.471+0000] {subprocess.py:93} INFO -   7800K .......... .......... .......... .......... .......... 76% 18.8M 0s
[2023-01-27T04:58:54.475+0000] {subprocess.py:93} INFO -   7850K .......... .......... .......... .......... .......... 76% 12.3M 0s
[2023-01-27T04:58:54.485+0000] {subprocess.py:93} INFO -   7900K .......... .......... .......... .......... .......... 77% 4.80M 0s
[2023-01-27T04:58:54.486+0000] {subprocess.py:93} INFO -   7950K .......... .......... .......... .......... .......... 77%  235M 0s
[2023-01-27T04:58:54.488+0000] {subprocess.py:93} INFO -   8000K .......... .......... .......... .......... .......... 77% 18.4M 0s
[2023-01-27T04:58:54.490+0000] {subprocess.py:93} INFO -   8050K .......... .......... .......... .......... .......... 78% 28.7M 0s
[2023-01-27T04:58:54.501+0000] {subprocess.py:93} INFO -   8100K .......... .......... .......... .......... .......... 78% 4.58M 0s
[2023-01-27T04:58:54.501+0000] {subprocess.py:93} INFO -   8150K .......... .......... .......... .......... .......... 79%  234M 0s
[2023-01-27T04:58:54.504+0000] {subprocess.py:93} INFO -   8200K .......... .......... .......... .......... .......... 79% 16.4M 0s
[2023-01-27T04:58:54.504+0000] {subprocess.py:93} INFO -   8250K .......... .......... .......... .......... .......... 80%  297M 0s
[2023-01-27T04:58:54.506+0000] {subprocess.py:93} INFO -   8300K .......... .......... .......... .......... .......... 80% 20.5M 0s
[2023-01-27T04:58:54.511+0000] {subprocess.py:93} INFO -   8350K .......... .......... .......... .......... .......... 81% 10.4M 0s
[2023-01-27T04:58:54.513+0000] {subprocess.py:93} INFO -   8400K .......... .......... .......... .......... .......... 81% 26.1M 0s
[2023-01-27T04:58:54.515+0000] {subprocess.py:93} INFO -   8450K .......... .......... .......... .......... .......... 82% 20.9M 0s
[2023-01-27T04:58:54.518+0000] {subprocess.py:93} INFO -   8500K .......... .......... .......... .......... .......... 82% 17.3M 0s
[2023-01-27T04:58:54.522+0000] {subprocess.py:93} INFO -   8550K .......... .......... .......... .......... .......... 83% 10.9M 0s
[2023-01-27T04:58:54.524+0000] {subprocess.py:93} INFO -   8600K .......... .......... .......... .......... .......... 83% 28.8M 0s
[2023-01-27T04:58:54.528+0000] {subprocess.py:93} INFO -   8650K .......... .......... .......... .......... .......... 84% 12.8M 0s
[2023-01-27T04:58:54.530+0000] {subprocess.py:93} INFO -   8700K .......... .......... .......... .......... .......... 84% 28.4M 0s
[2023-01-27T04:58:54.536+0000] {subprocess.py:93} INFO -   8750K .......... .......... .......... .......... .......... 85% 11.1M 0s
[2023-01-27T04:58:54.538+0000] {subprocess.py:93} INFO -   8800K .......... .......... .......... .......... .......... 85% 13.5M 0s
[2023-01-27T04:58:54.540+0000] {subprocess.py:93} INFO -   8850K .......... .......... .......... .......... .......... 86% 22.7M 0s
[2023-01-27T04:58:54.545+0000] {subprocess.py:93} INFO -   8900K .......... .......... .......... .......... .......... 86% 9.40M 0s
[2023-01-27T04:58:54.551+0000] {subprocess.py:93} INFO -   8950K .......... .......... .......... .......... .......... 87% 8.11M 0s
[2023-01-27T04:58:54.551+0000] {subprocess.py:93} INFO -   9000K .......... .......... .......... .......... .......... 87%  403M 0s
[2023-01-27T04:58:54.553+0000] {subprocess.py:93} INFO -   9050K .......... .......... .......... .......... .......... 88% 26.8M 0s
[2023-01-27T04:58:54.559+0000] {subprocess.py:93} INFO -   9100K .......... .......... .......... .......... .......... 88% 7.56M 0s
[2023-01-27T04:58:54.562+0000] {subprocess.py:93} INFO -   9150K .......... .......... .......... .......... .......... 89% 22.0M 0s
[2023-01-27T04:58:54.563+0000] {subprocess.py:93} INFO -   9200K .......... .......... .......... .......... .......... 89% 28.2M 0s
[2023-01-27T04:58:54.566+0000] {subprocess.py:93} INFO -   9250K .......... .......... .......... .......... .......... 90% 19.4M 0s
[2023-01-27T04:58:54.569+0000] {subprocess.py:93} INFO -   9300K .......... .......... .......... .......... .......... 90% 14.9M 0s
[2023-01-27T04:58:54.574+0000] {subprocess.py:93} INFO -   9350K .......... .......... .......... .......... .......... 91% 9.76M 0s
[2023-01-27T04:58:54.576+0000] {subprocess.py:93} INFO -   9400K .......... .......... .......... .......... .......... 91% 26.3M 0s
[2023-01-27T04:58:54.633+0000] {subprocess.py:93} INFO -   9450K .......... .......... .......... .......... .......... 92%  879K 0s
[2023-01-27T04:58:54.633+0000] {subprocess.py:93} INFO -   9500K .......... .......... .......... .......... .......... 92%  307M 0s
[2023-01-27T04:58:54.635+0000] {subprocess.py:93} INFO -   9550K .......... .......... .......... .......... .......... 92%  512M 0s
[2023-01-27T04:58:54.635+0000] {subprocess.py:93} INFO -   9600K .......... .......... .......... .......... .......... 93% 22.2M 0s
[2023-01-27T04:58:54.636+0000] {subprocess.py:93} INFO -   9650K .......... .......... .......... .......... .......... 93%  347M 0s
[2023-01-27T04:58:54.640+0000] {subprocess.py:93} INFO -   9700K .......... .......... .......... .......... .......... 94% 10.5M 0s
[2023-01-27T04:58:54.640+0000] {subprocess.py:93} INFO -   9750K .......... .......... .......... .......... .......... 94%  325M 0s
[2023-01-27T04:58:54.642+0000] {subprocess.py:93} INFO -   9800K .......... .......... .......... .......... .......... 95% 25.7M 0s
[2023-01-27T04:58:54.642+0000] {subprocess.py:93} INFO -   9850K .......... .......... .......... .......... .......... 95%  505M 0s
[2023-01-27T04:58:54.647+0000] {subprocess.py:93} INFO -   9900K .......... .......... .......... .......... .......... 96% 9.56M 0s
[2023-01-27T04:58:54.648+0000] {subprocess.py:93} INFO -   9950K .......... .......... .......... .......... .......... 96%  348M 0s
[2023-01-27T04:58:54.648+0000] {subprocess.py:93} INFO -  10000K .......... .......... .......... .......... .......... 97%  299M 0s
[2023-01-27T04:58:54.648+0000] {subprocess.py:93} INFO -  10050K .......... .......... .......... .......... .......... 97%  357M 0s
[2023-01-27T04:58:54.648+0000] {subprocess.py:93} INFO -  10100K .......... .......... .......... .......... .......... 98%  365M 0s
[2023-01-27T04:58:54.648+0000] {subprocess.py:93} INFO -  10150K .......... .......... .......... .......... .......... 98% 89.9M 0s
[2023-01-27T04:58:54.650+0000] {subprocess.py:93} INFO -  10200K .......... .......... .......... .......... .......... 99% 35.6M 0s
[2023-01-27T04:58:54.650+0000] {subprocess.py:93} INFO -  10250K .......... .......... .......... .......... .......... 99%  377M 0s
[2023-01-27T04:58:54.650+0000] {subprocess.py:93} INFO -  10300K .......... .......... ...                             100%  321M=0.7s
[2023-01-27T04:58:54.650+0000] {subprocess.py:93} INFO - 
[2023-01-27T04:58:54.650+0000] {subprocess.py:93} INFO - 2023-01-27 04:58:54 (13.7 MB/s) - ‘/opt/***/fhv_tripdata_2021-02.csv.gz’ saved [10571339/10571339]
[2023-01-27T04:58:54.650+0000] {subprocess.py:93} INFO - 
[2023-01-27T04:58:54.651+0000] {subprocess.py:97} INFO - Command exited with return code 0
[2023-01-27T04:58:54.682+0000] {taskinstance.py:1323} INFO - Marking task as SUCCESS. dag_id=fhv_taxi_data_dag_v1, task_id=download_ytd_dataset_from_web, execution_date=20210201T000000, start_date=20230127T045852, end_date=20230127T045854
[2023-01-27T04:58:54.719+0000] {local_task_job.py:208} INFO - Task exited with return code 0
[2023-01-27T04:58:54.748+0000] {taskinstance.py:2578} INFO - 1 downstream tasks scheduled from follow-on schedule check
