[2023-01-27T04:58:30.825+0000] {taskinstance.py:1083} INFO - Dependencies all met for <TaskInstance: fhv_taxi_data_dag_v1.download_ytd_dataset_from_web scheduled__2020-07-01T00:00:00+00:00 [queued]>
[2023-01-27T04:58:30.841+0000] {taskinstance.py:1083} INFO - Dependencies all met for <TaskInstance: fhv_taxi_data_dag_v1.download_ytd_dataset_from_web scheduled__2020-07-01T00:00:00+00:00 [queued]>
[2023-01-27T04:58:30.842+0000] {taskinstance.py:1279} INFO - 
--------------------------------------------------------------------------------
[2023-01-27T04:58:30.843+0000] {taskinstance.py:1280} INFO - Starting attempt 1 of 1
[2023-01-27T04:58:30.843+0000] {taskinstance.py:1281} INFO - 
--------------------------------------------------------------------------------
[2023-01-27T04:58:30.863+0000] {taskinstance.py:1300} INFO - Executing <Task(BashOperator): download_ytd_dataset_from_web> on 2020-07-01 00:00:00+00:00
[2023-01-27T04:58:30.870+0000] {standard_task_runner.py:55} INFO - Started process 7285 to run task
[2023-01-27T04:58:30.874+0000] {standard_task_runner.py:82} INFO - Running: ['***', 'tasks', 'run', 'fhv_taxi_data_dag_v1', 'download_ytd_dataset_from_web', 'scheduled__2020-07-01T00:00:00+00:00', '--job-id', '5753', '--raw', '--subdir', 'DAGS_FOLDER/data_ingestion_gcs_dag_v1_fhv.py', '--cfg-path', '/tmp/tmpv8txng0c']
[2023-01-27T04:58:30.877+0000] {standard_task_runner.py:83} INFO - Job 5753: Subtask download_ytd_dataset_from_web
[2023-01-27T04:58:30.954+0000] {task_command.py:388} INFO - Running <TaskInstance: fhv_taxi_data_dag_v1.download_ytd_dataset_from_web scheduled__2020-07-01T00:00:00+00:00 [running]> on host 8bc22b99c76b
[2023-01-27T04:58:31.101+0000] {taskinstance.py:1509} INFO - Exporting the following env vars:
AIRFLOW_CTX_DAG_OWNER=***
AIRFLOW_CTX_DAG_ID=fhv_taxi_data_dag_v1
AIRFLOW_CTX_TASK_ID=download_ytd_dataset_from_web
AIRFLOW_CTX_EXECUTION_DATE=2020-07-01T00:00:00+00:00
AIRFLOW_CTX_TRY_NUMBER=1
AIRFLOW_CTX_DAG_RUN_ID=scheduled__2020-07-01T00:00:00+00:00
[2023-01-27T04:58:31.103+0000] {subprocess.py:63} INFO - Tmp dir root location: 
 /tmp
[2023-01-27T04:58:31.104+0000] {subprocess.py:75} INFO - Running command: ['/bin/bash', '-c', 'wget https://github.com/DataTalksClub/nyc-tlc-data/releases/download/fhv/fhv_tripdata_2020-07.csv.gz -O /opt/***/fhv_tripdata_2020-07.csv.gz']
[2023-01-27T04:58:31.124+0000] {subprocess.py:86} INFO - Output:
[2023-01-27T04:58:31.138+0000] {subprocess.py:93} INFO - --2023-01-27 04:58:31--  https://github.com/DataTalksClub/nyc-tlc-data/releases/download/fhv/fhv_tripdata_2020-07.csv.gz
[2023-01-27T04:58:31.155+0000] {subprocess.py:93} INFO - Resolving github.com (github.com)... 140.82.121.3
[2023-01-27T04:58:31.179+0000] {subprocess.py:93} INFO - Connecting to github.com (github.com)|140.82.121.3|:443... connected.
[2023-01-27T04:58:31.485+0000] {subprocess.py:93} INFO - HTTP request sent, awaiting response... 302 Found
[2023-01-27T04:58:31.486+0000] {subprocess.py:93} INFO - Location: https://objects.githubusercontent.com/github-production-release-asset-2e65be/513814948/2ea1878e-c008-4a58-9e8e-bdf88956aaba?X-Amz-Algorithm=AWS4-HMAC-SHA256&X-Amz-Credential=AKIAIWNJYAX4CSVEH53A%2F20230127%2Fus-east-1%2Fs3%2Faws4_request&X-Amz-Date=20230127T045703Z&X-Amz-Expires=300&X-Amz-Signature=55b534127f45c8b51198bcd9252c98a75c9119ea396a2d36283fa222bdc38688&X-Amz-SignedHeaders=host&actor_id=0&key_id=0&repo_id=513814948&response-content-disposition=attachment%3B%20filename%3Dfhv_tripdata_2020-07.csv.gz&response-content-type=application%2Foctet-stream [following]
[2023-01-27T04:58:31.486+0000] {subprocess.py:93} INFO - --2023-01-27 04:58:31--  https://objects.githubusercontent.com/github-production-release-asset-2e65be/513814948/2ea1878e-c008-4a58-9e8e-bdf88956aaba?X-Amz-Algorithm=AWS4-HMAC-SHA256&X-Amz-Credential=AKIAIWNJYAX4CSVEH53A%2F20230127%2Fus-east-1%2Fs3%2Faws4_request&X-Amz-Date=20230127T045703Z&X-Amz-Expires=300&X-Amz-Signature=55b534127f45c8b51198bcd9252c98a75c9119ea396a2d36283fa222bdc38688&X-Amz-SignedHeaders=host&actor_id=0&key_id=0&repo_id=513814948&response-content-disposition=attachment%3B%20filename%3Dfhv_tripdata_2020-07.csv.gz&response-content-type=application%2Foctet-stream
[2023-01-27T04:58:31.491+0000] {subprocess.py:93} INFO - Resolving objects.githubusercontent.com (objects.githubusercontent.com)... 185.199.110.133, 185.199.111.133, 185.199.109.133, ...
[2023-01-27T04:58:31.517+0000] {subprocess.py:93} INFO - Connecting to objects.githubusercontent.com (objects.githubusercontent.com)|185.199.110.133|:443... connected.
[2023-01-27T04:58:31.989+0000] {subprocess.py:93} INFO - HTTP request sent, awaiting response... 200 OK
[2023-01-27T04:58:31.989+0000] {subprocess.py:93} INFO - Length: 11974582 (11M) [application/octet-stream]
[2023-01-27T04:58:31.989+0000] {subprocess.py:93} INFO - Saving to: ‘/opt/***/fhv_tripdata_2020-07.csv.gz’
[2023-01-27T04:58:31.990+0000] {subprocess.py:93} INFO - 
[2023-01-27T04:58:32.022+0000] {subprocess.py:93} INFO -      0K .......... .......... .......... .......... ..........  0% 1.47M 8s
[2023-01-27T04:58:32.049+0000] {subprocess.py:93} INFO -     50K .......... .......... .......... .......... ..........  0% 1.94M 7s
[2023-01-27T04:58:32.050+0000] {subprocess.py:93} INFO -    100K .......... .......... .......... .......... ..........  1% 15.9M 5s
[2023-01-27T04:58:32.055+0000] {subprocess.py:93} INFO -    150K .......... .......... .......... .......... ..........  1% 11.2M 4s
[2023-01-27T04:58:32.070+0000] {subprocess.py:93} INFO -    200K .......... .......... .......... .......... ..........  2% 3.13M 4s
[2023-01-27T04:58:32.074+0000] {subprocess.py:93} INFO -    250K .......... .......... .......... .......... ..........  2% 13.8M 3s
[2023-01-27T04:58:32.078+0000] {subprocess.py:93} INFO -    300K .......... .......... .......... .......... ..........  2% 12.2M 3s
[2023-01-27T04:58:32.081+0000] {subprocess.py:93} INFO -    350K .......... .......... .......... .......... ..........  3% 13.9M 3s
[2023-01-27T04:58:32.084+0000] {subprocess.py:93} INFO -    400K .......... .......... .......... .......... ..........  3% 20.5M 2s
[2023-01-27T04:58:32.094+0000] {subprocess.py:93} INFO -    450K .......... .......... .......... .......... ..........  4% 4.82M 2s
[2023-01-27T04:58:32.095+0000] {subprocess.py:93} INFO -    500K .......... .......... .......... .......... ..........  4% 39.1M 2s
[2023-01-27T04:58:32.098+0000] {subprocess.py:93} INFO -    550K .......... .......... .......... .......... ..........  5% 15.4M 2s
[2023-01-27T04:58:32.101+0000] {subprocess.py:93} INFO -    600K .......... .......... .......... .......... ..........  5% 15.9M 2s
[2023-01-27T04:58:32.104+0000] {subprocess.py:93} INFO -    650K .......... .......... .......... .......... ..........  5% 21.4M 2s
[2023-01-27T04:58:32.104+0000] {subprocess.py:93} INFO -    700K .......... .......... .......... .......... ..........  6%  314M 2s
[2023-01-27T04:58:32.110+0000] {subprocess.py:93} INFO -    750K .......... .......... .......... .......... ..........  6% 13.4M 2s
[2023-01-27T04:58:32.110+0000] {subprocess.py:93} INFO -    800K .......... .......... .......... .......... ..........  7% 21.2M 2s
[2023-01-27T04:58:32.112+0000] {subprocess.py:93} INFO -    850K .......... .......... .......... .......... ..........  7% 24.9M 1s
[2023-01-27T04:58:32.112+0000] {subprocess.py:93} INFO -    900K .......... .......... .......... .......... ..........  8%  422M 1s
[2023-01-27T04:58:32.116+0000] {subprocess.py:93} INFO -    950K .......... .......... .......... .......... ..........  8% 10.4M 1s
[2023-01-27T04:58:32.119+0000] {subprocess.py:93} INFO -   1000K .......... .......... .......... .......... ..........  8% 16.2M 1s
[2023-01-27T04:58:32.121+0000] {subprocess.py:93} INFO -   1050K .......... .......... .......... .......... ..........  9% 23.1M 1s
[2023-01-27T04:58:32.123+0000] {subprocess.py:93} INFO -   1100K .......... .......... .......... .......... ..........  9% 29.4M 1s
[2023-01-27T04:58:32.128+0000] {subprocess.py:93} INFO -   1150K .......... .......... .......... .......... .......... 10% 10.6M 1s
[2023-01-27T04:58:32.128+0000] {subprocess.py:93} INFO -   1200K .......... .......... .......... .......... .......... 10%  306M 1s
[2023-01-27T04:58:32.129+0000] {subprocess.py:93} INFO -   1250K .......... .......... .......... .......... .......... 11% 38.7M 1s
[2023-01-27T04:58:32.131+0000] {subprocess.py:93} INFO -   1300K .......... .......... .......... .......... .......... 11% 27.4M 1s
[2023-01-27T04:58:32.135+0000] {subprocess.py:93} INFO -   1350K .......... .......... .......... .......... .......... 11% 11.1M 1s
[2023-01-27T04:58:32.136+0000] {subprocess.py:93} INFO -   1400K .......... .......... .......... .......... .......... 12%  300M 1s
[2023-01-27T04:58:32.141+0000] {subprocess.py:93} INFO -   1450K .......... .......... .......... .......... .......... 12% 9.67M 1s
[2023-01-27T04:58:32.141+0000] {subprocess.py:93} INFO -   1500K .......... .......... .......... .......... .......... 13%  289M 1s
[2023-01-27T04:58:32.141+0000] {subprocess.py:93} INFO -   1550K .......... .......... .......... .......... .......... 13%  240M 1s
[2023-01-27T04:58:32.143+0000] {subprocess.py:93} INFO -   1600K .......... .......... .......... .......... .......... 14% 25.7M 1s
[2023-01-27T04:58:32.143+0000] {subprocess.py:93} INFO -   1650K .......... .......... .......... .......... .......... 14%  273M 1s
[2023-01-27T04:58:32.147+0000] {subprocess.py:93} INFO -   1700K .......... .......... .......... .......... .......... 14% 12.3M 1s
[2023-01-27T04:58:32.147+0000] {subprocess.py:93} INFO -   1750K .......... .......... .......... .......... .......... 15%  244M 1s
[2023-01-27T04:58:32.147+0000] {subprocess.py:93} INFO -   1800K .......... .......... .......... .......... .......... 15%  323M 1s
[2023-01-27T04:58:32.149+0000] {subprocess.py:93} INFO -   1850K .......... .......... .......... .......... .......... 16% 32.0M 1s
[2023-01-27T04:58:32.149+0000] {subprocess.py:93} INFO -   1900K .......... .......... .......... .......... .......... 16%  133M 1s
[2023-01-27T04:58:32.150+0000] {subprocess.py:93} INFO -   1950K .......... .......... .......... .......... .......... 17% 41.0M 1s
[2023-01-27T04:58:32.156+0000] {subprocess.py:93} INFO -   2000K .......... .......... .......... .......... .......... 17% 8.09M 1s
[2023-01-27T04:58:32.157+0000] {subprocess.py:93} INFO -   2050K .......... .......... .......... .......... .......... 17%  307M 1s
[2023-01-27T04:58:32.157+0000] {subprocess.py:93} INFO -   2100K .......... .......... .......... .......... .......... 18%  311M 1s
[2023-01-27T04:58:32.163+0000] {subprocess.py:93} INFO -   2150K .......... .......... .......... .......... .......... 18% 7.93M 1s
[2023-01-27T04:58:32.163+0000] {subprocess.py:93} INFO -   2200K .......... .......... .......... .......... .......... 19%  281M 1s
[2023-01-27T04:58:32.163+0000] {subprocess.py:93} INFO -   2250K .......... .......... .......... .......... .......... 19%  293M 1s
[2023-01-27T04:58:32.163+0000] {subprocess.py:93} INFO -   2300K .......... .......... .......... .......... .......... 20%  310M 1s
[2023-01-27T04:58:32.165+0000] {subprocess.py:93} INFO -   2350K .......... .......... .......... .......... .......... 20% 23.7M 1s
[2023-01-27T04:58:32.166+0000] {subprocess.py:93} INFO -   2400K .......... .......... .......... .......... .......... 20%  302M 1s
[2023-01-27T04:58:32.168+0000] {subprocess.py:93} INFO -   2450K .......... .......... .......... .......... .......... 21% 16.8M 1s
[2023-01-27T04:58:32.169+0000] {subprocess.py:93} INFO -   2500K .......... .......... .......... .......... .......... 21%  307M 1s
[2023-01-27T04:58:32.172+0000] {subprocess.py:93} INFO -   2550K .......... .......... .......... .......... .......... 22% 15.0M 1s
[2023-01-27T04:58:32.172+0000] {subprocess.py:93} INFO -   2600K .......... .......... .......... .......... .......... 22%  303M 1s
[2023-01-27T04:58:32.174+0000] {subprocess.py:93} INFO -   2650K .......... .......... .......... .......... .......... 23% 30.0M 1s
[2023-01-27T04:58:32.174+0000] {subprocess.py:93} INFO -   2700K .......... .......... .......... .......... .......... 23%  298M 1s
[2023-01-27T04:58:32.175+0000] {subprocess.py:93} INFO -   2750K .......... .......... .......... .......... .......... 23% 34.0M 1s
[2023-01-27T04:58:32.178+0000] {subprocess.py:93} INFO -   2800K .......... .......... .......... .......... .......... 24% 20.4M 1s
[2023-01-27T04:58:32.178+0000] {subprocess.py:93} INFO -   2850K .......... .......... .......... .......... .......... 24%  476M 1s
[2023-01-27T04:58:32.180+0000] {subprocess.py:93} INFO -   2900K .......... .......... .......... .......... .......... 25% 18.7M 1s
[2023-01-27T04:58:32.184+0000] {subprocess.py:93} INFO -   2950K .......... .......... .......... .......... .......... 25% 12.7M 1s
[2023-01-27T04:58:32.184+0000] {subprocess.py:93} INFO -   3000K .......... .......... .......... .......... .......... 26%  294M 1s
[2023-01-27T04:58:32.187+0000] {subprocess.py:93} INFO -   3050K .......... .......... .......... .......... .......... 26% 21.5M 1s
[2023-01-27T04:58:32.187+0000] {subprocess.py:93} INFO -   3100K .......... .......... .......... .......... .......... 26%  462M 1s
[2023-01-27T04:58:32.190+0000] {subprocess.py:93} INFO -   3150K .......... .......... .......... .......... .......... 27% 16.1M 1s
[2023-01-27T04:58:32.190+0000] {subprocess.py:93} INFO -   3200K .......... .......... .......... .......... .......... 27%  451M 1s
[2023-01-27T04:58:32.192+0000] {subprocess.py:93} INFO -   3250K .......... .......... .......... .......... .......... 28% 21.1M 1s
[2023-01-27T04:58:32.193+0000] {subprocess.py:93} INFO -   3300K .......... .......... .......... .......... .......... 28%  147M 1s
[2023-01-27T04:58:32.195+0000] {subprocess.py:93} INFO -   3350K .......... .......... .......... .......... .......... 29% 19.4M 1s
[2023-01-27T04:58:32.195+0000] {subprocess.py:93} INFO -   3400K .......... .......... .......... .......... .......... 29%  452M 0s
[2023-01-27T04:58:32.197+0000] {subprocess.py:93} INFO -   3450K .......... .......... .......... .......... .......... 29% 23.8M 0s
[2023-01-27T04:58:32.197+0000] {subprocess.py:93} INFO -   3500K .......... .......... .......... .......... .......... 30%  290M 0s
[2023-01-27T04:58:32.203+0000] {subprocess.py:93} INFO -   3550K .......... .......... .......... .......... .......... 30% 9.55M 0s
[2023-01-27T04:58:32.203+0000] {subprocess.py:93} INFO -   3600K .......... .......... .......... .......... .......... 31%  260M 0s
[2023-01-27T04:58:32.206+0000] {subprocess.py:93} INFO -   3650K .......... .......... .......... .......... .......... 31% 17.6M 0s
[2023-01-27T04:58:32.206+0000] {subprocess.py:93} INFO -   3700K .......... .......... .......... .......... .......... 32%  339M 0s
[2023-01-27T04:58:32.206+0000] {subprocess.py:93} INFO -   3750K .......... .......... .......... .......... .......... 32%  434M 0s
[2023-01-27T04:58:32.207+0000] {subprocess.py:93} INFO -   3800K .......... .......... .......... .......... .......... 32% 31.1M 0s
[2023-01-27T04:58:32.212+0000] {subprocess.py:93} INFO -   3850K .......... .......... .......... .......... .......... 33% 9.81M 0s
[2023-01-27T04:58:32.213+0000] {subprocess.py:93} INFO -   3900K .......... .......... .......... .......... .......... 33%  399M 0s
[2023-01-27T04:58:32.214+0000] {subprocess.py:93} INFO -   3950K .......... .......... .......... .......... .......... 34% 32.1M 0s
[2023-01-27T04:58:32.214+0000] {subprocess.py:93} INFO -   4000K .......... .......... .......... .......... .......... 34%  147M 0s
[2023-01-27T04:58:32.216+0000] {subprocess.py:93} INFO -   4050K .......... .......... .......... .......... .......... 35% 25.7M 0s
[2023-01-27T04:58:32.216+0000] {subprocess.py:93} INFO -   4100K .......... .......... .......... .......... .......... 35%  439M 0s
[2023-01-27T04:58:32.222+0000] {subprocess.py:93} INFO -   4150K .......... .......... .......... .......... .......... 35% 8.81M 0s
[2023-01-27T04:58:32.222+0000] {subprocess.py:93} INFO -   4200K .......... .......... .......... .......... .......... 36%  335M 0s
[2023-01-27T04:58:32.222+0000] {subprocess.py:93} INFO -   4250K .......... .......... .......... .......... .......... 36%  430M 0s
[2023-01-27T04:58:32.224+0000] {subprocess.py:93} INFO -   4300K .......... .......... .......... .......... .......... 37% 31.0M 0s
[2023-01-27T04:58:32.226+0000] {subprocess.py:93} INFO -   4350K .......... .......... .......... .......... .......... 37%  389M 0s
[2023-01-27T04:58:32.227+0000] {subprocess.py:93} INFO -   4400K .......... .......... .......... .......... .......... 38% 18.4M 0s
[2023-01-27T04:58:32.228+0000] {subprocess.py:93} INFO -   4450K .......... .......... .......... .......... .......... 38% 37.1M 0s
[2023-01-27T04:58:32.229+0000] {subprocess.py:93} INFO -   4500K .......... .......... .......... .......... .......... 38% 38.4M 0s
[2023-01-27T04:58:32.229+0000] {subprocess.py:93} INFO -   4550K .......... .......... .......... .......... .......... 39%  396M 0s
[2023-01-27T04:58:32.235+0000] {subprocess.py:93} INFO -   4600K .......... .......... .......... .......... .......... 39% 8.72M 0s
[2023-01-27T04:58:32.235+0000] {subprocess.py:93} INFO -   4650K .......... .......... .......... .......... .......... 40%  244M 0s
[2023-01-27T04:58:32.236+0000] {subprocess.py:93} INFO -   4700K .......... .......... .......... .......... .......... 40% 32.6M 0s
[2023-01-27T04:58:32.237+0000] {subprocess.py:93} INFO -   4750K .......... .......... .......... .......... .......... 41%  257M 0s
[2023-01-27T04:58:32.241+0000] {subprocess.py:93} INFO -   4800K .......... .......... .......... .......... .......... 41% 10.4M 0s
[2023-01-27T04:58:32.242+0000] {subprocess.py:93} INFO -   4850K .......... .......... .......... .......... .......... 41%  250M 0s
[2023-01-27T04:58:32.250+0000] {subprocess.py:93} INFO -   4900K .......... .......... .......... .......... .......... 42% 6.21M 0s
[2023-01-27T04:58:32.250+0000] {subprocess.py:93} INFO -   4950K .......... .......... .......... .......... .......... 42%  202M 0s
[2023-01-27T04:58:32.250+0000] {subprocess.py:93} INFO -   5000K .......... .......... .......... .......... .......... 43% 99.8M 0s
[2023-01-27T04:58:32.250+0000] {subprocess.py:93} INFO -   5050K .......... .......... .......... .......... .......... 43%  255M 0s
[2023-01-27T04:58:32.251+0000] {subprocess.py:93} INFO -   5100K .......... .......... .......... .......... .......... 44%  249M 0s
[2023-01-27T04:58:32.253+0000] {subprocess.py:93} INFO -   5150K .......... .......... .......... .......... .......... 44% 24.7M 0s
[2023-01-27T04:58:32.253+0000] {subprocess.py:93} INFO -   5200K .......... .......... .......... .......... .......... 44%  200M 0s
[2023-01-27T04:58:32.254+0000] {subprocess.py:93} INFO -   5250K .......... .......... .......... .......... .......... 45% 29.8M 0s
[2023-01-27T04:58:32.255+0000] {subprocess.py:93} INFO -   5300K .......... .......... .......... .......... .......... 45%  240M 0s
[2023-01-27T04:58:32.258+0000] {subprocess.py:93} INFO -   5350K .......... .......... .......... .......... .......... 46% 13.2M 0s
[2023-01-27T04:58:32.259+0000] {subprocess.py:93} INFO -   5400K .......... .......... .......... .......... .......... 46%  183M 0s
[2023-01-27T04:58:32.259+0000] {subprocess.py:93} INFO -   5450K .......... .......... .......... .......... .......... 47%  258M 0s
[2023-01-27T04:58:32.260+0000] {subprocess.py:93} INFO -   5500K .......... .......... .......... .......... .......... 47% 30.4M 0s
[2023-01-27T04:58:32.262+0000] {subprocess.py:93} INFO -   5550K .......... .......... .......... .......... .......... 47% 36.6M 0s
[2023-01-27T04:58:32.267+0000] {subprocess.py:93} INFO -   5600K .......... .......... .......... .......... .......... 48% 9.79M 0s
[2023-01-27T04:58:32.267+0000] {subprocess.py:93} INFO -   5650K .......... .......... .......... .......... .......... 48%  214M 0s
[2023-01-27T04:58:32.267+0000] {subprocess.py:93} INFO -   5700K .......... .......... .......... .......... .......... 49%  256M 0s
[2023-01-27T04:58:32.268+0000] {subprocess.py:93} INFO -   5750K .......... .......... .......... .......... .......... 49% 37.1M 0s
[2023-01-27T04:58:32.269+0000] {subprocess.py:93} INFO -   5800K .......... .......... .......... .......... .......... 50%  223M 0s
[2023-01-27T04:58:32.270+0000] {subprocess.py:93} INFO -   5850K .......... .......... .......... .......... .......... 50% 27.0M 0s
[2023-01-27T04:58:32.275+0000] {subprocess.py:93} INFO -   5900K .......... .......... .......... .......... .......... 50% 10.6M 0s
[2023-01-27T04:58:32.275+0000] {subprocess.py:93} INFO -   5950K .......... .......... .......... .......... .......... 51%  244M 0s
[2023-01-27T04:58:32.277+0000] {subprocess.py:93} INFO -   6000K .......... .......... .......... .......... .......... 51% 39.7M 0s
[2023-01-27T04:58:32.277+0000] {subprocess.py:93} INFO -   6050K .......... .......... .......... .......... .......... 52%  250M 0s
[2023-01-27T04:58:32.278+0000] {subprocess.py:93} INFO -   6100K .......... .......... .......... .......... .......... 52% 39.7M 0s
[2023-01-27T04:58:32.280+0000] {subprocess.py:93} INFO -   6150K .......... .......... .......... .......... .......... 53% 28.5M 0s
[2023-01-27T04:58:32.283+0000] {subprocess.py:93} INFO -   6200K .......... .......... .......... .......... .......... 53% 13.9M 0s
[2023-01-27T04:58:32.283+0000] {subprocess.py:93} INFO -   6250K .......... .......... .......... .......... .......... 53%  379M 0s
[2023-01-27T04:58:32.285+0000] {subprocess.py:93} INFO -   6300K .......... .......... .......... .......... .......... 54% 30.3M 0s
[2023-01-27T04:58:32.288+0000] {subprocess.py:93} INFO -   6350K .......... .......... .......... .......... .......... 54%  252M 0s
[2023-01-27T04:58:32.288+0000] {subprocess.py:93} INFO -   6400K .......... .......... .......... .......... .......... 55% 16.8M 0s
[2023-01-27T04:58:32.290+0000] {subprocess.py:93} INFO -   6450K .......... .......... .......... .......... .......... 55% 27.2M 0s
[2023-01-27T04:58:32.294+0000] {subprocess.py:93} INFO -   6500K .......... .......... .......... .......... .......... 56% 11.4M 0s
[2023-01-27T04:58:32.294+0000] {subprocess.py:93} INFO -   6550K .......... .......... .......... .......... .......... 56%  229M 0s
[2023-01-27T04:58:32.295+0000] {subprocess.py:93} INFO -   6600K .......... .......... .......... .......... .......... 56%  272M 0s
[2023-01-27T04:58:32.296+0000] {subprocess.py:93} INFO -   6650K .......... .......... .......... .......... .......... 57% 32.9M 0s
[2023-01-27T04:58:32.296+0000] {subprocess.py:93} INFO -   6700K .......... .......... .......... .......... .......... 57%  251M 0s
[2023-01-27T04:58:32.301+0000] {subprocess.py:93} INFO -   6750K .......... .......... .......... .......... .......... 58% 10.2M 0s
[2023-01-27T04:58:32.301+0000] {subprocess.py:93} INFO -   6800K .......... .......... .......... .......... .......... 58%  213M 0s
[2023-01-27T04:58:32.304+0000] {subprocess.py:93} INFO -   6850K .......... .......... .......... .......... .......... 59% 16.2M 0s
[2023-01-27T04:58:32.305+0000] {subprocess.py:93} INFO -   6900K .......... .......... .......... .......... .......... 59%  128M 0s
[2023-01-27T04:58:32.308+0000] {subprocess.py:93} INFO -   6950K .......... .......... .......... .......... .......... 59% 15.6M 0s
[2023-01-27T04:58:32.308+0000] {subprocess.py:93} INFO -   7000K .......... .......... .......... .......... .......... 60%  191M 0s
[2023-01-27T04:58:32.308+0000] {subprocess.py:93} INFO -   7050K .......... .......... .......... .......... .......... 60%  263M 0s
[2023-01-27T04:58:32.311+0000] {subprocess.py:93} INFO -   7100K .......... .......... .......... .......... .......... 61% 16.7M 0s
[2023-01-27T04:58:32.317+0000] {subprocess.py:93} INFO -   7150K .......... .......... .......... .......... .......... 61%  234M 0s
[2023-01-27T04:58:32.318+0000] {subprocess.py:93} INFO -   7200K .......... .......... .......... .......... .......... 61% 7.67M 0s
[2023-01-27T04:58:32.318+0000] {subprocess.py:93} INFO -   7250K .......... .......... .......... .......... .......... 62%  270M 0s
[2023-01-27T04:58:32.318+0000] {subprocess.py:93} INFO -   7300K .......... .......... .......... .......... .......... 62%  261M 0s
[2023-01-27T04:58:32.320+0000] {subprocess.py:93} INFO -   7350K .......... .......... .......... .......... .......... 63% 25.2M 0s
[2023-01-27T04:58:32.320+0000] {subprocess.py:93} INFO -   7400K .......... .......... .......... .......... .......... 63%  227M 0s
[2023-01-27T04:58:32.320+0000] {subprocess.py:93} INFO -   7450K .......... .......... .......... .......... .......... 64%  271M 0s
[2023-01-27T04:58:32.324+0000] {subprocess.py:93} INFO -   7500K .......... .......... .......... .......... .......... 64% 14.3M 0s
[2023-01-27T04:58:32.324+0000] {subprocess.py:93} INFO -   7550K .......... .......... .......... .......... .......... 64%  260M 0s
[2023-01-27T04:58:32.326+0000] {subprocess.py:93} INFO -   7600K .......... .......... .......... .......... .......... 65% 20.7M 0s
[2023-01-27T04:58:32.327+0000] {subprocess.py:93} INFO -   7650K .......... .......... .......... .......... .......... 65%  251M 0s
[2023-01-27T04:58:32.328+0000] {subprocess.py:93} INFO -   7700K .......... .......... .......... .......... .......... 66% 33.7M 0s
[2023-01-27T04:58:32.331+0000] {subprocess.py:93} INFO -   7750K .......... .......... .......... .......... .......... 66% 15.5M 0s
[2023-01-27T04:58:32.331+0000] {subprocess.py:93} INFO -   7800K .......... .......... .......... .......... .......... 67%  222M 0s
[2023-01-27T04:58:32.333+0000] {subprocess.py:93} INFO -   7850K .......... .......... .......... .......... .......... 67% 34.1M 0s
[2023-01-27T04:58:32.333+0000] {subprocess.py:93} INFO -   7900K .......... .......... .......... .......... .......... 67%  248M 0s
[2023-01-27T04:58:32.335+0000] {subprocess.py:93} INFO -   7950K .......... .......... .......... .......... .......... 68% 24.5M 0s
[2023-01-27T04:58:32.340+0000] {subprocess.py:93} INFO -   8000K .......... .......... .......... .......... .......... 68% 9.41M 0s
[2023-01-27T04:58:32.340+0000] {subprocess.py:93} INFO -   8050K .......... .......... .......... .......... .......... 69%  266M 0s
[2023-01-27T04:58:32.342+0000] {subprocess.py:93} INFO -   8100K .......... .......... .......... .......... .......... 69% 37.3M 0s
[2023-01-27T04:58:32.342+0000] {subprocess.py:93} INFO -   8150K .......... .......... .......... .......... .......... 70%  243M 0s
[2023-01-27T04:58:32.353+0000] {subprocess.py:93} INFO -   8200K .......... .......... .......... .......... .......... 70% 4.19M 0s
[2023-01-27T04:58:32.354+0000] {subprocess.py:93} INFO -   8250K .......... .......... .......... .......... .......... 70%  259M 0s
[2023-01-27T04:58:32.354+0000] {subprocess.py:93} INFO -   8300K .......... .......... .......... .......... .......... 71%  268M 0s
[2023-01-27T04:58:32.354+0000] {subprocess.py:93} INFO -   8350K .......... .......... .......... .......... .......... 71%  265M 0s
[2023-01-27T04:58:32.354+0000] {subprocess.py:93} INFO -   8400K .......... .......... .......... .......... .......... 72%  228M 0s
[2023-01-27T04:58:32.357+0000] {subprocess.py:93} INFO -   8450K .......... .......... .......... .......... .......... 72% 15.5M 0s
[2023-01-27T04:58:32.358+0000] {subprocess.py:93} INFO -   8500K .......... .......... .......... .......... .......... 73%  252M 0s
[2023-01-27T04:58:32.358+0000] {subprocess.py:93} INFO -   8550K .......... .......... .......... .......... .......... 73%  273M 0s
[2023-01-27T04:58:32.358+0000] {subprocess.py:93} INFO -   8600K .......... .......... .......... .......... .......... 73%  124M 0s
[2023-01-27T04:58:32.360+0000] {subprocess.py:93} INFO -   8650K .......... .......... .......... .......... .......... 74% 24.9M 0s
[2023-01-27T04:58:32.360+0000] {subprocess.py:93} INFO -   8700K .......... .......... .......... .......... .......... 74%  274M 0s
[2023-01-27T04:58:32.362+0000] {subprocess.py:93} INFO -   8750K .......... .......... .......... .......... .......... 75%  299M 0s
[2023-01-27T04:58:32.362+0000] {subprocess.py:93} INFO -   8800K .......... .......... .......... .......... .......... 75% 37.5M 0s
[2023-01-27T04:58:32.375+0000] {subprocess.py:93} INFO -   8850K .......... .......... .......... .......... .......... 76% 3.60M 0s
[2023-01-27T04:58:32.376+0000] {subprocess.py:93} INFO -   8900K .......... .......... .......... .......... .......... 76%  256M 0s
[2023-01-27T04:58:32.376+0000] {subprocess.py:93} INFO -   8950K .......... .......... .......... .......... .......... 76%  273M 0s
[2023-01-27T04:58:32.376+0000] {subprocess.py:93} INFO -   9000K .......... .......... .......... .......... .......... 77%  259M 0s
[2023-01-27T04:58:32.376+0000] {subprocess.py:93} INFO -   9050K .......... .......... .......... .......... .......... 77%  281M 0s
[2023-01-27T04:58:32.381+0000] {subprocess.py:93} INFO -   9100K .......... .......... .......... .......... .......... 78% 10.7M 0s
[2023-01-27T04:58:32.381+0000] {subprocess.py:93} INFO -   9150K .......... .......... .......... .......... .......... 78%  258M 0s
[2023-01-27T04:58:32.381+0000] {subprocess.py:93} INFO -   9200K .......... .......... .......... .......... .......... 79%  238M 0s
[2023-01-27T04:58:32.381+0000] {subprocess.py:93} INFO -   9250K .......... .......... .......... .......... .......... 79%  307M 0s
[2023-01-27T04:58:32.381+0000] {subprocess.py:93} INFO -   9300K .......... .......... .......... .......... .......... 79%  284M 0s
[2023-01-27T04:58:32.384+0000] {subprocess.py:93} INFO -   9350K .......... .......... .......... .......... .......... 80% 17.8M 0s
[2023-01-27T04:58:32.384+0000] {subprocess.py:93} INFO -   9400K .......... .......... .......... .......... .......... 80%  135M 0s
[2023-01-27T04:58:32.385+0000] {subprocess.py:93} INFO -   9450K .......... .......... .......... .......... .......... 81%  254M 0s
[2023-01-27T04:58:32.385+0000] {subprocess.py:93} INFO -   9500K .......... .......... .......... .......... .......... 81%  255M 0s
[2023-01-27T04:58:32.387+0000] {subprocess.py:93} INFO -   9550K .......... .......... .......... .......... .......... 82% 27.8M 0s
[2023-01-27T04:58:32.387+0000] {subprocess.py:93} INFO -   9600K .......... .......... .......... .......... .......... 82%  215M 0s
[2023-01-27T04:58:32.388+0000] {subprocess.py:93} INFO -   9650K .......... .......... .......... .......... .......... 82% 35.2M 0s
[2023-01-27T04:58:32.390+0000] {subprocess.py:93} INFO -   9700K .......... .......... .......... .......... .......... 83% 25.3M 0s
[2023-01-27T04:58:32.390+0000] {subprocess.py:93} INFO -   9750K .......... .......... .......... .......... .......... 83%  251M 0s
[2023-01-27T04:58:32.396+0000] {subprocess.py:93} INFO -   9800K .......... .......... .......... .......... .......... 84% 8.45M 0s
[2023-01-27T04:58:32.396+0000] {subprocess.py:93} INFO -   9850K .......... .......... .......... .......... .......... 84%  234M 0s
[2023-01-27T04:58:32.397+0000] {subprocess.py:93} INFO -   9900K .......... .......... .......... .......... .......... 85%  271M 0s
[2023-01-27T04:58:32.398+0000] {subprocess.py:93} INFO -   9950K .......... .......... .......... .......... .......... 85% 29.0M 0s
[2023-01-27T04:58:32.406+0000] {subprocess.py:93} INFO -  10000K .......... .......... .......... .......... .......... 85% 6.45M 0s
[2023-01-27T04:58:32.406+0000] {subprocess.py:93} INFO -  10050K .......... .......... .......... .......... .......... 86%  250M 0s
[2023-01-27T04:58:32.406+0000] {subprocess.py:93} INFO -  10100K .......... .......... .......... .......... .......... 86%  294M 0s
[2023-01-27T04:58:32.406+0000] {subprocess.py:93} INFO -  10150K .......... .......... .......... .......... .......... 87%  310M 0s
[2023-01-27T04:58:32.408+0000] {subprocess.py:93} INFO -  10200K .......... .......... .......... .......... .......... 87% 23.8M 0s
[2023-01-27T04:58:32.409+0000] {subprocess.py:93} INFO -  10250K .......... .......... .......... .......... .......... 88%  147M 0s
[2023-01-27T04:58:32.409+0000] {subprocess.py:93} INFO -  10300K .......... .......... .......... .......... .......... 88%  287M 0s
[2023-01-27T04:58:32.414+0000] {subprocess.py:93} INFO -  10350K .......... .......... .......... .......... .......... 88% 85.2M 0s
[2023-01-27T04:58:32.423+0000] {subprocess.py:93} INFO -  10400K .......... .......... .......... .......... .......... 89% 3.59M 0s
[2023-01-27T04:58:32.423+0000] {subprocess.py:93} INFO -  10450K .......... .......... .......... .......... .......... 89%  237M 0s
[2023-01-27T04:58:32.424+0000] {subprocess.py:93} INFO -  10500K .......... .......... .......... .......... .......... 90%  268M 0s
[2023-01-27T04:58:32.424+0000] {subprocess.py:93} INFO -  10550K .......... .......... .......... .......... .......... 90%  290M 0s
[2023-01-27T04:58:32.426+0000] {subprocess.py:93} INFO -  10600K .......... .......... .......... .......... .......... 91% 22.0M 0s
[2023-01-27T04:58:32.426+0000] {subprocess.py:93} INFO -  10650K .......... .......... .......... .......... .......... 91%  300M 0s
[2023-01-27T04:58:32.426+0000] {subprocess.py:93} INFO -  10700K .......... .......... .......... .......... .......... 91%  319M 0s
[2023-01-27T04:58:32.427+0000] {subprocess.py:93} INFO -  10750K .......... .......... .......... .......... .......... 92% 38.1M 0s
[2023-01-27T04:58:32.429+0000] {subprocess.py:93} INFO -  10800K .......... .......... .......... .......... .......... 92% 23.7M 0s
[2023-01-27T04:58:32.430+0000] {subprocess.py:93} INFO -  10850K .......... .......... .......... .......... .......... 93%  300M 0s
[2023-01-27T04:58:32.431+0000] {subprocess.py:93} INFO -  10900K .......... .......... .......... .......... .......... 93% 42.2M 0s
[2023-01-27T04:58:32.438+0000] {subprocess.py:93} INFO -  10950K .......... .......... .......... .......... .......... 94% 6.32M 0s
[2023-01-27T04:58:32.439+0000] {subprocess.py:93} INFO -  11000K .......... .......... .......... .......... .......... 94%  120M 0s
[2023-01-27T04:58:32.439+0000] {subprocess.py:93} INFO -  11050K .......... .......... .......... .......... .......... 94%  315M 0s
[2023-01-27T04:58:32.441+0000] {subprocess.py:93} INFO -  11100K .......... .......... .......... .......... .......... 95% 28.8M 0s
[2023-01-27T04:58:32.441+0000] {subprocess.py:93} INFO -  11150K .......... .......... .......... .......... .......... 95%  350M 0s
[2023-01-27T04:58:32.445+0000] {subprocess.py:93} INFO -  11200K .......... .......... .......... .......... .......... 96% 10.9M 0s
[2023-01-27T04:58:32.446+0000] {subprocess.py:93} INFO -  11250K .......... .......... .......... .......... .......... 96%  306M 0s
[2023-01-27T04:58:32.446+0000] {subprocess.py:93} INFO -  11300K .......... .......... .......... .......... .......... 97%  411M 0s
[2023-01-27T04:58:32.447+0000] {subprocess.py:93} INFO -  11350K .......... .......... .......... .......... .......... 97% 27.4M 0s
[2023-01-27T04:58:32.448+0000] {subprocess.py:93} INFO -  11400K .......... .......... .......... .......... .......... 97%  339M 0s
[2023-01-27T04:58:32.449+0000] {subprocess.py:93} INFO -  11450K .......... .......... .......... .......... .......... 98% 27.4M 0s
[2023-01-27T04:58:32.449+0000] {subprocess.py:93} INFO -  11500K .......... .......... .......... .......... .......... 98%  404M 0s
[2023-01-27T04:58:32.455+0000] {subprocess.py:93} INFO -  11550K .......... .......... .......... .......... .......... 99% 9.05M 0s
[2023-01-27T04:58:32.455+0000] {subprocess.py:93} INFO -  11600K .......... .......... .......... .......... .......... 99%  263M 0s
[2023-01-27T04:58:32.455+0000] {subprocess.py:93} INFO -  11650K .......... .......... .......... .......... ...       100%  470M=0.5s
[2023-01-27T04:58:32.455+0000] {subprocess.py:93} INFO - 
[2023-01-27T04:58:32.456+0000] {subprocess.py:93} INFO - 2023-01-27 04:58:32 (24.5 MB/s) - ‘/opt/***/fhv_tripdata_2020-07.csv.gz’ saved [11974582/11974582]
[2023-01-27T04:58:32.456+0000] {subprocess.py:93} INFO - 
[2023-01-27T04:58:32.456+0000] {subprocess.py:97} INFO - Command exited with return code 0
[2023-01-27T04:58:32.486+0000] {taskinstance.py:1323} INFO - Marking task as SUCCESS. dag_id=fhv_taxi_data_dag_v1, task_id=download_ytd_dataset_from_web, execution_date=20200701T000000, start_date=20230127T045830, end_date=20230127T045832
[2023-01-27T04:58:32.528+0000] {local_task_job.py:208} INFO - Task exited with return code 0
[2023-01-27T04:58:32.557+0000] {taskinstance.py:2578} INFO - 1 downstream tasks scheduled from follow-on schedule check
