[2023-01-27T04:57:11.770+0000] {taskinstance.py:1083} INFO - Dependencies all met for <TaskInstance: fhv_taxi_data_dag_v1.download_ytd_dataset_from_web scheduled__2019-10-01T00:00:00+00:00 [queued]>
[2023-01-27T04:57:11.785+0000] {taskinstance.py:1083} INFO - Dependencies all met for <TaskInstance: fhv_taxi_data_dag_v1.download_ytd_dataset_from_web scheduled__2019-10-01T00:00:00+00:00 [queued]>
[2023-01-27T04:57:11.785+0000] {taskinstance.py:1279} INFO - 
--------------------------------------------------------------------------------
[2023-01-27T04:57:11.785+0000] {taskinstance.py:1280} INFO - Starting attempt 1 of 1
[2023-01-27T04:57:11.785+0000] {taskinstance.py:1281} INFO - 
--------------------------------------------------------------------------------
[2023-01-27T04:57:11.809+0000] {taskinstance.py:1300} INFO - Executing <Task(BashOperator): download_ytd_dataset_from_web> on 2019-10-01 00:00:00+00:00
[2023-01-27T04:57:11.816+0000] {standard_task_runner.py:55} INFO - Started process 6590 to run task
[2023-01-27T04:57:11.819+0000] {standard_task_runner.py:82} INFO - Running: ['***', 'tasks', 'run', 'fhv_taxi_data_dag_v1', 'download_ytd_dataset_from_web', 'scheduled__2019-10-01T00:00:00+00:00', '--job-id', '5702', '--raw', '--subdir', 'DAGS_FOLDER/data_ingestion_gcs_dag_v1_fhv.py', '--cfg-path', '/tmp/tmp8t0pdgo3']
[2023-01-27T04:57:11.821+0000] {standard_task_runner.py:83} INFO - Job 5702: Subtask download_ytd_dataset_from_web
[2023-01-27T04:57:11.898+0000] {task_command.py:388} INFO - Running <TaskInstance: fhv_taxi_data_dag_v1.download_ytd_dataset_from_web scheduled__2019-10-01T00:00:00+00:00 [running]> on host 8bc22b99c76b
[2023-01-27T04:57:12.025+0000] {taskinstance.py:1509} INFO - Exporting the following env vars:
AIRFLOW_CTX_DAG_OWNER=***
AIRFLOW_CTX_DAG_ID=fhv_taxi_data_dag_v1
AIRFLOW_CTX_TASK_ID=download_ytd_dataset_from_web
AIRFLOW_CTX_EXECUTION_DATE=2019-10-01T00:00:00+00:00
AIRFLOW_CTX_TRY_NUMBER=1
AIRFLOW_CTX_DAG_RUN_ID=scheduled__2019-10-01T00:00:00+00:00
[2023-01-27T04:57:12.027+0000] {subprocess.py:63} INFO - Tmp dir root location: 
 /tmp
[2023-01-27T04:57:12.028+0000] {subprocess.py:75} INFO - Running command: ['/bin/bash', '-c', 'wget https://github.com/DataTalksClub/nyc-tlc-data/releases/download/fhv/fhv_tripdata_2019-10.csv.gz -O /opt/***/fhv_tripdata_2019-10.csv.gz']
[2023-01-27T04:57:12.048+0000] {subprocess.py:86} INFO - Output:
[2023-01-27T04:57:12.054+0000] {subprocess.py:93} INFO - --2023-01-27 04:57:12--  https://github.com/DataTalksClub/nyc-tlc-data/releases/download/fhv/fhv_tripdata_2019-10.csv.gz
[2023-01-27T04:57:12.074+0000] {subprocess.py:93} INFO - Resolving github.com (github.com)... 140.82.121.4
[2023-01-27T04:57:12.093+0000] {subprocess.py:93} INFO - Connecting to github.com (github.com)|140.82.121.4|:443... connected.
[2023-01-27T04:57:12.360+0000] {subprocess.py:93} INFO - HTTP request sent, awaiting response... 302 Found
[2023-01-27T04:57:12.360+0000] {subprocess.py:93} INFO - Location: https://objects.githubusercontent.com/github-production-release-asset-2e65be/513814948/efdfcf82-6d5c-44d1-a138-4e8ea3c3a3b6?X-Amz-Algorithm=AWS4-HMAC-SHA256&X-Amz-Credential=AKIAIWNJYAX4CSVEH53A%2F20230127%2Fus-east-1%2Fs3%2Faws4_request&X-Amz-Date=20230127T045544Z&X-Amz-Expires=300&X-Amz-Signature=a7ad8170568b0573f611b077fc4bea48aa42dd488eb4b98591f9f5707b11ecfb&X-Amz-SignedHeaders=host&actor_id=0&key_id=0&repo_id=513814948&response-content-disposition=attachment%3B%20filename%3Dfhv_tripdata_2019-10.csv.gz&response-content-type=application%2Foctet-stream [following]
[2023-01-27T04:57:12.360+0000] {subprocess.py:93} INFO - --2023-01-27 04:57:12--  https://objects.githubusercontent.com/github-production-release-asset-2e65be/513814948/efdfcf82-6d5c-44d1-a138-4e8ea3c3a3b6?X-Amz-Algorithm=AWS4-HMAC-SHA256&X-Amz-Credential=AKIAIWNJYAX4CSVEH53A%2F20230127%2Fus-east-1%2Fs3%2Faws4_request&X-Amz-Date=20230127T045544Z&X-Amz-Expires=300&X-Amz-Signature=a7ad8170568b0573f611b077fc4bea48aa42dd488eb4b98591f9f5707b11ecfb&X-Amz-SignedHeaders=host&actor_id=0&key_id=0&repo_id=513814948&response-content-disposition=attachment%3B%20filename%3Dfhv_tripdata_2019-10.csv.gz&response-content-type=application%2Foctet-stream
[2023-01-27T04:57:12.367+0000] {subprocess.py:93} INFO - Resolving objects.githubusercontent.com (objects.githubusercontent.com)... 185.199.108.133, 185.199.110.133, 185.199.111.133, ...
[2023-01-27T04:57:12.387+0000] {subprocess.py:93} INFO - Connecting to objects.githubusercontent.com (objects.githubusercontent.com)|185.199.108.133|:443... connected.
[2023-01-27T04:57:12.914+0000] {subprocess.py:93} INFO - HTTP request sent, awaiting response... 200 OK
[2023-01-27T04:57:12.914+0000] {subprocess.py:93} INFO - Length: 19375751 (18M) [application/octet-stream]
[2023-01-27T04:57:12.914+0000] {subprocess.py:93} INFO - Saving to: ‘/opt/***/fhv_tripdata_2019-10.csv.gz’
[2023-01-27T04:57:12.915+0000] {subprocess.py:93} INFO - 
[2023-01-27T04:57:13.084+0000] {subprocess.py:93} INFO -      0K .......... .......... .......... .......... ..........  0%  294K 64s
[2023-01-27T04:57:13.221+0000] {subprocess.py:93} INFO -     50K .......... .......... .......... .......... ..........  0%  365K 58s
[2023-01-27T04:57:13.312+0000] {subprocess.py:93} INFO -    100K .......... .......... .......... .......... ..........  0%  553K 50s
[2023-01-27T04:57:13.400+0000] {subprocess.py:93} INFO -    150K .......... .......... .......... .......... ..........  1%  568K 45s
[2023-01-27T04:57:13.499+0000] {subprocess.py:93} INFO -    200K .......... .......... .......... .......... ..........  1%  504K 44s
[2023-01-27T04:57:13.599+0000] {subprocess.py:93} INFO -    250K .......... .......... .......... .......... ..........  1%  500K 42s
[2023-01-27T04:57:13.692+0000] {subprocess.py:93} INFO -    300K .......... .......... .......... .......... ..........  1%  535K 41s
[2023-01-27T04:57:13.795+0000] {subprocess.py:93} INFO -    350K .......... .......... .......... .......... ..........  2%  488K 41s
[2023-01-27T04:57:13.846+0000] {subprocess.py:93} INFO -    400K .......... .......... .......... .......... ..........  2%  971K 38s
[2023-01-27T04:57:13.868+0000] {subprocess.py:93} INFO -    450K .......... .......... .......... .......... ..........  2% 2.25M 35s
[2023-01-27T04:57:13.901+0000] {subprocess.py:93} INFO -    500K .......... .......... .......... .......... ..........  2% 1.49M 33s
[2023-01-27T04:57:13.937+0000] {subprocess.py:93} INFO -    550K .......... .......... .......... .......... ..........  3% 1.36M 31s
[2023-01-27T04:57:13.956+0000] {subprocess.py:93} INFO -    600K .......... .......... .......... .......... ..........  3% 2.51M 29s
[2023-01-27T04:57:13.998+0000] {subprocess.py:93} INFO -    650K .......... .......... .......... .......... ..........  3% 1.16M 28s
[2023-01-27T04:57:14.035+0000] {subprocess.py:93} INFO -    700K .......... .......... .......... .......... ..........  3% 1.32M 27s
[2023-01-27T04:57:14.072+0000] {subprocess.py:93} INFO -    750K .......... .......... .......... .......... ..........  4% 1.34M 26s
[2023-01-27T04:57:14.096+0000] {subprocess.py:93} INFO -    800K .......... .......... .......... .......... ..........  4% 2.01M 25s
[2023-01-27T04:57:14.137+0000] {subprocess.py:93} INFO -    850K .......... .......... .......... .......... ..........  4% 1.18M 24s
[2023-01-27T04:57:14.170+0000] {subprocess.py:93} INFO -    900K .......... .......... .......... .......... ..........  5% 1.50M 24s
[2023-01-27T04:57:14.192+0000] {subprocess.py:93} INFO -    950K .......... .......... .......... .......... ..........  5% 2.21M 23s
[2023-01-27T04:57:14.219+0000] {subprocess.py:93} INFO -   1000K .......... .......... .......... .......... ..........  5% 1.85M 22s
[2023-01-27T04:57:14.257+0000] {subprocess.py:93} INFO -   1050K .......... .......... .......... .......... ..........  5% 1.27M 22s
[2023-01-27T04:57:14.305+0000] {subprocess.py:93} INFO -   1100K .......... .......... .......... .......... ..........  6% 1.01M 21s
[2023-01-27T04:57:14.357+0000] {subprocess.py:93} INFO -   1150K .......... .......... .......... .......... ..........  6%  966K 21s
[2023-01-27T04:57:14.387+0000] {subprocess.py:93} INFO -   1200K .......... .......... .......... .......... ..........  6% 1.64M 21s
[2023-01-27T04:57:14.400+0000] {subprocess.py:93} INFO -   1250K .......... .......... .......... .......... ..........  6% 3.64M 20s
[2023-01-27T04:57:14.433+0000] {subprocess.py:93} INFO -   1300K .......... .......... .......... .......... ..........  7% 1.50M 20s
[2023-01-27T04:57:14.463+0000] {subprocess.py:93} INFO -   1350K .......... .......... .......... .......... ..........  7% 1.62M 19s
[2023-01-27T04:57:14.493+0000] {subprocess.py:93} INFO -   1400K .......... .......... .......... .......... ..........  7% 1.63M 19s
[2023-01-27T04:57:14.517+0000] {subprocess.py:93} INFO -   1450K .......... .......... .......... .......... ..........  7% 2.01M 19s
[2023-01-27T04:57:14.539+0000] {subprocess.py:93} INFO -   1500K .......... .......... .......... .......... ..........  8% 2.21M 18s
[2023-01-27T04:57:14.584+0000] {subprocess.py:93} INFO -   1550K .......... .......... .......... .......... ..........  8% 1.09M 18s
[2023-01-27T04:57:14.606+0000] {subprocess.py:93} INFO -   1600K .......... .......... .......... .......... ..........  8% 2.21M 18s
[2023-01-27T04:57:14.617+0000] {subprocess.py:93} INFO -   1650K .......... .......... .......... .......... ..........  8% 4.32M 17s
[2023-01-27T04:57:14.629+0000] {subprocess.py:93} INFO -   1700K .......... .......... .......... .......... ..........  9% 4.21M 17s
[2023-01-27T04:57:14.651+0000] {subprocess.py:93} INFO -   1750K .......... .......... .......... .......... ..........  9% 2.18M 17s
[2023-01-27T04:57:14.669+0000] {subprocess.py:93} INFO -   1800K .......... .......... .......... .......... ..........  9% 2.76M 16s
[2023-01-27T04:57:14.685+0000] {subprocess.py:93} INFO -   1850K .......... .......... .......... .......... .......... 10% 3.14M 16s
[2023-01-27T04:57:14.701+0000] {subprocess.py:93} INFO -   1900K .......... .......... .......... .......... .......... 10% 2.95M 16s
[2023-01-27T04:57:14.761+0000] {subprocess.py:93} INFO -   1950K .......... .......... .......... .......... .......... 10%  836K 16s
[2023-01-27T04:57:14.783+0000] {subprocess.py:93} INFO -   2000K .......... .......... .......... .......... .......... 10% 2.24M 15s
[2023-01-27T04:57:14.796+0000] {subprocess.py:93} INFO -   2050K .......... .......... .......... .......... .......... 11% 3.72M 15s
[2023-01-27T04:57:14.908+0000] {subprocess.py:93} INFO -   2100K .......... .......... .......... .......... .......... 11%  445K 16s
[2023-01-27T04:57:14.938+0000] {subprocess.py:93} INFO -   2150K .......... .......... .......... .......... .......... 11% 1.66M 15s
[2023-01-27T04:57:14.964+0000] {subprocess.py:93} INFO -   2200K .......... .......... .......... .......... .......... 11% 1.86M 15s
[2023-01-27T04:57:14.996+0000] {subprocess.py:93} INFO -   2250K .......... .......... .......... .......... .......... 12% 1.50M 15s
[2023-01-27T04:57:15.026+0000] {subprocess.py:93} INFO -   2300K .......... .......... .......... .......... .......... 12% 1.65M 15s
[2023-01-27T04:57:15.066+0000] {subprocess.py:93} INFO -   2350K .......... .......... .......... .......... .......... 12% 1.22M 15s
[2023-01-27T04:57:15.115+0000] {subprocess.py:93} INFO -   2400K .......... .......... .......... .......... .......... 12% 1.00M 15s
[2023-01-27T04:57:15.141+0000] {subprocess.py:93} INFO -   2450K .......... .......... .......... .......... .......... 13% 1.84M 15s
[2023-01-27T04:57:15.164+0000] {subprocess.py:93} INFO -   2500K .......... .......... .......... .......... .......... 13% 2.09M 14s
[2023-01-27T04:57:15.204+0000] {subprocess.py:93} INFO -   2550K .......... .......... .......... .......... .......... 13% 1.23M 14s
[2023-01-27T04:57:15.241+0000] {subprocess.py:93} INFO -   2600K .......... .......... .......... .......... .......... 14% 1.33M 14s
[2023-01-27T04:57:15.271+0000] {subprocess.py:93} INFO -   2650K .......... .......... .......... .......... .......... 14% 1.64M 14s
[2023-01-27T04:57:15.293+0000] {subprocess.py:93} INFO -   2700K .......... .......... .......... .......... .......... 14% 2.22M 14s
[2023-01-27T04:57:15.319+0000] {subprocess.py:93} INFO -   2750K .......... .......... .......... .......... .......... 14% 1.83M 14s
[2023-01-27T04:57:15.333+0000] {subprocess.py:93} INFO -   2800K .......... .......... .......... .......... .......... 15% 3.67M 14s
[2023-01-27T04:57:15.358+0000] {subprocess.py:93} INFO -   2850K .......... .......... .......... .......... .......... 15% 1.93M 14s
[2023-01-27T04:57:15.395+0000] {subprocess.py:93} INFO -   2900K .......... .......... .......... .......... .......... 15% 1.32M 13s
[2023-01-27T04:57:15.424+0000] {subprocess.py:93} INFO -   2950K .......... .......... .......... .......... .......... 15% 1.68M 13s
[2023-01-27T04:57:15.459+0000] {subprocess.py:93} INFO -   3000K .......... .......... .......... .......... .......... 16% 1.38M 13s
[2023-01-27T04:57:15.496+0000] {subprocess.py:93} INFO -   3050K .......... .......... .......... .......... .......... 16% 1.32M 13s
[2023-01-27T04:57:15.523+0000] {subprocess.py:93} INFO -   3100K .......... .......... .......... .......... .......... 16% 1.84M 13s
[2023-01-27T04:57:15.549+0000] {subprocess.py:93} INFO -   3150K .......... .......... .......... .......... .......... 16% 1.84M 13s
[2023-01-27T04:57:15.556+0000] {subprocess.py:93} INFO -   3200K .......... .......... .......... .......... .......... 17% 7.18M 13s
[2023-01-27T04:57:15.571+0000] {subprocess.py:93} INFO -   3250K .......... .......... .......... .......... .......... 17% 3.31M 13s
[2023-01-27T04:57:15.607+0000] {subprocess.py:93} INFO -   3300K .......... .......... .......... .......... .......... 17% 1.37M 13s
[2023-01-27T04:57:15.718+0000] {subprocess.py:93} INFO -   3350K .......... .......... .......... .......... .......... 17%  448K 13s
[2023-01-27T04:57:15.807+0000] {subprocess.py:93} INFO -   3400K .......... .......... .......... .......... .......... 18%  565K 13s
[2023-01-27T04:57:15.811+0000] {subprocess.py:93} INFO -   3450K .......... .......... .......... .......... .......... 18% 10.9M 13s
[2023-01-27T04:57:15.889+0000] {subprocess.py:93} INFO -   3500K .......... .......... .......... .......... .......... 18%  645K 13s
[2023-01-27T04:57:15.898+0000] {subprocess.py:93} INFO -   3550K .......... .......... .......... .......... .......... 19% 5.46M 13s
[2023-01-27T04:57:15.902+0000] {subprocess.py:93} INFO -   3600K .......... .......... .......... .......... .......... 19% 11.3M 13s
[2023-01-27T04:57:15.914+0000] {subprocess.py:93} INFO -   3650K .......... .......... .......... .......... .......... 19% 3.93M 12s
[2023-01-27T04:57:15.951+0000] {subprocess.py:93} INFO -   3700K .......... .......... .......... .......... .......... 19% 1.35M 12s
[2023-01-27T04:57:15.973+0000] {subprocess.py:93} INFO -   3750K .......... .......... .......... .......... .......... 20% 2.12M 12s
[2023-01-27T04:57:15.991+0000] {subprocess.py:93} INFO -   3800K .......... .......... .......... .......... .......... 20% 2.76M 12s
[2023-01-27T04:57:16.003+0000] {subprocess.py:93} INFO -   3850K .......... .......... .......... .......... .......... 20% 3.98M 12s
[2023-01-27T04:57:16.036+0000] {subprocess.py:93} INFO -   3900K .......... .......... .......... .......... .......... 20% 1.52M 12s
[2023-01-27T04:57:16.063+0000] {subprocess.py:93} INFO -   3950K .......... .......... .......... .......... .......... 21% 1.82M 12s
[2023-01-27T04:57:16.080+0000] {subprocess.py:93} INFO -   4000K .......... .......... .......... .......... .......... 21% 2.76M 12s
[2023-01-27T04:57:16.107+0000] {subprocess.py:93} INFO -   4050K .......... .......... .......... .......... .......... 21% 1.80M 12s
[2023-01-27T04:57:16.125+0000] {subprocess.py:93} INFO -   4100K .......... .......... .......... .......... .......... 21% 2.75M 11s
[2023-01-27T04:57:16.149+0000] {subprocess.py:93} INFO -   4150K .......... .......... .......... .......... .......... 22% 2.02M 11s
[2023-01-27T04:57:16.163+0000] {subprocess.py:93} INFO -   4200K .......... .......... .......... .......... .......... 22% 3.66M 11s
[2023-01-27T04:57:16.176+0000] {subprocess.py:93} INFO -   4250K .......... .......... .......... .......... .......... 22% 3.67M 11s
[2023-01-27T04:57:16.198+0000] {subprocess.py:93} INFO -   4300K .......... .......... .......... .......... .......... 22% 2.25M 11s
[2023-01-27T04:57:16.246+0000] {subprocess.py:93} INFO -   4350K .......... .......... .......... .......... .......... 23% 1.89M 11s
[2023-01-27T04:57:16.262+0000] {subprocess.py:93} INFO -   4400K .......... .......... .......... .......... .......... 23% 1.25M 11s
[2023-01-27T04:57:16.286+0000] {subprocess.py:93} INFO -   4450K .......... .......... .......... .......... .......... 23% 2.09M 11s
[2023-01-27T04:57:16.308+0000] {subprocess.py:93} INFO -   4500K .......... .......... .......... .......... .......... 24% 2.23M 11s
[2023-01-27T04:57:16.321+0000] {subprocess.py:93} INFO -   4550K .......... .......... .......... .......... .......... 24% 3.81M 11s
[2023-01-27T04:57:16.363+0000] {subprocess.py:93} INFO -   4600K .......... .......... .......... .......... .......... 24% 1.15M 11s
[2023-01-27T04:57:16.380+0000] {subprocess.py:93} INFO -   4650K .......... .......... .......... .......... .......... 24% 2.77M 10s
[2023-01-27T04:57:16.406+0000] {subprocess.py:93} INFO -   4700K .......... .......... .......... .......... .......... 25% 1.93M 10s
[2023-01-27T04:57:16.431+0000] {subprocess.py:93} INFO -   4750K .......... .......... .......... .......... .......... 25% 2.32M 10s
[2023-01-27T04:57:16.465+0000] {subprocess.py:93} INFO -   4800K .......... .......... .......... .......... .......... 25% 1.27M 10s
[2023-01-27T04:57:16.487+0000] {subprocess.py:93} INFO -   4850K .......... .......... .......... .......... .......... 25% 2.21M 10s
[2023-01-27T04:57:16.518+0000] {subprocess.py:93} INFO -   4900K .......... .......... .......... .......... .......... 26% 1.58M 10s
[2023-01-27T04:57:16.544+0000] {subprocess.py:93} INFO -   4950K .......... .......... .......... .......... .......... 26% 1.92M 10s
[2023-01-27T04:57:16.562+0000] {subprocess.py:93} INFO -   5000K .......... .......... .......... .......... .......... 26% 2.69M 10s
[2023-01-27T04:57:16.587+0000] {subprocess.py:93} INFO -   5050K .......... .......... .......... .......... .......... 26% 1.94M 10s
[2023-01-27T04:57:16.609+0000] {subprocess.py:93} INFO -   5100K .......... .......... .......... .......... .......... 27% 2.20M 10s
[2023-01-27T04:57:16.651+0000] {subprocess.py:93} INFO -   5150K .......... .......... .......... .......... .......... 27% 1.30M 10s
[2023-01-27T04:57:16.673+0000] {subprocess.py:93} INFO -   5200K .......... .......... .......... .......... .......... 27% 1.87M 10s
[2023-01-27T04:57:16.694+0000] {subprocess.py:93} INFO -   5250K .......... .......... .......... .......... .......... 28% 2.34M 10s
[2023-01-27T04:57:16.721+0000] {subprocess.py:93} INFO -   5300K .......... .......... .......... .......... .......... 28% 1.81M 10s
[2023-01-27T04:57:16.742+0000] {subprocess.py:93} INFO -   5350K .......... .......... .......... .......... .......... 28% 2.30M 10s
[2023-01-27T04:57:16.771+0000] {subprocess.py:93} INFO -   5400K .......... .......... .......... .......... .......... 28% 1.68M 10s
[2023-01-27T04:57:16.786+0000] {subprocess.py:93} INFO -   5450K .......... .......... .......... .......... .......... 29% 3.18M 9s
[2023-01-27T04:57:16.808+0000] {subprocess.py:93} INFO -   5500K .......... .......... .......... .......... .......... 29% 2.22M 9s
[2023-01-27T04:57:16.832+0000] {subprocess.py:93} INFO -   5550K .......... .......... .......... .......... .......... 29% 3.29M 9s
[2023-01-27T04:57:16.854+0000] {subprocess.py:93} INFO -   5600K .......... .......... .......... .......... .......... 29% 1.59M 9s
[2023-01-27T04:57:16.877+0000] {subprocess.py:93} INFO -   5650K .......... .......... .......... .......... .......... 30% 2.08M 9s
[2023-01-27T04:57:16.896+0000] {subprocess.py:93} INFO -   5700K .......... .......... .......... .......... .......... 30% 2.66M 9s
[2023-01-27T04:57:16.926+0000] {subprocess.py:93} INFO -   5750K .......... .......... .......... .......... .......... 30% 1.63M 9s
[2023-01-27T04:57:16.951+0000] {subprocess.py:93} INFO -   5800K .......... .......... .......... .......... .......... 30% 1.88M 9s
[2023-01-27T04:57:16.969+0000] {subprocess.py:93} INFO -   5850K .......... .......... .......... .......... .......... 31% 2.81M 9s
[2023-01-27T04:57:16.988+0000] {subprocess.py:93} INFO -   5900K .......... .......... .......... .......... .......... 31% 2.50M 9s
[2023-01-27T04:57:17.017+0000] {subprocess.py:93} INFO -   5950K .......... .......... .......... .......... .......... 31% 2.75M 9s
[2023-01-27T04:57:17.039+0000] {subprocess.py:93} INFO -   6000K .......... .......... .......... .......... .......... 31% 1.50M 9s
[2023-01-27T04:57:17.073+0000] {subprocess.py:93} INFO -   6050K .......... .......... .......... .......... .......... 32% 1.41M 9s
[2023-01-27T04:57:17.100+0000] {subprocess.py:93} INFO -   6100K .......... .......... .......... .......... .......... 32% 1.87M 9s
[2023-01-27T04:57:17.129+0000] {subprocess.py:93} INFO -   6150K .......... .......... .......... .......... .......... 32% 1.63M 9s
[2023-01-27T04:57:17.155+0000] {subprocess.py:93} INFO -   6200K .......... .......... .......... .......... .......... 33% 1.93M 9s
[2023-01-27T04:57:17.173+0000] {subprocess.py:93} INFO -   6250K .......... .......... .......... .......... .......... 33% 2.68M 9s
[2023-01-27T04:57:17.186+0000] {subprocess.py:93} INFO -   6300K .......... .......... .......... .......... .......... 33% 3.66M 8s
[2023-01-27T04:57:17.235+0000] {subprocess.py:93} INFO -   6350K .......... .......... .......... .......... .......... 33% 1.44M 8s
[2023-01-27T04:57:17.253+0000] {subprocess.py:93} INFO -   6400K .......... .......... .......... .......... .......... 34% 1.49M 8s
[2023-01-27T04:57:17.279+0000] {subprocess.py:93} INFO -   6450K .......... .......... .......... .......... .......... 34% 1.85M 8s
[2023-01-27T04:57:17.297+0000] {subprocess.py:93} INFO -   6500K .......... .......... .......... .......... .......... 34% 2.76M 8s
[2023-01-27T04:57:17.321+0000] {subprocess.py:93} INFO -   6550K .......... .......... .......... .......... .......... 34% 2.00M 8s
[2023-01-27T04:57:17.335+0000] {subprocess.py:93} INFO -   6600K .......... .......... .......... .......... .......... 35% 3.65M 8s
[2023-01-27T04:57:17.372+0000] {subprocess.py:93} INFO -   6650K .......... .......... .......... .......... .......... 35% 1.31M 8s
[2023-01-27T04:57:17.389+0000] {subprocess.py:93} INFO -   6700K .......... .......... .......... .......... .......... 35% 2.77M 8s
[2023-01-27T04:57:17.415+0000] {subprocess.py:93} INFO -   6750K .......... .......... .......... .......... .......... 35% 2.26M 8s
[2023-01-27T04:57:17.440+0000] {subprocess.py:93} INFO -   6800K .......... .......... .......... .......... .......... 36% 1.67M 8s
[2023-01-27T04:57:17.458+0000] {subprocess.py:93} INFO -   6850K .......... .......... .......... .......... .......... 36% 2.76M 8s
[2023-01-27T04:57:17.496+0000] {subprocess.py:93} INFO -   6900K .......... .......... .......... .......... .......... 36% 1.27M 8s
[2023-01-27T04:57:17.515+0000] {subprocess.py:93} INFO -   6950K .......... .......... .......... .......... .......... 36% 2.63M 8s
[2023-01-27T04:57:17.534+0000] {subprocess.py:93} INFO -   7000K .......... .......... .......... .......... .......... 37% 2.52M 8s
[2023-01-27T04:57:17.542+0000] {subprocess.py:93} INFO -   7050K .......... .......... .......... .......... .......... 37% 6.46M 8s
[2023-01-27T04:57:17.558+0000] {subprocess.py:93} INFO -   7100K .......... .......... .......... .......... .......... 37% 2.95M 8s
[2023-01-27T04:57:17.583+0000] {subprocess.py:93} INFO -   7150K .......... .......... .......... .......... .......... 38% 2.03M 8s
[2023-01-27T04:57:17.605+0000] {subprocess.py:93} INFO -   7200K .......... .......... .......... .......... .......... 38% 2.16M 8s
[2023-01-27T04:57:17.619+0000] {subprocess.py:93} INFO -   7250K .......... .......... .......... .......... .......... 38% 3.52M 7s
[2023-01-27T04:57:17.628+0000] {subprocess.py:93} INFO -   7300K .......... .......... .......... .......... .......... 38% 5.53M 7s
[2023-01-27T04:57:17.686+0000] {subprocess.py:93} INFO -   7350K .......... .......... .......... .......... .......... 39%  864K 7s
[2023-01-27T04:57:17.699+0000] {subprocess.py:93} INFO -   7400K .......... .......... .......... .......... .......... 39% 3.65M 7s
[2023-01-27T04:57:17.740+0000] {subprocess.py:93} INFO -   7450K .......... .......... .......... .......... .......... 39% 1.19M 7s
[2023-01-27T04:57:17.759+0000] {subprocess.py:93} INFO -   7500K .......... .......... .......... .......... .......... 39% 2.56M 7s
[2023-01-27T04:57:17.794+0000] {subprocess.py:93} INFO -   7550K .......... .......... .......... .......... .......... 40% 1.39M 7s
[2023-01-27T04:57:17.835+0000] {subprocess.py:93} INFO -   7600K .......... .......... .......... .......... .......... 40% 1.21M 7s
[2023-01-27T04:57:17.856+0000] {subprocess.py:93} INFO -   7650K .......... .......... .......... .......... .......... 40% 2.24M 7s
[2023-01-27T04:57:17.885+0000] {subprocess.py:93} INFO -   7700K .......... .......... .......... .......... .......... 40% 1.69M 7s
[2023-01-27T04:57:17.899+0000] {subprocess.py:93} INFO -   7750K .......... .......... .......... .......... .......... 41% 3.66M 7s
[2023-01-27T04:57:17.916+0000] {subprocess.py:93} INFO -   7800K .......... .......... .......... .......... .......... 41% 2.73M 7s
[2023-01-27T04:57:17.954+0000] {subprocess.py:93} INFO -   7850K .......... .......... .......... .......... .......... 41% 1.32M 7s
[2023-01-27T04:57:17.971+0000] {subprocess.py:93} INFO -   7900K .......... .......... .......... .......... .......... 42% 2.74M 7s
[2023-01-27T04:57:18.004+0000] {subprocess.py:93} INFO -   7950K .......... .......... .......... .......... .......... 42% 1.49M 7s
[2023-01-27T04:57:18.022+0000] {subprocess.py:93} INFO -   8000K .......... .......... .......... .......... .......... 42% 2.76M 7s
[2023-01-27T04:57:18.034+0000] {subprocess.py:93} INFO -   8050K .......... .......... .......... .......... .......... 42% 3.83M 7s
[2023-01-27T04:57:18.056+0000] {subprocess.py:93} INFO -   8100K .......... .......... .......... .......... .......... 43% 2.24M 7s
[2023-01-27T04:57:18.095+0000] {subprocess.py:93} INFO -   8150K .......... .......... .......... .......... .......... 43% 1.26M 7s
[2023-01-27T04:57:18.159+0000] {subprocess.py:93} INFO -   8200K .......... .......... .......... .......... .......... 43%  777K 7s
[2023-01-27T04:57:18.191+0000] {subprocess.py:93} INFO -   8250K .......... .......... .......... .......... .......... 43% 1.54M 7s
[2023-01-27T04:57:18.212+0000] {subprocess.py:93} INFO -   8300K .......... .......... .......... .......... .......... 44% 2.28M 7s
[2023-01-27T04:57:18.221+0000] {subprocess.py:93} INFO -   8350K .......... .......... .......... .......... .......... 44% 5.54M 7s
[2023-01-27T04:57:18.227+0000] {subprocess.py:93} INFO -   8400K .......... .......... .......... .......... .......... 44% 7.99M 7s
[2023-01-27T04:57:18.256+0000] {subprocess.py:93} INFO -   8450K .......... .......... .......... .......... .......... 44% 1.68M 7s
[2023-01-27T04:57:18.286+0000] {subprocess.py:93} INFO -   8500K .......... .......... .......... .......... .......... 45% 1.64M 7s
[2023-01-27T04:57:18.305+0000] {subprocess.py:93} INFO -   8550K .......... .......... .......... .......... .......... 45% 2.57M 6s
[2023-01-27T04:57:18.333+0000] {subprocess.py:93} INFO -   8600K .......... .......... .......... .......... .......... 45% 1.75M 6s
[2023-01-27T04:57:18.351+0000] {subprocess.py:93} INFO -   8650K .......... .......... .......... .......... .......... 45% 2.75M 6s
[2023-01-27T04:57:18.371+0000] {subprocess.py:93} INFO -   8700K .......... .......... .......... .......... .......... 46% 2.43M 6s
[2023-01-27T04:57:18.395+0000] {subprocess.py:93} INFO -   8750K .......... .......... .......... .......... .......... 46% 2.01M 6s
[2023-01-27T04:57:18.413+0000] {subprocess.py:93} INFO -   8800K .......... .......... .......... .......... .......... 46% 2.75M 6s
[2023-01-27T04:57:18.444+0000] {subprocess.py:93} INFO -   8850K .......... .......... .......... .......... .......... 47% 1.60M 6s
[2023-01-27T04:57:18.460+0000] {subprocess.py:93} INFO -   8900K .......... .......... .......... .......... .......... 47% 3.04M 6s
[2023-01-27T04:57:18.477+0000] {subprocess.py:93} INFO -   8950K .......... .......... .......... .......... .......... 47% 2.76M 6s
[2023-01-27T04:57:18.506+0000] {subprocess.py:93} INFO -   9000K .......... .......... .......... .......... .......... 47% 1.69M 6s
[2023-01-27T04:57:18.524+0000] {subprocess.py:93} INFO -   9050K .......... .......... .......... .......... .......... 48% 2.74M 6s
[2023-01-27T04:57:18.551+0000] {subprocess.py:93} INFO -   9100K .......... .......... .......... .......... .......... 48% 1.84M 6s
[2023-01-27T04:57:18.564+0000] {subprocess.py:93} INFO -   9150K .......... .......... .......... .......... .......... 48% 3.63M 6s
[2023-01-27T04:57:18.600+0000] {subprocess.py:93} INFO -   9200K .......... .......... .......... .......... .......... 48% 1.37M 6s
[2023-01-27T04:57:18.617+0000] {subprocess.py:93} INFO -   9250K .......... .......... .......... .......... .......... 49% 2.93M 6s
[2023-01-27T04:57:18.635+0000] {subprocess.py:93} INFO -   9300K .......... .......... .......... .......... .......... 49% 2.64M 6s
[2023-01-27T04:57:18.653+0000] {subprocess.py:93} INFO -   9350K .......... .......... .......... .......... .......... 49% 2.77M 6s
[2023-01-27T04:57:18.661+0000] {subprocess.py:93} INFO -   9400K .......... .......... .......... .......... .......... 49% 5.57M 6s
[2023-01-27T04:57:18.679+0000] {subprocess.py:93} INFO -   9450K .......... .......... .......... .......... .......... 50% 2.78M 6s
[2023-01-27T04:57:18.709+0000] {subprocess.py:93} INFO -   9500K .......... .......... .......... .......... .......... 50% 1.87M 6s
[2023-01-27T04:57:18.760+0000] {subprocess.py:93} INFO -   9550K .......... .......... .......... .......... .......... 50%  914K 6s
[2023-01-27T04:57:18.781+0000] {subprocess.py:93} INFO -   9600K .......... .......... .......... .......... .......... 50% 2.33M 6s
[2023-01-27T04:57:18.798+0000] {subprocess.py:93} INFO -   9650K .......... .......... .......... .......... .......... 51% 2.84M 6s
[2023-01-27T04:57:18.819+0000] {subprocess.py:93} INFO -   9700K .......... .......... .......... .......... .......... 51% 2.34M 6s
[2023-01-27T04:57:18.835+0000] {subprocess.py:93} INFO -   9750K .......... .......... .......... .......... .......... 51% 3.08M 6s
[2023-01-27T04:57:18.858+0000] {subprocess.py:93} INFO -   9800K .......... .......... .......... .......... .......... 52% 2.05M 5s
[2023-01-27T04:57:18.876+0000] {subprocess.py:93} INFO -   9850K .......... .......... .......... .......... .......... 52% 2.76M 5s
[2023-01-27T04:57:18.895+0000] {subprocess.py:93} INFO -   9900K .......... .......... .......... .......... .......... 52% 5.48M 5s
[2023-01-27T04:57:18.903+0000] {subprocess.py:93} INFO -   9950K .......... .......... .......... .......... .......... 52% 2.65M 5s
[2023-01-27T04:57:18.952+0000] {subprocess.py:93} INFO -  10000K .......... .......... .......... .......... .......... 53% 1022K 5s
[2023-01-27T04:57:18.970+0000] {subprocess.py:93} INFO -  10050K .......... .......... .......... .......... .......... 53% 2.77M 5s
[2023-01-27T04:57:18.984+0000] {subprocess.py:93} INFO -  10100K .......... .......... .......... .......... .......... 53% 3.50M 5s
[2023-01-27T04:57:19.002+0000] {subprocess.py:93} INFO -  10150K .......... .......... .......... .......... .......... 53% 2.71M 5s
[2023-01-27T04:57:19.029+0000] {subprocess.py:93} INFO -  10200K .......... .......... .......... .......... .......... 54% 2.17M 5s
[2023-01-27T04:57:19.053+0000] {subprocess.py:93} INFO -  10250K .......... .......... .......... .......... .......... 54% 1.70M 5s
[2023-01-27T04:57:19.089+0000] {subprocess.py:93} INFO -  10300K .......... .......... .......... .......... .......... 54% 1.37M 5s
[2023-01-27T04:57:19.113+0000] {subprocess.py:93} INFO -  10350K .......... .......... .......... .......... .......... 54% 2.01M 5s
[2023-01-27T04:57:19.134+0000] {subprocess.py:93} INFO -  10400K .......... .......... .......... .......... .......... 55% 2.38M 5s
[2023-01-27T04:57:19.152+0000] {subprocess.py:93} INFO -  10450K .......... .......... .......... .......... .......... 55% 2.74M 5s
[2023-01-27T04:57:19.169+0000] {subprocess.py:93} INFO -  10500K .......... .......... .......... .......... .......... 55% 2.75M 5s
[2023-01-27T04:57:19.184+0000] {subprocess.py:93} INFO -  10550K .......... .......... .......... .......... .......... 56% 3.24M 5s
[2023-01-27T04:57:19.215+0000] {subprocess.py:93} INFO -  10600K .......... .......... .......... .......... .......... 56% 2.27M 5s
[2023-01-27T04:57:19.235+0000] {subprocess.py:93} INFO -  10650K .......... .......... .......... .......... .......... 56% 1.70M 5s
[2023-01-27T04:57:19.257+0000] {subprocess.py:93} INFO -  10700K .......... .......... .......... .......... .......... 56% 2.18M 5s
[2023-01-27T04:57:19.265+0000] {subprocess.py:93} INFO -  10750K .......... .......... .......... .......... .......... 57% 6.13M 5s
[2023-01-27T04:57:19.273+0000] {subprocess.py:93} INFO -  10800K .......... .......... .......... .......... .......... 57% 5.84M 5s
[2023-01-27T04:57:19.303+0000] {subprocess.py:93} INFO -  10850K .......... .......... .......... .......... .......... 57% 2.55M 5s
[2023-01-27T04:57:19.353+0000] {subprocess.py:93} INFO -  10900K .......... .......... .......... .......... .......... 57%  831K 5s
[2023-01-27T04:57:19.373+0000] {subprocess.py:93} INFO -  10950K .......... .......... .......... .......... .......... 58% 2.49M 5s
[2023-01-27T04:57:19.478+0000] {subprocess.py:93} INFO -  11000K .......... .......... .......... .......... .......... 58%  476K 5s
[2023-01-27T04:57:19.478+0000] {subprocess.py:93} INFO -  11050K .......... .......... .......... .......... .......... 58% 73.3M 5s
[2023-01-27T04:57:19.479+0000] {subprocess.py:93} INFO -  11100K .......... .......... .......... .......... .......... 58%  116M 5s
[2023-01-27T04:57:19.491+0000] {subprocess.py:93} INFO -  11150K .......... .......... .......... .......... .......... 59% 3.97M 5s
[2023-01-27T04:57:19.494+0000] {subprocess.py:93} INFO -  11200K .......... .......... .......... .......... .......... 59% 17.8M 4s
[2023-01-27T04:57:19.522+0000] {subprocess.py:93} INFO -  11250K .......... .......... .......... .......... .......... 59% 1.73M 4s
[2023-01-27T04:57:19.539+0000] {subprocess.py:93} INFO -  11300K .......... .......... .......... .......... .......... 59% 2.80M 4s
[2023-01-27T04:57:19.561+0000] {subprocess.py:93} INFO -  11350K .......... .......... .......... .......... .......... 60% 2.22M 4s
[2023-01-27T04:57:19.574+0000] {subprocess.py:93} INFO -  11400K .......... .......... .......... .......... .......... 60% 3.75M 4s
[2023-01-27T04:57:19.594+0000] {subprocess.py:93} INFO -  11450K .......... .......... .......... .......... .......... 60% 2.44M 4s
[2023-01-27T04:57:19.613+0000] {subprocess.py:93} INFO -  11500K .......... .......... .......... .......... .......... 61% 2.57M 4s
[2023-01-27T04:57:19.643+0000] {subprocess.py:93} INFO -  11550K .......... .......... .......... .......... .......... 61% 1.67M 4s
[2023-01-27T04:57:19.667+0000] {subprocess.py:93} INFO -  11600K .......... .......... .......... .......... .......... 61% 1.99M 4s
[2023-01-27T04:57:19.684+0000] {subprocess.py:93} INFO -  11650K .......... .......... .......... .......... .......... 61% 2.91M 4s
[2023-01-27T04:57:19.703+0000] {subprocess.py:93} INFO -  11700K .......... .......... .......... .......... .......... 62% 2.53M 4s
[2023-01-27T04:57:19.733+0000] {subprocess.py:93} INFO -  11750K .......... .......... .......... .......... .......... 62% 1.62M 4s
[2023-01-27T04:57:19.747+0000] {subprocess.py:93} INFO -  11800K .......... .......... .......... .......... .......... 62% 3.59M 4s
[2023-01-27T04:57:19.771+0000] {subprocess.py:93} INFO -  11850K .......... .......... .......... .......... .......... 62% 2.01M 4s
[2023-01-27T04:57:19.797+0000] {subprocess.py:93} INFO -  11900K .......... .......... .......... .......... .......... 63% 1.85M 4s
[2023-01-27T04:57:19.818+0000] {subprocess.py:93} INFO -  11950K .......... .......... .......... .......... .......... 63% 2.40M 4s
[2023-01-27T04:57:19.843+0000] {subprocess.py:93} INFO -  12000K .......... .......... .......... .......... .......... 63% 1.93M 4s
[2023-01-27T04:57:19.865+0000] {subprocess.py:93} INFO -  12050K .......... .......... .......... .......... .......... 63% 3.67M 4s
[2023-01-27T04:57:19.882+0000] {subprocess.py:93} INFO -  12100K .......... .......... .......... .......... .......... 64% 1.93M 4s
[2023-01-27T04:57:19.898+0000] {subprocess.py:93} INFO -  12150K .......... .......... .......... .......... .......... 64% 2.94M 4s
[2023-01-27T04:57:19.912+0000] {subprocess.py:93} INFO -  12200K .......... .......... .......... .......... .......... 64% 3.70M 4s
[2023-01-27T04:57:19.920+0000] {subprocess.py:93} INFO -  12250K .......... .......... .......... .......... .......... 65% 5.47M 4s
[2023-01-27T04:57:19.942+0000] {subprocess.py:93} INFO -  12300K .......... .......... .......... .......... .......... 65% 2.84M 4s
[2023-01-27T04:57:19.984+0000] {subprocess.py:93} INFO -  12350K .......... .......... .......... .......... .......... 65% 1.06M 4s
[2023-01-27T04:57:19.992+0000] {subprocess.py:93} INFO -  12400K .......... .......... .......... .......... .......... 65% 5.56M 4s
[2023-01-27T04:57:20.015+0000] {subprocess.py:93} INFO -  12450K .......... .......... .......... .......... .......... 66% 2.18M 4s
[2023-01-27T04:57:20.031+0000] {subprocess.py:93} INFO -  12500K .......... .......... .......... .......... .......... 66% 3.09M 4s
[2023-01-27T04:57:20.042+0000] {subprocess.py:93} INFO -  12550K .......... .......... .......... .......... .......... 66% 4.18M 4s
[2023-01-27T04:57:20.060+0000] {subprocess.py:93} INFO -  12600K .......... .......... .......... .......... .......... 66% 2.72M 4s
[2023-01-27T04:57:20.073+0000] {subprocess.py:93} INFO -  12650K .......... .......... .......... .......... .......... 67% 3.71M 4s
[2023-01-27T04:57:20.099+0000] {subprocess.py:93} INFO -  12700K .......... .......... .......... .......... .......... 67% 1.94M 3s
[2023-01-27T04:57:20.121+0000] {subprocess.py:93} INFO -  12750K .......... .......... .......... .......... .......... 67% 2.14M 3s
[2023-01-27T04:57:20.133+0000] {subprocess.py:93} INFO -  12800K .......... .......... .......... .......... .......... 67% 4.39M 3s
[2023-01-27T04:57:20.150+0000] {subprocess.py:93} INFO -  12850K .......... .......... .......... .......... .......... 68% 2.75M 3s
[2023-01-27T04:57:20.159+0000] {subprocess.py:93} INFO -  12900K .......... .......... .......... .......... .......... 68% 5.57M 3s
[2023-01-27T04:57:20.179+0000] {subprocess.py:93} INFO -  12950K .......... .......... .......... .......... .......... 68% 2.40M 3s
[2023-01-27T04:57:20.195+0000] {subprocess.py:93} INFO -  13000K .......... .......... .......... .......... .......... 68% 3.16M 3s
[2023-01-27T04:57:20.208+0000] {subprocess.py:93} INFO -  13050K .......... .......... .......... .......... .......... 69% 3.71M 3s
[2023-01-27T04:57:20.226+0000] {subprocess.py:93} INFO -  13100K .......... .......... .......... .......... .......... 69% 2.76M 3s
[2023-01-27T04:57:20.239+0000] {subprocess.py:93} INFO -  13150K .......... .......... .......... .......... .......... 69% 3.69M 3s
[2023-01-27T04:57:20.259+0000] {subprocess.py:93} INFO -  13200K .......... .......... .......... .......... .......... 70% 2.43M 3s
[2023-01-27T04:57:20.272+0000] {subprocess.py:93} INFO -  13250K .......... .......... .......... .......... .......... 70% 3.69M 3s
[2023-01-27T04:57:20.283+0000] {subprocess.py:93} INFO -  13300K .......... .......... .......... .......... .......... 70% 4.64M 3s
[2023-01-27T04:57:20.297+0000] {subprocess.py:93} INFO -  13350K .......... .......... .......... .......... .......... 70% 3.42M 3s
[2023-01-27T04:57:20.315+0000] {subprocess.py:93} INFO -  13400K .......... .......... .......... .......... .......... 71% 2.77M 3s
[2023-01-27T04:57:20.345+0000] {subprocess.py:93} INFO -  13450K .......... .......... .......... .......... .......... 71% 1.64M 3s
[2023-01-27T04:57:20.353+0000] {subprocess.py:93} INFO -  13500K .......... .......... .......... .......... .......... 71% 5.53M 3s
[2023-01-27T04:57:20.367+0000] {subprocess.py:93} INFO -  13550K .......... .......... .......... .......... .......... 71% 3.65M 3s
[2023-01-27T04:57:20.381+0000] {subprocess.py:93} INFO -  13600K .......... .......... .......... .......... .......... 72% 3.43M 3s
[2023-01-27T04:57:20.399+0000] {subprocess.py:93} INFO -  13650K .......... .......... .......... .......... .......... 72% 5.55M 3s
[2023-01-27T04:57:20.418+0000] {subprocess.py:93} INFO -  13700K .......... .......... .......... .......... .......... 72% 1.75M 3s
[2023-01-27T04:57:20.433+0000] {subprocess.py:93} INFO -  13750K .......... .......... .......... .......... .......... 72% 3.13M 3s
[2023-01-27T04:57:20.447+0000] {subprocess.py:93} INFO -  13800K .......... .......... .......... .......... .......... 73% 3.70M 3s
[2023-01-27T04:57:20.459+0000] {subprocess.py:93} INFO -  13850K .......... .......... .......... .......... .......... 73% 3.81M 3s
[2023-01-27T04:57:20.477+0000] {subprocess.py:93} INFO -  13900K .......... .......... .......... .......... .......... 73% 3.66M 3s
[2023-01-27T04:57:20.499+0000] {subprocess.py:93} INFO -  13950K .......... .......... .......... .......... .......... 73% 1.84M 3s
[2023-01-27T04:57:20.512+0000] {subprocess.py:93} INFO -  14000K .......... .......... .......... .......... .......... 74% 3.79M 3s
[2023-01-27T04:57:20.525+0000] {subprocess.py:93} INFO -  14050K .......... .......... .......... .......... .......... 74% 3.66M 3s
[2023-01-27T04:57:20.539+0000] {subprocess.py:93} INFO -  14100K .......... .......... .......... .......... .......... 74% 3.67M 3s
[2023-01-27T04:57:20.552+0000] {subprocess.py:93} INFO -  14150K .......... .......... .......... .......... .......... 75% 3.68M 3s
[2023-01-27T04:57:20.580+0000] {subprocess.py:93} INFO -  14200K .......... .......... .......... .......... .......... 75% 1.74M 3s
[2023-01-27T04:57:20.589+0000] {subprocess.py:93} INFO -  14250K .......... .......... .......... .......... .......... 75% 5.50M 2s
[2023-01-27T04:57:20.604+0000] {subprocess.py:93} INFO -  14300K .......... .......... .......... .......... .......... 75% 3.68M 2s
[2023-01-27T04:57:20.626+0000] {subprocess.py:93} INFO -  14350K .......... .......... .......... .......... .......... 76% 2.04M 2s
[2023-01-27T04:57:20.627+0000] {subprocess.py:93} INFO -  14400K .......... .......... .......... .......... .......... 76% 36.1M 2s
[2023-01-27T04:57:20.643+0000] {subprocess.py:93} INFO -  14450K .......... .......... .......... .......... .......... 76% 3.19M 2s
[2023-01-27T04:57:20.662+0000] {subprocess.py:93} INFO -  14500K .......... .......... .......... .......... .......... 76% 2.61M 2s
[2023-01-27T04:57:20.675+0000] {subprocess.py:93} INFO -  14550K .......... .......... .......... .......... .......... 77% 3.65M 2s
[2023-01-27T04:57:20.694+0000] {subprocess.py:93} INFO -  14600K .......... .......... .......... .......... .......... 77% 2.49M 2s
[2023-01-27T04:57:20.720+0000] {subprocess.py:93} INFO -  14650K .......... .......... .......... .......... .......... 77% 1.91M 2s
[2023-01-27T04:57:20.733+0000] {subprocess.py:93} INFO -  14700K .......... .......... .......... .......... .......... 77% 3.63M 2s
[2023-01-27T04:57:20.746+0000] {subprocess.py:93} INFO -  14750K .......... .......... .......... .......... .......... 78% 3.73M 2s
[2023-01-27T04:57:20.764+0000] {subprocess.py:93} INFO -  14800K .......... .......... .......... .......... .......... 78% 2.83M 2s
[2023-01-27T04:57:20.777+0000] {subprocess.py:93} INFO -  14850K .......... .......... .......... .......... .......... 78% 3.66M 2s
[2023-01-27T04:57:20.786+0000] {subprocess.py:93} INFO -  14900K .......... .......... .......... .......... .......... 79% 5.49M 2s
[2023-01-27T04:57:20.802+0000] {subprocess.py:93} INFO -  14950K .......... .......... .......... .......... .......... 79% 3.11M 2s
[2023-01-27T04:57:20.824+0000] {subprocess.py:93} INFO -  15000K .......... .......... .......... .......... .......... 79% 2.20M 2s
[2023-01-27T04:57:20.841+0000] {subprocess.py:93} INFO -  15050K .......... .......... .......... .......... .......... 79% 2.91M 2s
[2023-01-27T04:57:20.849+0000] {subprocess.py:93} INFO -  15100K .......... .......... .......... .......... .......... 80% 5.58M 2s
[2023-01-27T04:57:20.863+0000] {subprocess.py:93} INFO -  15150K .......... .......... .......... .......... .......... 80% 3.68M 2s
[2023-01-27T04:57:20.880+0000] {subprocess.py:93} INFO -  15200K .......... .......... .......... .......... .......... 80% 2.82M 2s
[2023-01-27T04:57:20.893+0000] {subprocess.py:93} INFO -  15250K .......... .......... .......... .......... .......... 80% 3.68M 2s
[2023-01-27T04:57:20.922+0000] {subprocess.py:93} INFO -  15300K .......... .......... .......... .......... .......... 81% 1.71M 2s
[2023-01-27T04:57:20.934+0000] {subprocess.py:93} INFO -  15350K .......... .......... .......... .......... .......... 81% 3.91M 2s
[2023-01-27T04:57:20.960+0000] {subprocess.py:93} INFO -  15400K .......... .......... .......... .......... .......... 81% 1.87M 2s
[2023-01-27T04:57:20.969+0000] {subprocess.py:93} INFO -  15450K .......... .......... .......... .......... .......... 81% 5.43M 2s
[2023-01-27T04:57:20.984+0000] {subprocess.py:93} INFO -  15500K .......... .......... .......... .......... .......... 82% 3.73M 2s
[2023-01-27T04:57:21.012+0000] {subprocess.py:93} INFO -  15550K .......... .......... .......... .......... .......... 82% 1.64M 2s
[2023-01-27T04:57:21.025+0000] {subprocess.py:93} INFO -  15600K .......... .......... .......... .......... .......... 82% 3.68M 2s
[2023-01-27T04:57:21.043+0000] {subprocess.py:93} INFO -  15650K .......... .......... .......... .......... .......... 82% 2.84M 2s
[2023-01-27T04:57:21.052+0000] {subprocess.py:93} INFO -  15700K .......... .......... .......... .......... .......... 83% 5.44M 2s
[2023-01-27T04:57:21.079+0000] {subprocess.py:93} INFO -  15750K .......... .......... .......... .......... .......... 83% 1.75M 2s
[2023-01-27T04:57:21.092+0000] {subprocess.py:93} INFO -  15800K .......... .......... .......... .......... .......... 83% 3.93M 2s
[2023-01-27T04:57:21.106+0000] {subprocess.py:93} INFO -  15850K .......... .......... .......... .......... .......... 84% 3.36M 2s
[2023-01-27T04:57:21.135+0000] {subprocess.py:93} INFO -  15900K .......... .......... .......... .......... .......... 84% 2.45M 2s
[2023-01-27T04:57:21.146+0000] {subprocess.py:93} INFO -  15950K .......... .......... .......... .......... .......... 84% 2.52M 2s
[2023-01-27T04:57:21.162+0000] {subprocess.py:93} INFO -  16000K .......... .......... .......... .......... .......... 84% 3.07M 1s
[2023-01-27T04:57:21.175+0000] {subprocess.py:93} INFO -  16050K .......... .......... .......... .......... .......... 85% 3.67M 1s
[2023-01-27T04:57:21.195+0000] {subprocess.py:93} INFO -  16100K .......... .......... .......... .......... .......... 85% 2.45M 1s
[2023-01-27T04:57:21.225+0000] {subprocess.py:93} INFO -  16150K .......... .......... .......... .......... .......... 85% 1.61M 1s
[2023-01-27T04:57:21.241+0000] {subprocess.py:93} INFO -  16200K .......... .......... .......... .......... .......... 85% 3.01M 1s
[2023-01-27T04:57:21.256+0000] {subprocess.py:93} INFO -  16250K .......... .......... .......... .......... .......... 86% 3.34M 1s
[2023-01-27T04:57:21.274+0000] {subprocess.py:93} INFO -  16300K .......... .......... .......... .......... .......... 86% 3.44M 1s
[2023-01-27T04:57:21.288+0000] {subprocess.py:93} INFO -  16350K .......... .......... .......... .......... .......... 86% 2.76M 1s
[2023-01-27T04:57:21.301+0000] {subprocess.py:93} INFO -  16400K .......... .......... .......... .......... .......... 86% 3.59M 1s
[2023-01-27T04:57:21.315+0000] {subprocess.py:93} INFO -  16450K .......... .......... .......... .......... .......... 87% 3.59M 1s
[2023-01-27T04:57:21.344+0000] {subprocess.py:93} INFO -  16500K .......... .......... .......... .......... .......... 87% 1.71M 1s
[2023-01-27T04:57:21.357+0000] {subprocess.py:93} INFO -  16550K .......... .......... .......... .......... .......... 87% 3.57M 1s
[2023-01-27T04:57:21.371+0000] {subprocess.py:93} INFO -  16600K .......... .......... .......... .......... .......... 87% 3.68M 1s
[2023-01-27T04:57:21.395+0000] {subprocess.py:93} INFO -  16650K .......... .......... .......... .......... .......... 88% 2.03M 1s
[2023-01-27T04:57:21.408+0000] {subprocess.py:93} INFO -  16700K .......... .......... .......... .......... .......... 88% 3.55M 1s
[2023-01-27T04:57:21.425+0000] {subprocess.py:93} INFO -  16750K .......... .......... .......... .......... .......... 88% 2.97M 1s
[2023-01-27T04:57:21.442+0000] {subprocess.py:93} INFO -  16800K .......... .......... .......... .......... .......... 89% 2.76M 1s
[2023-01-27T04:57:21.449+0000] {subprocess.py:93} INFO -  16850K .......... .......... .......... .......... .......... 89% 6.93M 1s
[2023-01-27T04:57:21.476+0000] {subprocess.py:93} INFO -  16900K .......... .......... .......... .......... .......... 89% 1.81M 1s
[2023-01-27T04:57:21.494+0000] {subprocess.py:93} INFO -  16950K .......... .......... .......... .......... .......... 89% 2.74M 1s
[2023-01-27T04:57:21.511+0000] {subprocess.py:93} INFO -  17000K .......... .......... .......... .......... .......... 90% 2.98M 1s
[2023-01-27T04:57:21.524+0000] {subprocess.py:93} INFO -  17050K .......... .......... .......... .......... .......... 90% 3.68M 1s
[2023-01-27T04:57:21.537+0000] {subprocess.py:93} INFO -  17100K .......... .......... .......... .......... .......... 90% 3.64M 1s
[2023-01-27T04:57:21.551+0000] {subprocess.py:93} INFO -  17150K .......... .......... .......... .......... .......... 90% 3.45M 1s
[2023-01-27T04:57:21.573+0000] {subprocess.py:93} INFO -  17200K .......... .......... .......... .......... .......... 91% 3.89M 1s
[2023-01-27T04:57:21.586+0000] {subprocess.py:93} INFO -  17250K .......... .......... .......... .......... .......... 91% 2.31M 1s
[2023-01-27T04:57:21.598+0000] {subprocess.py:93} INFO -  17300K .......... .......... .......... .......... .......... 91% 3.68M 1s
[2023-01-27T04:57:21.612+0000] {subprocess.py:93} INFO -  17350K .......... .......... .......... .......... .......... 91% 3.67M 1s
[2023-01-27T04:57:21.628+0000] {subprocess.py:93} INFO -  17400K .......... .......... .......... .......... .......... 92% 2.91M 1s
[2023-01-27T04:57:21.654+0000] {subprocess.py:93} INFO -  17450K .......... .......... .......... .......... .......... 92% 2.55M 1s
[2023-01-27T04:57:21.669+0000] {subprocess.py:93} INFO -  17500K .......... .......... .......... .......... .......... 92% 2.24M 1s
[2023-01-27T04:57:21.681+0000] {subprocess.py:93} INFO -  17550K .......... .......... .......... .......... .......... 93% 4.18M 1s
[2023-01-27T04:57:21.688+0000] {subprocess.py:93} INFO -  17600K .......... .......... .......... .......... .......... 93% 7.11M 1s
[2023-01-27T04:57:21.696+0000] {subprocess.py:93} INFO -  17650K .......... .......... .......... .......... .......... 93% 6.45M 1s
[2023-01-27T04:57:21.702+0000] {subprocess.py:93} INFO -  17700K .......... .......... .......... .......... .......... 93% 7.24M 1s
[2023-01-27T04:57:21.741+0000] {subprocess.py:93} INFO -  17750K .......... .......... .......... .......... .......... 94% 1.24M 1s
[2023-01-27T04:57:21.752+0000] {subprocess.py:93} INFO -  17800K .......... .......... .......... .......... .......... 94% 4.77M 1s
[2023-01-27T04:57:21.762+0000] {subprocess.py:93} INFO -  17850K .......... .......... .......... .......... .......... 94% 7.04M 1s
[2023-01-27T04:57:21.772+0000] {subprocess.py:93} INFO -  17900K .......... .......... .......... .......... .......... 94% 3.71M 0s
[2023-01-27T04:57:21.788+0000] {subprocess.py:93} INFO -  17950K .......... .......... .......... .......... .......... 95% 3.06M 0s
[2023-01-27T04:57:21.797+0000] {subprocess.py:93} INFO -  18000K .......... .......... .......... .......... .......... 95% 5.51M 0s
[2023-01-27T04:57:21.814+0000] {subprocess.py:93} INFO -  18050K .......... .......... .......... .......... .......... 95% 2.84M 0s
[2023-01-27T04:57:21.824+0000] {subprocess.py:93} INFO -  18100K .......... .......... .......... .......... .......... 95% 4.90M 0s
[2023-01-27T04:57:21.836+0000] {subprocess.py:93} INFO -  18150K .......... .......... .......... .......... .......... 96% 3.99M 0s
[2023-01-27T04:57:21.845+0000] {subprocess.py:93} INFO -  18200K .......... .......... .......... .......... .......... 96% 5.56M 0s
[2023-01-27T04:57:21.860+0000] {subprocess.py:93} INFO -  18250K .......... .......... .......... .......... .......... 96% 3.17M 0s
[2023-01-27T04:57:21.869+0000] {subprocess.py:93} INFO -  18300K .......... .......... .......... .......... .......... 96% 5.50M 0s
[2023-01-27T04:57:21.892+0000] {subprocess.py:93} INFO -  18350K .......... .......... .......... .......... .......... 97% 2.17M 0s
[2023-01-27T04:57:21.908+0000] {subprocess.py:93} INFO -  18400K .......... .......... .......... .......... .......... 97% 2.91M 0s
[2023-01-27T04:57:21.930+0000] {subprocess.py:93} INFO -  18450K .......... .......... .......... .......... .......... 97% 2.25M 0s
[2023-01-27T04:57:21.933+0000] {subprocess.py:93} INFO -  18500K .......... .......... .......... .......... .......... 98% 15.8M 0s
[2023-01-27T04:57:21.945+0000] {subprocess.py:93} INFO -  18550K .......... .......... .......... .......... .......... 98% 4.08M 0s
[2023-01-27T04:57:21.960+0000] {subprocess.py:93} INFO -  18600K .......... .......... .......... .......... .......... 98% 3.26M 0s
[2023-01-27T04:57:21.978+0000] {subprocess.py:93} INFO -  18650K .......... .......... .......... .......... .......... 98% 2.66M 0s
[2023-01-27T04:57:21.993+0000] {subprocess.py:93} INFO -  18700K .......... .......... .......... .......... .......... 99% 3.25M 0s
[2023-01-27T04:57:22.007+0000] {subprocess.py:93} INFO -  18750K .......... .......... .......... .......... .......... 99% 3.58M 0s
[2023-01-27T04:57:22.015+0000] {subprocess.py:93} INFO -  18800K .......... .......... .......... .......... .......... 99% 9.17M 0s
[2023-01-27T04:57:22.021+0000] {subprocess.py:93} INFO -  18850K .......... .......... .......... .......... .......... 99% 5.45M 0s
[2023-01-27T04:57:22.025+0000] {subprocess.py:93} INFO -  18900K .......... .......... .                               100% 6.89M=9.1s
[2023-01-27T04:57:22.025+0000] {subprocess.py:93} INFO - 
[2023-01-27T04:57:22.025+0000] {subprocess.py:93} INFO - 2023-01-27 04:57:22 (2.03 MB/s) - ‘/opt/***/fhv_tripdata_2019-10.csv.gz’ saved [19375751/19375751]
[2023-01-27T04:57:22.025+0000] {subprocess.py:93} INFO - 
[2023-01-27T04:57:22.026+0000] {subprocess.py:97} INFO - Command exited with return code 0
[2023-01-27T04:57:22.056+0000] {taskinstance.py:1323} INFO - Marking task as SUCCESS. dag_id=fhv_taxi_data_dag_v1, task_id=download_ytd_dataset_from_web, execution_date=20191001T000000, start_date=20230127T045711, end_date=20230127T045722
[2023-01-27T04:57:22.137+0000] {local_task_job.py:208} INFO - Task exited with return code 0
[2023-01-27T04:57:22.166+0000] {taskinstance.py:2578} INFO - 1 downstream tasks scheduled from follow-on schedule check
