[2023-01-27T04:59:36.715+0000] {taskinstance.py:1083} INFO - Dependencies all met for <TaskInstance: fhv_taxi_data_dag_v1.cgs_to_biquery scheduled__2020-12-01T00:00:00+00:00 [queued]>
[2023-01-27T04:59:36.731+0000] {taskinstance.py:1083} INFO - Dependencies all met for <TaskInstance: fhv_taxi_data_dag_v1.cgs_to_biquery scheduled__2020-12-01T00:00:00+00:00 [queued]>
[2023-01-27T04:59:36.732+0000] {taskinstance.py:1279} INFO - 
--------------------------------------------------------------------------------
[2023-01-27T04:59:36.732+0000] {taskinstance.py:1280} INFO - Starting attempt 1 of 1
[2023-01-27T04:59:36.732+0000] {taskinstance.py:1281} INFO - 
--------------------------------------------------------------------------------
[2023-01-27T04:59:36.749+0000] {taskinstance.py:1300} INFO - Executing <Task(_PythonDecoratedOperator): cgs_to_biquery> on 2020-12-01 00:00:00+00:00
[2023-01-27T04:59:36.757+0000] {standard_task_runner.py:55} INFO - Started process 8450 to run task
[2023-01-27T04:59:36.760+0000] {standard_task_runner.py:82} INFO - Running: ['***', 'tasks', 'run', 'fhv_taxi_data_dag_v1', 'cgs_to_biquery', 'scheduled__2020-12-01T00:00:00+00:00', '--job-id', '5856', '--raw', '--subdir', 'DAGS_FOLDER/data_ingestion_gcs_dag_v1_fhv.py', '--cfg-path', '/tmp/tmpojyq6hkc']
[2023-01-27T04:59:36.762+0000] {standard_task_runner.py:83} INFO - Job 5856: Subtask cgs_to_biquery
[2023-01-27T04:59:36.833+0000] {task_command.py:388} INFO - Running <TaskInstance: fhv_taxi_data_dag_v1.cgs_to_biquery scheduled__2020-12-01T00:00:00+00:00 [running]> on host 8bc22b99c76b
[2023-01-27T04:59:36.925+0000] {taskinstance.py:1509} INFO - Exporting the following env vars:
AIRFLOW_CTX_DAG_OWNER=***
AIRFLOW_CTX_DAG_ID=fhv_taxi_data_dag_v1
AIRFLOW_CTX_TASK_ID=cgs_to_biquery
AIRFLOW_CTX_EXECUTION_DATE=2020-12-01T00:00:00+00:00
AIRFLOW_CTX_TRY_NUMBER=1
AIRFLOW_CTX_DAG_RUN_ID=scheduled__2020-12-01T00:00:00+00:00
[2023-01-27T04:59:36.927+0000] {python.py:177} INFO - Done. Returned value was: None
[2023-01-27T04:59:36.940+0000] {taskinstance.py:1323} INFO - Marking task as SUCCESS. dag_id=fhv_taxi_data_dag_v1, task_id=cgs_to_biquery, execution_date=20201201T000000, start_date=20230127T045936, end_date=20230127T045936
[2023-01-27T04:59:36.971+0000] {local_task_job.py:208} INFO - Task exited with return code 0
[2023-01-27T04:59:37.000+0000] {taskinstance.py:2578} INFO - 0 downstream tasks scheduled from follow-on schedule check
