[2023-01-27T04:57:09.410+0000] {taskinstance.py:1083} INFO - Dependencies all met for <TaskInstance: fhv_taxi_data_dag_v1.download_ytd_dataset_from_web scheduled__2019-07-01T00:00:00+00:00 [queued]>
[2023-01-27T04:57:09.430+0000] {taskinstance.py:1083} INFO - Dependencies all met for <TaskInstance: fhv_taxi_data_dag_v1.download_ytd_dataset_from_web scheduled__2019-07-01T00:00:00+00:00 [queued]>
[2023-01-27T04:57:09.430+0000] {taskinstance.py:1279} INFO - 
--------------------------------------------------------------------------------
[2023-01-27T04:57:09.430+0000] {taskinstance.py:1280} INFO - Starting attempt 1 of 1
[2023-01-27T04:57:09.430+0000] {taskinstance.py:1281} INFO - 
--------------------------------------------------------------------------------
[2023-01-27T04:57:09.455+0000] {taskinstance.py:1300} INFO - Executing <Task(BashOperator): download_ytd_dataset_from_web> on 2019-07-01 00:00:00+00:00
[2023-01-27T04:57:09.466+0000] {standard_task_runner.py:55} INFO - Started process 6526 to run task
[2023-01-27T04:57:09.469+0000] {standard_task_runner.py:82} INFO - Running: ['***', 'tasks', 'run', 'fhv_taxi_data_dag_v1', 'download_ytd_dataset_from_web', 'scheduled__2019-07-01T00:00:00+00:00', '--job-id', '5695', '--raw', '--subdir', 'DAGS_FOLDER/data_ingestion_gcs_dag_v1_fhv.py', '--cfg-path', '/tmp/tmpi29lgk52']
[2023-01-27T04:57:09.474+0000] {standard_task_runner.py:83} INFO - Job 5695: Subtask download_ytd_dataset_from_web
[2023-01-27T04:57:09.586+0000] {task_command.py:388} INFO - Running <TaskInstance: fhv_taxi_data_dag_v1.download_ytd_dataset_from_web scheduled__2019-07-01T00:00:00+00:00 [running]> on host 8bc22b99c76b
[2023-01-27T04:57:09.725+0000] {taskinstance.py:1509} INFO - Exporting the following env vars:
AIRFLOW_CTX_DAG_OWNER=***
AIRFLOW_CTX_DAG_ID=fhv_taxi_data_dag_v1
AIRFLOW_CTX_TASK_ID=download_ytd_dataset_from_web
AIRFLOW_CTX_EXECUTION_DATE=2019-07-01T00:00:00+00:00
AIRFLOW_CTX_TRY_NUMBER=1
AIRFLOW_CTX_DAG_RUN_ID=scheduled__2019-07-01T00:00:00+00:00
[2023-01-27T04:57:09.727+0000] {subprocess.py:63} INFO - Tmp dir root location: 
 /tmp
[2023-01-27T04:57:09.727+0000] {subprocess.py:75} INFO - Running command: ['/bin/bash', '-c', 'wget https://github.com/DataTalksClub/nyc-tlc-data/releases/download/fhv/fhv_tripdata_2019-07.csv.gz -O /opt/***/fhv_tripdata_2019-07.csv.gz']
[2023-01-27T04:57:09.745+0000] {subprocess.py:86} INFO - Output:
[2023-01-27T04:57:09.749+0000] {subprocess.py:93} INFO - --2023-01-27 04:57:09--  https://github.com/DataTalksClub/nyc-tlc-data/releases/download/fhv/fhv_tripdata_2019-07.csv.gz
[2023-01-27T04:57:09.763+0000] {subprocess.py:93} INFO - Resolving github.com (github.com)... 140.82.121.4
[2023-01-27T04:57:09.774+0000] {subprocess.py:93} INFO - Connecting to github.com (github.com)|140.82.121.4|:443... connected.
[2023-01-27T04:57:10.057+0000] {subprocess.py:93} INFO - HTTP request sent, awaiting response... 302 Found
[2023-01-27T04:57:10.058+0000] {subprocess.py:93} INFO - Location: https://objects.githubusercontent.com/github-production-release-asset-2e65be/513814948/44cc07aa-6275-40b8-8752-df7215e6963a?X-Amz-Algorithm=AWS4-HMAC-SHA256&X-Amz-Credential=AKIAIWNJYAX4CSVEH53A%2F20230127%2Fus-east-1%2Fs3%2Faws4_request&X-Amz-Date=20230127T045542Z&X-Amz-Expires=300&X-Amz-Signature=eb51f97896da894a7ebff6fefd4a883fca491d6cc6a6a8c68e6be3e40f424b7c&X-Amz-SignedHeaders=host&actor_id=0&key_id=0&repo_id=513814948&response-content-disposition=attachment%3B%20filename%3Dfhv_tripdata_2019-07.csv.gz&response-content-type=application%2Foctet-stream [following]
[2023-01-27T04:57:10.058+0000] {subprocess.py:93} INFO - --2023-01-27 04:57:10--  https://objects.githubusercontent.com/github-production-release-asset-2e65be/513814948/44cc07aa-6275-40b8-8752-df7215e6963a?X-Amz-Algorithm=AWS4-HMAC-SHA256&X-Amz-Credential=AKIAIWNJYAX4CSVEH53A%2F20230127%2Fus-east-1%2Fs3%2Faws4_request&X-Amz-Date=20230127T045542Z&X-Amz-Expires=300&X-Amz-Signature=eb51f97896da894a7ebff6fefd4a883fca491d6cc6a6a8c68e6be3e40f424b7c&X-Amz-SignedHeaders=host&actor_id=0&key_id=0&repo_id=513814948&response-content-disposition=attachment%3B%20filename%3Dfhv_tripdata_2019-07.csv.gz&response-content-type=application%2Foctet-stream
[2023-01-27T04:57:10.062+0000] {subprocess.py:93} INFO - Resolving objects.githubusercontent.com (objects.githubusercontent.com)... 185.199.108.133, 185.199.110.133, 185.199.111.133, ...
[2023-01-27T04:57:10.074+0000] {subprocess.py:93} INFO - Connecting to objects.githubusercontent.com (objects.githubusercontent.com)|185.199.108.133|:443... connected.
[2023-01-27T04:57:10.380+0000] {subprocess.py:93} INFO - HTTP request sent, awaiting response... 200 OK
[2023-01-27T04:57:10.380+0000] {subprocess.py:93} INFO - Length: 17520319 (17M) [application/octet-stream]
[2023-01-27T04:57:10.380+0000] {subprocess.py:93} INFO - Saving to: ‘/opt/***/fhv_tripdata_2019-07.csv.gz’
[2023-01-27T04:57:10.381+0000] {subprocess.py:93} INFO - 
[2023-01-27T04:57:10.395+0000] {subprocess.py:93} INFO -      0K .......... .......... .......... .......... ..........  0% 3.23M 5s
[2023-01-27T04:57:10.424+0000] {subprocess.py:93} INFO -     50K .......... .......... .......... .......... ..........  0% 1.71M 7s
[2023-01-27T04:57:10.512+0000] {subprocess.py:93} INFO -    100K .......... .......... .......... .......... ..........  0%  564K 15s
[2023-01-27T04:57:10.544+0000] {subprocess.py:93} INFO -    150K .......... .......... .......... .......... ..........  1% 1.57M 14s
[2023-01-27T04:57:10.560+0000] {subprocess.py:93} INFO -    200K .......... .......... .......... .......... ..........  1% 3.03M 12s
[2023-01-27T04:57:10.567+0000] {subprocess.py:93} INFO -    250K .......... .......... .......... .......... ..........  1% 7.13M 10s
[2023-01-27T04:57:10.589+0000] {subprocess.py:93} INFO -    300K .......... .......... .......... .......... ..........  2% 2.22M 10s
[2023-01-27T04:57:10.624+0000] {subprocess.py:93} INFO -    350K .......... .......... .......... .......... ..........  2% 1.40M 10s
[2023-01-27T04:57:10.629+0000] {subprocess.py:93} INFO -    400K .......... .......... .......... .......... ..........  2% 8.29M 9s
[2023-01-27T04:57:10.742+0000] {subprocess.py:93} INFO -    450K .......... .......... .......... .......... ..........  2%  447K 12s
[2023-01-27T04:57:10.771+0000] {subprocess.py:93} INFO -    500K .......... .......... .......... .......... ..........  3% 1.66M 12s
[2023-01-27T04:57:10.775+0000] {subprocess.py:93} INFO -    550K .......... .......... .......... .......... ..........  3% 15.2M 11s
[2023-01-27T04:57:10.775+0000] {subprocess.py:93} INFO -    600K .......... .......... .......... .......... ..........  3%  284M 10s
[2023-01-27T04:57:10.775+0000] {subprocess.py:93} INFO -    650K .......... .......... .......... .......... ..........  4%  291M 9s
[2023-01-27T04:57:10.775+0000] {subprocess.py:93} INFO -    700K .......... .......... .......... .......... ..........  4%  309M 9s
[2023-01-27T04:57:10.781+0000] {subprocess.py:93} INFO -    750K .......... .......... .......... .......... ..........  4% 7.11M 8s
[2023-01-27T04:57:10.793+0000] {subprocess.py:93} INFO -    800K .......... .......... .......... .......... ..........  4% 4.12M 8s
[2023-01-27T04:57:10.819+0000] {subprocess.py:93} INFO -    850K .......... .......... .......... .......... ..........  5% 1.88M 8s
[2023-01-27T04:57:10.833+0000] {subprocess.py:93} INFO -    900K .......... .......... .......... .......... ..........  5% 3.58M 8s
[2023-01-27T04:57:10.851+0000] {subprocess.py:93} INFO -    950K .......... .......... .......... .......... ..........  5% 2.76M 8s
[2023-01-27T04:57:10.868+0000] {subprocess.py:93} INFO -   1000K .......... .......... .......... .......... ..........  6% 2.88M 7s
[2023-01-27T04:57:10.877+0000] {subprocess.py:93} INFO -   1050K .......... .......... .......... .......... ..........  6% 5.33M 7s
[2023-01-27T04:57:10.891+0000] {subprocess.py:93} INFO -   1100K .......... .......... .......... .......... ..........  6% 3.34M 7s
[2023-01-27T04:57:10.915+0000] {subprocess.py:93} INFO -   1150K .......... .......... .......... .......... ..........  7% 2.08M 7s
[2023-01-27T04:57:10.931+0000] {subprocess.py:93} INFO -   1200K .......... .......... .......... .......... ..........  7% 2.95M 7s
[2023-01-27T04:57:10.947+0000] {subprocess.py:93} INFO -   1250K .......... .......... .......... .......... ..........  7% 3.14M 7s
[2023-01-27T04:57:10.966+0000] {subprocess.py:93} INFO -   1300K .......... .......... .......... .......... ..........  7% 2.61M 7s
[2023-01-27T04:57:10.977+0000] {subprocess.py:93} INFO -   1350K .......... .......... .......... .......... ..........  8% 4.88M 7s
[2023-01-27T04:57:11.013+0000] {subprocess.py:93} INFO -   1400K .......... .......... .......... .......... ..........  8% 1.76M 7s
[2023-01-27T04:57:11.020+0000] {subprocess.py:93} INFO -   1450K .......... .......... .......... .......... ..........  8% 2.85M 7s
[2023-01-27T04:57:11.036+0000] {subprocess.py:93} INFO -   1500K .......... .......... .......... .......... ..........  9% 3.14M 7s
[2023-01-27T04:57:11.056+0000] {subprocess.py:93} INFO -   1550K .......... .......... .......... .......... ..........  9% 2.40M 7s
[2023-01-27T04:57:11.065+0000] {subprocess.py:93} INFO -   1600K .......... .......... .......... .......... ..........  9% 5.61M 6s
[2023-01-27T04:57:11.097+0000] {subprocess.py:93} INFO -   1650K .......... .......... .......... .......... ..........  9% 1.55M 6s
[2023-01-27T04:57:11.118+0000] {subprocess.py:93} INFO -   1700K .......... .......... .......... .......... .......... 10% 2.31M 6s
[2023-01-27T04:57:11.138+0000] {subprocess.py:93} INFO -   1750K .......... .......... .......... .......... .......... 10% 2.43M 6s
[2023-01-27T04:57:11.164+0000] {subprocess.py:93} INFO -   1800K .......... .......... .......... .......... .......... 10% 1.84M 6s
[2023-01-27T04:57:11.182+0000] {subprocess.py:93} INFO -   1850K .......... .......... .......... .......... .......... 11% 2.84M 6s
[2023-01-27T04:57:11.195+0000] {subprocess.py:93} INFO -   1900K .......... .......... .......... .......... .......... 11% 3.65M 6s
[2023-01-27T04:57:11.214+0000] {subprocess.py:93} INFO -   1950K .......... .......... .......... .......... .......... 11% 2.62M 6s
[2023-01-27T04:57:11.230+0000] {subprocess.py:93} INFO -   2000K .......... .......... .......... .......... .......... 11% 2.96M 6s
[2023-01-27T04:57:11.246+0000] {subprocess.py:93} INFO -   2050K .......... .......... .......... .......... .......... 12% 3.14M 6s
[2023-01-27T04:57:11.268+0000] {subprocess.py:93} INFO -   2100K .......... .......... .......... .......... .......... 12% 2.33M 6s
[2023-01-27T04:57:11.280+0000] {subprocess.py:93} INFO -   2150K .......... .......... .......... .......... .......... 12% 3.54M 6s
[2023-01-27T04:57:11.298+0000] {subprocess.py:93} INFO -   2200K .......... .......... .......... .......... .......... 13% 2.76M 6s
[2023-01-27T04:57:11.314+0000] {subprocess.py:93} INFO -   2250K .......... .......... .......... .......... .......... 13% 3.00M 6s
[2023-01-27T04:57:11.328+0000] {subprocess.py:93} INFO -   2300K .......... .......... .......... .......... .......... 13% 3.53M 6s
[2023-01-27T04:57:11.353+0000] {subprocess.py:93} INFO -   2350K .......... .......... .......... .......... .......... 14% 2.00M 6s
[2023-01-27T04:57:11.367+0000] {subprocess.py:93} INFO -   2400K .......... .......... .......... .......... .......... 14% 3.39M 6s
[2023-01-27T04:57:11.377+0000] {subprocess.py:93} INFO -   2450K .......... .......... .......... .......... .......... 14% 5.14M 6s
[2023-01-27T04:57:11.394+0000] {subprocess.py:93} INFO -   2500K .......... .......... .......... .......... .......... 14% 2.74M 6s
[2023-01-27T04:57:11.403+0000] {subprocess.py:93} INFO -   2550K .......... .......... .......... .......... .......... 15% 5.42M 6s
[2023-01-27T04:57:11.419+0000] {subprocess.py:93} INFO -   2600K .......... .......... .......... .......... .......... 15% 3.04M 6s
[2023-01-27T04:57:11.475+0000] {subprocess.py:93} INFO -   2650K .......... .......... .......... .......... .......... 15%  903K 6s
[2023-01-27T04:57:11.488+0000] {subprocess.py:93} INFO -   2700K .......... .......... .......... .......... .......... 16% 3.77M 6s
[2023-01-27T04:57:11.497+0000] {subprocess.py:93} INFO -   2750K .......... .......... .......... .......... .......... 16% 5.52M 6s
[2023-01-27T04:57:11.512+0000] {subprocess.py:93} INFO -   2800K .......... .......... .......... .......... .......... 16% 3.27M 6s
[2023-01-27T04:57:11.519+0000] {subprocess.py:93} INFO -   2850K .......... .......... .......... .......... .......... 16% 6.34M 6s
[2023-01-27T04:57:11.534+0000] {subprocess.py:93} INFO -   2900K .......... .......... .......... .......... .......... 17% 3.29M 6s
[2023-01-27T04:57:11.547+0000] {subprocess.py:93} INFO -   2950K .......... .......... .......... .......... .......... 17% 3.91M 5s
[2023-01-27T04:57:11.553+0000] {subprocess.py:93} INFO -   3000K .......... .......... .......... .......... .......... 17% 7.75M 5s
[2023-01-27T04:57:11.560+0000] {subprocess.py:93} INFO -   3050K .......... .......... .......... .......... .......... 18% 6.80M 5s
[2023-01-27T04:57:11.565+0000] {subprocess.py:93} INFO -   3100K .......... .......... .......... .......... .......... 18% 9.56M 5s
[2023-01-27T04:57:11.581+0000] {subprocess.py:93} INFO -   3150K .......... .......... .......... .......... .......... 18% 3.15M 5s
[2023-01-27T04:57:11.588+0000] {subprocess.py:93} INFO -   3200K .......... .......... .......... .......... .......... 18% 6.31M 5s
[2023-01-27T04:57:11.597+0000] {subprocess.py:93} INFO -   3250K .......... .......... .......... .......... .......... 19% 5.94M 5s
[2023-01-27T04:57:11.602+0000] {subprocess.py:93} INFO -   3300K .......... .......... .......... .......... .......... 19% 9.48M 5s
[2023-01-27T04:57:11.610+0000] {subprocess.py:93} INFO -   3350K .......... .......... .......... .......... .......... 19% 5.88M 5s
[2023-01-27T04:57:11.623+0000] {subprocess.py:93} INFO -   3400K .......... .......... .......... .......... .......... 20% 3.76M 5s
[2023-01-27T04:57:11.629+0000] {subprocess.py:93} INFO -   3450K .......... .......... .......... .......... .......... 20% 7.81M 5s
[2023-01-27T04:57:11.638+0000] {subprocess.py:93} INFO -   3500K .......... .......... .......... .......... .......... 20% 5.36M 5s
[2023-01-27T04:57:11.819+0000] {subprocess.py:93} INFO -   3550K .......... .......... .......... .......... .......... 21%  277K 5s
[2023-01-27T04:57:11.919+0000] {subprocess.py:93} INFO -   3600K .......... .......... .......... .......... .......... 21%  499K 6s
[2023-01-27T04:57:12.013+0000] {subprocess.py:93} INFO -   3650K .......... .......... .......... .......... .......... 21%  530K 6s
[2023-01-27T04:57:12.101+0000] {subprocess.py:93} INFO -   3700K .......... .......... .......... .......... .......... 21%  571K 6s
[2023-01-27T04:57:12.315+0000] {subprocess.py:93} INFO -   3750K .......... .......... .......... .......... .......... 22%  233K 7s
[2023-01-27T04:57:12.420+0000] {subprocess.py:93} INFO -   3800K .......... .......... .......... .......... .......... 22%  477K 7s
[2023-01-27T04:57:12.513+0000] {subprocess.py:93} INFO -   3850K .......... .......... .......... .......... .......... 22%  537K 7s
[2023-01-27T04:57:12.606+0000] {subprocess.py:93} INFO -   3900K .......... .......... .......... .......... .......... 23%  539K 7s
[2023-01-27T04:57:12.760+0000] {subprocess.py:93} INFO -   3950K .......... .......... .......... .......... .......... 23%  324K 8s
[2023-01-27T04:57:12.849+0000] {subprocess.py:93} INFO -   4000K .......... .......... .......... .......... .......... 23%  560K 8s
[2023-01-27T04:57:12.947+0000] {subprocess.py:93} INFO -   4050K .......... .......... .......... .......... .......... 23%  514K 8s
[2023-01-27T04:57:13.036+0000] {subprocess.py:93} INFO -   4100K .......... .......... .......... .......... .......... 24%  559K 8s
[2023-01-27T04:57:13.126+0000] {subprocess.py:93} INFO -   4150K .......... .......... .......... .......... .......... 24%  556K 8s
[2023-01-27T04:57:13.220+0000] {subprocess.py:93} INFO -   4200K .......... .......... .......... .......... .......... 24%  534K 9s
[2023-01-27T04:57:13.312+0000] {subprocess.py:93} INFO -   4250K .......... .......... .......... .......... .......... 25%  539K 9s
[2023-01-27T04:57:13.400+0000] {subprocess.py:93} INFO -   4300K .......... .......... .......... .......... .......... 25%  574K 9s
[2023-01-27T04:57:13.532+0000] {subprocess.py:93} INFO -   4350K .......... .......... .......... .......... .......... 25%  504K 9s
[2023-01-27T04:57:13.624+0000] {subprocess.py:93} INFO -   4400K .......... .......... .......... .......... .......... 26%  400K 9s
[2023-01-27T04:57:13.722+0000] {subprocess.py:93} INFO -   4450K .......... .......... .......... .......... .......... 26%  509K 9s
[2023-01-27T04:57:13.784+0000] {subprocess.py:93} INFO -   4500K .......... .......... .......... .......... .......... 26%  805K 9s
[2023-01-27T04:57:13.809+0000] {subprocess.py:93} INFO -   4550K .......... .......... .......... .......... .......... 26% 1.97M 9s
[2023-01-27T04:57:13.813+0000] {subprocess.py:93} INFO -   4600K .......... .......... .......... .......... .......... 27% 10.9M 9s
[2023-01-27T04:57:13.846+0000] {subprocess.py:93} INFO -   4650K .......... .......... .......... .......... .......... 27% 1.49M 9s
[2023-01-27T04:57:13.859+0000] {subprocess.py:93} INFO -   4700K .......... .......... .......... .......... .......... 27% 3.77M 9s
[2023-01-27T04:57:13.896+0000] {subprocess.py:93} INFO -   4750K .......... .......... .......... .......... .......... 28% 1.71M 9s
[2023-01-27T04:57:13.910+0000] {subprocess.py:93} INFO -   4800K .......... .......... .......... .......... .......... 28% 2.24M 9s
[2023-01-27T04:57:13.923+0000] {subprocess.py:93} INFO -   4850K .......... .......... .......... .......... .......... 28% 3.54M 9s
[2023-01-27T04:57:13.941+0000] {subprocess.py:93} INFO -   4900K .......... .......... .......... .......... .......... 28% 2.76M 9s
[2023-01-27T04:57:13.952+0000] {subprocess.py:93} INFO -   4950K .......... .......... .......... .......... .......... 29% 4.40M 9s
[2023-01-27T04:57:13.997+0000] {subprocess.py:93} INFO -   5000K .......... .......... .......... .......... .......... 29% 1.07M 9s
[2023-01-27T04:57:14.011+0000] {subprocess.py:93} INFO -   5050K .......... .......... .......... .......... .......... 29% 3.66M 9s
[2023-01-27T04:57:14.040+0000] {subprocess.py:93} INFO -   5100K .......... .......... .......... .......... .......... 30% 1.70M 8s
[2023-01-27T04:57:14.057+0000] {subprocess.py:93} INFO -   5150K .......... .......... .......... .......... .......... 30% 3.69M 8s
[2023-01-27T04:57:14.076+0000] {subprocess.py:93} INFO -   5200K .......... .......... .......... .......... .......... 30% 2.12M 8s
[2023-01-27T04:57:14.089+0000] {subprocess.py:93} INFO -   5250K .......... .......... .......... .......... .......... 30% 3.67M 8s
[2023-01-27T04:57:14.120+0000] {subprocess.py:93} INFO -   5300K .......... .......... .......... .......... .......... 31% 1.56M 8s
[2023-01-27T04:57:14.142+0000] {subprocess.py:93} INFO -   5350K .......... .......... .......... .......... .......... 31% 2.30M 8s
[2023-01-27T04:57:14.155+0000] {subprocess.py:93} INFO -   5400K .......... .......... .......... .......... .......... 31% 3.67M 8s
[2023-01-27T04:57:14.174+0000] {subprocess.py:93} INFO -   5450K .......... .......... .......... .......... .......... 32% 2.53M 8s
[2023-01-27T04:57:14.188+0000] {subprocess.py:93} INFO -   5500K .......... .......... .......... .......... .......... 32% 3.69M 8s
[2023-01-27T04:57:14.210+0000] {subprocess.py:93} INFO -   5550K .......... .......... .......... .......... .......... 32% 2.78M 8s
[2023-01-27T04:57:14.218+0000] {subprocess.py:93} INFO -   5600K .......... .......... .......... .......... .......... 33% 3.67M 8s
[2023-01-27T04:57:14.264+0000] {subprocess.py:93} INFO -   5650K .......... .......... .......... .......... .......... 33% 1.07M 8s
[2023-01-27T04:57:14.276+0000] {subprocess.py:93} INFO -   5700K .......... .......... .......... .......... .......... 33% 4.19M 8s
[2023-01-27T04:57:14.302+0000] {subprocess.py:93} INFO -   5750K .......... .......... .......... .......... .......... 33% 1.90M 8s
[2023-01-27T04:57:14.314+0000] {subprocess.py:93} INFO -   5800K .......... .......... .......... .......... .......... 34% 3.95M 8s
[2023-01-27T04:57:14.327+0000] {subprocess.py:93} INFO -   5850K .......... .......... .......... .......... .......... 34% 3.66M 7s
[2023-01-27T04:57:14.348+0000] {subprocess.py:93} INFO -   5900K .......... .......... .......... .......... .......... 34% 2.34M 7s
[2023-01-27T04:57:14.361+0000] {subprocess.py:93} INFO -   5950K .......... .......... .......... .......... .......... 35% 3.68M 7s
[2023-01-27T04:57:14.378+0000] {subprocess.py:93} INFO -   6000K .......... .......... .......... .......... .......... 35% 3.01M 7s
[2023-01-27T04:57:14.433+0000] {subprocess.py:93} INFO -   6050K .......... .......... .......... .......... .......... 35%  909K 7s
[2023-01-27T04:57:14.450+0000] {subprocess.py:93} INFO -   6100K .......... .......... .......... .......... .......... 35% 2.78M 7s
[2023-01-27T04:57:14.475+0000] {subprocess.py:93} INFO -   6150K .......... .......... .......... .......... .......... 36% 1.95M 7s
[2023-01-27T04:57:14.493+0000] {subprocess.py:93} INFO -   6200K .......... .......... .......... .......... .......... 36% 2.75M 7s
[2023-01-27T04:57:14.508+0000] {subprocess.py:93} INFO -   6250K .......... .......... .......... .......... .......... 36% 3.19M 7s
[2023-01-27T04:57:14.522+0000] {subprocess.py:93} INFO -   6300K .......... .......... .......... .......... .......... 37% 3.65M 7s
[2023-01-27T04:57:14.571+0000] {subprocess.py:93} INFO -   6350K .......... .......... .......... .......... .......... 37% 5.48M 7s
[2023-01-27T04:57:14.584+0000] {subprocess.py:93} INFO -   6400K .......... .......... .......... .......... .......... 37%  934K 7s
[2023-01-27T04:57:14.606+0000] {subprocess.py:93} INFO -   6450K .......... .......... .......... .......... .......... 37% 2.21M 7s
[2023-01-27T04:57:14.651+0000] {subprocess.py:93} INFO -   6500K .......... .......... .......... .......... .......... 38% 1.08M 7s
[2023-01-27T04:57:14.669+0000] {subprocess.py:93} INFO -   6550K .......... .......... .......... .......... .......... 38% 2.76M 7s
[2023-01-27T04:57:14.689+0000] {subprocess.py:93} INFO -   6600K .......... .......... .......... .......... .......... 38% 2.44M 7s
[2023-01-27T04:57:14.716+0000] {subprocess.py:93} INFO -   6650K .......... .......... .......... .......... .......... 39% 1.83M 7s
[2023-01-27T04:57:14.720+0000] {subprocess.py:93} INFO -   6700K .......... .......... .......... .......... .......... 39% 10.6M 7s
[2023-01-27T04:57:14.752+0000] {subprocess.py:93} INFO -   6750K .......... .......... .......... .......... .......... 39% 5.61M 7s
[2023-01-27T04:57:14.766+0000] {subprocess.py:93} INFO -   6800K .......... .......... .......... .......... .......... 40% 1.34M 7s
[2023-01-27T04:57:14.783+0000] {subprocess.py:93} INFO -   6850K .......... .......... .......... .......... .......... 40% 2.84M 7s
[2023-01-27T04:57:14.908+0000] {subprocess.py:93} INFO -   6900K .......... .......... .......... .......... .......... 40%  398K 7s
[2023-01-27T04:57:14.933+0000] {subprocess.py:93} INFO -   6950K .......... .......... .......... .......... .......... 40% 1.97M 7s
[2023-01-27T04:57:14.961+0000] {subprocess.py:93} INFO -   7000K .......... .......... .......... .......... .......... 41% 1.76M 7s
[2023-01-27T04:57:14.987+0000] {subprocess.py:93} INFO -   7050K .......... .......... .......... .......... .......... 41% 1.84M 6s
[2023-01-27T04:57:15.008+0000] {subprocess.py:93} INFO -   7100K .......... .......... .......... .......... .......... 41% 2.32M 6s
[2023-01-27T04:57:15.032+0000] {subprocess.py:93} INFO -   7150K .......... .......... .......... .......... .......... 42% 2.07M 6s
[2023-01-27T04:57:15.053+0000] {subprocess.py:93} INFO -   7200K .......... .......... .......... .......... .......... 42% 2.32M 6s
[2023-01-27T04:57:15.075+0000] {subprocess.py:93} INFO -   7250K .......... .......... .......... .......... .......... 42% 2.23M 6s
[2023-01-27T04:57:15.133+0000] {subprocess.py:93} INFO -   7300K .......... .......... .......... .......... .......... 42% 1.00M 6s
[2023-01-27T04:57:15.149+0000] {subprocess.py:93} INFO -   7350K .......... .......... .......... .......... .......... 43% 1.89M 6s
[2023-01-27T04:57:15.170+0000] {subprocess.py:93} INFO -   7400K .......... .......... .......... .......... .......... 43% 2.33M 6s
[2023-01-27T04:57:15.210+0000] {subprocess.py:93} INFO -   7450K .......... .......... .......... .......... .......... 43% 1.24M 6s
[2023-01-27T04:57:15.245+0000] {subprocess.py:93} INFO -   7500K .......... .......... .......... .......... .......... 44% 1.38M 6s
[2023-01-27T04:57:15.266+0000] {subprocess.py:93} INFO -   7550K .......... .......... .......... .......... .......... 44% 2.34M 6s
[2023-01-27T04:57:15.288+0000] {subprocess.py:93} INFO -   7600K .......... .......... .......... .......... .......... 44% 2.20M 6s
[2023-01-27T04:57:15.305+0000] {subprocess.py:93} INFO -   7650K .......... .......... .......... .......... .......... 45% 2.85M 6s
[2023-01-27T04:57:15.315+0000] {subprocess.py:93} INFO -   7700K .......... .......... .......... .......... .......... 45% 5.11M 6s
[2023-01-27T04:57:15.324+0000] {subprocess.py:93} INFO -   7750K .......... .......... .......... .......... .......... 45% 5.49M 6s
[2023-01-27T04:57:15.371+0000] {subprocess.py:93} INFO -   7800K .......... .......... .......... .......... .......... 45% 1.03M 6s
[2023-01-27T04:57:15.405+0000] {subprocess.py:93} INFO -   7850K .......... .......... .......... .......... .......... 46% 1.47M 6s
[2023-01-27T04:57:15.428+0000] {subprocess.py:93} INFO -   7900K .......... .......... .......... .......... .......... 46% 2.05M 6s
[2023-01-27T04:57:15.459+0000] {subprocess.py:93} INFO -   7950K .......... .......... .......... .......... .......... 46% 1.58M 6s
[2023-01-27T04:57:15.487+0000] {subprocess.py:93} INFO -   8000K .......... .......... .......... .......... .......... 47% 1.74M 6s
[2023-01-27T04:57:15.505+0000] {subprocess.py:93} INFO -   8050K .......... .......... .......... .......... .......... 47% 2.76M 6s
[2023-01-27T04:57:15.523+0000] {subprocess.py:93} INFO -   8100K .......... .......... .......... .......... .......... 47% 2.75M 6s
[2023-01-27T04:57:15.536+0000] {subprocess.py:93} INFO -   8150K .......... .......... .......... .......... .......... 47% 3.68M 6s
[2023-01-27T04:57:15.567+0000] {subprocess.py:93} INFO -   8200K .......... .......... .......... .......... .......... 48% 1.60M 6s
[2023-01-27T04:57:15.584+0000] {subprocess.py:93} INFO -   8250K .......... .......... .......... .......... .......... 48% 2.75M 6s
[2023-01-27T04:57:15.706+0000] {subprocess.py:93} INFO -   8300K .......... .......... .......... .......... .......... 48%  410K 6s
[2023-01-27T04:57:15.718+0000] {subprocess.py:93} INFO -   8350K .......... .......... .......... .......... .......... 49% 4.06M 6s
[2023-01-27T04:57:15.742+0000] {subprocess.py:93} INFO -   8400K .......... .......... .......... .......... .......... 49% 2.09M 5s
[2023-01-27T04:57:15.770+0000] {subprocess.py:93} INFO -   8450K .......... .......... .......... .......... .......... 49% 1.74M 5s
[2023-01-27T04:57:15.770+0000] {subprocess.py:93} INFO -   8500K .......... .......... .......... .......... .......... 49%  333M 5s
[2023-01-27T04:57:15.785+0000] {subprocess.py:93} INFO -   8550K .......... .......... .......... .......... .......... 50% 3.25M 5s
[2023-01-27T04:57:15.787+0000] {subprocess.py:93} INFO -   8600K .......... .......... .......... .......... .......... 50% 19.9M 5s
[2023-01-27T04:57:15.807+0000] {subprocess.py:93} INFO -   8650K .......... .......... .......... .......... .......... 50% 2.52M 5s
[2023-01-27T04:57:15.820+0000] {subprocess.py:93} INFO -   8700K .......... .......... .......... .......... .......... 51% 3.74M 5s
[2023-01-27T04:57:15.833+0000] {subprocess.py:93} INFO -   8750K .......... .......... .......... .......... .......... 51% 3.71M 5s
[2023-01-27T04:57:15.848+0000] {subprocess.py:93} INFO -   8800K .......... .......... .......... .......... .......... 51% 3.27M 5s
[2023-01-27T04:57:15.879+0000] {subprocess.py:93} INFO -   8850K .......... .......... .......... .......... .......... 52% 1.57M 5s
[2023-01-27T04:57:15.906+0000] {subprocess.py:93} INFO -   8900K .......... .......... .......... .......... .......... 52% 1.77M 5s
[2023-01-27T04:57:15.924+0000] {subprocess.py:93} INFO -   8950K .......... .......... .......... .......... .......... 52% 2.76M 5s
[2023-01-27T04:57:15.951+0000] {subprocess.py:93} INFO -   9000K .......... .......... .......... .......... .......... 52% 1.84M 5s
[2023-01-27T04:57:15.959+0000] {subprocess.py:93} INFO -   9050K .......... .......... .......... .......... .......... 53% 5.59M 5s
[2023-01-27T04:57:15.966+0000] {subprocess.py:93} INFO -   9100K .......... .......... .......... .......... .......... 53% 7.56M 5s
[2023-01-27T04:57:16.024+0000] {subprocess.py:93} INFO -   9150K .......... .......... .......... .......... .......... 53%  859K 5s
[2023-01-27T04:57:16.044+0000] {subprocess.py:93} INFO -   9200K .......... .......... .......... .......... .......... 54% 2.43M 5s
[2023-01-27T04:57:16.072+0000] {subprocess.py:93} INFO -   9250K .......... .......... .......... .......... .......... 54% 1.77M 5s
[2023-01-27T04:57:16.089+0000] {subprocess.py:93} INFO -   9300K .......... .......... .......... .......... .......... 54% 2.78M 5s
[2023-01-27T04:57:16.112+0000] {subprocess.py:93} INFO -   9350K .......... .......... .......... .......... .......... 54% 2.15M 5s
[2023-01-27T04:57:16.134+0000] {subprocess.py:93} INFO -   9400K .......... .......... .......... .......... .......... 55% 2.21M 5s
[2023-01-27T04:57:16.158+0000] {subprocess.py:93} INFO -   9450K .......... .......... .......... .......... .......... 55% 2.02M 5s
[2023-01-27T04:57:16.193+0000] {subprocess.py:93} INFO -   9500K .......... .......... .......... .......... .......... 55% 1.39M 5s
[2023-01-27T04:57:16.211+0000] {subprocess.py:93} INFO -   9550K .......... .......... .......... .......... .......... 56% 2.77M 5s
[2023-01-27T04:57:16.233+0000] {subprocess.py:93} INFO -   9600K .......... .......... .......... .......... .......... 56% 2.21M 5s
[2023-01-27T04:57:16.251+0000] {subprocess.py:93} INFO -   9650K .......... .......... .......... .......... .......... 56% 5.59M 4s
[2023-01-27T04:57:16.272+0000] {subprocess.py:93} INFO -   9700K .......... .......... .......... .......... .......... 56% 1.59M 4s
[2023-01-27T04:57:16.290+0000] {subprocess.py:93} INFO -   9750K .......... .......... .......... .......... .......... 57% 2.74M 4s
[2023-01-27T04:57:16.325+0000] {subprocess.py:93} INFO -   9800K .......... .......... .......... .......... .......... 57% 1.40M 4s
[2023-01-27T04:57:16.336+0000] {subprocess.py:93} INFO -   9850K .......... .......... .......... .......... .......... 57% 4.60M 4s
[2023-01-27T04:57:16.363+0000] {subprocess.py:93} INFO -   9900K .......... .......... .......... .......... .......... 58% 1.79M 4s
[2023-01-27T04:57:16.392+0000] {subprocess.py:93} INFO -   9950K .......... .......... .......... .......... .......... 58% 1.65M 4s
[2023-01-27T04:57:16.415+0000] {subprocess.py:93} INFO -  10000K .......... .......... .......... .......... .......... 58% 2.20M 4s
[2023-01-27T04:57:16.465+0000] {subprocess.py:93} INFO -  10050K .......... .......... .......... .......... .......... 59%  990K 4s
[2023-01-27T04:57:16.487+0000] {subprocess.py:93} INFO -  10100K .......... .......... .......... .......... .......... 59% 2.20M 4s
[2023-01-27T04:57:16.514+0000] {subprocess.py:93} INFO -  10150K .......... .......... .......... .......... .......... 59% 1.84M 4s
[2023-01-27T04:57:16.532+0000] {subprocess.py:93} INFO -  10200K .......... .......... .......... .......... .......... 59% 2.76M 4s
[2023-01-27T04:57:16.552+0000] {subprocess.py:93} INFO -  10250K .......... .......... .......... .......... .......... 60% 2.35M 4s
[2023-01-27T04:57:16.587+0000] {subprocess.py:93} INFO -  10300K .......... .......... .......... .......... .......... 60% 1.42M 4s
[2023-01-27T04:57:16.619+0000] {subprocess.py:93} INFO -  10350K .......... .......... .......... .......... .......... 60% 1.52M 4s
[2023-01-27T04:57:16.647+0000] {subprocess.py:93} INFO -  10400K .......... .......... .......... .......... .......... 61% 1.77M 4s
[2023-01-27T04:57:16.664+0000] {subprocess.py:93} INFO -  10450K .......... .......... .......... .......... .......... 61% 2.76M 4s
[2023-01-27T04:57:16.685+0000] {subprocess.py:93} INFO -  10500K .......... .......... .......... .......... .......... 61% 2.36M 4s
[2023-01-27T04:57:16.715+0000] {subprocess.py:93} INFO -  10550K .......... .......... .......... .......... .......... 61% 1.61M 4s
[2023-01-27T04:57:16.746+0000] {subprocess.py:93} INFO -  10600K .......... .......... .......... .......... .......... 62% 1.57M 4s
[2023-01-27T04:57:16.775+0000] {subprocess.py:93} INFO -  10650K .......... .......... .......... .......... .......... 62% 1.71M 4s
[2023-01-27T04:57:16.795+0000] {subprocess.py:93} INFO -  10700K .......... .......... .......... .......... .......... 62% 2.47M 4s
[2023-01-27T04:57:16.808+0000] {subprocess.py:93} INFO -  10750K .......... .......... .......... .......... .......... 63% 3.60M 4s
[2023-01-27T04:57:16.827+0000] {subprocess.py:93} INFO -  10800K .......... .......... .......... .......... .......... 63% 2.56M 4s
[2023-01-27T04:57:16.854+0000] {subprocess.py:93} INFO -  10850K .......... .......... .......... .......... .......... 63% 1.84M 4s
[2023-01-27T04:57:16.877+0000] {subprocess.py:93} INFO -  10900K .......... .......... .......... .......... .......... 63% 2.09M 4s
[2023-01-27T04:57:16.908+0000] {subprocess.py:93} INFO -  10950K .......... .......... .......... .......... .......... 64% 1.60M 4s
[2023-01-27T04:57:16.930+0000] {subprocess.py:93} INFO -  11000K .......... .......... .......... .......... .......... 64% 2.21M 4s
[2023-01-27T04:57:16.956+0000] {subprocess.py:93} INFO -  11050K .......... .......... .......... .......... .......... 64% 1.88M 4s
[2023-01-27T04:57:16.979+0000] {subprocess.py:93} INFO -  11100K .......... .......... .......... .......... .......... 65% 2.07M 4s
[2023-01-27T04:57:16.993+0000] {subprocess.py:93} INFO -  11150K .......... .......... .......... .......... .......... 65% 3.67M 3s
[2023-01-27T04:57:17.008+0000] {subprocess.py:93} INFO -  11200K .......... .......... .......... .......... .......... 65% 3.22M 3s
[2023-01-27T04:57:17.038+0000] {subprocess.py:93} INFO -  11250K .......... .......... .......... .......... .......... 66% 1.59M 3s
[2023-01-27T04:57:17.073+0000] {subprocess.py:93} INFO -  11300K .......... .......... .......... .......... .......... 66% 1.40M 3s
[2023-01-27T04:57:17.100+0000] {subprocess.py:93} INFO -  11350K .......... .......... .......... .......... .......... 66% 1.88M 3s
[2023-01-27T04:57:17.125+0000] {subprocess.py:93} INFO -  11400K .......... .......... .......... .......... .......... 66% 1.89M 3s
[2023-01-27T04:57:17.143+0000] {subprocess.py:93} INFO -  11450K .......... .......... .......... .......... .......... 67% 2.82M 3s
[2023-01-27T04:57:17.160+0000] {subprocess.py:93} INFO -  11500K .......... .......... .......... .......... .......... 67% 2.84M 3s
[2023-01-27T04:57:17.177+0000] {subprocess.py:93} INFO -  11550K .......... .......... .......... .......... .......... 67% 2.78M 3s
[2023-01-27T04:57:17.220+0000] {subprocess.py:93} INFO -  11600K .......... .......... .......... .......... .......... 68% 1.14M 3s
[2023-01-27T04:57:17.253+0000] {subprocess.py:93} INFO -  11650K .......... .......... .......... .......... .......... 68% 1.72M 3s
[2023-01-27T04:57:17.275+0000] {subprocess.py:93} INFO -  11700K .......... .......... .......... .......... .......... 68% 1.85M 3s
[2023-01-27T04:57:17.292+0000] {subprocess.py:93} INFO -  11750K .......... .......... .......... .......... .......... 68% 2.77M 3s
[2023-01-27T04:57:17.312+0000] {subprocess.py:93} INFO -  11800K .......... .......... .......... .......... .......... 69% 2.43M 3s
[2023-01-27T04:57:17.339+0000] {subprocess.py:93} INFO -  11850K .......... .......... .......... .......... .......... 69% 1.84M 3s
[2023-01-27T04:57:17.372+0000] {subprocess.py:93} INFO -  11900K .......... .......... .......... .......... .......... 69% 1.49M 3s
[2023-01-27T04:57:17.389+0000] {subprocess.py:93} INFO -  11950K .......... .......... .......... .......... .......... 70% 2.78M 3s
[2023-01-27T04:57:17.411+0000] {subprocess.py:93} INFO -  12000K .......... .......... .......... .......... .......... 70% 2.26M 3s
[2023-01-27T04:57:17.440+0000] {subprocess.py:93} INFO -  12050K .......... .......... .......... .......... .......... 70% 2.76M 3s
[2023-01-27T04:57:17.458+0000] {subprocess.py:93} INFO -  12100K .......... .......... .......... .......... .......... 71% 1.67M 3s
[2023-01-27T04:57:17.496+0000] {subprocess.py:93} INFO -  12150K .......... .......... .......... .......... .......... 71% 1.27M 3s
[2023-01-27T04:57:17.519+0000] {subprocess.py:93} INFO -  12200K .......... .......... .......... .......... .......... 71% 2.14M 3s
[2023-01-27T04:57:17.565+0000] {subprocess.py:93} INFO -  12250K .......... .......... .......... .......... .......... 71% 1.06M 3s
[2023-01-27T04:57:17.587+0000] {subprocess.py:93} INFO -  12300K .......... .......... .......... .......... .......... 72% 2.28M 3s
[2023-01-27T04:57:17.619+0000] {subprocess.py:93} INFO -  12350K .......... .......... .......... .......... .......... 72% 1.52M 3s
[2023-01-27T04:57:17.646+0000] {subprocess.py:93} INFO -  12400K .......... .......... .......... .......... .......... 72% 1.81M 3s
[2023-01-27T04:57:17.655+0000] {subprocess.py:93} INFO -  12450K .......... .......... .......... .......... .......... 73% 5.65M 3s
[2023-01-27T04:57:17.686+0000] {subprocess.py:93} INFO -  12500K .......... .......... .......... .......... .......... 73% 1.57M 3s
[2023-01-27T04:57:17.708+0000] {subprocess.py:93} INFO -  12550K .......... .......... .......... .......... .......... 73% 3.62M 3s
[2023-01-27T04:57:17.755+0000] {subprocess.py:93} INFO -  12600K .......... .......... .......... .......... .......... 73%  902K 3s
[2023-01-27T04:57:17.790+0000] {subprocess.py:93} INFO -  12650K .......... .......... .......... .......... .......... 74% 1.39M 3s
[2023-01-27T04:57:17.812+0000] {subprocess.py:93} INFO -  12700K .......... .......... .......... .......... .......... 74% 2.20M 3s
[2023-01-27T04:57:17.843+0000] {subprocess.py:93} INFO -  12750K .......... .......... .......... .......... .......... 74% 1.57M 3s
[2023-01-27T04:57:17.856+0000] {subprocess.py:93} INFO -  12800K .......... .......... .......... .......... .......... 75% 3.66M 2s
[2023-01-27T04:57:17.881+0000] {subprocess.py:93} INFO -  12850K .......... .......... .......... .......... .......... 75% 2.00M 2s
[2023-01-27T04:57:17.894+0000] {subprocess.py:93} INFO -  12900K .......... .......... .......... .......... .......... 75% 3.68M 2s
[2023-01-27T04:57:17.938+0000] {subprocess.py:93} INFO -  12950K .......... .......... .......... .......... .......... 75% 1.22M 2s
[2023-01-27T04:57:17.967+0000] {subprocess.py:93} INFO -  13000K .......... .......... .......... .......... .......... 76% 1.50M 2s
[2023-01-27T04:57:17.985+0000] {subprocess.py:93} INFO -  13050K .......... .......... .......... .......... .......... 76% 2.72M 2s
[2023-01-27T04:57:18.008+0000] {subprocess.py:93} INFO -  13100K .......... .......... .......... .......... .......... 76% 2.08M 2s
[2023-01-27T04:57:18.021+0000] {subprocess.py:93} INFO -  13150K .......... .......... .......... .......... .......... 77% 3.71M 2s
[2023-01-27T04:57:18.043+0000] {subprocess.py:93} INFO -  13200K .......... .......... .......... .......... .......... 77% 2.25M 2s
[2023-01-27T04:57:18.082+0000] {subprocess.py:93} INFO -  13250K .......... .......... .......... .......... .......... 77% 1.26M 2s
[2023-01-27T04:57:18.099+0000] {subprocess.py:93} INFO -  13300K .......... .......... .......... .......... .......... 78% 2.77M 2s
[2023-01-27T04:57:18.135+0000] {subprocess.py:93} INFO -  13350K .......... .......... .......... .......... .......... 78% 1.36M 2s
[2023-01-27T04:57:18.155+0000] {subprocess.py:93} INFO -  13400K .......... .......... .......... .......... .......... 78% 2.52M 2s
[2023-01-27T04:57:18.173+0000] {subprocess.py:93} INFO -  13450K .......... .......... .......... .......... .......... 78% 2.62M 2s
[2023-01-27T04:57:18.191+0000] {subprocess.py:93} INFO -  13500K .......... .......... .......... .......... .......... 79% 3.64M 2s
[2023-01-27T04:57:18.203+0000] {subprocess.py:93} INFO -  13550K .......... .......... .......... .......... .......... 79% 2.90M 2s
[2023-01-27T04:57:18.256+0000] {subprocess.py:93} INFO -  13600K .......... .......... .......... .......... .......... 79%  944K 2s
[2023-01-27T04:57:18.286+0000] {subprocess.py:93} INFO -  13650K .......... .......... .......... .......... .......... 80% 1.64M 2s
[2023-01-27T04:57:18.305+0000] {subprocess.py:93} INFO -  13700K .......... .......... .......... .......... .......... 80% 2.56M 2s
[2023-01-27T04:57:18.329+0000] {subprocess.py:93} INFO -  13750K .......... .......... .......... .......... .......... 80% 3.25M 2s
[2023-01-27T04:57:18.342+0000] {subprocess.py:93} INFO -  13800K .......... .......... .......... .......... .......... 80% 2.25M 2s
[2023-01-27T04:57:18.358+0000] {subprocess.py:93} INFO -  13850K .......... .......... .......... .......... .......... 81% 3.10M 2s
[2023-01-27T04:57:18.371+0000] {subprocess.py:93} INFO -  13900K .......... .......... .......... .......... .......... 81% 3.67M 2s
[2023-01-27T04:57:18.409+0000] {subprocess.py:93} INFO -  13950K .......... .......... .......... .......... .......... 81% 1.30M 2s
[2023-01-27T04:57:18.443+0000] {subprocess.py:93} INFO -  14000K .......... .......... .......... .......... .......... 82% 2.27M 2s
[2023-01-27T04:57:18.464+0000] {subprocess.py:93} INFO -  14050K .......... .......... .......... .......... .......... 82% 1.45M 2s
[2023-01-27T04:57:18.477+0000] {subprocess.py:93} INFO -  14100K .......... .......... .......... .......... .......... 82% 3.66M 2s
[2023-01-27T04:57:18.502+0000] {subprocess.py:93} INFO -  14150K .......... .......... .......... .......... .......... 82% 1.99M 2s
[2023-01-27T04:57:18.520+0000] {subprocess.py:93} INFO -  14200K .......... .......... .......... .......... .......... 83% 2.79M 2s
[2023-01-27T04:57:18.542+0000] {subprocess.py:93} INFO -  14250K .......... .......... .......... .......... .......... 83% 2.19M 2s
[2023-01-27T04:57:18.555+0000] {subprocess.py:93} INFO -  14300K .......... .......... .......... .......... .......... 83% 3.65M 2s
[2023-01-27T04:57:18.604+0000] {subprocess.py:93} INFO -  14350K .......... .......... .......... .......... .......... 84% 1.01M 2s
[2023-01-27T04:57:18.635+0000] {subprocess.py:93} INFO -  14400K .......... .......... .......... .......... .......... 84% 2.18M 2s
[2023-01-27T04:57:18.653+0000] {subprocess.py:93} INFO -  14450K .......... .......... .......... .......... .......... 84% 1.83M 1s
[2023-01-27T04:57:18.666+0000] {subprocess.py:93} INFO -  14500K .......... .......... .......... .......... .......... 85% 3.72M 1s
[2023-01-27T04:57:18.680+0000] {subprocess.py:93} INFO -  14550K .......... .......... .......... .......... .......... 85% 3.27M 1s
[2023-01-27T04:57:18.705+0000] {subprocess.py:93} INFO -  14600K .......... .......... .......... .......... .......... 85% 2.01M 1s
[2023-01-27T04:57:18.718+0000] {subprocess.py:93} INFO -  14650K .......... .......... .......... .......... .......... 85% 3.66M 1s
[2023-01-27T04:57:18.768+0000] {subprocess.py:93} INFO -  14700K .......... .......... .......... .......... .......... 86%  999K 1s
[2023-01-27T04:57:18.789+0000] {subprocess.py:93} INFO -  14750K .......... .......... .......... .......... .......... 86% 2.34M 1s
[2023-01-27T04:57:18.826+0000] {subprocess.py:93} INFO -  14800K .......... .......... .......... .......... .......... 86% 1.65M 1s
[2023-01-27T04:57:18.839+0000] {subprocess.py:93} INFO -  14850K .......... .......... .......... .......... .......... 87% 2.43M 1s
[2023-01-27T04:57:18.858+0000] {subprocess.py:93} INFO -  14900K .......... .......... .......... .......... .......... 87% 2.51M 1s
[2023-01-27T04:57:18.876+0000] {subprocess.py:93} INFO -  14950K .......... .......... .......... .......... .......... 87% 2.75M 1s
[2023-01-27T04:57:18.885+0000] {subprocess.py:93} INFO -  15000K .......... .......... .......... .......... .......... 87% 5.52M 1s
[2023-01-27T04:57:18.899+0000] {subprocess.py:93} INFO -  15050K .......... .......... .......... .......... .......... 88% 3.45M 1s
[2023-01-27T04:57:18.952+0000] {subprocess.py:93} INFO -  15100K .......... .......... .......... .......... .......... 88% 1023K 1s
[2023-01-27T04:57:18.970+0000] {subprocess.py:93} INFO -  15150K .......... .......... .......... .......... .......... 88% 2.23M 1s
[2023-01-27T04:57:18.984+0000] {subprocess.py:93} INFO -  15200K .......... .......... .......... .......... .......... 89% 3.46M 1s
[2023-01-27T04:57:19.002+0000] {subprocess.py:93} INFO -  15250K .......... .......... .......... .......... .......... 89% 2.73M 1s
[2023-01-27T04:57:19.024+0000] {subprocess.py:93} INFO -  15300K .......... .......... .......... .......... .......... 89% 2.18M 1s
[2023-01-27T04:57:19.053+0000] {subprocess.py:93} INFO -  15350K .......... .......... .......... .......... .......... 90% 2.12M 1s
[2023-01-27T04:57:19.090+0000] {subprocess.py:93} INFO -  15400K .......... .......... .......... .......... .......... 90% 1.14M 1s
[2023-01-27T04:57:19.118+0000] {subprocess.py:93} INFO -  15450K .......... .......... .......... .......... .......... 90% 1.77M 1s
[2023-01-27T04:57:19.134+0000] {subprocess.py:93} INFO -  15500K .......... .......... .......... .......... .......... 90% 2.97M 1s
[2023-01-27T04:57:19.148+0000] {subprocess.py:93} INFO -  15550K .......... .......... .......... .......... .......... 91% 3.59M 1s
[2023-01-27T04:57:19.162+0000] {subprocess.py:93} INFO -  15600K .......... .......... .......... .......... .......... 91% 4.77M 1s
[2023-01-27T04:57:19.175+0000] {subprocess.py:93} INFO -  15650K .......... .......... .......... .......... .......... 91% 2.92M 1s
[2023-01-27T04:57:19.191+0000] {subprocess.py:93} INFO -  15700K .......... .......... .......... .......... .......... 92% 2.94M 1s
[2023-01-27T04:57:19.203+0000] {subprocess.py:93} INFO -  15750K .......... .......... .......... .......... .......... 92% 4.11M 1s
[2023-01-27T04:57:19.209+0000] {subprocess.py:93} INFO -  15800K .......... .......... .......... .......... .......... 92% 8.79M 1s
[2023-01-27T04:57:19.218+0000] {subprocess.py:93} INFO -  15850K .......... .......... .......... .......... .......... 92% 5.39M 1s
[2023-01-27T04:57:19.226+0000] {subprocess.py:93} INFO -  15900K .......... .......... .......... .......... .......... 93% 6.22M 1s
[2023-01-27T04:57:19.235+0000] {subprocess.py:93} INFO -  15950K .......... .......... .......... .......... .......... 93% 5.42M 1s
[2023-01-27T04:57:19.296+0000] {subprocess.py:93} INFO -  16000K .......... .......... .......... .......... .......... 93%  813K 1s
[2023-01-27T04:57:19.307+0000] {subprocess.py:93} INFO -  16050K .......... .......... .......... .......... .......... 94% 4.61M 1s
[2023-01-27T04:57:19.327+0000] {subprocess.py:93} INFO -  16100K .......... .......... .......... .......... .......... 94% 2.42M 1s
[2023-01-27T04:57:19.345+0000] {subprocess.py:93} INFO -  16150K .......... .......... .......... .......... .......... 94% 2.74M 1s
[2023-01-27T04:57:19.372+0000] {subprocess.py:93} INFO -  16200K .......... .......... .......... .......... .......... 94% 1.77M 0s
[2023-01-27T04:57:19.423+0000] {subprocess.py:93} INFO -  16250K .......... .......... .......... .......... .......... 95%  981K 0s
[2023-01-27T04:57:19.446+0000] {subprocess.py:93} INFO -  16300K .......... .......... .......... .......... .......... 95% 2.19M 0s
[2023-01-27T04:57:19.450+0000] {subprocess.py:93} INFO -  16350K .......... .......... .......... .......... .......... 95% 10.4M 0s
[2023-01-27T04:57:19.458+0000] {subprocess.py:93} INFO -  16400K .......... .......... .......... .......... .......... 96% 6.29M 0s
[2023-01-27T04:57:19.469+0000] {subprocess.py:93} INFO -  16450K .......... .......... .......... .......... .......... 96% 4.53M 0s
[2023-01-27T04:57:19.474+0000] {subprocess.py:93} INFO -  16500K .......... .......... .......... .......... .......... 96% 10.4M 0s
[2023-01-27T04:57:19.491+0000] {subprocess.py:93} INFO -  16550K .......... .......... .......... .......... .......... 97% 2.90M 0s
[2023-01-27T04:57:19.522+0000] {subprocess.py:93} INFO -  16600K .......... .......... .......... .......... .......... 97% 1.57M 0s
[2023-01-27T04:57:19.531+0000] {subprocess.py:93} INFO -  16650K .......... .......... .......... .......... .......... 97% 5.21M 0s
[2023-01-27T04:57:19.544+0000] {subprocess.py:93} INFO -  16700K .......... .......... .......... .......... .......... 97% 5.59M 0s
[2023-01-27T04:57:19.561+0000] {subprocess.py:93} INFO -  16750K .......... .......... .......... .......... .......... 98% 2.29M 0s
[2023-01-27T04:57:19.570+0000] {subprocess.py:93} INFO -  16800K .......... .......... .......... .......... .......... 98% 5.40M 0s
[2023-01-27T04:57:19.579+0000] {subprocess.py:93} INFO -  16850K .......... .......... .......... .......... .......... 98% 5.65M 0s
[2023-01-27T04:57:19.594+0000] {subprocess.py:93} INFO -  16900K .......... .......... .......... .......... .......... 99% 3.16M 0s
[2023-01-27T04:57:19.613+0000] {subprocess.py:93} INFO -  16950K .......... .......... .......... .......... .......... 99% 3.39M 0s
[2023-01-27T04:57:19.622+0000] {subprocess.py:93} INFO -  17000K .......... .......... .......... .......... .......... 99% 3.62M 0s
[2023-01-27T04:57:19.643+0000] {subprocess.py:93} INFO -  17050K .......... .......... .......... .......... .......... 99% 2.41M 0s
[2023-01-27T04:57:19.643+0000] {subprocess.py:93} INFO -  17100K .........                                             100% 60.4M=9.3s
[2023-01-27T04:57:19.644+0000] {subprocess.py:93} INFO - 
[2023-01-27T04:57:19.644+0000] {subprocess.py:93} INFO - 2023-01-27 04:57:19 (1.80 MB/s) - ‘/opt/***/fhv_tripdata_2019-07.csv.gz’ saved [17520319/17520319]
[2023-01-27T04:57:19.644+0000] {subprocess.py:93} INFO - 
[2023-01-27T04:57:19.645+0000] {subprocess.py:97} INFO - Command exited with return code 0
[2023-01-27T04:57:19.711+0000] {taskinstance.py:1323} INFO - Marking task as SUCCESS. dag_id=fhv_taxi_data_dag_v1, task_id=download_ytd_dataset_from_web, execution_date=20190701T000000, start_date=20230127T045709, end_date=20230127T045719
[2023-01-27T04:57:19.736+0000] {local_task_job.py:208} INFO - Task exited with return code 0
[2023-01-27T04:57:19.790+0000] {taskinstance.py:2578} INFO - 1 downstream tasks scheduled from follow-on schedule check
