[2023-01-27T04:58:34.673+0000] {taskinstance.py:1083} INFO - Dependencies all met for <TaskInstance: fhv_taxi_data_dag_v1.cgs_to_biquery scheduled__2019-10-01T00:00:00+00:00 [queued]>
[2023-01-27T04:58:34.686+0000] {taskinstance.py:1083} INFO - Dependencies all met for <TaskInstance: fhv_taxi_data_dag_v1.cgs_to_biquery scheduled__2019-10-01T00:00:00+00:00 [queued]>
[2023-01-27T04:58:34.686+0000] {taskinstance.py:1279} INFO - 
--------------------------------------------------------------------------------
[2023-01-27T04:58:34.687+0000] {taskinstance.py:1280} INFO - Starting attempt 1 of 1
[2023-01-27T04:58:34.687+0000] {taskinstance.py:1281} INFO - 
--------------------------------------------------------------------------------
[2023-01-27T04:58:34.706+0000] {taskinstance.py:1300} INFO - Executing <Task(_PythonDecoratedOperator): cgs_to_biquery> on 2019-10-01 00:00:00+00:00
[2023-01-27T04:58:34.712+0000] {standard_task_runner.py:55} INFO - Started process 7362 to run task
[2023-01-27T04:58:34.715+0000] {standard_task_runner.py:82} INFO - Running: ['***', 'tasks', 'run', 'fhv_taxi_data_dag_v1', 'cgs_to_biquery', 'scheduled__2019-10-01T00:00:00+00:00', '--job-id', '5760', '--raw', '--subdir', 'DAGS_FOLDER/data_ingestion_gcs_dag_v1_fhv.py', '--cfg-path', '/tmp/tmpg90n0ctt']
[2023-01-27T04:58:34.716+0000] {standard_task_runner.py:83} INFO - Job 5760: Subtask cgs_to_biquery
[2023-01-27T04:58:34.769+0000] {task_command.py:388} INFO - Running <TaskInstance: fhv_taxi_data_dag_v1.cgs_to_biquery scheduled__2019-10-01T00:00:00+00:00 [running]> on host 8bc22b99c76b
[2023-01-27T04:58:34.852+0000] {taskinstance.py:1509} INFO - Exporting the following env vars:
AIRFLOW_CTX_DAG_OWNER=***
AIRFLOW_CTX_DAG_ID=fhv_taxi_data_dag_v1
AIRFLOW_CTX_TASK_ID=cgs_to_biquery
AIRFLOW_CTX_EXECUTION_DATE=2019-10-01T00:00:00+00:00
AIRFLOW_CTX_TRY_NUMBER=1
AIRFLOW_CTX_DAG_RUN_ID=scheduled__2019-10-01T00:00:00+00:00
[2023-01-27T04:58:34.853+0000] {python.py:177} INFO - Done. Returned value was: None
[2023-01-27T04:58:34.863+0000] {taskinstance.py:1323} INFO - Marking task as SUCCESS. dag_id=fhv_taxi_data_dag_v1, task_id=cgs_to_biquery, execution_date=20191001T000000, start_date=20230127T045834, end_date=20230127T045834
[2023-01-27T04:58:34.886+0000] {local_task_job.py:208} INFO - Task exited with return code 0
[2023-01-27T04:58:34.904+0000] {taskinstance.py:2578} INFO - 0 downstream tasks scheduled from follow-on schedule check
