[2023-01-27T04:58:54.470+0000] {taskinstance.py:1083} INFO - Dependencies all met for <TaskInstance: fhv_taxi_data_dag_v1.download_ytd_dataset_from_web scheduled__2021-05-01T00:00:00+00:00 [queued]>
[2023-01-27T04:58:54.484+0000] {taskinstance.py:1083} INFO - Dependencies all met for <TaskInstance: fhv_taxi_data_dag_v1.download_ytd_dataset_from_web scheduled__2021-05-01T00:00:00+00:00 [queued]>
[2023-01-27T04:58:54.484+0000] {taskinstance.py:1279} INFO - 
--------------------------------------------------------------------------------
[2023-01-27T04:58:54.484+0000] {taskinstance.py:1280} INFO - Starting attempt 1 of 1
[2023-01-27T04:58:54.484+0000] {taskinstance.py:1281} INFO - 
--------------------------------------------------------------------------------
[2023-01-27T04:58:54.500+0000] {taskinstance.py:1300} INFO - Executing <Task(BashOperator): download_ytd_dataset_from_web> on 2021-05-01 00:00:00+00:00
[2023-01-27T04:58:54.507+0000] {standard_task_runner.py:55} INFO - Started process 7743 to run task
[2023-01-27T04:58:54.509+0000] {standard_task_runner.py:82} INFO - Running: ['***', 'tasks', 'run', 'fhv_taxi_data_dag_v1', 'download_ytd_dataset_from_web', 'scheduled__2021-05-01T00:00:00+00:00', '--job-id', '5795', '--raw', '--subdir', 'DAGS_FOLDER/data_ingestion_gcs_dag_v1_fhv.py', '--cfg-path', '/tmp/tmp_m48ux0n']
[2023-01-27T04:58:54.511+0000] {standard_task_runner.py:83} INFO - Job 5795: Subtask download_ytd_dataset_from_web
[2023-01-27T04:58:54.571+0000] {task_command.py:388} INFO - Running <TaskInstance: fhv_taxi_data_dag_v1.download_ytd_dataset_from_web scheduled__2021-05-01T00:00:00+00:00 [running]> on host 8bc22b99c76b
[2023-01-27T04:58:54.661+0000] {taskinstance.py:1509} INFO - Exporting the following env vars:
AIRFLOW_CTX_DAG_OWNER=***
AIRFLOW_CTX_DAG_ID=fhv_taxi_data_dag_v1
AIRFLOW_CTX_TASK_ID=download_ytd_dataset_from_web
AIRFLOW_CTX_EXECUTION_DATE=2021-05-01T00:00:00+00:00
AIRFLOW_CTX_TRY_NUMBER=1
AIRFLOW_CTX_DAG_RUN_ID=scheduled__2021-05-01T00:00:00+00:00
[2023-01-27T04:58:54.662+0000] {subprocess.py:63} INFO - Tmp dir root location: 
 /tmp
[2023-01-27T04:58:54.663+0000] {subprocess.py:75} INFO - Running command: ['/bin/bash', '-c', 'wget https://github.com/DataTalksClub/nyc-tlc-data/releases/download/fhv/fhv_tripdata_2021-05.csv.gz -O /opt/***/fhv_tripdata_2021-05.csv.gz']
[2023-01-27T04:58:54.679+0000] {subprocess.py:86} INFO - Output:
[2023-01-27T04:58:54.683+0000] {subprocess.py:93} INFO - --2023-01-27 04:58:54--  https://github.com/DataTalksClub/nyc-tlc-data/releases/download/fhv/fhv_tripdata_2021-05.csv.gz
[2023-01-27T04:58:54.698+0000] {subprocess.py:93} INFO - Resolving github.com (github.com)... 140.82.121.3
[2023-01-27T04:58:54.719+0000] {subprocess.py:93} INFO - Connecting to github.com (github.com)|140.82.121.3|:443... connected.
[2023-01-27T04:58:55.018+0000] {subprocess.py:93} INFO - HTTP request sent, awaiting response... 302 Found
[2023-01-27T04:58:55.019+0000] {subprocess.py:93} INFO - Location: https://objects.githubusercontent.com/github-production-release-asset-2e65be/513814948/15f7578e-e7a1-48e2-8f77-708861921663?X-Amz-Algorithm=AWS4-HMAC-SHA256&X-Amz-Credential=AKIAIWNJYAX4CSVEH53A%2F20230127%2Fus-east-1%2Fs3%2Faws4_request&X-Amz-Date=20230127T045727Z&X-Amz-Expires=300&X-Amz-Signature=bb235d69560dff5a4517fddc7a7d5bda99c94f7303cde67f3248440513f307b6&X-Amz-SignedHeaders=host&actor_id=0&key_id=0&repo_id=513814948&response-content-disposition=attachment%3B%20filename%3Dfhv_tripdata_2021-05.csv.gz&response-content-type=application%2Foctet-stream [following]
[2023-01-27T04:58:55.019+0000] {subprocess.py:93} INFO - --2023-01-27 04:58:55--  https://objects.githubusercontent.com/github-production-release-asset-2e65be/513814948/15f7578e-e7a1-48e2-8f77-708861921663?X-Amz-Algorithm=AWS4-HMAC-SHA256&X-Amz-Credential=AKIAIWNJYAX4CSVEH53A%2F20230127%2Fus-east-1%2Fs3%2Faws4_request&X-Amz-Date=20230127T045727Z&X-Amz-Expires=300&X-Amz-Signature=bb235d69560dff5a4517fddc7a7d5bda99c94f7303cde67f3248440513f307b6&X-Amz-SignedHeaders=host&actor_id=0&key_id=0&repo_id=513814948&response-content-disposition=attachment%3B%20filename%3Dfhv_tripdata_2021-05.csv.gz&response-content-type=application%2Foctet-stream
[2023-01-27T04:58:55.027+0000] {subprocess.py:93} INFO - Resolving objects.githubusercontent.com (objects.githubusercontent.com)... 185.199.111.133, 185.199.109.133, 185.199.108.133, ...
[2023-01-27T04:58:55.046+0000] {subprocess.py:93} INFO - Connecting to objects.githubusercontent.com (objects.githubusercontent.com)|185.199.111.133|:443... connected.
[2023-01-27T04:58:55.390+0000] {subprocess.py:93} INFO - HTTP request sent, awaiting response... 200 OK
[2023-01-27T04:58:55.390+0000] {subprocess.py:93} INFO - Length: 13068374 (12M) [application/octet-stream]
[2023-01-27T04:58:55.390+0000] {subprocess.py:93} INFO - Saving to: ‘/opt/***/fhv_tripdata_2021-05.csv.gz’
[2023-01-27T04:58:55.390+0000] {subprocess.py:93} INFO - 
[2023-01-27T04:58:55.411+0000] {subprocess.py:93} INFO -      0K .......... .......... .......... .......... ..........  0% 2.33M 5s
[2023-01-27T04:58:55.427+0000] {subprocess.py:93} INFO -     50K .......... .......... .......... .......... ..........  0% 3.03M 5s
[2023-01-27T04:58:55.430+0000] {subprocess.py:93} INFO -    100K .......... .......... .......... .......... ..........  1% 14.4M 3s
[2023-01-27T04:58:55.434+0000] {subprocess.py:93} INFO -    150K .......... .......... .......... .......... ..........  1% 11.6M 3s
[2023-01-27T04:58:55.441+0000] {subprocess.py:93} INFO -    200K .......... .......... .......... .......... ..........  1% 7.83M 3s
[2023-01-27T04:58:55.445+0000] {subprocess.py:93} INFO -    250K .......... .......... .......... .......... ..........  2% 10.2M 2s
[2023-01-27T04:58:55.448+0000] {subprocess.py:93} INFO -    300K .......... .......... .......... .......... ..........  2% 20.0M 2s
[2023-01-27T04:58:55.452+0000] {subprocess.py:93} INFO -    350K .......... .......... .......... .......... ..........  3% 10.9M 2s
[2023-01-27T04:58:55.454+0000] {subprocess.py:93} INFO -    400K .......... .......... .......... .......... ..........  3% 31.7M 2s
[2023-01-27T04:58:55.457+0000] {subprocess.py:93} INFO -    450K .......... .......... .......... .......... ..........  3% 16.2M 2s
[2023-01-27T04:58:55.459+0000] {subprocess.py:93} INFO -    500K .......... .......... .......... .......... ..........  4% 19.0M 2s
[2023-01-27T04:58:55.463+0000] {subprocess.py:93} INFO -    550K .......... .......... .......... .......... ..........  4% 14.8M 1s
[2023-01-27T04:58:55.464+0000] {subprocess.py:93} INFO -    600K .......... .......... .......... .......... ..........  5% 50.9M 1s
[2023-01-27T04:58:55.466+0000] {subprocess.py:93} INFO -    650K .......... .......... .......... .......... ..........  5% 22.2M 1s
[2023-01-27T04:58:55.467+0000] {subprocess.py:93} INFO -    700K .......... .......... .......... .......... ..........  5% 31.3M 1s
[2023-01-27T04:58:55.471+0000] {subprocess.py:93} INFO -    750K .......... .......... .......... .......... ..........  6% 16.2M 1s
[2023-01-27T04:58:55.473+0000] {subprocess.py:93} INFO -    800K .......... .......... .......... .......... ..........  6% 17.2M 1s
[2023-01-27T04:58:55.474+0000] {subprocess.py:93} INFO -    850K .......... .......... .......... .......... ..........  7%  401M 1s
[2023-01-27T04:58:55.477+0000] {subprocess.py:93} INFO -    900K .......... .......... .......... .......... ..........  7% 16.0M 1s
[2023-01-27T04:58:55.479+0000] {subprocess.py:93} INFO -    950K .......... .......... .......... .......... ..........  7% 20.9M 1s
[2023-01-27T04:58:55.480+0000] {subprocess.py:93} INFO -   1000K .......... .......... .......... .......... ..........  8% 31.5M 1s
[2023-01-27T04:58:55.483+0000] {subprocess.py:93} INFO -   1050K .......... .......... .......... .......... ..........  8% 21.8M 1s
[2023-01-27T04:58:55.484+0000] {subprocess.py:93} INFO -   1100K .......... .......... .......... .......... ..........  9% 28.4M 1s
[2023-01-27T04:58:55.486+0000] {subprocess.py:93} INFO -   1150K .......... .......... .......... .......... ..........  9% 33.1M 1s
[2023-01-27T04:58:55.487+0000] {subprocess.py:93} INFO -   1200K .......... .......... .......... .......... ..........  9% 33.7M 1s
[2023-01-27T04:58:55.488+0000] {subprocess.py:93} INFO -   1250K .......... .......... .......... .......... .......... 10% 54.0M 1s
[2023-01-27T04:58:55.490+0000] {subprocess.py:93} INFO -   1300K .......... .......... .......... .......... .......... 10% 23.0M 1s
[2023-01-27T04:58:55.492+0000] {subprocess.py:93} INFO -   1350K .......... .......... .......... .......... .......... 10% 30.2M 1s
[2023-01-27T04:58:55.494+0000] {subprocess.py:93} INFO -   1400K .......... .......... .......... .......... .......... 11% 19.9M 1s
[2023-01-27T04:58:55.496+0000] {subprocess.py:93} INFO -   1450K .......... .......... .......... .......... .......... 11% 34.5M 1s
[2023-01-27T04:58:55.497+0000] {subprocess.py:93} INFO -   1500K .......... .......... .......... .......... .......... 12% 32.5M 1s
[2023-01-27T04:58:55.501+0000] {subprocess.py:93} INFO -   1550K .......... .......... .......... .......... .......... 12% 13.6M 1s
[2023-01-27T04:58:55.502+0000] {subprocess.py:93} INFO -   1600K .......... .......... .......... .......... .......... 12% 54.6M 1s
[2023-01-27T04:58:55.503+0000] {subprocess.py:93} INFO -   1650K .......... .......... .......... .......... .......... 13% 34.0M 1s
[2023-01-27T04:58:55.504+0000] {subprocess.py:93} INFO -   1700K .......... .......... .......... .......... .......... 13% 51.1M 1s
[2023-01-27T04:58:55.506+0000] {subprocess.py:93} INFO -   1750K .......... .......... .......... .......... .......... 14% 29.3M 1s
[2023-01-27T04:58:55.507+0000] {subprocess.py:93} INFO -   1800K .......... .......... .......... .......... .......... 14% 32.0M 1s
[2023-01-27T04:58:55.560+0000] {subprocess.py:93} INFO -   1850K .......... .......... .......... .......... .......... 14%  943K 1s
[2023-01-27T04:58:55.561+0000] {subprocess.py:93} INFO -   1900K .......... .......... .......... .......... .......... 15% 46.7M 1s
[2023-01-27T04:58:55.564+0000] {subprocess.py:93} INFO -   1950K .......... .......... .......... .......... .......... 15% 19.5M 1s
[2023-01-27T04:58:55.565+0000] {subprocess.py:93} INFO -   2000K .......... .......... .......... .......... .......... 16% 34.8M 1s
[2023-01-27T04:58:55.566+0000] {subprocess.py:93} INFO -   2050K .......... .......... .......... .......... .......... 16%  340M 1s
[2023-01-27T04:58:55.571+0000] {subprocess.py:93} INFO -   2100K .......... .......... .......... .......... .......... 16% 9.28M 1s
[2023-01-27T04:58:55.571+0000] {subprocess.py:93} INFO -   2150K .......... .......... .......... .......... .......... 17%  372M 1s
[2023-01-27T04:58:55.573+0000] {subprocess.py:93} INFO -   2200K .......... .......... .......... .......... .......... 17% 24.1M 1s
[2023-01-27T04:58:55.573+0000] {subprocess.py:93} INFO -   2250K .......... .......... .......... .......... .......... 18%  351M 1s
[2023-01-27T04:58:55.577+0000] {subprocess.py:93} INFO -   2300K .......... .......... .......... .......... .......... 18% 11.3M 1s
[2023-01-27T04:58:55.578+0000] {subprocess.py:93} INFO -   2350K .......... .......... .......... .......... .......... 18%  267M 1s
[2023-01-27T04:58:55.579+0000] {subprocess.py:93} INFO -   2400K .......... .......... .......... .......... .......... 19% 33.8M 1s
[2023-01-27T04:58:55.579+0000] {subprocess.py:93} INFO -   2450K .......... .......... .......... .......... .......... 19%  481M 1s
[2023-01-27T04:58:55.582+0000] {subprocess.py:93} INFO -   2500K .......... .......... .......... .......... .......... 19% 16.9M 1s
[2023-01-27T04:58:55.584+0000] {subprocess.py:93} INFO -   2550K .......... .......... .......... .......... .......... 20% 30.3M 1s
[2023-01-27T04:58:55.584+0000] {subprocess.py:93} INFO -   2600K .......... .......... .......... .......... .......... 20%  132M 1s
[2023-01-27T04:58:55.588+0000] {subprocess.py:93} INFO -   2650K .......... .......... .......... .......... .......... 21% 13.7M 1s
[2023-01-27T04:58:55.588+0000] {subprocess.py:93} INFO -   2700K .......... .......... .......... .......... .......... 21%  392M 1s
[2023-01-27T04:58:55.590+0000] {subprocess.py:93} INFO -   2750K .......... .......... .......... .......... .......... 21% 26.6M 1s
[2023-01-27T04:58:55.643+0000] {subprocess.py:93} INFO -   2800K .......... .......... .......... .......... .......... 22%  932K 1s
[2023-01-27T04:58:55.645+0000] {subprocess.py:93} INFO -   2850K .......... .......... .......... .......... .......... 22% 24.5M 1s
[2023-01-27T04:58:55.647+0000] {subprocess.py:93} INFO -   2900K .......... .......... .......... .......... .......... 23% 26.5M 1s
[2023-01-27T04:58:55.649+0000] {subprocess.py:93} INFO -   2950K .......... .......... .......... .......... .......... 23% 21.5M 1s
[2023-01-27T04:58:55.650+0000] {subprocess.py:93} INFO -   3000K .......... .......... .......... .......... .......... 23% 42.1M 1s
[2023-01-27T04:58:55.653+0000] {subprocess.py:93} INFO -   3050K .......... .......... .......... .......... .......... 24% 19.7M 1s
[2023-01-27T04:58:55.654+0000] {subprocess.py:93} INFO -   3100K .......... .......... .......... .......... .......... 24% 38.7M 1s
[2023-01-27T04:58:55.656+0000] {subprocess.py:93} INFO -   3150K .......... .......... .......... .......... .......... 25% 27.5M 1s
[2023-01-27T04:58:55.659+0000] {subprocess.py:93} INFO -   3200K .......... .......... .......... .......... .......... 25% 17.7M 1s
[2023-01-27T04:58:55.659+0000] {subprocess.py:93} INFO -   3250K .......... .......... .......... .......... .......... 25%  500M 1s
[2023-01-27T04:58:55.661+0000] {subprocess.py:93} INFO -   3300K .......... .......... .......... .......... .......... 26% 23.3M 1s
[2023-01-27T04:58:55.662+0000] {subprocess.py:93} INFO -   3350K .......... .......... .......... .......... .......... 26% 36.4M 1s
[2023-01-27T04:58:55.664+0000] {subprocess.py:93} INFO -   3400K .......... .......... .......... .......... .......... 27% 29.4M 1s
[2023-01-27T04:58:55.666+0000] {subprocess.py:93} INFO -   3450K .......... .......... .......... .......... .......... 27% 27.0M 1s
[2023-01-27T04:58:55.668+0000] {subprocess.py:93} INFO -   3500K .......... .......... .......... .......... .......... 27% 25.3M 1s
[2023-01-27T04:58:55.669+0000] {subprocess.py:93} INFO -   3550K .......... .......... .......... .......... .......... 28% 45.5M 1s
[2023-01-27T04:58:55.671+0000] {subprocess.py:93} INFO -   3600K .......... .......... .......... .......... .......... 28% 19.9M 1s
[2023-01-27T04:58:55.672+0000] {subprocess.py:93} INFO -   3650K .......... .......... .......... .......... .......... 28% 42.2M 1s
[2023-01-27T04:58:55.674+0000] {subprocess.py:93} INFO -   3700K .......... .......... .......... .......... .......... 29% 25.9M 1s
[2023-01-27T04:58:55.676+0000] {subprocess.py:93} INFO -   3750K .......... .......... .......... .......... .......... 29% 21.7M 1s
[2023-01-27T04:58:55.729+0000] {subprocess.py:93} INFO -   3800K .......... .......... .......... .......... .......... 30%  944K 1s
[2023-01-27T04:58:55.731+0000] {subprocess.py:93} INFO -   3850K .......... .......... .......... .......... .......... 30% 29.6M 1s
[2023-01-27T04:58:55.731+0000] {subprocess.py:93} INFO -   3900K .......... .......... .......... .......... .......... 30%  474M 1s
[2023-01-27T04:58:55.735+0000] {subprocess.py:93} INFO -   3950K .......... .......... .......... .......... .......... 31% 13.0M 1s
[2023-01-27T04:58:55.735+0000] {subprocess.py:93} INFO -   4000K .......... .......... .......... .......... .......... 31%  327M 1s
[2023-01-27T04:58:55.827+0000] {subprocess.py:93} INFO -   4050K .......... .......... .......... .......... .......... 32%  542K 1s
[2023-01-27T04:58:55.828+0000] {subprocess.py:93} INFO -   4100K .......... .......... .......... .......... .......... 32%  262M 1s
[2023-01-27T04:58:55.829+0000] {subprocess.py:93} INFO -   4150K .......... .......... .......... .......... .......... 32% 27.0M 1s
[2023-01-27T04:58:55.835+0000] {subprocess.py:93} INFO -   4200K .......... .......... .......... .......... .......... 33% 8.10M 1s
[2023-01-27T04:58:55.836+0000] {subprocess.py:93} INFO -   4250K .......... .......... .......... .......... .......... 33%  311M 1s
[2023-01-27T04:58:55.836+0000] {subprocess.py:93} INFO -   4300K .......... .......... .......... .......... .......... 34%  372M 1s
[2023-01-27T04:58:55.838+0000] {subprocess.py:93} INFO -   4350K .......... .......... .......... .......... .......... 34% 22.6M 1s
[2023-01-27T04:58:55.841+0000] {subprocess.py:93} INFO -   4400K .......... .......... .......... .......... .......... 34% 16.7M 1s
[2023-01-27T04:58:55.841+0000] {subprocess.py:93} INFO -   4450K .......... .......... .......... .......... .......... 35%  134M 1s
[2023-01-27T04:58:55.841+0000] {subprocess.py:93} INFO -   4500K .......... .......... .......... .......... .......... 35%  476M 1s
[2023-01-27T04:58:55.843+0000] {subprocess.py:93} INFO -   4550K .......... .......... .......... .......... .......... 36% 35.8M 1s
[2023-01-27T04:58:55.848+0000] {subprocess.py:93} INFO -   4600K .......... .......... .......... .......... .......... 36% 9.33M 1s
[2023-01-27T04:58:55.848+0000] {subprocess.py:93} INFO -   4650K .......... .......... .......... .......... .......... 36%  306M 1s
[2023-01-27T04:58:55.848+0000] {subprocess.py:93} INFO -   4700K .......... .......... .......... .......... .......... 37%  328M 1s
[2023-01-27T04:58:55.850+0000] {subprocess.py:93} INFO -   4750K .......... .......... .......... .......... .......... 37% 33.3M 1s
[2023-01-27T04:58:55.853+0000] {subprocess.py:93} INFO -   4800K .......... .......... .......... .......... .......... 38% 14.6M 1s
[2023-01-27T04:58:55.853+0000] {subprocess.py:93} INFO -   4850K .......... .......... .......... .......... .......... 38%  277M 1s
[2023-01-27T04:58:55.854+0000] {subprocess.py:93} INFO -   4900K .......... .......... .......... .......... .......... 38% 38.6M 1s
[2023-01-27T04:58:55.856+0000] {subprocess.py:93} INFO -   4950K .......... .......... .......... .......... .......... 39% 34.2M 1s
[2023-01-27T04:58:55.858+0000] {subprocess.py:93} INFO -   5000K .......... .......... .......... .......... .......... 39% 19.5M 1s
[2023-01-27T04:58:55.859+0000] {subprocess.py:93} INFO -   5050K .......... .......... .......... .......... .......... 39%  452M 1s
[2023-01-27T04:58:55.913+0000] {subprocess.py:93} INFO -   5100K .......... .......... .......... .......... .......... 40%  925K 1s
[2023-01-27T04:58:55.919+0000] {subprocess.py:93} INFO -   5150K .......... .......... .......... .......... .......... 40% 8.28M 1s
[2023-01-27T04:58:55.921+0000] {subprocess.py:93} INFO -   5200K .......... .......... .......... .......... .......... 41% 21.4M 1s
[2023-01-27T04:58:55.921+0000] {subprocess.py:93} INFO -   5250K .......... .......... .......... .......... .......... 41%  251M 1s
[2023-01-27T04:58:55.925+0000] {subprocess.py:93} INFO -   5300K .......... .......... .......... .......... .......... 41% 13.0M 1s
[2023-01-27T04:58:55.926+0000] {subprocess.py:93} INFO -   5350K .......... .......... .......... .......... .......... 42% 31.5M 1s
[2023-01-27T04:58:55.926+0000] {subprocess.py:93} INFO -   5400K .......... .......... .......... .......... .......... 42%  248M 1s
[2023-01-27T04:58:55.929+0000] {subprocess.py:93} INFO -   5450K .......... .......... .......... .......... .......... 43% 19.9M 1s
[2023-01-27T04:58:55.935+0000] {subprocess.py:93} INFO -   5500K .......... .......... .......... .......... .......... 43% 8.23M 1s
[2023-01-27T04:58:55.937+0000] {subprocess.py:93} INFO -   5550K .......... .......... .......... .......... .......... 43%  304M 1s
[2023-01-27T04:58:55.938+0000] {subprocess.py:93} INFO -   5600K .......... .......... .......... .......... .......... 44% 15.2M 1s
[2023-01-27T04:58:55.940+0000] {subprocess.py:93} INFO -   5650K .......... .......... .......... .......... .......... 44% 21.5M 1s
[2023-01-27T04:58:55.942+0000] {subprocess.py:93} INFO -   5700K .......... .......... .......... .......... .......... 45% 28.5M 1s
[2023-01-27T04:58:55.945+0000] {subprocess.py:93} INFO -   5750K .......... .......... .......... .......... .......... 45% 21.2M 1s
[2023-01-27T04:58:55.946+0000] {subprocess.py:93} INFO -   5800K .......... .......... .......... .......... .......... 45% 35.1M 1s
[2023-01-27T04:58:55.948+0000] {subprocess.py:93} INFO -   5850K .......... .......... .......... .......... .......... 46% 19.7M 1s
[2023-01-27T04:58:55.949+0000] {subprocess.py:93} INFO -   5900K .......... .......... .......... .......... .......... 46%  155M 1s
[2023-01-27T04:58:55.956+0000] {subprocess.py:93} INFO -   5950K .......... .......... .......... .......... .......... 47% 7.18M 1s
[2023-01-27T04:58:55.956+0000] {subprocess.py:93} INFO -   6000K .......... .......... .......... .......... .......... 47%  210M 1s
[2023-01-27T04:58:55.957+0000] {subprocess.py:93} INFO -   6050K .......... .......... .......... .......... .......... 47% 30.7M 1s
[2023-01-27T04:58:56.003+0000] {subprocess.py:93} INFO -   6100K .......... .......... .......... .......... .......... 48% 1.07M 1s
[2023-01-27T04:58:56.004+0000] {subprocess.py:93} INFO -   6150K .......... .......... .......... .......... .......... 48% 37.1M 1s
[2023-01-27T04:58:56.006+0000] {subprocess.py:93} INFO -   6200K .......... .......... .......... .......... .......... 48% 25.8M 1s
[2023-01-27T04:58:56.014+0000] {subprocess.py:93} INFO -   6250K .......... .......... .......... .......... .......... 49% 6.18M 1s
[2023-01-27T04:58:56.015+0000] {subprocess.py:93} INFO -   6300K .......... .......... .......... .......... .......... 49%  266M 1s
[2023-01-27T04:58:56.016+0000] {subprocess.py:93} INFO -   6350K .......... .......... .......... .......... .......... 50% 24.6M 1s
[2023-01-27T04:58:56.020+0000] {subprocess.py:93} INFO -   6400K .......... .......... .......... .......... .......... 50% 12.4M 1s
[2023-01-27T04:58:56.020+0000] {subprocess.py:93} INFO -   6450K .......... .......... .......... .......... .......... 50%  231M 1s
[2023-01-27T04:58:56.022+0000] {subprocess.py:93} INFO -   6500K .......... .......... .......... .......... .......... 51% 27.0M 1s
[2023-01-27T04:58:56.028+0000] {subprocess.py:93} INFO -   6550K .......... .......... .......... .......... .......... 51% 8.63M 1s
[2023-01-27T04:58:56.028+0000] {subprocess.py:93} INFO -   6600K .......... .......... .......... .......... .......... 52%  223M 1s
[2023-01-27T04:58:56.032+0000] {subprocess.py:93} INFO -   6650K .......... .......... .......... .......... .......... 52% 13.2M 1s
[2023-01-27T04:58:56.032+0000] {subprocess.py:93} INFO -   6700K .......... .......... .......... .......... .......... 52%  245M 1s
[2023-01-27T04:58:56.034+0000] {subprocess.py:93} INFO -   6750K .......... .......... .......... .......... .......... 53% 29.8M 1s
[2023-01-27T04:58:56.035+0000] {subprocess.py:93} INFO -   6800K .......... .......... .......... .......... .......... 53% 26.6M 1s
[2023-01-27T04:58:56.036+0000] {subprocess.py:93} INFO -   6850K .......... .......... .......... .......... .......... 54% 62.6M 1s
[2023-01-27T04:58:56.039+0000] {subprocess.py:93} INFO -   6900K .......... .......... .......... .......... .......... 54% 17.6M 1s
[2023-01-27T04:58:56.047+0000] {subprocess.py:93} INFO -   6950K .......... .......... .......... .......... .......... 54% 5.73M 1s
[2023-01-27T04:58:56.048+0000] {subprocess.py:93} INFO -   7000K .......... .......... .......... .......... .......... 55%  184M 1s
[2023-01-27T04:58:56.048+0000] {subprocess.py:93} INFO -   7050K .......... .......... .......... .......... .......... 55%  274M 1s
[2023-01-27T04:58:56.048+0000] {subprocess.py:93} INFO -   7100K .......... .......... .......... .......... .......... 56%  269M 1s
[2023-01-27T04:58:56.053+0000] {subprocess.py:93} INFO -   7150K .......... .......... .......... .......... .......... 56% 9.94M 1s
[2023-01-27T04:58:56.097+0000] {subprocess.py:93} INFO -   7200K .......... .......... .......... .......... .......... 56% 1.13M 1s
[2023-01-27T04:58:56.097+0000] {subprocess.py:93} INFO -   7250K .......... .......... .......... .......... .......... 57%  212M 1s
[2023-01-27T04:58:56.102+0000] {subprocess.py:93} INFO -   7300K .......... .......... .......... .......... .......... 57% 9.56M 1s
[2023-01-27T04:58:56.102+0000] {subprocess.py:93} INFO -   7350K .......... .......... .......... .......... .......... 57%  250M 1s
[2023-01-27T04:58:56.103+0000] {subprocess.py:93} INFO -   7400K .......... .......... .......... .......... .......... 58% 26.4M 1s
[2023-01-27T04:58:56.107+0000] {subprocess.py:93} INFO -   7450K .......... .......... .......... .......... .......... 58% 12.5M 1s
[2023-01-27T04:58:56.113+0000] {subprocess.py:93} INFO -   7500K .......... .......... .......... .......... .......... 59% 9.93M 0s
[2023-01-27T04:58:56.115+0000] {subprocess.py:93} INFO -   7550K .......... .......... .......... .......... .......... 59%  228M 0s
[2023-01-27T04:58:56.115+0000] {subprocess.py:93} INFO -   7600K .......... .......... .......... .......... .......... 59% 18.5M 0s
[2023-01-27T04:58:56.121+0000] {subprocess.py:93} INFO -   7650K .......... .......... .......... .......... .......... 60% 9.04M 0s
[2023-01-27T04:58:56.121+0000] {subprocess.py:93} INFO -   7700K .......... .......... .......... .......... .......... 60% 87.1M 0s
[2023-01-27T04:58:56.123+0000] {subprocess.py:93} INFO -   7750K .......... .......... .......... .......... .......... 61% 23.8M 0s
[2023-01-27T04:58:56.124+0000] {subprocess.py:93} INFO -   7800K .......... .......... .......... .......... .......... 61%  172M 0s
[2023-01-27T04:58:56.126+0000] {subprocess.py:93} INFO -   7850K .......... .......... .......... .......... .......... 61% 17.8M 0s
[2023-01-27T04:58:56.129+0000] {subprocess.py:93} INFO -   7900K .......... .......... .......... .......... .......... 62% 20.3M 0s
[2023-01-27T04:58:56.132+0000] {subprocess.py:93} INFO -   7950K .......... .......... .......... .......... .......... 62%  267M 0s
[2023-01-27T04:58:56.134+0000] {subprocess.py:93} INFO -   8000K .......... .......... .......... .......... .......... 63% 9.85M 0s
[2023-01-27T04:58:56.134+0000] {subprocess.py:93} INFO -   8050K .......... .......... .......... .......... .......... 63%  107M 0s
[2023-01-27T04:58:56.136+0000] {subprocess.py:93} INFO -   8100K .......... .......... .......... .......... .......... 63% 30.6M 0s
[2023-01-27T04:58:56.188+0000] {subprocess.py:93} INFO -   8150K .......... .......... .......... .......... .......... 64%  975K 0s
[2023-01-27T04:58:56.188+0000] {subprocess.py:93} INFO -   8200K .......... .......... .......... .......... .......... 64%  210M 0s
[2023-01-27T04:58:56.189+0000] {subprocess.py:93} INFO -   8250K .......... .......... .......... .......... .......... 65%  314M 0s
[2023-01-27T04:58:56.191+0000] {subprocess.py:93} INFO -   8300K .......... .......... .......... .......... .......... 65% 13.3M 0s
[2023-01-27T04:58:56.192+0000] {subprocess.py:93} INFO -   8350K .......... .......... .......... .......... .......... 65%  324M 0s
[2023-01-27T04:58:56.192+0000] {subprocess.py:93} INFO -   8400K .......... .......... .......... .......... .......... 66%  269M 0s
[2023-01-27T04:58:56.194+0000] {subprocess.py:93} INFO -   8450K .......... .......... .......... .......... .......... 66% 22.6M 0s
[2023-01-27T04:58:56.194+0000] {subprocess.py:93} INFO -   8500K .......... .......... .......... .......... .......... 66%  316M 0s
[2023-01-27T04:58:56.202+0000] {subprocess.py:93} INFO -   8550K .......... .......... .......... .......... .......... 67% 6.58M 0s
[2023-01-27T04:58:56.202+0000] {subprocess.py:93} INFO -   8600K .......... .......... .......... .......... .......... 67%  129M 0s
[2023-01-27T04:58:56.202+0000] {subprocess.py:93} INFO -   8650K .......... .......... .......... .......... .......... 68%  102M 0s
[2023-01-27T04:58:56.204+0000] {subprocess.py:93} INFO -   8700K .......... .......... .......... .......... .......... 68% 25.9M 0s
[2023-01-27T04:58:56.206+0000] {subprocess.py:93} INFO -   8750K .......... .......... .......... .......... .......... 68% 30.9M 0s
[2023-01-27T04:58:56.208+0000] {subprocess.py:93} INFO -   8800K .......... .......... .......... .......... .......... 69% 20.8M 0s
[2023-01-27T04:58:56.211+0000] {subprocess.py:93} INFO -   8850K .......... .......... .......... .......... .......... 69% 15.6M 0s
[2023-01-27T04:58:56.213+0000] {subprocess.py:93} INFO -   8900K .......... .......... .......... .......... .......... 70% 22.3M 0s
[2023-01-27T04:58:56.214+0000] {subprocess.py:93} INFO -   8950K .......... .......... .......... .......... .......... 70% 49.6M 0s
[2023-01-27T04:58:56.218+0000] {subprocess.py:93} INFO -   9000K .......... .......... .......... .......... .......... 70% 12.5M 0s
[2023-01-27T04:58:56.218+0000] {subprocess.py:93} INFO -   9050K .......... .......... .......... .......... .......... 71%  482M 0s
[2023-01-27T04:58:56.227+0000] {subprocess.py:93} INFO -   9100K .......... .......... .......... .......... .......... 71% 5.91M 0s
[2023-01-27T04:58:56.227+0000] {subprocess.py:93} INFO -   9150K .......... .......... .......... .......... .......... 72%  483M 0s
[2023-01-27T04:58:56.227+0000] {subprocess.py:93} INFO -   9200K .......... .......... .......... .......... .......... 72%  386M 0s
[2023-01-27T04:58:56.269+0000] {subprocess.py:93} INFO -   9250K .......... .......... .......... .......... .......... 72% 1.16M 0s
[2023-01-27T04:58:56.270+0000] {subprocess.py:93} INFO -   9300K .......... .......... .......... .......... .......... 73% 32.6M 0s
[2023-01-27T04:58:56.271+0000] {subprocess.py:93} INFO -   9350K .......... .......... .......... .......... .......... 73% 43.0M 0s
[2023-01-27T04:58:56.281+0000] {subprocess.py:93} INFO -   9400K .......... .......... .......... .......... .......... 74% 5.40M 0s
[2023-01-27T04:58:56.281+0000] {subprocess.py:93} INFO -   9450K .......... .......... .......... .......... .......... 74%  251M 0s
[2023-01-27T04:58:56.281+0000] {subprocess.py:93} INFO -   9500K .......... .......... .......... .......... .......... 74%  310M 0s
[2023-01-27T04:58:56.283+0000] {subprocess.py:93} INFO -   9550K .......... .......... .......... .......... .......... 75% 21.9M 0s
[2023-01-27T04:58:56.284+0000] {subprocess.py:93} INFO -   9600K .......... .......... .......... .......... .......... 75%  144M 0s
[2023-01-27T04:58:56.285+0000] {subprocess.py:93} INFO -   9650K .......... .......... .......... .......... .......... 76% 31.1M 0s
[2023-01-27T04:58:56.294+0000] {subprocess.py:93} INFO -   9700K .......... .......... .......... .......... .......... 76% 5.73M 0s
[2023-01-27T04:58:56.294+0000] {subprocess.py:93} INFO -   9750K .......... .......... .......... .......... .......... 76%  257M 0s
[2023-01-27T04:58:56.294+0000] {subprocess.py:93} INFO -   9800K .......... .......... .......... .......... .......... 77%  285M 0s
[2023-01-27T04:58:56.296+0000] {subprocess.py:93} INFO -   9850K .......... .......... .......... .......... .......... 77% 19.7M 0s
[2023-01-27T04:58:56.297+0000] {subprocess.py:93} INFO -   9900K .......... .......... .......... .......... .......... 77%  327M 0s
[2023-01-27T04:58:56.298+0000] {subprocess.py:93} INFO -   9950K .......... .......... .......... .......... .......... 78% 28.8M 0s
[2023-01-27T04:58:56.301+0000] {subprocess.py:93} INFO -  10000K .......... .......... .......... .......... .......... 78% 15.9M 0s
[2023-01-27T04:58:56.303+0000] {subprocess.py:93} INFO -  10050K .......... .......... .......... .......... .......... 79% 34.1M 0s
[2023-01-27T04:58:56.304+0000] {subprocess.py:93} INFO -  10100K .......... .......... .......... .......... .......... 79% 39.8M 0s
[2023-01-27T04:58:56.306+0000] {subprocess.py:93} INFO -  10150K .......... .......... .......... .......... .......... 79% 20.1M 0s
[2023-01-27T04:58:56.309+0000] {subprocess.py:93} INFO -  10200K .......... .......... .......... .......... .......... 80% 21.3M 0s
[2023-01-27T04:58:56.315+0000] {subprocess.py:93} INFO -  10250K .......... .......... .......... .......... .......... 80% 7.55M 0s
[2023-01-27T04:58:56.315+0000] {subprocess.py:93} INFO -  10300K .......... .......... .......... .......... .......... 81%  349M 0s
[2023-01-27T04:58:56.318+0000] {subprocess.py:93} INFO -  10350K .......... .......... .......... .......... .......... 81% 19.2M 0s
[2023-01-27T04:58:56.359+0000] {subprocess.py:93} INFO -  10400K .......... .......... .......... .......... .......... 81% 1.18M 0s
[2023-01-27T04:58:56.361+0000] {subprocess.py:93} INFO -  10450K .......... .......... .......... .......... .......... 82% 23.9M 0s
[2023-01-27T04:58:56.373+0000] {subprocess.py:93} INFO -  10500K .......... .......... .......... .......... .......... 82% 4.39M 0s
[2023-01-27T04:58:56.373+0000] {subprocess.py:93} INFO -  10550K .......... .......... .......... .......... .......... 83%  257M 0s
[2023-01-27T04:58:56.374+0000] {subprocess.py:93} INFO -  10600K .......... .......... .......... .......... .......... 83% 45.1M 0s
[2023-01-27T04:58:56.374+0000] {subprocess.py:93} INFO -  10650K .......... .......... .......... .......... .......... 83%  275M 0s
[2023-01-27T04:58:56.375+0000] {subprocess.py:93} INFO -  10700K .......... .......... .......... .......... .......... 84%  275M 0s
[2023-01-27T04:58:56.375+0000] {subprocess.py:93} INFO -  10750K .......... .......... .......... .......... .......... 84% 32.6M 0s
[2023-01-27T04:58:56.376+0000] {subprocess.py:93} INFO -  10800K .......... .......... .......... .......... .......... 85%  232M 0s
[2023-01-27T04:58:56.378+0000] {subprocess.py:93} INFO -  10850K .......... .......... .......... .......... .......... 85% 26.5M 0s
[2023-01-27T04:58:56.379+0000] {subprocess.py:93} INFO -  10900K .......... .......... .......... .......... .......... 85%  176M 0s
[2023-01-27T04:58:56.379+0000] {subprocess.py:93} INFO -  10950K .......... .......... .......... .......... .......... 86%  264M 0s
[2023-01-27T04:58:56.388+0000] {subprocess.py:93} INFO -  11000K .......... .......... .......... .......... .......... 86% 5.31M 0s
[2023-01-27T04:58:56.388+0000] {subprocess.py:93} INFO -  11050K .......... .......... .......... .......... .......... 86%  271M 0s
[2023-01-27T04:58:56.389+0000] {subprocess.py:93} INFO -  11100K .......... .......... .......... .......... .......... 87%  126M 0s
[2023-01-27T04:58:56.390+0000] {subprocess.py:93} INFO -  11150K .......... .......... .......... .......... .......... 87% 20.8M 0s
[2023-01-27T04:58:56.390+0000] {subprocess.py:93} INFO -  11200K .......... .......... .......... .......... .......... 88%  226M 0s
[2023-01-27T04:58:56.392+0000] {subprocess.py:93} INFO -  11250K .......... .......... .......... .......... .......... 88% 23.3M 0s
[2023-01-27T04:58:56.397+0000] {subprocess.py:93} INFO -  11300K .......... .......... .......... .......... .......... 88% 10.7M 0s
[2023-01-27T04:58:56.398+0000] {subprocess.py:93} INFO -  11350K .......... .......... .......... .......... .......... 89% 95.5M 0s
[2023-01-27T04:58:56.399+0000] {subprocess.py:93} INFO -  11400K .......... .......... .......... .......... .......... 89% 34.1M 0s
[2023-01-27T04:58:56.399+0000] {subprocess.py:93} INFO -  11450K .......... .......... .......... .......... .......... 90%  265M 0s
[2023-01-27T04:58:56.403+0000] {subprocess.py:93} INFO -  11500K .......... .......... .......... .......... .......... 90% 10.9M 0s
[2023-01-27T04:58:56.452+0000] {subprocess.py:93} INFO -  11550K .......... .......... .......... .......... .......... 90% 1.02M 0s
[2023-01-27T04:58:56.452+0000] {subprocess.py:93} INFO -  11600K .......... .......... .......... .......... .......... 91%  303M 0s
[2023-01-27T04:58:56.453+0000] {subprocess.py:93} INFO -  11650K .......... .......... .......... .......... .......... 91% 29.4M 0s
[2023-01-27T04:58:56.457+0000] {subprocess.py:93} INFO -  11700K .......... .......... .......... .......... .......... 92% 15.7M 0s
[2023-01-27T04:58:56.457+0000] {subprocess.py:93} INFO -  11750K .......... .......... .......... .......... .......... 92%  195M 0s
[2023-01-27T04:58:56.459+0000] {subprocess.py:93} INFO -  11800K .......... .......... .......... .......... .......... 92% 17.8M 0s
[2023-01-27T04:58:56.460+0000] {subprocess.py:93} INFO -  11850K .......... .......... .......... .......... .......... 93%  111M 0s
[2023-01-27T04:58:56.463+0000] {subprocess.py:93} INFO -  11900K .......... .......... .......... .......... .......... 93% 17.7M 0s
[2023-01-27T04:58:56.468+0000] {subprocess.py:93} INFO -  11950K .......... .......... .......... .......... .......... 94% 8.28M 0s
[2023-01-27T04:58:56.469+0000] {subprocess.py:93} INFO -  12000K .......... .......... .......... .......... .......... 94%  367M 0s
[2023-01-27T04:58:56.469+0000] {subprocess.py:93} INFO -  12050K .......... .......... .......... .......... .......... 94%  474M 0s
[2023-01-27T04:58:56.471+0000] {subprocess.py:93} INFO -  12100K .......... .......... .......... .......... .......... 95% 20.8M 0s
[2023-01-27T04:58:56.478+0000] {subprocess.py:93} INFO -  12150K .......... .......... .......... .......... .......... 95% 6.69M 0s
[2023-01-27T04:58:56.479+0000] {subprocess.py:93} INFO -  12200K .......... .......... .......... .......... .......... 95%  222M 0s
[2023-01-27T04:58:56.541+0000] {subprocess.py:93} INFO -  12250K .......... .......... .......... .......... .......... 96%  820K 0s
[2023-01-27T04:58:56.543+0000] {subprocess.py:93} INFO -  12300K .......... .......... .......... .......... .......... 96%  284M 0s
[2023-01-27T04:58:56.564+0000] {subprocess.py:93} INFO -  12350K .......... .......... .......... .......... .......... 97% 9.83M 0s
[2023-01-27T04:58:56.564+0000] {subprocess.py:93} INFO -  12400K .......... .......... .......... .......... .......... 97%  153M 0s
[2023-01-27T04:58:56.564+0000] {subprocess.py:93} INFO -  12450K .......... .......... .......... .......... .......... 97%  345M 0s
[2023-01-27T04:58:56.564+0000] {subprocess.py:93} INFO -  12500K .......... .......... .......... .......... .......... 98% 15.1M 0s
[2023-01-27T04:58:56.570+0000] {subprocess.py:93} INFO -  12550K .......... .......... .......... .......... .......... 98%  333M 0s
[2023-01-27T04:58:56.572+0000] {subprocess.py:93} INFO -  12600K .......... .......... .......... .......... .......... 99% 19.9M 0s
[2023-01-27T04:58:56.595+0000] {subprocess.py:93} INFO -  12650K .......... .......... .......... .......... .......... 99%  326M 0s
[2023-01-27T04:58:56.595+0000] {subprocess.py:93} INFO -  12700K .......... .......... .......... .......... .......... 99% 8.19M 0s
[2023-01-27T04:58:56.595+0000] {subprocess.py:93} INFO -  12750K .......... ..                                         100%  144M=1.2s
[2023-01-27T04:58:56.595+0000] {subprocess.py:93} INFO - 
[2023-01-27T04:58:56.595+0000] {subprocess.py:93} INFO - 2023-01-27 04:58:56 (10.7 MB/s) - ‘/opt/***/fhv_tripdata_2021-05.csv.gz’ saved [13068374/13068374]
[2023-01-27T04:58:56.595+0000] {subprocess.py:93} INFO - 
[2023-01-27T04:58:56.607+0000] {subprocess.py:97} INFO - Command exited with return code 0
[2023-01-27T04:58:56.657+0000] {taskinstance.py:1323} INFO - Marking task as SUCCESS. dag_id=fhv_taxi_data_dag_v1, task_id=download_ytd_dataset_from_web, execution_date=20210501T000000, start_date=20230127T045854, end_date=20230127T045856
[2023-01-27T04:58:56.721+0000] {local_task_job.py:208} INFO - Task exited with return code 0
[2023-01-27T04:58:56.782+0000] {taskinstance.py:2578} INFO - 1 downstream tasks scheduled from follow-on schedule check
