[2023-01-27T04:58:27.487+0000] {taskinstance.py:1083} INFO - Dependencies all met for <TaskInstance: fhv_taxi_data_dag_v1.build_csv_filename scheduled__2020-06-01T00:00:00+00:00 [queued]>
[2023-01-27T04:58:27.497+0000] {taskinstance.py:1083} INFO - Dependencies all met for <TaskInstance: fhv_taxi_data_dag_v1.build_csv_filename scheduled__2020-06-01T00:00:00+00:00 [queued]>
[2023-01-27T04:58:27.497+0000] {taskinstance.py:1279} INFO - 
--------------------------------------------------------------------------------
[2023-01-27T04:58:27.497+0000] {taskinstance.py:1280} INFO - Starting attempt 1 of 1
[2023-01-27T04:58:27.497+0000] {taskinstance.py:1281} INFO - 
--------------------------------------------------------------------------------
[2023-01-27T04:58:27.510+0000] {taskinstance.py:1300} INFO - Executing <Task(_PythonDecoratedOperator): build_csv_filename> on 2020-06-01 00:00:00+00:00
[2023-01-27T04:58:27.516+0000] {standard_task_runner.py:55} INFO - Started process 7238 to run task
[2023-01-27T04:58:27.518+0000] {standard_task_runner.py:82} INFO - Running: ['***', 'tasks', 'run', 'fhv_taxi_data_dag_v1', 'build_csv_filename', 'scheduled__2020-06-01T00:00:00+00:00', '--job-id', '5749', '--raw', '--subdir', 'DAGS_FOLDER/data_ingestion_gcs_dag_v1_fhv.py', '--cfg-path', '/tmp/tmpd05wo2u3']
[2023-01-27T04:58:27.520+0000] {standard_task_runner.py:83} INFO - Job 5749: Subtask build_csv_filename
[2023-01-27T04:58:27.574+0000] {task_command.py:388} INFO - Running <TaskInstance: fhv_taxi_data_dag_v1.build_csv_filename scheduled__2020-06-01T00:00:00+00:00 [running]> on host 8bc22b99c76b
[2023-01-27T04:58:27.696+0000] {taskinstance.py:1509} INFO - Exporting the following env vars:
AIRFLOW_CTX_DAG_OWNER=***
AIRFLOW_CTX_DAG_ID=fhv_taxi_data_dag_v1
AIRFLOW_CTX_TASK_ID=build_csv_filename
AIRFLOW_CTX_EXECUTION_DATE=2020-06-01T00:00:00+00:00
AIRFLOW_CTX_TRY_NUMBER=1
AIRFLOW_CTX_DAG_RUN_ID=scheduled__2020-06-01T00:00:00+00:00
[2023-01-27T04:58:27.697+0000] {python.py:177} INFO - Done. Returned value was: fhv_tripdata_2020-06.csv.gz
[2023-01-27T04:58:27.715+0000] {taskinstance.py:1323} INFO - Marking task as SUCCESS. dag_id=fhv_taxi_data_dag_v1, task_id=build_csv_filename, execution_date=20200601T000000, start_date=20230127T045827, end_date=20230127T045827
[2023-01-27T04:58:27.770+0000] {local_task_job.py:208} INFO - Task exited with return code 0
[2023-01-27T04:58:27.797+0000] {taskinstance.py:2578} INFO - 1 downstream tasks scheduled from follow-on schedule check
