[2023-01-27T04:56:08.815+0000] {taskinstance.py:1083} INFO - Dependencies all met for <TaskInstance: fhv_taxi_data_dag.build_csv_filename scheduled__2020-03-01T00:00:00+00:00 [queued]>
[2023-01-27T04:56:08.838+0000] {taskinstance.py:1083} INFO - Dependencies all met for <TaskInstance: fhv_taxi_data_dag.build_csv_filename scheduled__2020-03-01T00:00:00+00:00 [queued]>
[2023-01-27T04:56:08.838+0000] {taskinstance.py:1279} INFO - 
--------------------------------------------------------------------------------
[2023-01-27T04:56:08.838+0000] {taskinstance.py:1280} INFO - Starting attempt 1 of 1
[2023-01-27T04:56:08.838+0000] {taskinstance.py:1281} INFO - 
--------------------------------------------------------------------------------
[2023-01-27T04:56:08.866+0000] {taskinstance.py:1300} INFO - Executing <Task(_PythonDecoratedOperator): build_csv_filename> on 2020-03-01 00:00:00+00:00
[2023-01-27T04:56:08.877+0000] {standard_task_runner.py:55} INFO - Started process 5584 to run task
[2023-01-27T04:56:08.884+0000] {standard_task_runner.py:82} INFO - Running: ['***', 'tasks', 'run', 'fhv_taxi_data_dag', 'build_csv_filename', 'scheduled__2020-03-01T00:00:00+00:00', '--job-id', '5604', '--raw', '--subdir', 'DAGS_FOLDER/data_ingestion_gcs_dag_v1_fhv.py', '--cfg-path', '/tmp/tmpfk9lbfhw']
[2023-01-27T04:56:08.886+0000] {standard_task_runner.py:83} INFO - Job 5604: Subtask build_csv_filename
[2023-01-27T04:56:09.101+0000] {task_command.py:388} INFO - Running <TaskInstance: fhv_taxi_data_dag.build_csv_filename scheduled__2020-03-01T00:00:00+00:00 [running]> on host 8bc22b99c76b
[2023-01-27T04:56:09.248+0000] {taskinstance.py:1509} INFO - Exporting the following env vars:
AIRFLOW_CTX_DAG_OWNER=***
AIRFLOW_CTX_DAG_ID=fhv_taxi_data_dag
AIRFLOW_CTX_TASK_ID=build_csv_filename
AIRFLOW_CTX_EXECUTION_DATE=2020-03-01T00:00:00+00:00
AIRFLOW_CTX_TRY_NUMBER=1
AIRFLOW_CTX_DAG_RUN_ID=scheduled__2020-03-01T00:00:00+00:00
[2023-01-27T04:56:09.250+0000] {python.py:177} INFO - Done. Returned value was: yellow_tripdata_2020-03.csv.gz
[2023-01-27T04:56:09.284+0000] {taskinstance.py:1323} INFO - Marking task as SUCCESS. dag_id=fhv_taxi_data_dag, task_id=build_csv_filename, execution_date=20200301T000000, start_date=20230127T045608, end_date=20230127T045609
[2023-01-27T04:56:09.337+0000] {local_task_job.py:208} INFO - Task exited with return code 0
[2023-01-27T04:56:09.423+0000] {taskinstance.py:2578} INFO - 1 downstream tasks scheduled from follow-on schedule check
