[2023-01-27T04:56:24.885+0000] {taskinstance.py:1083} INFO - Dependencies all met for <TaskInstance: fhv_taxi_data_dag.build_csv_filename scheduled__2021-07-01T00:00:00+00:00 [queued]>
[2023-01-27T04:56:24.897+0000] {taskinstance.py:1083} INFO - Dependencies all met for <TaskInstance: fhv_taxi_data_dag.build_csv_filename scheduled__2021-07-01T00:00:00+00:00 [queued]>
[2023-01-27T04:56:24.898+0000] {taskinstance.py:1279} INFO - 
--------------------------------------------------------------------------------
[2023-01-27T04:56:24.898+0000] {taskinstance.py:1280} INFO - Starting attempt 1 of 1
[2023-01-27T04:56:24.898+0000] {taskinstance.py:1281} INFO - 
--------------------------------------------------------------------------------
[2023-01-27T04:56:24.915+0000] {taskinstance.py:1300} INFO - Executing <Task(_PythonDecoratedOperator): build_csv_filename> on 2021-07-01 00:00:00+00:00
[2023-01-27T04:56:24.921+0000] {standard_task_runner.py:55} INFO - Started process 5916 to run task
[2023-01-27T04:56:24.924+0000] {standard_task_runner.py:82} INFO - Running: ['***', 'tasks', 'run', 'fhv_taxi_data_dag', 'build_csv_filename', 'scheduled__2021-07-01T00:00:00+00:00', '--job-id', '5638', '--raw', '--subdir', 'DAGS_FOLDER/data_ingestion_gcs_dag_v1_fhv.py', '--cfg-path', '/tmp/tmpq26vyf_w']
[2023-01-27T04:56:24.926+0000] {standard_task_runner.py:83} INFO - Job 5638: Subtask build_csv_filename
[2023-01-27T04:56:24.987+0000] {task_command.py:388} INFO - Running <TaskInstance: fhv_taxi_data_dag.build_csv_filename scheduled__2021-07-01T00:00:00+00:00 [running]> on host 8bc22b99c76b
[2023-01-27T04:56:25.046+0000] {taskinstance.py:1509} INFO - Exporting the following env vars:
AIRFLOW_CTX_DAG_OWNER=***
AIRFLOW_CTX_DAG_ID=fhv_taxi_data_dag
AIRFLOW_CTX_TASK_ID=build_csv_filename
AIRFLOW_CTX_EXECUTION_DATE=2021-07-01T00:00:00+00:00
AIRFLOW_CTX_TRY_NUMBER=1
AIRFLOW_CTX_DAG_RUN_ID=scheduled__2021-07-01T00:00:00+00:00
[2023-01-27T04:56:25.047+0000] {python.py:177} INFO - Done. Returned value was: yellow_tripdata_2021-07.csv.gz
[2023-01-27T04:56:25.066+0000] {taskinstance.py:1323} INFO - Marking task as SUCCESS. dag_id=fhv_taxi_data_dag, task_id=build_csv_filename, execution_date=20210701T000000, start_date=20230127T045624, end_date=20230127T045625
[2023-01-27T04:56:25.095+0000] {local_task_job.py:208} INFO - Task exited with return code 0
[2023-01-27T04:56:25.155+0000] {taskinstance.py:2578} INFO - 0 downstream tasks scheduled from follow-on schedule check
