[2023-01-27T04:57:16.118+0000] {taskinstance.py:1083} INFO - Dependencies all met for <TaskInstance: fhv_taxi_data_dag_v1.download_ytd_dataset_from_web scheduled__2020-03-01T00:00:00+00:00 [queued]>
[2023-01-27T04:57:16.127+0000] {taskinstance.py:1083} INFO - Dependencies all met for <TaskInstance: fhv_taxi_data_dag_v1.download_ytd_dataset_from_web scheduled__2020-03-01T00:00:00+00:00 [queued]>
[2023-01-27T04:57:16.127+0000] {taskinstance.py:1279} INFO - 
--------------------------------------------------------------------------------
[2023-01-27T04:57:16.127+0000] {taskinstance.py:1280} INFO - Starting attempt 1 of 1
[2023-01-27T04:57:16.128+0000] {taskinstance.py:1281} INFO - 
--------------------------------------------------------------------------------
[2023-01-27T04:57:16.140+0000] {taskinstance.py:1300} INFO - Executing <Task(BashOperator): download_ytd_dataset_from_web> on 2020-03-01 00:00:00+00:00
[2023-01-27T04:57:16.146+0000] {standard_task_runner.py:55} INFO - Started process 6640 to run task
[2023-01-27T04:57:16.148+0000] {standard_task_runner.py:82} INFO - Running: ['***', 'tasks', 'run', 'fhv_taxi_data_dag_v1', 'download_ytd_dataset_from_web', 'scheduled__2020-03-01T00:00:00+00:00', '--job-id', '5706', '--raw', '--subdir', 'DAGS_FOLDER/data_ingestion_gcs_dag_v1_fhv.py', '--cfg-path', '/tmp/tmpc1bdgx7v']
[2023-01-27T04:57:16.150+0000] {standard_task_runner.py:83} INFO - Job 5706: Subtask download_ytd_dataset_from_web
[2023-01-27T04:57:16.200+0000] {task_command.py:388} INFO - Running <TaskInstance: fhv_taxi_data_dag_v1.download_ytd_dataset_from_web scheduled__2020-03-01T00:00:00+00:00 [running]> on host 8bc22b99c76b
[2023-01-27T04:57:16.319+0000] {taskinstance.py:1509} INFO - Exporting the following env vars:
AIRFLOW_CTX_DAG_OWNER=***
AIRFLOW_CTX_DAG_ID=fhv_taxi_data_dag_v1
AIRFLOW_CTX_TASK_ID=download_ytd_dataset_from_web
AIRFLOW_CTX_EXECUTION_DATE=2020-03-01T00:00:00+00:00
AIRFLOW_CTX_TRY_NUMBER=1
AIRFLOW_CTX_DAG_RUN_ID=scheduled__2020-03-01T00:00:00+00:00
[2023-01-27T04:57:16.320+0000] {subprocess.py:63} INFO - Tmp dir root location: 
 /tmp
[2023-01-27T04:57:16.320+0000] {subprocess.py:75} INFO - Running command: ['/bin/bash', '-c', 'wget https://github.com/DataTalksClub/nyc-tlc-data/releases/download/fhv/fhv_tripdata_2020-03.csv.gz -O /opt/***/fhv_tripdata_2020-03.csv.gz']
[2023-01-27T04:57:16.333+0000] {subprocess.py:86} INFO - Output:
[2023-01-27T04:57:16.338+0000] {subprocess.py:93} INFO - --2023-01-27 04:57:16--  https://github.com/DataTalksClub/nyc-tlc-data/releases/download/fhv/fhv_tripdata_2020-03.csv.gz
[2023-01-27T04:57:16.444+0000] {subprocess.py:93} INFO - Resolving github.com (github.com)... 140.82.121.4
[2023-01-27T04:57:16.465+0000] {subprocess.py:93} INFO - Connecting to github.com (github.com)|140.82.121.4|:443... connected.
[2023-01-27T04:57:16.951+0000] {subprocess.py:93} INFO - HTTP request sent, awaiting response... 302 Found
[2023-01-27T04:57:16.952+0000] {subprocess.py:93} INFO - Location: https://objects.githubusercontent.com/github-production-release-asset-2e65be/513814948/b85f2eee-4383-4dde-a39e-287a350dd9d7?X-Amz-Algorithm=AWS4-HMAC-SHA256&X-Amz-Credential=AKIAIWNJYAX4CSVEH53A%2F20230127%2Fus-east-1%2Fs3%2Faws4_request&X-Amz-Date=20230127T045549Z&X-Amz-Expires=300&X-Amz-Signature=0ff5dcd68f953ebf1d1f2469c7e7bb9f6f4c9e006add53a879478abaaab05dbd&X-Amz-SignedHeaders=host&actor_id=0&key_id=0&repo_id=513814948&response-content-disposition=attachment%3B%20filename%3Dfhv_tripdata_2020-03.csv.gz&response-content-type=application%2Foctet-stream [following]
[2023-01-27T04:57:16.952+0000] {subprocess.py:93} INFO - --2023-01-27 04:57:16--  https://objects.githubusercontent.com/github-production-release-asset-2e65be/513814948/b85f2eee-4383-4dde-a39e-287a350dd9d7?X-Amz-Algorithm=AWS4-HMAC-SHA256&X-Amz-Credential=AKIAIWNJYAX4CSVEH53A%2F20230127%2Fus-east-1%2Fs3%2Faws4_request&X-Amz-Date=20230127T045549Z&X-Amz-Expires=300&X-Amz-Signature=0ff5dcd68f953ebf1d1f2469c7e7bb9f6f4c9e006add53a879478abaaab05dbd&X-Amz-SignedHeaders=host&actor_id=0&key_id=0&repo_id=513814948&response-content-disposition=attachment%3B%20filename%3Dfhv_tripdata_2020-03.csv.gz&response-content-type=application%2Foctet-stream
[2023-01-27T04:57:17.052+0000] {subprocess.py:93} INFO - Resolving objects.githubusercontent.com (objects.githubusercontent.com)... 185.199.108.133, 185.199.110.133, 185.199.111.133, ...
[2023-01-27T04:57:17.067+0000] {subprocess.py:93} INFO - Connecting to objects.githubusercontent.com (objects.githubusercontent.com)|185.199.108.133|:443... connected.
[2023-01-27T04:57:17.747+0000] {subprocess.py:93} INFO - HTTP request sent, awaiting response... 200 OK
[2023-01-27T04:57:17.747+0000] {subprocess.py:93} INFO - Length: 15112280 (14M) [application/octet-stream]
[2023-01-27T04:57:17.748+0000] {subprocess.py:93} INFO - Saving to: ‘/opt/***/fhv_tripdata_2020-03.csv.gz’
[2023-01-27T04:57:17.748+0000] {subprocess.py:93} INFO - 
[2023-01-27T04:57:17.925+0000] {subprocess.py:93} INFO -      0K .......... .......... .......... .......... ..........  0%  281K 52s
[2023-01-27T04:57:18.046+0000] {subprocess.py:93} INFO -     50K .......... .......... .......... .......... ..........  0%  413K 44s
[2023-01-27T04:57:18.082+0000] {subprocess.py:93} INFO -    100K .......... .......... .......... .......... ..........  1% 1.38M 33s
[2023-01-27T04:57:18.178+0000] {subprocess.py:93} INFO -    150K .......... .......... .......... .......... ..........  1%  520K 31s
[2023-01-27T04:57:18.221+0000] {subprocess.py:93} INFO -    200K .......... .......... .......... .......... ..........  1% 1.12M 28s
[2023-01-27T04:57:18.292+0000] {subprocess.py:93} INFO -    250K .......... .......... .......... .......... ..........  2%  707K 26s
[2023-01-27T04:57:18.355+0000] {subprocess.py:93} INFO -    300K .......... .......... .......... .......... ..........  2%  796K 25s
[2023-01-27T04:57:18.421+0000] {subprocess.py:93} INFO -    350K .......... .......... .......... .......... ..........  2%  753K 24s
[2023-01-27T04:57:18.477+0000] {subprocess.py:93} INFO -    400K .......... .......... .......... .......... ..........  3%  890K 23s
[2023-01-27T04:57:18.538+0000] {subprocess.py:93} INFO -    450K .......... .......... .......... .......... ..........  3%  834K 23s
[2023-01-27T04:57:18.585+0000] {subprocess.py:93} INFO -    500K .......... .......... .......... .......... ..........  3% 1.02M 22s
[2023-01-27T04:57:18.640+0000] {subprocess.py:93} INFO -    550K .......... .......... .......... .......... ..........  4%  923K 21s
[2023-01-27T04:57:18.705+0000] {subprocess.py:93} INFO -    600K .......... .......... .......... .......... ..........  4%  763K 21s
[2023-01-27T04:57:18.737+0000] {subprocess.py:93} INFO -    650K .......... .......... .......... .......... ..........  4% 1.50M 20s
[2023-01-27T04:57:18.789+0000] {subprocess.py:93} INFO -    700K .......... .......... .......... .......... ..........  5%  966K 19s
[2023-01-27T04:57:18.848+0000] {subprocess.py:93} INFO -    750K .......... .......... .......... .......... ..........  5%  854K 19s
[2023-01-27T04:57:18.887+0000] {subprocess.py:93} INFO -    800K .......... .......... .......... .......... ..........  5% 1.25M 19s
[2023-01-27T04:57:18.939+0000] {subprocess.py:93} INFO -    850K .......... .......... .......... .......... ..........  6%  956K 18s
[2023-01-27T04:57:18.980+0000] {subprocess.py:93} INFO -    900K .......... .......... .......... .......... ..........  6% 1.21M 18s
[2023-01-27T04:57:19.020+0000] {subprocess.py:93} INFO -    950K .......... .......... .......... .......... ..........  6% 1.21M 18s
[2023-01-27T04:57:19.057+0000] {subprocess.py:93} INFO -   1000K .......... .......... .......... .......... ..........  7% 1.30M 17s
[2023-01-27T04:57:19.123+0000] {subprocess.py:93} INFO -   1050K .......... .......... .......... .......... ..........  7%  769K 17s
[2023-01-27T04:57:19.160+0000] {subprocess.py:93} INFO -   1100K .......... .......... .......... .......... ..........  7% 1.29M 17s
[2023-01-27T04:57:19.220+0000] {subprocess.py:93} INFO -   1150K .......... .......... .......... .......... ..........  8%  841K 17s
[2023-01-27T04:57:19.269+0000] {subprocess.py:93} INFO -   1200K .......... .......... .......... .......... ..........  8% 1019K 16s
[2023-01-27T04:57:19.297+0000] {subprocess.py:93} INFO -   1250K .......... .......... .......... .......... ..........  8% 1.78M 16s
[2023-01-27T04:57:19.353+0000] {subprocess.py:93} INFO -   1300K .......... .......... .......... .......... ..........  9%  887K 16s
[2023-01-27T04:57:19.446+0000] {subprocess.py:93} INFO -   1350K .......... .......... .......... .......... ..........  9%  536K 16s
[2023-01-27T04:57:19.509+0000] {subprocess.py:93} INFO -   1400K .......... .......... .......... .......... ..........  9%  786K 16s
[2023-01-27T04:57:19.552+0000] {subprocess.py:93} INFO -   1450K .......... .......... .......... .......... .......... 10% 1.15M 16s
[2023-01-27T04:57:19.588+0000] {subprocess.py:93} INFO -   1500K .......... .......... .......... .......... .......... 10% 1.36M 16s
[2023-01-27T04:57:19.654+0000] {subprocess.py:93} INFO -   1550K .......... .......... .......... .......... .......... 10%  761K 16s
[2023-01-27T04:57:19.687+0000] {subprocess.py:93} INFO -   1600K .......... .......... .......... .......... .......... 11% 1.47M 15s
[2023-01-27T04:57:19.742+0000] {subprocess.py:93} INFO -   1650K .......... .......... .......... .......... .......... 11%  905K 15s
[2023-01-27T04:57:19.775+0000] {subprocess.py:93} INFO -   1700K .......... .......... .......... .......... .......... 11% 1.47M 15s
[2023-01-27T04:57:19.811+0000] {subprocess.py:93} INFO -   1750K .......... .......... .......... .......... .......... 12% 1.38M 15s
[2023-01-27T04:57:19.852+0000] {subprocess.py:93} INFO -   1800K .......... .......... .......... .......... .......... 12% 1.19M 15s
[2023-01-27T04:57:19.880+0000] {subprocess.py:93} INFO -   1850K .......... .......... .......... .......... .......... 12% 1.77M 14s
[2023-01-27T04:57:19.925+0000] {subprocess.py:93} INFO -   1900K .......... .......... .......... .......... .......... 13% 1.08M 14s
[2023-01-27T04:57:19.964+0000] {subprocess.py:93} INFO -   1950K .......... .......... .......... .......... .......... 13% 1.24M 14s
[2023-01-27T04:57:20.009+0000] {subprocess.py:93} INFO -   2000K .......... .......... .......... .......... .......... 13% 1.09M 14s
[2023-01-27T04:57:20.038+0000] {subprocess.py:93} INFO -   2050K .......... .......... .......... .......... .......... 14% 1.66M 14s
[2023-01-27T04:57:20.065+0000] {subprocess.py:93} INFO -   2100K .......... .......... .......... .......... .......... 14% 1.86M 14s
[2023-01-27T04:57:20.099+0000] {subprocess.py:93} INFO -   2150K .......... .......... .......... .......... .......... 14% 1.43M 13s
[2023-01-27T04:57:20.126+0000] {subprocess.py:93} INFO -   2200K .......... .......... .......... .......... .......... 15% 1.80M 13s
[2023-01-27T04:57:20.150+0000] {subprocess.py:93} INFO -   2250K .......... .......... .......... .......... .......... 15% 1.99M 13s
[2023-01-27T04:57:20.167+0000] {subprocess.py:93} INFO -   2300K .......... .......... .......... .......... .......... 15% 2.93M 13s
[2023-01-27T04:57:20.212+0000] {subprocess.py:93} INFO -   2350K .......... .......... .......... .......... .......... 16% 1.08M 13s
[2023-01-27T04:57:20.235+0000] {subprocess.py:93} INFO -   2400K .......... .......... .......... .......... .......... 16% 2.20M 12s
[2023-01-27T04:57:20.263+0000] {subprocess.py:93} INFO -   2450K .......... .......... .......... .......... .......... 16% 1.70M 12s
[2023-01-27T04:57:20.288+0000] {subprocess.py:93} INFO -   2500K .......... .......... .......... .......... .......... 17% 1.97M 12s
[2023-01-27T04:57:20.306+0000] {subprocess.py:93} INFO -   2550K .......... .......... .......... .......... .......... 17% 2.76M 12s
[2023-01-27T04:57:20.345+0000] {subprocess.py:93} INFO -   2600K .......... .......... .......... .......... .......... 17% 1.26M 12s
[2023-01-27T04:57:20.377+0000] {subprocess.py:93} INFO -   2650K .......... .......... .......... .......... .......... 18% 1.53M 12s
[2023-01-27T04:57:20.394+0000] {subprocess.py:93} INFO -   2700K .......... .......... .......... .......... .......... 18% 2.76M 12s
[2023-01-27T04:57:20.433+0000] {subprocess.py:93} INFO -   2750K .......... .......... .......... .......... .......... 18% 1.25M 11s
[2023-01-27T04:57:20.453+0000] {subprocess.py:93} INFO -   2800K .......... .......... .......... .......... .......... 19% 2.45M 11s
[2023-01-27T04:57:20.477+0000] {subprocess.py:93} INFO -   2850K .......... .......... .......... .......... .......... 19% 2.05M 11s
[2023-01-27T04:57:20.512+0000] {subprocess.py:93} INFO -   2900K .......... .......... .......... .......... .......... 19% 1.39M 11s
[2023-01-27T04:57:20.532+0000] {subprocess.py:93} INFO -   2950K .......... .......... .......... .......... .......... 20% 2.44M 11s
[2023-01-27T04:57:20.552+0000] {subprocess.py:93} INFO -   3000K .......... .......... .......... .......... .......... 20% 2.46M 11s
[2023-01-27T04:57:20.593+0000] {subprocess.py:93} INFO -   3050K .......... .......... .......... .......... .......... 21% 1.18M 11s
[2023-01-27T04:57:20.614+0000] {subprocess.py:93} INFO -   3100K .......... .......... .......... .......... .......... 21% 2.40M 11s
[2023-01-27T04:57:20.666+0000] {subprocess.py:93} INFO -   3150K .......... .......... .......... .......... .......... 21%  957K 11s
[2023-01-27T04:57:20.694+0000] {subprocess.py:93} INFO -   3200K .......... .......... .......... .......... .......... 22% 1.72M 10s
[2023-01-27T04:57:20.724+0000] {subprocess.py:93} INFO -   3250K .......... .......... .......... .......... .......... 22% 1.63M 10s
[2023-01-27T04:57:20.742+0000] {subprocess.py:93} INFO -   3300K .......... .......... .......... .......... .......... 22% 2.75M 10s
[2023-01-27T04:57:20.764+0000] {subprocess.py:93} INFO -   3350K .......... .......... .......... .......... .......... 23% 2.25M 10s
[2023-01-27T04:57:20.792+0000] {subprocess.py:93} INFO -   3400K .......... .......... .......... .......... .......... 23% 1.72M 10s
[2023-01-27T04:57:20.815+0000] {subprocess.py:93} INFO -   3450K .......... .......... .......... .......... .......... 23% 2.14M 10s
[2023-01-27T04:57:20.837+0000] {subprocess.py:93} INFO -   3500K .......... .......... .......... .......... .......... 24% 2.31M 10s
[2023-01-27T04:57:20.876+0000] {subprocess.py:93} INFO -   3550K .......... .......... .......... .......... .......... 24% 1.24M 10s
[2023-01-27T04:57:20.893+0000] {subprocess.py:93} INFO -   3600K .......... .......... .......... .......... .......... 24% 2.74M 10s
[2023-01-27T04:57:20.924+0000] {subprocess.py:93} INFO -   3650K .......... .......... .......... .......... .......... 25% 1.58M 9s
[2023-01-27T04:57:20.956+0000] {subprocess.py:93} INFO -   3700K .......... .......... .......... .......... .......... 25% 1.55M 9s
[2023-01-27T04:57:20.978+0000] {subprocess.py:93} INFO -   3750K .......... .......... .......... .......... .......... 25% 2.21M 9s
[2023-01-27T04:57:21.008+0000] {subprocess.py:93} INFO -   3800K .......... .......... .......... .......... .......... 26% 1.64M 9s
[2023-01-27T04:57:21.030+0000] {subprocess.py:93} INFO -   3850K .......... .......... .......... .......... .......... 26% 2.20M 9s
[2023-01-27T04:57:21.055+0000] {subprocess.py:93} INFO -   3900K .......... .......... .......... .......... .......... 26% 1.90M 9s
[2023-01-27T04:57:21.100+0000] {subprocess.py:93} INFO -   3950K .......... .......... .......... .......... .......... 27% 1.09M 9s
[2023-01-27T04:57:21.126+0000] {subprocess.py:93} INFO -   4000K .......... .......... .......... .......... .......... 27% 1.87M 9s
[2023-01-27T04:57:21.144+0000] {subprocess.py:93} INFO -   4050K .......... .......... .......... .......... .......... 27% 2.78M 9s
[2023-01-27T04:57:21.170+0000] {subprocess.py:93} INFO -   4100K .......... .......... .......... .......... .......... 28% 1.84M 9s
[2023-01-27T04:57:21.197+0000] {subprocess.py:93} INFO -   4150K .......... .......... .......... .......... .......... 28% 1.83M 9s
[2023-01-27T04:57:21.235+0000] {subprocess.py:93} INFO -   4200K .......... .......... .......... .......... .......... 28% 1.29M 9s
[2023-01-27T04:57:21.270+0000] {subprocess.py:93} INFO -   4250K .......... .......... .......... .......... .......... 29% 1.39M 9s
[2023-01-27T04:57:21.301+0000] {subprocess.py:93} INFO -   4300K .......... .......... .......... .......... .......... 29% 1.56M 9s
[2023-01-27T04:57:21.324+0000] {subprocess.py:93} INFO -   4350K .......... .......... .......... .......... .......... 29% 2.17M 8s
[2023-01-27T04:57:21.357+0000] {subprocess.py:93} INFO -   4400K .......... .......... .......... .......... .......... 30% 1.46M 8s
[2023-01-27T04:57:21.390+0000] {subprocess.py:93} INFO -   4450K .......... .......... .......... .......... .......... 30% 1.48M 8s
[2023-01-27T04:57:21.408+0000] {subprocess.py:93} INFO -   4500K .......... .......... .......... .......... .......... 30% 2.76M 8s
[2023-01-27T04:57:21.432+0000] {subprocess.py:93} INFO -   4550K .......... .......... .......... .......... .......... 31% 1.98M 8s
[2023-01-27T04:57:21.468+0000] {subprocess.py:93} INFO -   4600K .......... .......... .......... .......... .......... 31% 1.38M 8s
[2023-01-27T04:57:21.490+0000] {subprocess.py:93} INFO -   4650K .......... .......... .......... .......... .......... 31% 2.24M 8s
[2023-01-27T04:57:21.515+0000] {subprocess.py:93} INFO -   4700K .......... .......... .......... .......... .......... 32% 1.93M 8s
[2023-01-27T04:57:21.551+0000] {subprocess.py:93} INFO -   4750K .......... .......... .......... .......... .......... 32% 1.37M 8s
[2023-01-27T04:57:21.568+0000] {subprocess.py:93} INFO -   4800K .......... .......... .......... .......... .......... 32% 2.79M 8s
[2023-01-27T04:57:21.594+0000] {subprocess.py:93} INFO -   4850K .......... .......... .......... .......... .......... 33% 1.91M 8s
[2023-01-27T04:57:21.622+0000] {subprocess.py:93} INFO -   4900K .......... .......... .......... .......... .......... 33% 1.76M 8s
[2023-01-27T04:57:21.654+0000] {subprocess.py:93} INFO -   4950K .......... .......... .......... .......... .......... 33% 1.52M 8s
[2023-01-27T04:57:21.675+0000] {subprocess.py:93} INFO -   5000K .......... .......... .......... .......... .......... 34% 2.33M 8s
[2023-01-27T04:57:21.691+0000] {subprocess.py:93} INFO -   5050K .......... .......... .......... .......... .......... 34% 3.01M 7s
[2023-01-27T04:57:21.702+0000] {subprocess.py:93} INFO -   5100K .......... .......... .......... .......... .......... 34% 4.41M 7s
[2023-01-27T04:57:21.748+0000] {subprocess.py:93} INFO -   5150K .......... .......... .......... .......... .......... 35% 1.07M 7s
[2023-01-27T04:57:21.768+0000] {subprocess.py:93} INFO -   5200K .......... .......... .......... .......... .......... 35% 2.67M 7s
[2023-01-27T04:57:21.783+0000] {subprocess.py:93} INFO -   5250K .......... .......... .......... .......... .......... 35% 2.85M 7s
[2023-01-27T04:57:21.801+0000] {subprocess.py:93} INFO -   5300K .......... .......... .......... .......... .......... 36% 2.75M 7s
[2023-01-27T04:57:21.824+0000] {subprocess.py:93} INFO -   5350K .......... .......... .......... .......... .......... 36% 2.15M 7s
[2023-01-27T04:57:21.840+0000] {subprocess.py:93} INFO -   5400K .......... .......... .......... .......... .......... 36% 2.94M 7s
[2023-01-27T04:57:21.856+0000] {subprocess.py:93} INFO -   5450K .......... .......... .......... .......... .......... 37% 3.05M 7s
[2023-01-27T04:57:21.873+0000] {subprocess.py:93} INFO -   5500K .......... .......... .......... .......... .......... 37% 2.85M 7s
[2023-01-27T04:57:21.906+0000] {subprocess.py:93} INFO -   5550K .......... .......... .......... .......... .......... 37% 1.51M 7s
[2023-01-27T04:57:21.999+0000] {subprocess.py:93} INFO -   5600K .......... .......... .......... .......... .......... 38%  534K 7s
[2023-01-27T04:57:22.000+0000] {subprocess.py:93} INFO -   5650K .......... .......... .......... .......... .......... 38%  226M 7s
[2023-01-27T04:57:22.000+0000] {subprocess.py:93} INFO -   5700K .......... .......... .......... .......... .......... 38%  310M 7s
[2023-01-27T04:57:22.025+0000] {subprocess.py:93} INFO -   5750K .......... .......... .......... .......... .......... 39% 1.98M 7s
[2023-01-27T04:57:22.044+0000] {subprocess.py:93} INFO -   5800K .......... .......... .......... .......... .......... 39% 2.55M 7s
[2023-01-27T04:57:22.057+0000] {subprocess.py:93} INFO -   5850K .......... .......... .......... .......... .......... 39% 3.66M 6s
[2023-01-27T04:57:22.099+0000] {subprocess.py:93} INFO -   5900K .......... .......... .......... .......... .......... 40% 1.17M 6s
[2023-01-27T04:57:22.124+0000] {subprocess.py:93} INFO -   5950K .......... .......... .......... .......... .......... 40% 1.93M 6s
[2023-01-27T04:57:22.147+0000] {subprocess.py:93} INFO -   6000K .......... .......... .......... .......... .......... 40% 2.16M 6s
[2023-01-27T04:57:22.164+0000] {subprocess.py:93} INFO -   6050K .......... .......... .......... .......... .......... 41% 2.78M 6s
[2023-01-27T04:57:22.179+0000] {subprocess.py:93} INFO -   6100K .......... .......... .......... .......... .......... 41% 3.25M 6s
[2023-01-27T04:57:22.210+0000] {subprocess.py:93} INFO -   6150K .......... .......... .......... .......... .......... 42% 1.56M 6s
[2023-01-27T04:57:22.225+0000] {subprocess.py:93} INFO -   6200K .......... .......... .......... .......... .......... 42% 3.24M 6s
[2023-01-27T04:57:22.251+0000] {subprocess.py:93} INFO -   6250K .......... .......... .......... .......... .......... 42% 1.88M 6s
[2023-01-27T04:57:22.269+0000] {subprocess.py:93} INFO -   6300K .......... .......... .......... .......... .......... 43% 2.78M 6s
[2023-01-27T04:57:22.297+0000] {subprocess.py:93} INFO -   6350K .......... .......... .......... .......... .......... 43% 1.75M 6s
[2023-01-27T04:57:22.310+0000] {subprocess.py:93} INFO -   6400K .......... .......... .......... .......... .......... 43% 3.70M 6s
[2023-01-27T04:57:22.326+0000] {subprocess.py:93} INFO -   6450K .......... .......... .......... .......... .......... 44% 3.17M 6s
[2023-01-27T04:57:22.346+0000] {subprocess.py:93} INFO -   6500K .......... .......... .......... .......... .......... 44% 2.35M 6s
[2023-01-27T04:57:22.356+0000] {subprocess.py:93} INFO -   6550K .......... .......... .......... .......... .......... 44% 5.24M 6s
[2023-01-27T04:57:22.378+0000] {subprocess.py:93} INFO -   6600K .......... .......... .......... .......... .......... 45% 2.22M 6s
[2023-01-27T04:57:22.391+0000] {subprocess.py:93} INFO -   6650K .......... .......... .......... .......... .......... 45% 3.76M 6s
[2023-01-27T04:57:22.514+0000] {subprocess.py:93} INFO -   6700K .......... .......... .......... .......... .......... 45%  404K 6s
[2023-01-27T04:57:22.704+0000] {subprocess.py:93} INFO -   6750K .......... .......... .......... .......... .......... 46%  263K 6s
[2023-01-27T04:57:22.771+0000] {subprocess.py:93} INFO -   6800K .......... .......... .......... .......... .......... 46%  745K 6s
[2023-01-27T04:57:22.797+0000] {subprocess.py:93} INFO -   6850K .......... .......... .......... .......... .......... 46% 1.89M 6s
[2023-01-27T04:57:22.810+0000] {subprocess.py:93} INFO -   6900K .......... .......... .......... .......... .......... 47% 3.87M 6s
[2023-01-27T04:57:22.823+0000] {subprocess.py:93} INFO -   6950K .......... .......... .......... .......... .......... 47% 3.71M 6s
[2023-01-27T04:57:22.861+0000] {subprocess.py:93} INFO -   7000K .......... .......... .......... .......... .......... 47% 1.28M 6s
[2023-01-27T04:57:22.879+0000] {subprocess.py:93} INFO -   7050K .......... .......... .......... .......... .......... 48% 2.76M 6s
[2023-01-27T04:57:22.919+0000] {subprocess.py:93} INFO -   7100K .......... .......... .......... .......... .......... 48% 1.22M 6s
[2023-01-27T04:57:22.947+0000] {subprocess.py:93} INFO -   7150K .......... .......... .......... .......... .......... 48% 2.06M 5s
[2023-01-27T04:57:22.966+0000] {subprocess.py:93} INFO -   7200K .......... .......... .......... .......... .......... 49% 2.05M 5s
[2023-01-27T04:57:23.004+0000] {subprocess.py:93} INFO -   7250K .......... .......... .......... .......... .......... 49% 1.30M 5s
[2023-01-27T04:57:23.024+0000] {subprocess.py:93} INFO -   7300K .......... .......... .......... .......... .......... 49% 2.46M 5s
[2023-01-27T04:57:23.048+0000] {subprocess.py:93} INFO -   7350K .......... .......... .......... .......... .......... 50% 1.99M 5s
[2023-01-27T04:57:23.067+0000] {subprocess.py:93} INFO -   7400K .......... .......... .......... .......... .......... 50% 2.66M 5s
[2023-01-27T04:57:23.103+0000] {subprocess.py:93} INFO -   7450K .......... .......... .......... .......... .......... 50% 1.33M 5s
[2023-01-27T04:57:23.130+0000] {subprocess.py:93} INFO -   7500K .......... .......... .......... .......... .......... 51% 1.81M 5s
[2023-01-27T04:57:23.173+0000] {subprocess.py:93} INFO -   7550K .......... .......... .......... .......... .......... 51% 1.79M 5s
[2023-01-27T04:57:23.211+0000] {subprocess.py:93} INFO -   7600K .......... .......... .......... .......... .......... 51%  936K 5s
[2023-01-27T04:57:23.217+0000] {subprocess.py:93} INFO -   7650K .......... .......... .......... .......... .......... 52% 7.88M 5s
[2023-01-27T04:57:23.263+0000] {subprocess.py:93} INFO -   7700K .......... .......... .......... .......... .......... 52% 1.07M 5s
[2023-01-27T04:57:23.288+0000] {subprocess.py:93} INFO -   7750K .......... .......... .......... .......... .......... 52% 1.95M 5s
[2023-01-27T04:57:23.316+0000] {subprocess.py:93} INFO -   7800K .......... .......... .......... .......... .......... 53% 1.71M 5s
[2023-01-27T04:57:23.337+0000] {subprocess.py:93} INFO -   7850K .......... .......... .......... .......... .......... 53% 2.41M 5s
[2023-01-27T04:57:23.350+0000] {subprocess.py:93} INFO -   7900K .......... .......... .......... .......... .......... 53% 3.67M 5s
[2023-01-27T04:57:23.393+0000] {subprocess.py:93} INFO -   7950K .......... .......... .......... .......... .......... 54% 1.45M 5s
[2023-01-27T04:57:23.407+0000] {subprocess.py:93} INFO -   8000K .......... .......... .......... .......... .......... 54% 2.12M 5s
[2023-01-27T04:57:23.433+0000] {subprocess.py:93} INFO -   8050K .......... .......... .......... .......... .......... 54% 1.85M 5s
[2023-01-27T04:57:23.463+0000] {subprocess.py:93} INFO -   8100K .......... .......... .......... .......... .......... 55% 1.65M 5s
[2023-01-27T04:57:23.495+0000] {subprocess.py:93} INFO -   8150K .......... .......... .......... .......... .......... 55% 1.53M 5s
[2023-01-27T04:57:23.588+0000] {subprocess.py:93} INFO -   8200K .......... .......... .......... .......... .......... 55%  534K 5s
[2023-01-27T04:57:23.589+0000] {subprocess.py:93} INFO -   8250K .......... .......... .......... .......... .......... 56%  287M 5s
[2023-01-27T04:57:23.589+0000] {subprocess.py:93} INFO -   8300K .......... .......... .......... .......... .......... 56%  317M 4s
[2023-01-27T04:57:23.635+0000] {subprocess.py:93} INFO -   8350K .......... .......... .......... .......... .......... 56% 1.29M 4s
[2023-01-27T04:57:23.656+0000] {subprocess.py:93} INFO -   8400K .......... .......... .......... .......... .......... 57% 1.63M 4s
[2023-01-27T04:57:23.686+0000] {subprocess.py:93} INFO -   8450K .......... .......... .......... .......... .......... 57% 1.63M 4s
[2023-01-27T04:57:23.711+0000] {subprocess.py:93} INFO -   8500K .......... .......... .......... .......... .......... 57% 1.94M 4s
[2023-01-27T04:57:23.739+0000] {subprocess.py:93} INFO -   8550K .......... .......... .......... .......... .......... 58% 1.79M 4s
[2023-01-27T04:57:23.776+0000] {subprocess.py:93} INFO -   8600K .......... .......... .......... .......... .......... 58% 1.29M 4s
[2023-01-27T04:57:23.789+0000] {subprocess.py:93} INFO -   8650K .......... .......... .......... .......... .......... 58% 3.88M 4s
[2023-01-27T04:57:23.822+0000] {subprocess.py:93} INFO -   8700K .......... .......... .......... .......... .......... 59% 1.48M 4s
[2023-01-27T04:57:23.855+0000] {subprocess.py:93} INFO -   8750K .......... .......... .......... .......... .......... 59% 3.68M 4s
[2023-01-27T04:57:23.873+0000] {subprocess.py:93} INFO -   8800K .......... .......... .......... .......... .......... 59% 1.29M 4s
[2023-01-27T04:57:23.898+0000] {subprocess.py:93} INFO -   8850K .......... .......... .......... .......... .......... 60% 1.96M 4s
[2023-01-27T04:57:23.915+0000] {subprocess.py:93} INFO -   8900K .......... .......... .......... .......... .......... 60% 2.88M 4s
[2023-01-27T04:57:23.940+0000] {subprocess.py:93} INFO -   8950K .......... .......... .......... .......... .......... 60% 1.94M 4s
[2023-01-27T04:57:23.959+0000] {subprocess.py:93} INFO -   9000K .......... .......... .......... .......... .......... 61% 2.63M 4s
[2023-01-27T04:57:23.973+0000] {subprocess.py:93} INFO -   9050K .......... .......... .......... .......... .......... 61% 3.42M 4s
[2023-01-27T04:57:24.002+0000] {subprocess.py:93} INFO -   9100K .......... .......... .......... .......... .......... 61% 1.67M 4s
[2023-01-27T04:57:24.025+0000] {subprocess.py:93} INFO -   9150K .......... .......... .......... .......... .......... 62% 2.95M 4s
[2023-01-27T04:57:24.054+0000] {subprocess.py:93} INFO -   9200K .......... .......... .......... .......... .......... 62% 1.38M 4s
[2023-01-27T04:57:24.070+0000] {subprocess.py:93} INFO -   9250K .......... .......... .......... .......... .......... 63% 3.10M 4s
[2023-01-27T04:57:24.094+0000] {subprocess.py:93} INFO -   9300K .......... .......... .......... .......... .......... 63% 2.03M 4s
[2023-01-27T04:57:24.110+0000] {subprocess.py:93} INFO -   9350K .......... .......... .......... .......... .......... 63% 3.01M 4s
[2023-01-27T04:57:24.135+0000] {subprocess.py:93} INFO -   9400K .......... .......... .......... .......... .......... 64% 1.95M 4s
[2023-01-27T04:57:24.153+0000] {subprocess.py:93} INFO -   9450K .......... .......... .......... .......... .......... 64% 2.71M 4s
[2023-01-27T04:57:24.164+0000] {subprocess.py:93} INFO -   9500K .......... .......... .......... .......... .......... 64% 4.39M 3s
[2023-01-27T04:57:24.196+0000] {subprocess.py:93} INFO -   9550K .......... .......... .......... .......... .......... 65% 1.98M 3s
[2023-01-27T04:57:24.209+0000] {subprocess.py:93} INFO -   9600K .......... .......... .......... .......... .......... 65% 2.51M 3s
[2023-01-27T04:57:24.232+0000] {subprocess.py:93} INFO -   9650K .......... .......... .......... .......... .......... 65% 2.05M 3s
[2023-01-27T04:57:24.248+0000] {subprocess.py:93} INFO -   9700K .......... .......... .......... .......... .......... 66% 3.20M 3s
[2023-01-27T04:57:24.264+0000] {subprocess.py:93} INFO -   9750K .......... .......... .......... .......... .......... 66% 2.91M 3s
[2023-01-27T04:57:24.286+0000] {subprocess.py:93} INFO -   9800K .......... .......... .......... .......... .......... 66% 2.21M 3s
[2023-01-27T04:57:24.301+0000] {subprocess.py:93} INFO -   9850K .......... .......... .......... .......... .......... 67% 3.41M 3s
[2023-01-27T04:57:24.315+0000] {subprocess.py:93} INFO -   9900K .......... .......... .......... .......... .......... 67% 3.33M 3s
[2023-01-27T04:57:24.347+0000] {subprocess.py:93} INFO -   9950K .......... .......... .......... .......... .......... 67% 3.02M 3s
[2023-01-27T04:57:24.361+0000] {subprocess.py:93} INFO -  10000K .......... .......... .......... .......... .......... 68% 1.64M 3s
[2023-01-27T04:57:24.376+0000] {subprocess.py:93} INFO -  10050K .......... .......... .......... .......... .......... 68% 3.40M 3s
[2023-01-27T04:57:24.393+0000] {subprocess.py:93} INFO -  10100K .......... .......... .......... .......... .......... 68% 2.85M 3s
[2023-01-27T04:57:24.403+0000] {subprocess.py:93} INFO -  10150K .......... .......... .......... .......... .......... 69% 5.01M 3s
[2023-01-27T04:57:24.413+0000] {subprocess.py:93} INFO -  10200K .......... .......... .......... .......... .......... 69% 4.56M 3s
[2023-01-27T04:57:24.419+0000] {subprocess.py:93} INFO -  10250K .......... .......... .......... .......... .......... 69% 9.30M 3s
[2023-01-27T04:57:24.428+0000] {subprocess.py:93} INFO -  10300K .......... .......... .......... .......... .......... 70% 5.42M 3s
[2023-01-27T04:57:24.439+0000] {subprocess.py:93} INFO -  10350K .......... .......... .......... .......... .......... 70% 4.50M 3s
[2023-01-27T04:57:24.452+0000] {subprocess.py:93} INFO -  10400K .......... .......... .......... .......... .......... 70% 5.92M 3s
[2023-01-27T04:57:24.456+0000] {subprocess.py:93} INFO -  10450K .......... .......... .......... .......... .......... 71% 7.98M 3s
[2023-01-27T04:57:24.464+0000] {subprocess.py:93} INFO -  10500K .......... .......... .......... .......... .......... 71% 4.53M 3s
[2023-01-27T04:57:24.467+0000] {subprocess.py:93} INFO -  10550K .......... .......... .......... .......... .......... 71% 13.4M 3s
[2023-01-27T04:57:24.478+0000] {subprocess.py:93} INFO -  10600K .......... .......... .......... .......... .......... 72% 4.64M 3s
[2023-01-27T04:57:24.484+0000] {subprocess.py:93} INFO -  10650K .......... .......... .......... .......... .......... 72% 7.74M 3s
[2023-01-27T04:57:24.491+0000] {subprocess.py:93} INFO -  10700K .......... .......... .......... .......... .......... 72% 7.01M 3s
[2023-01-27T04:57:24.500+0000] {subprocess.py:93} INFO -  10750K .......... .......... .......... .......... .......... 73% 5.72M 2s
[2023-01-27T04:57:24.505+0000] {subprocess.py:93} INFO -  10800K .......... .......... .......... .......... .......... 73% 8.47M 2s
[2023-01-27T04:57:24.511+0000] {subprocess.py:93} INFO -  10850K .......... .......... .......... .......... .......... 73% 9.05M 2s
[2023-01-27T04:57:24.518+0000] {subprocess.py:93} INFO -  10900K .......... .......... .......... .......... .......... 74% 6.96M 2s
[2023-01-27T04:57:24.523+0000] {subprocess.py:93} INFO -  10950K .......... .......... .......... .......... .......... 74% 8.74M 2s
[2023-01-27T04:57:24.531+0000] {subprocess.py:93} INFO -  11000K .......... .......... .......... .......... .......... 74% 6.10M 2s
[2023-01-27T04:57:24.536+0000] {subprocess.py:93} INFO -  11050K .......... .......... .......... .......... .......... 75% 11.2M 2s
[2023-01-27T04:57:24.542+0000] {subprocess.py:93} INFO -  11100K .......... .......... .......... .......... .......... 75% 7.44M 2s
[2023-01-27T04:57:24.549+0000] {subprocess.py:93} INFO -  11150K .......... .......... .......... .......... .......... 75% 10.0M 2s
[2023-01-27T04:57:24.555+0000] {subprocess.py:93} INFO -  11200K .......... .......... .......... .......... .......... 76% 6.44M 2s
[2023-01-27T04:57:24.561+0000] {subprocess.py:93} INFO -  11250K .......... .......... .......... .......... .......... 76% 7.86M 2s
[2023-01-27T04:57:24.568+0000] {subprocess.py:93} INFO -  11300K .......... .......... .......... .......... .......... 76% 7.28M 2s
[2023-01-27T04:57:24.572+0000] {subprocess.py:93} INFO -  11350K .......... .......... .......... .......... .......... 77% 11.0M 2s
[2023-01-27T04:57:24.580+0000] {subprocess.py:93} INFO -  11400K .......... .......... .......... .......... .......... 77% 5.80M 2s
[2023-01-27T04:57:24.584+0000] {subprocess.py:93} INFO -  11450K .......... .......... .......... .......... .......... 77% 13.0M 2s
[2023-01-27T04:57:24.590+0000] {subprocess.py:93} INFO -  11500K .......... .......... .......... .......... .......... 78% 7.88M 2s
[2023-01-27T04:57:24.605+0000] {subprocess.py:93} INFO -  11550K .......... .......... .......... .......... .......... 78% 3.30M 2s
[2023-01-27T04:57:24.609+0000] {subprocess.py:93} INFO -  11600K .......... .......... .......... .......... .......... 78% 14.5M 2s
[2023-01-27T04:57:24.622+0000] {subprocess.py:93} INFO -  11650K .......... .......... .......... .......... .......... 79% 3.71M 2s
[2023-01-27T04:57:24.623+0000] {subprocess.py:93} INFO -  11700K .......... .......... .......... .......... .......... 79% 48.5M 2s
[2023-01-27T04:57:24.629+0000] {subprocess.py:93} INFO -  11750K .......... .......... .......... .......... .......... 79% 8.28M 2s
[2023-01-27T04:57:24.636+0000] {subprocess.py:93} INFO -  11800K .......... .......... .......... .......... .......... 80% 6.36M 2s
[2023-01-27T04:57:24.641+0000] {subprocess.py:93} INFO -  11850K .......... .......... .......... .......... .......... 80% 9.65M 2s
[2023-01-27T04:57:24.646+0000] {subprocess.py:93} INFO -  11900K .......... .......... .......... .......... .......... 80% 9.79M 2s
[2023-01-27T04:57:24.655+0000] {subprocess.py:93} INFO -  11950K .......... .......... .......... .......... .......... 81% 6.96M 2s
[2023-01-27T04:57:24.659+0000] {subprocess.py:93} INFO -  12000K .......... .......... .......... .......... .......... 81% 9.03M 2s
[2023-01-27T04:57:24.665+0000] {subprocess.py:93} INFO -  12050K .......... .......... .......... .......... .......... 81% 7.70M 2s
[2023-01-27T04:57:24.686+0000] {subprocess.py:93} INFO -  12100K .......... .......... .......... .......... .......... 82% 2.40M 1s
[2023-01-27T04:57:24.686+0000] {subprocess.py:93} INFO -  12150K .......... .......... .......... .......... .......... 82%  281M 1s
[2023-01-27T04:57:24.701+0000] {subprocess.py:93} INFO -  12200K .......... .......... .......... .......... .......... 83% 3.20M 1s
[2023-01-27T04:57:24.702+0000] {subprocess.py:93} INFO -  12250K .......... .......... .......... .......... .......... 83%  318M 1s
[2023-01-27T04:57:24.706+0000] {subprocess.py:93} INFO -  12300K .......... .......... .......... .......... .......... 83% 9.57M 1s
[2023-01-27T04:57:24.717+0000] {subprocess.py:93} INFO -  12350K .......... .......... .......... .......... .......... 84% 5.15M 1s
[2023-01-27T04:57:24.722+0000] {subprocess.py:93} INFO -  12400K .......... .......... .......... .......... .......... 84% 7.54M 1s
[2023-01-27T04:57:24.729+0000] {subprocess.py:93} INFO -  12450K .......... .......... .......... .......... .......... 84% 7.33M 1s
[2023-01-27T04:57:24.734+0000] {subprocess.py:93} INFO -  12500K .......... .......... .......... .......... .......... 85% 10.2M 1s
[2023-01-27T04:57:24.742+0000] {subprocess.py:93} INFO -  12550K .......... .......... .......... .......... .......... 85% 6.27M 1s
[2023-01-27T04:57:24.747+0000] {subprocess.py:93} INFO -  12600K .......... .......... .......... .......... .......... 85% 8.63M 1s
[2023-01-27T04:57:24.753+0000] {subprocess.py:93} INFO -  12650K .......... .......... .......... .......... .......... 86% 8.23M 1s
[2023-01-27T04:57:24.759+0000] {subprocess.py:93} INFO -  12700K .......... .......... .......... .......... .......... 86% 8.26M 1s
[2023-01-27T04:57:24.766+0000] {subprocess.py:93} INFO -  12750K .......... .......... .......... .......... .......... 86% 8.36M 1s
[2023-01-27T04:57:24.770+0000] {subprocess.py:93} INFO -  12800K .......... .......... .......... .......... .......... 87% 8.69M 1s
[2023-01-27T04:57:24.781+0000] {subprocess.py:93} INFO -  12850K .......... .......... .......... .......... .......... 87% 4.82M 1s
[2023-01-27T04:57:24.785+0000] {subprocess.py:93} INFO -  12900K .......... .......... .......... .......... .......... 87% 10.9M 1s
[2023-01-27T04:57:24.797+0000] {subprocess.py:93} INFO -  12950K .......... .......... .......... .......... .......... 88% 7.22M 1s
[2023-01-27T04:57:24.798+0000] {subprocess.py:93} INFO -  13000K .......... .......... .......... .......... .......... 88% 7.36M 1s
[2023-01-27T04:57:24.803+0000] {subprocess.py:93} INFO -  13050K .......... .......... .......... .......... .......... 88% 14.0M 1s
[2023-01-27T04:57:24.810+0000] {subprocess.py:93} INFO -  13100K .......... .......... .......... .......... .......... 89% 6.17M 1s
[2023-01-27T04:57:24.816+0000] {subprocess.py:93} INFO -  13150K .......... .......... .......... .......... .......... 89% 10.7M 1s
[2023-01-27T04:57:24.821+0000] {subprocess.py:93} INFO -  13200K .......... .......... .......... .......... .......... 89% 7.47M 1s
[2023-01-27T04:57:24.828+0000] {subprocess.py:93} INFO -  13250K .......... .......... .......... .......... .......... 90% 6.51M 1s
[2023-01-27T04:57:24.833+0000] {subprocess.py:93} INFO -  13300K .......... .......... .......... .......... .......... 90% 10.4M 1s
[2023-01-27T04:57:24.840+0000] {subprocess.py:93} INFO -  13350K .......... .......... .......... .......... .......... 90% 7.02M 1s
[2023-01-27T04:57:24.845+0000] {subprocess.py:93} INFO -  13400K .......... .......... .......... .......... .......... 91% 9.80M 1s
[2023-01-27T04:57:24.851+0000] {subprocess.py:93} INFO -  13450K .......... .......... .......... .......... .......... 91% 8.56M 1s
[2023-01-27T04:57:24.856+0000] {subprocess.py:93} INFO -  13500K .......... .......... .......... .......... .......... 91% 9.24M 1s
[2023-01-27T04:57:24.863+0000] {subprocess.py:93} INFO -  13550K .......... .......... .......... .......... .......... 92% 7.38M 1s
[2023-01-27T04:57:24.867+0000] {subprocess.py:93} INFO -  13600K .......... .......... .......... .......... .......... 92% 10.1M 1s
[2023-01-27T04:57:24.872+0000] {subprocess.py:93} INFO -  13650K .......... .......... .......... .......... .......... 92% 12.0M 1s
[2023-01-27T04:57:24.882+0000] {subprocess.py:93} INFO -  13700K .......... .......... .......... .......... .......... 93% 4.89M 1s
[2023-01-27T04:57:24.884+0000] {subprocess.py:93} INFO -  13750K .......... .......... .......... .......... .......... 93% 23.0M 0s
[2023-01-27T04:57:24.890+0000] {subprocess.py:93} INFO -  13800K .......... .......... .......... .......... .......... 93% 7.13M 0s
[2023-01-27T04:57:24.896+0000] {subprocess.py:93} INFO -  13850K .......... .......... .......... .......... .......... 94% 8.15M 0s
[2023-01-27T04:57:24.901+0000] {subprocess.py:93} INFO -  13900K .......... .......... .......... .......... .......... 94% 11.1M 0s
[2023-01-27T04:57:24.909+0000] {subprocess.py:93} INFO -  13950K .......... .......... .......... .......... .......... 94% 7.03M 0s
[2023-01-27T04:57:24.914+0000] {subprocess.py:93} INFO -  14000K .......... .......... .......... .......... .......... 95% 8.09M 0s
[2023-01-27T04:57:24.920+0000] {subprocess.py:93} INFO -  14050K .......... .......... .......... .......... .......... 95% 7.73M 0s
[2023-01-27T04:57:24.928+0000] {subprocess.py:93} INFO -  14100K .......... .......... .......... .......... .......... 95% 5.96M 0s
[2023-01-27T04:57:24.933+0000] {subprocess.py:93} INFO -  14150K .......... .......... .......... .......... .......... 96% 9.92M 0s
[2023-01-27T04:57:24.939+0000] {subprocess.py:93} INFO -  14200K .......... .......... .......... .......... .......... 96% 7.86M 0s
[2023-01-27T04:57:24.943+0000] {subprocess.py:93} INFO -  14250K .......... .......... .......... .......... .......... 96% 13.0M 0s
[2023-01-27T04:57:24.948+0000] {subprocess.py:93} INFO -  14300K .......... .......... .......... .......... .......... 97% 9.50M 0s
[2023-01-27T04:57:24.957+0000] {subprocess.py:93} INFO -  14350K .......... .......... .......... .......... .......... 97% 6.63M 0s
[2023-01-27T04:57:24.962+0000] {subprocess.py:93} INFO -  14400K .......... .......... .......... .......... .......... 97% 7.53M 0s
[2023-01-27T04:57:24.969+0000] {subprocess.py:93} INFO -  14450K .......... .......... .......... .......... .......... 98% 7.61M 0s
[2023-01-27T04:57:24.980+0000] {subprocess.py:93} INFO -  14500K .......... .......... .......... .......... .......... 98% 4.24M 0s
[2023-01-27T04:57:24.985+0000] {subprocess.py:93} INFO -  14550K .......... .......... .......... .......... .......... 98% 10.6M 0s
[2023-01-27T04:57:24.989+0000] {subprocess.py:93} INFO -  14600K .......... .......... .......... .......... .......... 99% 12.2M 0s
[2023-01-27T04:57:24.997+0000] {subprocess.py:93} INFO -  14650K .......... .......... .......... .......... .......... 99% 5.66M 0s
[2023-01-27T04:57:25.003+0000] {subprocess.py:93} INFO -  14700K .......... .......... .......... .......... .......... 99% 12.1M 0s
[2023-01-27T04:57:25.003+0000] {subprocess.py:93} INFO -  14750K ........                                              100%  195M=7.3s
[2023-01-27T04:57:25.004+0000] {subprocess.py:93} INFO - 
[2023-01-27T04:57:25.004+0000] {subprocess.py:93} INFO - 2023-01-27 04:57:25 (1.99 MB/s) - ‘/opt/***/fhv_tripdata_2020-03.csv.gz’ saved [15112280/15112280]
[2023-01-27T04:57:25.004+0000] {subprocess.py:93} INFO - 
[2023-01-27T04:57:25.004+0000] {subprocess.py:97} INFO - Command exited with return code 0
[2023-01-27T04:57:25.073+0000] {taskinstance.py:1323} INFO - Marking task as SUCCESS. dag_id=fhv_taxi_data_dag_v1, task_id=download_ytd_dataset_from_web, execution_date=20200301T000000, start_date=20230127T045716, end_date=20230127T045725
[2023-01-27T04:57:25.144+0000] {local_task_job.py:208} INFO - Task exited with return code 0
[2023-01-27T04:57:25.218+0000] {taskinstance.py:2578} INFO - 1 downstream tasks scheduled from follow-on schedule check
