[2023-01-27T04:57:42.732+0000] {taskinstance.py:1083} INFO - Dependencies all met for <TaskInstance: fhv_taxi_data_dag_v1.download_ytd_dataset_from_web scheduled__2020-05-01T00:00:00+00:00 [queued]>
[2023-01-27T04:57:42.740+0000] {taskinstance.py:1083} INFO - Dependencies all met for <TaskInstance: fhv_taxi_data_dag_v1.download_ytd_dataset_from_web scheduled__2020-05-01T00:00:00+00:00 [queued]>
[2023-01-27T04:57:42.741+0000] {taskinstance.py:1279} INFO - 
--------------------------------------------------------------------------------
[2023-01-27T04:57:42.741+0000] {taskinstance.py:1280} INFO - Starting attempt 1 of 1
[2023-01-27T04:57:42.741+0000] {taskinstance.py:1281} INFO - 
--------------------------------------------------------------------------------
[2023-01-27T04:57:42.752+0000] {taskinstance.py:1300} INFO - Executing <Task(BashOperator): download_ytd_dataset_from_web> on 2020-05-01 00:00:00+00:00
[2023-01-27T04:57:42.758+0000] {standard_task_runner.py:55} INFO - Started process 7046 to run task
[2023-01-27T04:57:42.760+0000] {standard_task_runner.py:82} INFO - Running: ['***', 'tasks', 'run', 'fhv_taxi_data_dag_v1', 'download_ytd_dataset_from_web', 'scheduled__2020-05-01T00:00:00+00:00', '--job-id', '5736', '--raw', '--subdir', 'DAGS_FOLDER/data_ingestion_gcs_dag_v1_fhv.py', '--cfg-path', '/tmp/tmp7xdakypa']
[2023-01-27T04:57:42.761+0000] {standard_task_runner.py:83} INFO - Job 5736: Subtask download_ytd_dataset_from_web
[2023-01-27T04:57:42.809+0000] {task_command.py:388} INFO - Running <TaskInstance: fhv_taxi_data_dag_v1.download_ytd_dataset_from_web scheduled__2020-05-01T00:00:00+00:00 [running]> on host 8bc22b99c76b
[2023-01-27T04:57:42.884+0000] {taskinstance.py:1509} INFO - Exporting the following env vars:
AIRFLOW_CTX_DAG_OWNER=***
AIRFLOW_CTX_DAG_ID=fhv_taxi_data_dag_v1
AIRFLOW_CTX_TASK_ID=download_ytd_dataset_from_web
AIRFLOW_CTX_EXECUTION_DATE=2020-05-01T00:00:00+00:00
AIRFLOW_CTX_TRY_NUMBER=1
AIRFLOW_CTX_DAG_RUN_ID=scheduled__2020-05-01T00:00:00+00:00
[2023-01-27T04:57:42.885+0000] {subprocess.py:63} INFO - Tmp dir root location: 
 /tmp
[2023-01-27T04:57:42.886+0000] {subprocess.py:75} INFO - Running command: ['/bin/bash', '-c', 'wget https://github.com/DataTalksClub/nyc-tlc-data/releases/download/fhv/fhv_tripdata_2020-05.csv.gz -O /opt/***/fhv_tripdata_2020-05.csv.gz']
[2023-01-27T04:57:42.898+0000] {subprocess.py:86} INFO - Output:
[2023-01-27T04:57:42.905+0000] {subprocess.py:93} INFO - --2023-01-27 04:57:42--  https://github.com/DataTalksClub/nyc-tlc-data/releases/download/fhv/fhv_tripdata_2020-05.csv.gz
[2023-01-27T04:57:42.924+0000] {subprocess.py:93} INFO - Resolving github.com (github.com)... 140.82.121.3
[2023-01-27T04:57:42.937+0000] {subprocess.py:93} INFO - Connecting to github.com (github.com)|140.82.121.3|:443... connected.
[2023-01-27T04:57:43.224+0000] {subprocess.py:93} INFO - HTTP request sent, awaiting response... 302 Found
[2023-01-27T04:57:43.224+0000] {subprocess.py:93} INFO - Location: https://objects.githubusercontent.com/github-production-release-asset-2e65be/513814948/94f3fcc4-f376-43be-af70-ce147d5743f8?X-Amz-Algorithm=AWS4-HMAC-SHA256&X-Amz-Credential=AKIAIWNJYAX4CSVEH53A%2F20230127%2Fus-east-1%2Fs3%2Faws4_request&X-Amz-Date=20230127T045615Z&X-Amz-Expires=300&X-Amz-Signature=6e9b30352a80aa9cafe0f74e9bd852a2adda0bab654e853f22d867b62caae428&X-Amz-SignedHeaders=host&actor_id=0&key_id=0&repo_id=513814948&response-content-disposition=attachment%3B%20filename%3Dfhv_tripdata_2020-05.csv.gz&response-content-type=application%2Foctet-stream [following]
[2023-01-27T04:57:43.224+0000] {subprocess.py:93} INFO - --2023-01-27 04:57:43--  https://objects.githubusercontent.com/github-production-release-asset-2e65be/513814948/94f3fcc4-f376-43be-af70-ce147d5743f8?X-Amz-Algorithm=AWS4-HMAC-SHA256&X-Amz-Credential=AKIAIWNJYAX4CSVEH53A%2F20230127%2Fus-east-1%2Fs3%2Faws4_request&X-Amz-Date=20230127T045615Z&X-Amz-Expires=300&X-Amz-Signature=6e9b30352a80aa9cafe0f74e9bd852a2adda0bab654e853f22d867b62caae428&X-Amz-SignedHeaders=host&actor_id=0&key_id=0&repo_id=513814948&response-content-disposition=attachment%3B%20filename%3Dfhv_tripdata_2020-05.csv.gz&response-content-type=application%2Foctet-stream
[2023-01-27T04:57:43.230+0000] {subprocess.py:93} INFO - Resolving objects.githubusercontent.com (objects.githubusercontent.com)... 185.199.111.133, 185.199.109.133, 185.199.108.133, ...
[2023-01-27T04:57:43.245+0000] {subprocess.py:93} INFO - Connecting to objects.githubusercontent.com (objects.githubusercontent.com)|185.199.111.133|:443... connected.
[2023-01-27T04:57:43.901+0000] {subprocess.py:93} INFO - HTTP request sent, awaiting response... 200 OK
[2023-01-27T04:57:43.901+0000] {subprocess.py:93} INFO - Length: 8324200 (7.9M) [application/octet-stream]
[2023-01-27T04:57:43.901+0000] {subprocess.py:93} INFO - Saving to: ‘/opt/***/fhv_tripdata_2020-05.csv.gz’
[2023-01-27T04:57:43.908+0000] {subprocess.py:93} INFO - 
[2023-01-27T04:57:44.072+0000] {subprocess.py:93} INFO -      0K .......... .......... .......... .......... ..........  0%  291K 28s
[2023-01-27T04:57:44.158+0000] {subprocess.py:93} INFO -     50K .......... .......... .......... .......... ..........  1%  585K 21s
[2023-01-27T04:57:44.242+0000] {subprocess.py:93} INFO -    100K .......... .......... .......... .......... ..........  1%  593K 18s
[2023-01-27T04:57:44.245+0000] {subprocess.py:93} INFO -    150K .......... .......... .......... .......... ..........  2% 17.9M 14s
[2023-01-27T04:57:44.326+0000] {subprocess.py:93} INFO -    200K .......... .......... .......... .......... ..........  3%  614K 13s
[2023-01-27T04:57:44.329+0000] {subprocess.py:93} INFO -    250K .......... .......... .......... .......... ..........  3% 17.2M 11s
[2023-01-27T04:57:44.410+0000] {subprocess.py:93} INFO -    300K .......... .......... .......... .......... ..........  4%  620K 11s
[2023-01-27T04:57:44.414+0000] {subprocess.py:93} INFO -    350K .......... .......... .......... .......... ..........  4% 12.8M 10s
[2023-01-27T04:57:44.494+0000] {subprocess.py:93} INFO -    400K .......... .......... .......... .......... ..........  5%  620K 10s
[2023-01-27T04:57:44.501+0000] {subprocess.py:93} INFO -    450K .......... .......... .......... .......... ..........  6% 7.33M 9s
[2023-01-27T04:57:44.501+0000] {subprocess.py:93} INFO -    500K .......... .......... .......... .......... ..........  6%  460M 8s
[2023-01-27T04:57:44.579+0000] {subprocess.py:93} INFO -    550K .......... .......... .......... .......... ..........  7%  641K 9s
[2023-01-27T04:57:44.582+0000] {subprocess.py:93} INFO -    600K .......... .......... .......... .......... ..........  7% 16.7M 8s
[2023-01-27T04:57:44.585+0000] {subprocess.py:93} INFO -    650K .......... .......... .......... .......... ..........  8% 20.1M 7s
[2023-01-27T04:57:44.585+0000] {subprocess.py:93} INFO -    700K .......... .......... .......... .......... ..........  9%  119M 7s
[2023-01-27T04:57:44.668+0000] {subprocess.py:93} INFO -    750K .......... .......... .......... .......... ..........  9%  599K 7s
[2023-01-27T04:57:44.669+0000] {subprocess.py:93} INFO -    800K .......... .......... .......... .......... .......... 10%  325M 7s
[2023-01-27T04:57:44.671+0000] {subprocess.py:93} INFO -    850K .......... .......... .......... .......... .......... 11% 23.3M 6s
[2023-01-27T04:57:44.673+0000] {subprocess.py:93} INFO -    900K .......... .......... .......... .......... .......... 11% 25.6M 6s
[2023-01-27T04:57:44.673+0000] {subprocess.py:93} INFO -    950K .......... .......... .......... .......... .......... 12%  392M 6s
[2023-01-27T04:57:44.673+0000] {subprocess.py:93} INFO -   1000K .......... .......... .......... .......... .......... 12% 96.0M 5s
[2023-01-27T04:57:44.747+0000] {subprocess.py:93} INFO -   1050K .......... .......... .......... .......... .......... 13%  674K 5s
[2023-01-27T04:57:44.750+0000] {subprocess.py:93} INFO -   1100K .......... .......... .......... .......... .......... 14% 21.6M 5s
[2023-01-27T04:57:44.757+0000] {subprocess.py:93} INFO -   1150K .......... .......... .......... .......... .......... 14% 6.64M 5s
[2023-01-27T04:57:44.757+0000] {subprocess.py:93} INFO -   1200K .......... .......... .......... .......... .......... 15%  371M 5s
[2023-01-27T04:57:44.757+0000] {subprocess.py:93} INFO -   1250K .......... .......... .......... .......... .......... 15%  505M 4s
[2023-01-27T04:57:44.762+0000] {subprocess.py:93} INFO -   1300K .......... .......... .......... .......... .......... 16% 9.88M 4s
[2023-01-27T04:57:44.762+0000] {subprocess.py:93} INFO -   1350K .......... .......... .......... .......... .......... 17%  368M 4s
[2023-01-27T04:57:44.832+0000] {subprocess.py:93} INFO -   1400K .......... .......... .......... .......... .......... 17%  721K 4s
[2023-01-27T04:57:44.833+0000] {subprocess.py:93} INFO -   1450K .......... .......... .......... .......... .......... 18% 28.7M 4s
[2023-01-27T04:57:44.836+0000] {subprocess.py:93} INFO -   1500K .......... .......... .......... .......... .......... 19% 16.4M 4s
[2023-01-27T04:57:44.838+0000] {subprocess.py:93} INFO -   1550K .......... .......... .......... .......... .......... 19% 23.5M 4s
[2023-01-27T04:57:44.843+0000] {subprocess.py:93} INFO -   1600K .......... .......... .......... .......... .......... 20% 10.6M 4s
[2023-01-27T04:57:44.843+0000] {subprocess.py:93} INFO -   1650K .......... .......... .......... .......... .......... 20%  493M 4s
[2023-01-27T04:57:44.843+0000] {subprocess.py:93} INFO -   1700K .......... .......... .......... .......... .......... 21%  169M 3s
[2023-01-27T04:57:44.848+0000] {subprocess.py:93} INFO -   1750K .......... .......... .......... .......... .......... 22% 9.94M 3s
[2023-01-27T04:57:44.848+0000] {subprocess.py:93} INFO -   1800K .......... .......... .......... .......... .......... 22%  438M 3s
[2023-01-27T04:57:44.848+0000] {subprocess.py:93} INFO -   1850K .......... .......... .......... .......... .......... 23%  501M 3s
[2023-01-27T04:57:44.849+0000] {subprocess.py:93} INFO -   1900K .......... .......... .......... .......... .......... 23%  492M 3s
[2023-01-27T04:57:44.924+0000] {subprocess.py:93} INFO -   1950K .......... .......... .......... .......... .......... 24%  666K 3s
[2023-01-27T04:57:44.928+0000] {subprocess.py:93} INFO -   2000K .......... .......... .......... .......... .......... 25% 10.2M 3s
[2023-01-27T04:57:44.929+0000] {subprocess.py:93} INFO -   2050K .......... .......... .......... .......... .......... 25%  504M 3s
[2023-01-27T04:57:44.929+0000] {subprocess.py:93} INFO -   2100K .......... .......... .......... .......... .......... 26%  525M 3s
[2023-01-27T04:57:44.933+0000] {subprocess.py:93} INFO -   2150K .......... .......... .......... .......... .......... 27% 10.8M 3s
[2023-01-27T04:57:44.940+0000] {subprocess.py:93} INFO -   2200K .......... .......... .......... .......... .......... 27% 7.61M 3s
[2023-01-27T04:57:44.940+0000] {subprocess.py:93} INFO -   2250K .......... .......... .......... .......... .......... 28%  474M 3s
[2023-01-27T04:57:44.940+0000] {subprocess.py:93} INFO -   2300K .......... .......... .......... .......... .......... 28%  508M 3s
[2023-01-27T04:57:44.947+0000] {subprocess.py:93} INFO -   2350K .......... .......... .......... .......... .......... 29% 6.39M 2s
[2023-01-27T04:57:44.950+0000] {subprocess.py:93} INFO -   2400K .......... .......... .......... .......... .......... 30% 16.3M 2s
[2023-01-27T04:57:44.950+0000] {subprocess.py:93} INFO -   2450K .......... .......... .......... .......... .......... 30%  500M 2s
[2023-01-27T04:57:44.951+0000] {subprocess.py:93} INFO -   2500K .......... .......... .......... .......... .......... 31%  519M 2s
[2023-01-27T04:57:44.955+0000] {subprocess.py:93} INFO -   2550K .......... .......... .......... .......... .......... 31% 11.5M 2s
[2023-01-27T04:57:44.957+0000] {subprocess.py:93} INFO -   2600K .......... .......... .......... .......... .......... 32% 23.5M 2s
[2023-01-27T04:57:45.002+0000] {subprocess.py:93} INFO -   2650K .......... .......... .......... .......... .......... 33% 1.09M 2s
[2023-01-27T04:57:45.005+0000] {subprocess.py:93} INFO -   2700K .......... .......... .......... .......... .......... 33% 13.9M 2s
[2023-01-27T04:57:45.008+0000] {subprocess.py:93} INFO -   2750K .......... .......... .......... .......... .......... 34% 17.1M 2s
[2023-01-27T04:57:45.008+0000] {subprocess.py:93} INFO -   2800K .......... .......... .......... .......... .......... 35%  425M 2s
[2023-01-27T04:57:45.011+0000] {subprocess.py:93} INFO -   2850K .......... .......... .......... .......... .......... 35% 16.4M 2s
[2023-01-27T04:57:45.015+0000] {subprocess.py:93} INFO -   2900K .......... .......... .......... .......... .......... 36% 14.4M 2s
[2023-01-27T04:57:45.015+0000] {subprocess.py:93} INFO -   2950K .......... .......... .......... .......... .......... 36%  425M 2s
[2023-01-27T04:57:45.015+0000] {subprocess.py:93} INFO -   3000K .......... .......... .......... .......... .......... 37%  491M 2s
[2023-01-27T04:57:45.019+0000] {subprocess.py:93} INFO -   3050K .......... .......... .......... .......... .......... 38% 12.4M 2s
[2023-01-27T04:57:45.019+0000] {subprocess.py:93} INFO -   3100K .......... .......... .......... .......... .......... 38%  339M 2s
[2023-01-27T04:57:45.023+0000] {subprocess.py:93} INFO -   3150K .......... .......... .......... .......... .......... 39% 11.7M 2s
[2023-01-27T04:57:45.023+0000] {subprocess.py:93} INFO -   3200K .......... .......... .......... .......... .......... 39%  493M 2s
[2023-01-27T04:57:45.027+0000] {subprocess.py:93} INFO -   3250K .......... .......... .......... .......... .......... 40% 11.6M 2s
[2023-01-27T04:57:45.027+0000] {subprocess.py:93} INFO -   3300K .......... .......... .......... .......... .......... 41%  467M 2s
[2023-01-27T04:57:45.028+0000] {subprocess.py:93} INFO -   3350K .......... .......... .......... .......... .......... 41%  465M 2s
[2023-01-27T04:57:45.032+0000] {subprocess.py:93} INFO -   3400K .......... .......... .......... .......... .......... 42% 11.6M 2s
[2023-01-27T04:57:45.032+0000] {subprocess.py:93} INFO -   3450K .......... .......... .......... .......... .......... 43%  522M 1s
[2023-01-27T04:57:45.034+0000] {subprocess.py:93} INFO -   3500K .......... .......... .......... .......... .......... 43% 20.6M 1s
[2023-01-27T04:57:45.034+0000] {subprocess.py:93} INFO -   3550K .......... .......... .......... .......... .......... 44%  222M 1s
[2023-01-27T04:57:45.087+0000] {subprocess.py:93} INFO -   3600K .......... .......... .......... .......... .......... 44%  943K 1s
[2023-01-27T04:57:45.091+0000] {subprocess.py:93} INFO -   3650K .......... .......... .......... .......... .......... 45% 15.0M 1s
[2023-01-27T04:57:45.091+0000] {subprocess.py:93} INFO -   3700K .......... .......... .......... .......... .......... 46%  489M 1s
[2023-01-27T04:57:45.094+0000] {subprocess.py:93} INFO -   3750K .......... .......... .......... .......... .......... 46% 15.4M 1s
[2023-01-27T04:57:45.098+0000] {subprocess.py:93} INFO -   3800K .......... .......... .......... .......... .......... 47% 13.4M 1s
[2023-01-27T04:57:45.098+0000] {subprocess.py:93} INFO -   3850K .......... .......... .......... .......... .......... 47%  350M 1s
[2023-01-27T04:57:45.098+0000] {subprocess.py:93} INFO -   3900K .......... .......... .......... .......... .......... 48%  430M 1s
[2023-01-27T04:57:45.102+0000] {subprocess.py:93} INFO -   3950K .......... .......... .......... .......... .......... 49% 11.8M 1s
[2023-01-27T04:57:45.102+0000] {subprocess.py:93} INFO -   4000K .......... .......... .......... .......... .......... 49%  330M 1s
[2023-01-27T04:57:45.175+0000] {subprocess.py:93} INFO -   4050K .......... .......... .......... .......... .......... 50%  685K 1s
[2023-01-27T04:57:45.179+0000] {subprocess.py:93} INFO -   4100K .......... .......... .......... .......... .......... 51% 13.5M 1s
[2023-01-27T04:57:45.181+0000] {subprocess.py:93} INFO -   4150K .......... .......... .......... .......... .......... 51% 20.5M 1s
[2023-01-27T04:57:45.184+0000] {subprocess.py:93} INFO -   4200K .......... .......... .......... .......... .......... 52% 18.7M 1s
[2023-01-27T04:57:45.184+0000] {subprocess.py:93} INFO -   4250K .......... .......... .......... .......... .......... 52%  445M 1s
[2023-01-27T04:57:45.187+0000] {subprocess.py:93} INFO -   4300K .......... .......... .......... .......... .......... 53% 16.2M 1s
[2023-01-27T04:57:45.190+0000] {subprocess.py:93} INFO -   4350K .......... .......... .......... .......... .......... 54%  511M 1s
[2023-01-27T04:57:45.190+0000] {subprocess.py:93} INFO -   4400K .......... .......... .......... .......... .......... 54% 14.8M 1s
[2023-01-27T04:57:45.190+0000] {subprocess.py:93} INFO -   4450K .......... .......... .......... .......... .......... 55%  541M 1s
[2023-01-27T04:57:45.194+0000] {subprocess.py:93} INFO -   4500K .......... .......... .......... .......... .......... 55% 12.8M 1s
[2023-01-27T04:57:45.194+0000] {subprocess.py:93} INFO -   4550K .......... .......... .......... .......... .......... 56%  211M 1s
[2023-01-27T04:57:45.198+0000] {subprocess.py:93} INFO -   4600K .......... .......... .......... .......... .......... 57% 12.0M 1s
[2023-01-27T04:57:45.199+0000] {subprocess.py:93} INFO -   4650K .......... .......... .......... .......... .......... 57%  551M 1s
[2023-01-27T04:57:45.199+0000] {subprocess.py:93} INFO -   4700K .......... .......... .......... .......... .......... 58%  578M 1s
[2023-01-27T04:57:45.203+0000] {subprocess.py:93} INFO -   4750K .......... .......... .......... .......... .......... 59% 11.5M 1s
[2023-01-27T04:57:45.203+0000] {subprocess.py:93} INFO -   4800K .......... .......... .......... .......... .......... 59%  447M 1s
[2023-01-27T04:57:45.207+0000] {subprocess.py:93} INFO -   4850K .......... .......... .......... .......... .......... 60% 11.4M 1s
[2023-01-27T04:57:45.207+0000] {subprocess.py:93} INFO -   4900K .......... .......... .......... .......... .......... 60%  498M 1s
[2023-01-27T04:57:45.208+0000] {subprocess.py:93} INFO -   4950K .......... .......... .......... .......... .......... 61%  566M 1s
[2023-01-27T04:57:45.212+0000] {subprocess.py:93} INFO -   5000K .......... .......... .......... .......... .......... 62% 11.7M 1s
[2023-01-27T04:57:45.212+0000] {subprocess.py:93} INFO -   5050K .......... .......... .......... .......... .......... 62%  520M 1s
[2023-01-27T04:57:45.219+0000] {subprocess.py:93} INFO -   5100K .......... .......... .......... .......... .......... 63% 6.78M 1s
[2023-01-27T04:57:45.224+0000] {subprocess.py:93} INFO -   5150K .......... .......... .......... .......... .......... 63% 10.4M 1s
[2023-01-27T04:57:45.224+0000] {subprocess.py:93} INFO -   5200K .......... .......... .......... .......... .......... 64%  439M 1s
[2023-01-27T04:57:45.224+0000] {subprocess.py:93} INFO -   5250K .......... .......... .......... .......... .......... 65%  539M 1s
[2023-01-27T04:57:45.224+0000] {subprocess.py:93} INFO -   5300K .......... .......... .......... .......... .......... 65%  519M 1s
[2023-01-27T04:57:45.228+0000] {subprocess.py:93} INFO -   5350K .......... .......... .......... .......... .......... 66% 11.8M 1s
[2023-01-27T04:57:45.228+0000] {subprocess.py:93} INFO -   5400K .......... .......... .......... .......... .......... 67%  473M 1s
[2023-01-27T04:57:45.231+0000] {subprocess.py:93} INFO -   5450K .......... .......... .......... .......... .......... 67% 16.9M 1s
[2023-01-27T04:57:45.231+0000] {subprocess.py:93} INFO -   5500K .......... .......... .......... .......... .......... 68%  453M 1s
[2023-01-27T04:57:45.280+0000] {subprocess.py:93} INFO -   5550K .......... .......... .......... .......... .......... 68% 1.00M 1s
[2023-01-27T04:57:45.280+0000] {subprocess.py:93} INFO -   5600K .......... .......... .......... .......... .......... 69%  168M 1s
[2023-01-27T04:57:45.280+0000] {subprocess.py:93} INFO -   5650K .......... .......... .......... .......... .......... 70%  545M 1s
[2023-01-27T04:57:45.280+0000] {subprocess.py:93} INFO -   5700K .......... .......... .......... .......... .......... 70%  544M 1s
[2023-01-27T04:57:45.286+0000] {subprocess.py:93} INFO -   5750K .......... .......... .......... .......... .......... 71% 7.98M 1s
[2023-01-27T04:57:45.287+0000] {subprocess.py:93} INFO -   5800K .......... .......... .......... .......... .......... 71%  470M 1s
[2023-01-27T04:57:45.293+0000] {subprocess.py:93} INFO -   5850K .......... .......... .......... .......... .......... 72% 7.53M 1s
[2023-01-27T04:57:45.293+0000] {subprocess.py:93} INFO -   5900K .......... .......... .......... .......... .......... 73%  519M 1s
[2023-01-27T04:57:45.293+0000] {subprocess.py:93} INFO -   5950K .......... .......... .......... .......... .......... 73%  576M 0s
[2023-01-27T04:57:45.293+0000] {subprocess.py:93} INFO -   6000K .......... .......... .......... .......... .......... 74%  434M 0s
[2023-01-27T04:57:45.299+0000] {subprocess.py:93} INFO -   6050K .......... .......... .......... .......... .......... 75% 8.51M 0s
[2023-01-27T04:57:45.299+0000] {subprocess.py:93} INFO -   6100K .......... .......... .......... .......... .......... 75%  555M 0s
[2023-01-27T04:57:45.314+0000] {subprocess.py:93} INFO -   6150K .......... .......... .......... .......... .......... 76% 3.31M 0s
[2023-01-27T04:57:45.314+0000] {subprocess.py:93} INFO -   6200K .......... .......... .......... .......... .......... 76%  460M 0s
[2023-01-27T04:57:45.314+0000] {subprocess.py:93} INFO -   6250K .......... .......... .......... .......... .......... 77%  560M 0s
[2023-01-27T04:57:45.331+0000] {subprocess.py:93} INFO -   6300K .......... .......... .......... .......... .......... 78% 2.91M 0s
[2023-01-27T04:57:45.331+0000] {subprocess.py:93} INFO -   6350K .......... .......... .......... .......... .......... 78%  419M 0s
[2023-01-27T04:57:45.331+0000] {subprocess.py:93} INFO -   6400K .......... .......... .......... .......... .......... 79%  375M 0s
[2023-01-27T04:57:45.331+0000] {subprocess.py:93} INFO -   6450K .......... .......... .......... .......... .......... 79%  473M 0s
[2023-01-27T04:57:45.365+0000] {subprocess.py:93} INFO -   6500K .......... .......... .......... .......... .......... 80% 1.44M 0s
[2023-01-27T04:57:45.365+0000] {subprocess.py:93} INFO -   6550K .......... .......... .......... .......... .......... 81%  399M 0s
[2023-01-27T04:57:45.366+0000] {subprocess.py:93} INFO -   6600K .......... .......... .......... .......... .......... 81%  160M 0s
[2023-01-27T04:57:45.373+0000] {subprocess.py:93} INFO -   6650K .......... .......... .......... .......... .......... 82% 6.25M 0s
[2023-01-27T04:57:45.374+0000] {subprocess.py:93} INFO -   6700K .......... .......... .......... .......... .......... 83%  321M 0s
[2023-01-27T04:57:45.377+0000] {subprocess.py:93} INFO -   6750K .......... .......... .......... .......... .......... 83%  390M 0s
[2023-01-27T04:57:45.377+0000] {subprocess.py:93} INFO -   6800K .......... .......... .......... .......... .......... 84% 13.2M 0s
[2023-01-27T04:57:45.377+0000] {subprocess.py:93} INFO -   6850K .......... .......... .......... .......... .......... 84%  394M 0s
[2023-01-27T04:57:45.381+0000] {subprocess.py:93} INFO -   6900K .......... .......... .......... .......... .......... 85% 12.9M 0s
[2023-01-27T04:57:45.381+0000] {subprocess.py:93} INFO -   6950K .......... .......... .......... .......... .......... 86%  399M 0s
[2023-01-27T04:57:45.381+0000] {subprocess.py:93} INFO -   7000K .......... .......... .......... .......... .......... 86%  360M 0s
[2023-01-27T04:57:45.385+0000] {subprocess.py:93} INFO -   7050K .......... .......... .......... .......... .......... 87% 14.0M 0s
[2023-01-27T04:57:45.385+0000] {subprocess.py:93} INFO -   7100K .......... .......... .......... .......... .......... 87%  376M 0s
[2023-01-27T04:57:45.389+0000] {subprocess.py:93} INFO -   7150K .......... .......... .......... .......... .......... 88% 13.4M 0s
[2023-01-27T04:57:45.389+0000] {subprocess.py:93} INFO -   7200K .......... .......... .......... .......... .......... 89%  279M 0s
[2023-01-27T04:57:45.393+0000] {subprocess.py:93} INFO -   7250K .......... .......... .......... .......... .......... 89% 13.0M 0s
[2023-01-27T04:57:45.393+0000] {subprocess.py:93} INFO -   7300K .......... .......... .......... .......... .......... 90%  303M 0s
[2023-01-27T04:57:45.393+0000] {subprocess.py:93} INFO -   7350K .......... .......... .......... .......... .......... 91%  394M 0s
[2023-01-27T04:57:45.396+0000] {subprocess.py:93} INFO -   7400K .......... .......... .......... .......... .......... 91% 14.2M 0s
[2023-01-27T04:57:45.397+0000] {subprocess.py:93} INFO -   7450K .......... .......... .......... .......... .......... 92%  374M 0s
[2023-01-27T04:57:45.400+0000] {subprocess.py:93} INFO -   7500K .......... .......... .......... .......... .......... 92% 13.2M 0s
[2023-01-27T04:57:45.400+0000] {subprocess.py:93} INFO -   7550K .......... .......... .......... .......... .......... 93%  347M 0s
[2023-01-27T04:57:45.400+0000] {subprocess.py:93} INFO -   7600K .......... .......... .......... .......... .......... 94%  348M 0s
[2023-01-27T04:57:45.402+0000] {subprocess.py:93} INFO -   7650K .......... .......... .......... .......... .......... 94% 32.5M 0s
[2023-01-27T04:57:45.408+0000] {subprocess.py:93} INFO -   7700K .......... .......... .......... .......... .......... 95% 8.55M 0s
[2023-01-27T04:57:45.408+0000] {subprocess.py:93} INFO -   7750K .......... .......... .......... .......... .......... 95%  413M 0s
[2023-01-27T04:57:45.408+0000] {subprocess.py:93} INFO -   7800K .......... .......... .......... .......... .......... 96%  397M 0s
[2023-01-27T04:57:45.412+0000] {subprocess.py:93} INFO -   7850K .......... .......... .......... .......... .......... 97% 11.0M 0s
[2023-01-27T04:57:45.412+0000] {subprocess.py:93} INFO -   7900K .......... .......... .......... .......... .......... 97%  428M 0s
[2023-01-27T04:57:45.415+0000] {subprocess.py:93} INFO -   7950K .......... .......... .......... .......... .......... 98% 20.4M 0s
[2023-01-27T04:57:45.415+0000] {subprocess.py:93} INFO -   8000K .......... .......... .......... .......... .......... 99%  380M 0s
[2023-01-27T04:57:45.431+0000] {subprocess.py:93} INFO -   8050K .......... .......... .......... .......... .......... 99% 3.04M 0s
[2023-01-27T04:57:45.431+0000] {subprocess.py:93} INFO -   8100K .......... .......... .........                       100%  382M=1.5s
[2023-01-27T04:57:45.431+0000] {subprocess.py:93} INFO - 
[2023-01-27T04:57:45.431+0000] {subprocess.py:93} INFO - 2023-01-27 04:57:45 (5.19 MB/s) - ‘/opt/***/fhv_tripdata_2020-05.csv.gz’ saved [8324200/8324200]
[2023-01-27T04:57:45.432+0000] {subprocess.py:93} INFO - 
[2023-01-27T04:57:45.432+0000] {subprocess.py:97} INFO - Command exited with return code 0
[2023-01-27T04:57:45.454+0000] {taskinstance.py:1323} INFO - Marking task as SUCCESS. dag_id=fhv_taxi_data_dag_v1, task_id=download_ytd_dataset_from_web, execution_date=20200501T000000, start_date=20230127T045742, end_date=20230127T045745
[2023-01-27T04:57:45.497+0000] {local_task_job.py:208} INFO - Task exited with return code 0
[2023-01-27T04:57:45.523+0000] {taskinstance.py:2578} INFO - 1 downstream tasks scheduled from follow-on schedule check
