[2023-01-27T04:57:07.527+0000] {taskinstance.py:1083} INFO - Dependencies all met for <TaskInstance: fhv_taxi_data_dag_v1.download_ytd_dataset_from_web scheduled__2019-02-01T00:00:00+00:00 [queued]>
[2023-01-27T04:57:07.540+0000] {taskinstance.py:1083} INFO - Dependencies all met for <TaskInstance: fhv_taxi_data_dag_v1.download_ytd_dataset_from_web scheduled__2019-02-01T00:00:00+00:00 [queued]>
[2023-01-27T04:57:07.541+0000] {taskinstance.py:1279} INFO - 
--------------------------------------------------------------------------------
[2023-01-27T04:57:07.541+0000] {taskinstance.py:1280} INFO - Starting attempt 1 of 1
[2023-01-27T04:57:07.541+0000] {taskinstance.py:1281} INFO - 
--------------------------------------------------------------------------------
[2023-01-27T04:57:07.559+0000] {taskinstance.py:1300} INFO - Executing <Task(BashOperator): download_ytd_dataset_from_web> on 2019-02-01 00:00:00+00:00
[2023-01-27T04:57:07.568+0000] {standard_task_runner.py:55} INFO - Started process 6444 to run task
[2023-01-27T04:57:07.571+0000] {standard_task_runner.py:82} INFO - Running: ['***', 'tasks', 'run', 'fhv_taxi_data_dag_v1', 'download_ytd_dataset_from_web', 'scheduled__2019-02-01T00:00:00+00:00', '--job-id', '5686', '--raw', '--subdir', 'DAGS_FOLDER/data_ingestion_gcs_dag_v1_fhv.py', '--cfg-path', '/tmp/tmp0y4mq15d']
[2023-01-27T04:57:07.573+0000] {standard_task_runner.py:83} INFO - Job 5686: Subtask download_ytd_dataset_from_web
[2023-01-27T04:57:07.693+0000] {task_command.py:388} INFO - Running <TaskInstance: fhv_taxi_data_dag_v1.download_ytd_dataset_from_web scheduled__2019-02-01T00:00:00+00:00 [running]> on host 8bc22b99c76b
[2023-01-27T04:57:08.019+0000] {taskinstance.py:1509} INFO - Exporting the following env vars:
AIRFLOW_CTX_DAG_OWNER=***
AIRFLOW_CTX_DAG_ID=fhv_taxi_data_dag_v1
AIRFLOW_CTX_TASK_ID=download_ytd_dataset_from_web
AIRFLOW_CTX_EXECUTION_DATE=2019-02-01T00:00:00+00:00
AIRFLOW_CTX_TRY_NUMBER=1
AIRFLOW_CTX_DAG_RUN_ID=scheduled__2019-02-01T00:00:00+00:00
[2023-01-27T04:57:08.021+0000] {subprocess.py:63} INFO - Tmp dir root location: 
 /tmp
[2023-01-27T04:57:08.022+0000] {subprocess.py:75} INFO - Running command: ['/bin/bash', '-c', 'wget https://github.com/DataTalksClub/nyc-tlc-data/releases/download/fhv/fhv_tripdata_2019-02.csv.gz -O /opt/***/fhv_tripdata_2019-02.csv.gz']
[2023-01-27T04:57:08.051+0000] {subprocess.py:86} INFO - Output:
[2023-01-27T04:57:08.062+0000] {subprocess.py:93} INFO - --2023-01-27 04:57:08--  https://github.com/DataTalksClub/nyc-tlc-data/releases/download/fhv/fhv_tripdata_2019-02.csv.gz
[2023-01-27T04:57:08.083+0000] {subprocess.py:93} INFO - Resolving github.com (github.com)... 140.82.121.4
[2023-01-27T04:57:08.096+0000] {subprocess.py:93} INFO - Connecting to github.com (github.com)|140.82.121.4|:443... connected.
[2023-01-27T04:57:08.446+0000] {subprocess.py:93} INFO - HTTP request sent, awaiting response... 302 Found
[2023-01-27T04:57:08.447+0000] {subprocess.py:93} INFO - Location: https://objects.githubusercontent.com/github-production-release-asset-2e65be/513814948/8735d99c-6e44-4ace-8891-938925197fd2?X-Amz-Algorithm=AWS4-HMAC-SHA256&X-Amz-Credential=AKIAIWNJYAX4CSVEH53A%2F20230127%2Fus-east-1%2Fs3%2Faws4_request&X-Amz-Date=20230127T045540Z&X-Amz-Expires=300&X-Amz-Signature=7da9a766456c44c56246e246000608766d090b6b1f53f755d7c86d832f520d36&X-Amz-SignedHeaders=host&actor_id=0&key_id=0&repo_id=513814948&response-content-disposition=attachment%3B%20filename%3Dfhv_tripdata_2019-02.csv.gz&response-content-type=application%2Foctet-stream [following]
[2023-01-27T04:57:08.447+0000] {subprocess.py:93} INFO - --2023-01-27 04:57:08--  https://objects.githubusercontent.com/github-production-release-asset-2e65be/513814948/8735d99c-6e44-4ace-8891-938925197fd2?X-Amz-Algorithm=AWS4-HMAC-SHA256&X-Amz-Credential=AKIAIWNJYAX4CSVEH53A%2F20230127%2Fus-east-1%2Fs3%2Faws4_request&X-Amz-Date=20230127T045540Z&X-Amz-Expires=300&X-Amz-Signature=7da9a766456c44c56246e246000608766d090b6b1f53f755d7c86d832f520d36&X-Amz-SignedHeaders=host&actor_id=0&key_id=0&repo_id=513814948&response-content-disposition=attachment%3B%20filename%3Dfhv_tripdata_2019-02.csv.gz&response-content-type=application%2Foctet-stream
[2023-01-27T04:57:08.452+0000] {subprocess.py:93} INFO - Resolving objects.githubusercontent.com (objects.githubusercontent.com)... 185.199.110.133, 185.199.111.133, 185.199.109.133, ...
[2023-01-27T04:57:08.467+0000] {subprocess.py:93} INFO - Connecting to objects.githubusercontent.com (objects.githubusercontent.com)|185.199.110.133|:443... connected.
[2023-01-27T04:57:08.745+0000] {subprocess.py:93} INFO - HTTP request sent, awaiting response... 200 OK
[2023-01-27T04:57:08.747+0000] {subprocess.py:93} INFO - Length: 15020561 (14M) [application/octet-stream]
[2023-01-27T04:57:08.748+0000] {subprocess.py:93} INFO - Saving to: ‘/opt/***/fhv_tripdata_2019-02.csv.gz’
[2023-01-27T04:57:08.748+0000] {subprocess.py:93} INFO - 
[2023-01-27T04:57:08.785+0000] {subprocess.py:93} INFO -      0K .......... .......... .......... .......... ..........  0% 1.20M 12s
[2023-01-27T04:57:08.825+0000] {subprocess.py:93} INFO -     50K .......... .......... .......... .......... ..........  0% 1.24M 12s
[2023-01-27T04:57:08.837+0000] {subprocess.py:93} INFO -    100K .......... .......... .......... .......... ..........  1% 4.09M 9s
[2023-01-27T04:57:08.872+0000] {subprocess.py:93} INFO -    150K .......... .......... .......... .......... ..........  1% 1.38M 9s
[2023-01-27T04:57:08.886+0000] {subprocess.py:93} INFO -    200K .......... .......... .......... .......... ..........  1% 3.42M 8s
[2023-01-27T04:57:08.906+0000] {subprocess.py:93} INFO -    250K .......... .......... .......... .......... ..........  2% 2.56M 8s
[2023-01-27T04:57:08.914+0000] {subprocess.py:93} INFO -    300K .......... .......... .......... .......... ..........  2% 5.42M 7s
[2023-01-27T04:57:08.933+0000] {subprocess.py:93} INFO -    350K .......... .......... .......... .......... ..........  2% 2.67M 7s
[2023-01-27T04:57:08.942+0000] {subprocess.py:93} INFO -    400K .......... .......... .......... .......... ..........  3% 5.45M 6s
[2023-01-27T04:57:08.952+0000] {subprocess.py:93} INFO -    450K .......... .......... .......... .......... ..........  3% 4.64M 6s
[2023-01-27T04:57:08.979+0000] {subprocess.py:93} INFO -    500K .......... .......... .......... .......... ..........  3% 1.82M 6s
[2023-01-27T04:57:08.989+0000] {subprocess.py:93} INFO -    550K .......... .......... .......... .......... ..........  4% 5.01M 6s
[2023-01-27T04:57:09.001+0000] {subprocess.py:93} INFO -    600K .......... .......... .......... .......... ..........  4% 4.09M 6s
[2023-01-27T04:57:09.002+0000] {subprocess.py:93} INFO -    650K .......... .......... .......... .......... ..........  4% 36.6M 5s
[2023-01-27T04:57:09.021+0000] {subprocess.py:93} INFO -    700K .......... .......... .......... .......... ..........  5% 2.57M 5s
[2023-01-27T04:57:09.030+0000] {subprocess.py:93} INFO -    750K .......... .......... .......... .......... ..........  5% 5.35M 5s
[2023-01-27T04:57:09.036+0000] {subprocess.py:93} INFO -    800K .......... .......... .......... .......... ..........  5% 8.03M 5s
[2023-01-27T04:57:09.041+0000] {subprocess.py:93} INFO -    850K .......... .......... .......... .......... ..........  6% 10.5M 5s
[2023-01-27T04:57:09.137+0000] {subprocess.py:93} INFO -    900K .......... .......... .......... .......... ..........  6%  523K 6s
[2023-01-27T04:57:09.244+0000] {subprocess.py:93} INFO -    950K .......... .......... .......... .......... ..........  6%  465K 7s
[2023-01-27T04:57:09.362+0000] {subprocess.py:93} INFO -   1000K .......... .......... .......... .......... ..........  7%  423K 8s
[2023-01-27T04:57:09.472+0000] {subprocess.py:93} INFO -   1050K .......... .......... .......... .......... ..........  7%  454K 9s
[2023-01-27T04:57:09.580+0000] {subprocess.py:93} INFO -   1100K .......... .......... .......... .......... ..........  7%  465K 10s
[2023-01-27T04:57:09.740+0000] {subprocess.py:93} INFO -   1150K .......... .......... .......... .......... ..........  8%  312K 11s
[2023-01-27T04:57:09.850+0000] {subprocess.py:93} INFO -   1200K .......... .......... .......... .......... ..........  8%  457K 12s
[2023-01-27T04:57:09.959+0000] {subprocess.py:93} INFO -   1250K .......... .......... .......... .......... ..........  8%  456K 12s
[2023-01-27T04:57:10.079+0000] {subprocess.py:93} INFO -   1300K .......... .......... .......... .......... ..........  9%  416K 13s
[2023-01-27T04:57:10.188+0000] {subprocess.py:93} INFO -   1350K .......... .......... .......... .......... ..........  9%  459K 14s
[2023-01-27T04:57:10.297+0000] {subprocess.py:93} INFO -   1400K .......... .......... .......... .......... ..........  9%  459K 14s
[2023-01-27T04:57:10.420+0000] {subprocess.py:93} INFO -   1450K .......... .......... .......... .......... .......... 10%  406K 15s
[2023-01-27T04:57:10.532+0000] {subprocess.py:93} INFO -   1500K .......... .......... .......... .......... .......... 10%  448K 15s
[2023-01-27T04:57:10.598+0000] {subprocess.py:93} INFO -   1550K .......... .......... .......... .......... .......... 10%  755K 15s
[2023-01-27T04:57:10.636+0000] {subprocess.py:93} INFO -   1600K .......... .......... .......... .......... .......... 11% 1.31M 15s
[2023-01-27T04:57:10.647+0000] {subprocess.py:93} INFO -   1650K .......... .......... .......... .......... .......... 11% 4.40M 15s
[2023-01-27T04:57:10.698+0000] {subprocess.py:93} INFO -   1700K .......... .......... .......... .......... .......... 11%  981K 14s
[2023-01-27T04:57:10.774+0000] {subprocess.py:93} INFO -   1750K .......... .......... .......... .......... .......... 12%  654K 15s
[2023-01-27T04:57:10.774+0000] {subprocess.py:93} INFO -   1800K .......... .......... .......... .......... .......... 12%  300M 14s
[2023-01-27T04:57:10.775+0000] {subprocess.py:93} INFO -   1850K .......... .......... .......... .......... .......... 12% 80.6M 14s
[2023-01-27T04:57:10.775+0000] {subprocess.py:93} INFO -   1900K .......... .......... .......... .......... .......... 13%  293M 13s
[2023-01-27T04:57:10.807+0000] {subprocess.py:93} INFO -   1950K .......... .......... .......... .......... .......... 13% 1.55M 13s
[2023-01-27T04:57:10.846+0000] {subprocess.py:93} INFO -   2000K .......... .......... .......... .......... .......... 13% 1.24M 13s
[2023-01-27T04:57:10.872+0000] {subprocess.py:93} INFO -   2050K .......... .......... .......... .......... .......... 14% 1.88M 13s
[2023-01-27T04:57:10.890+0000] {subprocess.py:93} INFO -   2100K .......... .......... .......... .......... .......... 14% 2.76M 12s
[2023-01-27T04:57:10.920+0000] {subprocess.py:93} INFO -   2150K .......... .......... .......... .......... .......... 14% 1.61M 12s
[2023-01-27T04:57:10.956+0000] {subprocess.py:93} INFO -   2200K .......... .......... .......... .......... .......... 15% 1.36M 12s
[2023-01-27T04:57:10.979+0000] {subprocess.py:93} INFO -   2250K .......... .......... .......... .......... .......... 15% 2.14M 12s
[2023-01-27T04:57:10.992+0000] {subprocess.py:93} INFO -   2300K .......... .......... .......... .......... .......... 16% 3.74M 12s
[2023-01-27T04:57:11.036+0000] {subprocess.py:93} INFO -   2350K .......... .......... .......... .......... .......... 16% 1.10M 12s
[2023-01-27T04:57:11.062+0000] {subprocess.py:93} INFO -   2400K .......... .......... .......... .......... .......... 16% 1.90M 12s
[2023-01-27T04:57:11.101+0000] {subprocess.py:93} INFO -   2450K .......... .......... .......... .......... .......... 17% 1.23M 11s
[2023-01-27T04:57:11.122+0000] {subprocess.py:93} INFO -   2500K .......... .......... .......... .......... .......... 17% 2.34M 11s
[2023-01-27T04:57:11.192+0000] {subprocess.py:93} INFO -   2550K .......... .......... .......... .......... .......... 17%  720K 11s
[2023-01-27T04:57:11.196+0000] {subprocess.py:93} INFO -   2600K .......... .......... .......... .......... .......... 18% 10.4M 11s
[2023-01-27T04:57:11.202+0000] {subprocess.py:93} INFO -   2650K .......... .......... .......... .......... .......... 18% 8.24M 11s
[2023-01-27T04:57:11.235+0000] {subprocess.py:93} INFO -   2700K .......... .......... .......... .......... .......... 18% 1.51M 11s
[2023-01-27T04:57:11.272+0000] {subprocess.py:93} INFO -   2750K .......... .......... .......... .......... .......... 19% 1.32M 11s
[2023-01-27T04:57:11.296+0000] {subprocess.py:93} INFO -   2800K .......... .......... .......... .......... .......... 19% 2.16M 11s
[2023-01-27T04:57:11.319+0000] {subprocess.py:93} INFO -   2850K .......... .......... .......... .......... .......... 19% 1.96M 10s
[2023-01-27T04:57:11.348+0000] {subprocess.py:93} INFO -   2900K .......... .......... .......... .......... .......... 20% 1.68M 10s
[2023-01-27T04:57:11.368+0000] {subprocess.py:93} INFO -   2950K .......... .......... .......... .......... .......... 20% 2.42M 10s
[2023-01-27T04:57:11.392+0000] {subprocess.py:93} INFO -   3000K .......... .......... .......... .......... .......... 20% 2.04M 10s
[2023-01-27T04:57:11.408+0000] {subprocess.py:93} INFO -   3050K .......... .......... .......... .......... .......... 21% 3.14M 10s
[2023-01-27T04:57:11.476+0000] {subprocess.py:93} INFO -   3100K .......... .......... .......... .......... .......... 21%  731K 10s
[2023-01-27T04:57:11.492+0000] {subprocess.py:93} INFO -   3150K .......... .......... .......... .......... .......... 21% 3.06M 10s
[2023-01-27T04:57:11.512+0000] {subprocess.py:93} INFO -   3200K .......... .......... .......... .......... .......... 22% 2.52M 10s
[2023-01-27T04:57:11.527+0000] {subprocess.py:93} INFO -   3250K .......... .......... .......... .......... .......... 22% 3.19M 10s
[2023-01-27T04:57:11.548+0000] {subprocess.py:93} INFO -   3300K .......... .......... .......... .......... .......... 22% 2.30M 9s
[2023-01-27T04:57:11.561+0000] {subprocess.py:93} INFO -   3350K .......... .......... .......... .......... .......... 23% 3.92M 9s
[2023-01-27T04:57:11.570+0000] {subprocess.py:93} INFO -   3400K .......... .......... .......... .......... .......... 23% 5.17M 9s
[2023-01-27T04:57:11.585+0000] {subprocess.py:93} INFO -   3450K .......... .......... .......... .......... .......... 23% 3.37M 9s
[2023-01-27T04:57:11.597+0000] {subprocess.py:93} INFO -   3500K .......... .......... .......... .......... .......... 24% 4.02M 9s
[2023-01-27T04:57:11.610+0000] {subprocess.py:93} INFO -   3550K .......... .......... .......... .......... .......... 24% 3.67M 9s
[2023-01-27T04:57:11.634+0000] {subprocess.py:93} INFO -   3600K .......... .......... .......... .......... .......... 24% 2.04M 9s
[2023-01-27T04:57:11.643+0000] {subprocess.py:93} INFO -   3650K .......... .......... .......... .......... .......... 25% 5.31M 9s
[2023-01-27T04:57:11.647+0000] {subprocess.py:93} INFO -   3700K .......... .......... .......... .......... .......... 25% 11.8M 8s
[2023-01-27T04:57:11.653+0000] {subprocess.py:93} INFO -   3750K .......... .......... .......... .......... .......... 25% 8.63M 8s
[2023-01-27T04:57:11.681+0000] {subprocess.py:93} INFO -   3800K .......... .......... .......... .......... .......... 26% 1.77M 8s
[2023-01-27T04:57:11.690+0000] {subprocess.py:93} INFO -   3850K .......... .......... .......... .......... .......... 26% 5.50M 8s
[2023-01-27T04:57:11.693+0000] {subprocess.py:93} INFO -   3900K .......... .......... .......... .......... .......... 26% 12.4M 8s
[2023-01-27T04:57:11.716+0000] {subprocess.py:93} INFO -   3950K .......... .......... .......... .......... .......... 27% 2.14M 8s
[2023-01-27T04:57:11.722+0000] {subprocess.py:93} INFO -   4000K .......... .......... .......... .......... .......... 27% 8.03M 8s
[2023-01-27T04:57:11.730+0000] {subprocess.py:93} INFO -   4050K .......... .......... .......... .......... .......... 27% 6.15M 8s
[2023-01-27T04:57:11.746+0000] {subprocess.py:93} INFO -   4100K .......... .......... .......... .......... .......... 28% 3.16M 8s
[2023-01-27T04:57:11.755+0000] {subprocess.py:93} INFO -   4150K .......... .......... .......... .......... .......... 28% 5.51M 8s
[2023-01-27T04:57:11.761+0000] {subprocess.py:93} INFO -   4200K .......... .......... .......... .......... .......... 28% 7.74M 7s
[2023-01-27T04:57:11.765+0000] {subprocess.py:93} INFO -   4250K .......... .......... .......... .......... .......... 29% 11.4M 7s
[2023-01-27T04:57:11.769+0000] {subprocess.py:93} INFO -   4300K .......... .......... .......... .......... .......... 29% 11.2M 7s
[2023-01-27T04:57:11.776+0000] {subprocess.py:93} INFO -   4350K .......... .......... .......... .......... .......... 29% 8.79M 7s
[2023-01-27T04:57:11.782+0000] {subprocess.py:93} INFO -   4400K .......... .......... .......... .......... .......... 30% 7.02M 7s
[2023-01-27T04:57:11.785+0000] {subprocess.py:93} INFO -   4450K .......... .......... .......... .......... .......... 30% 15.1M 7s
[2023-01-27T04:57:11.790+0000] {subprocess.py:93} INFO -   4500K .......... .......... .......... .......... .......... 31% 10.2M 7s
[2023-01-27T04:57:11.800+0000] {subprocess.py:93} INFO -   4550K .......... .......... .......... .......... .......... 31% 5.63M 7s
[2023-01-27T04:57:11.803+0000] {subprocess.py:93} INFO -   4600K .......... .......... .......... .......... .......... 31% 12.0M 7s
[2023-01-27T04:57:11.806+0000] {subprocess.py:93} INFO -   4650K .......... .......... .......... .......... .......... 32% 13.7M 6s
[2023-01-27T04:57:11.813+0000] {subprocess.py:93} INFO -   4700K .......... .......... .......... .......... .......... 32% 7.56M 6s
[2023-01-27T04:57:11.820+0000] {subprocess.py:93} INFO -   4750K .......... .......... .......... .......... .......... 32% 8.47M 6s
[2023-01-27T04:57:11.822+0000] {subprocess.py:93} INFO -   4800K .......... .......... .......... .......... .......... 33% 12.5M 6s
[2023-01-27T04:57:11.826+0000] {subprocess.py:93} INFO -   4850K .......... .......... .......... .......... .......... 33% 15.0M 6s
[2023-01-27T04:57:11.833+0000] {subprocess.py:93} INFO -   4900K .......... .......... .......... .......... .......... 33% 7.05M 6s
[2023-01-27T04:57:11.837+0000] {subprocess.py:93} INFO -   4950K .......... .......... .......... .......... .......... 34% 13.3M 6s
[2023-01-27T04:57:11.840+0000] {subprocess.py:93} INFO -   5000K .......... .......... .......... .......... .......... 34% 13.1M 6s
[2023-01-27T04:57:11.847+0000] {subprocess.py:93} INFO -   5050K .......... .......... .......... .......... .......... 34% 7.58M 6s
[2023-01-27T04:57:11.849+0000] {subprocess.py:93} INFO -   5100K .......... .......... .......... .......... .......... 35% 23.1M 6s
[2023-01-27T04:57:11.855+0000] {subprocess.py:93} INFO -   5150K .......... .......... .......... .......... .......... 35% 9.41M 6s
[2023-01-27T04:57:11.860+0000] {subprocess.py:93} INFO -   5200K .......... .......... .......... .......... .......... 35% 7.80M 6s
[2023-01-27T04:57:11.865+0000] {subprocess.py:93} INFO -   5250K .......... .......... .......... .......... .......... 36% 9.31M 6s
[2023-01-27T04:57:11.867+0000] {subprocess.py:93} INFO -   5300K .......... .......... .......... .......... .......... 36% 21.0M 5s
[2023-01-27T04:57:11.874+0000] {subprocess.py:93} INFO -   5350K .......... .......... .......... .......... .......... 36% 8.82M 5s
[2023-01-27T04:57:11.877+0000] {subprocess.py:93} INFO -   5400K .......... .......... .......... .......... .......... 37% 12.7M 5s
[2023-01-27T04:57:11.881+0000] {subprocess.py:93} INFO -   5450K .......... .......... .......... .......... .......... 37% 11.3M 5s
[2023-01-27T04:57:11.886+0000] {subprocess.py:93} INFO -   5500K .......... .......... .......... .......... .......... 37% 9.49M 5s
[2023-01-27T04:57:11.891+0000] {subprocess.py:93} INFO -   5550K .......... .......... .......... .......... .......... 38% 10.3M 5s
[2023-01-27T04:57:11.896+0000] {subprocess.py:93} INFO -   5600K .......... .......... .......... .......... .......... 38% 11.5M 5s
[2023-01-27T04:57:11.901+0000] {subprocess.py:93} INFO -   5650K .......... .......... .......... .......... .......... 38% 9.24M 5s
[2023-01-27T04:57:11.904+0000] {subprocess.py:93} INFO -   5700K .......... .......... .......... .......... .......... 39% 14.1M 5s
[2023-01-27T04:57:11.910+0000] {subprocess.py:93} INFO -   5750K .......... .......... .......... .......... .......... 39% 8.09M 5s
[2023-01-27T04:57:11.912+0000] {subprocess.py:93} INFO -   5800K .......... .......... .......... .......... .......... 39% 22.5M 5s
[2023-01-27T04:57:11.917+0000] {subprocess.py:93} INFO -   5850K .......... .......... .......... .......... .......... 40% 10.2M 5s
[2023-01-27T04:57:11.926+0000] {subprocess.py:93} INFO -   5900K .......... .......... .......... .......... .......... 40% 5.70M 5s
[2023-01-27T04:57:11.929+0000] {subprocess.py:93} INFO -   5950K .......... .......... .......... .......... .......... 40% 15.0M 5s
[2023-01-27T04:57:11.934+0000] {subprocess.py:93} INFO -   6000K .......... .......... .......... .......... .......... 41% 9.54M 5s
[2023-01-27T04:57:11.939+0000] {subprocess.py:93} INFO -   6050K .......... .......... .......... .......... .......... 41% 10.2M 4s
[2023-01-27T04:57:11.944+0000] {subprocess.py:93} INFO -   6100K .......... .......... .......... .......... .......... 41% 10.4M 4s
[2023-01-27T04:57:11.949+0000] {subprocess.py:93} INFO -   6150K .......... .......... .......... .......... .......... 42% 8.92M 4s
[2023-01-27T04:57:11.952+0000] {subprocess.py:93} INFO -   6200K .......... .......... .......... .......... .......... 42% 18.7M 4s
[2023-01-27T04:57:11.958+0000] {subprocess.py:93} INFO -   6250K .......... .......... .......... .......... .......... 42% 7.69M 4s
[2023-01-27T04:57:11.962+0000] {subprocess.py:93} INFO -   6300K .......... .......... .......... .......... .......... 43% 11.7M 4s
[2023-01-27T04:57:11.968+0000] {subprocess.py:93} INFO -   6350K .......... .......... .......... .......... .......... 43% 17.4M 4s
[2023-01-27T04:57:11.974+0000] {subprocess.py:93} INFO -   6400K .......... .......... .......... .......... .......... 43% 5.65M 4s
[2023-01-27T04:57:11.981+0000] {subprocess.py:93} INFO -   6450K .......... .......... .......... .......... .......... 44% 6.29M 4s
[2023-01-27T04:57:11.985+0000] {subprocess.py:93} INFO -   6500K .......... .......... .......... .......... .......... 44% 13.1M 4s
[2023-01-27T04:57:11.988+0000] {subprocess.py:93} INFO -   6550K .......... .......... .......... .......... .......... 44% 16.0M 4s
[2023-01-27T04:57:11.996+0000] {subprocess.py:93} INFO -   6600K .......... .......... .......... .......... .......... 45% 6.14M 4s
[2023-01-27T04:57:12.000+0000] {subprocess.py:93} INFO -   6650K .......... .......... .......... .......... .......... 45% 11.3M 4s
[2023-01-27T04:57:12.005+0000] {subprocess.py:93} INFO -   6700K .......... .......... .......... .......... .......... 46% 10.5M 4s
[2023-01-27T04:57:12.011+0000] {subprocess.py:93} INFO -   6750K .......... .......... .......... .......... .......... 46% 13.8M 4s
[2023-01-27T04:57:12.015+0000] {subprocess.py:93} INFO -   6800K .......... .......... .......... .......... .......... 46% 8.09M 4s
[2023-01-27T04:57:12.019+0000] {subprocess.py:93} INFO -   6850K .......... .......... .......... .......... .......... 47% 10.2M 4s
[2023-01-27T04:57:12.025+0000] {subprocess.py:93} INFO -   6900K .......... .......... .......... .......... .......... 47% 9.41M 4s
[2023-01-27T04:57:12.028+0000] {subprocess.py:93} INFO -   6950K .......... .......... .......... .......... .......... 47% 14.0M 4s
[2023-01-27T04:57:12.031+0000] {subprocess.py:93} INFO -   7000K .......... .......... .......... .......... .......... 48% 14.2M 4s
[2023-01-27T04:57:12.039+0000] {subprocess.py:93} INFO -   7050K .......... .......... .......... .......... .......... 48% 6.94M 4s
[2023-01-27T04:57:12.041+0000] {subprocess.py:93} INFO -   7100K .......... .......... .......... .......... .......... 48% 17.0M 3s
[2023-01-27T04:57:12.046+0000] {subprocess.py:93} INFO -   7150K .......... .......... .......... .......... .......... 49% 11.7M 3s
[2023-01-27T04:57:12.053+0000] {subprocess.py:93} INFO -   7200K .......... .......... .......... .......... .......... 49% 6.86M 3s
[2023-01-27T04:57:12.057+0000] {subprocess.py:93} INFO -   7250K .......... .......... .......... .......... .......... 49% 10.7M 3s
[2023-01-27T04:57:12.061+0000] {subprocess.py:93} INFO -   7300K .......... .......... .......... .......... .......... 50% 14.4M 3s
[2023-01-27T04:57:12.063+0000] {subprocess.py:93} INFO -   7350K .......... .......... .......... .......... .......... 50% 18.1M 3s
[2023-01-27T04:57:12.069+0000] {subprocess.py:93} INFO -   7400K .......... .......... .......... .......... .......... 50% 8.10M 3s
[2023-01-27T04:57:12.075+0000] {subprocess.py:93} INFO -   7450K .......... .......... .......... .......... .......... 51% 8.47M 3s
[2023-01-27T04:57:12.078+0000] {subprocess.py:93} INFO -   7500K .......... .......... .......... .......... .......... 51% 16.2M 3s
[2023-01-27T04:57:12.083+0000] {subprocess.py:93} INFO -   7550K .......... .......... .......... .......... .......... 51% 13.2M 3s
[2023-01-27T04:57:12.090+0000] {subprocess.py:93} INFO -   7600K .......... .......... .......... .......... .......... 52% 6.31M 3s
[2023-01-27T04:57:12.094+0000] {subprocess.py:93} INFO -   7650K .......... .......... .......... .......... .......... 52% 10.8M 3s
[2023-01-27T04:57:12.099+0000] {subprocess.py:93} INFO -   7700K .......... .......... .......... .......... .......... 52% 11.3M 3s
[2023-01-27T04:57:12.103+0000] {subprocess.py:93} INFO -   7750K .......... .......... .......... .......... .......... 53% 11.6M 3s
[2023-01-27T04:57:12.105+0000] {subprocess.py:93} INFO -   7800K .......... .......... .......... .......... .......... 53% 18.1M 3s
[2023-01-27T04:57:12.110+0000] {subprocess.py:93} INFO -   7850K .......... .......... .......... .......... .......... 53% 10.3M 3s
[2023-01-27T04:57:12.116+0000] {subprocess.py:93} INFO -   7900K .......... .......... .......... .......... .......... 54% 8.52M 3s
[2023-01-27T04:57:12.120+0000] {subprocess.py:93} INFO -   7950K .......... .......... .......... .......... .......... 54% 16.3M 3s
[2023-01-27T04:57:12.125+0000] {subprocess.py:93} INFO -   8000K .......... .......... .......... .......... .......... 54% 7.72M 3s
[2023-01-27T04:57:12.132+0000] {subprocess.py:93} INFO -   8050K .......... .......... .......... .......... .......... 55% 7.31M 3s
[2023-01-27T04:57:12.135+0000] {subprocess.py:93} INFO -   8100K .......... .......... .......... .......... .......... 55% 15.2M 3s
[2023-01-27T04:57:12.140+0000] {subprocess.py:93} INFO -   8150K .......... .......... .......... .......... .......... 55% 11.9M 3s
[2023-01-27T04:57:12.143+0000] {subprocess.py:93} INFO -   8200K .......... .......... .......... .......... .......... 56% 14.5M 3s
[2023-01-27T04:57:12.148+0000] {subprocess.py:93} INFO -   8250K .......... .......... .......... .......... .......... 56% 8.95M 3s
[2023-01-27T04:57:12.153+0000] {subprocess.py:93} INFO -   8300K .......... .......... .......... .......... .......... 56% 8.97M 3s
[2023-01-27T04:57:12.158+0000] {subprocess.py:93} INFO -   8350K .......... .......... .......... .......... .......... 57% 15.6M 3s
[2023-01-27T04:57:12.162+0000] {subprocess.py:93} INFO -   8400K .......... .......... .......... .......... .......... 57% 9.12M 3s
[2023-01-27T04:57:12.167+0000] {subprocess.py:93} INFO -   8450K .......... .......... .......... .......... .......... 57% 9.74M 2s
[2023-01-27T04:57:12.171+0000] {subprocess.py:93} INFO -   8500K .......... .......... .......... .......... .......... 58% 11.6M 2s
[2023-01-27T04:57:12.177+0000] {subprocess.py:93} INFO -   8550K .......... .......... .......... .......... .......... 58% 7.83M 2s
[2023-01-27T04:57:12.181+0000] {subprocess.py:93} INFO -   8600K .......... .......... .......... .......... .......... 58% 12.9M 2s
[2023-01-27T04:57:12.188+0000] {subprocess.py:93} INFO -   8650K .......... .......... .......... .......... .......... 59% 7.39M 2s
[2023-01-27T04:57:12.190+0000] {subprocess.py:93} INFO -   8700K .......... .......... .......... .......... .......... 59% 20.1M 2s
[2023-01-27T04:57:12.196+0000] {subprocess.py:93} INFO -   8750K .......... .......... .......... .......... .......... 59% 11.6M 2s
[2023-01-27T04:57:12.200+0000] {subprocess.py:93} INFO -   8800K .......... .......... .......... .......... .......... 60% 8.14M 2s
[2023-01-27T04:57:12.204+0000] {subprocess.py:93} INFO -   8850K .......... .......... .......... .......... .......... 60% 12.3M 2s
[2023-01-27T04:57:12.210+0000] {subprocess.py:93} INFO -   8900K .......... .......... .......... .......... .......... 61% 8.79M 2s
[2023-01-27T04:57:12.212+0000] {subprocess.py:93} INFO -   8950K .......... .......... .......... .......... .......... 61% 26.9M 2s
[2023-01-27T04:57:12.218+0000] {subprocess.py:93} INFO -   9000K .......... .......... .......... .......... .......... 61% 7.41M 2s
[2023-01-27T04:57:12.223+0000] {subprocess.py:93} INFO -   9050K .......... .......... .......... .......... .......... 62% 11.3M 2s
[2023-01-27T04:57:12.226+0000] {subprocess.py:93} INFO -   9100K .......... .......... .......... .......... .......... 62% 13.0M 2s
[2023-01-27T04:57:12.231+0000] {subprocess.py:93} INFO -   9150K .......... .......... .......... .......... .......... 62% 11.4M 2s
[2023-01-27T04:57:12.236+0000] {subprocess.py:93} INFO -   9200K .......... .......... .......... .......... .......... 63% 9.40M 2s
[2023-01-27T04:57:12.241+0000] {subprocess.py:93} INFO -   9250K .......... .......... .......... .......... .......... 63% 10.5M 2s
[2023-01-27T04:57:12.245+0000] {subprocess.py:93} INFO -   9300K .......... .......... .......... .......... .......... 63% 12.3M 2s
[2023-01-27T04:57:12.248+0000] {subprocess.py:93} INFO -   9350K .......... .......... .......... .......... .......... 64% 14.0M 2s
[2023-01-27T04:57:12.252+0000] {subprocess.py:93} INFO -   9400K .......... .......... .......... .......... .......... 64% 11.7M 2s
[2023-01-27T04:57:12.256+0000] {subprocess.py:93} INFO -   9450K .......... .......... .......... .......... .......... 64% 14.4M 2s
[2023-01-27T04:57:12.260+0000] {subprocess.py:93} INFO -   9500K .......... .......... .......... .......... .......... 65% 11.6M 2s
[2023-01-27T04:57:12.266+0000] {subprocess.py:93} INFO -   9550K .......... .......... .......... .......... .......... 65% 10.3M 2s
[2023-01-27T04:57:12.269+0000] {subprocess.py:93} INFO -   9600K .......... .......... .......... .......... .......... 65% 10.4M 2s
[2023-01-27T04:57:12.275+0000] {subprocess.py:93} INFO -   9650K .......... .......... .......... .......... .......... 66% 9.02M 2s
[2023-01-27T04:57:12.279+0000] {subprocess.py:93} INFO -   9700K .......... .......... .......... .......... .......... 66% 12.4M 2s
[2023-01-27T04:57:12.283+0000] {subprocess.py:93} INFO -   9750K .......... .......... .......... .......... .......... 66% 10.1M 2s
[2023-01-27T04:57:12.286+0000] {subprocess.py:93} INFO -   9800K .......... .......... .......... .......... .......... 67% 19.4M 2s
[2023-01-27T04:57:12.291+0000] {subprocess.py:93} INFO -   9850K .......... .......... .......... .......... .......... 67% 10.4M 2s
[2023-01-27T04:57:12.296+0000] {subprocess.py:93} INFO -   9900K .......... .......... .......... .......... .......... 67% 9.18M 2s
[2023-01-27T04:57:12.300+0000] {subprocess.py:93} INFO -   9950K .......... .......... .......... .......... .......... 68% 13.1M 2s
[2023-01-27T04:57:12.305+0000] {subprocess.py:93} INFO -  10000K .......... .......... .......... .......... .......... 68% 8.74M 2s
[2023-01-27T04:57:12.308+0000] {subprocess.py:93} INFO -  10050K .......... .......... .......... .......... .......... 68% 16.1M 2s
[2023-01-27T04:57:12.315+0000] {subprocess.py:93} INFO -  10100K .......... .......... .......... .......... .......... 69% 7.39M 2s
[2023-01-27T04:57:12.318+0000] {subprocess.py:93} INFO -  10150K .......... .......... .......... .......... .......... 69% 15.4M 2s
[2023-01-27T04:57:12.321+0000] {subprocess.py:93} INFO -  10200K .......... .......... .......... .......... .......... 69% 14.4M 2s
[2023-01-27T04:57:12.325+0000] {subprocess.py:93} INFO -  10250K .......... .......... .......... .......... .......... 70% 14.0M 2s
[2023-01-27T04:57:12.330+0000] {subprocess.py:93} INFO -  10300K .......... .......... .......... .......... .......... 70% 9.58M 1s
[2023-01-27T04:57:12.336+0000] {subprocess.py:93} INFO -  10350K .......... .......... .......... .......... .......... 70% 11.4M 1s
[2023-01-27T04:57:12.339+0000] {subprocess.py:93} INFO -  10400K .......... .......... .......... .......... .......... 71% 10.1M 1s
[2023-01-27T04:57:12.344+0000] {subprocess.py:93} INFO -  10450K .......... .......... .......... .......... .......... 71% 10.4M 1s
[2023-01-27T04:57:12.349+0000] {subprocess.py:93} INFO -  10500K .......... .......... .......... .......... .......... 71% 10.5M 1s
[2023-01-27T04:57:12.353+0000] {subprocess.py:93} INFO -  10550K .......... .......... .......... .......... .......... 72% 10.3M 1s
[2023-01-27T04:57:12.356+0000] {subprocess.py:93} INFO -  10600K .......... .......... .......... .......... .......... 72% 19.0M 1s
[2023-01-27T04:57:12.362+0000] {subprocess.py:93} INFO -  10650K .......... .......... .......... .......... .......... 72% 8.53M 1s
[2023-01-27T04:57:12.366+0000] {subprocess.py:93} INFO -  10700K .......... .......... .......... .......... .......... 73% 10.5M 1s
[2023-01-27T04:57:12.370+0000] {subprocess.py:93} INFO -  10750K .......... .......... .......... .......... .......... 73% 20.6M 1s
[2023-01-27T04:57:12.373+0000] {subprocess.py:93} INFO -  10800K .......... .......... .......... .......... .......... 73% 12.3M 1s
[2023-01-27T04:57:12.378+0000] {subprocess.py:93} INFO -  10850K .......... .......... .......... .......... .......... 74% 8.70M 1s
[2023-01-27T04:57:12.392+0000] {subprocess.py:93} INFO -  10900K .......... .......... .......... .......... .......... 74% 3.63M 1s
[2023-01-27T04:57:12.395+0000] {subprocess.py:93} INFO -  10950K .......... .......... .......... .......... .......... 74% 16.6M 1s
[2023-01-27T04:57:12.398+0000] {subprocess.py:93} INFO -  11000K .......... .......... .......... .......... .......... 75% 13.5M 1s
[2023-01-27T04:57:12.408+0000] {subprocess.py:93} INFO -  11050K .......... .......... .......... .......... .......... 75% 5.34M 1s
[2023-01-27T04:57:12.410+0000] {subprocess.py:93} INFO -  11100K .......... .......... .......... .......... .......... 76% 16.5M 1s
[2023-01-27T04:57:12.415+0000] {subprocess.py:93} INFO -  11150K .......... .......... .......... .......... .......... 76% 12.5M 1s
[2023-01-27T04:57:12.419+0000] {subprocess.py:93} INFO -  11200K .......... .......... .......... .......... .......... 76% 10.4M 1s
[2023-01-27T04:57:12.424+0000] {subprocess.py:93} INFO -  11250K .......... .......... .......... .......... .......... 77% 9.82M 1s
[2023-01-27T04:57:12.427+0000] {subprocess.py:93} INFO -  11300K .......... .......... .......... .......... .......... 77% 13.3M 1s
[2023-01-27T04:57:12.431+0000] {subprocess.py:93} INFO -  11350K .......... .......... .......... .......... .......... 77% 12.8M 1s
[2023-01-27T04:57:12.435+0000] {subprocess.py:93} INFO -  11400K .......... .......... .......... .......... .......... 78% 13.2M 1s
[2023-01-27T04:57:12.440+0000] {subprocess.py:93} INFO -  11450K .......... .......... .......... .......... .......... 78% 10.1M 1s
[2023-01-27T04:57:12.445+0000] {subprocess.py:93} INFO -  11500K .......... .......... .......... .......... .......... 78% 9.40M 1s
[2023-01-27T04:57:12.449+0000] {subprocess.py:93} INFO -  11550K .......... .......... .......... .......... .......... 79% 12.1M 1s
[2023-01-27T04:57:12.455+0000] {subprocess.py:93} INFO -  11600K .......... .......... .......... .......... .......... 79% 7.75M 1s
[2023-01-27T04:57:12.460+0000] {subprocess.py:93} INFO -  11650K .......... .......... .......... .......... .......... 79% 10.5M 1s
[2023-01-27T04:57:12.467+0000] {subprocess.py:93} INFO -  11700K .......... .......... .......... .......... .......... 80% 7.30M 1s
[2023-01-27T04:57:12.469+0000] {subprocess.py:93} INFO -  11750K .......... .......... .......... .......... .......... 80% 19.5M 1s
[2023-01-27T04:57:12.474+0000] {subprocess.py:93} INFO -  11800K .......... .......... .......... .......... .......... 80% 10.4M 1s
[2023-01-27T04:57:12.479+0000] {subprocess.py:93} INFO -  11850K .......... .......... .......... .......... .......... 81% 9.29M 1s
[2023-01-27T04:57:12.483+0000] {subprocess.py:93} INFO -  11900K .......... .......... .......... .......... .......... 81% 14.1M 1s
[2023-01-27T04:57:12.488+0000] {subprocess.py:93} INFO -  11950K .......... .......... .......... .......... .......... 81% 16.5M 1s
[2023-01-27T04:57:12.492+0000] {subprocess.py:93} INFO -  12000K .......... .......... .......... .......... .......... 82% 8.20M 1s
[2023-01-27T04:57:12.498+0000] {subprocess.py:93} INFO -  12050K .......... .......... .......... .......... .......... 82% 7.84M 1s
[2023-01-27T04:57:12.501+0000] {subprocess.py:93} INFO -  12100K .......... .......... .......... .......... .......... 82% 13.3M 1s
[2023-01-27T04:57:12.505+0000] {subprocess.py:93} INFO -  12150K .......... .......... .......... .......... .......... 83% 15.3M 1s
[2023-01-27T04:57:12.508+0000] {subprocess.py:93} INFO -  12200K .......... .......... .......... .......... .......... 83% 14.1M 1s
[2023-01-27T04:57:12.516+0000] {subprocess.py:93} INFO -  12250K .......... .......... .......... .......... .......... 83% 6.29M 1s
[2023-01-27T04:57:12.518+0000] {subprocess.py:93} INFO -  12300K .......... .......... .......... .......... .......... 84% 20.1M 1s
[2023-01-27T04:57:12.523+0000] {subprocess.py:93} INFO -  12350K .......... .......... .......... .......... .......... 84% 13.0M 1s
[2023-01-27T04:57:12.527+0000] {subprocess.py:93} INFO -  12400K .......... .......... .......... .......... .......... 84% 9.54M 1s
[2023-01-27T04:57:12.533+0000] {subprocess.py:93} INFO -  12450K .......... .......... .......... .......... .......... 85% 8.57M 1s
[2023-01-27T04:57:12.537+0000] {subprocess.py:93} INFO -  12500K .......... .......... .......... .......... .......... 85% 12.6M 1s
[2023-01-27T04:57:12.539+0000] {subprocess.py:93} INFO -  12550K .......... .......... .......... .......... .......... 85% 18.7M 1s
[2023-01-27T04:57:12.544+0000] {subprocess.py:93} INFO -  12600K .......... .......... .......... .......... .......... 86% 10.7M 1s
[2023-01-27T04:57:12.550+0000] {subprocess.py:93} INFO -  12650K .......... .......... .......... .......... .......... 86% 8.49M 1s
[2023-01-27T04:57:12.553+0000] {subprocess.py:93} INFO -  12700K .......... .......... .......... .......... .......... 86% 15.2M 1s
[2023-01-27T04:57:12.559+0000] {subprocess.py:93} INFO -  12750K .......... .......... .......... .......... .......... 87% 8.26M 1s
[2023-01-27T04:57:12.565+0000] {subprocess.py:93} INFO -  12800K .......... .......... .......... .......... .......... 87% 8.03M 1s
[2023-01-27T04:57:12.569+0000] {subprocess.py:93} INFO -  12850K .......... .......... .......... .......... .......... 87% 12.7M 1s
[2023-01-27T04:57:12.572+0000] {subprocess.py:93} INFO -  12900K .......... .......... .......... .......... .......... 88% 16.6M 1s
[2023-01-27T04:57:12.575+0000] {subprocess.py:93} INFO -  12950K .......... .......... .......... .......... .......... 88% 16.7M 0s
[2023-01-27T04:57:12.581+0000] {subprocess.py:93} INFO -  13000K .......... .......... .......... .......... .......... 88% 7.43M 0s
[2023-01-27T04:57:12.587+0000] {subprocess.py:93} INFO -  13050K .......... .......... .......... .......... .......... 89% 9.02M 0s
[2023-01-27T04:57:12.590+0000] {subprocess.py:93} INFO -  13100K .......... .......... .......... .......... .......... 89% 14.4M 0s
[2023-01-27T04:57:12.596+0000] {subprocess.py:93} INFO -  13150K .......... .......... .......... .......... .......... 89% 31.7M 0s
[2023-01-27T04:57:12.599+0000] {subprocess.py:93} INFO -  13200K .......... .......... .......... .......... .......... 90% 6.81M 0s
[2023-01-27T04:57:12.605+0000] {subprocess.py:93} INFO -  13250K .......... .......... .......... .......... .......... 90% 8.07M 0s
[2023-01-27T04:57:12.607+0000] {subprocess.py:93} INFO -  13300K .......... .......... .......... .......... .......... 91% 17.8M 0s
[2023-01-27T04:57:12.612+0000] {subprocess.py:93} INFO -  13350K .......... .......... .......... .......... .......... 91% 10.3M 0s
[2023-01-27T04:57:12.614+0000] {subprocess.py:93} INFO -  13400K .......... .......... .......... .......... .......... 91% 27.7M 0s
[2023-01-27T04:57:12.628+0000] {subprocess.py:93} INFO -  13450K .......... .......... .......... .......... .......... 92% 3.42M 0s
[2023-01-27T04:57:12.628+0000] {subprocess.py:93} INFO -  13500K .......... .......... .......... .......... .......... 92%  352M 0s
[2023-01-27T04:57:12.631+0000] {subprocess.py:93} INFO -  13550K .......... .......... .......... .......... .......... 92% 19.7M 0s
[2023-01-27T04:57:12.648+0000] {subprocess.py:93} INFO -  13600K .......... .......... .......... .......... .......... 93% 2.88M 0s
[2023-01-27T04:57:12.653+0000] {subprocess.py:93} INFO -  13650K .......... .......... .......... .......... .......... 93% 9.17M 0s
[2023-01-27T04:57:12.658+0000] {subprocess.py:93} INFO -  13700K .......... .......... .......... .......... .......... 93% 9.73M 0s
[2023-01-27T04:57:12.661+0000] {subprocess.py:93} INFO -  13750K .......... .......... .......... .......... .......... 94% 17.9M 0s
[2023-01-27T04:57:12.665+0000] {subprocess.py:93} INFO -  13800K .......... .......... .......... .......... .......... 94% 10.9M 0s
[2023-01-27T04:57:12.671+0000] {subprocess.py:93} INFO -  13850K .......... .......... .......... .......... .......... 94% 9.00M 0s
[2023-01-27T04:57:12.674+0000] {subprocess.py:93} INFO -  13900K .......... .......... .......... .......... .......... 95% 15.5M 0s
[2023-01-27T04:57:12.679+0000] {subprocess.py:93} INFO -  13950K .......... .......... .......... .......... .......... 95% 13.1M 0s
[2023-01-27T04:57:12.683+0000] {subprocess.py:93} INFO -  14000K .......... .......... .......... .......... .......... 95% 8.67M 0s
[2023-01-27T04:57:12.695+0000] {subprocess.py:93} INFO -  14050K .......... .......... .......... .......... .......... 96% 4.20M 0s
[2023-01-27T04:57:12.697+0000] {subprocess.py:93} INFO -  14100K .......... .......... .......... .......... .......... 96% 28.4M 0s
[2023-01-27T04:57:12.699+0000] {subprocess.py:93} INFO -  14150K .......... .......... .......... .......... .......... 96% 20.4M 0s
[2023-01-27T04:57:12.703+0000] {subprocess.py:93} INFO -  14200K .......... .......... .......... .......... .......... 97% 13.1M 0s
[2023-01-27T04:57:12.713+0000] {subprocess.py:93} INFO -  14250K .......... .......... .......... .......... .......... 97% 4.66M 0s
[2023-01-27T04:57:12.717+0000] {subprocess.py:93} INFO -  14300K .......... .......... .......... .......... .......... 97% 12.4M 0s
[2023-01-27T04:57:12.721+0000] {subprocess.py:93} INFO -  14350K .......... .......... .......... .......... .......... 98% 16.9M 0s
[2023-01-27T04:57:12.726+0000] {subprocess.py:93} INFO -  14400K .......... .......... .......... .......... .......... 98% 7.76M 0s
[2023-01-27T04:57:12.732+0000] {subprocess.py:93} INFO -  14450K .......... .......... .......... .......... .......... 98% 9.03M 0s
[2023-01-27T04:57:12.736+0000] {subprocess.py:93} INFO -  14500K .......... .......... .......... .......... .......... 99% 11.3M 0s
[2023-01-27T04:57:12.738+0000] {subprocess.py:93} INFO -  14550K .......... .......... .......... .......... .......... 99% 26.8M 0s
[2023-01-27T04:57:12.747+0000] {subprocess.py:93} INFO -  14600K .......... .......... .......... .......... .......... 99% 5.14M 0s
[2023-01-27T04:57:12.748+0000] {subprocess.py:93} INFO -  14650K .......... ........                                   100%  310M=4.0s
[2023-01-27T04:57:12.748+0000] {subprocess.py:93} INFO - 
[2023-01-27T04:57:12.748+0000] {subprocess.py:93} INFO - 2023-01-27 04:57:12 (3.58 MB/s) - ‘/opt/***/fhv_tripdata_2019-02.csv.gz’ saved [15020561/15020561]
[2023-01-27T04:57:12.748+0000] {subprocess.py:93} INFO - 
[2023-01-27T04:57:12.748+0000] {subprocess.py:97} INFO - Command exited with return code 0
[2023-01-27T04:57:12.775+0000] {taskinstance.py:1323} INFO - Marking task as SUCCESS. dag_id=fhv_taxi_data_dag_v1, task_id=download_ytd_dataset_from_web, execution_date=20190201T000000, start_date=20230127T045707, end_date=20230127T045712
[2023-01-27T04:57:12.822+0000] {local_task_job.py:208} INFO - Task exited with return code 0
[2023-01-27T04:57:12.886+0000] {taskinstance.py:2578} INFO - 1 downstream tasks scheduled from follow-on schedule check
