[2023-01-27T04:57:11.518+0000] {taskinstance.py:1083} INFO - Dependencies all met for <TaskInstance: fhv_taxi_data_dag_v1.download_ytd_dataset_from_web scheduled__2019-09-01T00:00:00+00:00 [queued]>
[2023-01-27T04:57:11.536+0000] {taskinstance.py:1083} INFO - Dependencies all met for <TaskInstance: fhv_taxi_data_dag_v1.download_ytd_dataset_from_web scheduled__2019-09-01T00:00:00+00:00 [queued]>
[2023-01-27T04:57:11.536+0000] {taskinstance.py:1279} INFO - 
--------------------------------------------------------------------------------
[2023-01-27T04:57:11.536+0000] {taskinstance.py:1280} INFO - Starting attempt 1 of 1
[2023-01-27T04:57:11.536+0000] {taskinstance.py:1281} INFO - 
--------------------------------------------------------------------------------
[2023-01-27T04:57:11.578+0000] {taskinstance.py:1300} INFO - Executing <Task(BashOperator): download_ytd_dataset_from_web> on 2019-09-01 00:00:00+00:00
[2023-01-27T04:57:11.585+0000] {standard_task_runner.py:55} INFO - Started process 6582 to run task
[2023-01-27T04:57:11.588+0000] {standard_task_runner.py:82} INFO - Running: ['***', 'tasks', 'run', 'fhv_taxi_data_dag_v1', 'download_ytd_dataset_from_web', 'scheduled__2019-09-01T00:00:00+00:00', '--job-id', '5700', '--raw', '--subdir', 'DAGS_FOLDER/data_ingestion_gcs_dag_v1_fhv.py', '--cfg-path', '/tmp/tmpn4twly95']
[2023-01-27T04:57:11.590+0000] {standard_task_runner.py:83} INFO - Job 5700: Subtask download_ytd_dataset_from_web
[2023-01-27T04:57:11.671+0000] {task_command.py:388} INFO - Running <TaskInstance: fhv_taxi_data_dag_v1.download_ytd_dataset_from_web scheduled__2019-09-01T00:00:00+00:00 [running]> on host 8bc22b99c76b
[2023-01-27T04:57:11.817+0000] {taskinstance.py:1509} INFO - Exporting the following env vars:
AIRFLOW_CTX_DAG_OWNER=***
AIRFLOW_CTX_DAG_ID=fhv_taxi_data_dag_v1
AIRFLOW_CTX_TASK_ID=download_ytd_dataset_from_web
AIRFLOW_CTX_EXECUTION_DATE=2019-09-01T00:00:00+00:00
AIRFLOW_CTX_TRY_NUMBER=1
AIRFLOW_CTX_DAG_RUN_ID=scheduled__2019-09-01T00:00:00+00:00
[2023-01-27T04:57:11.819+0000] {subprocess.py:63} INFO - Tmp dir root location: 
 /tmp
[2023-01-27T04:57:11.820+0000] {subprocess.py:75} INFO - Running command: ['/bin/bash', '-c', 'wget https://github.com/DataTalksClub/nyc-tlc-data/releases/download/fhv/fhv_tripdata_2019-09.csv.gz -O /opt/***/fhv_tripdata_2019-09.csv.gz']
[2023-01-27T04:57:11.839+0000] {subprocess.py:86} INFO - Output:
[2023-01-27T04:57:11.850+0000] {subprocess.py:93} INFO - --2023-01-27 04:57:11--  https://github.com/DataTalksClub/nyc-tlc-data/releases/download/fhv/fhv_tripdata_2019-09.csv.gz
[2023-01-27T04:57:11.873+0000] {subprocess.py:93} INFO - Resolving github.com (github.com)... 140.82.121.4
[2023-01-27T04:57:11.886+0000] {subprocess.py:93} INFO - Connecting to github.com (github.com)|140.82.121.4|:443... connected.
[2023-01-27T04:57:12.179+0000] {subprocess.py:93} INFO - HTTP request sent, awaiting response... 302 Found
[2023-01-27T04:57:12.180+0000] {subprocess.py:93} INFO - Location: https://objects.githubusercontent.com/github-production-release-asset-2e65be/513814948/ab0c6399-aa20-4223-b7db-15e3ae8dab86?X-Amz-Algorithm=AWS4-HMAC-SHA256&X-Amz-Credential=AKIAIWNJYAX4CSVEH53A%2F20230127%2Fus-east-1%2Fs3%2Faws4_request&X-Amz-Date=20230127T045544Z&X-Amz-Expires=300&X-Amz-Signature=0c9bd191e494832c9caf2143bc67d7a9f0d575ba56adba34ad6a8614ab0d650e&X-Amz-SignedHeaders=host&actor_id=0&key_id=0&repo_id=513814948&response-content-disposition=attachment%3B%20filename%3Dfhv_tripdata_2019-09.csv.gz&response-content-type=application%2Foctet-stream [following]
[2023-01-27T04:57:12.180+0000] {subprocess.py:93} INFO - --2023-01-27 04:57:12--  https://objects.githubusercontent.com/github-production-release-asset-2e65be/513814948/ab0c6399-aa20-4223-b7db-15e3ae8dab86?X-Amz-Algorithm=AWS4-HMAC-SHA256&X-Amz-Credential=AKIAIWNJYAX4CSVEH53A%2F20230127%2Fus-east-1%2Fs3%2Faws4_request&X-Amz-Date=20230127T045544Z&X-Amz-Expires=300&X-Amz-Signature=0c9bd191e494832c9caf2143bc67d7a9f0d575ba56adba34ad6a8614ab0d650e&X-Amz-SignedHeaders=host&actor_id=0&key_id=0&repo_id=513814948&response-content-disposition=attachment%3B%20filename%3Dfhv_tripdata_2019-09.csv.gz&response-content-type=application%2Foctet-stream
[2023-01-27T04:57:12.184+0000] {subprocess.py:93} INFO - Resolving objects.githubusercontent.com (objects.githubusercontent.com)... 185.199.111.133, 185.199.109.133, 185.199.108.133, ...
[2023-01-27T04:57:12.199+0000] {subprocess.py:93} INFO - Connecting to objects.githubusercontent.com (objects.githubusercontent.com)|185.199.111.133|:443... connected.
[2023-01-27T04:57:12.756+0000] {subprocess.py:93} INFO - HTTP request sent, awaiting response... 200 OK
[2023-01-27T04:57:12.756+0000] {subprocess.py:93} INFO - Length: 12591100 (12M) [application/octet-stream]
[2023-01-27T04:57:12.756+0000] {subprocess.py:93} INFO - Saving to: ‘/opt/***/fhv_tripdata_2019-09.csv.gz’
[2023-01-27T04:57:12.759+0000] {subprocess.py:93} INFO - 
[2023-01-27T04:57:12.776+0000] {subprocess.py:93} INFO -      0K .......... .......... .......... .......... ..........  0% 2.43M 5s
[2023-01-27T04:57:12.791+0000] {subprocess.py:93} INFO -     50K .......... .......... .......... .......... ..........  0% 3.32M 4s
[2023-01-27T04:57:12.892+0000] {subprocess.py:93} INFO -    100K .......... .......... .......... .......... ..........  1%  494K 11s
[2023-01-27T04:57:13.008+0000] {subprocess.py:93} INFO -    150K .......... .......... .......... .......... ..........  1%  432K 15s
[2023-01-27T04:57:13.106+0000] {subprocess.py:93} INFO -    200K .......... .......... .......... .......... ..........  2%  506K 17s
[2023-01-27T04:57:13.216+0000] {subprocess.py:93} INFO -    250K .......... .......... .......... .......... ..........  2%  457K 18s
[2023-01-27T04:57:13.328+0000] {subprocess.py:93} INFO -    300K .......... .......... .......... .......... ..........  2%  447K 20s
[2023-01-27T04:57:13.475+0000] {subprocess.py:93} INFO -    350K .......... .......... .......... .......... ..........  3%  339K 21s
[2023-01-27T04:57:13.580+0000] {subprocess.py:93} INFO -    400K .......... .......... .......... .......... ..........  3%  479K 22s
[2023-01-27T04:57:13.693+0000] {subprocess.py:93} INFO -    450K .......... .......... .......... .......... ..........  4%  441K 22s
[2023-01-27T04:57:13.775+0000] {subprocess.py:93} INFO -    500K .......... .......... .......... .......... ..........  4%  609K 22s
[2023-01-27T04:57:13.799+0000] {subprocess.py:93} INFO -    550K .......... .......... .......... .......... ..........  4% 2.03M 20s
[2023-01-27T04:57:13.864+0000] {subprocess.py:93} INFO -    600K .......... .......... .......... .......... ..........  5%  777K 20s
[2023-01-27T04:57:13.901+0000] {subprocess.py:93} INFO -    650K .......... .......... .......... .......... ..........  5% 1.32M 19s
[2023-01-27T04:57:13.932+0000] {subprocess.py:93} INFO -    700K .......... .......... .......... .......... ..........  6% 1.54M 18s
[2023-01-27T04:57:13.952+0000] {subprocess.py:93} INFO -    750K .......... .......... .......... .......... ..........  6% 2.46M 17s
[2023-01-27T04:57:13.998+0000] {subprocess.py:93} INFO -    800K .......... .......... .......... .......... ..........  6% 1.07M 17s
[2023-01-27T04:57:14.035+0000] {subprocess.py:93} INFO -    850K .......... .......... .......... .......... ..........  7% 1.30M 16s
[2023-01-27T04:57:14.085+0000] {subprocess.py:93} INFO -    900K .......... .......... .......... .......... ..........  7% 1007K 16s
[2023-01-27T04:57:14.108+0000] {subprocess.py:93} INFO -    950K .......... .......... .......... .......... ..........  8% 2.11M 15s
[2023-01-27T04:57:14.108+0000] {subprocess.py:93} INFO -   1000K .......... .......... .......... .......... ..........  8%  302M 14s
[2023-01-27T04:57:14.142+0000] {subprocess.py:93} INFO -   1050K .......... .......... .......... .......... ..........  8% 1.45M 14s
[2023-01-27T04:57:14.214+0000] {subprocess.py:93} INFO -   1100K .......... .......... .......... .......... ..........  9%  691K 14s
[2023-01-27T04:57:14.232+0000] {subprocess.py:93} INFO -   1150K .......... .......... .......... .......... ..........  9% 2.76M 14s
[2023-01-27T04:57:14.235+0000] {subprocess.py:93} INFO -   1200K .......... .......... .......... .......... .......... 10% 13.9M 13s
[2023-01-27T04:57:14.310+0000] {subprocess.py:93} INFO -   1250K .......... .......... .......... .......... .......... 10%  674K 13s
[2023-01-27T04:57:14.353+0000] {subprocess.py:93} INFO -   1300K .......... .......... .......... .......... .......... 10% 1.13M 13s
[2023-01-27T04:57:14.391+0000] {subprocess.py:93} INFO -   1350K .......... .......... .......... .......... .......... 11% 1.26M 13s
[2023-01-27T04:57:14.404+0000] {subprocess.py:93} INFO -   1400K .......... .......... .......... .......... .......... 11% 3.67M 12s
[2023-01-27T04:57:14.405+0000] {subprocess.py:93} INFO -   1450K .......... .......... .......... .......... .......... 12%  332M 12s
[2023-01-27T04:57:14.441+0000] {subprocess.py:93} INFO -   1500K .......... .......... .......... .......... .......... 12% 1.33M 12s
[2023-01-27T04:57:14.484+0000] {subprocess.py:93} INFO -   1550K .......... .......... .......... .......... .......... 13% 1.14M 12s
[2023-01-27T04:57:14.513+0000] {subprocess.py:93} INFO -   1600K .......... .......... .......... .......... .......... 13% 1.70M 11s
[2023-01-27T04:57:14.530+0000] {subprocess.py:93} INFO -   1650K .......... .......... .......... .......... .......... 13% 2.75M 11s
[2023-01-27T04:57:14.541+0000] {subprocess.py:93} INFO -   1700K .......... .......... .......... .......... .......... 14% 4.59M 11s
[2023-01-27T04:57:14.584+0000] {subprocess.py:93} INFO -   1750K .......... .......... .......... .......... .......... 14% 1.13M 11s
[2023-01-27T04:57:14.606+0000] {subprocess.py:93} INFO -   1800K .......... .......... .......... .......... .......... 15% 2.21M 10s
[2023-01-27T04:57:14.643+0000] {subprocess.py:93} INFO -   1850K .......... .......... .......... .......... .......... 15% 1.34M 10s
[2023-01-27T04:57:14.676+0000] {subprocess.py:93} INFO -   1900K .......... .......... .......... .......... .......... 15% 1.47M 10s
[2023-01-27T04:57:14.716+0000] {subprocess.py:93} INFO -   1950K .......... .......... .......... .......... .......... 16% 1.22M 10s
[2023-01-27T04:57:14.725+0000] {subprocess.py:93} INFO -   2000K .......... .......... .......... .......... .......... 16% 5.46M 10s
[2023-01-27T04:57:14.738+0000] {subprocess.py:93} INFO -   2050K .......... .......... .......... .......... .......... 17% 3.68M 10s
[2023-01-27T04:57:14.761+0000] {subprocess.py:93} INFO -   2100K .......... .......... .......... .......... .......... 17% 2.11M 9s
[2023-01-27T04:57:14.783+0000] {subprocess.py:93} INFO -   2150K .......... .......... .......... .......... .......... 17% 2.24M 9s
[2023-01-27T04:57:14.926+0000] {subprocess.py:93} INFO -   2200K .......... .......... .......... .......... .......... 18%  348K 10s
[2023-01-27T04:57:14.964+0000] {subprocess.py:93} INFO -   2250K .......... .......... .......... .......... .......... 18% 1.31M 10s
[2023-01-27T04:57:15.017+0000] {subprocess.py:93} INFO -   2300K .......... .......... .......... .......... .......... 19%  942K 10s
[2023-01-27T04:57:15.066+0000] {subprocess.py:93} INFO -   2350K .......... .......... .......... .......... .......... 19% 1021K 10s
[2023-01-27T04:57:15.084+0000] {subprocess.py:93} INFO -   2400K .......... .......... .......... .......... .......... 19% 2.71M 9s
[2023-01-27T04:57:15.098+0000] {subprocess.py:93} INFO -   2450K .......... .......... .......... .......... .......... 20% 3.41M 9s
[2023-01-27T04:57:15.130+0000] {subprocess.py:93} INFO -   2500K .......... .......... .......... .......... .......... 20% 1.56M 9s
[2023-01-27T04:57:15.198+0000] {subprocess.py:93} INFO -   2550K .......... .......... .......... .......... .......... 21%  731K 9s
[2023-01-27T04:57:15.241+0000] {subprocess.py:93} INFO -   2600K .......... .......... .......... .......... .......... 21% 1.14M 9s
[2023-01-27T04:57:15.275+0000] {subprocess.py:93} INFO -   2650K .......... .......... .......... .......... .......... 21% 1.43M 9s
[2023-01-27T04:57:15.305+0000] {subprocess.py:93} INFO -   2700K .......... .......... .......... .......... .......... 22% 1.61M 9s
[2023-01-27T04:57:15.324+0000] {subprocess.py:93} INFO -   2750K .......... .......... .......... .......... .......... 22% 2.66M 9s
[2023-01-27T04:57:15.333+0000] {subprocess.py:93} INFO -   2800K .......... .......... .......... .......... .......... 23% 5.44M 9s
[2023-01-27T04:57:15.354+0000] {subprocess.py:93} INFO -   2850K .......... .......... .......... .......... .......... 23% 2.35M 8s
[2023-01-27T04:57:15.390+0000] {subprocess.py:93} INFO -   2900K .......... .......... .......... .......... .......... 23% 1.35M 8s
[2023-01-27T04:57:15.415+0000] {subprocess.py:93} INFO -   2950K .......... .......... .......... .......... .......... 24% 1.91M 8s
[2023-01-27T04:57:15.442+0000] {subprocess.py:93} INFO -   3000K .......... .......... .......... .......... .......... 24% 1.84M 8s
[2023-01-27T04:57:15.464+0000] {subprocess.py:93} INFO -   3050K .......... .......... .......... .......... .......... 25% 2.21M 8s
[2023-01-27T04:57:15.496+0000] {subprocess.py:93} INFO -   3100K .......... .......... .......... .......... .......... 25% 1.50M 8s
[2023-01-27T04:57:15.527+0000] {subprocess.py:93} INFO -   3150K .......... .......... .......... .......... .......... 26% 1.58M 8s
[2023-01-27T04:57:15.545+0000] {subprocess.py:93} INFO -   3200K .......... .......... .......... .......... .......... 26% 2.76M 8s
[2023-01-27T04:57:15.556+0000] {subprocess.py:93} INFO -   3250K .......... .......... .......... .......... .......... 26% 4.37M 8s
[2023-01-27T04:57:15.580+0000] {subprocess.py:93} INFO -   3300K .......... .......... .......... .......... .......... 27% 2.06M 8s
[2023-01-27T04:57:15.596+0000] {subprocess.py:93} INFO -   3350K .......... .......... .......... .......... .......... 27% 3.01M 7s
[2023-01-27T04:57:15.624+0000] {subprocess.py:93} INFO -   3400K .......... .......... .......... .......... .......... 28% 1.73M 7s
[2023-01-27T04:57:15.723+0000] {subprocess.py:93} INFO -   3450K .......... .......... .......... .......... .......... 28%  507K 7s
[2023-01-27T04:57:15.723+0000] {subprocess.py:93} INFO -   3500K .......... .......... .......... .......... .......... 28%  317M 7s
[2023-01-27T04:57:15.723+0000] {subprocess.py:93} INFO -   3550K .......... .......... .......... .......... .......... 29%  255M 7s
[2023-01-27T04:57:15.723+0000] {subprocess.py:93} INFO -   3600K .......... .......... .......... .......... .......... 29%  301M 7s
[2023-01-27T04:57:15.745+0000] {subprocess.py:93} INFO -   3650K .......... .......... .......... .......... .......... 30% 2.31M 7s
[2023-01-27T04:57:15.756+0000] {subprocess.py:93} INFO -   3700K .......... .......... .......... .......... .......... 30% 4.16M 7s
[2023-01-27T04:57:15.761+0000] {subprocess.py:93} INFO -   3750K .......... .......... .......... .......... .......... 30% 10.7M 7s
[2023-01-27T04:57:15.772+0000] {subprocess.py:93} INFO -   3800K .......... .......... .......... .......... .......... 31% 4.47M 7s
[2023-01-27T04:57:15.807+0000] {subprocess.py:93} INFO -   3850K .......... .......... .......... .......... .......... 31% 1.40M 7s
[2023-01-27T04:57:15.820+0000] {subprocess.py:93} INFO -   3900K .......... .......... .......... .......... .......... 32% 3.77M 6s
[2023-01-27T04:57:15.848+0000] {subprocess.py:93} INFO -   3950K .......... .......... .......... .......... .......... 32% 1.74M 6s
[2023-01-27T04:57:15.861+0000] {subprocess.py:93} INFO -   4000K .......... .......... .......... .......... .......... 32% 3.69M 6s
[2023-01-27T04:57:15.870+0000] {subprocess.py:93} INFO -   4050K .......... .......... .......... .......... .......... 33% 5.51M 6s
[2023-01-27T04:57:15.893+0000] {subprocess.py:93} INFO -   4100K .......... .......... .......... .......... .......... 33% 2.11M 6s
[2023-01-27T04:57:15.933+0000] {subprocess.py:93} INFO -   4150K .......... .......... .......... .......... .......... 34% 1.23M 6s
[2023-01-27T04:57:15.951+0000] {subprocess.py:93} INFO -   4200K .......... .......... .......... .......... .......... 34% 2.74M 6s
[2023-01-27T04:57:15.966+0000] {subprocess.py:93} INFO -   4250K .......... .......... .......... .......... .......... 34% 3.23M 6s
[2023-01-27T04:57:15.982+0000] {subprocess.py:93} INFO -   4300K .......... .......... .......... .......... .......... 35% 2.94M 6s
[2023-01-27T04:57:15.998+0000] {subprocess.py:93} INFO -   4350K .......... .......... .......... .......... .......... 35% 3.68M 6s
[2023-01-27T04:57:16.040+0000] {subprocess.py:93} INFO -   4400K .......... .......... .......... .......... .......... 36% 1.11M 6s
[2023-01-27T04:57:16.063+0000] {subprocess.py:93} INFO -   4450K .......... .......... .......... .......... .......... 36% 2.12M 6s
[2023-01-27T04:57:16.134+0000] {subprocess.py:93} INFO -   4500K .......... .......... .......... .......... .......... 37%  700K 6s
[2023-01-27T04:57:16.163+0000] {subprocess.py:93} INFO -   4550K .......... .......... .......... .......... .......... 37% 1.71M 6s
[2023-01-27T04:57:16.178+0000] {subprocess.py:93} INFO -   4600K .......... .......... .......... .......... .......... 37% 3.26M 6s
[2023-01-27T04:57:16.189+0000] {subprocess.py:93} INFO -   4650K .......... .......... .......... .......... .......... 38% 4.35M 6s
[2023-01-27T04:57:16.211+0000] {subprocess.py:93} INFO -   4700K .......... .......... .......... .......... .......... 38% 2.21M 5s
[2023-01-27T04:57:16.251+0000] {subprocess.py:93} INFO -   4750K .......... .......... .......... .......... .......... 39% 1.39M 5s
[2023-01-27T04:57:16.272+0000] {subprocess.py:93} INFO -   4800K .......... .......... .......... .......... .......... 39% 1.85M 5s
[2023-01-27T04:57:16.290+0000] {subprocess.py:93} INFO -   4850K .......... .......... .......... .......... .......... 39% 2.75M 5s
[2023-01-27T04:57:16.312+0000] {subprocess.py:93} INFO -   4900K .......... .......... .......... .......... .......... 40% 2.27M 5s
[2023-01-27T04:57:16.320+0000] {subprocess.py:93} INFO -   4950K .......... .......... .......... .......... .......... 40% 5.60M 5s
[2023-01-27T04:57:16.363+0000] {subprocess.py:93} INFO -   5000K .......... .......... .......... .......... .......... 41% 1.15M 5s
[2023-01-27T04:57:16.380+0000] {subprocess.py:93} INFO -   5050K .......... .......... .......... .......... .......... 41% 2.76M 5s
[2023-01-27T04:57:16.406+0000] {subprocess.py:93} INFO -   5100K .......... .......... .......... .......... .......... 41% 1.94M 5s
[2023-01-27T04:57:16.431+0000] {subprocess.py:93} INFO -   5150K .......... .......... .......... .......... .......... 42% 2.32M 5s
[2023-01-27T04:57:16.438+0000] {subprocess.py:93} INFO -   5200K .......... .......... .......... .......... .......... 42% 4.43M 5s
[2023-01-27T04:57:16.478+0000] {subprocess.py:93} INFO -   5250K .......... .......... .......... .......... .......... 43% 1.21M 5s
[2023-01-27T04:57:16.509+0000] {subprocess.py:93} INFO -   5300K .......... .......... .......... .......... .......... 43% 1.57M 5s
[2023-01-27T04:57:16.532+0000] {subprocess.py:93} INFO -   5350K .......... .......... .......... .......... .......... 43% 2.22M 5s
[2023-01-27T04:57:16.557+0000] {subprocess.py:93} INFO -   5400K .......... .......... .......... .......... .......... 44% 1.91M 5s
[2023-01-27T04:57:16.568+0000] {subprocess.py:93} INFO -   5450K .......... .......... .......... .......... .......... 44% 4.67M 5s
[2023-01-27T04:57:16.591+0000] {subprocess.py:93} INFO -   5500K .......... .......... .......... .......... .......... 45% 2.06M 5s
[2023-01-27T04:57:16.623+0000] {subprocess.py:93} INFO -   5550K .......... .......... .......... .......... .......... 45% 1.75M 5s
[2023-01-27T04:57:16.655+0000] {subprocess.py:93} INFO -   5600K .......... .......... .......... .......... .......... 45% 1.35M 5s
[2023-01-27T04:57:16.673+0000] {subprocess.py:93} INFO -   5650K .......... .......... .......... .......... .......... 46% 2.80M 5s
[2023-01-27T04:57:16.694+0000] {subprocess.py:93} INFO -   5700K .......... .......... .......... .......... .......... 46% 2.35M 4s
[2023-01-27T04:57:16.718+0000] {subprocess.py:93} INFO -   5750K .......... .......... .......... .......... .......... 47% 2.00M 4s
[2023-01-27T04:57:16.742+0000] {subprocess.py:93} INFO -   5800K .......... .......... .......... .......... .......... 47% 2.04M 4s
[2023-01-27T04:57:16.775+0000] {subprocess.py:93} INFO -   5850K .......... .......... .......... .......... .......... 47% 1.47M 4s
[2023-01-27T04:57:16.897+0000] {subprocess.py:93} INFO -   5900K .......... .......... .......... .......... .......... 48%  411K 4s
[2023-01-27T04:57:16.904+0000] {subprocess.py:93} INFO -   5950K .......... .......... .......... .......... .......... 48% 7.38M 4s
[2023-01-27T04:57:16.908+0000] {subprocess.py:93} INFO -   6000K .......... .......... .......... .......... .......... 49% 10.3M 4s
[2023-01-27T04:57:16.909+0000] {subprocess.py:93} INFO -   6050K .......... .......... .......... .......... .......... 49% 92.3M 4s
[2023-01-27T04:57:16.947+0000] {subprocess.py:93} INFO -   6100K .......... .......... .......... .......... .......... 50% 1.29M 4s
[2023-01-27T04:57:17.002+0000] {subprocess.py:93} INFO -   6150K .......... .......... .......... .......... .......... 50%  913K 4s
[2023-01-27T04:57:17.022+0000] {subprocess.py:93} INFO -   6200K .......... .......... .......... .......... .......... 50% 2.43M 4s
[2023-01-27T04:57:17.030+0000] {subprocess.py:93} INFO -   6250K .......... .......... .......... .......... .......... 51% 6.15M 4s
[2023-01-27T04:57:17.043+0000] {subprocess.py:93} INFO -   6300K .......... .......... .......... .......... .......... 51% 3.76M 4s
[2023-01-27T04:57:17.046+0000] {subprocess.py:93} INFO -   6350K .......... .......... .......... .......... .......... 52% 13.7M 4s
[2023-01-27T04:57:17.082+0000] {subprocess.py:93} INFO -   6400K .......... .......... .......... .......... .......... 52% 1.37M 4s
[2023-01-27T04:57:17.104+0000] {subprocess.py:93} INFO -   6450K .......... .......... .......... .......... .......... 52% 2.20M 4s
[2023-01-27T04:57:17.134+0000] {subprocess.py:93} INFO -   6500K .......... .......... .......... .......... .......... 53% 1.65M 4s
[2023-01-27T04:57:17.160+0000] {subprocess.py:93} INFO -   6550K .......... .......... .......... .......... .......... 53% 1.89M 4s
[2023-01-27T04:57:17.177+0000] {subprocess.py:93} INFO -   6600K .......... .......... .......... .......... .......... 54% 2.78M 4s
[2023-01-27T04:57:17.186+0000] {subprocess.py:93} INFO -   6650K .......... .......... .......... .......... .......... 54% 5.41M 4s
[2023-01-27T04:57:17.216+0000] {subprocess.py:93} INFO -   6700K .......... .......... .......... .......... .......... 54% 1.65M 4s
[2023-01-27T04:57:17.257+0000] {subprocess.py:93} INFO -   6750K .......... .......... .......... .......... .......... 55% 2.07M 4s
[2023-01-27T04:57:17.284+0000] {subprocess.py:93} INFO -   6800K .......... .......... .......... .......... .......... 55% 1.11M 4s
[2023-01-27T04:57:17.312+0000] {subprocess.py:93} INFO -   6850K .......... .......... .......... .......... .......... 56% 1.69M 4s
[2023-01-27T04:57:17.330+0000] {subprocess.py:93} INFO -   6900K .......... .......... .......... .......... .......... 56% 2.76M 4s
[2023-01-27T04:57:17.335+0000] {subprocess.py:93} INFO -   6950K .......... .......... .......... .......... .......... 56% 10.7M 3s
[2023-01-27T04:57:17.352+0000] {subprocess.py:93} INFO -   7000K .......... .......... .......... .......... .......... 57% 2.78M 3s
[2023-01-27T04:57:17.372+0000] {subprocess.py:93} INFO -   7050K .......... .......... .......... .......... .......... 57% 2.49M 3s
[2023-01-27T04:57:17.398+0000] {subprocess.py:93} INFO -   7100K .......... .......... .......... .......... .......... 58% 1.84M 3s
[2023-01-27T04:57:17.429+0000] {subprocess.py:93} INFO -   7150K .......... .......... .......... .......... .......... 58% 1.88M 3s
[2023-01-27T04:57:17.458+0000] {subprocess.py:93} INFO -   7200K .......... .......... .......... .......... .......... 58% 1.45M 3s
[2023-01-27T04:57:17.475+0000] {subprocess.py:93} INFO -   7250K .......... .......... .......... .......... .......... 59% 2.82M 3s
[2023-01-27T04:57:17.481+0000] {subprocess.py:93} INFO -   7300K .......... .......... .......... .......... .......... 59% 8.00M 3s
[2023-01-27T04:57:17.515+0000] {subprocess.py:93} INFO -   7350K .......... .......... .......... .......... .......... 60% 1.46M 3s
[2023-01-27T04:57:17.569+0000] {subprocess.py:93} INFO -   7400K .......... .......... .......... .......... .......... 60%  921K 3s
[2023-01-27T04:57:17.610+0000] {subprocess.py:93} INFO -   7450K .......... .......... .......... .......... .......... 60% 1.19M 3s
[2023-01-27T04:57:17.650+0000] {subprocess.py:93} INFO -   7500K .......... .......... .......... .......... .......... 61% 1.22M 3s
[2023-01-27T04:57:17.668+0000] {subprocess.py:93} INFO -   7550K .......... .......... .......... .......... .......... 61% 3.68M 3s
[2023-01-27T04:57:17.674+0000] {subprocess.py:93} INFO -   7600K .......... .......... .......... .......... .......... 62% 4.74M 3s
[2023-01-27T04:57:17.695+0000] {subprocess.py:93} INFO -   7650K .......... .......... .......... .......... .......... 62% 2.36M 3s
[2023-01-27T04:57:17.720+0000] {subprocess.py:93} INFO -   7700K .......... .......... .......... .......... .......... 63% 1.95M 3s
[2023-01-27T04:57:17.755+0000] {subprocess.py:93} INFO -   7750K .......... .......... .......... .......... .......... 63% 1.38M 3s
[2023-01-27T04:57:17.785+0000] {subprocess.py:93} INFO -   7800K .......... .......... .......... .......... .......... 63% 1.60M 3s
[2023-01-27T04:57:17.812+0000] {subprocess.py:93} INFO -   7850K .......... .......... .......... .......... .......... 64% 1.84M 3s
[2023-01-27T04:57:17.848+0000] {subprocess.py:93} INFO -   7900K .......... .......... .......... .......... .......... 64% 1.37M 3s
[2023-01-27T04:57:17.890+0000] {subprocess.py:93} INFO -   7950K .......... .......... .......... .......... .......... 65% 1.47M 3s
[2023-01-27T04:57:17.899+0000] {subprocess.py:93} INFO -   8000K .......... .......... .......... .......... .......... 65% 2.76M 3s
[2023-01-27T04:57:17.916+0000] {subprocess.py:93} INFO -   8050K .......... .......... .......... .......... .......... 65% 2.74M 3s
[2023-01-27T04:57:17.938+0000] {subprocess.py:93} INFO -   8100K .......... .......... .......... .......... .......... 66% 2.21M 3s
[2023-01-27T04:57:17.958+0000] {subprocess.py:93} INFO -   8150K .......... .......... .......... .......... .......... 66% 2.52M 3s
[2023-01-27T04:57:17.976+0000] {subprocess.py:93} INFO -   8200K .......... .......... .......... .......... .......... 67% 2.73M 3s
[2023-01-27T04:57:18.013+0000] {subprocess.py:93} INFO -   8250K .......... .......... .......... .......... .......... 67% 1.32M 3s
[2023-01-27T04:57:18.023+0000] {subprocess.py:93} INFO -   8300K .......... .......... .......... .......... .......... 67% 4.62M 2s
[2023-01-27T04:57:18.052+0000] {subprocess.py:93} INFO -   8350K .......... .......... .......... .......... .......... 68% 2.11M 2s
[2023-01-27T04:57:18.071+0000] {subprocess.py:93} INFO -   8400K .......... .......... .......... .......... .......... 68% 1.99M 2s
[2023-01-27T04:57:18.095+0000] {subprocess.py:93} INFO -   8450K .......... .......... .......... .......... .......... 69% 2.03M 2s
[2023-01-27T04:57:18.144+0000] {subprocess.py:93} INFO -   8500K .......... .......... .......... .......... .......... 69% 1019K 2s
[2023-01-27T04:57:18.169+0000] {subprocess.py:93} INFO -   8550K .......... .......... .......... .......... .......... 69% 1.96M 2s
[2023-01-27T04:57:18.191+0000] {subprocess.py:93} INFO -   8600K .......... .......... .......... .......... .......... 70% 2.20M 2s
[2023-01-27T04:57:18.204+0000] {subprocess.py:93} INFO -   8650K .......... .......... .......... .......... .......... 70% 3.91M 2s
[2023-01-27T04:57:18.217+0000] {subprocess.py:93} INFO -   8700K .......... .......... .......... .......... .......... 71% 3.65M 2s
[2023-01-27T04:57:18.226+0000] {subprocess.py:93} INFO -   8750K .......... .......... .......... .......... .......... 71% 11.2M 2s
[2023-01-27T04:57:18.265+0000] {subprocess.py:93} INFO -   8800K .......... .......... .......... .......... .......... 71% 1.11M 2s
[2023-01-27T04:57:18.296+0000] {subprocess.py:93} INFO -   8850K .......... .......... .......... .......... .......... 72% 1.56M 2s
[2023-01-27T04:57:18.319+0000] {subprocess.py:93} INFO -   8900K .......... .......... .......... .......... .......... 72% 2.21M 2s
[2023-01-27T04:57:18.347+0000] {subprocess.py:93} INFO -   8950K .......... .......... .......... .......... .......... 73% 1.75M 2s
[2023-01-27T04:57:18.367+0000] {subprocess.py:93} INFO -   9000K .......... .......... .......... .......... .......... 73% 2.41M 2s
[2023-01-27T04:57:18.391+0000] {subprocess.py:93} INFO -   9050K .......... .......... .......... .......... .......... 74% 2.02M 2s
[2023-01-27T04:57:18.400+0000] {subprocess.py:93} INFO -   9100K .......... .......... .......... .......... .......... 74% 5.47M 2s
[2023-01-27T04:57:18.421+0000] {subprocess.py:93} INFO -   9150K .......... .......... .......... .......... .......... 74% 3.68M 2s
[2023-01-27T04:57:18.444+0000] {subprocess.py:93} INFO -   9200K .......... .......... .......... .......... .......... 75% 1.60M 2s
[2023-01-27T04:57:18.460+0000] {subprocess.py:93} INFO -   9250K .......... .......... .......... .......... .......... 75% 3.04M 2s
[2023-01-27T04:57:18.487+0000] {subprocess.py:93} INFO -   9300K .......... .......... .......... .......... .......... 76% 1.81M 2s
[2023-01-27T04:57:18.515+0000] {subprocess.py:93} INFO -   9350K .......... .......... .......... .......... .......... 76% 1.71M 2s
[2023-01-27T04:57:18.542+0000] {subprocess.py:93} INFO -   9400K .......... .......... .......... .......... .......... 76% 1.84M 2s
[2023-01-27T04:57:18.559+0000] {subprocess.py:93} INFO -   9450K .......... .......... .......... .......... .......... 77% 2.75M 2s
[2023-01-27T04:57:18.569+0000] {subprocess.py:93} INFO -   9500K .......... .......... .......... .......... .......... 77% 5.04M 2s
[2023-01-27T04:57:18.604+0000] {subprocess.py:93} INFO -   9550K .......... .......... .......... .......... .......... 78% 1.42M 2s
[2023-01-27T04:57:18.666+0000] {subprocess.py:93} INFO -   9600K .......... .......... .......... .......... .......... 78%  804K 2s
[2023-01-27T04:57:18.696+0000] {subprocess.py:93} INFO -   9650K .......... .......... .......... .......... .......... 78% 1.60M 2s
[2023-01-27T04:57:18.718+0000] {subprocess.py:93} INFO -   9700K .......... .......... .......... .......... .......... 79% 2.21M 2s
[2023-01-27T04:57:18.733+0000] {subprocess.py:93} INFO -   9750K .......... .......... .......... .......... .......... 79% 3.30M 2s
[2023-01-27T04:57:18.738+0000] {subprocess.py:93} INFO -   9800K .......... .......... .......... .......... .......... 80% 10.7M 1s
[2023-01-27T04:57:18.742+0000] {subprocess.py:93} INFO -   9850K .......... .......... .......... .......... .......... 80% 11.2M 1s
[2023-01-27T04:57:18.768+0000] {subprocess.py:93} INFO -   9900K .......... .......... .......... .......... .......... 80% 1.85M 1s
[2023-01-27T04:57:18.785+0000] {subprocess.py:93} INFO -   9950K .......... .......... .......... .......... .......... 81% 2.89M 1s
[2023-01-27T04:57:18.826+0000] {subprocess.py:93} INFO -  10000K .......... .......... .......... .......... .......... 81% 1.20M 1s
[2023-01-27T04:57:18.858+0000] {subprocess.py:93} INFO -  10050K .......... .......... .......... .......... .......... 82% 1.50M 1s
[2023-01-27T04:57:18.887+0000] {subprocess.py:93} INFO -  10100K .......... .......... .......... .......... .......... 82% 1.71M 1s
[2023-01-27T04:57:18.908+0000] {subprocess.py:93} INFO -  10150K .......... .......... .......... .......... .......... 82% 2.33M 1s
[2023-01-27T04:57:18.917+0000] {subprocess.py:93} INFO -  10200K .......... .......... .......... .......... .......... 83% 5.33M 1s
[2023-01-27T04:57:18.929+0000] {subprocess.py:93} INFO -  10250K .......... .......... .......... .......... .......... 83% 3.91M 1s
[2023-01-27T04:57:18.944+0000] {subprocess.py:93} INFO -  10300K .......... .......... .......... .......... .......... 84% 3.42M 1s
[2023-01-27T04:57:18.970+0000] {subprocess.py:93} INFO -  10350K .......... .......... .......... .......... .......... 84% 1.87M 1s
[2023-01-27T04:57:18.993+0000] {subprocess.py:93} INFO -  10400K .......... .......... .......... .......... .......... 84% 2.11M 1s
[2023-01-27T04:57:19.015+0000] {subprocess.py:93} INFO -  10450K .......... .......... .......... .......... .......... 85% 2.18M 1s
[2023-01-27T04:57:19.029+0000] {subprocess.py:93} INFO -  10500K .......... .......... .......... .......... .......... 85% 3.67M 1s
[2023-01-27T04:57:19.047+0000] {subprocess.py:93} INFO -  10550K .......... .......... .......... .......... .......... 86% 2.63M 1s
[2023-01-27T04:57:19.066+0000] {subprocess.py:93} INFO -  10600K .......... .......... .......... .......... .......... 86% 2.61M 1s
[2023-01-27T04:57:19.100+0000] {subprocess.py:93} INFO -  10650K .......... .......... .......... .......... .......... 87% 1.44M 1s
[2023-01-27T04:57:19.118+0000] {subprocess.py:93} INFO -  10700K .......... .......... .......... .......... .......... 87% 2.73M 1s
[2023-01-27T04:57:19.138+0000] {subprocess.py:93} INFO -  10750K .......... .......... .......... .......... .......... 87% 2.40M 1s
[2023-01-27T04:57:19.152+0000] {subprocess.py:93} INFO -  10800K .......... .......... .......... .......... .......... 88% 3.66M 1s
[2023-01-27T04:57:19.189+0000] {subprocess.py:93} INFO -  10850K .......... .......... .......... .......... .......... 88% 1.30M 1s
[2023-01-27T04:57:19.212+0000] {subprocess.py:93} INFO -  10900K .......... .......... .......... .......... .......... 89% 2.14M 1s
[2023-01-27T04:57:19.253+0000] {subprocess.py:93} INFO -  10950K .......... .......... .......... .......... .......... 89% 1.18M 1s
[2023-01-27T04:57:19.269+0000] {subprocess.py:93} INFO -  11000K .......... .......... .......... .......... .......... 89% 3.07M 1s
[2023-01-27T04:57:19.297+0000] {subprocess.py:93} INFO -  11050K .......... .......... .......... .......... .......... 90% 1.77M 1s
[2023-01-27T04:57:19.311+0000] {subprocess.py:93} INFO -  11100K .......... .......... .......... .......... .......... 90% 4.52M 1s
[2023-01-27T04:57:19.321+0000] {subprocess.py:93} INFO -  11150K .......... .......... .......... .......... .......... 91% 3.69M 1s
[2023-01-27T04:57:19.331+0000] {subprocess.py:93} INFO -  11200K .......... .......... .......... .......... .......... 91% 4.47M 1s
[2023-01-27T04:57:19.362+0000] {subprocess.py:93} INFO -  11250K .......... .......... .......... .......... .......... 91% 1.60M 1s
[2023-01-27T04:57:19.438+0000] {subprocess.py:93} INFO -  11300K .......... .......... .......... .......... .......... 92%  663K 1s
[2023-01-27T04:57:19.486+0000] {subprocess.py:93} INFO -  11350K .......... .......... .......... .......... .......... 92% 1018K 1s
[2023-01-27T04:57:19.605+0000] {subprocess.py:93} INFO -  11400K .......... .......... .......... .......... .......... 93%  424K 1s
[2023-01-27T04:57:19.622+0000] {subprocess.py:93} INFO -  11450K .......... .......... .......... .......... .......... 93% 2.74M 0s
[2023-01-27T04:57:19.627+0000] {subprocess.py:93} INFO -  11500K .......... .......... .......... .......... .......... 93% 9.90M 0s
[2023-01-27T04:57:19.635+0000] {subprocess.py:93} INFO -  11550K .......... .......... .......... .......... .......... 94% 6.50M 0s
[2023-01-27T04:57:19.662+0000] {subprocess.py:93} INFO -  11600K .......... .......... .......... .......... .......... 94% 1.76M 0s
[2023-01-27T04:57:19.699+0000] {subprocess.py:93} INFO -  11650K .......... .......... .......... .......... .......... 95% 1.34M 0s
[2023-01-27T04:57:19.729+0000] {subprocess.py:93} INFO -  11700K .......... .......... .......... .......... .......... 95% 1.63M 0s
[2023-01-27T04:57:19.743+0000] {subprocess.py:93} INFO -  11750K .......... .......... .......... .......... .......... 95% 3.50M 0s
[2023-01-27T04:57:19.752+0000] {subprocess.py:93} INFO -  11800K .......... .......... .......... .......... .......... 96% 5.46M 0s
[2023-01-27T04:57:19.771+0000] {subprocess.py:93} INFO -  11850K .......... .......... .......... .......... .......... 96% 2.51M 0s
[2023-01-27T04:57:19.814+0000] {subprocess.py:93} INFO -  11900K .......... .......... .......... .......... .......... 97% 1.13M 0s
[2023-01-27T04:57:19.830+0000] {subprocess.py:93} INFO -  11950K .......... .......... .......... .......... .......... 97% 3.15M 0s
[2023-01-27T04:57:19.856+0000] {subprocess.py:93} INFO -  12000K .......... .......... .......... .......... .......... 97% 1.83M 0s
[2023-01-27T04:57:19.898+0000] {subprocess.py:93} INFO -  12050K .......... .......... .......... .......... .......... 98% 1.65M 0s
[2023-01-27T04:57:19.912+0000] {subprocess.py:93} INFO -  12100K .......... .......... .......... .......... .......... 98% 1.91M 0s
[2023-01-27T04:57:19.925+0000] {subprocess.py:93} INFO -  12150K .......... .......... .......... .......... .......... 99% 3.68M 0s
[2023-01-27T04:57:19.942+0000] {subprocess.py:93} INFO -  12200K .......... .......... .......... .......... .......... 99% 2.83M 0s
[2023-01-27T04:57:19.955+0000] {subprocess.py:93} INFO -  12250K .......... .......... .......... .......... .....     100% 3.40M=7.2s
[2023-01-27T04:57:19.955+0000] {subprocess.py:93} INFO - 
[2023-01-27T04:57:19.956+0000] {subprocess.py:93} INFO - 2023-01-27 04:57:19 (1.67 MB/s) - ‘/opt/***/fhv_tripdata_2019-09.csv.gz’ saved [12591100/12591100]
[2023-01-27T04:57:19.956+0000] {subprocess.py:93} INFO - 
[2023-01-27T04:57:19.956+0000] {subprocess.py:97} INFO - Command exited with return code 0
[2023-01-27T04:57:19.978+0000] {taskinstance.py:1323} INFO - Marking task as SUCCESS. dag_id=fhv_taxi_data_dag_v1, task_id=download_ytd_dataset_from_web, execution_date=20190901T000000, start_date=20230127T045711, end_date=20230127T045719
[2023-01-27T04:57:20.018+0000] {local_task_job.py:208} INFO - Task exited with return code 0
[2023-01-27T04:57:20.045+0000] {taskinstance.py:2578} INFO - 1 downstream tasks scheduled from follow-on schedule check
