[2023-01-27T04:58:52.718+0000] {taskinstance.py:1083} INFO - Dependencies all met for <TaskInstance: fhv_taxi_data_dag_v1.download_ytd_dataset_from_web scheduled__2021-03-01T00:00:00+00:00 [queued]>
[2023-01-27T04:58:52.730+0000] {taskinstance.py:1083} INFO - Dependencies all met for <TaskInstance: fhv_taxi_data_dag_v1.download_ytd_dataset_from_web scheduled__2021-03-01T00:00:00+00:00 [queued]>
[2023-01-27T04:58:52.731+0000] {taskinstance.py:1279} INFO - 
--------------------------------------------------------------------------------
[2023-01-27T04:58:52.731+0000] {taskinstance.py:1280} INFO - Starting attempt 1 of 1
[2023-01-27T04:58:52.731+0000] {taskinstance.py:1281} INFO - 
--------------------------------------------------------------------------------
[2023-01-27T04:58:52.749+0000] {taskinstance.py:1300} INFO - Executing <Task(BashOperator): download_ytd_dataset_from_web> on 2021-03-01 00:00:00+00:00
[2023-01-27T04:58:52.758+0000] {standard_task_runner.py:55} INFO - Started process 7717 to run task
[2023-01-27T04:58:52.762+0000] {standard_task_runner.py:82} INFO - Running: ['***', 'tasks', 'run', 'fhv_taxi_data_dag_v1', 'download_ytd_dataset_from_web', 'scheduled__2021-03-01T00:00:00+00:00', '--job-id', '5792', '--raw', '--subdir', 'DAGS_FOLDER/data_ingestion_gcs_dag_v1_fhv.py', '--cfg-path', '/tmp/tmp3yxfpc82']
[2023-01-27T04:58:52.765+0000] {standard_task_runner.py:83} INFO - Job 5792: Subtask download_ytd_dataset_from_web
[2023-01-27T04:58:52.842+0000] {task_command.py:388} INFO - Running <TaskInstance: fhv_taxi_data_dag_v1.download_ytd_dataset_from_web scheduled__2021-03-01T00:00:00+00:00 [running]> on host 8bc22b99c76b
[2023-01-27T04:58:52.933+0000] {taskinstance.py:1509} INFO - Exporting the following env vars:
AIRFLOW_CTX_DAG_OWNER=***
AIRFLOW_CTX_DAG_ID=fhv_taxi_data_dag_v1
AIRFLOW_CTX_TASK_ID=download_ytd_dataset_from_web
AIRFLOW_CTX_EXECUTION_DATE=2021-03-01T00:00:00+00:00
AIRFLOW_CTX_TRY_NUMBER=1
AIRFLOW_CTX_DAG_RUN_ID=scheduled__2021-03-01T00:00:00+00:00
[2023-01-27T04:58:52.935+0000] {subprocess.py:63} INFO - Tmp dir root location: 
 /tmp
[2023-01-27T04:58:52.935+0000] {subprocess.py:75} INFO - Running command: ['/bin/bash', '-c', 'wget https://github.com/DataTalksClub/nyc-tlc-data/releases/download/fhv/fhv_tripdata_2021-03.csv.gz -O /opt/***/fhv_tripdata_2021-03.csv.gz']
[2023-01-27T04:58:52.952+0000] {subprocess.py:86} INFO - Output:
[2023-01-27T04:58:52.956+0000] {subprocess.py:93} INFO - --2023-01-27 04:58:52--  https://github.com/DataTalksClub/nyc-tlc-data/releases/download/fhv/fhv_tripdata_2021-03.csv.gz
[2023-01-27T04:58:52.968+0000] {subprocess.py:93} INFO - Resolving github.com (github.com)... 140.82.121.3
[2023-01-27T04:58:52.992+0000] {subprocess.py:93} INFO - Connecting to github.com (github.com)|140.82.121.3|:443... connected.
[2023-01-27T04:58:53.288+0000] {subprocess.py:93} INFO - HTTP request sent, awaiting response... 302 Found
[2023-01-27T04:58:53.288+0000] {subprocess.py:93} INFO - Location: https://objects.githubusercontent.com/github-production-release-asset-2e65be/513814948/29aca4b0-5f25-4031-8b92-1547b366007e?X-Amz-Algorithm=AWS4-HMAC-SHA256&X-Amz-Credential=AKIAIWNJYAX4CSVEH53A%2F20230127%2Fus-east-1%2Fs3%2Faws4_request&X-Amz-Date=20230127T045725Z&X-Amz-Expires=300&X-Amz-Signature=730ea3de97fa4bed222cf628ace820bf3020b48be3776c2c35bb06e099dc5d8a&X-Amz-SignedHeaders=host&actor_id=0&key_id=0&repo_id=513814948&response-content-disposition=attachment%3B%20filename%3Dfhv_tripdata_2021-03.csv.gz&response-content-type=application%2Foctet-stream [following]
[2023-01-27T04:58:53.288+0000] {subprocess.py:93} INFO - --2023-01-27 04:58:53--  https://objects.githubusercontent.com/github-production-release-asset-2e65be/513814948/29aca4b0-5f25-4031-8b92-1547b366007e?X-Amz-Algorithm=AWS4-HMAC-SHA256&X-Amz-Credential=AKIAIWNJYAX4CSVEH53A%2F20230127%2Fus-east-1%2Fs3%2Faws4_request&X-Amz-Date=20230127T045725Z&X-Amz-Expires=300&X-Amz-Signature=730ea3de97fa4bed222cf628ace820bf3020b48be3776c2c35bb06e099dc5d8a&X-Amz-SignedHeaders=host&actor_id=0&key_id=0&repo_id=513814948&response-content-disposition=attachment%3B%20filename%3Dfhv_tripdata_2021-03.csv.gz&response-content-type=application%2Foctet-stream
[2023-01-27T04:58:53.294+0000] {subprocess.py:93} INFO - Resolving objects.githubusercontent.com (objects.githubusercontent.com)... 185.199.110.133, 185.199.111.133, 185.199.109.133, ...
[2023-01-27T04:58:53.315+0000] {subprocess.py:93} INFO - Connecting to objects.githubusercontent.com (objects.githubusercontent.com)|185.199.110.133|:443... connected.
[2023-01-27T04:58:53.746+0000] {subprocess.py:93} INFO - HTTP request sent, awaiting response... 200 OK
[2023-01-27T04:58:53.747+0000] {subprocess.py:93} INFO - Length: 13460274 (13M) [application/octet-stream]
[2023-01-27T04:58:53.747+0000] {subprocess.py:93} INFO - Saving to: ‘/opt/***/fhv_tripdata_2021-03.csv.gz’
[2023-01-27T04:58:53.747+0000] {subprocess.py:93} INFO - 
[2023-01-27T04:58:53.782+0000] {subprocess.py:93} INFO -      0K .......... .......... .......... .......... ..........  0% 1.37M 9s
[2023-01-27T04:58:53.821+0000] {subprocess.py:93} INFO -     50K .......... .......... .......... .......... ..........  0% 1.28M 10s
[2023-01-27T04:58:53.830+0000] {subprocess.py:93} INFO -    100K .......... .......... .......... .......... ..........  1% 5.38M 7s
[2023-01-27T04:58:53.837+0000] {subprocess.py:93} INFO -    150K .......... .......... .......... .......... ..........  1% 6.81M 6s
[2023-01-27T04:58:53.845+0000] {subprocess.py:93} INFO -    200K .......... .......... .......... .......... ..........  1% 6.01M 5s
[2023-01-27T04:58:53.851+0000] {subprocess.py:93} INFO -    250K .......... .......... .......... .......... ..........  2% 8.37M 4s
[2023-01-27T04:58:53.859+0000] {subprocess.py:93} INFO -    300K .......... .......... .......... .......... ..........  2% 5.76M 4s
[2023-01-27T04:58:53.869+0000] {subprocess.py:93} INFO -    350K .......... .......... .......... .......... ..........  3% 5.14M 4s
[2023-01-27T04:58:53.874+0000] {subprocess.py:93} INFO -    400K .......... .......... .......... .......... ..........  3% 9.65M 4s
[2023-01-27T04:58:53.879+0000] {subprocess.py:93} INFO -    450K .......... .......... .......... .......... ..........  3% 9.40M 3s
[2023-01-27T04:58:53.884+0000] {subprocess.py:93} INFO -    500K .......... .......... .......... .......... ..........  4% 10.0M 3s
[2023-01-27T04:58:53.890+0000] {subprocess.py:93} INFO -    550K .......... .......... .......... .......... ..........  4% 8.10M 3s
[2023-01-27T04:58:53.896+0000] {subprocess.py:93} INFO -    600K .......... .......... .......... .......... ..........  4% 7.56M 3s
[2023-01-27T04:58:53.899+0000] {subprocess.py:93} INFO -    650K .......... .......... .......... .......... ..........  5% 15.2M 3s
[2023-01-27T04:58:53.905+0000] {subprocess.py:93} INFO -    700K .......... .......... .......... .......... ..........  5% 8.40M 3s
[2023-01-27T04:58:53.910+0000] {subprocess.py:93} INFO -    750K .......... .......... .......... .......... ..........  6% 10.9M 3s
[2023-01-27T04:58:53.917+0000] {subprocess.py:93} INFO -    800K .......... .......... .......... .......... ..........  6% 6.42M 2s
[2023-01-27T04:58:53.922+0000] {subprocess.py:93} INFO -    850K .......... .......... .......... .......... ..........  6% 10.8M 2s
[2023-01-27T04:58:53.925+0000] {subprocess.py:93} INFO -    900K .......... .......... .......... .......... ..........  7% 15.5M 2s
[2023-01-27T04:58:53.930+0000] {subprocess.py:93} INFO -    950K .......... .......... .......... .......... ..........  7% 9.68M 2s
[2023-01-27T04:58:53.935+0000] {subprocess.py:93} INFO -   1000K .......... .......... .......... .......... ..........  7% 10.7M 2s
[2023-01-27T04:58:53.940+0000] {subprocess.py:93} INFO -   1050K .......... .......... .......... .......... ..........  8% 8.87M 2s
[2023-01-27T04:58:53.945+0000] {subprocess.py:93} INFO -   1100K .......... .......... .......... .......... ..........  8% 9.38M 2s
[2023-01-27T04:58:53.951+0000] {subprocess.py:93} INFO -   1150K .......... .......... .......... .......... ..........  9% 9.49M 2s
[2023-01-27T04:58:53.954+0000] {subprocess.py:93} INFO -   1200K .......... .......... .......... .......... ..........  9% 14.5M 2s
[2023-01-27T04:58:53.960+0000] {subprocess.py:93} INFO -   1250K .......... .......... .......... .......... ..........  9% 8.39M 2s
[2023-01-27T04:58:53.968+0000] {subprocess.py:93} INFO -   1300K .......... .......... .......... .......... .......... 10% 6.46M 2s
[2023-01-27T04:58:53.972+0000] {subprocess.py:93} INFO -   1350K .......... .......... .......... .......... .......... 10% 10.1M 2s
[2023-01-27T04:58:53.977+0000] {subprocess.py:93} INFO -   1400K .......... .......... .......... .......... .......... 11% 9.60M 2s
[2023-01-27T04:58:53.985+0000] {subprocess.py:93} INFO -   1450K .......... .......... .......... .......... .......... 11% 6.22M 2s
[2023-01-27T04:58:53.989+0000] {subprocess.py:93} INFO -   1500K .......... .......... .......... .......... .......... 11% 13.7M 2s
[2023-01-27T04:58:53.996+0000] {subprocess.py:93} INFO -   1550K .......... .......... .......... .......... .......... 12% 6.79M 2s
[2023-01-27T04:58:54.006+0000] {subprocess.py:93} INFO -   1600K .......... .......... .......... .......... .......... 12% 4.80M 2s
[2023-01-27T04:58:54.007+0000] {subprocess.py:93} INFO -   1650K .......... .......... .......... .......... .......... 12%  206M 2s
[2023-01-27T04:58:54.012+0000] {subprocess.py:93} INFO -   1700K .......... .......... .......... .......... .......... 13% 7.85M 2s
[2023-01-27T04:58:54.018+0000] {subprocess.py:93} INFO -   1750K .......... .......... .......... .......... .......... 13% 8.70M 2s
[2023-01-27T04:58:54.029+0000] {subprocess.py:93} INFO -   1800K .......... .......... .......... .......... .......... 14% 4.67M 2s
[2023-01-27T04:58:54.037+0000] {subprocess.py:93} INFO -   1850K .......... .......... .......... .......... .......... 14% 5.70M 2s
[2023-01-27T04:58:54.042+0000] {subprocess.py:93} INFO -   1900K .......... .......... .......... .......... .......... 14% 9.34M 2s
[2023-01-27T04:58:54.050+0000] {subprocess.py:93} INFO -   1950K .......... .......... .......... .......... .......... 15% 6.33M 2s
[2023-01-27T04:58:54.058+0000] {subprocess.py:93} INFO -   2000K .......... .......... .......... .......... .......... 15% 6.19M 2s
[2023-01-27T04:58:54.070+0000] {subprocess.py:93} INFO -   2050K .......... .......... .......... .......... .......... 15% 4.02M 2s
[2023-01-27T04:58:54.076+0000] {subprocess.py:93} INFO -   2100K .......... .......... .......... .......... .......... 16% 8.93M 2s
[2023-01-27T04:58:54.082+0000] {subprocess.py:93} INFO -   2150K .......... .......... .......... .......... .......... 16% 7.58M 2s
[2023-01-27T04:58:54.086+0000] {subprocess.py:93} INFO -   2200K .......... .......... .......... .......... .......... 17% 11.8M 2s
[2023-01-27T04:58:54.093+0000] {subprocess.py:93} INFO -   2250K .......... .......... .......... .......... .......... 17% 7.19M 2s
[2023-01-27T04:58:54.107+0000] {subprocess.py:93} INFO -   2300K .......... .......... .......... .......... .......... 17% 3.45M 2s
[2023-01-27T04:58:54.121+0000] {subprocess.py:93} INFO -   2350K .......... .......... .......... .......... .......... 18% 3.49M 2s
[2023-01-27T04:58:54.128+0000] {subprocess.py:93} INFO -   2400K .......... .......... .......... .......... .......... 18% 6.87M 2s
[2023-01-27T04:58:54.133+0000] {subprocess.py:93} INFO -   2450K .......... .......... .......... .......... .......... 19% 11.1M 2s
[2023-01-27T04:58:54.140+0000] {subprocess.py:93} INFO -   2500K .......... .......... .......... .......... .......... 19% 6.85M 2s
[2023-01-27T04:58:54.147+0000] {subprocess.py:93} INFO -   2550K .......... .......... .......... .......... .......... 19% 6.42M 2s
[2023-01-27T04:58:54.158+0000] {subprocess.py:93} INFO -   2600K .......... .......... .......... .......... .......... 20% 4.53M 2s
[2023-01-27T04:58:54.162+0000] {subprocess.py:93} INFO -   2650K .......... .......... .......... .......... .......... 20% 14.2M 2s
[2023-01-27T04:58:54.174+0000] {subprocess.py:93} INFO -   2700K .......... .......... .......... .......... .......... 20% 3.87M 2s
[2023-01-27T04:58:54.182+0000] {subprocess.py:93} INFO -   2750K .......... .......... .......... .......... .......... 21% 6.56M 2s
[2023-01-27T04:58:54.188+0000] {subprocess.py:93} INFO -   2800K .......... .......... .......... .......... .......... 21% 8.07M 2s
[2023-01-27T04:58:54.198+0000] {subprocess.py:93} INFO -   2850K .......... .......... .......... .......... .......... 22% 4.83M 2s
[2023-01-27T04:58:54.203+0000] {subprocess.py:93} INFO -   2900K .......... .......... .......... .......... .......... 22% 9.00M 2s
[2023-01-27T04:58:54.208+0000] {subprocess.py:93} INFO -   2950K .......... .......... .......... .......... .......... 22% 9.29M 2s
[2023-01-27T04:58:54.221+0000] {subprocess.py:93} INFO -   3000K .......... .......... .......... .......... .......... 23% 3.79M 2s
[2023-01-27T04:58:54.226+0000] {subprocess.py:93} INFO -   3050K .......... .......... .......... .......... .......... 23% 9.70M 2s
[2023-01-27T04:58:54.240+0000] {subprocess.py:93} INFO -   3100K .......... .......... .......... .......... .......... 23% 3.71M 2s
[2023-01-27T04:58:54.253+0000] {subprocess.py:93} INFO -   3150K .......... .......... .......... .......... .......... 24% 3.56M 2s
[2023-01-27T04:58:54.257+0000] {subprocess.py:93} INFO -   3200K .......... .......... .......... .......... .......... 24% 14.6M 2s
[2023-01-27T04:58:54.259+0000] {subprocess.py:93} INFO -   3250K .......... .......... .......... .......... .......... 25% 18.3M 2s
[2023-01-27T04:58:54.268+0000] {subprocess.py:93} INFO -   3300K .......... .......... .......... .......... .......... 25% 5.66M 2s
[2023-01-27T04:58:54.278+0000] {subprocess.py:93} INFO -   3350K .......... .......... .......... .......... .......... 25% 5.02M 2s
[2023-01-27T04:58:54.289+0000] {subprocess.py:93} INFO -   3400K .......... .......... .......... .......... .......... 26% 4.27M 2s
[2023-01-27T04:58:54.292+0000] {subprocess.py:93} INFO -   3450K .......... .......... .......... .......... .......... 26% 16.1M 2s
[2023-01-27T04:58:54.304+0000] {subprocess.py:93} INFO -   3500K .......... .......... .......... .......... .......... 27% 4.17M 2s
[2023-01-27T04:58:54.309+0000] {subprocess.py:93} INFO -   3550K .......... .......... .......... .......... .......... 27% 9.50M 1s
[2023-01-27T04:58:54.319+0000] {subprocess.py:93} INFO -   3600K .......... .......... .......... .......... .......... 27% 4.72M 1s
[2023-01-27T04:58:54.323+0000] {subprocess.py:93} INFO -   3650K .......... .......... .......... .......... .......... 28% 15.1M 1s
[2023-01-27T04:58:54.331+0000] {subprocess.py:93} INFO -   3700K .......... .......... .......... .......... .......... 28% 5.65M 1s
[2023-01-27T04:58:54.339+0000] {subprocess.py:93} INFO -   3750K .......... .......... .......... .......... .......... 28% 6.21M 1s
[2023-01-27T04:58:54.344+0000] {subprocess.py:93} INFO -   3800K .......... .......... .......... .......... .......... 29% 9.99M 1s
[2023-01-27T04:58:54.352+0000] {subprocess.py:93} INFO -   3850K .......... .......... .......... .......... .......... 29% 5.85M 1s
[2023-01-27T04:58:54.361+0000] {subprocess.py:93} INFO -   3900K .......... .......... .......... .......... .......... 30% 5.74M 1s
[2023-01-27T04:58:54.374+0000] {subprocess.py:93} INFO -   3950K .......... .......... .......... .......... .......... 30% 3.61M 1s
[2023-01-27T04:58:54.375+0000] {subprocess.py:93} INFO -   4000K .......... .......... .......... .......... .......... 30%  234M 1s
[2023-01-27T04:58:54.384+0000] {subprocess.py:93} INFO -   4050K .......... .......... .......... .......... .......... 31% 5.38M 1s
[2023-01-27T04:58:54.388+0000] {subprocess.py:93} INFO -   4100K .......... .......... .......... .......... .......... 31% 10.2M 1s
[2023-01-27T04:58:54.399+0000] {subprocess.py:93} INFO -   4150K .......... .......... .......... .......... .......... 31% 4.79M 1s
[2023-01-27T04:58:54.404+0000] {subprocess.py:93} INFO -   4200K .......... .......... .......... .......... .......... 32% 9.17M 1s
[2023-01-27T04:58:54.412+0000] {subprocess.py:93} INFO -   4250K .......... .......... .......... .......... .......... 32% 6.03M 1s
[2023-01-27T04:58:54.423+0000] {subprocess.py:93} INFO -   4300K .......... .......... .......... .......... .......... 33% 4.66M 1s
[2023-01-27T04:58:54.431+0000] {subprocess.py:93} INFO -   4350K .......... .......... .......... .......... .......... 33% 7.69M 1s
[2023-01-27T04:58:54.441+0000] {subprocess.py:93} INFO -   4400K .......... .......... .......... .......... .......... 33% 3.90M 1s
[2023-01-27T04:58:54.448+0000] {subprocess.py:93} INFO -   4450K .......... .......... .......... .......... .......... 34% 7.06M 1s
[2023-01-27T04:58:54.452+0000] {subprocess.py:93} INFO -   4500K .......... .......... .......... .......... .......... 34% 14.2M 1s
[2023-01-27T04:58:54.463+0000] {subprocess.py:93} INFO -   4550K .......... .......... .......... .......... .......... 34% 4.18M 1s
[2023-01-27T04:58:54.468+0000] {subprocess.py:93} INFO -   4600K .......... .......... .......... .......... .......... 35% 9.87M 1s
[2023-01-27T04:58:54.475+0000] {subprocess.py:93} INFO -   4650K .......... .......... .......... .......... .......... 35% 7.50M 1s
[2023-01-27T04:58:54.485+0000] {subprocess.py:93} INFO -   4700K .......... .......... .......... .......... .......... 36% 4.68M 1s
[2023-01-27T04:58:54.500+0000] {subprocess.py:93} INFO -   4750K .......... .......... .......... .......... .......... 36% 10.7M 1s
[2023-01-27T04:58:54.504+0000] {subprocess.py:93} INFO -   4800K .......... .......... .......... .......... .......... 36% 3.54M 1s
[2023-01-27T04:58:54.506+0000] {subprocess.py:93} INFO -   4850K .......... .......... .......... .......... .......... 37% 20.0M 1s
[2023-01-27T04:58:54.513+0000] {subprocess.py:93} INFO -   4900K .......... .......... .......... .......... .......... 37% 7.36M 1s
[2023-01-27T04:58:54.522+0000] {subprocess.py:93} INFO -   4950K .......... .......... .......... .......... .......... 38% 5.13M 1s
[2023-01-27T04:58:54.530+0000] {subprocess.py:93} INFO -   5000K .......... .......... .......... .......... .......... 38% 6.65M 1s
[2023-01-27T04:58:54.536+0000] {subprocess.py:93} INFO -   5050K .......... .......... .......... .......... .......... 38% 7.72M 1s
[2023-01-27T04:58:54.545+0000] {subprocess.py:93} INFO -   5100K .......... .......... .......... .......... .......... 39% 5.42M 1s
[2023-01-27T04:58:54.559+0000] {subprocess.py:93} INFO -   5150K .......... .......... .......... .......... .......... 39% 6.20M 1s
[2023-01-27T04:58:54.562+0000] {subprocess.py:93} INFO -   5200K .......... .......... .......... .......... .......... 39% 5.50M 1s
[2023-01-27T04:58:54.569+0000] {subprocess.py:93} INFO -   5250K .......... .......... .......... .......... .......... 40% 6.54M 1s
[2023-01-27T04:58:54.631+0000] {subprocess.py:93} INFO -   5300K .......... .......... .......... .......... .......... 40%  812K 1s
[2023-01-27T04:58:54.631+0000] {subprocess.py:93} INFO -   5350K .......... .......... .......... .......... .......... 41%  483M 1s
[2023-01-27T04:58:54.635+0000] {subprocess.py:93} INFO -   5400K .......... .......... .......... .......... .......... 41% 10.8M 1s
[2023-01-27T04:58:54.636+0000] {subprocess.py:93} INFO -   5450K .......... .......... .......... .......... .......... 41%  460M 1s
[2023-01-27T04:58:54.640+0000] {subprocess.py:93} INFO -   5500K .......... .......... .......... .......... .......... 42% 10.2M 1s
[2023-01-27T04:58:54.647+0000] {subprocess.py:93} INFO -   5550K .......... .......... .......... .......... .......... 42% 27.9M 1s
[2023-01-27T04:58:54.648+0000] {subprocess.py:93} INFO -   5600K .......... .......... .......... .......... .......... 42% 7.58M 1s
[2023-01-27T04:58:54.650+0000] {subprocess.py:93} INFO -   5650K .......... .......... .......... .......... .......... 43% 34.7M 1s
[2023-01-27T04:58:54.655+0000] {subprocess.py:93} INFO -   5700K .......... .......... .......... .......... .......... 43% 9.72M 1s
[2023-01-27T04:58:54.658+0000] {subprocess.py:93} INFO -   5750K .......... .......... .......... .......... .......... 44% 16.6M 1s
[2023-01-27T04:58:54.658+0000] {subprocess.py:93} INFO -   5800K .......... .......... .......... .......... .......... 44%  187M 1s
[2023-01-27T04:58:54.658+0000] {subprocess.py:93} INFO -   5850K .......... .......... .......... .......... .......... 44%  360M 1s
[2023-01-27T04:58:54.658+0000] {subprocess.py:93} INFO -   5900K .......... .......... .......... .......... .......... 45%  378M 1s
[2023-01-27T04:58:54.664+0000] {subprocess.py:93} INFO -   5950K .......... .......... .......... .......... .......... 45% 10.7M 1s
[2023-01-27T04:58:54.670+0000] {subprocess.py:93} INFO -   6000K .......... .......... .......... .......... .......... 46% 7.28M 1s
[2023-01-27T04:58:54.673+0000] {subprocess.py:93} INFO -   6050K .......... .......... .......... .......... .......... 46% 16.2M 1s
[2023-01-27T04:58:54.676+0000] {subprocess.py:93} INFO -   6100K .......... .......... .......... .......... .......... 46% 12.7M 1s
[2023-01-27T04:58:54.684+0000] {subprocess.py:93} INFO -   6150K .......... .......... .......... .......... .......... 47% 6.18M 1s
[2023-01-27T04:58:54.696+0000] {subprocess.py:93} INFO -   6200K .......... .......... .......... .......... .......... 47% 4.04M 1s
[2023-01-27T04:58:54.700+0000] {subprocess.py:93} INFO -   6250K .......... .......... .......... .......... .......... 47% 14.9M 1s
[2023-01-27T04:58:54.707+0000] {subprocess.py:93} INFO -   6300K .......... .......... .......... .......... .......... 48% 7.03M 1s
[2023-01-27T04:58:54.711+0000] {subprocess.py:93} INFO -   6350K .......... .......... .......... .......... .......... 48% 33.0M 1s
[2023-01-27T04:58:54.715+0000] {subprocess.py:93} INFO -   6400K .......... .......... .......... .......... .......... 49% 6.73M 1s
[2023-01-27T04:58:54.720+0000] {subprocess.py:93} INFO -   6450K .......... .......... .......... .......... .......... 49% 12.0M 1s
[2023-01-27T04:58:54.729+0000] {subprocess.py:93} INFO -   6500K .......... .......... .......... .......... .......... 49% 5.33M 1s
[2023-01-27T04:58:54.729+0000] {subprocess.py:93} INFO -   6550K .......... .......... .......... .......... .......... 50%  310M 1s
[2023-01-27T04:58:54.731+0000] {subprocess.py:93} INFO -   6600K .......... .......... .......... .......... .......... 50% 22.1M 1s
[2023-01-27T04:58:54.740+0000] {subprocess.py:93} INFO -   6650K .......... .......... .......... .......... .......... 50% 5.11M 1s
[2023-01-27T04:58:54.742+0000] {subprocess.py:93} INFO -   6700K .......... .......... .......... .......... .......... 51% 31.3M 1s
[2023-01-27T04:58:54.751+0000] {subprocess.py:93} INFO -   6750K .......... .......... .......... .......... .......... 51% 5.84M 1s
[2023-01-27T04:58:54.757+0000] {subprocess.py:93} INFO -   6800K .......... .......... .......... .......... .......... 52% 7.38M 1s
[2023-01-27T04:58:54.762+0000] {subprocess.py:93} INFO -   6850K .......... .......... .......... .......... .......... 52% 9.26M 1s
[2023-01-27T04:58:54.764+0000] {subprocess.py:93} INFO -   6900K .......... .......... .......... .......... .......... 52% 26.5M 1s
[2023-01-27T04:58:54.769+0000] {subprocess.py:93} INFO -   6950K .......... .......... .......... .......... .......... 53% 9.23M 1s
[2023-01-27T04:58:54.779+0000] {subprocess.py:93} INFO -   7000K .......... .......... .......... .......... .......... 53% 5.45M 1s
[2023-01-27T04:58:54.783+0000] {subprocess.py:93} INFO -   7050K .......... .......... .......... .......... .......... 54% 10.3M 1s
[2023-01-27T04:58:54.790+0000] {subprocess.py:93} INFO -   7100K .......... .......... .......... .......... .......... 54% 7.42M 1s
[2023-01-27T04:58:54.794+0000] {subprocess.py:93} INFO -   7150K .......... .......... .......... .......... .......... 54% 18.9M 1s
[2023-01-27T04:58:54.802+0000] {subprocess.py:93} INFO -   7200K .......... .......... .......... .......... .......... 55% 5.27M 1s
[2023-01-27T04:58:54.803+0000] {subprocess.py:93} INFO -   7250K .......... .......... .......... .......... .......... 55% 25.8M 1s
[2023-01-27T04:58:54.812+0000] {subprocess.py:93} INFO -   7300K .......... .......... .......... .......... .......... 55% 5.69M 1s
[2023-01-27T04:58:54.819+0000] {subprocess.py:93} INFO -   7350K .......... .......... .......... .......... .......... 56% 7.41M 1s
[2023-01-27T04:58:54.820+0000] {subprocess.py:93} INFO -   7400K .......... .......... .......... .......... .......... 56% 40.5M 1s
[2023-01-27T04:58:54.827+0000] {subprocess.py:93} INFO -   7450K .......... .......... .......... .......... .......... 57% 7.17M 1s
[2023-01-27T04:58:54.830+0000] {subprocess.py:93} INFO -   7500K .......... .......... .......... .......... .......... 57% 14.6M 1s
[2023-01-27T04:58:54.836+0000] {subprocess.py:93} INFO -   7550K .......... .......... .......... .......... .......... 57% 31.3M 1s
[2023-01-27T04:58:54.841+0000] {subprocess.py:93} INFO -   7600K .......... .......... .......... .......... .......... 58% 5.05M 1s
[2023-01-27T04:58:54.845+0000] {subprocess.py:93} INFO -   7650K .......... .......... .......... .......... .......... 58% 11.8M 1s
[2023-01-27T04:58:54.855+0000] {subprocess.py:93} INFO -   7700K .......... .......... .......... .......... .......... 58% 5.17M 1s
[2023-01-27T04:58:54.857+0000] {subprocess.py:93} INFO -   7750K .......... .......... .......... .......... .......... 59% 23.8M 1s
[2023-01-27T04:58:54.859+0000] {subprocess.py:93} INFO -   7800K .......... .......... .......... .......... .......... 59% 20.7M 1s
[2023-01-27T04:58:54.864+0000] {subprocess.py:93} INFO -   7850K .......... .......... .......... .......... .......... 60% 10.3M 1s
[2023-01-27T04:58:54.873+0000] {subprocess.py:93} INFO -   7900K .......... .......... .......... .......... .......... 60% 5.66M 1s
[2023-01-27T04:58:54.879+0000] {subprocess.py:93} INFO -   7950K .......... .......... .......... .......... .......... 60% 10.7M 1s
[2023-01-27T04:58:54.885+0000] {subprocess.py:93} INFO -   8000K .......... .......... .......... .......... .......... 61% 6.48M 1s
[2023-01-27T04:58:54.887+0000] {subprocess.py:93} INFO -   8050K .......... .......... .......... .......... .......... 61% 19.3M 1s
[2023-01-27T04:58:54.893+0000] {subprocess.py:93} INFO -   8100K .......... .......... .......... .......... .......... 62% 7.97M 1s
[2023-01-27T04:58:54.898+0000] {subprocess.py:93} INFO -   8150K .......... .......... .......... .......... .......... 62% 9.92M 1s
[2023-01-27T04:58:54.904+0000] {subprocess.py:93} INFO -   8200K .......... .......... .......... .......... .......... 62% 7.80M 1s
[2023-01-27T04:58:54.908+0000] {subprocess.py:93} INFO -   8250K .......... .......... .......... .......... .......... 63% 13.6M 1s
[2023-01-27T04:58:54.914+0000] {subprocess.py:93} INFO -   8300K .......... .......... .......... .......... .......... 63% 7.96M 1s
[2023-01-27T04:58:54.920+0000] {subprocess.py:93} INFO -   8350K .......... .......... .......... .......... .......... 63% 9.46M 1s
[2023-01-27T04:58:54.925+0000] {subprocess.py:93} INFO -   8400K .......... .......... .......... .......... .......... 64% 9.19M 1s
[2023-01-27T04:58:54.929+0000] {subprocess.py:93} INFO -   8450K .......... .......... .......... .......... .......... 64% 12.5M 1s
[2023-01-27T04:58:54.934+0000] {subprocess.py:93} INFO -   8500K .......... .......... .......... .......... .......... 65% 9.66M 1s
[2023-01-27T04:58:54.939+0000] {subprocess.py:93} INFO -   8550K .......... .......... .......... .......... .......... 65% 9.81M 1s
[2023-01-27T04:58:54.947+0000] {subprocess.py:93} INFO -   8600K .......... .......... .......... .......... .......... 65% 5.56M 1s
[2023-01-27T04:58:54.949+0000] {subprocess.py:93} INFO -   8650K .......... .......... .......... .......... .......... 66% 25.8M 1s
[2023-01-27T04:58:54.952+0000] {subprocess.py:93} INFO -   8700K .......... .......... .......... .......... .......... 66% 18.2M 1s
[2023-01-27T04:58:54.958+0000] {subprocess.py:93} INFO -   8750K .......... .......... .......... .......... .......... 66% 7.92M 1s
[2023-01-27T04:58:54.969+0000] {subprocess.py:93} INFO -   8800K .......... .......... .......... .......... .......... 67% 4.62M 1s
[2023-01-27T04:58:54.974+0000] {subprocess.py:93} INFO -   8850K .......... .......... .......... .......... .......... 67% 8.88M 1s
[2023-01-27T04:58:54.977+0000] {subprocess.py:93} INFO -   8900K .......... .......... .......... .......... .......... 68% 16.5M 1s
[2023-01-27T04:58:54.983+0000] {subprocess.py:93} INFO -   8950K .......... .......... .......... .......... .......... 68% 9.09M 1s
[2023-01-27T04:58:54.986+0000] {subprocess.py:93} INFO -   9000K .......... .......... .......... .......... .......... 68% 13.6M 1s
[2023-01-27T04:58:54.992+0000] {subprocess.py:93} INFO -   9050K .......... .......... .......... .......... .......... 69% 8.60M 1s
[2023-01-27T04:58:55.000+0000] {subprocess.py:93} INFO -   9100K .......... .......... .......... .......... .......... 69% 5.85M 1s
[2023-01-27T04:58:55.012+0000] {subprocess.py:93} INFO -   9150K .......... .......... .......... .......... .......... 69% 9.44M 1s
[2023-01-27T04:58:55.012+0000] {subprocess.py:93} INFO -   9200K .......... .......... .......... .......... .......... 70% 7.45M 1s
[2023-01-27T04:58:55.014+0000] {subprocess.py:93} INFO -   9250K .......... .......... .......... .......... .......... 70% 22.5M 1s
[2023-01-27T04:58:55.020+0000] {subprocess.py:93} INFO -   9300K .......... .......... .......... .......... .......... 71% 8.72M 1s
[2023-01-27T04:58:55.026+0000] {subprocess.py:93} INFO -   9350K .......... .......... .......... .......... .......... 71% 7.39M 1s
[2023-01-27T04:58:55.032+0000] {subprocess.py:93} INFO -   9400K .......... .......... .......... .......... .......... 71% 8.53M 1s
[2023-01-27T04:58:55.039+0000] {subprocess.py:93} INFO -   9450K .......... .......... .......... .......... .......... 72% 6.61M 0s
[2023-01-27T04:58:55.041+0000] {subprocess.py:93} INFO -   9500K .......... .......... .......... .......... .......... 72% 32.8M 0s
[2023-01-27T04:58:55.049+0000] {subprocess.py:93} INFO -   9550K .......... .......... .......... .......... .......... 73% 9.82M 0s
[2023-01-27T04:58:55.054+0000] {subprocess.py:93} INFO -   9600K .......... .......... .......... .......... .......... 73% 6.04M 0s
[2023-01-27T04:58:55.062+0000] {subprocess.py:93} INFO -   9650K .......... .......... .......... .......... .......... 73% 6.64M 0s
[2023-01-27T04:58:55.063+0000] {subprocess.py:93} INFO -   9700K .......... .......... .......... .......... .......... 74% 29.2M 0s
[2023-01-27T04:58:55.071+0000] {subprocess.py:93} INFO -   9750K .......... .......... .......... .......... .......... 74% 6.41M 0s
[2023-01-27T04:58:55.075+0000] {subprocess.py:93} INFO -   9800K .......... .......... .......... .......... .......... 74% 9.99M 0s
[2023-01-27T04:58:55.078+0000] {subprocess.py:93} INFO -   9850K .......... .......... .......... .......... .......... 75% 23.2M 0s
[2023-01-27T04:58:55.085+0000] {subprocess.py:93} INFO -   9900K .......... .......... .......... .......... .......... 75% 6.82M 0s
[2023-01-27T04:58:55.089+0000] {subprocess.py:93} INFO -   9950K .......... .......... .......... .......... .......... 76% 24.6M 0s
[2023-01-27T04:58:55.097+0000] {subprocess.py:93} INFO -  10000K .......... .......... .......... .......... .......... 76% 4.83M 0s
[2023-01-27T04:58:55.100+0000] {subprocess.py:93} INFO -  10050K .......... .......... .......... .......... .......... 76% 15.6M 0s
[2023-01-27T04:58:55.106+0000] {subprocess.py:93} INFO -  10100K .......... .......... .......... .......... .......... 77% 8.01M 0s
[2023-01-27T04:58:55.108+0000] {subprocess.py:93} INFO -  10150K .......... .......... .......... .......... .......... 77% 22.6M 0s
[2023-01-27T04:58:55.112+0000] {subprocess.py:93} INFO -  10200K .......... .......... .......... .......... .......... 77% 14.9M 0s
[2023-01-27T04:58:55.118+0000] {subprocess.py:93} INFO -  10250K .......... .......... .......... .......... .......... 78% 7.56M 0s
[2023-01-27T04:58:55.122+0000] {subprocess.py:93} INFO -  10300K .......... .......... .......... .......... .......... 78% 11.2M 0s
[2023-01-27T04:58:55.131+0000] {subprocess.py:93} INFO -  10350K .......... .......... .......... .......... .......... 79% 6.97M 0s
[2023-01-27T04:58:55.133+0000] {subprocess.py:93} INFO -  10400K .......... .......... .......... .......... .......... 79% 13.5M 0s
[2023-01-27T04:58:55.137+0000] {subprocess.py:93} INFO -  10450K .......... .......... .......... .......... .......... 79% 11.1M 0s
[2023-01-27T04:58:55.145+0000] {subprocess.py:93} INFO -  10500K .......... .......... .......... .......... .......... 80% 6.37M 0s
[2023-01-27T04:58:55.149+0000] {subprocess.py:93} INFO -  10550K .......... .......... .......... .......... .......... 80% 12.7M 0s
[2023-01-27T04:58:55.153+0000] {subprocess.py:93} INFO -  10600K .......... .......... .......... .......... .......... 81% 10.5M 0s
[2023-01-27T04:58:55.159+0000] {subprocess.py:93} INFO -  10650K .......... .......... .......... .......... .......... 81% 9.39M 0s
[2023-01-27T04:58:55.162+0000] {subprocess.py:93} INFO -  10700K .......... .......... .......... .......... .......... 81% 13.1M 0s
[2023-01-27T04:58:55.169+0000] {subprocess.py:93} INFO -  10750K .......... .......... .......... .......... .......... 82% 7.52M 0s
[2023-01-27T04:58:55.174+0000] {subprocess.py:93} INFO -  10800K .......... .......... .......... .......... .......... 82% 9.17M 0s
[2023-01-27T04:58:55.181+0000] {subprocess.py:93} INFO -  10850K .......... .......... .......... .......... .......... 82% 7.40M 0s
[2023-01-27T04:58:55.184+0000] {subprocess.py:93} INFO -  10900K .......... .......... .......... .......... .......... 83% 13.5M 0s
[2023-01-27T04:58:55.190+0000] {subprocess.py:93} INFO -  10950K .......... .......... .......... .......... .......... 83% 9.70M 0s
[2023-01-27T04:58:55.199+0000] {subprocess.py:93} INFO -  11000K .......... .......... .......... .......... .......... 84% 5.15M 0s
[2023-01-27T04:58:55.203+0000] {subprocess.py:93} INFO -  11050K .......... .......... .......... .......... .......... 84% 12.3M 0s
[2023-01-27T04:58:55.209+0000] {subprocess.py:93} INFO -  11100K .......... .......... .......... .......... .......... 84% 8.65M 0s
[2023-01-27T04:58:55.214+0000] {subprocess.py:93} INFO -  11150K .......... .......... .......... .......... .......... 85% 8.57M 0s
[2023-01-27T04:58:55.219+0000] {subprocess.py:93} INFO -  11200K .......... .......... .......... .......... .......... 85% 11.2M 0s
[2023-01-27T04:58:55.223+0000] {subprocess.py:93} INFO -  11250K .......... .......... .......... .......... .......... 85% 11.2M 0s
[2023-01-27T04:58:55.229+0000] {subprocess.py:93} INFO -  11300K .......... .......... .......... .......... .......... 86% 7.78M 0s
[2023-01-27T04:58:55.233+0000] {subprocess.py:93} INFO -  11350K .......... .......... .......... .......... .......... 86% 12.2M 0s
[2023-01-27T04:58:55.242+0000] {subprocess.py:93} INFO -  11400K .......... .......... .......... .......... .......... 87% 5.74M 0s
[2023-01-27T04:58:55.251+0000] {subprocess.py:93} INFO -  11450K .......... .......... .......... .......... .......... 87% 5.55M 0s
[2023-01-27T04:58:55.251+0000] {subprocess.py:93} INFO -  11500K .......... .......... .......... .......... .......... 87%  308M 0s
[2023-01-27T04:58:55.257+0000] {subprocess.py:93} INFO -  11550K .......... .......... .......... .......... .......... 88% 20.3M 0s
[2023-01-27T04:58:55.258+0000] {subprocess.py:93} INFO -  11600K .......... .......... .......... .......... .......... 88% 9.89M 0s
[2023-01-27T04:58:55.263+0000] {subprocess.py:93} INFO -  11650K .......... .......... .......... .......... .......... 89% 10.4M 0s
[2023-01-27T04:58:55.278+0000] {subprocess.py:93} INFO -  11700K .......... .......... .......... .......... .......... 89% 3.33M 0s
[2023-01-27T04:58:55.280+0000] {subprocess.py:93} INFO -  11750K .......... .......... .......... .......... .......... 89% 19.9M 0s
[2023-01-27T04:58:55.286+0000] {subprocess.py:93} INFO -  11800K .......... .......... .......... .......... .......... 90% 8.35M 0s
[2023-01-27T04:58:55.290+0000] {subprocess.py:93} INFO -  11850K .......... .......... .......... .......... .......... 90% 12.1M 0s
[2023-01-27T04:58:55.295+0000] {subprocess.py:93} INFO -  11900K .......... .......... .......... .......... .......... 90% 9.05M 0s
[2023-01-27T04:58:55.302+0000] {subprocess.py:93} INFO -  11950K .......... .......... .......... .......... .......... 91% 8.52M 0s
[2023-01-27T04:58:55.307+0000] {subprocess.py:93} INFO -  12000K .......... .......... .......... .......... .......... 91% 7.70M 0s
[2023-01-27T04:58:55.311+0000] {subprocess.py:93} INFO -  12050K .......... .......... .......... .......... .......... 92% 11.6M 0s
[2023-01-27T04:58:55.317+0000] {subprocess.py:93} INFO -  12100K .......... .......... .......... .......... .......... 92% 8.54M 0s
[2023-01-27T04:58:55.320+0000] {subprocess.py:93} INFO -  12150K .......... .......... .......... .......... .......... 92% 18.3M 0s
[2023-01-27T04:58:55.327+0000] {subprocess.py:93} INFO -  12200K .......... .......... .......... .......... .......... 93% 7.25M 0s
[2023-01-27T04:58:55.331+0000] {subprocess.py:93} INFO -  12250K .......... .......... .......... .......... .......... 93% 10.2M 0s
[2023-01-27T04:58:55.339+0000] {subprocess.py:93} INFO -  12300K .......... .......... .......... .......... .......... 93% 6.39M 0s
[2023-01-27T04:58:55.344+0000] {subprocess.py:93} INFO -  12350K .......... .......... .......... .......... .......... 94% 10.9M 0s
[2023-01-27T04:58:55.348+0000] {subprocess.py:93} INFO -  12400K .......... .......... .......... .......... .......... 94% 10.3M 0s
[2023-01-27T04:58:55.353+0000] {subprocess.py:93} INFO -  12450K .......... .......... .......... .......... .......... 95% 10.4M 0s
[2023-01-27T04:58:55.359+0000] {subprocess.py:93} INFO -  12500K .......... .......... .......... .......... .......... 95% 7.62M 0s
[2023-01-27T04:58:55.366+0000] {subprocess.py:93} INFO -  12550K .......... .......... .......... .......... .......... 95% 7.39M 0s
[2023-01-27T04:58:55.370+0000] {subprocess.py:93} INFO -  12600K .......... .......... .......... .......... .......... 96% 13.3M 0s
[2023-01-27T04:58:55.374+0000] {subprocess.py:93} INFO -  12650K .......... .......... .......... .......... .......... 96% 11.0M 0s
[2023-01-27T04:58:55.377+0000] {subprocess.py:93} INFO -  12700K .......... .......... .......... .......... .......... 96% 14.9M 0s
[2023-01-27T04:58:55.386+0000] {subprocess.py:93} INFO -  12750K .......... .......... .......... .......... .......... 97% 6.70M 0s
[2023-01-27T04:58:55.392+0000] {subprocess.py:93} INFO -  12800K .......... .......... .......... .......... .......... 97% 6.45M 0s
[2023-01-27T04:58:55.397+0000] {subprocess.py:93} INFO -  12850K .......... .......... .......... .......... .......... 98% 10.3M 0s
[2023-01-27T04:58:55.403+0000] {subprocess.py:93} INFO -  12900K .......... .......... .......... .......... .......... 98% 8.52M 0s
[2023-01-27T04:58:55.404+0000] {subprocess.py:93} INFO -  12950K .......... .......... .......... .......... .......... 98% 41.1M 0s
[2023-01-27T04:58:55.410+0000] {subprocess.py:93} INFO -  13000K .......... .......... .......... .......... .......... 99% 8.39M 0s
[2023-01-27T04:58:55.418+0000] {subprocess.py:93} INFO -  13050K .......... .......... .......... .......... .......... 99% 5.85M 0s
[2023-01-27T04:58:55.421+0000] {subprocess.py:93} INFO -  13100K .......... .......... .......... .......... ....      100% 13.6M=1.7s
[2023-01-27T04:58:55.421+0000] {subprocess.py:93} INFO - 
[2023-01-27T04:58:55.422+0000] {subprocess.py:93} INFO - 2023-01-27 04:58:55 (7.67 MB/s) - ‘/opt/***/fhv_tripdata_2021-03.csv.gz’ saved [13460274/13460274]
[2023-01-27T04:58:55.422+0000] {subprocess.py:93} INFO - 
[2023-01-27T04:58:55.422+0000] {subprocess.py:97} INFO - Command exited with return code 0
[2023-01-27T04:58:55.446+0000] {taskinstance.py:1323} INFO - Marking task as SUCCESS. dag_id=fhv_taxi_data_dag_v1, task_id=download_ytd_dataset_from_web, execution_date=20210301T000000, start_date=20230127T045852, end_date=20230127T045855
[2023-01-27T04:58:55.499+0000] {local_task_job.py:208} INFO - Task exited with return code 0
[2023-01-27T04:58:55.538+0000] {taskinstance.py:2578} INFO - 1 downstream tasks scheduled from follow-on schedule check
