[2023-01-27T04:58:44.178+0000] {taskinstance.py:1083} INFO - Dependencies all met for <TaskInstance: fhv_taxi_data_dag_v1.download_ytd_dataset_from_web scheduled__2020-10-01T00:00:00+00:00 [queued]>
[2023-01-27T04:58:44.206+0000] {taskinstance.py:1083} INFO - Dependencies all met for <TaskInstance: fhv_taxi_data_dag_v1.download_ytd_dataset_from_web scheduled__2020-10-01T00:00:00+00:00 [queued]>
[2023-01-27T04:58:44.206+0000] {taskinstance.py:1279} INFO - 
--------------------------------------------------------------------------------
[2023-01-27T04:58:44.207+0000] {taskinstance.py:1280} INFO - Starting attempt 1 of 1
[2023-01-27T04:58:44.207+0000] {taskinstance.py:1281} INFO - 
--------------------------------------------------------------------------------
[2023-01-27T04:58:44.228+0000] {taskinstance.py:1300} INFO - Executing <Task(BashOperator): download_ytd_dataset_from_web> on 2020-10-01 00:00:00+00:00
[2023-01-27T04:58:44.239+0000] {standard_task_runner.py:55} INFO - Started process 7550 to run task
[2023-01-27T04:58:44.241+0000] {standard_task_runner.py:82} INFO - Running: ['***', 'tasks', 'run', 'fhv_taxi_data_dag_v1', 'download_ytd_dataset_from_web', 'scheduled__2020-10-01T00:00:00+00:00', '--job-id', '5774', '--raw', '--subdir', 'DAGS_FOLDER/data_ingestion_gcs_dag_v1_fhv.py', '--cfg-path', '/tmp/tmpeimu3f41']
[2023-01-27T04:58:44.243+0000] {standard_task_runner.py:83} INFO - Job 5774: Subtask download_ytd_dataset_from_web
[2023-01-27T04:58:44.302+0000] {task_command.py:388} INFO - Running <TaskInstance: fhv_taxi_data_dag_v1.download_ytd_dataset_from_web scheduled__2020-10-01T00:00:00+00:00 [running]> on host 8bc22b99c76b
[2023-01-27T04:58:44.407+0000] {taskinstance.py:1509} INFO - Exporting the following env vars:
AIRFLOW_CTX_DAG_OWNER=***
AIRFLOW_CTX_DAG_ID=fhv_taxi_data_dag_v1
AIRFLOW_CTX_TASK_ID=download_ytd_dataset_from_web
AIRFLOW_CTX_EXECUTION_DATE=2020-10-01T00:00:00+00:00
AIRFLOW_CTX_TRY_NUMBER=1
AIRFLOW_CTX_DAG_RUN_ID=scheduled__2020-10-01T00:00:00+00:00
[2023-01-27T04:58:44.409+0000] {subprocess.py:63} INFO - Tmp dir root location: 
 /tmp
[2023-01-27T04:58:44.409+0000] {subprocess.py:75} INFO - Running command: ['/bin/bash', '-c', 'wget https://github.com/DataTalksClub/nyc-tlc-data/releases/download/fhv/fhv_tripdata_2020-10.csv.gz -O /opt/***/fhv_tripdata_2020-10.csv.gz']
[2023-01-27T04:58:44.427+0000] {subprocess.py:86} INFO - Output:
[2023-01-27T04:58:44.432+0000] {subprocess.py:93} INFO - --2023-01-27 04:58:44--  https://github.com/DataTalksClub/nyc-tlc-data/releases/download/fhv/fhv_tripdata_2020-10.csv.gz
[2023-01-27T04:58:44.446+0000] {subprocess.py:93} INFO - Resolving github.com (github.com)... 140.82.121.3
[2023-01-27T04:58:44.471+0000] {subprocess.py:93} INFO - Connecting to github.com (github.com)|140.82.121.3|:443... connected.
[2023-01-27T04:58:44.789+0000] {subprocess.py:93} INFO - HTTP request sent, awaiting response... 302 Found
[2023-01-27T04:58:44.789+0000] {subprocess.py:93} INFO - Location: https://objects.githubusercontent.com/github-production-release-asset-2e65be/513814948/20e547b1-f007-46ea-b037-7016dc626ed8?X-Amz-Algorithm=AWS4-HMAC-SHA256&X-Amz-Credential=AKIAIWNJYAX4CSVEH53A%2F20230127%2Fus-east-1%2Fs3%2Faws4_request&X-Amz-Date=20230127T045717Z&X-Amz-Expires=300&X-Amz-Signature=9963792b01570d3ede13e9640417cb0f32362c2123e964a8256e30e8844e62f2&X-Amz-SignedHeaders=host&actor_id=0&key_id=0&repo_id=513814948&response-content-disposition=attachment%3B%20filename%3Dfhv_tripdata_2020-10.csv.gz&response-content-type=application%2Foctet-stream [following]
[2023-01-27T04:58:44.789+0000] {subprocess.py:93} INFO - --2023-01-27 04:58:44--  https://objects.githubusercontent.com/github-production-release-asset-2e65be/513814948/20e547b1-f007-46ea-b037-7016dc626ed8?X-Amz-Algorithm=AWS4-HMAC-SHA256&X-Amz-Credential=AKIAIWNJYAX4CSVEH53A%2F20230127%2Fus-east-1%2Fs3%2Faws4_request&X-Amz-Date=20230127T045717Z&X-Amz-Expires=300&X-Amz-Signature=9963792b01570d3ede13e9640417cb0f32362c2123e964a8256e30e8844e62f2&X-Amz-SignedHeaders=host&actor_id=0&key_id=0&repo_id=513814948&response-content-disposition=attachment%3B%20filename%3Dfhv_tripdata_2020-10.csv.gz&response-content-type=application%2Foctet-stream
[2023-01-27T04:58:44.795+0000] {subprocess.py:93} INFO - Resolving objects.githubusercontent.com (objects.githubusercontent.com)... 185.199.110.133, 185.199.111.133, 185.199.109.133, ...
[2023-01-27T04:58:44.818+0000] {subprocess.py:93} INFO - Connecting to objects.githubusercontent.com (objects.githubusercontent.com)|185.199.110.133|:443... connected.
[2023-01-27T04:58:45.156+0000] {subprocess.py:93} INFO - HTTP request sent, awaiting response... 200 OK
[2023-01-27T04:58:45.156+0000] {subprocess.py:93} INFO - Length: 13122245 (13M) [application/octet-stream]
[2023-01-27T04:58:45.157+0000] {subprocess.py:93} INFO - Saving to: ‘/opt/***/fhv_tripdata_2020-10.csv.gz’
[2023-01-27T04:58:45.157+0000] {subprocess.py:93} INFO - 
[2023-01-27T04:58:45.328+0000] {subprocess.py:93} INFO -      0K .......... .......... .......... .......... ..........  0%  292K 44s
[2023-01-27T04:58:45.415+0000] {subprocess.py:93} INFO -     50K .......... .......... .......... .......... ..........  0%  575K 33s
[2023-01-27T04:58:45.495+0000] {subprocess.py:93} INFO -    100K .......... .......... .......... .......... ..........  1%  622K 29s
[2023-01-27T04:58:45.499+0000] {subprocess.py:93} INFO -    150K .......... .......... .......... .......... ..........  1% 12.8M 22s
[2023-01-27T04:58:45.582+0000] {subprocess.py:93} INFO -    200K .......... .......... .......... .......... ..........  1%  602K 21s
[2023-01-27T04:58:45.664+0000] {subprocess.py:93} INFO -    250K .......... .......... .......... .......... ..........  2%  607K 21s
[2023-01-27T04:58:45.667+0000] {subprocess.py:93} INFO -    300K .......... .......... .......... .......... ..........  2% 17.9M 18s
[2023-01-27T04:58:45.749+0000] {subprocess.py:93} INFO -    350K .......... .......... .......... .......... ..........  3%  611K 18s
[2023-01-27T04:58:45.752+0000] {subprocess.py:93} INFO -    400K .......... .......... .......... .......... ..........  3% 16.9M 16s
[2023-01-27T04:58:45.754+0000] {subprocess.py:93} INFO -    450K .......... .......... .......... .......... ..........  3% 22.1M 15s
[2023-01-27T04:58:45.757+0000] {subprocess.py:93} INFO -    500K .......... .......... .......... .......... ..........  4% 19.5M 13s
[2023-01-27T04:58:45.834+0000] {subprocess.py:93} INFO -    550K .......... .......... .......... .......... ..........  4%  644K 14s
[2023-01-27T04:58:45.837+0000] {subprocess.py:93} INFO -    600K .......... .......... .......... .......... ..........  5% 20.8M 13s
[2023-01-27T04:58:45.839+0000] {subprocess.py:93} INFO -    650K .......... .......... .......... .......... ..........  5% 20.0M 12s
[2023-01-27T04:58:45.841+0000] {subprocess.py:93} INFO -    700K .......... .......... .......... .......... ..........  5% 26.9M 11s
[2023-01-27T04:58:45.919+0000] {subprocess.py:93} INFO -    750K .......... .......... .......... .......... ..........  6%  641K 11s
[2023-01-27T04:58:45.924+0000] {subprocess.py:93} INFO -    800K .......... .......... .......... .......... ..........  6% 9.72M 11s
[2023-01-27T04:58:45.924+0000] {subprocess.py:93} INFO -    850K .......... .......... .......... .......... ..........  7%  331M 10s
[2023-01-27T04:58:45.927+0000] {subprocess.py:93} INFO -    900K .......... .......... .......... .......... ..........  7% 16.7M 10s
[2023-01-27T04:58:45.927+0000] {subprocess.py:93} INFO -    950K .......... .......... .......... .......... ..........  7%  297M 9s
[2023-01-27T04:58:45.930+0000] {subprocess.py:93} INFO -   1000K .......... .......... .......... .......... ..........  8% 16.4M 9s
[2023-01-27T04:58:45.930+0000] {subprocess.py:93} INFO -   1050K .......... .......... .......... .......... ..........  8%  385M 8s
[2023-01-27T04:58:46.009+0000] {subprocess.py:93} INFO -   1100K .......... .......... .......... .......... ..........  8%  630K 9s
[2023-01-27T04:58:46.012+0000] {subprocess.py:93} INFO -   1150K .......... .......... .......... .......... ..........  9% 18.5M 8s
[2023-01-27T04:58:46.014+0000] {subprocess.py:93} INFO -   1200K .......... .......... .......... .......... ..........  9% 30.6M 8s
[2023-01-27T04:58:46.016+0000] {subprocess.py:93} INFO -   1250K .......... .......... .......... .......... .......... 10% 21.7M 8s
[2023-01-27T04:58:46.017+0000] {subprocess.py:93} INFO -   1300K .......... .......... .......... .......... .......... 10% 45.4M 7s
[2023-01-27T04:58:46.018+0000] {subprocess.py:93} INFO -   1350K .......... .......... .......... .......... .......... 10% 46.7M 7s
[2023-01-27T04:58:46.022+0000] {subprocess.py:93} INFO -   1400K .......... .......... .......... .......... .......... 11% 11.1M 7s
[2023-01-27T04:58:46.023+0000] {subprocess.py:93} INFO -   1450K .......... .......... .......... .......... .......... 11%  354M 7s
[2023-01-27T04:58:46.025+0000] {subprocess.py:93} INFO -   1500K .......... .......... .......... .......... .......... 12% 23.2M 6s
[2023-01-27T04:58:46.025+0000] {subprocess.py:93} INFO -   1550K .......... .......... .......... .......... .......... 12%  286M 6s
[2023-01-27T04:58:46.094+0000] {subprocess.py:93} INFO -   1600K .......... .......... .......... .......... .......... 12%  720K 6s
[2023-01-27T04:58:46.096+0000] {subprocess.py:93} INFO -   1650K .......... .......... .......... .......... .......... 13% 39.5M 6s
[2023-01-27T04:58:46.097+0000] {subprocess.py:93} INFO -   1700K .......... .......... .......... .......... .......... 13% 30.0M 6s
[2023-01-27T04:58:46.106+0000] {subprocess.py:93} INFO -   1750K .......... .......... .......... .......... .......... 14% 5.28M 6s
[2023-01-27T04:58:46.107+0000] {subprocess.py:93} INFO -   1800K .......... .......... .......... .......... .......... 14%  284M 6s
[2023-01-27T04:58:46.107+0000] {subprocess.py:93} INFO -   1850K .......... .......... .......... .......... .......... 14%  384M 5s
[2023-01-27T04:58:46.107+0000] {subprocess.py:93} INFO -   1900K .......... .......... .......... .......... .......... 15%  400M 5s
[2023-01-27T04:58:46.109+0000] {subprocess.py:93} INFO -   1950K .......... .......... .......... .......... .......... 15% 23.9M 5s
[2023-01-27T04:58:46.109+0000] {subprocess.py:93} INFO -   2000K .......... .......... .......... .......... .......... 15%  406M 5s
[2023-01-27T04:58:46.111+0000] {subprocess.py:93} INFO -   2050K .......... .......... .......... .......... .......... 16% 27.2M 5s
[2023-01-27T04:58:46.111+0000] {subprocess.py:93} INFO -   2100K .......... .......... .......... .......... .......... 16%  158M 5s
[2023-01-27T04:58:46.114+0000] {subprocess.py:93} INFO -   2150K .......... .......... .......... .......... .......... 17% 15.0M 5s
[2023-01-27T04:58:46.114+0000] {subprocess.py:93} INFO -   2200K .......... .......... .......... .......... .......... 17%  389M 4s
[2023-01-27T04:58:46.116+0000] {subprocess.py:93} INFO -   2250K .......... .......... .......... .......... .......... 17% 36.1M 4s
[2023-01-27T04:58:46.178+0000] {subprocess.py:93} INFO -   2300K .......... .......... .......... .......... .......... 18%  801K 5s
[2023-01-27T04:58:46.181+0000] {subprocess.py:93} INFO -   2350K .......... .......... .......... .......... .......... 18% 17.7M 4s
[2023-01-27T04:58:46.183+0000] {subprocess.py:93} INFO -   2400K .......... .......... .......... .......... .......... 19% 21.4M 4s
[2023-01-27T04:58:46.184+0000] {subprocess.py:93} INFO -   2450K .......... .......... .......... .......... .......... 19% 42.0M 4s
[2023-01-27T04:58:46.186+0000] {subprocess.py:93} INFO -   2500K .......... .......... .......... .......... .......... 19% 31.7M 4s
[2023-01-27T04:58:46.187+0000] {subprocess.py:93} INFO -   2550K .......... .......... .......... .......... .......... 20% 47.4M 4s
[2023-01-27T04:58:46.190+0000] {subprocess.py:93} INFO -   2600K .......... .......... .......... .......... .......... 20% 15.4M 4s
[2023-01-27T04:58:46.190+0000] {subprocess.py:93} INFO -   2650K .......... .......... .......... .......... .......... 21%  486M 4s
[2023-01-27T04:58:46.192+0000] {subprocess.py:93} INFO -   2700K .......... .......... .......... .......... .......... 21% 35.2M 4s
[2023-01-27T04:58:46.194+0000] {subprocess.py:93} INFO -   2750K .......... .......... .......... .......... .......... 21% 19.2M 4s
[2023-01-27T04:58:46.195+0000] {subprocess.py:93} INFO -   2800K .......... .......... .......... .......... .......... 22% 39.6M 4s
[2023-01-27T04:58:46.198+0000] {subprocess.py:93} INFO -   2850K .......... .......... .......... .......... .......... 22% 17.9M 4s
[2023-01-27T04:58:46.198+0000] {subprocess.py:93} INFO -   2900K .......... .......... .......... .......... .......... 23%  457M 3s
[2023-01-27T04:58:46.200+0000] {subprocess.py:93} INFO -   2950K .......... .......... .......... .......... .......... 23% 37.9M 3s
[2023-01-27T04:58:46.201+0000] {subprocess.py:93} INFO -   3000K .......... .......... .......... .......... .......... 23% 41.8M 3s
[2023-01-27T04:58:46.204+0000] {subprocess.py:93} INFO -   3050K .......... .......... .......... .......... .......... 24% 18.2M 3s
[2023-01-27T04:58:46.204+0000] {subprocess.py:93} INFO -   3100K .......... .......... .......... .......... .......... 24%  158M 3s
[2023-01-27T04:58:46.206+0000] {subprocess.py:93} INFO -   3150K .......... .......... .......... .......... .......... 24% 28.1M 3s
[2023-01-27T04:58:46.264+0000] {subprocess.py:93} INFO -   3200K .......... .......... .......... .......... .......... 25%  851K 3s
[2023-01-27T04:58:46.267+0000] {subprocess.py:93} INFO -   3250K .......... .......... .......... .......... .......... 25% 22.0M 3s
[2023-01-27T04:58:46.268+0000] {subprocess.py:93} INFO -   3300K .......... .......... .......... .......... .......... 26% 50.9M 3s
[2023-01-27T04:58:46.269+0000] {subprocess.py:93} INFO -   3350K .......... .......... .......... .......... .......... 26% 39.7M 3s
[2023-01-27T04:58:46.271+0000] {subprocess.py:93} INFO -   3400K .......... .......... .......... .......... .......... 26% 18.3M 3s
[2023-01-27T04:58:46.272+0000] {subprocess.py:93} INFO -   3450K .......... .......... .......... .......... .......... 27%  142M 3s
[2023-01-27T04:58:46.273+0000] {subprocess.py:93} INFO -   3500K .......... .......... .......... .......... .......... 27% 31.4M 3s
[2023-01-27T04:58:46.280+0000] {subprocess.py:93} INFO -   3550K .......... .......... .......... .......... .......... 28% 7.60M 3s
[2023-01-27T04:58:46.280+0000] {subprocess.py:93} INFO -   3600K .......... .......... .......... .......... .......... 28%  112M 3s
[2023-01-27T04:58:46.281+0000] {subprocess.py:93} INFO -   3650K .......... .......... .......... .......... .......... 28%  146M 3s
[2023-01-27T04:58:46.288+0000] {subprocess.py:93} INFO -   3700K .......... .......... .......... .......... .......... 29% 6.99M 3s
[2023-01-27T04:58:46.288+0000] {subprocess.py:93} INFO -   3750K .......... .......... .......... .......... .......... 29%  120M 3s
[2023-01-27T04:58:46.289+0000] {subprocess.py:93} INFO -   3800K .......... .......... .......... .......... .......... 30%  140M 3s
[2023-01-27T04:58:46.289+0000] {subprocess.py:93} INFO -   3850K .......... .......... .......... .......... .......... 30%  124M 3s
[2023-01-27T04:58:46.290+0000] {subprocess.py:93} INFO -   3900K .......... .......... .......... .......... .......... 30%  119M 3s
[2023-01-27T04:58:46.290+0000] {subprocess.py:93} INFO -   3950K .......... .......... .......... .......... .......... 31% 38.6M 2s
[2023-01-27T04:58:46.291+0000] {subprocess.py:93} INFO -   4000K .......... .......... .......... .......... .......... 31% 59.3M 2s
[2023-01-27T04:58:46.362+0000] {subprocess.py:93} INFO -   4050K .......... .......... .......... .......... .......... 31%  712K 3s
[2023-01-27T04:58:46.364+0000] {subprocess.py:93} INFO -   4100K .......... .......... .......... .......... .......... 32% 16.2M 3s
[2023-01-27T04:58:46.365+0000] {subprocess.py:93} INFO -   4150K .......... .......... .......... .......... .......... 32% 46.6M 2s
[2023-01-27T04:58:46.368+0000] {subprocess.py:93} INFO -   4200K .......... .......... .......... .......... .......... 33% 21.1M 2s
[2023-01-27T04:58:46.371+0000] {subprocess.py:93} INFO -   4250K .......... .......... .......... .......... .......... 33% 15.9M 2s
[2023-01-27T04:58:46.371+0000] {subprocess.py:93} INFO -   4300K .......... .......... .......... .......... .......... 33%  160M 2s
[2023-01-27T04:58:46.373+0000] {subprocess.py:93} INFO -   4350K .......... .......... .......... .......... .......... 34% 62.7M 2s
[2023-01-27T04:58:46.374+0000] {subprocess.py:93} INFO -   4400K .......... .......... .......... .......... .......... 34% 28.8M 2s
[2023-01-27T04:58:46.375+0000] {subprocess.py:93} INFO -   4450K .......... .......... .......... .......... .......... 35% 47.3M 2s
[2023-01-27T04:58:46.377+0000] {subprocess.py:93} INFO -   4500K .......... .......... .......... .......... .......... 35% 20.3M 2s
[2023-01-27T04:58:46.378+0000] {subprocess.py:93} INFO -   4550K .......... .......... .......... .......... .......... 35% 39.1M 2s
[2023-01-27T04:58:46.380+0000] {subprocess.py:93} INFO -   4600K .......... .......... .......... .......... .......... 36% 29.6M 2s
[2023-01-27T04:58:46.381+0000] {subprocess.py:93} INFO -   4650K .......... .......... .......... .......... .......... 36% 43.1M 2s
[2023-01-27T04:58:46.382+0000] {subprocess.py:93} INFO -   4700K .......... .......... .......... .......... .......... 37% 50.7M 2s
[2023-01-27T04:58:46.384+0000] {subprocess.py:93} INFO -   4750K .......... .......... .......... .......... .......... 37% 21.2M 2s
[2023-01-27T04:58:46.385+0000] {subprocess.py:93} INFO -   4800K .......... .......... .......... .......... .......... 37% 43.4M 2s
[2023-01-27T04:58:46.389+0000] {subprocess.py:93} INFO -   4850K .......... .......... .......... .......... .......... 38% 12.0M 2s
[2023-01-27T04:58:46.390+0000] {subprocess.py:93} INFO -   4900K .......... .......... .......... .......... .......... 38%  555M 2s
[2023-01-27T04:58:46.395+0000] {subprocess.py:93} INFO -   4950K .......... .......... .......... .......... .......... 39% 9.39M 2s
[2023-01-27T04:58:46.395+0000] {subprocess.py:93} INFO -   5000K .......... .......... .......... .......... .......... 39%  502M 2s
[2023-01-27T04:58:46.395+0000] {subprocess.py:93} INFO -   5050K .......... .......... .......... .......... .......... 39%  215M 2s
[2023-01-27T04:58:46.397+0000] {subprocess.py:93} INFO -   5100K .......... .......... .......... .......... .......... 40% 28.2M 2s
[2023-01-27T04:58:46.403+0000] {subprocess.py:93} INFO -   5150K .......... .......... .......... .......... .......... 40%  578M 2s
[2023-01-27T04:58:46.403+0000] {subprocess.py:93} INFO -   5200K .......... .......... .......... .......... .......... 40% 8.21M 2s
[2023-01-27T04:58:46.403+0000] {subprocess.py:93} INFO -   5250K .......... .......... .......... .......... .......... 41%  429M 2s
[2023-01-27T04:58:46.403+0000] {subprocess.py:93} INFO -   5300K .......... .......... .......... .......... .......... 41%  513M 2s
[2023-01-27T04:58:46.405+0000] {subprocess.py:93} INFO -   5350K .......... .......... .......... .......... .......... 42% 26.5M 2s
[2023-01-27T04:58:46.405+0000] {subprocess.py:93} INFO -   5400K .......... .......... .......... .......... .......... 42%  442M 2s
[2023-01-27T04:58:46.407+0000] {subprocess.py:93} INFO -   5450K .......... .......... .......... .......... .......... 42% 20.6M 2s
[2023-01-27T04:58:46.447+0000] {subprocess.py:93} INFO -   5500K .......... .......... .......... .......... .......... 43% 1.25M 2s
[2023-01-27T04:58:46.450+0000] {subprocess.py:93} INFO -   5550K .......... .......... .......... .......... .......... 43% 15.8M 2s
[2023-01-27T04:58:46.451+0000] {subprocess.py:93} INFO -   5600K .......... .......... .......... .......... .......... 44% 43.3M 2s
[2023-01-27T04:58:46.452+0000] {subprocess.py:93} INFO -   5650K .......... .......... .......... .......... .......... 44% 34.2M 2s
[2023-01-27T04:58:46.457+0000] {subprocess.py:93} INFO -   5700K .......... .......... .......... .......... .......... 44% 11.0M 2s
[2023-01-27T04:58:46.457+0000] {subprocess.py:93} INFO -   5750K .......... .......... .......... .......... .......... 45%  147M 2s
[2023-01-27T04:58:46.458+0000] {subprocess.py:93} INFO -   5800K .......... .......... .......... .......... .......... 45% 34.0M 2s
[2023-01-27T04:58:46.459+0000] {subprocess.py:93} INFO -   5850K .......... .......... .......... .......... .......... 46%  136M 2s
[2023-01-27T04:58:46.460+0000] {subprocess.py:93} INFO -   5900K .......... .......... .......... .......... .......... 46% 42.7M 2s
[2023-01-27T04:58:46.461+0000] {subprocess.py:93} INFO -   5950K .......... .......... .......... .......... .......... 46% 50.1M 1s
[2023-01-27T04:58:46.464+0000] {subprocess.py:93} INFO -   6000K .......... .......... .......... .......... .......... 47% 17.3M 1s
[2023-01-27T04:58:46.465+0000] {subprocess.py:93} INFO -   6050K .......... .......... .......... .......... .......... 47% 43.6M 1s
[2023-01-27T04:58:46.467+0000] {subprocess.py:93} INFO -   6100K .......... .......... .......... .......... .......... 47% 28.0M 1s
[2023-01-27T04:58:46.468+0000] {subprocess.py:93} INFO -   6150K .......... .......... .......... .......... .......... 48% 56.6M 1s
[2023-01-27T04:58:46.469+0000] {subprocess.py:93} INFO -   6200K .......... .......... .......... .......... .......... 48% 43.9M 1s
[2023-01-27T04:58:46.471+0000] {subprocess.py:93} INFO -   6250K .......... .......... .......... .......... .......... 49% 17.5M 1s
[2023-01-27T04:58:46.473+0000] {subprocess.py:93} INFO -   6300K .......... .......... .......... .......... .......... 49% 39.9M 1s
[2023-01-27T04:58:46.474+0000] {subprocess.py:93} INFO -   6350K .......... .......... .......... .......... .......... 49% 50.2M 1s
[2023-01-27T04:58:46.475+0000] {subprocess.py:93} INFO -   6400K .......... .......... .......... .......... .......... 50% 47.2M 1s
[2023-01-27T04:58:46.477+0000] {subprocess.py:93} INFO -   6450K .......... .......... .......... .......... .......... 50% 21.0M 1s
[2023-01-27T04:58:46.478+0000] {subprocess.py:93} INFO -   6500K .......... .......... .......... .......... .......... 51% 54.1M 1s
[2023-01-27T04:58:46.479+0000] {subprocess.py:93} INFO -   6550K .......... .......... .......... .......... .......... 51% 29.5M 1s
[2023-01-27T04:58:46.484+0000] {subprocess.py:93} INFO -   6600K .......... .......... .......... .......... .......... 51% 10.6M 1s
[2023-01-27T04:58:46.485+0000] {subprocess.py:93} INFO -   6650K .......... .......... .......... .......... .......... 52%  162M 1s
[2023-01-27T04:58:46.486+0000] {subprocess.py:93} INFO -   6700K .......... .......... .......... .......... .......... 52% 33.6M 1s
[2023-01-27T04:58:46.488+0000] {subprocess.py:93} INFO -   6750K .......... .......... .......... .......... .......... 53%  157M 1s
[2023-01-27T04:58:46.488+0000] {subprocess.py:93} INFO -   6800K .......... .......... .......... .......... .......... 53% 26.0M 1s
[2023-01-27T04:58:46.490+0000] {subprocess.py:93} INFO -   6850K .......... .......... .......... .......... .......... 53% 28.4M 1s
[2023-01-27T04:58:46.494+0000] {subprocess.py:93} INFO -   6900K .......... .......... .......... .......... .......... 54% 10.5M 1s
[2023-01-27T04:58:46.495+0000] {subprocess.py:93} INFO -   6950K .......... .......... .......... .......... .......... 54%  201M 1s
[2023-01-27T04:58:46.495+0000] {subprocess.py:93} INFO -   7000K .......... .......... .......... .......... .......... 55%  229M 1s
[2023-01-27T04:58:46.497+0000] {subprocess.py:93} INFO -   7050K .......... .......... .......... .......... .......... 55% 21.3M 1s
[2023-01-27T04:58:46.497+0000] {subprocess.py:93} INFO -   7100K .......... .......... .......... .......... .......... 55%  267M 1s
[2023-01-27T04:58:46.502+0000] {subprocess.py:93} INFO -   7150K .......... .......... .......... .......... .......... 56% 9.95M 1s
[2023-01-27T04:58:46.503+0000] {subprocess.py:93} INFO -   7200K .......... .......... .......... .......... .......... 56%  121M 1s
[2023-01-27T04:58:46.503+0000] {subprocess.py:93} INFO -   7250K .......... .......... .......... .......... .......... 56%  305M 1s
[2023-01-27T04:58:46.532+0000] {subprocess.py:93} INFO -   7300K .......... .......... .......... .......... .......... 57% 1.67M 1s
[2023-01-27T04:58:46.533+0000] {subprocess.py:93} INFO -   7350K .......... .......... .......... .......... .......... 57% 33.0M 1s
[2023-01-27T04:58:46.535+0000] {subprocess.py:93} INFO -   7400K .......... .......... .......... .......... .......... 58% 24.8M 1s
[2023-01-27T04:58:46.536+0000] {subprocess.py:93} INFO -   7450K .......... .......... .......... .......... .......... 58% 47.4M 1s
[2023-01-27T04:58:46.539+0000] {subprocess.py:93} INFO -   7500K .......... .......... .......... .......... .......... 58% 19.5M 1s
[2023-01-27T04:58:46.540+0000] {subprocess.py:93} INFO -   7550K .......... .......... .......... .......... .......... 59% 41.0M 1s
[2023-01-27T04:58:46.541+0000] {subprocess.py:93} INFO -   7600K .......... .......... .......... .......... .......... 59% 46.2M 1s
[2023-01-27T04:58:46.543+0000] {subprocess.py:93} INFO -   7650K .......... .......... .......... .......... .......... 60% 28.8M 1s
[2023-01-27T04:58:46.545+0000] {subprocess.py:93} INFO -   7700K .......... .......... .......... .......... .......... 60% 20.9M 1s
[2023-01-27T04:58:46.547+0000] {subprocess.py:93} INFO -   7750K .......... .......... .......... .......... .......... 60% 37.8M 1s
[2023-01-27T04:58:46.549+0000] {subprocess.py:93} INFO -   7800K .......... .......... .......... .......... .......... 61% 24.1M 1s
[2023-01-27T04:58:46.549+0000] {subprocess.py:93} INFO -   7850K .......... .......... .......... .......... .......... 61%  529M 1s
[2023-01-27T04:58:46.551+0000] {subprocess.py:93} INFO -   7900K .......... .......... .......... .......... .......... 62% 19.7M 1s
[2023-01-27T04:58:46.554+0000] {subprocess.py:93} INFO -   7950K .......... .......... .......... .......... .......... 62% 18.8M 1s
[2023-01-27T04:58:46.554+0000] {subprocess.py:93} INFO -   8000K .......... .......... .......... .......... .......... 62%  445M 1s
[2023-01-27T04:58:46.555+0000] {subprocess.py:93} INFO -   8050K .......... .......... .......... .......... .......... 63% 39.2M 1s
[2023-01-27T04:58:46.558+0000] {subprocess.py:93} INFO -   8100K .......... .......... .......... .......... .......... 63% 17.3M 1s
[2023-01-27T04:58:46.622+0000] {subprocess.py:93} INFO -   8150K .......... .......... .......... .......... .......... 63%  781K 1s
[2023-01-27T04:58:46.623+0000] {subprocess.py:93} INFO -   8200K .......... .......... .......... .......... .......... 64% 32.5M 1s
[2023-01-27T04:58:46.628+0000] {subprocess.py:93} INFO -   8250K .......... .......... .......... .......... .......... 64% 11.6M 1s
[2023-01-27T04:58:46.628+0000] {subprocess.py:93} INFO -   8300K .......... .......... .......... .......... .......... 65%  534M 1s
[2023-01-27T04:58:46.630+0000] {subprocess.py:93} INFO -   8350K .......... .......... .......... .......... .......... 65% 25.3M 1s
[2023-01-27T04:58:46.631+0000] {subprocess.py:93} INFO -   8400K .......... .......... .......... .......... .......... 65% 44.5M 1s
[2023-01-27T04:58:46.633+0000] {subprocess.py:93} INFO -   8450K .......... .......... .......... .......... .......... 66% 22.4M 1s
[2023-01-27T04:58:46.635+0000] {subprocess.py:93} INFO -   8500K .......... .......... .......... .......... .......... 66% 20.5M 1s
[2023-01-27T04:58:46.637+0000] {subprocess.py:93} INFO -   8550K .......... .......... .......... .......... .......... 67% 27.3M 1s
[2023-01-27T04:58:46.637+0000] {subprocess.py:93} INFO -   8600K .......... .......... .......... .......... .......... 67%  415M 1s
[2023-01-27T04:58:46.638+0000] {subprocess.py:93} INFO -   8650K .......... .......... .......... .......... .......... 67% 41.7M 1s
[2023-01-27T04:58:46.642+0000] {subprocess.py:93} INFO -   8700K .......... .......... .......... .......... .......... 68% 15.8M 1s
[2023-01-27T04:58:46.644+0000] {subprocess.py:93} INFO -   8750K .......... .......... .......... .......... .......... 68%  424M 1s
[2023-01-27T04:58:46.644+0000] {subprocess.py:93} INFO -   8800K .......... .......... .......... .......... .......... 69% 19.2M 1s
[2023-01-27T04:58:46.646+0000] {subprocess.py:93} INFO -   8850K .......... .......... .......... .......... .......... 69% 31.7M 1s
[2023-01-27T04:58:46.651+0000] {subprocess.py:93} INFO -   8900K .......... .......... .......... .......... .......... 69% 9.02M 1s
[2023-01-27T04:58:46.651+0000] {subprocess.py:93} INFO -   8950K .......... .......... .......... .......... .......... 70%  470M 1s
[2023-01-27T04:58:46.651+0000] {subprocess.py:93} INFO -   9000K .......... .......... .......... .......... .......... 70%  176M 1s
[2023-01-27T04:58:46.653+0000] {subprocess.py:93} INFO -   9050K .......... .......... .......... .......... .......... 71% 30.2M 1s
[2023-01-27T04:58:46.653+0000] {subprocess.py:93} INFO -   9100K .......... .......... .......... .......... .......... 71%  534M 1s
[2023-01-27T04:58:46.660+0000] {subprocess.py:93} INFO -   9150K .......... .......... .......... .......... .......... 71% 7.31M 1s
[2023-01-27T04:58:46.660+0000] {subprocess.py:93} INFO -   9200K .......... .......... .......... .......... .......... 72%  444M 1s
[2023-01-27T04:58:46.660+0000] {subprocess.py:93} INFO -   9250K .......... .......... .......... .......... .......... 72%  559M 1s
[2023-01-27T04:58:46.662+0000] {subprocess.py:93} INFO -   9300K .......... .......... .......... .......... .......... 72% 22.3M 1s
[2023-01-27T04:58:46.662+0000] {subprocess.py:93} INFO -   9350K .......... .......... .......... .......... .......... 73%  494M 1s
[2023-01-27T04:58:46.663+0000] {subprocess.py:93} INFO -   9400K .......... .......... .......... .......... .......... 73%  530M 1s
[2023-01-27T04:58:46.670+0000] {subprocess.py:93} INFO -   9450K .......... .......... .......... .......... .......... 74% 6.57M 1s
[2023-01-27T04:58:46.670+0000] {subprocess.py:93} INFO -   9500K .......... .......... .......... .......... .......... 74%  521M 1s
[2023-01-27T04:58:46.670+0000] {subprocess.py:93} INFO -   9550K .......... .......... .......... .......... .......... 74%  591M 1s
[2023-01-27T04:58:46.670+0000] {subprocess.py:93} INFO -   9600K .......... .......... .......... .......... .......... 75%  474M 0s
[2023-01-27T04:58:46.673+0000] {subprocess.py:93} INFO -   9650K .......... .......... .......... .......... .......... 75% 18.7M 0s
[2023-01-27T04:58:46.673+0000] {subprocess.py:93} INFO -   9700K .......... .......... .......... .......... .......... 76%  539M 0s
[2023-01-27T04:58:46.675+0000] {subprocess.py:93} INFO -   9750K .......... .......... .......... .......... .......... 76% 29.4M 0s
[2023-01-27T04:58:46.675+0000] {subprocess.py:93} INFO -   9800K .......... .......... .......... .......... .......... 76%  424M 0s
[2023-01-27T04:58:46.676+0000] {subprocess.py:93} INFO -   9850K .......... .......... .......... .......... .......... 77% 30.7M 0s
[2023-01-27T04:58:46.676+0000] {subprocess.py:93} INFO -   9900K .......... .......... .......... .......... .......... 77%  550M 0s
[2023-01-27T04:58:46.688+0000] {subprocess.py:93} INFO -   9950K .......... .......... .......... .......... .......... 78% 4.23M 0s
[2023-01-27T04:58:46.688+0000] {subprocess.py:93} INFO -  10000K .......... .......... .......... .......... .......... 78%  418M 0s
[2023-01-27T04:58:46.688+0000] {subprocess.py:93} INFO -  10050K .......... .......... .......... .......... .......... 78%  437M 0s
[2023-01-27T04:58:46.688+0000] {subprocess.py:93} INFO -  10100K .......... .......... .......... .......... .......... 79%  491M 0s
[2023-01-27T04:58:46.692+0000] {subprocess.py:93} INFO -  10150K .......... .......... .......... .......... .......... 79% 15.1M 0s
[2023-01-27T04:58:46.692+0000] {subprocess.py:93} INFO -  10200K .......... .......... .......... .......... .......... 79%  251M 0s
[2023-01-27T04:58:46.692+0000] {subprocess.py:93} INFO -  10250K .......... .......... .......... .......... .......... 80%  460M 0s
[2023-01-27T04:58:46.692+0000] {subprocess.py:93} INFO -  10300K .......... .......... .......... .......... .......... 80%  480M 0s
[2023-01-27T04:58:46.694+0000] {subprocess.py:93} INFO -  10350K .......... .......... .......... .......... .......... 81% 24.3M 0s
[2023-01-27T04:58:46.694+0000] {subprocess.py:93} INFO -  10400K .......... .......... .......... .......... .......... 81%  383M 0s
[2023-01-27T04:58:46.696+0000] {subprocess.py:93} INFO -  10450K .......... .......... .......... .......... .......... 81% 31.0M 0s
[2023-01-27T04:58:46.696+0000] {subprocess.py:93} INFO -  10500K .......... .......... .......... .......... .......... 82%  543M 0s
[2023-01-27T04:58:46.699+0000] {subprocess.py:93} INFO -  10550K .......... .......... .......... .......... .......... 82% 15.9M 0s
[2023-01-27T04:58:46.699+0000] {subprocess.py:93} INFO -  10600K .......... .......... .......... .......... .......... 83%  482M 0s
[2023-01-27T04:58:46.705+0000] {subprocess.py:93} INFO -  10650K .......... .......... .......... .......... .......... 83% 7.85M 0s
[2023-01-27T04:58:46.705+0000] {subprocess.py:93} INFO -  10700K .......... .......... .......... .......... .......... 83%  158M 0s
[2023-01-27T04:58:46.705+0000] {subprocess.py:93} INFO -  10750K .......... .......... .......... .......... .......... 84%  505M 0s
[2023-01-27T04:58:46.708+0000] {subprocess.py:93} INFO -  10800K .......... .......... .......... .......... .......... 84% 23.3M 0s
[2023-01-27T04:58:46.708+0000] {subprocess.py:93} INFO -  10850K .......... .......... .......... .......... .......... 85%  510M 0s
[2023-01-27T04:58:46.714+0000] {subprocess.py:93} INFO -  10900K .......... .......... .......... .......... .......... 85% 7.65M 0s
[2023-01-27T04:58:46.714+0000] {subprocess.py:93} INFO -  10950K .......... .......... .......... .......... .......... 85%  377M 0s
[2023-01-27T04:58:46.714+0000] {subprocess.py:93} INFO -  11000K .......... .......... .......... .......... .......... 86%  491M 0s
[2023-01-27T04:58:46.714+0000] {subprocess.py:93} INFO -  11050K .......... .......... .......... .......... .......... 86%  545M 0s
[2023-01-27T04:58:46.716+0000] {subprocess.py:93} INFO -  11100K .......... .......... .......... .......... .......... 87% 23.5M 0s
[2023-01-27T04:58:46.725+0000] {subprocess.py:93} INFO -  11150K .......... .......... .......... .......... .......... 87%  525M 0s
[2023-01-27T04:58:46.726+0000] {subprocess.py:93} INFO -  11200K .......... .......... .......... .......... .......... 87% 5.44M 0s
[2023-01-27T04:58:46.726+0000] {subprocess.py:93} INFO -  11250K .......... .......... .......... .......... .......... 88%  450M 0s
[2023-01-27T04:58:46.726+0000] {subprocess.py:93} INFO -  11300K .......... .......... .......... .......... .......... 88%  399M 0s
[2023-01-27T04:58:46.726+0000] {subprocess.py:93} INFO -  11350K .......... .......... .......... .......... .......... 88%  378M 0s
[2023-01-27T04:58:46.726+0000] {subprocess.py:93} INFO -  11400K .......... .......... .......... .......... .......... 89%  366M 0s
[2023-01-27T04:58:46.728+0000] {subprocess.py:93} INFO -  11450K .......... .......... .......... .......... .......... 89% 23.4M 0s
[2023-01-27T04:58:46.728+0000] {subprocess.py:93} INFO -  11500K .......... .......... .......... .......... .......... 90%  504M 0s
[2023-01-27T04:58:46.730+0000] {subprocess.py:93} INFO -  11550K .......... .......... .......... .......... .......... 90% 24.2M 0s
[2023-01-27T04:58:46.730+0000] {subprocess.py:93} INFO -  11600K .......... .......... .......... .......... .......... 90%  418M 0s
[2023-01-27T04:58:46.732+0000] {subprocess.py:93} INFO -  11650K .......... .......... .......... .......... .......... 91% 22.1M 0s
[2023-01-27T04:58:46.733+0000] {subprocess.py:93} INFO -  11700K .......... .......... .......... .......... .......... 91%  494M 0s
[2023-01-27T04:58:46.734+0000] {subprocess.py:93} INFO -  11750K .......... .......... .......... .......... .......... 92% 32.0M 0s
[2023-01-27T04:58:46.740+0000] {subprocess.py:93} INFO -  11800K .......... .......... .......... .......... .......... 92% 8.45M 0s
[2023-01-27T04:58:46.740+0000] {subprocess.py:93} INFO -  11850K .......... .......... .......... .......... .......... 92%  536M 0s
[2023-01-27T04:58:46.740+0000] {subprocess.py:93} INFO -  11900K .......... .......... .......... .......... .......... 93%  566M 0s
[2023-01-27T04:58:46.742+0000] {subprocess.py:93} INFO -  11950K .......... .......... .......... .......... .......... 93% 25.4M 0s
[2023-01-27T04:58:46.742+0000] {subprocess.py:93} INFO -  12000K .......... .......... .......... .......... .......... 94%  452M 0s
[2023-01-27T04:58:46.744+0000] {subprocess.py:93} INFO -  12050K .......... .......... .......... .......... .......... 94% 21.7M 0s
[2023-01-27T04:58:46.744+0000] {subprocess.py:93} INFO -  12100K .......... .......... .......... .......... .......... 94%  572M 0s
[2023-01-27T04:58:46.746+0000] {subprocess.py:93} INFO -  12150K .......... .......... .......... .......... .......... 95% 33.7M 0s
[2023-01-27T04:58:46.748+0000] {subprocess.py:93} INFO -  12200K .......... .......... .......... .......... .......... 95% 22.8M 0s
[2023-01-27T04:58:46.798+0000] {subprocess.py:93} INFO -  12250K .......... .......... .......... .......... .......... 95% 1011K 0s
[2023-01-27T04:58:46.799+0000] {subprocess.py:93} INFO -  12300K .......... .......... .......... .......... .......... 96% 50.2M 0s
[2023-01-27T04:58:46.802+0000] {subprocess.py:93} INFO -  12350K .......... .......... .......... .......... .......... 96% 19.8M 0s
[2023-01-27T04:58:46.803+0000] {subprocess.py:93} INFO -  12400K .......... .......... .......... .......... .......... 97% 28.1M 0s
[2023-01-27T04:58:46.804+0000] {subprocess.py:93} INFO -  12450K .......... .......... .......... .......... .......... 97% 55.2M 0s
[2023-01-27T04:58:46.806+0000] {subprocess.py:93} INFO -  12500K .......... .......... .......... .......... .......... 97% 22.0M 0s
[2023-01-27T04:58:46.807+0000] {subprocess.py:93} INFO -  12550K .......... .......... .......... .......... .......... 98% 51.1M 0s
[2023-01-27T04:58:46.809+0000] {subprocess.py:93} INFO -  12600K .......... .......... .......... .......... .......... 98% 25.0M 0s
[2023-01-27T04:58:46.810+0000] {subprocess.py:93} INFO -  12650K .......... .......... .......... .......... .......... 99% 37.2M 0s
[2023-01-27T04:58:46.811+0000] {subprocess.py:93} INFO -  12700K .......... .......... .......... .......... .......... 99% 34.3M 0s
[2023-01-27T04:58:46.813+0000] {subprocess.py:93} INFO -  12750K .......... .......... .......... .......... .......... 99% 47.3M 0s
[2023-01-27T04:58:46.813+0000] {subprocess.py:93} INFO -  12800K .......... ....                                       100%  100M=1.7s
[2023-01-27T04:58:46.813+0000] {subprocess.py:93} INFO - 
[2023-01-27T04:58:46.814+0000] {subprocess.py:93} INFO - 2023-01-27 04:58:46 (7.56 MB/s) - ‘/opt/***/fhv_tripdata_2020-10.csv.gz’ saved [13122245/13122245]
[2023-01-27T04:58:46.814+0000] {subprocess.py:93} INFO - 
[2023-01-27T04:58:46.815+0000] {subprocess.py:97} INFO - Command exited with return code 0
[2023-01-27T04:58:46.865+0000] {taskinstance.py:1323} INFO - Marking task as SUCCESS. dag_id=fhv_taxi_data_dag_v1, task_id=download_ytd_dataset_from_web, execution_date=20201001T000000, start_date=20230127T045844, end_date=20230127T045846
[2023-01-27T04:58:46.898+0000] {local_task_job.py:208} INFO - Task exited with return code 0
[2023-01-27T04:58:46.946+0000] {taskinstance.py:2578} INFO - 1 downstream tasks scheduled from follow-on schedule check
