[2023-01-27T04:58:52.559+0000] {taskinstance.py:1083} INFO - Dependencies all met for <TaskInstance: fhv_taxi_data_dag_v1.download_ytd_dataset_from_web scheduled__2021-01-01T00:00:00+00:00 [queued]>
[2023-01-27T04:58:52.569+0000] {taskinstance.py:1083} INFO - Dependencies all met for <TaskInstance: fhv_taxi_data_dag_v1.download_ytd_dataset_from_web scheduled__2021-01-01T00:00:00+00:00 [queued]>
[2023-01-27T04:58:52.569+0000] {taskinstance.py:1279} INFO - 
--------------------------------------------------------------------------------
[2023-01-27T04:58:52.569+0000] {taskinstance.py:1280} INFO - Starting attempt 1 of 1
[2023-01-27T04:58:52.570+0000] {taskinstance.py:1281} INFO - 
--------------------------------------------------------------------------------
[2023-01-27T04:58:52.584+0000] {taskinstance.py:1300} INFO - Executing <Task(BashOperator): download_ytd_dataset_from_web> on 2021-01-01 00:00:00+00:00
[2023-01-27T04:58:52.590+0000] {standard_task_runner.py:55} INFO - Started process 7709 to run task
[2023-01-27T04:58:52.592+0000] {standard_task_runner.py:82} INFO - Running: ['***', 'tasks', 'run', 'fhv_taxi_data_dag_v1', 'download_ytd_dataset_from_web', 'scheduled__2021-01-01T00:00:00+00:00', '--job-id', '5791', '--raw', '--subdir', 'DAGS_FOLDER/data_ingestion_gcs_dag_v1_fhv.py', '--cfg-path', '/tmp/tmp9g7xt5eo']
[2023-01-27T04:58:52.594+0000] {standard_task_runner.py:83} INFO - Job 5791: Subtask download_ytd_dataset_from_web
[2023-01-27T04:58:52.648+0000] {task_command.py:388} INFO - Running <TaskInstance: fhv_taxi_data_dag_v1.download_ytd_dataset_from_web scheduled__2021-01-01T00:00:00+00:00 [running]> on host 8bc22b99c76b
[2023-01-27T04:58:52.742+0000] {taskinstance.py:1509} INFO - Exporting the following env vars:
AIRFLOW_CTX_DAG_OWNER=***
AIRFLOW_CTX_DAG_ID=fhv_taxi_data_dag_v1
AIRFLOW_CTX_TASK_ID=download_ytd_dataset_from_web
AIRFLOW_CTX_EXECUTION_DATE=2021-01-01T00:00:00+00:00
AIRFLOW_CTX_TRY_NUMBER=1
AIRFLOW_CTX_DAG_RUN_ID=scheduled__2021-01-01T00:00:00+00:00
[2023-01-27T04:58:52.744+0000] {subprocess.py:63} INFO - Tmp dir root location: 
 /tmp
[2023-01-27T04:58:52.745+0000] {subprocess.py:75} INFO - Running command: ['/bin/bash', '-c', 'wget https://github.com/DataTalksClub/nyc-tlc-data/releases/download/fhv/fhv_tripdata_2021-01.csv.gz -O /opt/***/fhv_tripdata_2021-01.csv.gz']
[2023-01-27T04:58:52.766+0000] {subprocess.py:86} INFO - Output:
[2023-01-27T04:58:52.771+0000] {subprocess.py:93} INFO - --2023-01-27 04:58:52--  https://github.com/DataTalksClub/nyc-tlc-data/releases/download/fhv/fhv_tripdata_2021-01.csv.gz
[2023-01-27T04:58:52.791+0000] {subprocess.py:93} INFO - Resolving github.com (github.com)... 140.82.121.3
[2023-01-27T04:58:52.820+0000] {subprocess.py:93} INFO - Connecting to github.com (github.com)|140.82.121.3|:443... connected.
[2023-01-27T04:58:53.252+0000] {subprocess.py:93} INFO - HTTP request sent, awaiting response... 302 Found
[2023-01-27T04:58:53.252+0000] {subprocess.py:93} INFO - Location: https://objects.githubusercontent.com/github-production-release-asset-2e65be/513814948/e896902d-d6b3-4b1a-967d-f76edcd6da52?X-Amz-Algorithm=AWS4-HMAC-SHA256&X-Amz-Credential=AKIAIWNJYAX4CSVEH53A%2F20230127%2Fus-east-1%2Fs3%2Faws4_request&X-Amz-Date=20230127T045725Z&X-Amz-Expires=300&X-Amz-Signature=4a6050a7d0a7f09182fda36c8f3e6b0560208bb7c6d247ad6b6ae9e7d2c96694&X-Amz-SignedHeaders=host&actor_id=0&key_id=0&repo_id=513814948&response-content-disposition=attachment%3B%20filename%3Dfhv_tripdata_2021-01.csv.gz&response-content-type=application%2Foctet-stream [following]
[2023-01-27T04:58:53.252+0000] {subprocess.py:93} INFO - --2023-01-27 04:58:53--  https://objects.githubusercontent.com/github-production-release-asset-2e65be/513814948/e896902d-d6b3-4b1a-967d-f76edcd6da52?X-Amz-Algorithm=AWS4-HMAC-SHA256&X-Amz-Credential=AKIAIWNJYAX4CSVEH53A%2F20230127%2Fus-east-1%2Fs3%2Faws4_request&X-Amz-Date=20230127T045725Z&X-Amz-Expires=300&X-Amz-Signature=4a6050a7d0a7f09182fda36c8f3e6b0560208bb7c6d247ad6b6ae9e7d2c96694&X-Amz-SignedHeaders=host&actor_id=0&key_id=0&repo_id=513814948&response-content-disposition=attachment%3B%20filename%3Dfhv_tripdata_2021-01.csv.gz&response-content-type=application%2Foctet-stream
[2023-01-27T04:58:53.259+0000] {subprocess.py:93} INFO - Resolving objects.githubusercontent.com (objects.githubusercontent.com)... 185.199.111.133, 185.199.109.133, 185.199.108.133, ...
[2023-01-27T04:58:53.287+0000] {subprocess.py:93} INFO - Connecting to objects.githubusercontent.com (objects.githubusercontent.com)|185.199.111.133|:443... connected.
[2023-01-27T04:58:53.733+0000] {subprocess.py:93} INFO - HTTP request sent, awaiting response... 200 OK
[2023-01-27T04:58:53.733+0000] {subprocess.py:93} INFO - Length: 11890331 (11M) [application/octet-stream]
[2023-01-27T04:58:53.733+0000] {subprocess.py:93} INFO - Saving to: ‘/opt/***/fhv_tripdata_2021-01.csv.gz’
[2023-01-27T04:58:53.733+0000] {subprocess.py:93} INFO - 
[2023-01-27T04:58:53.767+0000] {subprocess.py:93} INFO -      0K .......... .......... .......... .......... ..........  0% 1.43M 8s
[2023-01-27T04:58:53.806+0000] {subprocess.py:93} INFO -     50K .......... .......... .......... .......... ..........  0% 1.24M 8s
[2023-01-27T04:58:53.823+0000] {subprocess.py:93} INFO -    100K .......... .......... .......... .......... ..........  1% 2.95M 7s
[2023-01-27T04:58:53.829+0000] {subprocess.py:93} INFO -    150K .......... .......... .......... .......... ..........  1% 7.38M 6s
[2023-01-27T04:58:53.839+0000] {subprocess.py:93} INFO -    200K .......... .......... .......... .......... ..........  2% 5.15M 5s
[2023-01-27T04:58:53.844+0000] {subprocess.py:93} INFO -    250K .......... .......... .......... .......... ..........  2% 9.41M 4s
[2023-01-27T04:58:53.853+0000] {subprocess.py:93} INFO -    300K .......... .......... .......... .......... ..........  3% 5.25M 4s
[2023-01-27T04:58:53.866+0000] {subprocess.py:93} INFO -    350K .......... .......... .......... .......... ..........  3% 3.79M 4s
[2023-01-27T04:58:53.873+0000] {subprocess.py:93} INFO -    400K .......... .......... .......... .......... ..........  3% 7.16M 3s
[2023-01-27T04:58:53.879+0000] {subprocess.py:93} INFO -    450K .......... .......... .......... .......... ..........  4% 8.51M 3s
[2023-01-27T04:58:53.884+0000] {subprocess.py:93} INFO -    500K .......... .......... .......... .......... ..........  4% 10.0M 3s
[2023-01-27T04:58:53.890+0000] {subprocess.py:93} INFO -    550K .......... .......... .......... .......... ..........  5% 8.10M 3s
[2023-01-27T04:58:53.896+0000] {subprocess.py:93} INFO -    600K .......... .......... .......... .......... ..........  5% 7.46M 3s
[2023-01-27T04:58:53.902+0000] {subprocess.py:93} INFO -    650K .......... .......... .......... .......... ..........  6% 8.42M 3s
[2023-01-27T04:58:53.906+0000] {subprocess.py:93} INFO -    700K .......... .......... .......... .......... ..........  6% 13.1M 3s
[2023-01-27T04:58:53.914+0000] {subprocess.py:93} INFO -    750K .......... .......... .......... .......... ..........  6% 6.31M 2s
[2023-01-27T04:58:53.922+0000] {subprocess.py:93} INFO -    800K .......... .......... .......... .......... ..........  7% 5.88M 2s
[2023-01-27T04:58:53.925+0000] {subprocess.py:93} INFO -    850K .......... .......... .......... .......... ..........  7% 15.7M 2s
[2023-01-27T04:58:53.930+0000] {subprocess.py:93} INFO -    900K .......... .......... .......... .......... ..........  8% 9.77M 2s
[2023-01-27T04:58:53.934+0000] {subprocess.py:93} INFO -    950K .......... .......... .......... .......... ..........  8% 11.7M 2s
[2023-01-27T04:58:53.942+0000] {subprocess.py:93} INFO -   1000K .......... .......... .......... .......... ..........  9% 6.14M 2s
[2023-01-27T04:58:53.948+0000] {subprocess.py:93} INFO -   1050K .......... .......... .......... .......... ..........  9% 8.77M 2s
[2023-01-27T04:58:53.951+0000] {subprocess.py:93} INFO -   1100K .......... .......... .......... .......... ..........  9% 13.2M 2s
[2023-01-27T04:58:53.960+0000] {subprocess.py:93} INFO -   1150K .......... .......... .......... .......... .......... 10% 5.90M 2s
[2023-01-27T04:58:53.967+0000] {subprocess.py:93} INFO -   1200K .......... .......... .......... .......... .......... 10% 6.45M 2s
[2023-01-27T04:58:53.970+0000] {subprocess.py:93} INFO -   1250K .......... .......... .......... .......... .......... 11% 17.0M 2s
[2023-01-27T04:58:53.977+0000] {subprocess.py:93} INFO -   1300K .......... .......... .......... .......... .......... 11% 6.96M 2s
[2023-01-27T04:58:53.985+0000] {subprocess.py:93} INFO -   1350K .......... .......... .......... .......... .......... 12% 6.21M 2s
[2023-01-27T04:58:53.991+0000] {subprocess.py:93} INFO -   1400K .......... .......... .......... .......... .......... 12% 8.05M 2s
[2023-01-27T04:58:53.996+0000] {subprocess.py:93} INFO -   1450K .......... .......... .......... .......... .......... 12% 10.1M 2s
[2023-01-27T04:58:54.006+0000] {subprocess.py:93} INFO -   1500K .......... .......... .......... .......... .......... 13% 4.71M 2s
[2023-01-27T04:58:54.008+0000] {subprocess.py:93} INFO -   1550K .......... .......... .......... .......... .......... 13% 27.3M 2s
[2023-01-27T04:58:54.018+0000] {subprocess.py:93} INFO -   1600K .......... .......... .......... .......... .......... 14% 4.93M 2s
[2023-01-27T04:58:54.029+0000] {subprocess.py:93} INFO -   1650K .......... .......... .......... .......... .......... 14% 4.67M 2s
[2023-01-27T04:58:54.035+0000] {subprocess.py:93} INFO -   1700K .......... .......... .......... .......... .......... 15% 6.99M 2s
[2023-01-27T04:58:54.042+0000] {subprocess.py:93} INFO -   1750K .......... .......... .......... .......... .......... 15% 7.09M 2s
[2023-01-27T04:58:54.050+0000] {subprocess.py:93} INFO -   1800K .......... .......... .......... .......... .......... 15% 6.29M 2s
[2023-01-27T04:58:54.058+0000] {subprocess.py:93} INFO -   1850K .......... .......... .......... .......... .......... 16% 6.17M 2s
[2023-01-27T04:58:54.070+0000] {subprocess.py:93} INFO -   1900K .......... .......... .......... .......... .......... 16% 4.04M 2s
[2023-01-27T04:58:54.082+0000] {subprocess.py:93} INFO -   1950K .......... .......... .......... .......... .......... 17% 4.12M 2s
[2023-01-27T04:58:54.086+0000] {subprocess.py:93} INFO -   2000K .......... .......... .......... .......... .......... 17% 11.6M 2s
[2023-01-27T04:58:54.093+0000] {subprocess.py:93} INFO -   2050K .......... .......... .......... .......... .......... 18% 7.24M 2s
[2023-01-27T04:58:54.107+0000] {subprocess.py:93} INFO -   2100K .......... .......... .......... .......... .......... 18% 3.45M 2s
[2023-01-27T04:58:54.112+0000] {subprocess.py:93} INFO -   2150K .......... .......... .......... .......... .......... 18% 10.0M 2s
[2023-01-27T04:58:54.128+0000] {subprocess.py:93} INFO -   2200K .......... .......... .......... .......... .......... 19% 3.00M 2s
[2023-01-27T04:58:54.131+0000] {subprocess.py:93} INFO -   2250K .......... .......... .......... .......... .......... 19% 18.7M 2s
[2023-01-27T04:58:54.138+0000] {subprocess.py:93} INFO -   2300K .......... .......... .......... .......... .......... 20% 7.01M 2s
[2023-01-27T04:58:54.147+0000] {subprocess.py:93} INFO -   2350K .......... .......... .......... .......... .......... 20% 5.15M 2s
[2023-01-27T04:58:54.158+0000] {subprocess.py:93} INFO -   2400K .......... .......... .......... .......... .......... 21% 4.51M 2s
[2023-01-27T04:58:54.164+0000] {subprocess.py:93} INFO -   2450K .......... .......... .......... .......... .......... 21% 7.87M 2s
[2023-01-27T04:58:54.177+0000] {subprocess.py:93} INFO -   2500K .......... .......... .......... .......... .......... 21% 3.76M 2s
[2023-01-27T04:58:54.188+0000] {subprocess.py:93} INFO -   2550K .......... .......... .......... .......... .......... 22% 4.71M 2s
[2023-01-27T04:58:54.190+0000] {subprocess.py:93} INFO -   2600K .......... .......... .......... .......... .......... 22% 23.1M 2s
[2023-01-27T04:58:54.200+0000] {subprocess.py:93} INFO -   2650K .......... .......... .......... .......... .......... 23% 4.75M 2s
[2023-01-27T04:58:54.203+0000] {subprocess.py:93} INFO -   2700K .......... .......... .......... .......... .......... 23% 14.5M 2s
[2023-01-27T04:58:54.221+0000] {subprocess.py:93} INFO -   2750K .......... .......... .......... .......... .......... 24% 2.74M 2s
[2023-01-27T04:58:54.226+0000] {subprocess.py:93} INFO -   2800K .......... .......... .......... .......... .......... 24% 9.53M 2s
[2023-01-27T04:58:54.237+0000] {subprocess.py:93} INFO -   2850K .......... .......... .......... .......... .......... 24% 4.78M 2s
[2023-01-27T04:58:54.242+0000] {subprocess.py:93} INFO -   2900K .......... .......... .......... .......... .......... 25% 9.30M 1s
[2023-01-27T04:58:54.253+0000] {subprocess.py:93} INFO -   2950K .......... .......... .......... .......... .......... 25% 4.32M 1s
[2023-01-27T04:58:54.259+0000] {subprocess.py:93} INFO -   3000K .......... .......... .......... .......... .......... 26% 7.92M 1s
[2023-01-27T04:58:54.266+0000] {subprocess.py:93} INFO -   3050K .......... .......... .......... .......... .......... 26% 7.55M 1s
[2023-01-27T04:58:54.278+0000] {subprocess.py:93} INFO -   3100K .......... .......... .......... .......... .......... 27% 4.11M 1s
[2023-01-27T04:58:54.289+0000] {subprocess.py:93} INFO -   3150K .......... .......... .......... .......... .......... 27% 4.26M 1s
[2023-01-27T04:58:54.295+0000] {subprocess.py:93} INFO -   3200K .......... .......... .......... .......... .......... 27% 8.74M 1s
[2023-01-27T04:58:54.307+0000] {subprocess.py:93} INFO -   3250K .......... .......... .......... .......... .......... 28% 4.02M 1s
[2023-01-27T04:58:54.319+0000] {subprocess.py:93} INFO -   3300K .......... .......... .......... .......... .......... 28% 3.91M 1s
[2023-01-27T04:58:54.322+0000] {subprocess.py:93} INFO -   3350K .......... .......... .......... .......... .......... 29% 15.0M 1s
[2023-01-27T04:58:54.325+0000] {subprocess.py:93} INFO -   3400K .......... .......... .......... .......... .......... 29% 21.4M 1s
[2023-01-27T04:58:54.339+0000] {subprocess.py:93} INFO -   3450K .......... .......... .......... .......... .......... 30% 3.42M 1s
[2023-01-27T04:58:54.345+0000] {subprocess.py:93} INFO -   3500K .......... .......... .......... .......... .......... 30% 9.00M 1s
[2023-01-27T04:58:54.361+0000] {subprocess.py:93} INFO -   3550K .......... .......... .......... .......... .......... 31% 3.04M 1s
[2023-01-27T04:58:54.363+0000] {subprocess.py:93} INFO -   3600K .......... .......... .......... .......... .......... 31% 16.6M 1s
[2023-01-27T04:58:54.374+0000] {subprocess.py:93} INFO -   3650K .......... .......... .......... .......... .......... 31% 4.48M 1s
[2023-01-27T04:58:54.377+0000] {subprocess.py:93} INFO -   3700K .......... .......... .......... .......... .......... 32% 16.9M 1s
[2023-01-27T04:58:54.385+0000] {subprocess.py:93} INFO -   3750K .......... .......... .......... .......... .......... 32% 5.99M 1s
[2023-01-27T04:58:54.399+0000] {subprocess.py:93} INFO -   3800K .......... .......... .......... .......... .......... 33% 3.68M 1s
[2023-01-27T04:58:54.406+0000] {subprocess.py:93} INFO -   3850K .......... .......... .......... .......... .......... 33% 6.98M 1s
[2023-01-27T04:58:54.408+0000] {subprocess.py:93} INFO -   3900K .......... .......... .......... .......... .......... 34% 21.6M 1s
[2023-01-27T04:58:54.423+0000] {subprocess.py:93} INFO -   3950K .......... .......... .......... .......... .......... 34% 3.35M 1s
[2023-01-27T04:58:54.431+0000] {subprocess.py:93} INFO -   4000K .......... .......... .......... .......... .......... 34% 5.79M 1s
[2023-01-27T04:58:54.441+0000] {subprocess.py:93} INFO -   4050K .......... .......... .......... .......... .......... 35% 4.77M 1s
[2023-01-27T04:58:54.448+0000] {subprocess.py:93} INFO -   4100K .......... .......... .......... .......... .......... 35% 6.94M 1s
[2023-01-27T04:58:54.455+0000] {subprocess.py:93} INFO -   4150K .......... .......... .......... .......... .......... 36% 7.80M 1s
[2023-01-27T04:58:54.466+0000] {subprocess.py:93} INFO -   4200K .......... .......... .......... .......... .......... 36% 4.39M 1s
[2023-01-27T04:58:54.475+0000] {subprocess.py:93} INFO -   4250K .......... .......... .......... .......... .......... 37% 5.27M 1s
[2023-01-27T04:58:54.485+0000] {subprocess.py:93} INFO -   4300K .......... .......... .......... .......... .......... 37% 4.77M 1s
[2023-01-27T04:58:54.490+0000] {subprocess.py:93} INFO -   4350K .......... .......... .......... .......... .......... 37% 10.4M 1s
[2023-01-27T04:58:54.504+0000] {subprocess.py:93} INFO -   4400K .......... .......... .......... .......... .......... 38% 3.53M 1s
[2023-01-27T04:58:54.506+0000] {subprocess.py:93} INFO -   4450K .......... .......... .......... .......... .......... 38% 21.2M 1s
[2023-01-27T04:58:54.513+0000] {subprocess.py:93} INFO -   4500K .......... .......... .......... .......... .......... 39% 7.32M 1s
[2023-01-27T04:58:54.524+0000] {subprocess.py:93} INFO -   4550K .......... .......... .......... .......... .......... 39% 4.18M 1s
[2023-01-27T04:58:54.534+0000] {subprocess.py:93} INFO -   4600K .......... .......... .......... .......... .......... 40% 5.11M 1s
[2023-01-27T04:58:54.538+0000] {subprocess.py:93} INFO -   4650K .......... .......... .......... .......... .......... 40% 12.5M 1s
[2023-01-27T04:58:54.547+0000] {subprocess.py:93} INFO -   4700K .......... .......... .......... .......... .......... 40% 5.44M 1s
[2023-01-27T04:58:54.559+0000] {subprocess.py:93} INFO -   4750K .......... .......... .......... .......... .......... 41% 3.90M 1s
[2023-01-27T04:58:54.565+0000] {subprocess.py:93} INFO -   4800K .......... .......... .......... .......... .......... 41% 8.94M 1s
[2023-01-27T04:58:54.631+0000] {subprocess.py:93} INFO -   4850K .......... .......... .......... .......... .......... 42%  758K 1s
[2023-01-27T04:58:54.633+0000] {subprocess.py:93} INFO -   4900K .......... .......... .......... .......... .......... 42% 22.1M 1s
[2023-01-27T04:58:54.635+0000] {subprocess.py:93} INFO -   4950K .......... .......... .......... .......... .......... 43% 19.6M 1s
[2023-01-27T04:58:54.640+0000] {subprocess.py:93} INFO -   5000K .......... .......... .......... .......... .......... 43% 10.3M 1s
[2023-01-27T04:58:54.642+0000] {subprocess.py:93} INFO -   5050K .......... .......... .......... .......... .......... 43% 26.7M 1s
[2023-01-27T04:58:54.647+0000] {subprocess.py:93} INFO -   5100K .......... .......... .......... .......... .......... 44% 9.34M 1s
[2023-01-27T04:58:54.649+0000] {subprocess.py:93} INFO -   5150K .......... .......... .......... .......... .......... 44% 36.7M 1s
[2023-01-27T04:58:54.649+0000] {subprocess.py:93} INFO -   5200K .......... .......... .......... .......... .......... 45%  275M 1s
[2023-01-27T04:58:54.655+0000] {subprocess.py:93} INFO -   5250K .......... .......... .......... .......... .......... 45% 7.84M 1s
[2023-01-27T04:58:54.661+0000] {subprocess.py:93} INFO -   5300K .......... .......... .......... .......... .......... 46% 8.77M 1s
[2023-01-27T04:58:54.661+0000] {subprocess.py:93} INFO -   5350K .......... .......... .......... .......... .......... 46%  267M 1s
[2023-01-27T04:58:54.661+0000] {subprocess.py:93} INFO -   5400K .......... .......... .......... .......... .......... 46%  293M 1s
[2023-01-27T04:58:54.661+0000] {subprocess.py:93} INFO -   5450K .......... .......... .......... .......... .......... 47%  340M 1s
[2023-01-27T04:58:54.661+0000] {subprocess.py:93} INFO -   5500K .......... .......... .......... .......... .......... 47%  347M 1s
[2023-01-27T04:58:54.671+0000] {subprocess.py:93} INFO -   5550K .......... .......... .......... .......... .......... 48% 5.79M 1s
[2023-01-27T04:58:54.674+0000] {subprocess.py:93} INFO -   5600K .......... .......... .......... .......... .......... 48% 12.0M 1s
[2023-01-27T04:58:54.679+0000] {subprocess.py:93} INFO -   5650K .......... .......... .......... .......... .......... 49% 9.19M 1s
[2023-01-27T04:58:54.684+0000] {subprocess.py:93} INFO -   5700K .......... .......... .......... .......... .......... 49% 9.14M 1s
[2023-01-27T04:58:54.698+0000] {subprocess.py:93} INFO -   5750K .......... .......... .......... .......... .......... 49% 3.45M 1s
[2023-01-27T04:58:54.703+0000] {subprocess.py:93} INFO -   5800K .......... .......... .......... .......... .......... 50% 11.9M 1s
[2023-01-27T04:58:54.707+0000] {subprocess.py:93} INFO -   5850K .......... .......... .......... .......... .......... 50% 11.7M 1s
[2023-01-27T04:58:54.711+0000] {subprocess.py:93} INFO -   5900K .......... .......... .......... .......... .......... 51% 11.9M 1s
[2023-01-27T04:58:54.719+0000] {subprocess.py:93} INFO -   5950K .......... .......... .......... .......... .......... 51% 8.58M 1s
[2023-01-27T04:58:54.729+0000] {subprocess.py:93} INFO -   6000K .......... .......... .......... .......... .......... 52% 4.04M 1s
[2023-01-27T04:58:54.731+0000] {subprocess.py:93} INFO -   6050K .......... .......... .......... .......... .......... 52% 21.5M 1s
[2023-01-27T04:58:54.733+0000] {subprocess.py:93} INFO -   6100K .......... .......... .......... .......... .......... 52% 23.6M 1s
[2023-01-27T04:58:54.742+0000] {subprocess.py:93} INFO -   6150K .......... .......... .......... .......... .......... 53% 5.36M 1s
[2023-01-27T04:58:54.743+0000] {subprocess.py:93} INFO -   6200K .......... .......... .......... .......... .......... 53% 75.1M 1s
[2023-01-27T04:58:54.753+0000] {subprocess.py:93} INFO -   6250K .......... .......... .......... .......... .......... 54% 4.68M 1s
[2023-01-27T04:58:54.762+0000] {subprocess.py:93} INFO -   6300K .......... .......... .......... .......... .......... 54% 5.36M 1s
[2023-01-27T04:58:54.764+0000] {subprocess.py:93} INFO -   6350K .......... .......... .......... .......... .......... 55% 25.7M 1s
[2023-01-27T04:58:54.772+0000] {subprocess.py:93} INFO -   6400K .......... .......... .......... .......... .......... 55% 6.39M 1s
[2023-01-27T04:58:54.779+0000] {subprocess.py:93} INFO -   6450K .......... .......... .......... .......... .......... 55% 7.31M 1s
[2023-01-27T04:58:54.786+0000] {subprocess.py:93} INFO -   6500K .......... .......... .......... .......... .......... 56% 6.42M 1s
[2023-01-27T04:58:54.792+0000] {subprocess.py:93} INFO -   6550K .......... .......... .......... .......... .......... 56% 7.92M 1s
[2023-01-27T04:58:54.795+0000] {subprocess.py:93} INFO -   6600K .......... .......... .......... .......... .......... 57% 19.7M 1s
[2023-01-27T04:58:54.803+0000] {subprocess.py:93} INFO -   6650K .......... .......... .......... .......... .......... 57% 5.55M 1s
[2023-01-27T04:58:54.806+0000] {subprocess.py:93} INFO -   6700K .......... .......... .......... .......... .......... 58% 16.6M 1s
[2023-01-27T04:58:54.819+0000] {subprocess.py:93} INFO -   6750K .......... .......... .......... .......... .......... 58% 3.99M 1s
[2023-01-27T04:58:54.823+0000] {subprocess.py:93} INFO -   6800K .......... .......... .......... .......... .......... 58% 10.3M 1s
[2023-01-27T04:58:54.827+0000] {subprocess.py:93} INFO -   6850K .......... .......... .......... .......... .......... 59% 15.2M 1s
[2023-01-27T04:58:54.831+0000] {subprocess.py:93} INFO -   6900K .......... .......... .......... .......... .......... 59% 10.1M 1s
[2023-01-27T04:58:54.841+0000] {subprocess.py:93} INFO -   6950K .......... .......... .......... .......... .......... 60% 5.00M 1s
[2023-01-27T04:58:54.847+0000] {subprocess.py:93} INFO -   7000K .......... .......... .......... .......... .......... 60% 7.80M 1s
[2023-01-27T04:58:54.854+0000] {subprocess.py:93} INFO -   7050K .......... .......... .......... .......... .......... 61% 7.02M 1s
[2023-01-27T04:58:54.857+0000] {subprocess.py:93} INFO -   7100K .......... .......... .......... .......... .......... 61% 20.3M 1s
[2023-01-27T04:58:54.860+0000] {subprocess.py:93} INFO -   7150K .......... .......... .......... .......... .......... 62% 20.0M 1s
[2023-01-27T04:58:54.869+0000] {subprocess.py:93} INFO -   7200K .......... .......... .......... .......... .......... 62% 4.79M 1s
[2023-01-27T04:58:54.876+0000] {subprocess.py:93} INFO -   7250K .......... .......... .......... .......... .......... 62% 7.34M 1s
[2023-01-27T04:58:54.881+0000] {subprocess.py:93} INFO -   7300K .......... .......... .......... .......... .......... 63% 9.22M 1s
[2023-01-27T04:58:54.887+0000] {subprocess.py:93} INFO -   7350K .......... .......... .......... .......... .......... 63% 8.64M 1s
[2023-01-27T04:58:54.894+0000] {subprocess.py:93} INFO -   7400K .......... .......... .......... .......... .......... 64% 7.99M 1s
[2023-01-27T04:58:54.898+0000] {subprocess.py:93} INFO -   7450K .......... .......... .......... .......... .......... 64% 9.59M 1s
[2023-01-27T04:58:54.902+0000] {subprocess.py:93} INFO -   7500K .......... .......... .......... .......... .......... 65% 11.9M 1s
[2023-01-27T04:58:54.912+0000] {subprocess.py:93} INFO -   7550K .......... .......... .......... .......... .......... 65% 6.41M 1s
[2023-01-27T04:58:54.919+0000] {subprocess.py:93} INFO -   7600K .......... .......... .......... .......... .......... 65% 5.22M 1s
[2023-01-27T04:58:54.923+0000] {subprocess.py:93} INFO -   7650K .......... .......... .......... .......... .......... 66% 14.7M 1s
[2023-01-27T04:58:54.929+0000] {subprocess.py:93} INFO -   7700K .......... .......... .......... .......... .......... 66% 8.16M 1s
[2023-01-27T04:58:54.932+0000] {subprocess.py:93} INFO -   7750K .......... .......... .......... .......... .......... 67% 13.8M 1s
[2023-01-27T04:58:54.939+0000] {subprocess.py:93} INFO -   7800K .......... .......... .......... .......... .......... 67% 7.56M 1s
[2023-01-27T04:58:54.947+0000] {subprocess.py:93} INFO -   7850K .......... .......... .......... .......... .......... 68% 5.57M 1s
[2023-01-27T04:58:54.951+0000] {subprocess.py:93} INFO -   7900K .......... .......... .......... .......... .......... 68% 14.2M 1s
[2023-01-27T04:58:54.958+0000] {subprocess.py:93} INFO -   7950K .......... .......... .......... .......... .......... 68% 10.9M 1s
[2023-01-27T04:58:54.963+0000] {subprocess.py:93} INFO -   8000K .......... .......... .......... .......... .......... 69% 6.27M 1s
[2023-01-27T04:58:54.974+0000] {subprocess.py:93} INFO -   8050K .......... .......... .......... .......... .......... 69% 4.36M 1s
[2023-01-27T04:58:54.977+0000] {subprocess.py:93} INFO -   8100K .......... .......... .......... .......... .......... 70% 16.8M 1s
[2023-01-27T04:58:54.984+0000] {subprocess.py:93} INFO -   8150K .......... .......... .......... .......... .......... 70% 7.35M 1s
[2023-01-27T04:58:54.988+0000] {subprocess.py:93} INFO -   8200K .......... .......... .......... .......... .......... 71% 10.9M 1s
[2023-01-27T04:58:54.998+0000] {subprocess.py:93} INFO -   8250K .......... .......... .......... .......... .......... 71% 5.00M 1s
[2023-01-27T04:58:55.005+0000] {subprocess.py:93} INFO -   8300K .......... .......... .......... .......... .......... 71% 6.72M 0s
[2023-01-27T04:58:55.014+0000] {subprocess.py:93} INFO -   8350K .......... .......... .......... .......... .......... 72% 7.47M 0s
[2023-01-27T04:58:55.018+0000] {subprocess.py:93} INFO -   8400K .......... .......... .......... .......... .......... 72% 7.61M 0s
[2023-01-27T04:58:55.020+0000] {subprocess.py:93} INFO -   8450K .......... .......... .......... .......... .......... 73% 22.6M 0s
[2023-01-27T04:58:55.028+0000] {subprocess.py:93} INFO -   8500K .......... .......... .......... .......... .......... 73% 6.20M 0s
[2023-01-27T04:58:55.039+0000] {subprocess.py:93} INFO -   8550K .......... .......... .......... .......... .......... 74% 4.42M 0s
[2023-01-27T04:58:55.043+0000] {subprocess.py:93} INFO -   8600K .......... .......... .......... .......... .......... 74% 14.3M 0s
[2023-01-27T04:58:55.049+0000] {subprocess.py:93} INFO -   8650K .......... .......... .......... .......... .......... 74% 8.41M 0s
[2023-01-27T04:58:55.054+0000] {subprocess.py:93} INFO -   8700K .......... .......... .......... .......... .......... 75% 8.99M 0s
[2023-01-27T04:58:55.062+0000] {subprocess.py:93} INFO -   8750K .......... .......... .......... .......... .......... 75% 19.4M 0s
[2023-01-27T04:58:55.071+0000] {subprocess.py:93} INFO -   8800K .......... .......... .......... .......... .......... 76% 3.47M 0s
[2023-01-27T04:58:55.071+0000] {subprocess.py:93} INFO -   8850K .......... .......... .......... .......... .......... 76%  212M 0s
[2023-01-27T04:58:55.078+0000] {subprocess.py:93} INFO -   8900K .......... .......... .......... .......... .......... 77% 7.27M 0s
[2023-01-27T04:58:55.082+0000] {subprocess.py:93} INFO -   8950K .......... .......... .......... .......... .......... 77% 10.3M 0s
[2023-01-27T04:58:55.094+0000] {subprocess.py:93} INFO -   9000K .......... .......... .......... .......... .......... 77% 4.37M 0s
[2023-01-27T04:58:55.097+0000] {subprocess.py:93} INFO -   9050K .......... .......... .......... .......... .......... 78% 14.2M 0s
[2023-01-27T04:58:55.102+0000] {subprocess.py:93} INFO -   9100K .......... .......... .......... .......... .......... 78% 9.28M 0s
[2023-01-27T04:58:55.108+0000] {subprocess.py:93} INFO -   9150K .......... .......... .......... .......... .......... 79% 12.3M 0s
[2023-01-27T04:58:55.114+0000] {subprocess.py:93} INFO -   9200K .......... .......... .......... .......... .......... 79% 5.87M 0s
[2023-01-27T04:58:55.118+0000] {subprocess.py:93} INFO -   9250K .......... .......... .......... .......... .......... 80% 12.3M 0s
[2023-01-27T04:58:55.125+0000] {subprocess.py:93} INFO -   9300K .......... .......... .......... .......... .......... 80% 7.52M 0s
[2023-01-27T04:58:55.131+0000] {subprocess.py:93} INFO -   9350K .......... .......... .......... .......... .......... 80% 8.04M 0s
[2023-01-27T04:58:55.136+0000] {subprocess.py:93} INFO -   9400K .......... .......... .......... .......... .......... 81% 9.96M 0s
[2023-01-27T04:58:55.141+0000] {subprocess.py:93} INFO -   9450K .......... .......... .......... .......... .......... 81% 9.78M 0s
[2023-01-27T04:58:55.147+0000] {subprocess.py:93} INFO -   9500K .......... .......... .......... .......... .......... 82% 7.77M 0s
[2023-01-27T04:58:55.153+0000] {subprocess.py:93} INFO -   9550K .......... .......... .......... .......... .......... 82% 10.4M 0s
[2023-01-27T04:58:55.161+0000] {subprocess.py:93} INFO -   9600K .......... .......... .......... .......... .......... 83% 5.48M 0s
[2023-01-27T04:58:55.165+0000] {subprocess.py:93} INFO -   9650K .......... .......... .......... .......... .......... 83% 13.3M 0s
[2023-01-27T04:58:55.172+0000] {subprocess.py:93} INFO -   9700K .......... .......... .......... .......... .......... 83% 6.69M 0s
[2023-01-27T04:58:55.179+0000] {subprocess.py:93} INFO -   9750K .......... .......... .......... .......... .......... 84% 7.28M 0s
[2023-01-27T04:58:55.183+0000] {subprocess.py:93} INFO -   9800K .......... .......... .......... .......... .......... 84% 10.9M 0s
[2023-01-27T04:58:55.189+0000] {subprocess.py:93} INFO -   9850K .......... .......... .......... .......... .......... 85% 7.64M 0s
[2023-01-27T04:58:55.199+0000] {subprocess.py:93} INFO -   9900K .......... .......... .......... .......... .......... 85% 4.83M 0s
[2023-01-27T04:58:55.205+0000] {subprocess.py:93} INFO -   9950K .......... .......... .......... .......... .......... 86%  279M 0s
[2023-01-27T04:58:55.212+0000] {subprocess.py:93} INFO -  10000K .......... .......... .......... .......... .......... 86% 4.08M 0s
[2023-01-27T04:58:55.215+0000] {subprocess.py:93} INFO -  10050K .......... .......... .......... .......... .......... 86% 12.6M 0s
[2023-01-27T04:58:55.220+0000] {subprocess.py:93} INFO -  10100K .......... .......... .......... .......... .......... 87% 10.5M 0s
[2023-01-27T04:58:55.227+0000] {subprocess.py:93} INFO -  10150K .......... .......... .......... .......... .......... 87% 7.60M 0s
[2023-01-27T04:58:55.230+0000] {subprocess.py:93} INFO -  10200K .......... .......... .......... .......... .......... 88% 12.8M 0s
[2023-01-27T04:58:55.242+0000] {subprocess.py:93} INFO -  10250K .......... .......... .......... .......... .......... 88% 4.25M 0s
[2023-01-27T04:58:55.251+0000] {subprocess.py:93} INFO -  10300K .......... .......... .......... .......... .......... 89% 5.52M 0s
[2023-01-27T04:58:55.253+0000] {subprocess.py:93} INFO -  10350K .......... .......... .......... .......... .......... 89%  322M 0s
[2023-01-27T04:58:55.258+0000] {subprocess.py:93} INFO -  10400K .......... .......... .......... .......... .......... 89% 7.39M 0s
[2023-01-27T04:58:55.263+0000] {subprocess.py:93} INFO -  10450K .......... .......... .......... .......... .......... 90% 9.07M 0s
[2023-01-27T04:58:55.275+0000] {subprocess.py:93} INFO -  10500K .......... .......... .......... .......... .......... 90% 4.00M 0s
[2023-01-27T04:58:55.280+0000] {subprocess.py:93} INFO -  10550K .......... .......... .......... .......... .......... 91% 10.0M 0s
[2023-01-27T04:58:55.286+0000] {subprocess.py:93} INFO -  10600K .......... .......... .......... .......... .......... 91% 8.26M 0s
[2023-01-27T04:58:55.291+0000] {subprocess.py:93} INFO -  10650K .......... .......... .......... .......... .......... 92% 9.01M 0s
[2023-01-27T04:58:55.295+0000] {subprocess.py:93} INFO -  10700K .......... .......... .......... .......... .......... 92% 12.3M 0s
[2023-01-27T04:58:55.307+0000] {subprocess.py:93} INFO -  10750K .......... .......... .......... .......... .......... 93% 6.88M 0s
[2023-01-27T04:58:55.311+0000] {subprocess.py:93} INFO -  10800K .......... .......... .......... .......... .......... 93% 5.87M 0s
[2023-01-27T04:58:55.317+0000] {subprocess.py:93} INFO -  10850K .......... .......... .......... .......... .......... 93% 7.38M 0s
[2023-01-27T04:58:55.320+0000] {subprocess.py:93} INFO -  10900K .......... .......... .......... .......... .......... 94% 15.8M 0s
[2023-01-27T04:58:55.329+0000] {subprocess.py:93} INFO -  10950K .......... .......... .......... .......... .......... 94% 5.80M 0s
[2023-01-27T04:58:55.338+0000] {subprocess.py:93} INFO -  11000K .......... .......... .......... .......... .......... 95% 5.23M 0s
[2023-01-27T04:58:55.340+0000] {subprocess.py:93} INFO -  11050K .......... .......... .......... .......... .......... 95% 30.9M 0s
[2023-01-27T04:58:55.344+0000] {subprocess.py:93} INFO -  11100K .......... .......... .......... .......... .......... 96% 12.4M 0s
[2023-01-27T04:58:55.353+0000] {subprocess.py:93} INFO -  11150K .......... .......... .......... .......... .......... 96% 7.55M 0s
[2023-01-27T04:58:55.361+0000] {subprocess.py:93} INFO -  11200K .......... .......... .......... .......... .......... 96% 4.31M 0s
[2023-01-27T04:58:55.366+0000] {subprocess.py:93} INFO -  11250K .......... .......... .......... .......... .......... 97% 10.8M 0s
[2023-01-27T04:58:55.373+0000] {subprocess.py:93} INFO -  11300K .......... .......... .......... .......... .......... 97% 6.84M 0s
[2023-01-27T04:58:55.377+0000] {subprocess.py:93} INFO -  11350K .......... .......... .......... .......... .......... 98% 11.6M 0s
[2023-01-27T04:58:55.381+0000] {subprocess.py:93} INFO -  11400K .......... .......... .......... .......... .......... 98% 14.6M 0s
[2023-01-27T04:58:55.392+0000] {subprocess.py:93} INFO -  11450K .......... .......... .......... .......... .......... 99% 4.24M 0s
[2023-01-27T04:58:55.397+0000] {subprocess.py:93} INFO -  11500K .......... .......... .......... .......... .......... 99% 10.4M 0s
[2023-01-27T04:58:55.403+0000] {subprocess.py:93} INFO -  11550K .......... .......... .......... .......... .......... 99% 8.47M 0s
[2023-01-27T04:58:55.403+0000] {subprocess.py:93} INFO -  11600K .......... .                                          100%  251M=1.7s
[2023-01-27T04:58:55.403+0000] {subprocess.py:93} INFO - 
[2023-01-27T04:58:55.403+0000] {subprocess.py:93} INFO - 2023-01-27 04:58:55 (6.79 MB/s) - ‘/opt/***/fhv_tripdata_2021-01.csv.gz’ saved [11890331/11890331]
[2023-01-27T04:58:55.403+0000] {subprocess.py:93} INFO - 
[2023-01-27T04:58:55.404+0000] {subprocess.py:97} INFO - Command exited with return code 0
[2023-01-27T04:58:55.432+0000] {taskinstance.py:1323} INFO - Marking task as SUCCESS. dag_id=fhv_taxi_data_dag_v1, task_id=download_ytd_dataset_from_web, execution_date=20210101T000000, start_date=20230127T045852, end_date=20230127T045855
[2023-01-27T04:58:55.490+0000] {local_task_job.py:208} INFO - Task exited with return code 0
[2023-01-27T04:58:55.524+0000] {taskinstance.py:2578} INFO - 1 downstream tasks scheduled from follow-on schedule check
