[2023-01-27T04:57:08.386+0000] {taskinstance.py:1083} INFO - Dependencies all met for <TaskInstance: fhv_taxi_data_dag_v1.download_ytd_dataset_from_web scheduled__2019-03-01T00:00:00+00:00 [queued]>
[2023-01-27T04:57:08.402+0000] {taskinstance.py:1083} INFO - Dependencies all met for <TaskInstance: fhv_taxi_data_dag_v1.download_ytd_dataset_from_web scheduled__2019-03-01T00:00:00+00:00 [queued]>
[2023-01-27T04:57:08.403+0000] {taskinstance.py:1279} INFO - 
--------------------------------------------------------------------------------
[2023-01-27T04:57:08.403+0000] {taskinstance.py:1280} INFO - Starting attempt 1 of 1
[2023-01-27T04:57:08.403+0000] {taskinstance.py:1281} INFO - 
--------------------------------------------------------------------------------
[2023-01-27T04:57:08.442+0000] {taskinstance.py:1300} INFO - Executing <Task(BashOperator): download_ytd_dataset_from_web> on 2019-03-01 00:00:00+00:00
[2023-01-27T04:57:08.452+0000] {standard_task_runner.py:55} INFO - Started process 6484 to run task
[2023-01-27T04:57:08.456+0000] {standard_task_runner.py:82} INFO - Running: ['***', 'tasks', 'run', 'fhv_taxi_data_dag_v1', 'download_ytd_dataset_from_web', 'scheduled__2019-03-01T00:00:00+00:00', '--job-id', '5689', '--raw', '--subdir', 'DAGS_FOLDER/data_ingestion_gcs_dag_v1_fhv.py', '--cfg-path', '/tmp/tmpkk_y3trq']
[2023-01-27T04:57:08.459+0000] {standard_task_runner.py:83} INFO - Job 5689: Subtask download_ytd_dataset_from_web
[2023-01-27T04:57:08.556+0000] {task_command.py:388} INFO - Running <TaskInstance: fhv_taxi_data_dag_v1.download_ytd_dataset_from_web scheduled__2019-03-01T00:00:00+00:00 [running]> on host 8bc22b99c76b
[2023-01-27T04:57:08.768+0000] {taskinstance.py:1509} INFO - Exporting the following env vars:
AIRFLOW_CTX_DAG_OWNER=***
AIRFLOW_CTX_DAG_ID=fhv_taxi_data_dag_v1
AIRFLOW_CTX_TASK_ID=download_ytd_dataset_from_web
AIRFLOW_CTX_EXECUTION_DATE=2019-03-01T00:00:00+00:00
AIRFLOW_CTX_TRY_NUMBER=1
AIRFLOW_CTX_DAG_RUN_ID=scheduled__2019-03-01T00:00:00+00:00
[2023-01-27T04:57:08.773+0000] {subprocess.py:63} INFO - Tmp dir root location: 
 /tmp
[2023-01-27T04:57:08.774+0000] {subprocess.py:75} INFO - Running command: ['/bin/bash', '-c', 'wget https://github.com/DataTalksClub/nyc-tlc-data/releases/download/fhv/fhv_tripdata_2019-03.csv.gz -O /opt/***/fhv_tripdata_2019-03.csv.gz']
[2023-01-27T04:57:08.801+0000] {subprocess.py:86} INFO - Output:
[2023-01-27T04:57:08.809+0000] {subprocess.py:93} INFO - --2023-01-27 04:57:08--  https://github.com/DataTalksClub/nyc-tlc-data/releases/download/fhv/fhv_tripdata_2019-03.csv.gz
[2023-01-27T04:57:08.861+0000] {subprocess.py:93} INFO - Resolving github.com (github.com)... 140.82.121.4
[2023-01-27T04:57:08.878+0000] {subprocess.py:93} INFO - Connecting to github.com (github.com)|140.82.121.4|:443... connected.
[2023-01-27T04:57:09.199+0000] {subprocess.py:93} INFO - HTTP request sent, awaiting response... 302 Found
[2023-01-27T04:57:09.199+0000] {subprocess.py:93} INFO - Location: https://objects.githubusercontent.com/github-production-release-asset-2e65be/513814948/25c57b9c-da6d-4e08-a250-68c8642ad9b0?X-Amz-Algorithm=AWS4-HMAC-SHA256&X-Amz-Credential=AKIAIWNJYAX4CSVEH53A%2F20230127%2Fus-east-1%2Fs3%2Faws4_request&X-Amz-Date=20230127T045541Z&X-Amz-Expires=300&X-Amz-Signature=1f9b01599e6931c4c366e8feecbe2959c10460b4b5ebe04eee34ef079bf378a0&X-Amz-SignedHeaders=host&actor_id=0&key_id=0&repo_id=513814948&response-content-disposition=attachment%3B%20filename%3Dfhv_tripdata_2019-03.csv.gz&response-content-type=application%2Foctet-stream [following]
[2023-01-27T04:57:09.199+0000] {subprocess.py:93} INFO - --2023-01-27 04:57:09--  https://objects.githubusercontent.com/github-production-release-asset-2e65be/513814948/25c57b9c-da6d-4e08-a250-68c8642ad9b0?X-Amz-Algorithm=AWS4-HMAC-SHA256&X-Amz-Credential=AKIAIWNJYAX4CSVEH53A%2F20230127%2Fus-east-1%2Fs3%2Faws4_request&X-Amz-Date=20230127T045541Z&X-Amz-Expires=300&X-Amz-Signature=1f9b01599e6931c4c366e8feecbe2959c10460b4b5ebe04eee34ef079bf378a0&X-Amz-SignedHeaders=host&actor_id=0&key_id=0&repo_id=513814948&response-content-disposition=attachment%3B%20filename%3Dfhv_tripdata_2019-03.csv.gz&response-content-type=application%2Foctet-stream
[2023-01-27T04:57:09.203+0000] {subprocess.py:93} INFO - Resolving objects.githubusercontent.com (objects.githubusercontent.com)... 185.199.108.133, 185.199.110.133, 185.199.111.133, ...
[2023-01-27T04:57:09.215+0000] {subprocess.py:93} INFO - Connecting to objects.githubusercontent.com (objects.githubusercontent.com)|185.199.108.133|:443... connected.
[2023-01-27T04:57:09.723+0000] {subprocess.py:93} INFO - HTTP request sent, awaiting response... 200 OK
[2023-01-27T04:57:09.723+0000] {subprocess.py:93} INFO - Length: 13328498 (13M) [application/octet-stream]
[2023-01-27T04:57:09.724+0000] {subprocess.py:93} INFO - Saving to: ‘/opt/***/fhv_tripdata_2019-03.csv.gz’
[2023-01-27T04:57:09.724+0000] {subprocess.py:93} INFO - 
[2023-01-27T04:57:09.894+0000] {subprocess.py:93} INFO -      0K .......... .......... .......... .......... ..........  0%  293K 44s
[2023-01-27T04:57:10.029+0000] {subprocess.py:93} INFO -     50K .......... .......... .......... .......... ..........  0%  370K 40s
[2023-01-27T04:57:10.122+0000] {subprocess.py:93} INFO -    100K .......... .......... .......... .......... ..........  1%  542K 34s
[2023-01-27T04:57:10.208+0000] {subprocess.py:93} INFO -    150K .......... .......... .......... .......... ..........  1%  577K 31s
[2023-01-27T04:57:10.296+0000] {subprocess.py:93} INFO -    200K .......... .......... .......... .......... ..........  1%  569K 29s
[2023-01-27T04:57:10.379+0000] {subprocess.py:93} INFO -    250K .......... .......... .......... .......... ..........  2%  603K 28s
[2023-01-27T04:57:10.473+0000] {subprocess.py:93} INFO -    300K .......... .......... .......... .......... ..........  2%  530K 27s
[2023-01-27T04:57:10.544+0000] {subprocess.py:93} INFO -    350K .......... .......... .......... .......... ..........  3%  711K 26s
[2023-01-27T04:57:10.563+0000] {subprocess.py:93} INFO -    400K .......... .......... .......... .......... ..........  3% 2.53M 23s
[2023-01-27T04:57:10.568+0000] {subprocess.py:93} INFO -    450K .......... .......... .......... .......... ..........  3% 9.57M 21s
[2023-01-27T04:57:10.586+0000] {subprocess.py:93} INFO -    500K .......... .......... .......... .......... ..........  4% 2.70M 20s
[2023-01-27T04:57:10.597+0000] {subprocess.py:93} INFO -    550K .......... .......... .......... .......... ..........  4% 4.39M 18s
[2023-01-27T04:57:10.624+0000] {subprocess.py:93} INFO -    600K .......... .......... .......... .......... ..........  4% 1.86M 17s
[2023-01-27T04:57:10.741+0000] {subprocess.py:93} INFO -    650K .......... .......... .......... .......... ..........  5%  424K 18s
[2023-01-27T04:57:10.778+0000] {subprocess.py:93} INFO -    700K .......... .......... .......... .......... ..........  5% 1.34M 17s
[2023-01-27T04:57:10.789+0000] {subprocess.py:93} INFO -    750K .......... .......... .......... .......... ..........  6% 4.42M 16s
[2023-01-27T04:57:10.789+0000] {subprocess.py:93} INFO -    800K .......... .......... .......... .......... ..........  6%  303M 15s
[2023-01-27T04:57:10.790+0000] {subprocess.py:93} INFO -    850K .......... .......... .......... .......... ..........  6%  286M 14s
[2023-01-27T04:57:10.798+0000] {subprocess.py:93} INFO -    900K .......... .......... .......... .......... ..........  7% 5.77M 14s
[2023-01-27T04:57:10.819+0000] {subprocess.py:93} INFO -    950K .......... .......... .......... .......... ..........  7% 2.25M 13s
[2023-01-27T04:57:10.833+0000] {subprocess.py:93} INFO -   1000K .......... .......... .......... .......... ..........  8% 3.59M 13s
[2023-01-27T04:57:10.863+0000] {subprocess.py:93} INFO -   1050K .......... .......... .......... .......... ..........  8% 1.62M 12s
[2023-01-27T04:57:10.882+0000] {subprocess.py:93} INFO -   1100K .......... .......... .......... .......... ..........  8% 2.55M 12s
[2023-01-27T04:57:10.902+0000] {subprocess.py:93} INFO -   1150K .......... .......... .......... .......... ..........  9% 2.45M 12s
[2023-01-27T04:57:10.927+0000] {subprocess.py:93} INFO -   1200K .......... .......... .......... .......... ..........  9% 1.97M 11s
[2023-01-27T04:57:10.947+0000] {subprocess.py:93} INFO -   1250K .......... .......... .......... .......... ..........  9% 2.47M 11s
[2023-01-27T04:57:10.970+0000] {subprocess.py:93} INFO -   1300K .......... .......... .......... .......... .......... 10% 2.11M 11s
[2023-01-27T04:57:10.983+0000] {subprocess.py:93} INFO -   1350K .......... .......... .......... .......... .......... 10% 3.69M 10s
[2023-01-27T04:57:11.012+0000] {subprocess.py:93} INFO -   1400K .......... .......... .......... .......... .......... 11% 1.67M 10s
[2023-01-27T04:57:11.034+0000] {subprocess.py:93} INFO -   1450K .......... .......... .......... .......... .......... 11% 2.29M 10s
[2023-01-27T04:57:11.057+0000] {subprocess.py:93} INFO -   1500K .......... .......... .......... .......... .......... 11% 2.12M 10s
[2023-01-27T04:57:11.070+0000] {subprocess.py:93} INFO -   1550K .......... .......... .......... .......... .......... 12% 3.83M 10s
[2023-01-27T04:57:11.105+0000] {subprocess.py:93} INFO -   1600K .......... .......... .......... .......... .......... 12% 1.40M 10s
[2023-01-27T04:57:11.123+0000] {subprocess.py:93} INFO -   1650K .......... .......... .......... .......... .......... 13% 2.57M 9s
[2023-01-27T04:57:11.142+0000] {subprocess.py:93} INFO -   1700K .......... .......... .......... .......... .......... 13% 2.59M 9s
[2023-01-27T04:57:11.156+0000] {subprocess.py:93} INFO -   1750K .......... .......... .......... .......... .......... 13% 3.66M 9s
[2023-01-27T04:57:11.177+0000] {subprocess.py:93} INFO -   1800K .......... .......... .......... .......... .......... 14% 2.26M 9s
[2023-01-27T04:57:11.214+0000] {subprocess.py:93} INFO -   1850K .......... .......... .......... .......... .......... 14% 1.34M 9s
[2023-01-27T04:57:11.234+0000] {subprocess.py:93} INFO -   1900K .......... .......... .......... .......... .......... 14% 2.34M 9s
[2023-01-27T04:57:11.269+0000] {subprocess.py:93} INFO -   1950K .......... .......... .......... .......... .......... 15% 1.41M 9s
[2023-01-27T04:57:11.287+0000] {subprocess.py:93} INFO -   2000K .......... .......... .......... .......... .......... 15% 3.11M 8s
[2023-01-27T04:57:11.311+0000] {subprocess.py:93} INFO -   2050K .......... .......... .......... .......... .......... 16% 1.94M 8s
[2023-01-27T04:57:11.329+0000] {subprocess.py:93} INFO -   2100K .......... .......... .......... .......... .......... 16% 2.67M 8s
[2023-01-27T04:57:11.353+0000] {subprocess.py:93} INFO -   2150K .......... .......... .......... .......... .......... 16% 2.00M 8s
[2023-01-27T04:57:11.370+0000] {subprocess.py:93} INFO -   2200K .......... .......... .......... .......... .......... 17% 2.76M 8s
[2023-01-27T04:57:11.387+0000] {subprocess.py:93} INFO -   2250K .......... .......... .......... .......... .......... 17% 2.99M 8s
[2023-01-27T04:57:11.402+0000] {subprocess.py:93} INFO -   2300K .......... .......... .......... .......... .......... 18% 3.35M 8s
[2023-01-27T04:57:11.522+0000] {subprocess.py:93} INFO -   2350K .......... .......... .......... .......... .......... 18%  414K 8s
[2023-01-27T04:57:11.528+0000] {subprocess.py:93} INFO -   2400K .......... .......... .......... .......... .......... 18% 9.60M 8s
[2023-01-27T04:57:11.528+0000] {subprocess.py:93} INFO -   2450K .......... .......... .......... .......... .......... 19%  302M 8s
[2023-01-27T04:57:11.528+0000] {subprocess.py:93} INFO -   2500K .......... .......... .......... .......... .......... 19%  111M 7s
[2023-01-27T04:57:11.534+0000] {subprocess.py:93} INFO -   2550K .......... .......... .......... .......... .......... 19% 7.86M 7s
[2023-01-27T04:57:11.546+0000] {subprocess.py:93} INFO -   2600K .......... .......... .......... .......... .......... 20% 4.26M 7s
[2023-01-27T04:57:11.554+0000] {subprocess.py:93} INFO -   2650K .......... .......... .......... .......... .......... 20% 5.86M 7s
[2023-01-27T04:57:11.581+0000] {subprocess.py:93} INFO -   2700K .......... .......... .......... .......... .......... 21% 1.81M 7s
[2023-01-27T04:57:11.597+0000] {subprocess.py:93} INFO -   2750K .......... .......... .......... .......... .......... 21% 3.05M 7s
[2023-01-27T04:57:11.610+0000] {subprocess.py:93} INFO -   2800K .......... .......... .......... .......... .......... 21% 3.73M 7s
[2023-01-27T04:57:11.629+0000] {subprocess.py:93} INFO -   2850K .......... .......... .......... .......... .......... 22% 2.56M 7s
[2023-01-27T04:57:11.643+0000] {subprocess.py:93} INFO -   2900K .......... .......... .......... .......... .......... 22% 3.49M 7s
[2023-01-27T04:57:11.652+0000] {subprocess.py:93} INFO -   2950K .......... .......... .......... .......... .......... 23% 5.56M 6s
[2023-01-27T04:57:11.668+0000] {subprocess.py:93} INFO -   3000K .......... .......... .......... .......... .......... 23% 3.00M 6s
[2023-01-27T04:57:11.685+0000] {subprocess.py:93} INFO -   3050K .......... .......... .......... .......... .......... 23% 2.88M 6s
[2023-01-27T04:57:11.693+0000] {subprocess.py:93} INFO -   3100K .......... .......... .......... .......... .......... 24% 5.89M 6s
[2023-01-27T04:57:11.713+0000] {subprocess.py:93} INFO -   3150K .......... .......... .......... .......... .......... 24% 2.46M 6s
[2023-01-27T04:57:11.719+0000] {subprocess.py:93} INFO -   3200K .......... .......... .......... .......... .......... 24% 7.95M 6s
[2023-01-27T04:57:11.729+0000] {subprocess.py:93} INFO -   3250K .......... .......... .......... .......... .......... 25% 4.84M 6s
[2023-01-27T04:57:11.744+0000] {subprocess.py:93} INFO -   3300K .......... .......... .......... .......... .......... 25% 3.28M 6s
[2023-01-27T04:57:11.752+0000] {subprocess.py:93} INFO -   3350K .......... .......... .......... .......... .......... 26% 6.45M 6s
[2023-01-27T04:57:11.806+0000] {subprocess.py:93} INFO -   3400K .......... .......... .......... .......... .......... 26%  927K 6s
[2023-01-27T04:57:11.897+0000] {subprocess.py:93} INFO -   3450K .......... .......... .......... .......... .......... 26%  550K 6s
[2023-01-27T04:57:11.998+0000] {subprocess.py:93} INFO -   3500K .......... .......... .......... .......... .......... 27%  496K 6s
[2023-01-27T04:57:12.130+0000] {subprocess.py:93} INFO -   3550K .......... .......... .......... .......... .......... 27%  379K 6s
[2023-01-27T04:57:12.220+0000] {subprocess.py:93} INFO -   3600K .......... .......... .......... .......... .......... 28%  554K 6s
[2023-01-27T04:57:12.316+0000] {subprocess.py:93} INFO -   3650K .......... .......... .......... .......... .......... 28%  521K 7s
[2023-01-27T04:57:12.418+0000] {subprocess.py:93} INFO -   3700K .......... .......... .......... .......... .......... 28%  491K 7s
[2023-01-27T04:57:12.512+0000] {subprocess.py:93} INFO -   3750K .......... .......... .......... .......... .......... 29%  530K 7s
[2023-01-27T04:57:12.606+0000] {subprocess.py:93} INFO -   3800K .......... .......... .......... .......... .......... 29%  533K 7s
[2023-01-27T04:57:12.720+0000] {subprocess.py:93} INFO -   3850K .......... .......... .......... .......... .......... 29%  437K 7s
[2023-01-27T04:57:12.816+0000] {subprocess.py:93} INFO -   3900K .......... .......... .......... .......... .......... 30%  520K 7s
[2023-01-27T04:57:12.945+0000] {subprocess.py:93} INFO -   3950K .......... .......... .......... .......... .......... 30%  387K 7s
[2023-01-27T04:57:13.030+0000] {subprocess.py:93} INFO -   4000K .......... .......... .......... .......... .......... 31%  588K 7s
[2023-01-27T04:57:13.118+0000] {subprocess.py:93} INFO -   4050K .......... .......... .......... .......... .......... 31%  571K 7s
[2023-01-27T04:57:13.213+0000] {subprocess.py:93} INFO -   4100K .......... .......... .......... .......... .......... 31%  529K 7s
[2023-01-27T04:57:13.303+0000] {subprocess.py:93} INFO -   4150K .......... .......... .......... .......... .......... 32%  552K 8s
[2023-01-27T04:57:13.568+0000] {subprocess.py:93} INFO -   4200K .......... .......... .......... .......... .......... 32%  189K 8s
[2023-01-27T04:57:13.657+0000] {subprocess.py:93} INFO -   4250K .......... .......... .......... .......... .......... 33%  556K 8s
[2023-01-27T04:57:13.752+0000] {subprocess.py:93} INFO -   4300K .......... .......... .......... .......... .......... 33%  531K 8s
[2023-01-27T04:57:13.813+0000] {subprocess.py:93} INFO -   4350K .......... .......... .......... .......... .......... 33% 1.42M 8s
[2023-01-27T04:57:13.823+0000] {subprocess.py:93} INFO -   4400K .......... .......... .......... .......... .......... 34% 1.33M 8s
[2023-01-27T04:57:13.859+0000] {subprocess.py:93} INFO -   4450K .......... .......... .......... .......... .......... 34% 1.35M 8s
[2023-01-27T04:57:13.909+0000] {subprocess.py:93} INFO -   4500K .......... .......... .......... .......... .......... 34%  994K 8s
[2023-01-27T04:57:13.941+0000] {subprocess.py:93} INFO -   4550K .......... .......... .......... .......... .......... 35% 1.55M 8s
[2023-01-27T04:57:14.015+0000] {subprocess.py:93} INFO -   4600K .......... .......... .......... .......... .......... 35%  672K 8s
[2023-01-27T04:57:14.071+0000] {subprocess.py:93} INFO -   4650K .......... .......... .......... .......... .......... 36%  889K 8s
[2023-01-27T04:57:14.129+0000] {subprocess.py:93} INFO -   4700K .......... .......... .......... .......... .......... 36%  871K 8s
[2023-01-27T04:57:14.183+0000] {subprocess.py:93} INFO -   4750K .......... .......... .......... .......... .......... 36% 1.19M 8s
[2023-01-27T04:57:14.227+0000] {subprocess.py:93} INFO -   4800K .......... .......... .......... .......... .......... 37%  873K 8s
[2023-01-27T04:57:14.309+0000] {subprocess.py:93} INFO -   4850K .......... .......... .......... .......... .......... 37%  609K 8s
[2023-01-27T04:57:14.378+0000] {subprocess.py:93} INFO -   4900K .......... .......... .......... .......... .......... 38%  734K 8s
[2023-01-27T04:57:14.419+0000] {subprocess.py:93} INFO -   4950K .......... .......... .......... .......... .......... 38% 1.17M 8s
[2023-01-27T04:57:14.480+0000] {subprocess.py:93} INFO -   5000K .......... .......... .......... .......... .......... 38%  828K 8s
[2023-01-27T04:57:14.521+0000] {subprocess.py:93} INFO -   5050K .......... .......... .......... .......... .......... 39% 1.17M 7s
[2023-01-27T04:57:14.584+0000] {subprocess.py:93} INFO -   5100K .......... .......... .......... .......... .......... 39%  799K 7s
[2023-01-27T04:57:14.685+0000] {subprocess.py:93} INFO -   5150K .......... .......... .......... .......... .......... 39%  656K 7s
[2023-01-27T04:57:14.729+0000] {subprocess.py:93} INFO -   5200K .......... .......... .......... .......... .......... 40%  729K 7s
[2023-01-27T04:57:14.765+0000] {subprocess.py:93} INFO -   5250K .......... .......... .......... .......... .......... 40% 1.34M 7s
[2023-01-27T04:57:14.931+0000] {subprocess.py:93} INFO -   5300K .......... .......... .......... .......... .......... 41%  301K 7s
[2023-01-27T04:57:15.011+0000] {subprocess.py:93} INFO -   5350K .......... .......... .......... .......... .......... 41%  626K 7s
[2023-01-27T04:57:15.081+0000] {subprocess.py:93} INFO -   5400K .......... .......... .......... .......... .......... 41%  718K 7s
[2023-01-27T04:57:15.141+0000] {subprocess.py:93} INFO -   5450K .......... .......... .......... .......... .......... 42%  832K 7s
[2023-01-27T04:57:15.261+0000] {subprocess.py:93} INFO -   5500K .......... .......... .......... .......... .......... 42%  418K 7s
[2023-01-27T04:57:15.337+0000] {subprocess.py:93} INFO -   5550K .......... .......... .......... .......... .......... 43%  695K 7s
[2023-01-27T04:57:15.390+0000] {subprocess.py:93} INFO -   5600K .......... .......... .......... .......... .......... 43%  879K 7s
[2023-01-27T04:57:15.455+0000] {subprocess.py:93} INFO -   5650K .......... .......... .......... .......... .......... 43%  766K 7s
[2023-01-27T04:57:15.536+0000] {subprocess.py:93} INFO -   5700K .......... .......... .......... .......... .......... 44%  616K 7s
[2023-01-27T04:57:15.566+0000] {subprocess.py:93} INFO -   5750K .......... .......... .......... .......... .......... 44% 1.60M 7s
[2023-01-27T04:57:15.699+0000] {subprocess.py:93} INFO -   5800K .......... .......... .......... .......... .......... 44%  377K 7s
[2023-01-27T04:57:15.705+0000] {subprocess.py:93} INFO -   5850K .......... .......... .......... .......... .......... 45% 7.70M 7s
[2023-01-27T04:57:15.748+0000] {subprocess.py:93} INFO -   5900K .......... .......... .......... .......... .......... 45% 1.15M 7s
[2023-01-27T04:57:15.780+0000] {subprocess.py:93} INFO -   5950K .......... .......... .......... .......... .......... 46% 2.05M 7s
[2023-01-27T04:57:15.833+0000] {subprocess.py:93} INFO -   6000K .......... .......... .......... .......... .......... 46%  820K 7s
[2023-01-27T04:57:15.884+0000] {subprocess.py:93} INFO -   6050K .......... .......... .......... .......... .......... 46%  974K 7s
[2023-01-27T04:57:15.946+0000] {subprocess.py:93} INFO -   6100K .......... .......... .......... .......... .......... 47%  807K 7s
[2023-01-27T04:57:15.982+0000] {subprocess.py:93} INFO -   6150K .......... .......... .......... .......... .......... 47% 1.35M 7s
[2023-01-27T04:57:16.053+0000] {subprocess.py:93} INFO -   6200K .......... .......... .......... .......... .......... 48%  709K 7s
[2023-01-27T04:57:16.107+0000] {subprocess.py:93} INFO -   6250K .......... .......... .......... .......... .......... 48%  916K 7s
[2023-01-27T04:57:16.154+0000] {subprocess.py:93} INFO -   6300K .......... .......... .......... .......... .......... 48% 1.06M 7s
[2023-01-27T04:57:16.237+0000] {subprocess.py:93} INFO -   6350K .......... .......... .......... .......... .......... 49%  811K 7s
[2023-01-27T04:57:16.277+0000] {subprocess.py:93} INFO -   6400K .......... .......... .......... .......... .......... 49%  814K 7s
[2023-01-27T04:57:16.334+0000] {subprocess.py:93} INFO -   6450K .......... .......... .......... .......... .......... 49%  878K 7s
[2023-01-27T04:57:16.423+0000] {subprocess.py:93} INFO -   6500K .......... .......... .......... .......... .......... 50%  557K 7s
[2023-01-27T04:57:16.470+0000] {subprocess.py:93} INFO -   6550K .......... .......... .......... .......... .......... 50% 1.06M 7s
[2023-01-27T04:57:16.531+0000] {subprocess.py:93} INFO -   6600K .......... .......... .......... .......... .......... 51%  808K 7s
[2023-01-27T04:57:16.582+0000] {subprocess.py:93} INFO -   6650K .......... .......... .......... .......... .......... 51%  997K 6s
[2023-01-27T04:57:16.647+0000] {subprocess.py:93} INFO -   6700K .......... .......... .......... .......... .......... 51%  771K 6s
[2023-01-27T04:57:16.715+0000] {subprocess.py:93} INFO -   6750K .......... .......... .......... .......... .......... 52% 1.04M 6s
[2023-01-27T04:57:16.775+0000] {subprocess.py:93} INFO -   6800K .......... .......... .......... .......... .......... 52%  616K 6s
[2023-01-27T04:57:16.827+0000] {subprocess.py:93} INFO -   6850K .......... .......... .......... .......... .......... 53%  957K 6s
[2023-01-27T04:57:16.868+0000] {subprocess.py:93} INFO -   6900K .......... .......... .......... .......... .......... 53% 1.18M 6s
[2023-01-27T04:57:16.925+0000] {subprocess.py:93} INFO -   6950K .......... .......... .......... .......... .......... 53%  878K 6s
[2023-01-27T04:57:16.971+0000] {subprocess.py:93} INFO -   7000K .......... .......... .......... .......... .......... 54% 1.07M 6s
[2023-01-27T04:57:17.021+0000] {subprocess.py:93} INFO -   7050K .......... .......... .......... .......... .......... 54% 1012K 6s
[2023-01-27T04:57:17.100+0000] {subprocess.py:93} INFO -   7100K .......... .......... .......... .......... .......... 54%  632K 6s
[2023-01-27T04:57:17.186+0000] {subprocess.py:93} INFO -   7150K .......... .......... .......... .......... .......... 55%  682K 6s
[2023-01-27T04:57:17.230+0000] {subprocess.py:93} INFO -   7200K .......... .......... .......... .......... .......... 55%  881K 6s
[2023-01-27T04:57:17.312+0000] {subprocess.py:93} INFO -   7250K .......... .......... .......... .......... .......... 56%  603K 6s
[2023-01-27T04:57:17.346+0000] {subprocess.py:93} INFO -   7300K .......... .......... .......... .......... .......... 56% 1.47M 6s
[2023-01-27T04:57:17.393+0000] {subprocess.py:93} INFO -   7350K .......... .......... .......... .......... .......... 56% 1.03M 6s
[2023-01-27T04:57:17.454+0000] {subprocess.py:93} INFO -   7400K .......... .......... .......... .......... .......... 57%  823K 6s
[2023-01-27T04:57:17.511+0000] {subprocess.py:93} INFO -   7450K .......... .......... .......... .......... .......... 57%  877K 6s
[2023-01-27T04:57:17.628+0000] {subprocess.py:93} INFO -   7500K .......... .......... .......... .......... .......... 58%  426K 6s
[2023-01-27T04:57:17.681+0000] {subprocess.py:93} INFO -   7550K .......... .......... .......... .......... .......... 58% 1.22M 6s
[2023-01-27T04:57:17.755+0000] {subprocess.py:93} INFO -   7600K .......... .......... .......... .......... .......... 58%  577K 6s
[2023-01-27T04:57:17.834+0000] {subprocess.py:93} INFO -   7650K .......... .......... .......... .......... .......... 59%  626K 6s
[2023-01-27T04:57:17.898+0000] {subprocess.py:93} INFO -   7700K .......... .......... .......... .......... .......... 59%  780K 6s
[2023-01-27T04:57:17.944+0000] {subprocess.py:93} INFO -   7750K .......... .......... .......... .......... .......... 59% 1.07M 5s
[2023-01-27T04:57:18.008+0000] {subprocess.py:93} INFO -   7800K .......... .......... .......... .......... .......... 60%  783K 5s
[2023-01-27T04:57:18.052+0000] {subprocess.py:93} INFO -   7850K .......... .......... .......... .......... .......... 60% 1.12M 5s
[2023-01-27T04:57:18.117+0000] {subprocess.py:93} INFO -   7900K .......... .......... .......... .......... .......... 61%  761K 5s
[2023-01-27T04:57:18.203+0000] {subprocess.py:93} INFO -   7950K .......... .......... .......... .......... .......... 61%  721K 5s
[2023-01-27T04:57:18.249+0000] {subprocess.py:93} INFO -   8000K .......... .......... .......... .......... .......... 61%  805K 5s
[2023-01-27T04:57:18.301+0000] {subprocess.py:93} INFO -   8050K .......... .......... .......... .......... .......... 62%  958K 5s
[2023-01-27T04:57:18.347+0000] {subprocess.py:93} INFO -   8100K .......... .......... .......... .......... .......... 62% 1.07M 5s
[2023-01-27T04:57:18.404+0000] {subprocess.py:93} INFO -   8150K .......... .......... .......... .......... .......... 62%  869K 5s
[2023-01-27T04:57:18.452+0000] {subprocess.py:93} INFO -   8200K .......... .......... .......... .......... .......... 63% 1.01M 5s
[2023-01-27T04:57:18.502+0000] {subprocess.py:93} INFO -   8250K .......... .......... .......... .......... .......... 63% 1013K 5s
[2023-01-27T04:57:18.546+0000] {subprocess.py:93} INFO -   8300K .......... .......... .......... .......... .......... 64% 1.10M 5s
[2023-01-27T04:57:18.626+0000] {subprocess.py:93} INFO -   8350K .......... .......... .......... .......... .......... 64%  758K 5s
[2023-01-27T04:57:18.674+0000] {subprocess.py:93} INFO -   8400K .......... .......... .......... .......... .......... 64%  800K 5s
[2023-01-27T04:57:18.728+0000] {subprocess.py:93} INFO -   8450K .......... .......... .......... .......... .......... 65%  924K 5s
[2023-01-27T04:57:18.785+0000] {subprocess.py:93} INFO -   8500K .......... .......... .......... .......... .......... 65%  882K 5s
[2023-01-27T04:57:18.826+0000] {subprocess.py:93} INFO -   8550K .......... .......... .......... .......... .......... 66% 1.21M 5s
[2023-01-27T04:57:18.876+0000] {subprocess.py:93} INFO -   8600K .......... .......... .......... .......... .......... 66%  994K 5s
[2023-01-27T04:57:18.908+0000] {subprocess.py:93} INFO -   8650K .......... .......... .......... .......... .......... 66% 1.55M 5s
[2023-01-27T04:57:18.975+0000] {subprocess.py:93} INFO -   8700K .......... .......... .......... .......... .......... 67%  741K 5s
[2023-01-27T04:57:19.037+0000] {subprocess.py:93} INFO -   8750K .......... .......... .......... .......... .......... 67% 1020K 4s
[2023-01-27T04:57:19.100+0000] {subprocess.py:93} INFO -   8800K .......... .......... .......... .......... .......... 67%  660K 4s
[2023-01-27T04:57:19.147+0000] {subprocess.py:93} INFO -   8850K .......... .......... .......... .......... .......... 68% 1.04M 4s
[2023-01-27T04:57:19.178+0000] {subprocess.py:93} INFO -   8900K .......... .......... .......... .......... .......... 68% 1.55M 4s
[2023-01-27T04:57:19.235+0000] {subprocess.py:93} INFO -   8950K .......... .......... .......... .......... .......... 69%  888K 4s
[2023-01-27T04:57:19.269+0000] {subprocess.py:93} INFO -   9000K .......... .......... .......... .......... .......... 69% 1.43M 4s
[2023-01-27T04:57:19.372+0000] {subprocess.py:93} INFO -   9050K .......... .......... .......... .......... .......... 69%  485K 4s
[2023-01-27T04:57:19.468+0000] {subprocess.py:93} INFO -   9100K .......... .......... .......... .......... .......... 70%  519K 4s
[2023-01-27T04:57:19.517+0000] {subprocess.py:93} INFO -   9150K .......... .......... .......... .......... .......... 70% 1.53M 4s
[2023-01-27T04:57:19.552+0000] {subprocess.py:93} INFO -   9200K .......... .......... .......... .......... .......... 71%  977K 4s
[2023-01-27T04:57:19.604+0000] {subprocess.py:93} INFO -   9250K .......... .......... .......... .......... .......... 71%  951K 4s
[2023-01-27T04:57:19.643+0000] {subprocess.py:93} INFO -   9300K .......... .......... .......... .......... .......... 71% 1.27M 4s
[2023-01-27T04:57:19.691+0000] {subprocess.py:93} INFO -   9350K .......... .......... .......... .......... .......... 72% 1.02M 4s
[2023-01-27T04:57:19.751+0000] {subprocess.py:93} INFO -   9400K .......... .......... .......... .......... .......... 72%  824K 4s
[2023-01-27T04:57:19.804+0000] {subprocess.py:93} INFO -   9450K .......... .......... .......... .......... .......... 72%  936K 4s
[2023-01-27T04:57:19.852+0000] {subprocess.py:93} INFO -   9500K .......... .......... .......... .......... .......... 73% 1.03M 4s
[2023-01-27T04:57:19.916+0000] {subprocess.py:93} INFO -   9550K .......... .......... .......... .......... .......... 73% 1.05M 4s
[2023-01-27T04:57:19.960+0000] {subprocess.py:93} INFO -   9600K .......... .......... .......... .......... .......... 74%  813K 4s
[2023-01-27T04:57:19.997+0000] {subprocess.py:93} INFO -   9650K .......... .......... .......... .......... .......... 74% 1.32M 4s
[2023-01-27T04:57:20.046+0000] {subprocess.py:93} INFO -   9700K .......... .......... .......... .......... .......... 74% 1018K 3s
[2023-01-27T04:57:20.078+0000] {subprocess.py:93} INFO -   9750K .......... .......... .......... .......... .......... 75% 1.52M 3s
[2023-01-27T04:57:20.117+0000] {subprocess.py:93} INFO -   9800K .......... .......... .......... .......... .......... 75% 1.25M 3s
[2023-01-27T04:57:20.146+0000] {subprocess.py:93} INFO -   9850K .......... .......... .......... .......... .......... 76% 2.79M 3s
[2023-01-27T04:57:20.199+0000] {subprocess.py:93} INFO -   9900K .......... .......... .......... .......... .......... 76%  774K 3s
[2023-01-27T04:57:20.230+0000] {subprocess.py:93} INFO -   9950K .......... .......... .......... .......... .......... 76% 1.58M 3s
[2023-01-27T04:57:20.259+0000] {subprocess.py:93} INFO -  10000K .......... .......... .......... .......... .......... 77% 1.69M 3s
[2023-01-27T04:57:20.293+0000] {subprocess.py:93} INFO -  10050K .......... .......... .......... .......... .......... 77% 1.45M 3s
[2023-01-27T04:57:20.321+0000] {subprocess.py:93} INFO -  10100K .......... .......... .......... .......... .......... 77% 1.71M 3s
[2023-01-27T04:57:20.358+0000] {subprocess.py:93} INFO -  10150K .......... .......... .......... .......... .......... 78% 1.33M 3s
[2023-01-27T04:57:20.399+0000] {subprocess.py:93} INFO -  10200K .......... .......... .......... .......... .......... 78% 1.20M 3s
[2023-01-27T04:57:20.433+0000] {subprocess.py:93} INFO -  10250K .......... .......... .......... .......... .......... 79% 1.40M 3s
[2023-01-27T04:57:20.464+0000] {subprocess.py:93} INFO -  10300K .......... .......... .......... .......... .......... 79% 1.61M 3s
[2023-01-27T04:57:20.503+0000] {subprocess.py:93} INFO -  10350K .......... .......... .......... .......... .......... 79% 1.23M 3s
[2023-01-27T04:57:20.530+0000] {subprocess.py:93} INFO -  10400K .......... .......... .......... .......... .......... 80% 1.85M 3s
[2023-01-27T04:57:20.572+0000] {subprocess.py:93} INFO -  10450K .......... .......... .......... .......... .......... 80% 1.15M 3s
[2023-01-27T04:57:20.625+0000] {subprocess.py:93} INFO -  10500K .......... .......... .......... .......... .......... 81% 1.52M 3s
[2023-01-27T04:57:20.666+0000] {subprocess.py:93} INFO -  10550K .......... .......... .......... .......... .......... 81%  813K 2s
[2023-01-27T04:57:20.694+0000] {subprocess.py:93} INFO -  10600K .......... .......... .......... .......... .......... 81% 1.71M 2s
[2023-01-27T04:57:20.738+0000] {subprocess.py:93} INFO -  10650K .......... .......... .......... .......... .......... 82% 1.13M 2s
[2023-01-27T04:57:20.768+0000] {subprocess.py:93} INFO -  10700K .......... .......... .......... .......... .......... 82% 1.60M 2s
[2023-01-27T04:57:20.797+0000] {subprocess.py:93} INFO -  10750K .......... .......... .......... .......... .......... 82% 1.68M 2s
[2023-01-27T04:57:20.841+0000] {subprocess.py:93} INFO -  10800K .......... .......... .......... .......... .......... 83% 1.13M 2s
[2023-01-27T04:57:20.863+0000] {subprocess.py:93} INFO -  10850K .......... .......... .......... .......... .......... 83% 2.21M 2s
[2023-01-27T04:57:20.910+0000] {subprocess.py:93} INFO -  10900K .......... .......... .......... .......... .......... 84% 1.03M 2s
[2023-01-27T04:57:20.956+0000] {subprocess.py:93} INFO -  10950K .......... .......... .......... .......... .......... 84% 1.07M 2s
[2023-01-27T04:57:20.978+0000] {subprocess.py:93} INFO -  11000K .......... .......... .......... .......... .......... 84% 2.22M 2s
[2023-01-27T04:57:21.016+0000] {subprocess.py:93} INFO -  11050K .......... .......... .......... .......... .......... 85% 1.27M 2s
[2023-01-27T04:57:21.055+0000] {subprocess.py:93} INFO -  11100K .......... .......... .......... .......... .......... 85% 1.60M 2s
[2023-01-27T04:57:21.092+0000] {subprocess.py:93} INFO -  11150K .......... .......... .......... .......... .......... 86% 1.09M 2s
[2023-01-27T04:57:21.126+0000] {subprocess.py:93} INFO -  11200K .......... .......... .......... .......... .......... 86% 1.42M 2s
[2023-01-27T04:57:21.157+0000] {subprocess.py:93} INFO -  11250K .......... .......... .......... .......... .......... 86% 1.58M 2s
[2023-01-27T04:57:21.194+0000] {subprocess.py:93} INFO -  11300K .......... .......... .......... .......... .......... 87% 1.31M 2s
[2023-01-27T04:57:21.245+0000] {subprocess.py:93} INFO -  11350K .......... .......... .......... .......... .......... 87% 1.21M 2s
[2023-01-27T04:57:21.279+0000] {subprocess.py:93} INFO -  11400K .......... .......... .......... .......... .......... 87% 1.11M 2s
[2023-01-27T04:57:21.315+0000] {subprocess.py:93} INFO -  11450K .......... .......... .......... .......... .......... 88% 1.35M 2s
[2023-01-27T04:57:21.348+0000] {subprocess.py:93} INFO -  11500K .......... .......... .......... .......... .......... 88% 1.46M 1s
[2023-01-27T04:57:21.390+0000] {subprocess.py:93} INFO -  11550K .......... .......... .......... .......... .......... 89% 1.17M 1s
[2023-01-27T04:57:21.415+0000] {subprocess.py:93} INFO -  11600K .......... .......... .......... .......... .......... 89% 1.99M 1s
[2023-01-27T04:57:21.445+0000] {subprocess.py:93} INFO -  11650K .......... .......... .......... .......... .......... 89% 1.61M 1s
[2023-01-27T04:57:21.490+0000] {subprocess.py:93} INFO -  11700K .......... .......... .......... .......... .......... 90% 1.08M 1s
[2023-01-27T04:57:21.528+0000] {subprocess.py:93} INFO -  11750K .......... .......... .......... .......... .......... 90% 1.66M 1s
[2023-01-27T04:57:21.568+0000] {subprocess.py:93} INFO -  11800K .......... .......... .......... .......... .......... 91% 1.00M 1s
[2023-01-27T04:57:21.598+0000] {subprocess.py:93} INFO -  11850K .......... .......... .......... .......... .......... 91% 1.63M 1s
[2023-01-27T04:57:21.628+0000] {subprocess.py:93} INFO -  11900K .......... .......... .......... .......... .......... 91% 1.64M 1s
[2023-01-27T04:57:21.669+0000] {subprocess.py:93} INFO -  11950K .......... .......... .......... .......... .......... 92% 1.19M 1s
[2023-01-27T04:57:21.691+0000] {subprocess.py:93} INFO -  12000K .......... .......... .......... .......... .......... 92% 2.18M 1s
[2023-01-27T04:57:21.722+0000] {subprocess.py:93} INFO -  12050K .......... .......... .......... .......... .......... 92% 1.59M 1s
[2023-01-27T04:57:21.755+0000] {subprocess.py:93} INFO -  12100K .......... .......... .......... .......... .......... 93% 1.49M 1s
[2023-01-27T04:57:21.783+0000] {subprocess.py:93} INFO -  12150K .......... .......... .......... .......... .......... 93% 1.72M 1s
[2023-01-27T04:57:21.801+0000] {subprocess.py:93} INFO -  12200K .......... .......... .......... .......... .......... 94% 2.71M 1s
[2023-01-27T04:57:21.836+0000] {subprocess.py:93} INFO -  12250K .......... .......... .......... .......... .......... 94% 1.41M 1s
[2023-01-27T04:57:21.851+0000] {subprocess.py:93} INFO -  12300K .......... .......... .......... .......... .......... 94% 3.31M 1s
[2023-01-27T04:57:21.878+0000] {subprocess.py:93} INFO -  12350K .......... .......... .......... .......... .......... 95% 1.80M 1s
[2023-01-27T04:57:21.914+0000] {subprocess.py:93} INFO -  12400K .......... .......... .......... .......... .......... 95% 1.35M 1s
[2023-01-27T04:57:22.000+0000] {subprocess.py:93} INFO -  12450K .......... .......... .......... .......... .......... 96%  583K 1s
[2023-01-27T04:57:22.000+0000] {subprocess.py:93} INFO -  12500K .......... .......... .......... .......... .......... 96%  300M 0s
[2023-01-27T04:57:22.037+0000] {subprocess.py:93} INFO -  12550K .......... .......... .......... .......... .......... 96% 1.34M 0s
[2023-01-27T04:57:22.060+0000] {subprocess.py:93} INFO -  12600K .......... .......... .......... .......... .......... 97% 2.08M 0s
[2023-01-27T04:57:22.104+0000] {subprocess.py:93} INFO -  12650K .......... .......... .......... .......... .......... 97% 1.10M 0s
[2023-01-27T04:57:22.127+0000] {subprocess.py:93} INFO -  12700K .......... .......... .......... .......... .......... 97% 2.13M 0s
[2023-01-27T04:57:22.155+0000] {subprocess.py:93} INFO -  12750K .......... .......... .......... .......... .......... 98% 1.73M 0s
[2023-01-27T04:57:22.195+0000] {subprocess.py:93} INFO -  12800K .......... .......... .......... .......... .......... 98% 1.24M 0s
[2023-01-27T04:57:22.219+0000] {subprocess.py:93} INFO -  12850K .......... .......... .......... .......... .......... 99% 1.98M 0s
[2023-01-27T04:57:22.246+0000] {subprocess.py:93} INFO -  12900K .......... .......... .......... .......... .......... 99% 1.86M 0s
[2023-01-27T04:57:22.273+0000] {subprocess.py:93} INFO -  12950K .......... .......... .......... .......... .......... 99% 1.76M 0s
[2023-01-27T04:57:22.274+0000] {subprocess.py:93} INFO -  13000K .......... ......                                     100%  171M=13s
[2023-01-27T04:57:22.274+0000] {subprocess.py:93} INFO - 
[2023-01-27T04:57:22.274+0000] {subprocess.py:93} INFO - 2023-01-27 04:57:22 (1.01 MB/s) - ‘/opt/***/fhv_tripdata_2019-03.csv.gz’ saved [13328498/13328498]
[2023-01-27T04:57:22.274+0000] {subprocess.py:93} INFO - 
[2023-01-27T04:57:22.275+0000] {subprocess.py:97} INFO - Command exited with return code 0
[2023-01-27T04:57:22.296+0000] {taskinstance.py:1323} INFO - Marking task as SUCCESS. dag_id=fhv_taxi_data_dag_v1, task_id=download_ytd_dataset_from_web, execution_date=20190301T000000, start_date=20230127T045708, end_date=20230127T045722
[2023-01-27T04:57:22.341+0000] {local_task_job.py:208} INFO - Task exited with return code 0
[2023-01-27T04:57:22.376+0000] {taskinstance.py:2578} INFO - 1 downstream tasks scheduled from follow-on schedule check
