[2023-01-27T04:57:12.315+0000] {taskinstance.py:1083} INFO - Dependencies all met for <TaskInstance: fhv_taxi_data_dag_v1.download_ytd_dataset_from_web scheduled__2020-01-01T00:00:00+00:00 [queued]>
[2023-01-27T04:57:12.329+0000] {taskinstance.py:1083} INFO - Dependencies all met for <TaskInstance: fhv_taxi_data_dag_v1.download_ytd_dataset_from_web scheduled__2020-01-01T00:00:00+00:00 [queued]>
[2023-01-27T04:57:12.329+0000] {taskinstance.py:1279} INFO - 
--------------------------------------------------------------------------------
[2023-01-27T04:57:12.330+0000] {taskinstance.py:1280} INFO - Starting attempt 1 of 1
[2023-01-27T04:57:12.330+0000] {taskinstance.py:1281} INFO - 
--------------------------------------------------------------------------------
[2023-01-27T04:57:12.344+0000] {taskinstance.py:1300} INFO - Executing <Task(BashOperator): download_ytd_dataset_from_web> on 2020-01-01 00:00:00+00:00
[2023-01-27T04:57:12.351+0000] {standard_task_runner.py:55} INFO - Started process 6609 to run task
[2023-01-27T04:57:12.353+0000] {standard_task_runner.py:82} INFO - Running: ['***', 'tasks', 'run', 'fhv_taxi_data_dag_v1', 'download_ytd_dataset_from_web', 'scheduled__2020-01-01T00:00:00+00:00', '--job-id', '5704', '--raw', '--subdir', 'DAGS_FOLDER/data_ingestion_gcs_dag_v1_fhv.py', '--cfg-path', '/tmp/tmp7ferq6kw']
[2023-01-27T04:57:12.355+0000] {standard_task_runner.py:83} INFO - Job 5704: Subtask download_ytd_dataset_from_web
[2023-01-27T04:57:12.414+0000] {task_command.py:388} INFO - Running <TaskInstance: fhv_taxi_data_dag_v1.download_ytd_dataset_from_web scheduled__2020-01-01T00:00:00+00:00 [running]> on host 8bc22b99c76b
[2023-01-27T04:57:12.503+0000] {taskinstance.py:1509} INFO - Exporting the following env vars:
AIRFLOW_CTX_DAG_OWNER=***
AIRFLOW_CTX_DAG_ID=fhv_taxi_data_dag_v1
AIRFLOW_CTX_TASK_ID=download_ytd_dataset_from_web
AIRFLOW_CTX_EXECUTION_DATE=2020-01-01T00:00:00+00:00
AIRFLOW_CTX_TRY_NUMBER=1
AIRFLOW_CTX_DAG_RUN_ID=scheduled__2020-01-01T00:00:00+00:00
[2023-01-27T04:57:12.505+0000] {subprocess.py:63} INFO - Tmp dir root location: 
 /tmp
[2023-01-27T04:57:12.506+0000] {subprocess.py:75} INFO - Running command: ['/bin/bash', '-c', 'wget https://github.com/DataTalksClub/nyc-tlc-data/releases/download/fhv/fhv_tripdata_2020-01.csv.gz -O /opt/***/fhv_tripdata_2020-01.csv.gz']
[2023-01-27T04:57:12.522+0000] {subprocess.py:86} INFO - Output:
[2023-01-27T04:57:12.527+0000] {subprocess.py:93} INFO - --2023-01-27 04:57:12--  https://github.com/DataTalksClub/nyc-tlc-data/releases/download/fhv/fhv_tripdata_2020-01.csv.gz
[2023-01-27T04:57:12.543+0000] {subprocess.py:93} INFO - Resolving github.com (github.com)... 140.82.121.4
[2023-01-27T04:57:12.556+0000] {subprocess.py:93} INFO - Connecting to github.com (github.com)|140.82.121.4|:443... connected.
[2023-01-27T04:57:12.839+0000] {subprocess.py:93} INFO - HTTP request sent, awaiting response... 302 Found
[2023-01-27T04:57:12.839+0000] {subprocess.py:93} INFO - Location: https://objects.githubusercontent.com/github-production-release-asset-2e65be/513814948/d95a42b8-06f2-4fb9-a84d-52bc869628b4?X-Amz-Algorithm=AWS4-HMAC-SHA256&X-Amz-Credential=AKIAIWNJYAX4CSVEH53A%2F20230127%2Fus-east-1%2Fs3%2Faws4_request&X-Amz-Date=20230127T045545Z&X-Amz-Expires=300&X-Amz-Signature=a3c8ef18e02ec313d9964d7ef3f60c9c9a369a80bf5fc54e77696774cdd1e635&X-Amz-SignedHeaders=host&actor_id=0&key_id=0&repo_id=513814948&response-content-disposition=attachment%3B%20filename%3Dfhv_tripdata_2020-01.csv.gz&response-content-type=application%2Foctet-stream [following]
[2023-01-27T04:57:12.840+0000] {subprocess.py:93} INFO - --2023-01-27 04:57:12--  https://objects.githubusercontent.com/github-production-release-asset-2e65be/513814948/d95a42b8-06f2-4fb9-a84d-52bc869628b4?X-Amz-Algorithm=AWS4-HMAC-SHA256&X-Amz-Credential=AKIAIWNJYAX4CSVEH53A%2F20230127%2Fus-east-1%2Fs3%2Faws4_request&X-Amz-Date=20230127T045545Z&X-Amz-Expires=300&X-Amz-Signature=a3c8ef18e02ec313d9964d7ef3f60c9c9a369a80bf5fc54e77696774cdd1e635&X-Amz-SignedHeaders=host&actor_id=0&key_id=0&repo_id=513814948&response-content-disposition=attachment%3B%20filename%3Dfhv_tripdata_2020-01.csv.gz&response-content-type=application%2Foctet-stream
[2023-01-27T04:57:12.844+0000] {subprocess.py:93} INFO - Resolving objects.githubusercontent.com (objects.githubusercontent.com)... 185.199.111.133, 185.199.109.133, 185.199.108.133, ...
[2023-01-27T04:57:12.858+0000] {subprocess.py:93} INFO - Connecting to objects.githubusercontent.com (objects.githubusercontent.com)|185.199.111.133|:443... connected.
[2023-01-27T04:57:13.416+0000] {subprocess.py:93} INFO - HTTP request sent, awaiting response... 200 OK
[2023-01-27T04:57:13.417+0000] {subprocess.py:93} INFO - Length: 20824474 (20M) [application/octet-stream]
[2023-01-27T04:57:13.417+0000] {subprocess.py:93} INFO - Saving to: ‘/opt/***/fhv_tripdata_2020-01.csv.gz’
[2023-01-27T04:57:13.417+0000] {subprocess.py:93} INFO - 
[2023-01-27T04:57:13.587+0000] {subprocess.py:93} INFO -      0K .......... .......... .......... .......... ..........  0%  294K 69s
[2023-01-27T04:57:13.733+0000] {subprocess.py:93} INFO -     50K .......... .......... .......... .......... ..........  0%  342K 64s
[2023-01-27T04:57:13.799+0000] {subprocess.py:93} INFO -    100K .......... .......... .......... .......... ..........  0%  757K 51s
[2023-01-27T04:57:13.864+0000] {subprocess.py:93} INFO -    150K .......... .......... .......... .......... ..........  0%  775K 45s
[2023-01-27T04:57:13.905+0000] {subprocess.py:93} INFO -    200K .......... .......... .......... .......... ..........  1% 1.18M 39s
[2023-01-27T04:57:13.937+0000] {subprocess.py:93} INFO -    250K .......... .......... .......... .......... ..........  1% 1.55M 35s
[2023-01-27T04:57:13.990+0000] {subprocess.py:93} INFO -    300K .......... .......... .......... .......... ..........  1%  940K 33s
[2023-01-27T04:57:14.040+0000] {subprocess.py:93} INFO -    350K .......... .......... .......... .......... ..........  1% 1003K 31s
[2023-01-27T04:57:14.085+0000] {subprocess.py:93} INFO -    400K .......... .......... .......... .......... ..........  2% 1.08M 30s
[2023-01-27T04:57:14.108+0000] {subprocess.py:93} INFO -    450K .......... .......... .......... .......... ..........  2% 2.12M 27s
[2023-01-27T04:57:14.137+0000] {subprocess.py:93} INFO -    500K .......... .......... .......... .......... ..........  2% 1.65M 26s
[2023-01-27T04:57:14.210+0000] {subprocess.py:93} INFO -    550K .......... .......... .......... .......... ..........  2%  692K 26s
[2023-01-27T04:57:14.227+0000] {subprocess.py:93} INFO -    600K .......... .......... .......... .......... ..........  3% 2.77M 25s
[2023-01-27T04:57:14.233+0000] {subprocess.py:93} INFO -    650K .......... .......... .......... .......... ..........  3% 7.82M 23s
[2023-01-27T04:57:14.318+0000] {subprocess.py:93} INFO -    700K .......... .......... .......... .......... ..........  3%  590K 24s
[2023-01-27T04:57:14.391+0000] {subprocess.py:93} INFO -    750K .......... .......... .......... .......... ..........  3%  687K 24s
[2023-01-27T04:57:14.405+0000] {subprocess.py:93} INFO -    800K .......... .......... .......... .......... ..........  4% 3.47M 23s
[2023-01-27T04:57:14.433+0000] {subprocess.py:93} INFO -    850K .......... .......... .......... .......... ..........  4% 1.78M 22s
[2023-01-27T04:57:14.522+0000] {subprocess.py:93} INFO -    900K .......... .......... .......... .......... ..........  4%  562K 23s
[2023-01-27T04:57:14.539+0000] {subprocess.py:93} INFO -    950K .......... .......... .......... .......... ..........  4% 2.75M 22s
[2023-01-27T04:57:14.551+0000] {subprocess.py:93} INFO -   1000K .......... .......... .......... .......... ..........  5% 4.15M 21s
[2023-01-27T04:57:14.576+0000] {subprocess.py:93} INFO -   1050K .......... .......... .......... .......... ..........  5% 1.99M 20s
[2023-01-27T04:57:14.701+0000] {subprocess.py:93} INFO -   1100K .......... .......... .......... .......... ..........  5%  399K 21s
[2023-01-27T04:57:14.738+0000] {subprocess.py:93} INFO -   1150K .......... .......... .......... .......... ..........  5% 1.33M 21s
[2023-01-27T04:57:14.743+0000] {subprocess.py:93} INFO -   1200K .......... .......... .......... .......... ..........  6% 8.87M 20s
[2023-01-27T04:57:14.770+0000] {subprocess.py:93} INFO -   1250K .......... .......... .......... .......... ..........  6% 1.85M 20s
[2023-01-27T04:57:14.920+0000] {subprocess.py:93} INFO -   1300K .......... .......... .......... .......... ..........  6%  332K 21s
[2023-01-27T04:57:14.967+0000] {subprocess.py:93} INFO -   1350K .......... .......... .......... .......... ..........  6% 1.05M 21s
[2023-01-27T04:57:15.029+0000] {subprocess.py:93} INFO -   1400K .......... .......... .......... .......... ..........  7%  804K 21s
[2023-01-27T04:57:15.072+0000] {subprocess.py:93} INFO -   1450K .......... .......... .......... .......... ..........  7% 1.14M 21s
[2023-01-27T04:57:15.094+0000] {subprocess.py:93} INFO -   1500K .......... .......... .......... .......... ..........  7% 2.22M 20s
[2023-01-27T04:57:15.146+0000] {subprocess.py:93} INFO -   1550K .......... .......... .......... .......... ..........  7%  956K 20s
[2023-01-27T04:57:15.204+0000] {subprocess.py:93} INFO -   1600K .......... .......... .......... .......... ..........  8%  866K 20s
[2023-01-27T04:57:15.261+0000] {subprocess.py:93} INFO -   1650K .......... .......... .......... .......... ..........  8%  885K 20s
[2023-01-27T04:57:15.305+0000] {subprocess.py:93} INFO -   1700K .......... .......... .......... .......... ..........  8% 1.09M 20s
[2023-01-27T04:57:15.328+0000] {subprocess.py:93} INFO -   1750K .......... .......... .......... .......... ..........  8% 2.13M 20s
[2023-01-27T04:57:15.337+0000] {subprocess.py:93} INFO -   1800K .......... .......... .......... .......... ..........  9% 5.45M 19s
[2023-01-27T04:57:15.367+0000] {subprocess.py:93} INFO -   1850K .......... .......... .......... .......... ..........  9% 1.65M 19s
[2023-01-27T04:57:15.411+0000] {subprocess.py:93} INFO -   1900K .......... .......... .......... .......... ..........  9% 1.10M 19s
[2023-01-27T04:57:15.464+0000] {subprocess.py:93} INFO -   1950K .......... .......... .......... .......... ..........  9%  949K 19s
[2023-01-27T04:57:15.510+0000] {subprocess.py:93} INFO -   2000K .......... .......... .......... .......... .......... 10% 1.07M 19s
[2023-01-27T04:57:15.541+0000] {subprocess.py:93} INFO -   2050K .......... .......... .......... .......... .......... 10% 1.58M 18s
[2023-01-27T04:57:15.556+0000] {subprocess.py:93} INFO -   2100K .......... .......... .......... .......... .......... 10% 3.15M 18s
[2023-01-27T04:57:15.575+0000] {subprocess.py:93} INFO -   2150K .......... .......... .......... .......... .......... 10% 2.53M 18s
[2023-01-27T04:57:15.611+0000] {subprocess.py:93} INFO -   2200K .......... .......... .......... .......... .......... 11% 1.37M 18s
[2023-01-27T04:57:15.720+0000] {subprocess.py:93} INFO -   2250K .......... .......... .......... .......... .......... 11%  459K 18s
[2023-01-27T04:57:15.720+0000] {subprocess.py:93} INFO -   2300K .......... .......... .......... .......... .......... 11%  366M 18s
[2023-01-27T04:57:15.723+0000] {subprocess.py:93} INFO -   2350K .......... .......... .......... .......... .......... 11% 16.5M 17s
[2023-01-27T04:57:15.752+0000] {subprocess.py:93} INFO -   2400K .......... .......... .......... .......... .......... 12% 1.68M 17s
[2023-01-27T04:57:15.765+0000] {subprocess.py:93} INFO -   2450K .......... .......... .......... .......... .......... 12% 3.68M 17s
[2023-01-27T04:57:15.780+0000] {subprocess.py:93} INFO -   2500K .......... .......... .......... .......... .......... 12% 3.20M 16s
[2023-01-27T04:57:15.807+0000] {subprocess.py:93} INFO -   2550K .......... .......... .......... .......... .......... 12% 1.85M 16s
[2023-01-27T04:57:15.829+0000] {subprocess.py:93} INFO -   2600K .......... .......... .......... .......... .......... 13% 2.24M 16s
[2023-01-27T04:57:15.848+0000] {subprocess.py:93} INFO -   2650K .......... .......... .......... .......... .......... 13% 2.52M 16s
[2023-01-27T04:57:15.865+0000] {subprocess.py:93} INFO -   2700K .......... .......... .......... .......... .......... 13% 2.77M 16s
[2023-01-27T04:57:15.906+0000] {subprocess.py:93} INFO -   2750K .......... .......... .......... .......... .......... 13% 1.20M 16s
[2023-01-27T04:57:15.942+0000] {subprocess.py:93} INFO -   2800K .......... .......... .......... .......... .......... 14% 1.38M 15s
[2023-01-27T04:57:15.959+0000] {subprocess.py:93} INFO -   2850K .......... .......... .......... .......... .......... 14% 2.76M 15s
[2023-01-27T04:57:15.978+0000] {subprocess.py:93} INFO -   2900K .......... .......... .......... .......... .......... 14% 2.62M 15s
[2023-01-27T04:57:15.991+0000] {subprocess.py:93} INFO -   2950K .......... .......... .......... .......... .......... 14% 3.67M 15s
[2023-01-27T04:57:16.044+0000] {subprocess.py:93} INFO -   3000K .......... .......... .......... .......... .......... 14%  947K 15s
[2023-01-27T04:57:16.071+0000] {subprocess.py:93} INFO -   3050K .......... .......... .......... .......... .......... 15% 1.78M 15s
[2023-01-27T04:57:16.150+0000] {subprocess.py:93} INFO -   3100K .......... .......... .......... .......... .......... 15%  640K 15s
[2023-01-27T04:57:16.184+0000] {subprocess.py:93} INFO -   3150K .......... .......... .......... .......... .......... 15% 1.41M 15s
[2023-01-27T04:57:16.202+0000] {subprocess.py:93} INFO -   3200K .......... .......... .......... .......... .......... 15% 2.73M 15s
[2023-01-27T04:57:16.233+0000] {subprocess.py:93} INFO -   3250K .......... .......... .......... .......... .......... 16% 1.58M 15s
[2023-01-27T04:57:16.262+0000] {subprocess.py:93} INFO -   3300K .......... .......... .......... .......... .......... 16% 1.67M 14s
[2023-01-27T04:57:16.290+0000] {subprocess.py:93} INFO -   3350K .......... .......... .......... .......... .......... 16% 1.75M 14s
[2023-01-27T04:57:16.312+0000] {subprocess.py:93} INFO -   3400K .......... .......... .......... .......... .......... 16% 2.27M 14s
[2023-01-27T04:57:16.334+0000] {subprocess.py:93} INFO -   3450K .......... .......... .......... .......... .......... 17% 2.21M 14s
[2023-01-27T04:57:16.376+0000] {subprocess.py:93} INFO -   3500K .......... .......... .......... .......... .......... 17% 1.16M 14s
[2023-01-27T04:57:16.410+0000] {subprocess.py:93} INFO -   3550K .......... .......... .......... .......... .......... 17% 1.43M 14s
[2023-01-27T04:57:16.436+0000] {subprocess.py:93} INFO -   3600K .......... .......... .......... .......... .......... 17% 1.92M 14s
[2023-01-27T04:57:16.474+0000] {subprocess.py:93} INFO -   3650K .......... .......... .......... .......... .......... 18% 1.27M 14s
[2023-01-27T04:57:16.514+0000] {subprocess.py:93} INFO -   3700K .......... .......... .......... .......... .......... 18% 1.22M 14s
[2023-01-27T04:57:16.548+0000] {subprocess.py:93} INFO -   3750K .......... .......... .......... .......... .......... 18% 1.43M 14s
[2023-01-27T04:57:16.568+0000] {subprocess.py:93} INFO -   3800K .......... .......... .......... .......... .......... 18% 2.46M 13s
[2023-01-27T04:57:16.596+0000] {subprocess.py:93} INFO -   3850K .......... .......... .......... .......... .......... 19% 1.73M 13s
[2023-01-27T04:57:16.623+0000] {subprocess.py:93} INFO -   3900K .......... .......... .......... .......... .......... 19% 1.79M 13s
[2023-01-27T04:57:16.668+0000] {subprocess.py:93} INFO -   3950K .......... .......... .......... .......... .......... 19% 1.08M 13s
[2023-01-27T04:57:16.694+0000] {subprocess.py:93} INFO -   4000K .......... .......... .......... .......... .......... 19% 1.94M 13s
[2023-01-27T04:57:16.721+0000] {subprocess.py:93} INFO -   4050K .......... .......... .......... .......... .......... 20% 1.81M 13s
[2023-01-27T04:57:16.762+0000] {subprocess.py:93} INFO -   4100K .......... .......... .......... .......... .......... 20% 1.18M 13s
[2023-01-27T04:57:16.817+0000] {subprocess.py:93} INFO -   4150K .......... .......... .......... .......... .......... 20%  909K 13s
[2023-01-27T04:57:16.841+0000] {subprocess.py:93} INFO -   4200K .......... .......... .......... .......... .......... 20% 2.03M 13s
[2023-01-27T04:57:16.849+0000] {subprocess.py:93} INFO -   4250K .......... .......... .......... .......... .......... 21% 5.65M 13s
[2023-01-27T04:57:16.873+0000] {subprocess.py:93} INFO -   4300K .......... .......... .......... .......... .......... 21% 2.09M 13s
[2023-01-27T04:57:16.926+0000] {subprocess.py:93} INFO -   4350K .......... .......... .......... .......... .......... 21% 1.11M 13s
[2023-01-27T04:57:16.951+0000] {subprocess.py:93} INFO -   4400K .......... .......... .......... .......... .......... 21% 1.42M 13s
[2023-01-27T04:57:16.971+0000] {subprocess.py:93} INFO -   4450K .......... .......... .......... .......... .......... 22% 2.46M 13s
[2023-01-27T04:57:16.988+0000] {subprocess.py:93} INFO -   4500K .......... .......... .......... .......... .......... 22% 2.80M 12s
[2023-01-27T04:57:17.017+0000] {subprocess.py:93} INFO -   4550K .......... .......... .......... .......... .......... 22% 1.77M 12s
[2023-01-27T04:57:17.063+0000] {subprocess.py:93} INFO -   4600K .......... .......... .......... .......... .......... 22% 1.04M 12s
[2023-01-27T04:57:17.086+0000] {subprocess.py:93} INFO -   4650K .......... .......... .......... .......... .......... 23% 2.10M 12s
[2023-01-27T04:57:17.116+0000] {subprocess.py:93} INFO -   4700K .......... .......... .......... .......... .......... 23% 1.64M 12s
[2023-01-27T04:57:17.147+0000] {subprocess.py:93} INFO -   4750K .......... .......... .......... .......... .......... 23% 2.18M 12s
[2023-01-27T04:57:17.168+0000] {subprocess.py:93} INFO -   4800K .......... .......... .......... .......... .......... 23% 1.64M 12s
[2023-01-27T04:57:17.209+0000] {subprocess.py:93} INFO -   4850K .......... .......... .......... .......... .......... 24% 1.19M 12s
[2023-01-27T04:57:17.235+0000] {subprocess.py:93} INFO -   4900K .......... .......... .......... .......... .......... 24% 1.90M 12s
[2023-01-27T04:57:17.275+0000] {subprocess.py:93} INFO -   4950K .......... .......... .......... .......... .......... 24% 1.23M 12s
[2023-01-27T04:57:17.303+0000] {subprocess.py:93} INFO -   5000K .......... .......... .......... .......... .......... 24% 1.73M 12s
[2023-01-27T04:57:17.330+0000] {subprocess.py:93} INFO -   5050K .......... .......... .......... .......... .......... 25% 1.80M 12s
[2023-01-27T04:57:17.341+0000] {subprocess.py:93} INFO -   5100K .......... .......... .......... .......... .......... 25% 4.63M 12s
[2023-01-27T04:57:17.376+0000] {subprocess.py:93} INFO -   5150K .......... .......... .......... .......... .......... 25% 1.57M 12s
[2023-01-27T04:57:17.406+0000] {subprocess.py:93} INFO -   5200K .......... .......... .......... .......... .......... 25% 1.41M 11s
[2023-01-27T04:57:17.440+0000] {subprocess.py:93} INFO -   5250K .......... .......... .......... .......... .......... 26% 1.44M 11s
[2023-01-27T04:57:17.462+0000] {subprocess.py:93} INFO -   5300K .......... .......... .......... .......... .......... 26% 2.20M 11s
[2023-01-27T04:57:17.479+0000] {subprocess.py:93} INFO -   5350K .......... .......... .......... .......... .......... 26% 2.88M 11s
[2023-01-27T04:57:17.519+0000] {subprocess.py:93} INFO -   5400K .......... .......... .......... .......... .......... 26% 1.22M 11s
[2023-01-27T04:57:17.534+0000] {subprocess.py:93} INFO -   5450K .......... .......... .......... .......... .......... 27% 3.25M 11s
[2023-01-27T04:57:17.544+0000] {subprocess.py:93} INFO -   5500K .......... .......... .......... .......... .......... 27% 4.99M 11s
[2023-01-27T04:57:17.591+0000] {subprocess.py:93} INFO -   5550K .......... .......... .......... .......... .......... 27% 1.27M 11s
[2023-01-27T04:57:17.619+0000] {subprocess.py:93} INFO -   5600K .......... .......... .......... .......... .......... 27% 1.34M 11s
[2023-01-27T04:57:17.646+0000] {subprocess.py:93} INFO -   5650K .......... .......... .......... .......... .......... 28% 1.83M 11s
[2023-01-27T04:57:17.651+0000] {subprocess.py:93} INFO -   5700K .......... .......... .......... .......... .......... 28% 10.3M 11s
[2023-01-27T04:57:17.699+0000] {subprocess.py:93} INFO -   5750K .......... .......... .......... .......... .......... 28% 1.01M 11s
[2023-01-27T04:57:17.747+0000] {subprocess.py:93} INFO -   5800K .......... .......... .......... .......... .......... 28% 1.01M 11s
[2023-01-27T04:57:17.785+0000] {subprocess.py:93} INFO -   5850K .......... .......... .......... .......... .......... 29% 1.28M 11s
[2023-01-27T04:57:17.814+0000] {subprocess.py:93} INFO -   5900K .......... .......... .......... .......... .......... 29% 1.70M 11s
[2023-01-27T04:57:17.877+0000] {subprocess.py:93} INFO -   5950K .......... .......... .......... .......... .......... 29% 1.11M 11s
[2023-01-27T04:57:17.899+0000] {subprocess.py:93} INFO -   6000K .......... .......... .......... .......... .......... 29% 1.22M 11s
[2023-01-27T04:57:17.921+0000] {subprocess.py:93} INFO -   6050K .......... .......... .......... .......... .......... 29% 2.19M 11s
[2023-01-27T04:57:17.949+0000] {subprocess.py:93} INFO -   6100K .......... .......... .......... .......... .......... 30% 1.73M 10s
[2023-01-27T04:57:17.971+0000] {subprocess.py:93} INFO -   6150K .......... .......... .......... .......... .......... 30% 2.21M 10s
[2023-01-27T04:57:18.008+0000] {subprocess.py:93} INFO -   6200K .......... .......... .......... .......... .......... 30% 1.31M 10s
[2023-01-27T04:57:18.034+0000] {subprocess.py:93} INFO -   6250K .......... .......... .......... .......... .......... 30% 1.88M 10s
[2023-01-27T04:57:18.056+0000] {subprocess.py:93} INFO -   6300K .......... .......... .......... .......... .......... 31% 2.22M 10s
[2023-01-27T04:57:18.090+0000] {subprocess.py:93} INFO -   6350K .......... .......... .......... .......... .......... 31% 1.90M 10s
[2023-01-27T04:57:18.144+0000] {subprocess.py:93} INFO -   6400K .......... .......... .......... .......... .......... 31%  801K 10s
[2023-01-27T04:57:18.178+0000] {subprocess.py:93} INFO -   6450K .......... .......... .......... .......... .......... 31% 1.45M 10s
[2023-01-27T04:57:18.204+0000] {subprocess.py:93} INFO -   6500K .......... .......... .......... .......... .......... 32% 1.89M 10s
[2023-01-27T04:57:18.217+0000] {subprocess.py:93} INFO -   6550K .......... .......... .......... .......... .......... 32% 3.67M 10s
[2023-01-27T04:57:18.245+0000] {subprocess.py:93} INFO -   6600K .......... .......... .......... .......... .......... 32% 1.74M 10s
[2023-01-27T04:57:18.274+0000] {subprocess.py:93} INFO -   6650K .......... .......... .......... .......... .......... 32% 1.67M 10s
[2023-01-27T04:57:18.310+0000] {subprocess.py:93} INFO -   6700K .......... .......... .......... .......... .......... 33% 1.37M 10s
[2023-01-27T04:57:18.353+0000] {subprocess.py:93} INFO -   6750K .......... .......... .......... .......... .......... 33% 1.33M 10s
[2023-01-27T04:57:18.387+0000] {subprocess.py:93} INFO -   6800K .......... .......... .......... .......... .......... 33% 1.22M 10s
[2023-01-27T04:57:18.400+0000] {subprocess.py:93} INFO -   6850K .......... .......... .......... .......... .......... 33% 3.70M 10s
[2023-01-27T04:57:18.415+0000] {subprocess.py:93} INFO -   6900K .......... .......... .......... .......... .......... 34% 3.24M 10s
[2023-01-27T04:57:18.448+0000] {subprocess.py:93} INFO -   6950K .......... .......... .......... .......... .......... 34% 1.48M 10s
[2023-01-27T04:57:18.468+0000] {subprocess.py:93} INFO -   7000K .......... .......... .......... .......... .......... 34% 2.37M 10s
[2023-01-27T04:57:18.506+0000] {subprocess.py:93} INFO -   7050K .......... .......... .......... .......... .......... 34% 1.30M 9s
[2023-01-27T04:57:18.537+0000] {subprocess.py:93} INFO -   7100K .......... .......... .......... .......... .......... 35% 1.56M 9s
[2023-01-27T04:57:18.565+0000] {subprocess.py:93} INFO -   7150K .......... .......... .......... .......... .......... 35% 1.86M 9s
[2023-01-27T04:57:18.596+0000] {subprocess.py:93} INFO -   7200K .......... .......... .......... .......... .......... 35% 1.50M 9s
[2023-01-27T04:57:18.631+0000] {subprocess.py:93} INFO -   7250K .......... .......... .......... .......... .......... 35% 1.43M 9s
[2023-01-27T04:57:18.661+0000] {subprocess.py:93} INFO -   7300K .......... .......... .......... .......... .......... 36% 1.58M 9s
[2023-01-27T04:57:18.696+0000] {subprocess.py:93} INFO -   7350K .......... .......... .......... .......... .......... 36% 1.40M 9s
[2023-01-27T04:57:18.720+0000] {subprocess.py:93} INFO -   7400K .......... .......... .......... .......... .......... 36% 2.04M 9s
[2023-01-27T04:57:18.733+0000] {subprocess.py:93} INFO -   7450K .......... .......... .......... .......... .......... 36% 3.76M 9s
[2023-01-27T04:57:18.765+0000] {subprocess.py:93} INFO -   7500K .......... .......... .......... .......... .......... 37% 1.53M 9s
[2023-01-27T04:57:18.822+0000] {subprocess.py:93} INFO -   7550K .......... .......... .......... .......... .......... 37% 2.42M 9s
[2023-01-27T04:57:18.872+0000] {subprocess.py:93} INFO -   7600K .......... .......... .......... .......... .......... 37%  579K 9s
[2023-01-27T04:57:18.908+0000] {subprocess.py:93} INFO -   7650K .......... .......... .......... .......... .......... 37% 1.35M 9s
[2023-01-27T04:57:18.921+0000] {subprocess.py:93} INFO -   7700K .......... .......... .......... .......... .......... 38% 3.63M 9s
[2023-01-27T04:57:18.935+0000] {subprocess.py:93} INFO -   7750K .......... .......... .......... .......... .......... 38% 3.63M 9s
[2023-01-27T04:57:18.943+0000] {subprocess.py:93} INFO -   7800K .......... .......... .......... .......... .......... 38% 5.57M 9s
[2023-01-27T04:57:19.104+0000] {subprocess.py:93} INFO -   7850K .......... .......... .......... .......... .......... 38%  311K 9s
[2023-01-27T04:57:19.105+0000] {subprocess.py:93} INFO -   7900K .......... .......... .......... .......... .......... 39%  239M 9s
[2023-01-27T04:57:19.105+0000] {subprocess.py:93} INFO -   7950K .......... .......... .......... .......... .......... 39%  304M 9s
[2023-01-27T04:57:19.105+0000] {subprocess.py:93} INFO -   8000K .......... .......... .......... .......... .......... 39%  219M 9s
[2023-01-27T04:57:19.105+0000] {subprocess.py:93} INFO -   8050K .......... .......... .......... .......... .......... 39%  284M 9s
[2023-01-27T04:57:19.193+0000] {subprocess.py:93} INFO -   8100K .......... .......... .......... .......... .......... 40%  566K 9s
[2023-01-27T04:57:19.265+0000] {subprocess.py:93} INFO -   8150K .......... .......... .......... .......... .......... 40%  700K 9s
[2023-01-27T04:57:19.307+0000] {subprocess.py:93} INFO -   8200K .......... .......... .......... .......... .......... 40% 1.16M 9s
[2023-01-27T04:57:19.331+0000] {subprocess.py:93} INFO -   8250K .......... .......... .......... .......... .......... 40% 2.03M 9s
[2023-01-27T04:57:19.356+0000] {subprocess.py:93} INFO -   8300K .......... .......... .......... .......... .......... 41% 1.94M 9s
[2023-01-27T04:57:19.395+0000] {subprocess.py:93} INFO -   8350K .......... .......... .......... .......... .......... 41% 1.34M 8s
[2023-01-27T04:57:19.482+0000] {subprocess.py:93} INFO -   8400K .......... .......... .......... .......... .......... 41%  558K 9s
[2023-01-27T04:57:19.483+0000] {subprocess.py:93} INFO -   8450K .......... .......... .......... .......... .......... 41%  129M 8s
[2023-01-27T04:57:19.483+0000] {subprocess.py:93} INFO -   8500K .......... .......... .......... .......... .......... 42%  142M 8s
[2023-01-27T04:57:19.512+0000] {subprocess.py:93} INFO -   8550K .......... .......... .......... .......... .......... 42% 1.69M 8s
[2023-01-27T04:57:19.535+0000] {subprocess.py:93} INFO -   8600K .......... .......... .......... .......... .......... 42% 2.08M 8s
[2023-01-27T04:57:19.574+0000] {subprocess.py:93} INFO -   8650K .......... .......... .......... .......... .......... 42% 1.24M 8s
[2023-01-27T04:57:19.613+0000] {subprocess.py:93} INFO -   8700K .......... .......... .......... .......... .......... 43% 1.26M 8s
[2023-01-27T04:57:19.665+0000] {subprocess.py:93} INFO -   8750K .......... .......... .......... .......... .......... 43% 1.65M 8s
[2023-01-27T04:57:19.699+0000] {subprocess.py:93} INFO -   8800K .......... .......... .......... .......... .......... 43%  893K 8s
[2023-01-27T04:57:19.747+0000] {subprocess.py:93} INFO -   8850K .......... .......... .......... .......... .......... 43% 1.02M 8s
[2023-01-27T04:57:19.776+0000] {subprocess.py:93} INFO -   8900K .......... .......... .......... .......... .......... 44% 1.69M 8s
[2023-01-27T04:57:19.818+0000] {subprocess.py:93} INFO -   8950K .......... .......... .......... .......... .......... 44% 1.15M 8s
[2023-01-27T04:57:19.856+0000] {subprocess.py:93} INFO -   9000K .......... .......... .......... .......... .......... 44% 1.27M 8s
[2023-01-27T04:57:19.920+0000] {subprocess.py:93} INFO -   9050K .......... .......... .......... .......... .......... 44%  781K 8s
[2023-01-27T04:57:19.960+0000] {subprocess.py:93} INFO -   9100K .......... .......... .......... .......... .......... 44% 1.24M 8s
[2023-01-27T04:57:19.992+0000] {subprocess.py:93} INFO -   9150K .......... .......... .......... .......... .......... 45% 2.04M 8s
[2023-01-27T04:57:20.034+0000] {subprocess.py:93} INFO -   9200K .......... .......... .......... .......... .......... 45%  986K 8s
[2023-01-27T04:57:20.065+0000] {subprocess.py:93} INFO -   9250K .......... .......... .......... .......... .......... 45% 1.62M 8s
[2023-01-27T04:57:20.084+0000] {subprocess.py:93} INFO -   9300K .......... .......... .......... .......... .......... 45% 2.44M 8s
[2023-01-27T04:57:20.121+0000] {subprocess.py:93} INFO -   9350K .......... .......... .......... .......... .......... 46% 1.33M 8s
[2023-01-27T04:57:20.150+0000] {subprocess.py:93} INFO -   9400K .......... .......... .......... .......... .......... 46% 1.69M 8s
[2023-01-27T04:57:20.164+0000] {subprocess.py:93} INFO -   9450K .......... .......... .......... .......... .......... 46% 3.68M 8s
[2023-01-27T04:57:20.199+0000] {subprocess.py:93} INFO -   9500K .......... .......... .......... .......... .......... 46% 1.37M 8s
[2023-01-27T04:57:20.239+0000] {subprocess.py:93} INFO -   9550K .......... .......... .......... .......... .......... 47% 1.58M 8s
[2023-01-27T04:57:20.263+0000] {subprocess.py:93} INFO -   9600K .......... .......... .......... .......... .......... 47% 1.47M 8s
[2023-01-27T04:57:20.293+0000] {subprocess.py:93} INFO -   9650K .......... .......... .......... .......... .......... 47% 1.67M 8s
[2023-01-27T04:57:20.310+0000] {subprocess.py:93} INFO -   9700K .......... .......... .......... .......... .......... 47% 2.74M 7s
[2023-01-27T04:57:20.349+0000] {subprocess.py:93} INFO -   9750K .......... .......... .......... .......... .......... 48% 1.27M 7s
[2023-01-27T04:57:20.377+0000] {subprocess.py:93} INFO -   9800K .......... .......... .......... .......... .......... 48% 1.77M 7s
[2023-01-27T04:57:20.394+0000] {subprocess.py:93} INFO -   9850K .......... .......... .......... .......... .......... 48% 2.76M 7s
[2023-01-27T04:57:20.430+0000] {subprocess.py:93} INFO -   9900K .......... .......... .......... .......... .......... 48% 1.39M 7s
[2023-01-27T04:57:20.459+0000] {subprocess.py:93} INFO -   9950K .......... .......... .......... .......... .......... 49% 2.29M 7s
[2023-01-27T04:57:20.477+0000] {subprocess.py:93} INFO -  10000K .......... .......... .......... .......... .......... 49% 1.87M 7s
[2023-01-27T04:57:20.517+0000] {subprocess.py:93} INFO -  10050K .......... .......... .......... .......... .......... 49% 1.24M 7s
[2023-01-27T04:57:20.543+0000] {subprocess.py:93} INFO -  10100K .......... .......... .......... .......... .......... 49% 1.84M 7s
[2023-01-27T04:57:20.576+0000] {subprocess.py:93} INFO -  10150K .......... .......... .......... .......... .......... 50% 1.49M 7s
[2023-01-27T04:57:20.598+0000] {subprocess.py:93} INFO -  10200K .......... .......... .......... .......... .......... 50% 2.23M 7s
[2023-01-27T04:57:20.643+0000] {subprocess.py:93} INFO -  10250K .......... .......... .......... .......... .......... 50% 1.09M 7s
[2023-01-27T04:57:20.675+0000] {subprocess.py:93} INFO -  10300K .......... .......... .......... .......... .......... 50% 1.52M 7s
[2023-01-27T04:57:20.720+0000] {subprocess.py:93} INFO -  10350K .......... .......... .......... .......... .......... 51% 2.28M 7s
[2023-01-27T04:57:20.747+0000] {subprocess.py:93} INFO -  10400K .......... .......... .......... .......... .......... 51%  992K 7s
[2023-01-27T04:57:20.777+0000] {subprocess.py:93} INFO -  10450K .......... .......... .......... .......... .......... 51% 1.61M 7s
[2023-01-27T04:57:20.797+0000] {subprocess.py:93} INFO -  10500K .......... .......... .......... .......... .......... 51% 2.42M 7s
[2023-01-27T04:57:20.824+0000] {subprocess.py:93} INFO -  10550K .......... .......... .......... .......... .......... 52% 1.84M 7s
[2023-01-27T04:57:20.849+0000] {subprocess.py:93} INFO -  10600K .......... .......... .......... .......... .......... 52% 1.90M 7s
[2023-01-27T04:57:20.871+0000] {subprocess.py:93} INFO -  10650K .......... .......... .......... .......... .......... 52% 2.24M 7s
[2023-01-27T04:57:20.912+0000] {subprocess.py:93} INFO -  10700K .......... .......... .......... .......... .......... 52% 1.20M 7s
[2023-01-27T04:57:20.956+0000] {subprocess.py:93} INFO -  10750K .......... .......... .......... .......... .......... 53% 1.83M 7s
[2023-01-27T04:57:20.999+0000] {subprocess.py:93} INFO -  10800K .......... .......... .......... .......... .......... 53%  822K 7s
[2023-01-27T04:57:21.021+0000] {subprocess.py:93} INFO -  10850K .......... .......... .......... .......... .......... 53% 2.28M 7s
[2023-01-27T04:57:21.038+0000] {subprocess.py:93} INFO -  10900K .......... .......... .......... .......... .......... 53% 2.82M 7s
[2023-01-27T04:57:21.077+0000] {subprocess.py:93} INFO -  10950K .......... .......... .......... .......... .......... 54% 1.27M 7s
[2023-01-27T04:57:21.105+0000] {subprocess.py:93} INFO -  11000K .......... .......... .......... .......... .......... 54% 1.75M 6s
[2023-01-27T04:57:21.135+0000] {subprocess.py:93} INFO -  11050K .......... .......... .......... .......... .......... 54% 1.60M 6s
[2023-01-27T04:57:21.166+0000] {subprocess.py:93} INFO -  11100K .......... .......... .......... .......... .......... 54% 1.58M 6s
[2023-01-27T04:57:21.195+0000] {subprocess.py:93} INFO -  11150K .......... .......... .......... .......... .......... 55% 3.68M 6s
[2023-01-27T04:57:21.238+0000] {subprocess.py:93} INFO -  11200K .......... .......... .......... .......... .......... 55%  855K 6s
[2023-01-27T04:57:21.266+0000] {subprocess.py:93} INFO -  11250K .......... .......... .......... .......... .......... 55% 1.75M 6s
[2023-01-27T04:57:21.283+0000] {subprocess.py:93} INFO -  11300K .......... .......... .......... .......... .......... 55% 2.76M 6s
[2023-01-27T04:57:21.311+0000] {subprocess.py:93} INFO -  11350K .......... .......... .......... .......... .......... 56% 1.79M 6s
[2023-01-27T04:57:21.353+0000] {subprocess.py:93} INFO -  11400K .......... .......... .......... .......... .......... 56% 1.15M 6s
[2023-01-27T04:57:21.371+0000] {subprocess.py:93} INFO -  11450K .......... .......... .......... .......... .......... 56% 2.76M 6s
[2023-01-27T04:57:21.400+0000] {subprocess.py:93} INFO -  11500K .......... .......... .......... .......... .......... 56% 1.65M 6s
[2023-01-27T04:57:21.445+0000] {subprocess.py:93} INFO -  11550K .......... .......... .......... .......... .......... 57% 1.32M 6s
[2023-01-27T04:57:21.470+0000] {subprocess.py:93} INFO -  11600K .......... .......... .......... .......... .......... 57% 1.62M 6s
[2023-01-27T04:57:21.490+0000] {subprocess.py:93} INFO -  11650K .......... .......... .......... .......... .......... 57% 2.17M 6s
[2023-01-27T04:57:21.519+0000] {subprocess.py:93} INFO -  11700K .......... .......... .......... .......... .......... 57% 1.64M 6s
[2023-01-27T04:57:21.551+0000] {subprocess.py:93} INFO -  11750K .......... .......... .......... .......... .......... 58% 1.56M 6s
[2023-01-27T04:57:21.568+0000] {subprocess.py:93} INFO -  11800K .......... .......... .......... .......... .......... 58% 2.75M 6s
[2023-01-27T04:57:21.598+0000] {subprocess.py:93} INFO -  11850K .......... .......... .......... .......... .......... 58% 1.62M 6s
[2023-01-27T04:57:21.622+0000] {subprocess.py:93} INFO -  11900K .......... .......... .......... .......... .......... 58% 2.10M 6s
[2023-01-27T04:57:21.675+0000] {subprocess.py:93} INFO -  11950K .......... .......... .......... .......... .......... 59% 1.35M 6s
[2023-01-27T04:57:21.691+0000] {subprocess.py:93} INFO -  12000K .......... .......... .......... .......... .......... 59% 1.47M 6s
[2023-01-27T04:57:21.722+0000] {subprocess.py:93} INFO -  12050K .......... .......... .......... .......... .......... 59% 1.58M 6s
[2023-01-27T04:57:21.744+0000] {subprocess.py:93} INFO -  12100K .......... .......... .......... .......... .......... 59% 2.17M 6s
[2023-01-27T04:57:21.762+0000] {subprocess.py:93} INFO -  12150K .......... .......... .......... .......... .......... 59% 2.73M 6s
[2023-01-27T04:57:21.785+0000] {subprocess.py:93} INFO -  12200K .......... .......... .......... .......... .......... 60% 2.15M 6s
[2023-01-27T04:57:21.797+0000] {subprocess.py:93} INFO -  12250K .......... .......... .......... .......... .......... 60% 4.18M 5s
[2023-01-27T04:57:21.827+0000] {subprocess.py:93} INFO -  12300K .......... .......... .......... .......... .......... 60% 1.59M 5s
[2023-01-27T04:57:21.849+0000] {subprocess.py:93} INFO -  12350K .......... .......... .......... .......... .......... 60% 2.80M 5s
[2023-01-27T04:57:21.869+0000] {subprocess.py:93} INFO -  12400K .......... .......... .......... .......... .......... 61% 2.02M 5s
[2023-01-27T04:57:21.900+0000] {subprocess.py:93} INFO -  12450K .......... .......... .......... .......... .......... 61% 1.59M 5s
[2023-01-27T04:57:21.927+0000] {subprocess.py:93} INFO -  12500K .......... .......... .......... .......... .......... 61% 1.81M 5s
[2023-01-27T04:57:21.951+0000] {subprocess.py:93} INFO -  12550K .......... .......... .......... .......... .......... 61% 1.98M 5s
[2023-01-27T04:57:21.975+0000] {subprocess.py:93} INFO -  12600K .......... .......... .......... .......... .......... 62% 2.01M 5s
[2023-01-27T04:57:21.993+0000] {subprocess.py:93} INFO -  12650K .......... .......... .......... .......... .......... 62% 2.71M 5s
[2023-01-27T04:57:22.012+0000] {subprocess.py:93} INFO -  12700K .......... .......... .......... .......... .......... 62% 2.58M 5s
[2023-01-27T04:57:22.037+0000] {subprocess.py:93} INFO -  12750K .......... .......... .......... .......... .......... 62% 2.69M 5s
[2023-01-27T04:57:22.057+0000] {subprocess.py:93} INFO -  12800K .......... .......... .......... .......... .......... 63% 1.85M 5s
[2023-01-27T04:57:22.072+0000] {subprocess.py:93} INFO -  12850K .......... .......... .......... .......... .......... 63% 3.25M 5s
[2023-01-27T04:57:22.086+0000] {subprocess.py:93} INFO -  12900K .......... .......... .......... .......... .......... 63% 3.47M 5s
[2023-01-27T04:57:22.112+0000] {subprocess.py:93} INFO -  12950K .......... .......... .......... .......... .......... 63% 1.89M 5s
[2023-01-27T04:57:22.127+0000] {subprocess.py:93} INFO -  13000K .......... .......... .......... .......... .......... 64% 3.25M 5s
[2023-01-27T04:57:22.137+0000] {subprocess.py:93} INFO -  13050K .......... .......... .......... .......... .......... 64% 4.64M 5s
[2023-01-27T04:57:22.161+0000] {subprocess.py:93} INFO -  13100K .......... .......... .......... .......... .......... 64% 2.06M 5s
[2023-01-27T04:57:22.176+0000] {subprocess.py:93} INFO -  13150K .......... .......... .......... .......... .......... 64% 4.07M 5s
[2023-01-27T04:57:22.201+0000] {subprocess.py:93} INFO -  13200K .......... .......... .......... .......... .......... 65% 1.74M 5s
[2023-01-27T04:57:22.213+0000] {subprocess.py:93} INFO -  13250K .......... .......... .......... .......... .......... 65% 4.03M 5s
[2023-01-27T04:57:22.228+0000] {subprocess.py:93} INFO -  13300K .......... .......... .......... .......... .......... 65% 3.25M 5s
[2023-01-27T04:57:22.248+0000] {subprocess.py:93} INFO -  13350K .......... .......... .......... .......... .......... 65% 2.45M 5s
[2023-01-27T04:57:22.264+0000] {subprocess.py:93} INFO -  13400K .......... .......... .......... .......... .......... 66% 3.20M 5s
[2023-01-27T04:57:22.273+0000] {subprocess.py:93} INFO -  13450K .......... .......... .......... .......... .......... 66% 4.97M 4s
[2023-01-27T04:57:22.295+0000] {subprocess.py:93} INFO -  13500K .......... .......... .......... .......... .......... 66% 2.23M 4s
[2023-01-27T04:57:22.310+0000] {subprocess.py:93} INFO -  13550K .......... .......... .......... .......... .......... 66% 4.66M 4s
[2023-01-27T04:57:22.322+0000] {subprocess.py:93} INFO -  13600K .......... .......... .......... .......... .......... 67% 3.11M 4s
[2023-01-27T04:57:22.339+0000] {subprocess.py:93} INFO -  13650K .......... .......... .......... .......... .......... 67% 2.75M 4s
[2023-01-27T04:57:22.349+0000] {subprocess.py:93} INFO -  13700K .......... .......... .......... .......... .......... 67% 5.31M 4s
[2023-01-27T04:57:22.358+0000] {subprocess.py:93} INFO -  13750K .......... .......... .......... .......... .......... 67% 4.91M 4s
[2023-01-27T04:57:22.364+0000] {subprocess.py:93} INFO -  13800K .......... .......... .......... .......... .......... 68% 8.05M 4s
[2023-01-27T04:57:22.391+0000] {subprocess.py:93} INFO -  13850K .......... .......... .......... .......... .......... 68% 1.87M 4s
[2023-01-27T04:57:22.396+0000] {subprocess.py:93} INFO -  13900K .......... .......... .......... .......... .......... 68% 8.64M 4s
[2023-01-27T04:57:22.425+0000] {subprocess.py:93} INFO -  13950K .......... .......... .......... .......... .......... 68% 2.43M 4s
[2023-01-27T04:57:22.430+0000] {subprocess.py:93} INFO -  14000K .......... .......... .......... .......... .......... 69% 3.61M 4s
[2023-01-27T04:57:22.439+0000] {subprocess.py:93} INFO -  14050K .......... .......... .......... .......... .......... 69% 5.55M 4s
[2023-01-27T04:57:22.454+0000] {subprocess.py:93} INFO -  14100K .......... .......... .......... .......... .......... 69% 3.24M 4s
[2023-01-27T04:57:22.466+0000] {subprocess.py:93} INFO -  14150K .......... .......... .......... .......... .......... 69% 4.00M 4s
[2023-01-27T04:57:22.470+0000] {subprocess.py:93} INFO -  14200K .......... .......... .......... .......... .......... 70% 11.5M 4s
[2023-01-27T04:57:22.476+0000] {subprocess.py:93} INFO -  14250K .......... .......... .......... .......... .......... 70% 9.06M 4s
[2023-01-27T04:57:22.494+0000] {subprocess.py:93} INFO -  14300K .......... .......... .......... .......... .......... 70% 2.61M 4s
[2023-01-27T04:57:22.503+0000] {subprocess.py:93} INFO -  14350K .......... .......... .......... .......... .......... 70% 6.80M 4s
[2023-01-27T04:57:22.510+0000] {subprocess.py:93} INFO -  14400K .......... .......... .......... .......... .......... 71% 5.71M 4s
[2023-01-27T04:57:22.516+0000] {subprocess.py:93} INFO -  14450K .......... .......... .......... .......... .......... 71% 8.00M 4s
[2023-01-27T04:57:22.525+0000] {subprocess.py:93} INFO -  14500K .......... .......... .......... .......... .......... 71% 5.78M 4s
[2023-01-27T04:57:22.530+0000] {subprocess.py:93} INFO -  14550K .......... .......... .......... .......... .......... 71% 8.69M 4s
[2023-01-27T04:57:22.555+0000] {subprocess.py:93} INFO -  14600K .......... .......... .......... .......... .......... 72% 1.94M 4s
[2023-01-27T04:57:22.562+0000] {subprocess.py:93} INFO -  14650K .......... .......... .......... .......... .......... 72% 7.12M 4s
[2023-01-27T04:57:22.571+0000] {subprocess.py:93} INFO -  14700K .......... .......... .......... .......... .......... 72% 5.86M 3s
[2023-01-27T04:57:22.579+0000] {subprocess.py:93} INFO -  14750K .......... .......... .......... .......... .......... 72% 8.00M 3s
[2023-01-27T04:57:22.584+0000] {subprocess.py:93} INFO -  14800K .......... .......... .......... .......... .......... 73% 6.21M 3s
[2023-01-27T04:57:22.589+0000] {subprocess.py:93} INFO -  14850K .......... .......... .......... .......... .......... 73% 11.0M 3s
[2023-01-27T04:57:22.607+0000] {subprocess.py:93} INFO -  14900K .......... .......... .......... .......... .......... 73% 2.73M 3s
[2023-01-27T04:57:22.617+0000] {subprocess.py:93} INFO -  14950K .......... .......... .......... .......... .......... 73% 4.91M 3s
[2023-01-27T04:57:22.619+0000] {subprocess.py:93} INFO -  15000K .......... .......... .......... .......... .......... 74% 19.5M 3s
[2023-01-27T04:57:22.640+0000] {subprocess.py:93} INFO -  15050K .......... .......... .......... .......... .......... 74% 2.33M 3s
[2023-01-27T04:57:22.650+0000] {subprocess.py:93} INFO -  15100K .......... .......... .......... .......... .......... 74% 5.22M 3s
[2023-01-27T04:57:22.656+0000] {subprocess.py:93} INFO -  15150K .......... .......... .......... .......... .......... 74% 11.5M 3s
[2023-01-27T04:57:22.661+0000] {subprocess.py:93} INFO -  15200K .......... .......... .......... .......... .......... 74% 6.49M 3s
[2023-01-27T04:57:22.683+0000] {subprocess.py:93} INFO -  15250K .......... .......... .......... .......... .......... 75% 2.29M 3s
[2023-01-27T04:57:22.689+0000] {subprocess.py:93} INFO -  15300K .......... .......... .......... .......... .......... 75% 7.28M 3s
[2023-01-27T04:57:22.697+0000] {subprocess.py:93} INFO -  15350K .......... .......... .......... .......... .......... 75% 6.73M 3s
[2023-01-27T04:57:22.700+0000] {subprocess.py:93} INFO -  15400K .......... .......... .......... .......... .......... 75% 13.2M 3s
[2023-01-27T04:57:22.709+0000] {subprocess.py:93} INFO -  15450K .......... .......... .......... .......... .......... 76% 5.33M 3s
[2023-01-27T04:57:22.715+0000] {subprocess.py:93} INFO -  15500K .......... .......... .......... .......... .......... 76% 9.55M 3s
[2023-01-27T04:57:22.730+0000] {subprocess.py:93} INFO -  15550K .......... .......... .......... .......... .......... 76% 4.39M 3s
[2023-01-27T04:57:22.735+0000] {subprocess.py:93} INFO -  15600K .......... .......... .......... .......... .......... 76% 5.39M 3s
[2023-01-27T04:57:22.753+0000] {subprocess.py:93} INFO -  15650K .......... .......... .......... .......... .......... 77% 2.73M 3s
[2023-01-27T04:57:22.759+0000] {subprocess.py:93} INFO -  15700K .......... .......... .......... .......... .......... 77% 7.52M 3s
[2023-01-27T04:57:22.771+0000] {subprocess.py:93} INFO -  15750K .......... .......... .......... .......... .......... 77% 3.98M 3s
[2023-01-27T04:57:22.775+0000] {subprocess.py:93} INFO -  15800K .......... .......... .......... .......... .......... 77% 12.7M 3s
[2023-01-27T04:57:22.805+0000] {subprocess.py:93} INFO -  15850K .......... .......... .......... .......... .......... 78% 1.63M 3s
[2023-01-27T04:57:22.819+0000] {subprocess.py:93} INFO -  15900K .......... .......... .......... .......... .......... 78% 3.67M 3s
[2023-01-27T04:57:22.852+0000] {subprocess.py:93} INFO -  15950K .......... .......... .......... .......... .......... 78% 4.69M 3s
[2023-01-27T04:57:22.866+0000] {subprocess.py:93} INFO -  16000K .......... .......... .......... .......... .......... 78% 1.34M 3s
[2023-01-27T04:57:22.883+0000] {subprocess.py:93} INFO -  16050K .......... .......... .......... .......... .......... 79% 2.76M 2s
[2023-01-27T04:57:22.900+0000] {subprocess.py:93} INFO -  16100K .......... .......... .......... .......... .......... 79% 2.97M 2s
[2023-01-27T04:57:22.939+0000] {subprocess.py:93} INFO -  16150K .......... .......... .......... .......... .......... 79% 1.26M 2s
[2023-01-27T04:57:22.955+0000] {subprocess.py:93} INFO -  16200K .......... .......... .......... .......... .......... 79% 2.91M 2s
[2023-01-27T04:57:22.975+0000] {subprocess.py:93} INFO -  16250K .......... .......... .......... .......... .......... 80% 2.41M 2s
[2023-01-27T04:57:23.001+0000] {subprocess.py:93} INFO -  16300K .......... .......... .......... .......... .......... 80% 1.90M 2s
[2023-01-27T04:57:23.028+0000] {subprocess.py:93} INFO -  16350K .......... .......... .......... .......... .......... 80% 2.69M 2s
[2023-01-27T04:57:23.048+0000] {subprocess.py:93} INFO -  16400K .......... .......... .......... .......... .......... 80% 1.69M 2s
[2023-01-27T04:57:23.062+0000] {subprocess.py:93} INFO -  16450K .......... .......... .......... .......... .......... 81% 3.57M 2s
[2023-01-27T04:57:23.095+0000] {subprocess.py:93} INFO -  16500K .......... .......... .......... .......... .......... 81% 1.50M 2s
[2023-01-27T04:57:23.112+0000] {subprocess.py:93} INFO -  16550K .......... .......... .......... .......... .......... 81% 2.76M 2s
[2023-01-27T04:57:23.135+0000] {subprocess.py:93} INFO -  16600K .......... .......... .......... .......... .......... 81% 2.16M 2s
[2023-01-27T04:57:23.158+0000] {subprocess.py:93} INFO -  16650K .......... .......... .......... .......... .......... 82% 2.14M 2s
[2023-01-27T04:57:23.188+0000] {subprocess.py:93} INFO -  16700K .......... .......... .......... .......... .......... 82% 1.59M 2s
[2023-01-27T04:57:23.217+0000] {subprocess.py:93} INFO -  16750K .......... .......... .......... .......... .......... 82% 2.01M 2s
[2023-01-27T04:57:23.240+0000] {subprocess.py:93} INFO -  16800K .......... .......... .......... .......... .......... 82% 1.80M 2s
[2023-01-27T04:57:23.263+0000] {subprocess.py:93} INFO -  16850K .......... .......... .......... .......... .......... 83% 2.12M 2s
[2023-01-27T04:57:23.288+0000] {subprocess.py:93} INFO -  16900K .......... .......... .......... .......... .......... 83% 1.96M 2s
[2023-01-27T04:57:23.297+0000] {subprocess.py:93} INFO -  16950K .......... .......... .......... .......... .......... 83% 5.15M 2s
[2023-01-27T04:57:23.332+0000] {subprocess.py:93} INFO -  17000K .......... .......... .......... .......... .......... 83% 1.39M 2s
[2023-01-27T04:57:23.345+0000] {subprocess.py:93} INFO -  17050K .......... .......... .......... .......... .......... 84% 3.70M 2s
[2023-01-27T04:57:23.362+0000] {subprocess.py:93} INFO -  17100K .......... .......... .......... .......... .......... 84% 2.92M 2s
[2023-01-27T04:57:23.393+0000] {subprocess.py:93} INFO -  17150K .......... .......... .......... .......... .......... 84% 1.82M 2s
[2023-01-27T04:57:23.411+0000] {subprocess.py:93} INFO -  17200K .......... .......... .......... .......... .......... 84% 2.21M 2s
[2023-01-27T04:57:23.429+0000] {subprocess.py:93} INFO -  17250K .......... .......... .......... .......... .......... 85% 2.76M 2s
[2023-01-27T04:57:23.442+0000] {subprocess.py:93} INFO -  17300K .......... .......... .......... .......... .......... 85% 3.69M 2s
[2023-01-27T04:57:23.488+0000] {subprocess.py:93} INFO -  17350K .......... .......... .......... .......... .......... 85% 1.05M 2s
[2023-01-27T04:57:23.507+0000] {subprocess.py:93} INFO -  17400K .......... .......... .......... .......... .......... 85% 2.64M 2s
[2023-01-27T04:57:23.588+0000] {subprocess.py:93} INFO -  17450K .......... .......... .......... .......... .......... 86%  613K 2s
[2023-01-27T04:57:23.589+0000] {subprocess.py:93} INFO -  17500K .......... .......... .......... .......... .......... 86%  241M 2s
[2023-01-27T04:57:23.589+0000] {subprocess.py:93} INFO -  17550K .......... .......... .......... .......... .......... 86%  208M 2s
[2023-01-27T04:57:23.629+0000] {subprocess.py:93} INFO -  17600K .......... .......... .......... .......... .......... 86% 1.20M 2s
[2023-01-27T04:57:23.650+0000] {subprocess.py:93} INFO -  17650K .......... .......... .......... .......... .......... 87% 2.35M 2s
[2023-01-27T04:57:23.669+0000] {subprocess.py:93} INFO -  17700K .......... .......... .......... .......... .......... 87% 2.57M 1s
[2023-01-27T04:57:23.694+0000] {subprocess.py:93} INFO -  17750K .......... .......... .......... .......... .......... 87% 1.94M 1s
[2023-01-27T04:57:23.715+0000] {subprocess.py:93} INFO -  17800K .......... .......... .......... .......... .......... 87% 2.40M 1s
[2023-01-27T04:57:23.757+0000] {subprocess.py:93} INFO -  17850K .......... .......... .......... .......... .......... 88% 2.32M 1s
[2023-01-27T04:57:23.781+0000] {subprocess.py:93} INFO -  17900K .......... .......... .......... .......... .......... 88% 1.08M 1s
[2023-01-27T04:57:23.789+0000] {subprocess.py:93} INFO -  17950K .......... .......... .......... .......... .......... 88% 5.90M 1s
[2023-01-27T04:57:23.818+0000] {subprocess.py:93} INFO -  18000K .......... .......... .......... .......... .......... 88% 1.72M 1s
[2023-01-27T04:57:23.831+0000] {subprocess.py:93} INFO -  18050K .......... .......... .......... .......... .......... 89% 3.68M 1s
[2023-01-27T04:57:23.858+0000] {subprocess.py:93} INFO -  18100K .......... .......... .......... .......... .......... 89% 1.80M 1s
[2023-01-27T04:57:23.870+0000] {subprocess.py:93} INFO -  18150K .......... .......... .......... .......... .......... 89% 4.01M 1s
[2023-01-27T04:57:23.880+0000] {subprocess.py:93} INFO -  18200K .......... .......... .......... .......... .......... 89% 4.96M 1s
[2023-01-27T04:57:23.915+0000] {subprocess.py:93} INFO -  18250K .......... .......... .......... .......... .......... 89% 1.67M 1s
[2023-01-27T04:57:23.925+0000] {subprocess.py:93} INFO -  18300K .......... .......... .......... .......... .......... 90% 3.10M 1s
[2023-01-27T04:57:23.949+0000] {subprocess.py:93} INFO -  18350K .......... .......... .......... .......... .......... 90% 2.01M 1s
[2023-01-27T04:57:23.968+0000] {subprocess.py:93} INFO -  18400K .......... .......... .......... .......... .......... 90% 3.40M 1s
[2023-01-27T04:57:23.982+0000] {subprocess.py:93} INFO -  18450K .......... .......... .......... .......... .......... 90% 2.63M 1s
[2023-01-27T04:57:24.004+0000] {subprocess.py:93} INFO -  18500K .......... .......... .......... .......... .......... 91% 2.21M 1s
[2023-01-27T04:57:24.016+0000] {subprocess.py:93} INFO -  18550K .......... .......... .......... .......... .......... 91% 4.12M 1s
[2023-01-27T04:57:24.028+0000] {subprocess.py:93} INFO -  18600K .......... .......... .......... .......... .......... 91% 3.96M 1s
[2023-01-27T04:57:24.054+0000] {subprocess.py:93} INFO -  18650K .......... .......... .......... .......... .......... 91% 1.88M 1s
[2023-01-27T04:57:24.066+0000] {subprocess.py:93} INFO -  18700K .......... .......... .......... .......... .......... 92% 4.13M 1s
[2023-01-27T04:57:24.075+0000] {subprocess.py:93} INFO -  18750K .......... .......... .......... .......... .......... 92% 5.59M 1s
[2023-01-27T04:57:24.107+0000] {subprocess.py:93} INFO -  18800K .......... .......... .......... .......... .......... 92% 1.87M 1s
[2023-01-27T04:57:24.117+0000] {subprocess.py:93} INFO -  18850K .......... .......... .......... .......... .......... 92% 3.03M 1s
[2023-01-27T04:57:24.140+0000] {subprocess.py:93} INFO -  18900K .......... .......... .......... .......... .......... 93% 2.11M 1s
[2023-01-27T04:57:24.150+0000] {subprocess.py:93} INFO -  18950K .......... .......... .......... .......... .......... 93% 4.80M 1s
[2023-01-27T04:57:24.161+0000] {subprocess.py:93} INFO -  19000K .......... .......... .......... .......... .......... 93% 4.41M 1s
[2023-01-27T04:57:24.187+0000] {subprocess.py:93} INFO -  19050K .......... .......... .......... .......... .......... 93% 1.94M 1s
[2023-01-27T04:57:24.200+0000] {subprocess.py:93} INFO -  19100K .......... .......... .......... .......... .......... 94% 3.65M 1s
[2023-01-27T04:57:24.213+0000] {subprocess.py:93} INFO -  19150K .......... .......... .......... .......... .......... 94% 3.90M 1s
[2023-01-27T04:57:24.230+0000] {subprocess.py:93} INFO -  19200K .......... .......... .......... .......... .......... 94% 2.83M 1s
[2023-01-27T04:57:24.246+0000] {subprocess.py:93} INFO -  19250K .......... .......... .......... .......... .......... 94% 5.06M 1s
[2023-01-27T04:57:24.255+0000] {subprocess.py:93} INFO -  19300K .......... .......... .......... .......... .......... 95% 3.06M 1s
[2023-01-27T04:57:24.267+0000] {subprocess.py:93} INFO -  19350K .......... .......... .......... .......... .......... 95% 4.38M 1s
[2023-01-27T04:57:24.289+0000] {subprocess.py:93} INFO -  19400K .......... .......... .......... .......... .......... 95% 2.22M 0s
[2023-01-27T04:57:24.299+0000] {subprocess.py:93} INFO -  19450K .......... .......... .......... .......... .......... 95% 4.79M 0s
[2023-01-27T04:57:24.313+0000] {subprocess.py:93} INFO -  19500K .......... .......... .......... .......... .......... 96% 3.39M 0s
[2023-01-27T04:57:24.323+0000] {subprocess.py:93} INFO -  19550K .......... .......... .......... .......... .......... 96% 4.94M 0s
[2023-01-27T04:57:24.332+0000] {subprocess.py:93} INFO -  19600K .......... .......... .......... .......... .......... 96% 5.75M 0s
[2023-01-27T04:57:24.364+0000] {subprocess.py:93} INFO -  19650K .......... .......... .......... .......... .......... 96% 1.73M 0s
[2023-01-27T04:57:24.376+0000] {subprocess.py:93} INFO -  19700K .......... .......... .......... .......... .......... 97% 3.04M 0s
[2023-01-27T04:57:24.386+0000] {subprocess.py:93} INFO -  19750K .......... .......... .......... .......... .......... 97% 4.83M 0s
[2023-01-27T04:57:24.395+0000] {subprocess.py:93} INFO -  19800K .......... .......... .......... .......... .......... 97% 5.43M 0s
[2023-01-27T04:57:24.404+0000] {subprocess.py:93} INFO -  19850K .......... .......... .......... .......... .......... 97% 5.12M 0s
[2023-01-27T04:57:24.407+0000] {subprocess.py:93} INFO -  19900K .......... .......... .......... .......... .......... 98% 17.1M 0s
[2023-01-27T04:57:24.418+0000] {subprocess.py:93} INFO -  19950K .......... .......... .......... .......... .......... 98% 4.38M 0s
[2023-01-27T04:57:24.426+0000] {subprocess.py:93} INFO -  20000K .......... .......... .......... .......... .......... 98% 6.57M 0s
[2023-01-27T04:57:24.431+0000] {subprocess.py:93} INFO -  20050K .......... .......... .......... .......... .......... 98% 10.5M 0s
[2023-01-27T04:57:24.440+0000] {subprocess.py:93} INFO -  20100K .......... .......... .......... .......... .......... 99% 5.80M 0s
[2023-01-27T04:57:24.442+0000] {subprocess.py:93} INFO -  20150K .......... .......... .......... .......... .......... 99% 16.4M 0s
[2023-01-27T04:57:24.453+0000] {subprocess.py:93} INFO -  20200K .......... .......... .......... .......... .......... 99% 4.75M 0s
[2023-01-27T04:57:24.456+0000] {subprocess.py:93} INFO -  20250K .......... .......... .......... .......... .......... 99% 14.6M 0s
[2023-01-27T04:57:24.457+0000] {subprocess.py:93} INFO -  20300K .......... .......... .......... ......               100% 50.7M=11s
[2023-01-27T04:57:24.457+0000] {subprocess.py:93} INFO - 
[2023-01-27T04:57:24.457+0000] {subprocess.py:93} INFO - 2023-01-27 04:57:24 (1.80 MB/s) - ‘/opt/***/fhv_tripdata_2020-01.csv.gz’ saved [20824474/20824474]
[2023-01-27T04:57:24.457+0000] {subprocess.py:93} INFO - 
[2023-01-27T04:57:24.459+0000] {subprocess.py:97} INFO - Command exited with return code 0
[2023-01-27T04:57:24.561+0000] {taskinstance.py:1323} INFO - Marking task as SUCCESS. dag_id=fhv_taxi_data_dag_v1, task_id=download_ytd_dataset_from_web, execution_date=20200101T000000, start_date=20230127T045712, end_date=20230127T045724
[2023-01-27T04:57:24.659+0000] {local_task_job.py:208} INFO - Task exited with return code 0
[2023-01-27T04:57:24.706+0000] {taskinstance.py:2578} INFO - 1 downstream tasks scheduled from follow-on schedule check
