[2023-01-27T04:58:26.753+0000] {taskinstance.py:1083} INFO - Dependencies all met for <TaskInstance: fhv_taxi_data_dag_v1.cgs_to_biquery scheduled__2019-05-01T00:00:00+00:00 [queued]>
[2023-01-27T04:58:26.766+0000] {taskinstance.py:1083} INFO - Dependencies all met for <TaskInstance: fhv_taxi_data_dag_v1.cgs_to_biquery scheduled__2019-05-01T00:00:00+00:00 [queued]>
[2023-01-27T04:58:26.766+0000] {taskinstance.py:1279} INFO - 
--------------------------------------------------------------------------------
[2023-01-27T04:58:26.766+0000] {taskinstance.py:1280} INFO - Starting attempt 1 of 1
[2023-01-27T04:58:26.766+0000] {taskinstance.py:1281} INFO - 
--------------------------------------------------------------------------------
[2023-01-27T04:58:26.781+0000] {taskinstance.py:1300} INFO - Executing <Task(_PythonDecoratedOperator): cgs_to_biquery> on 2019-05-01 00:00:00+00:00
[2023-01-27T04:58:26.787+0000] {standard_task_runner.py:55} INFO - Started process 7224 to run task
[2023-01-27T04:58:26.791+0000] {standard_task_runner.py:82} INFO - Running: ['***', 'tasks', 'run', 'fhv_taxi_data_dag_v1', 'cgs_to_biquery', 'scheduled__2019-05-01T00:00:00+00:00', '--job-id', '5747', '--raw', '--subdir', 'DAGS_FOLDER/data_ingestion_gcs_dag_v1_fhv.py', '--cfg-path', '/tmp/tmp03z4u681']
[2023-01-27T04:58:26.793+0000] {standard_task_runner.py:83} INFO - Job 5747: Subtask cgs_to_biquery
[2023-01-27T04:58:26.852+0000] {task_command.py:388} INFO - Running <TaskInstance: fhv_taxi_data_dag_v1.cgs_to_biquery scheduled__2019-05-01T00:00:00+00:00 [running]> on host 8bc22b99c76b
[2023-01-27T04:58:26.927+0000] {taskinstance.py:1509} INFO - Exporting the following env vars:
AIRFLOW_CTX_DAG_OWNER=***
AIRFLOW_CTX_DAG_ID=fhv_taxi_data_dag_v1
AIRFLOW_CTX_TASK_ID=cgs_to_biquery
AIRFLOW_CTX_EXECUTION_DATE=2019-05-01T00:00:00+00:00
AIRFLOW_CTX_TRY_NUMBER=1
AIRFLOW_CTX_DAG_RUN_ID=scheduled__2019-05-01T00:00:00+00:00
[2023-01-27T04:58:26.928+0000] {python.py:177} INFO - Done. Returned value was: None
[2023-01-27T04:58:26.938+0000] {taskinstance.py:1323} INFO - Marking task as SUCCESS. dag_id=fhv_taxi_data_dag_v1, task_id=cgs_to_biquery, execution_date=20190501T000000, start_date=20230127T045826, end_date=20230127T045826
[2023-01-27T04:58:26.961+0000] {local_task_job.py:208} INFO - Task exited with return code 0
[2023-01-27T04:58:26.977+0000] {taskinstance.py:2578} INFO - 0 downstream tasks scheduled from follow-on schedule check
