[2023-01-27T05:21:11.168+0000] {processor.py:153} INFO - Started process (PID=62) to work on /opt/airflow/dags/data_ingestion_gcs_dag_v1_zones.py
[2023-01-27T05:21:11.169+0000] {processor.py:743} INFO - Processing file /opt/airflow/dags/data_ingestion_gcs_dag_v1_zones.py for tasks to queue
[2023-01-27T05:21:11.169+0000] {logging_mixin.py:137} INFO - [2023-01-27T05:21:11.169+0000] {dagbag.py:538} INFO - Filling up the DagBag from /opt/airflow/dags/data_ingestion_gcs_dag_v1_zones.py
[2023-01-27T05:21:13.674+0000] {logging_mixin.py:137} INFO - [2023-01-27T05:21:13.674+0000] {taskmixin.py:205} WARNING - Dependency <Task(_PythonDecoratedOperator): transform_csv_to_parquet>, upload_to_gcs already registered for DAG: ny_taxi_zones_dag_v1
[2023-01-27T05:21:13.674+0000] {logging_mixin.py:137} INFO - [2023-01-27T05:21:13.674+0000] {taskmixin.py:205} WARNING - Dependency <Task(_PythonDecoratedOperator): upload_to_gcs>, transform_csv_to_parquet already registered for DAG: ny_taxi_zones_dag_v1
[2023-01-27T05:21:13.702+0000] {processor.py:753} INFO - DAG(s) dict_keys(['ny_taxi_zones_dag_v1']) retrieved from /opt/airflow/dags/data_ingestion_gcs_dag_v1_zones.py
[2023-01-27T05:21:14.075+0000] {logging_mixin.py:137} INFO - [2023-01-27T05:21:14.075+0000] {manager.py:504} INFO - Created Permission View: can edit on DAG:ny_taxi_zones_dag_v1
[2023-01-27T05:21:14.095+0000] {logging_mixin.py:137} INFO - [2023-01-27T05:21:14.095+0000] {manager.py:504} INFO - Created Permission View: can delete on DAG:ny_taxi_zones_dag_v1
[2023-01-27T05:21:14.110+0000] {logging_mixin.py:137} INFO - [2023-01-27T05:21:14.110+0000] {manager.py:504} INFO - Created Permission View: can read on DAG:ny_taxi_zones_dag_v1
[2023-01-27T05:21:14.113+0000] {logging_mixin.py:137} INFO - [2023-01-27T05:21:14.111+0000] {dag.py:2690} INFO - Sync 1 DAGs
[2023-01-27T05:21:14.142+0000] {logging_mixin.py:137} INFO - [2023-01-27T05:21:14.141+0000] {dag.py:2711} INFO - Creating ORM DAG for ny_taxi_zones_dag_v1
[2023-01-27T05:21:14.166+0000] {logging_mixin.py:137} INFO - [2023-01-27T05:21:14.165+0000] {dag.py:3441} INFO - Setting next_dagrun for ny_taxi_zones_dag_v1 to 2023-01-27T05:21:13.671138+00:00, run_after=2023-01-27T05:21:13.671138+00:00
[2023-01-27T05:21:14.208+0000] {processor.py:175} INFO - Processing /opt/airflow/dags/data_ingestion_gcs_dag_v1_zones.py took 3.044 seconds
[2023-01-27T05:21:44.274+0000] {processor.py:153} INFO - Started process (PID=126) to work on /opt/airflow/dags/data_ingestion_gcs_dag_v1_zones.py
[2023-01-27T05:21:44.283+0000] {processor.py:743} INFO - Processing file /opt/airflow/dags/data_ingestion_gcs_dag_v1_zones.py for tasks to queue
[2023-01-27T05:21:44.284+0000] {logging_mixin.py:137} INFO - [2023-01-27T05:21:44.283+0000] {dagbag.py:538} INFO - Filling up the DagBag from /opt/airflow/dags/data_ingestion_gcs_dag_v1_zones.py
[2023-01-27T05:21:44.933+0000] {logging_mixin.py:137} INFO - [2023-01-27T05:21:44.933+0000] {taskmixin.py:205} WARNING - Dependency <Task(_PythonDecoratedOperator): transform_csv_to_parquet>, upload_to_gcs already registered for DAG: ny_taxi_zones_dag_v1
[2023-01-27T05:21:44.933+0000] {logging_mixin.py:137} INFO - [2023-01-27T05:21:44.933+0000] {taskmixin.py:205} WARNING - Dependency <Task(_PythonDecoratedOperator): upload_to_gcs>, transform_csv_to_parquet already registered for DAG: ny_taxi_zones_dag_v1
[2023-01-27T05:21:44.938+0000] {processor.py:753} INFO - DAG(s) dict_keys(['ny_taxi_zones_dag_v1']) retrieved from /opt/airflow/dags/data_ingestion_gcs_dag_v1_zones.py
[2023-01-27T05:21:44.992+0000] {logging_mixin.py:137} INFO - [2023-01-27T05:21:44.992+0000] {dag.py:2690} INFO - Sync 1 DAGs
[2023-01-27T05:21:45.012+0000] {logging_mixin.py:137} INFO - [2023-01-27T05:21:45.012+0000] {dag.py:3441} INFO - Setting next_dagrun for ny_taxi_zones_dag_v1 to 2023-01-27T05:21:44.931804+00:00, run_after=2023-01-27T05:21:44.931804+00:00
[2023-01-27T05:21:45.029+0000] {processor.py:175} INFO - Processing /opt/airflow/dags/data_ingestion_gcs_dag_v1_zones.py took 0.761 seconds
[2023-01-27T05:22:15.178+0000] {processor.py:153} INFO - Started process (PID=210) to work on /opt/airflow/dags/data_ingestion_gcs_dag_v1_zones.py
[2023-01-27T05:22:15.180+0000] {processor.py:743} INFO - Processing file /opt/airflow/dags/data_ingestion_gcs_dag_v1_zones.py for tasks to queue
[2023-01-27T05:22:15.180+0000] {logging_mixin.py:137} INFO - [2023-01-27T05:22:15.180+0000] {dagbag.py:538} INFO - Filling up the DagBag from /opt/airflow/dags/data_ingestion_gcs_dag_v1_zones.py
[2023-01-27T05:22:15.810+0000] {logging_mixin.py:137} INFO - [2023-01-27T05:22:15.810+0000] {taskmixin.py:205} WARNING - Dependency <Task(_PythonDecoratedOperator): transform_csv_to_parquet>, upload_to_gcs already registered for DAG: ny_taxi_zones_dag_v1
[2023-01-27T05:22:15.810+0000] {logging_mixin.py:137} INFO - [2023-01-27T05:22:15.810+0000] {taskmixin.py:205} WARNING - Dependency <Task(_PythonDecoratedOperator): upload_to_gcs>, transform_csv_to_parquet already registered for DAG: ny_taxi_zones_dag_v1
[2023-01-27T05:22:15.814+0000] {processor.py:753} INFO - DAG(s) dict_keys(['ny_taxi_zones_dag_v1']) retrieved from /opt/airflow/dags/data_ingestion_gcs_dag_v1_zones.py
[2023-01-27T05:22:15.868+0000] {logging_mixin.py:137} INFO - [2023-01-27T05:22:15.867+0000] {dag.py:2690} INFO - Sync 1 DAGs
[2023-01-27T05:22:15.889+0000] {logging_mixin.py:137} INFO - [2023-01-27T05:22:15.889+0000] {dag.py:3441} INFO - Setting next_dagrun for ny_taxi_zones_dag_v1 to 2023-01-27T05:22:15.808451+00:00, run_after=2023-01-27T05:22:15.808451+00:00
[2023-01-27T05:22:15.906+0000] {processor.py:175} INFO - Processing /opt/airflow/dags/data_ingestion_gcs_dag_v1_zones.py took 0.731 seconds
[2023-01-27T05:22:46.083+0000] {processor.py:153} INFO - Started process (PID=274) to work on /opt/airflow/dags/data_ingestion_gcs_dag_v1_zones.py
[2023-01-27T05:22:46.091+0000] {processor.py:743} INFO - Processing file /opt/airflow/dags/data_ingestion_gcs_dag_v1_zones.py for tasks to queue
[2023-01-27T05:22:46.092+0000] {logging_mixin.py:137} INFO - [2023-01-27T05:22:46.092+0000] {dagbag.py:538} INFO - Filling up the DagBag from /opt/airflow/dags/data_ingestion_gcs_dag_v1_zones.py
[2023-01-27T05:22:46.720+0000] {logging_mixin.py:137} INFO - [2023-01-27T05:22:46.720+0000] {taskmixin.py:205} WARNING - Dependency <Task(_PythonDecoratedOperator): transform_csv_to_parquet>, upload_to_gcs already registered for DAG: ny_taxi_zones_dag_v1
[2023-01-27T05:22:46.720+0000] {logging_mixin.py:137} INFO - [2023-01-27T05:22:46.720+0000] {taskmixin.py:205} WARNING - Dependency <Task(_PythonDecoratedOperator): upload_to_gcs>, transform_csv_to_parquet already registered for DAG: ny_taxi_zones_dag_v1
[2023-01-27T05:22:46.724+0000] {processor.py:753} INFO - DAG(s) dict_keys(['ny_taxi_zones_dag_v1']) retrieved from /opt/airflow/dags/data_ingestion_gcs_dag_v1_zones.py
[2023-01-27T05:22:46.776+0000] {logging_mixin.py:137} INFO - [2023-01-27T05:22:46.776+0000] {dag.py:2690} INFO - Sync 1 DAGs
[2023-01-27T05:22:46.799+0000] {logging_mixin.py:137} INFO - [2023-01-27T05:22:46.799+0000] {dag.py:3441} INFO - Setting next_dagrun for ny_taxi_zones_dag_v1 to None, run_after=None
[2023-01-27T05:22:46.820+0000] {processor.py:175} INFO - Processing /opt/airflow/dags/data_ingestion_gcs_dag_v1_zones.py took 0.741 seconds
[2023-01-27T05:23:17.000+0000] {processor.py:153} INFO - Started process (PID=358) to work on /opt/airflow/dags/data_ingestion_gcs_dag_v1_zones.py
[2023-01-27T05:23:17.009+0000] {processor.py:743} INFO - Processing file /opt/airflow/dags/data_ingestion_gcs_dag_v1_zones.py for tasks to queue
[2023-01-27T05:23:17.009+0000] {logging_mixin.py:137} INFO - [2023-01-27T05:23:17.009+0000] {dagbag.py:538} INFO - Filling up the DagBag from /opt/airflow/dags/data_ingestion_gcs_dag_v1_zones.py
[2023-01-27T05:23:17.772+0000] {logging_mixin.py:137} INFO - [2023-01-27T05:23:17.772+0000] {taskmixin.py:205} WARNING - Dependency <Task(_PythonDecoratedOperator): transform_csv_to_parquet>, upload_to_gcs already registered for DAG: ny_taxi_zones_dag_v1
[2023-01-27T05:23:17.772+0000] {logging_mixin.py:137} INFO - [2023-01-27T05:23:17.772+0000] {taskmixin.py:205} WARNING - Dependency <Task(_PythonDecoratedOperator): upload_to_gcs>, transform_csv_to_parquet already registered for DAG: ny_taxi_zones_dag_v1
[2023-01-27T05:23:17.776+0000] {processor.py:753} INFO - DAG(s) dict_keys(['ny_taxi_zones_dag_v1']) retrieved from /opt/airflow/dags/data_ingestion_gcs_dag_v1_zones.py
[2023-01-27T05:23:17.836+0000] {logging_mixin.py:137} INFO - [2023-01-27T05:23:17.835+0000] {dag.py:2690} INFO - Sync 1 DAGs
[2023-01-27T05:23:17.868+0000] {logging_mixin.py:137} INFO - [2023-01-27T05:23:17.868+0000] {dag.py:3441} INFO - Setting next_dagrun for ny_taxi_zones_dag_v1 to None, run_after=None
[2023-01-27T05:23:17.890+0000] {processor.py:175} INFO - Processing /opt/airflow/dags/data_ingestion_gcs_dag_v1_zones.py took 0.893 seconds
[2023-01-27T05:23:20.724+0000] {processor.py:153} INFO - Started process (PID=382) to work on /opt/airflow/dags/data_ingestion_gcs_dag_v1_zones.py
[2023-01-27T05:23:20.724+0000] {processor.py:743} INFO - Processing file /opt/airflow/dags/data_ingestion_gcs_dag_v1_zones.py for tasks to queue
[2023-01-27T05:23:20.725+0000] {logging_mixin.py:137} INFO - [2023-01-27T05:23:20.725+0000] {dagbag.py:538} INFO - Filling up the DagBag from /opt/airflow/dags/data_ingestion_gcs_dag_v1_zones.py
[2023-01-27T05:23:21.430+0000] {logging_mixin.py:137} INFO - [2023-01-27T05:23:21.430+0000] {taskmixin.py:205} WARNING - Dependency <Task(_PythonDecoratedOperator): transform_csv_to_parquet>, upload_to_gcs already registered for DAG: ny_taxi_zones_dag_v1
[2023-01-27T05:23:21.430+0000] {logging_mixin.py:137} INFO - [2023-01-27T05:23:21.430+0000] {taskmixin.py:205} WARNING - Dependency <Task(_PythonDecoratedOperator): upload_to_gcs>, transform_csv_to_parquet already registered for DAG: ny_taxi_zones_dag_v1
[2023-01-27T05:23:21.435+0000] {processor.py:753} INFO - DAG(s) dict_keys(['ny_taxi_zones_dag_v1']) retrieved from /opt/airflow/dags/data_ingestion_gcs_dag_v1_zones.py
[2023-01-27T05:23:21.443+0000] {logging_mixin.py:137} INFO - [2023-01-27T05:23:21.443+0000] {dag.py:2690} INFO - Sync 1 DAGs
[2023-01-27T05:23:21.464+0000] {logging_mixin.py:137} INFO - [2023-01-27T05:23:21.464+0000] {dag.py:3441} INFO - Setting next_dagrun for ny_taxi_zones_dag_v1 to None, run_after=None
[2023-01-27T05:23:21.483+0000] {processor.py:175} INFO - Processing /opt/airflow/dags/data_ingestion_gcs_dag_v1_zones.py took 0.763 seconds
[2023-01-27T05:23:32.573+0000] {processor.py:153} INFO - Started process (PID=410) to work on /opt/airflow/dags/data_ingestion_gcs_dag_v1_zones.py
[2023-01-27T05:23:32.583+0000] {processor.py:743} INFO - Processing file /opt/airflow/dags/data_ingestion_gcs_dag_v1_zones.py for tasks to queue
[2023-01-27T05:23:32.585+0000] {logging_mixin.py:137} INFO - [2023-01-27T05:23:32.584+0000] {dagbag.py:538} INFO - Filling up the DagBag from /opt/airflow/dags/data_ingestion_gcs_dag_v1_zones.py
[2023-01-27T05:23:33.297+0000] {logging_mixin.py:137} INFO - [2023-01-27T05:23:33.297+0000] {taskmixin.py:205} WARNING - Dependency <Task(_PythonDecoratedOperator): transform_csv_to_parquet>, upload_to_gcs already registered for DAG: ny_taxi_zones_dag_v2
[2023-01-27T05:23:33.298+0000] {logging_mixin.py:137} INFO - [2023-01-27T05:23:33.297+0000] {taskmixin.py:205} WARNING - Dependency <Task(_PythonDecoratedOperator): upload_to_gcs>, transform_csv_to_parquet already registered for DAG: ny_taxi_zones_dag_v2
[2023-01-27T05:23:33.302+0000] {processor.py:753} INFO - DAG(s) dict_keys(['ny_taxi_zones_dag_v2']) retrieved from /opt/airflow/dags/data_ingestion_gcs_dag_v1_zones.py
[2023-01-27T05:23:33.391+0000] {logging_mixin.py:137} INFO - [2023-01-27T05:23:33.391+0000] {manager.py:504} INFO - Created Permission View: can edit on DAG:ny_taxi_zones_dag_v2
[2023-01-27T05:23:33.402+0000] {logging_mixin.py:137} INFO - [2023-01-27T05:23:33.402+0000] {manager.py:504} INFO - Created Permission View: can delete on DAG:ny_taxi_zones_dag_v2
[2023-01-27T05:23:33.409+0000] {logging_mixin.py:137} INFO - [2023-01-27T05:23:33.409+0000] {manager.py:504} INFO - Created Permission View: can read on DAG:ny_taxi_zones_dag_v2
[2023-01-27T05:23:33.410+0000] {logging_mixin.py:137} INFO - [2023-01-27T05:23:33.409+0000] {dag.py:2690} INFO - Sync 1 DAGs
[2023-01-27T05:23:33.424+0000] {logging_mixin.py:137} INFO - [2023-01-27T05:23:33.423+0000] {dag.py:2711} INFO - Creating ORM DAG for ny_taxi_zones_dag_v2
[2023-01-27T05:23:33.435+0000] {logging_mixin.py:137} INFO - [2023-01-27T05:23:33.435+0000] {dag.py:3441} INFO - Setting next_dagrun for ny_taxi_zones_dag_v2 to 2023-01-27T05:23:33.295853+00:00, run_after=2023-01-27T05:23:33.295853+00:00
[2023-01-27T05:23:33.573+0000] {processor.py:175} INFO - Processing /opt/airflow/dags/data_ingestion_gcs_dag_v1_zones.py took 1.009 seconds
[2023-01-27T05:24:03.754+0000] {processor.py:153} INFO - Started process (PID=474) to work on /opt/airflow/dags/data_ingestion_gcs_dag_v1_zones.py
[2023-01-27T05:24:03.755+0000] {processor.py:743} INFO - Processing file /opt/airflow/dags/data_ingestion_gcs_dag_v1_zones.py for tasks to queue
[2023-01-27T05:24:03.755+0000] {logging_mixin.py:137} INFO - [2023-01-27T05:24:03.755+0000] {dagbag.py:538} INFO - Filling up the DagBag from /opt/airflow/dags/data_ingestion_gcs_dag_v1_zones.py
[2023-01-27T05:24:04.501+0000] {logging_mixin.py:137} INFO - [2023-01-27T05:24:04.501+0000] {taskmixin.py:205} WARNING - Dependency <Task(_PythonDecoratedOperator): transform_csv_to_parquet>, upload_to_gcs already registered for DAG: ny_taxi_zones_dag_v2
[2023-01-27T05:24:04.502+0000] {logging_mixin.py:137} INFO - [2023-01-27T05:24:04.501+0000] {taskmixin.py:205} WARNING - Dependency <Task(_PythonDecoratedOperator): upload_to_gcs>, transform_csv_to_parquet already registered for DAG: ny_taxi_zones_dag_v2
[2023-01-27T05:24:04.506+0000] {processor.py:753} INFO - DAG(s) dict_keys(['ny_taxi_zones_dag_v2']) retrieved from /opt/airflow/dags/data_ingestion_gcs_dag_v1_zones.py
[2023-01-27T05:24:04.565+0000] {logging_mixin.py:137} INFO - [2023-01-27T05:24:04.564+0000] {dag.py:2690} INFO - Sync 1 DAGs
[2023-01-27T05:24:04.593+0000] {logging_mixin.py:137} INFO - [2023-01-27T05:24:04.593+0000] {dag.py:3441} INFO - Setting next_dagrun for ny_taxi_zones_dag_v2 to None, run_after=None
[2023-01-27T05:24:04.621+0000] {processor.py:175} INFO - Processing /opt/airflow/dags/data_ingestion_gcs_dag_v1_zones.py took 0.869 seconds
[2023-01-27T05:24:16.258+0000] {processor.py:153} INFO - Started process (PID=502) to work on /opt/airflow/dags/data_ingestion_gcs_dag_v1_zones.py
[2023-01-27T05:24:16.259+0000] {processor.py:743} INFO - Processing file /opt/airflow/dags/data_ingestion_gcs_dag_v1_zones.py for tasks to queue
[2023-01-27T05:24:16.260+0000] {logging_mixin.py:137} INFO - [2023-01-27T05:24:16.259+0000] {dagbag.py:538} INFO - Filling up the DagBag from /opt/airflow/dags/data_ingestion_gcs_dag_v1_zones.py
[2023-01-27T05:24:16.974+0000] {logging_mixin.py:137} INFO - [2023-01-27T05:24:16.973+0000] {taskmixin.py:205} WARNING - Dependency <Task(_PythonDecoratedOperator): transform_csv_to_parquet>, upload_to_gcs already registered for DAG: ny_taxi_zones_dag_v2
[2023-01-27T05:24:16.974+0000] {logging_mixin.py:137} INFO - [2023-01-27T05:24:16.974+0000] {taskmixin.py:205} WARNING - Dependency <Task(_PythonDecoratedOperator): upload_to_gcs>, transform_csv_to_parquet already registered for DAG: ny_taxi_zones_dag_v2
[2023-01-27T05:24:16.978+0000] {processor.py:753} INFO - DAG(s) dict_keys(['ny_taxi_zones_dag_v2']) retrieved from /opt/airflow/dags/data_ingestion_gcs_dag_v1_zones.py
[2023-01-27T05:24:16.987+0000] {logging_mixin.py:137} INFO - [2023-01-27T05:24:16.986+0000] {dag.py:2690} INFO - Sync 1 DAGs
[2023-01-27T05:24:17.011+0000] {logging_mixin.py:137} INFO - [2023-01-27T05:24:17.011+0000] {dag.py:3441} INFO - Setting next_dagrun for ny_taxi_zones_dag_v2 to None, run_after=None
[2023-01-27T05:24:17.032+0000] {processor.py:175} INFO - Processing /opt/airflow/dags/data_ingestion_gcs_dag_v1_zones.py took 0.780 seconds
[2023-01-27T05:24:25.097+0000] {processor.py:153} INFO - Started process (PID=546) to work on /opt/airflow/dags/data_ingestion_gcs_dag_v1_zones.py
[2023-01-27T05:24:25.105+0000] {processor.py:743} INFO - Processing file /opt/airflow/dags/data_ingestion_gcs_dag_v1_zones.py for tasks to queue
[2023-01-27T05:24:25.105+0000] {logging_mixin.py:137} INFO - [2023-01-27T05:24:25.105+0000] {dagbag.py:538} INFO - Filling up the DagBag from /opt/airflow/dags/data_ingestion_gcs_dag_v1_zones.py
[2023-01-27T05:24:25.731+0000] {logging_mixin.py:137} INFO - [2023-01-27T05:24:25.730+0000] {taskmixin.py:205} WARNING - Dependency <Task(_PythonDecoratedOperator): transform_csv_to_parquet>, upload_to_gcs already registered for DAG: ny_taxi_zones_dag_v3
[2023-01-27T05:24:25.731+0000] {logging_mixin.py:137} INFO - [2023-01-27T05:24:25.731+0000] {taskmixin.py:205} WARNING - Dependency <Task(_PythonDecoratedOperator): upload_to_gcs>, transform_csv_to_parquet already registered for DAG: ny_taxi_zones_dag_v3
[2023-01-27T05:24:25.734+0000] {processor.py:753} INFO - DAG(s) dict_keys(['ny_taxi_zones_dag_v3']) retrieved from /opt/airflow/dags/data_ingestion_gcs_dag_v1_zones.py
[2023-01-27T05:24:25.833+0000] {logging_mixin.py:137} INFO - [2023-01-27T05:24:25.833+0000] {manager.py:504} INFO - Created Permission View: can edit on DAG:ny_taxi_zones_dag_v3
[2023-01-27T05:24:25.846+0000] {logging_mixin.py:137} INFO - [2023-01-27T05:24:25.846+0000] {manager.py:504} INFO - Created Permission View: can delete on DAG:ny_taxi_zones_dag_v3
[2023-01-27T05:24:25.852+0000] {logging_mixin.py:137} INFO - [2023-01-27T05:24:25.852+0000] {manager.py:504} INFO - Created Permission View: can read on DAG:ny_taxi_zones_dag_v3
[2023-01-27T05:24:25.853+0000] {logging_mixin.py:137} INFO - [2023-01-27T05:24:25.852+0000] {dag.py:2690} INFO - Sync 1 DAGs
[2023-01-27T05:24:25.866+0000] {logging_mixin.py:137} INFO - [2023-01-27T05:24:25.866+0000] {dag.py:2711} INFO - Creating ORM DAG for ny_taxi_zones_dag_v3
[2023-01-27T05:24:25.876+0000] {logging_mixin.py:137} INFO - [2023-01-27T05:24:25.876+0000] {dag.py:3441} INFO - Setting next_dagrun for ny_taxi_zones_dag_v3 to 2023-01-27T05:24:25.729126+00:00, run_after=2023-01-27T05:24:25.729126+00:00
[2023-01-27T05:24:25.892+0000] {processor.py:175} INFO - Processing /opt/airflow/dags/data_ingestion_gcs_dag_v1_zones.py took 0.799 seconds
[2023-01-27T05:24:56.088+0000] {processor.py:153} INFO - Started process (PID=630) to work on /opt/airflow/dags/data_ingestion_gcs_dag_v1_zones.py
[2023-01-27T05:24:56.089+0000] {processor.py:743} INFO - Processing file /opt/airflow/dags/data_ingestion_gcs_dag_v1_zones.py for tasks to queue
[2023-01-27T05:24:56.090+0000] {logging_mixin.py:137} INFO - [2023-01-27T05:24:56.090+0000] {dagbag.py:538} INFO - Filling up the DagBag from /opt/airflow/dags/data_ingestion_gcs_dag_v1_zones.py
[2023-01-27T05:24:56.782+0000] {logging_mixin.py:137} INFO - [2023-01-27T05:24:56.781+0000] {taskmixin.py:205} WARNING - Dependency <Task(_PythonDecoratedOperator): transform_csv_to_parquet>, upload_to_gcs already registered for DAG: ny_taxi_zones_dag_v3
[2023-01-27T05:24:56.782+0000] {logging_mixin.py:137} INFO - [2023-01-27T05:24:56.782+0000] {taskmixin.py:205} WARNING - Dependency <Task(_PythonDecoratedOperator): upload_to_gcs>, transform_csv_to_parquet already registered for DAG: ny_taxi_zones_dag_v3
[2023-01-27T05:24:56.786+0000] {processor.py:753} INFO - DAG(s) dict_keys(['ny_taxi_zones_dag_v3']) retrieved from /opt/airflow/dags/data_ingestion_gcs_dag_v1_zones.py
[2023-01-27T05:24:56.848+0000] {logging_mixin.py:137} INFO - [2023-01-27T05:24:56.847+0000] {dag.py:2690} INFO - Sync 1 DAGs
[2023-01-27T05:24:56.873+0000] {logging_mixin.py:137} INFO - [2023-01-27T05:24:56.873+0000] {dag.py:3441} INFO - Setting next_dagrun for ny_taxi_zones_dag_v3 to None, run_after=None
[2023-01-27T05:24:56.893+0000] {processor.py:175} INFO - Processing /opt/airflow/dags/data_ingestion_gcs_dag_v1_zones.py took 0.808 seconds
[2023-01-27T05:25:27.027+0000] {processor.py:153} INFO - Started process (PID=694) to work on /opt/airflow/dags/data_ingestion_gcs_dag_v1_zones.py
[2023-01-27T05:25:27.028+0000] {processor.py:743} INFO - Processing file /opt/airflow/dags/data_ingestion_gcs_dag_v1_zones.py for tasks to queue
[2023-01-27T05:25:27.028+0000] {logging_mixin.py:137} INFO - [2023-01-27T05:25:27.028+0000] {dagbag.py:538} INFO - Filling up the DagBag from /opt/airflow/dags/data_ingestion_gcs_dag_v1_zones.py
[2023-01-27T05:25:27.586+0000] {logging_mixin.py:137} INFO - [2023-01-27T05:25:27.586+0000] {taskmixin.py:205} WARNING - Dependency <Task(_PythonDecoratedOperator): transform_csv_to_parquet>, upload_to_gcs already registered for DAG: ny_taxi_zones_dag_v3
[2023-01-27T05:25:27.587+0000] {logging_mixin.py:137} INFO - [2023-01-27T05:25:27.587+0000] {taskmixin.py:205} WARNING - Dependency <Task(_PythonDecoratedOperator): upload_to_gcs>, transform_csv_to_parquet already registered for DAG: ny_taxi_zones_dag_v3
[2023-01-27T05:25:27.590+0000] {processor.py:753} INFO - DAG(s) dict_keys(['ny_taxi_zones_dag_v3']) retrieved from /opt/airflow/dags/data_ingestion_gcs_dag_v1_zones.py
[2023-01-27T05:25:27.638+0000] {logging_mixin.py:137} INFO - [2023-01-27T05:25:27.638+0000] {dag.py:2690} INFO - Sync 1 DAGs
[2023-01-27T05:25:27.658+0000] {logging_mixin.py:137} INFO - [2023-01-27T05:25:27.657+0000] {dag.py:3441} INFO - Setting next_dagrun for ny_taxi_zones_dag_v3 to None, run_after=None
[2023-01-27T05:25:27.684+0000] {processor.py:175} INFO - Processing /opt/airflow/dags/data_ingestion_gcs_dag_v1_zones.py took 0.660 seconds
[2023-01-27T05:25:58.041+0000] {processor.py:153} INFO - Started process (PID=778) to work on /opt/airflow/dags/data_ingestion_gcs_dag_v1_zones.py
[2023-01-27T05:25:58.042+0000] {processor.py:743} INFO - Processing file /opt/airflow/dags/data_ingestion_gcs_dag_v1_zones.py for tasks to queue
[2023-01-27T05:25:58.042+0000] {logging_mixin.py:137} INFO - [2023-01-27T05:25:58.042+0000] {dagbag.py:538} INFO - Filling up the DagBag from /opt/airflow/dags/data_ingestion_gcs_dag_v1_zones.py
[2023-01-27T05:25:58.640+0000] {logging_mixin.py:137} INFO - [2023-01-27T05:25:58.640+0000] {taskmixin.py:205} WARNING - Dependency <Task(_PythonDecoratedOperator): transform_csv_to_parquet>, upload_to_gcs already registered for DAG: ny_taxi_zones_dag_v3
[2023-01-27T05:25:58.640+0000] {logging_mixin.py:137} INFO - [2023-01-27T05:25:58.640+0000] {taskmixin.py:205} WARNING - Dependency <Task(_PythonDecoratedOperator): upload_to_gcs>, transform_csv_to_parquet already registered for DAG: ny_taxi_zones_dag_v3
[2023-01-27T05:25:58.644+0000] {processor.py:753} INFO - DAG(s) dict_keys(['ny_taxi_zones_dag_v3']) retrieved from /opt/airflow/dags/data_ingestion_gcs_dag_v1_zones.py
[2023-01-27T05:25:58.698+0000] {logging_mixin.py:137} INFO - [2023-01-27T05:25:58.697+0000] {dag.py:2690} INFO - Sync 1 DAGs
[2023-01-27T05:25:58.717+0000] {logging_mixin.py:137} INFO - [2023-01-27T05:25:58.717+0000] {dag.py:3441} INFO - Setting next_dagrun for ny_taxi_zones_dag_v3 to None, run_after=None
[2023-01-27T05:25:58.742+0000] {processor.py:175} INFO - Processing /opt/airflow/dags/data_ingestion_gcs_dag_v1_zones.py took 0.703 seconds
