[2023-01-27T04:57:09.906+0000] {taskinstance.py:1083} INFO - Dependencies all met for <TaskInstance: fhv_taxi_data_dag_v1.download_ytd_dataset_from_web scheduled__2019-08-01T00:00:00+00:00 [queued]>
[2023-01-27T04:57:09.916+0000] {taskinstance.py:1083} INFO - Dependencies all met for <TaskInstance: fhv_taxi_data_dag_v1.download_ytd_dataset_from_web scheduled__2019-08-01T00:00:00+00:00 [queued]>
[2023-01-27T04:57:09.917+0000] {taskinstance.py:1279} INFO - 
--------------------------------------------------------------------------------
[2023-01-27T04:57:09.917+0000] {taskinstance.py:1280} INFO - Starting attempt 1 of 1
[2023-01-27T04:57:09.917+0000] {taskinstance.py:1281} INFO - 
--------------------------------------------------------------------------------
[2023-01-27T04:57:09.932+0000] {taskinstance.py:1300} INFO - Executing <Task(BashOperator): download_ytd_dataset_from_web> on 2019-08-01 00:00:00+00:00
[2023-01-27T04:57:09.938+0000] {standard_task_runner.py:55} INFO - Started process 6542 to run task
[2023-01-27T04:57:09.940+0000] {standard_task_runner.py:82} INFO - Running: ['***', 'tasks', 'run', 'fhv_taxi_data_dag_v1', 'download_ytd_dataset_from_web', 'scheduled__2019-08-01T00:00:00+00:00', '--job-id', '5697', '--raw', '--subdir', 'DAGS_FOLDER/data_ingestion_gcs_dag_v1_fhv.py', '--cfg-path', '/tmp/tmpigmfpvrq']
[2023-01-27T04:57:09.942+0000] {standard_task_runner.py:83} INFO - Job 5697: Subtask download_ytd_dataset_from_web
[2023-01-27T04:57:09.996+0000] {task_command.py:388} INFO - Running <TaskInstance: fhv_taxi_data_dag_v1.download_ytd_dataset_from_web scheduled__2019-08-01T00:00:00+00:00 [running]> on host 8bc22b99c76b
[2023-01-27T04:57:10.096+0000] {taskinstance.py:1509} INFO - Exporting the following env vars:
AIRFLOW_CTX_DAG_OWNER=***
AIRFLOW_CTX_DAG_ID=fhv_taxi_data_dag_v1
AIRFLOW_CTX_TASK_ID=download_ytd_dataset_from_web
AIRFLOW_CTX_EXECUTION_DATE=2019-08-01T00:00:00+00:00
AIRFLOW_CTX_TRY_NUMBER=1
AIRFLOW_CTX_DAG_RUN_ID=scheduled__2019-08-01T00:00:00+00:00
[2023-01-27T04:57:10.097+0000] {subprocess.py:63} INFO - Tmp dir root location: 
 /tmp
[2023-01-27T04:57:10.097+0000] {subprocess.py:75} INFO - Running command: ['/bin/bash', '-c', 'wget https://github.com/DataTalksClub/nyc-tlc-data/releases/download/fhv/fhv_tripdata_2019-08.csv.gz -O /opt/***/fhv_tripdata_2019-08.csv.gz']
[2023-01-27T04:57:10.110+0000] {subprocess.py:86} INFO - Output:
[2023-01-27T04:57:10.114+0000] {subprocess.py:93} INFO - --2023-01-27 04:57:10--  https://github.com/DataTalksClub/nyc-tlc-data/releases/download/fhv/fhv_tripdata_2019-08.csv.gz
[2023-01-27T04:57:10.127+0000] {subprocess.py:93} INFO - Resolving github.com (github.com)... 140.82.121.4
[2023-01-27T04:57:10.139+0000] {subprocess.py:93} INFO - Connecting to github.com (github.com)|140.82.121.4|:443... connected.
[2023-01-27T04:57:10.394+0000] {subprocess.py:93} INFO - HTTP request sent, awaiting response... 302 Found
[2023-01-27T04:57:10.394+0000] {subprocess.py:93} INFO - Location: https://objects.githubusercontent.com/github-production-release-asset-2e65be/513814948/bb8dcee5-63db-4488-8622-23bdf274fbe0?X-Amz-Algorithm=AWS4-HMAC-SHA256&X-Amz-Credential=AKIAIWNJYAX4CSVEH53A%2F20230127%2Fus-east-1%2Fs3%2Faws4_request&X-Amz-Date=20230127T045542Z&X-Amz-Expires=300&X-Amz-Signature=0e19484e7c6d4ec7c7072658a6102249d95b1f8ef203d0df326b9622050bf91b&X-Amz-SignedHeaders=host&actor_id=0&key_id=0&repo_id=513814948&response-content-disposition=attachment%3B%20filename%3Dfhv_tripdata_2019-08.csv.gz&response-content-type=application%2Foctet-stream [following]
[2023-01-27T04:57:10.394+0000] {subprocess.py:93} INFO - --2023-01-27 04:57:10--  https://objects.githubusercontent.com/github-production-release-asset-2e65be/513814948/bb8dcee5-63db-4488-8622-23bdf274fbe0?X-Amz-Algorithm=AWS4-HMAC-SHA256&X-Amz-Credential=AKIAIWNJYAX4CSVEH53A%2F20230127%2Fus-east-1%2Fs3%2Faws4_request&X-Amz-Date=20230127T045542Z&X-Amz-Expires=300&X-Amz-Signature=0e19484e7c6d4ec7c7072658a6102249d95b1f8ef203d0df326b9622050bf91b&X-Amz-SignedHeaders=host&actor_id=0&key_id=0&repo_id=513814948&response-content-disposition=attachment%3B%20filename%3Dfhv_tripdata_2019-08.csv.gz&response-content-type=application%2Foctet-stream
[2023-01-27T04:57:10.399+0000] {subprocess.py:93} INFO - Resolving objects.githubusercontent.com (objects.githubusercontent.com)... 185.199.109.133, 185.199.108.133, 185.199.110.133, ...
[2023-01-27T04:57:10.409+0000] {subprocess.py:93} INFO - Connecting to objects.githubusercontent.com (objects.githubusercontent.com)|185.199.109.133|:443... connected.
[2023-01-27T04:57:10.755+0000] {subprocess.py:93} INFO - HTTP request sent, awaiting response... 200 OK
[2023-01-27T04:57:10.755+0000] {subprocess.py:93} INFO - Length: 17544648 (17M) [application/octet-stream]
[2023-01-27T04:57:10.755+0000] {subprocess.py:93} INFO - Saving to: ‘/opt/***/fhv_tripdata_2019-08.csv.gz’
[2023-01-27T04:57:10.755+0000] {subprocess.py:93} INFO - 
[2023-01-27T04:57:10.789+0000] {subprocess.py:93} INFO -      0K .......... .......... .......... .......... ..........  0% 1.44M 12s
[2023-01-27T04:57:10.842+0000] {subprocess.py:93} INFO -     50K .......... .......... .......... .......... ..........  0%  944K 15s
[2023-01-27T04:57:10.885+0000] {subprocess.py:93} INFO -    100K .......... .......... .......... .......... ..........  0% 1.12M 15s
[2023-01-27T04:57:10.936+0000] {subprocess.py:93} INFO -    150K .......... .......... .......... .......... ..........  1%  987K 15s
[2023-01-27T04:57:10.983+0000] {subprocess.py:93} INFO -    200K .......... .......... .......... .......... ..........  1% 1.03M 15s
[2023-01-27T04:57:11.029+0000] {subprocess.py:93} INFO -    250K .......... .......... .......... .......... ..........  1% 1.06M 15s
[2023-01-27T04:57:11.065+0000] {subprocess.py:93} INFO -    300K .......... .......... .......... .......... ..........  2% 1.37M 15s
[2023-01-27T04:57:11.133+0000] {subprocess.py:93} INFO -    350K .......... .......... .......... .......... ..........  2%  737K 16s
[2023-01-27T04:57:11.164+0000] {subprocess.py:93} INFO -    400K .......... .......... .......... .......... ..........  2% 1.55M 15s
[2023-01-27T04:57:11.218+0000] {subprocess.py:93} INFO -    450K .......... .......... .......... .......... ..........  2%  939K 15s
[2023-01-27T04:57:11.251+0000] {subprocess.py:93} INFO -    500K .......... .......... .......... .......... ..........  3% 1.46M 15s
[2023-01-27T04:57:11.337+0000] {subprocess.py:93} INFO -    550K .......... .......... .......... .......... ..........  3%  583K 16s
[2023-01-27T04:57:11.348+0000] {subprocess.py:93} INFO -    600K .......... .......... .......... .......... ..........  3% 4.24M 15s
[2023-01-27T04:57:11.403+0000] {subprocess.py:93} INFO -    650K .......... .......... .......... .......... ..........  4%  906K 15s
[2023-01-27T04:57:11.488+0000] {subprocess.py:93} INFO -    700K .......... .......... .......... .......... ..........  4%  593K 16s
[2023-01-27T04:57:11.531+0000] {subprocess.py:93} INFO -    750K .......... .......... .......... .......... ..........  4% 1.14M 16s
[2023-01-27T04:57:11.560+0000] {subprocess.py:93} INFO -    800K .......... .......... .......... .......... ..........  4% 1.67M 15s
[2023-01-27T04:57:11.593+0000] {subprocess.py:93} INFO -    850K .......... .......... .......... .......... ..........  5% 1.72M 15s
[2023-01-27T04:57:11.611+0000] {subprocess.py:93} INFO -    900K .......... .......... .......... .......... ..........  5% 2.81M 14s
[2023-01-27T04:57:11.638+0000] {subprocess.py:93} INFO -    950K .......... .......... .......... .......... ..........  5% 1.49M 14s
[2023-01-27T04:57:11.652+0000] {subprocess.py:93} INFO -   1000K .......... .......... .......... .......... ..........  6% 3.65M 14s
[2023-01-27T04:57:11.681+0000] {subprocess.py:93} INFO -   1050K .......... .......... .......... .......... ..........  6% 1.69M 13s
[2023-01-27T04:57:11.705+0000] {subprocess.py:93} INFO -   1100K .......... .......... .......... .......... ..........  6% 2.04M 13s
[2023-01-27T04:57:11.773+0000] {subprocess.py:93} INFO -   1150K .......... .......... .......... .......... ..........  7%  733K 14s
[2023-01-27T04:57:11.854+0000] {subprocess.py:93} INFO -   1200K .......... .......... .......... .......... ..........  7%  618K 14s
[2023-01-27T04:57:11.923+0000] {subprocess.py:93} INFO -   1250K .......... .......... .......... .......... ..........  7%  721K 14s
[2023-01-27T04:57:11.998+0000] {subprocess.py:93} INFO -   1300K .......... .......... .......... .......... ..........  7%  662K 15s
[2023-01-27T04:57:12.068+0000] {subprocess.py:93} INFO -   1350K .......... .......... .......... .......... ..........  8%  723K 15s
[2023-01-27T04:57:12.148+0000] {subprocess.py:93} INFO -   1400K .......... .......... .......... .......... ..........  8%  623K 15s
[2023-01-27T04:57:12.218+0000] {subprocess.py:93} INFO -   1450K .......... .......... .......... .......... ..........  8%  710K 15s
[2023-01-27T04:57:12.297+0000] {subprocess.py:93} INFO -   1500K .......... .......... .......... .......... ..........  9%  633K 16s
[2023-01-27T04:57:12.401+0000] {subprocess.py:93} INFO -   1550K .......... .......... .......... .......... ..........  9%  480K 16s
[2023-01-27T04:57:12.479+0000] {subprocess.py:93} INFO -   1600K .......... .......... .......... .......... ..........  9%  643K 16s
[2023-01-27T04:57:12.553+0000] {subprocess.py:93} INFO -   1650K .......... .......... .......... .......... ..........  9%  675K 16s
[2023-01-27T04:57:12.640+0000] {subprocess.py:93} INFO -   1700K .......... .......... .......... .......... .......... 10%  574K 17s
[2023-01-27T04:57:12.716+0000] {subprocess.py:93} INFO -   1750K .......... .......... .......... .......... .......... 10%  661K 17s
[2023-01-27T04:57:12.798+0000] {subprocess.py:93} INFO -   1800K .......... .......... .......... .......... .......... 10%  606K 17s
[2023-01-27T04:57:12.862+0000] {subprocess.py:93} INFO -   1850K .......... .......... .......... .......... .......... 11%  793K 17s
[2023-01-27T04:57:12.935+0000] {subprocess.py:93} INFO -   1900K .......... .......... .......... .......... .......... 11%  684K 17s
[2023-01-27T04:57:13.028+0000] {subprocess.py:93} INFO -   1950K .......... .......... .......... .......... .......... 11%  536K 17s
[2023-01-27T04:57:13.096+0000] {subprocess.py:93} INFO -   2000K .......... .......... .......... .......... .......... 11%  732K 17s
[2023-01-27T04:57:13.165+0000] {subprocess.py:93} INFO -   2050K .......... .......... .......... .......... .......... 12%  727K 17s
[2023-01-27T04:57:13.241+0000] {subprocess.py:93} INFO -   2100K .......... .......... .......... .......... .......... 12%  663K 17s
[2023-01-27T04:57:13.309+0000] {subprocess.py:93} INFO -   2150K .......... .......... .......... .......... .......... 12%  734K 17s
[2023-01-27T04:57:13.382+0000] {subprocess.py:93} INFO -   2200K .......... .......... .......... .......... .......... 13%  686K 17s
[2023-01-27T04:57:13.447+0000] {subprocess.py:93} INFO -   2250K .......... .......... .......... .......... .......... 13%  758K 17s
[2023-01-27T04:57:13.523+0000] {subprocess.py:93} INFO -   2300K .......... .......... .......... .......... .......... 13%  665K 17s
[2023-01-27T04:57:13.624+0000] {subprocess.py:93} INFO -   2350K .......... .......... .......... .......... .......... 14%  495K 18s
[2023-01-27T04:57:13.698+0000] {subprocess.py:93} INFO -   2400K .......... .......... .......... .......... .......... 14%  672K 18s
[2023-01-27T04:57:13.764+0000] {subprocess.py:93} INFO -   2450K .......... .......... .......... .......... .......... 14%  753K 18s
[2023-01-27T04:57:13.781+0000] {subprocess.py:93} INFO -   2500K .......... .......... .......... .......... .......... 14% 3.04M 17s
[2023-01-27T04:57:13.802+0000] {subprocess.py:93} INFO -   2550K .......... .......... .......... .......... .......... 15% 2.29M 17s
[2023-01-27T04:57:13.822+0000] {subprocess.py:93} INFO -   2600K .......... .......... .......... .......... .......... 15% 2.43M 17s
[2023-01-27T04:57:13.892+0000] {subprocess.py:93} INFO -   2650K .......... .......... .......... .......... .......... 15%  717K 17s
[2023-01-27T04:57:13.916+0000] {subprocess.py:93} INFO -   2700K .......... .......... .......... .......... .......... 16% 2.04M 17s
[2023-01-27T04:57:14.015+0000] {subprocess.py:93} INFO -   2750K .......... .......... .......... .......... .......... 16%  502K 17s
[2023-01-27T04:57:14.071+0000] {subprocess.py:93} INFO -   2800K .......... .......... .......... .......... .......... 16%  890K 17s
[2023-01-27T04:57:14.137+0000] {subprocess.py:93} INFO -   2850K .......... .......... .......... .......... .......... 16%  759K 17s
[2023-01-27T04:57:14.174+0000] {subprocess.py:93} INFO -   2900K .......... .......... .......... .......... .......... 17% 1.32M 16s
[2023-01-27T04:57:14.252+0000] {subprocess.py:93} INFO -   2950K .......... .......... .......... .......... .......... 17%  646K 16s
[2023-01-27T04:57:14.309+0000] {subprocess.py:93} INFO -   3000K .......... .......... .......... .......... .......... 17%  866K 16s
[2023-01-27T04:57:14.378+0000] {subprocess.py:93} INFO -   3050K .......... .......... .......... .......... .......... 18%  734K 16s
[2023-01-27T04:57:14.433+0000] {subprocess.py:93} INFO -   3100K .......... .......... .......... .......... .......... 18%  908K 16s
[2023-01-27T04:57:14.493+0000] {subprocess.py:93} INFO -   3150K .......... .......... .......... .......... .......... 18%  830K 16s
[2023-01-27T04:57:14.584+0000] {subprocess.py:93} INFO -   3200K .......... .......... .......... .......... .......... 18%  548K 16s
[2023-01-27T04:57:14.621+0000] {subprocess.py:93} INFO -   3250K .......... .......... .......... .......... .......... 19% 1.31M 16s
[2023-01-27T04:57:14.680+0000] {subprocess.py:93} INFO -   3300K .......... .......... .......... .......... .......... 19%  851K 16s
[2023-01-27T04:57:14.720+0000] {subprocess.py:93} INFO -   3350K .......... .......... .......... .......... .......... 19% 1.22M 16s
[2023-01-27T04:57:14.783+0000] {subprocess.py:93} INFO -   3400K .......... .......... .......... .......... .......... 20%  799K 16s
[2023-01-27T04:57:14.949+0000] {subprocess.py:93} INFO -   3450K .......... .......... .......... .......... .......... 20%  301K 16s
[2023-01-27T04:57:15.056+0000] {subprocess.py:93} INFO -   3500K .......... .......... .......... .......... .......... 20%  469K 16s
[2023-01-27T04:57:15.146+0000] {subprocess.py:93} INFO -   3550K .......... .......... .......... .......... .......... 21%  552K 17s
[2023-01-27T04:57:15.260+0000] {subprocess.py:93} INFO -   3600K .......... .......... .......... .......... .......... 21%  438K 17s
[2023-01-27T04:57:15.333+0000] {subprocess.py:93} INFO -   3650K .......... .......... .......... .......... .......... 21%  692K 17s
[2023-01-27T04:57:15.393+0000] {subprocess.py:93} INFO -   3700K .......... .......... .......... .......... .......... 21%  834K 17s
[2023-01-27T04:57:15.470+0000] {subprocess.py:93} INFO -   3750K .......... .......... .......... .......... .......... 22%  647K 17s
[2023-01-27T04:57:15.556+0000] {subprocess.py:93} INFO -   3800K .......... .......... .......... .......... .......... 22%  580K 17s
[2023-01-27T04:57:15.606+0000] {subprocess.py:93} INFO -   3850K .......... .......... .......... .......... .......... 22%  990K 16s
[2023-01-27T04:57:15.711+0000] {subprocess.py:93} INFO -   3900K .......... .......... .......... .......... .......... 23%  479K 17s
[2023-01-27T04:57:15.785+0000] {subprocess.py:93} INFO -   3950K .......... .......... .......... .......... .......... 23%  676K 17s
[2023-01-27T04:57:15.824+0000] {subprocess.py:93} INFO -   4000K .......... .......... .......... .......... .......... 23% 1.25M 16s
[2023-01-27T04:57:15.879+0000] {subprocess.py:93} INFO -   4050K .......... .......... .......... .......... .......... 23%  915K 16s
[2023-01-27T04:57:15.950+0000] {subprocess.py:93} INFO -   4100K .......... .......... .......... .......... .......... 24%  697K 16s
[2023-01-27T04:57:16.044+0000] {subprocess.py:93} INFO -   4150K .......... .......... .......... .......... .......... 24%  533K 16s
[2023-01-27T04:57:16.163+0000] {subprocess.py:93} INFO -   4200K .......... .......... .......... .......... .......... 24%  423K 16s
[2023-01-27T04:57:16.251+0000] {subprocess.py:93} INFO -   4250K .......... .......... .......... .......... .......... 25%  568K 16s
[2023-01-27T04:57:16.344+0000] {subprocess.py:93} INFO -   4300K .......... .......... .......... .......... .......... 25%  533K 16s
[2023-01-27T04:57:16.518+0000] {subprocess.py:93} INFO -   4350K .......... .......... .......... .......... .......... 25%  373K 17s
[2023-01-27T04:57:16.619+0000] {subprocess.py:93} INFO -   4400K .......... .......... .......... .......... .......... 25%  356K 17s
[2023-01-27T04:57:16.715+0000] {subprocess.py:93} INFO -   4450K .......... .......... .......... .......... .......... 26%  519K 17s
[2023-01-27T04:57:16.836+0000] {subprocess.py:93} INFO -   4500K .......... .......... .......... .......... .......... 26%  413K 17s
[2023-01-27T04:57:16.917+0000] {subprocess.py:93} INFO -   4550K .......... .......... .......... .......... .......... 26%  623K 17s
[2023-01-27T04:57:17.006+0000] {subprocess.py:93} INFO -   4600K .......... .......... .......... .......... .......... 27%  558K 17s
[2023-01-27T04:57:17.125+0000] {subprocess.py:93} INFO -   4650K .......... .......... .......... .......... .......... 27%  421K 17s
[2023-01-27T04:57:17.212+0000] {subprocess.py:93} INFO -   4700K .......... .......... .......... .......... .......... 27%  571K 17s
[2023-01-27T04:57:17.352+0000] {subprocess.py:93} INFO -   4750K .......... .......... .......... .......... .......... 28%  409K 17s
[2023-01-27T04:57:17.440+0000] {subprocess.py:93} INFO -   4800K .......... .......... .......... .......... .......... 28%  473K 17s
[2023-01-27T04:57:17.591+0000] {subprocess.py:93} INFO -   4850K .......... .......... .......... .......... .......... 28%  331K 17s
[2023-01-27T04:57:17.710+0000] {subprocess.py:93} INFO -   4900K .......... .......... .......... .......... .......... 28%  423K 17s
[2023-01-27T04:57:17.834+0000] {subprocess.py:93} INFO -   4950K .......... .......... .......... .......... .......... 29%  400K 17s
[2023-01-27T04:57:17.949+0000] {subprocess.py:93} INFO -   5000K .......... .......... .......... .......... .......... 29%  436K 17s
[2023-01-27T04:57:18.043+0000] {subprocess.py:93} INFO -   5050K .......... .......... .......... .......... .......... 29%  534K 17s
[2023-01-27T04:57:18.199+0000] {subprocess.py:93} INFO -   5100K .......... .......... .......... .......... .......... 30%  320K 17s
[2023-01-27T04:57:18.301+0000] {subprocess.py:93} INFO -   5150K .......... .......... .......... .......... .......... 30%  758K 17s
[2023-01-27T04:57:18.391+0000] {subprocess.py:93} INFO -   5200K .......... .......... .......... .......... .......... 30%  397K 17s
[2023-01-27T04:57:18.477+0000] {subprocess.py:93} INFO -   5250K .......... .......... .......... .......... .......... 30%  580K 17s
[2023-01-27T04:57:18.564+0000] {subprocess.py:93} INFO -   5300K .......... .......... .......... .......... .......... 31%  579K 17s
[2023-01-27T04:57:18.657+0000] {subprocess.py:93} INFO -   5350K .......... .......... .......... .......... .......... 31%  536K 17s
[2023-01-27T04:57:18.765+0000] {subprocess.py:93} INFO -   5400K .......... .......... .......... .......... .......... 31%  462K 17s
[2023-01-27T04:57:18.843+0000] {subprocess.py:93} INFO -   5450K .......... .......... .......... .......... .......... 32%  638K 17s
[2023-01-27T04:57:18.921+0000] {subprocess.py:93} INFO -   5500K .......... .......... .......... .......... .......... 32%  644K 17s
[2023-01-27T04:57:19.037+0000] {subprocess.py:93} INFO -   5550K .......... .......... .......... .......... .......... 32%  531K 17s
[2023-01-27T04:57:19.134+0000] {subprocess.py:93} INFO -   5600K .......... .......... .......... .......... .......... 32%  423K 17s
[2023-01-27T04:57:19.201+0000] {subprocess.py:93} INFO -   5650K .......... .......... .......... .......... .......... 33%  745K 17s
[2023-01-27T04:57:19.292+0000] {subprocess.py:93} INFO -   5700K .......... .......... .......... .......... .......... 33%  546K 17s
[2023-01-27T04:57:19.450+0000] {subprocess.py:93} INFO -   5750K .......... .......... .......... .......... .......... 33%  317K 17s
[2023-01-27T04:57:19.517+0000] {subprocess.py:93} INFO -   5800K .......... .......... .......... .......... .......... 34%  744K 17s
[2023-01-27T04:57:19.588+0000] {subprocess.py:93} INFO -   5850K .......... .......... .......... .......... .......... 34%  710K 17s
[2023-01-27T04:57:19.684+0000] {subprocess.py:93} INFO -   5900K .......... .......... .......... .......... .......... 34%  519K 17s
[2023-01-27T04:57:19.799+0000] {subprocess.py:93} INFO -   5950K .......... .......... .......... .......... .......... 35%  573K 17s
[2023-01-27T04:57:19.875+0000] {subprocess.py:93} INFO -   6000K .......... .......... .......... .......... .......... 35%  481K 17s
[2023-01-27T04:57:19.960+0000] {subprocess.py:93} INFO -   6050K .......... .......... .......... .......... .......... 35%  590K 17s
[2023-01-27T04:57:20.027+0000] {subprocess.py:93} INFO -   6100K .......... .......... .......... .......... .......... 35%  746K 17s
[2023-01-27T04:57:20.082+0000] {subprocess.py:93} INFO -   6150K .......... .......... .......... .......... .......... 36%  902K 16s
[2023-01-27T04:57:20.146+0000] {subprocess.py:93} INFO -   6200K .......... .......... .......... .......... .......... 36%  786K 16s
[2023-01-27T04:57:20.199+0000] {subprocess.py:93} INFO -   6250K .......... .......... .......... .......... .......... 36%  937K 16s
[2023-01-27T04:57:20.255+0000] {subprocess.py:93} INFO -   6300K .......... .......... .......... .......... .......... 37%  904K 16s
[2023-01-27T04:57:20.317+0000] {subprocess.py:93} INFO -   6350K .......... .......... .......... .......... .......... 37%  896K 16s
[2023-01-27T04:57:20.368+0000] {subprocess.py:93} INFO -   6400K .......... .......... .......... .......... .......... 37%  861K 16s
[2023-01-27T04:57:20.423+0000] {subprocess.py:93} INFO -   6450K .......... .......... .......... .......... .......... 37%  910K 16s
[2023-01-27T04:57:20.468+0000] {subprocess.py:93} INFO -   6500K .......... .......... .......... .......... .......... 38% 1.09M 16s
[2023-01-27T04:57:20.525+0000] {subprocess.py:93} INFO -   6550K .......... .......... .......... .......... .......... 38%  875K 16s
[2023-01-27T04:57:20.584+0000] {subprocess.py:93} INFO -   6600K .......... .......... .......... .......... .......... 38%  846K 15s
[2023-01-27T04:57:20.624+0000] {subprocess.py:93} INFO -   6650K .......... .......... .......... .......... .......... 39% 1.23M 15s
[2023-01-27T04:57:20.675+0000] {subprocess.py:93} INFO -   6700K .......... .......... .......... .......... .......... 39%  990K 15s
[2023-01-27T04:57:20.746+0000] {subprocess.py:93} INFO -   6750K .......... .......... .......... .......... .......... 39%  856K 15s
[2023-01-27T04:57:20.797+0000] {subprocess.py:93} INFO -   6800K .......... .......... .......... .......... .......... 39%  782K 15s
[2023-01-27T04:57:20.849+0000] {subprocess.py:93} INFO -   6850K .......... .......... .......... .......... .......... 40%  957K 15s
[2023-01-27T04:57:20.907+0000] {subprocess.py:93} INFO -   6900K .......... .......... .......... .......... .......... 40%  872K 15s
[2023-01-27T04:57:20.965+0000] {subprocess.py:93} INFO -   6950K .......... .......... .......... .......... .......... 40%  854K 15s
[2023-01-27T04:57:21.025+0000] {subprocess.py:93} INFO -   7000K .......... .......... .......... .......... .......... 41%  832K 15s
[2023-01-27T04:57:21.073+0000] {subprocess.py:93} INFO -   7050K .......... .......... .......... .......... .......... 41% 1.03M 15s
[2023-01-27T04:57:21.126+0000] {subprocess.py:93} INFO -   7100K .......... .......... .......... .......... .......... 41%  937K 14s
[2023-01-27T04:57:21.194+0000] {subprocess.py:93} INFO -   7150K .......... .......... .......... .......... .......... 42% 1024K 14s
[2023-01-27T04:57:21.256+0000] {subprocess.py:93} INFO -   7200K .......... .......... .......... .......... .......... 42%  619K 14s
[2023-01-27T04:57:21.306+0000] {subprocess.py:93} INFO -   7250K .......... .......... .......... .......... .......... 42%  996K 14s
[2023-01-27T04:57:21.362+0000] {subprocess.py:93} INFO -   7300K .......... .......... .......... .......... .......... 42%  900K 14s
[2023-01-27T04:57:21.412+0000] {subprocess.py:93} INFO -   7350K .......... .......... .......... .......... .......... 43%  987K 14s
[2023-01-27T04:57:21.476+0000] {subprocess.py:93} INFO -   7400K .......... .......... .......... .......... .......... 43%  781K 14s
[2023-01-27T04:57:21.520+0000] {subprocess.py:93} INFO -   7450K .......... .......... .......... .......... .......... 43% 1.13M 14s
[2023-01-27T04:57:21.612+0000] {subprocess.py:93} INFO -   7500K .......... .......... .......... .......... .......... 44%  542K 14s
[2023-01-27T04:57:21.669+0000] {subprocess.py:93} INFO -   7550K .......... .......... .......... .......... .......... 44% 1.67M 14s
[2023-01-27T04:57:21.735+0000] {subprocess.py:93} INFO -   7600K .......... .......... .......... .......... .......... 44%  534K 14s
[2023-01-27T04:57:21.779+0000] {subprocess.py:93} INFO -   7650K .......... .......... .......... .......... .......... 44% 1.11M 14s
[2023-01-27T04:57:21.845+0000] {subprocess.py:93} INFO -   7700K .......... .......... .......... .......... .......... 45%  758K 13s
[2023-01-27T04:57:21.899+0000] {subprocess.py:93} INFO -   7750K .......... .......... .......... .......... .......... 45%  916K 13s
[2023-01-27T04:57:21.993+0000] {subprocess.py:93} INFO -   7800K .......... .......... .......... .......... .......... 45%  531K 13s
[2023-01-27T04:57:22.028+0000] {subprocess.py:93} INFO -   7850K .......... .......... .......... .......... .......... 46% 1.43M 13s
[2023-01-27T04:57:22.098+0000] {subprocess.py:93} INFO -   7900K .......... .......... .......... .......... .......... 46%  715K 13s
[2023-01-27T04:57:22.164+0000] {subprocess.py:93} INFO -   7950K .......... .......... .......... .......... .......... 46%  958K 13s
[2023-01-27T04:57:22.220+0000] {subprocess.py:93} INFO -   8000K .......... .......... .......... .......... .......... 46%  718K 13s
[2023-01-27T04:57:22.273+0000] {subprocess.py:93} INFO -   8050K .......... .......... .......... .......... .......... 47%  927K 13s
[2023-01-27T04:57:22.317+0000] {subprocess.py:93} INFO -   8100K .......... .......... .......... .......... .......... 47% 1.12M 13s
[2023-01-27T04:57:22.353+0000] {subprocess.py:93} INFO -   8150K .......... .......... .......... .......... .......... 47% 1.35M 13s
[2023-01-27T04:57:22.391+0000] {subprocess.py:93} INFO -   8200K .......... .......... .......... .......... .......... 48% 1.31M 13s
[2023-01-27T04:57:22.430+0000] {subprocess.py:93} INFO -   8250K .......... .......... .......... .......... .......... 48% 1.25M 12s
[2023-01-27T04:57:22.462+0000] {subprocess.py:93} INFO -   8300K .......... .......... .......... .......... .......... 48% 1.52M 12s
[2023-01-27T04:57:22.496+0000] {subprocess.py:93} INFO -   8350K .......... .......... .......... .......... .......... 49% 1.82M 12s
[2023-01-27T04:57:22.512+0000] {subprocess.py:93} INFO -   8400K .......... .......... .......... .......... .......... 49% 2.11M 12s
[2023-01-27T04:57:22.527+0000] {subprocess.py:93} INFO -   8450K .......... .......... .......... .......... .......... 49% 3.27M 12s
[2023-01-27T04:57:22.564+0000] {subprocess.py:93} INFO -   8500K .......... .......... .......... .......... .......... 49% 1.32M 12s
[2023-01-27T04:57:22.579+0000] {subprocess.py:93} INFO -   8550K .......... .......... .......... .......... .......... 50% 3.25M 12s
[2023-01-27T04:57:22.605+0000] {subprocess.py:93} INFO -   8600K .......... .......... .......... .......... .......... 50% 1.86M 12s
[2023-01-27T04:57:22.632+0000] {subprocess.py:93} INFO -   8650K .......... .......... .......... .......... .......... 50% 1.80M 12s
[2023-01-27T04:57:22.650+0000] {subprocess.py:93} INFO -   8700K .......... .......... .......... .......... .......... 51% 2.81M 11s
[2023-01-27T04:57:22.685+0000] {subprocess.py:93} INFO -   8750K .......... .......... .......... .......... .......... 51% 1.39M 11s
[2023-01-27T04:57:22.702+0000] {subprocess.py:93} INFO -   8800K .......... .......... .......... .......... .......... 51% 2.90M 11s
[2023-01-27T04:57:22.715+0000] {subprocess.py:93} INFO -   8850K .......... .......... .......... .......... .......... 51% 3.79M 11s
[2023-01-27T04:57:22.746+0000] {subprocess.py:93} INFO -   8900K .......... .......... .......... .......... .......... 52% 1.56M 11s
[2023-01-27T04:57:22.763+0000] {subprocess.py:93} INFO -   8950K .......... .......... .......... .......... .......... 52% 2.84M 11s
[2023-01-27T04:57:22.810+0000] {subprocess.py:93} INFO -   9000K .......... .......... .......... .......... .......... 52% 1.05M 11s
[2023-01-27T04:57:22.852+0000] {subprocess.py:93} INFO -   9050K .......... .......... .......... .......... .......... 53% 1.15M 11s
[2023-01-27T04:57:22.917+0000] {subprocess.py:93} INFO -   9100K .......... .......... .......... .......... .......... 53%  776K 11s
[2023-01-27T04:57:22.954+0000] {subprocess.py:93} INFO -   9150K .......... .......... .......... .......... .......... 53% 1.31M 11s
[2023-01-27T04:57:23.015+0000] {subprocess.py:93} INFO -   9200K .......... .......... .......... .......... .......... 53%  817K 10s
[2023-01-27T04:57:23.058+0000] {subprocess.py:93} INFO -   9250K .......... .......... .......... .......... .......... 54% 1.14M 10s
[2023-01-27T04:57:23.139+0000] {subprocess.py:93} INFO -   9300K .......... .......... .......... .......... .......... 54%  796K 10s
[2023-01-27T04:57:23.211+0000] {subprocess.py:93} INFO -   9350K .......... .......... .......... .......... .......... 54%  552K 10s
[2023-01-27T04:57:23.261+0000] {subprocess.py:93} INFO -   9400K .......... .......... .......... .......... .......... 55% 1009K 10s
[2023-01-27T04:57:23.372+0000] {subprocess.py:93} INFO -   9450K .......... .......... .......... .......... .......... 55%  450K 10s
[2023-01-27T04:57:23.438+0000] {subprocess.py:93} INFO -   9500K .......... .......... .......... .......... .......... 55%  760K 10s
[2023-01-27T04:57:23.582+0000] {subprocess.py:93} INFO -   9550K .......... .......... .......... .......... .......... 56%  345K 10s
[2023-01-27T04:57:23.635+0000] {subprocess.py:93} INFO -   9600K .......... .......... .......... .......... .......... 56%  946K 10s
[2023-01-27T04:57:23.694+0000] {subprocess.py:93} INFO -   9650K .......... .......... .......... .......... .......... 56%  850K 10s
[2023-01-27T04:57:23.781+0000] {subprocess.py:93} INFO -   9700K .......... .......... .......... .......... .......... 56%  577K 10s
[2023-01-27T04:57:23.835+0000] {subprocess.py:93} INFO -   9750K .......... .......... .......... .......... .......... 57%  920K 10s
[2023-01-27T04:57:23.903+0000] {subprocess.py:93} INFO -   9800K .......... .......... .......... .......... .......... 57% 1.19M 10s
[2023-01-27T04:57:23.951+0000] {subprocess.py:93} INFO -   9850K .......... .......... .......... .......... .......... 57%  666K 10s
[2023-01-27T04:57:23.998+0000] {subprocess.py:93} INFO -   9900K .......... .......... .......... .......... .......... 58% 1.04M 10s
[2023-01-27T04:57:24.048+0000] {subprocess.py:93} INFO -   9950K .......... .......... .......... .......... .......... 58% 1013K 9s
[2023-01-27T04:57:24.094+0000] {subprocess.py:93} INFO -  10000K .......... .......... .......... .......... .......... 58% 1.06M 9s
[2023-01-27T04:57:24.145+0000] {subprocess.py:93} INFO -  10050K .......... .......... .......... .......... .......... 58% 1.28M 9s
[2023-01-27T04:57:24.187+0000] {subprocess.py:93} INFO -  10100K .......... .......... .......... .......... .......... 59%  919K 9s
[2023-01-27T04:57:24.226+0000] {subprocess.py:93} INFO -  10150K .......... .......... .......... .......... .......... 59% 1.25M 9s
[2023-01-27T04:57:24.258+0000] {subprocess.py:93} INFO -  10200K .......... .......... .......... .......... .......... 59% 1.53M 9s
[2023-01-27T04:57:24.299+0000] {subprocess.py:93} INFO -  10250K .......... .......... .......... .......... .......... 60% 1.19M 9s
[2023-01-27T04:57:24.323+0000] {subprocess.py:93} INFO -  10300K .......... .......... .......... .......... .......... 60% 2.01M 9s
[2023-01-27T04:57:24.374+0000] {subprocess.py:93} INFO -  10350K .......... .......... .......... .......... .......... 60%  989K 9s
[2023-01-27T04:57:24.399+0000] {subprocess.py:93} INFO -  10400K .......... .......... .......... .......... .......... 60% 1.92M 9s
[2023-01-27T04:57:24.415+0000] {subprocess.py:93} INFO -  10450K .......... .......... .......... .......... .......... 61% 3.08M 9s
[2023-01-27T04:57:24.431+0000] {subprocess.py:93} INFO -  10500K .......... .......... .......... .......... .......... 61% 2.96M 9s
[2023-01-27T04:57:24.442+0000] {subprocess.py:93} INFO -  10550K .......... .......... .......... .......... .......... 61% 4.67M 8s
[2023-01-27T04:57:24.455+0000] {subprocess.py:93} INFO -  10600K .......... .......... .......... .......... .......... 62% 3.67M 8s
[2023-01-27T04:57:24.465+0000] {subprocess.py:93} INFO -  10650K .......... .......... .......... .......... .......... 62% 4.88M 8s
[2023-01-27T04:57:24.478+0000] {subprocess.py:93} INFO -  10700K .......... .......... .......... .......... .......... 62% 4.65M 8s
[2023-01-27T04:57:24.489+0000] {subprocess.py:93} INFO -  10750K .......... .......... .......... .......... .......... 63% 3.81M 8s
[2023-01-27T04:57:24.499+0000] {subprocess.py:93} INFO -  10800K .......... .......... .......... .......... .......... 63% 4.88M 8s
[2023-01-27T04:57:24.507+0000] {subprocess.py:93} INFO -  10850K .......... .......... .......... .......... .......... 63% 5.79M 8s
[2023-01-27T04:57:24.518+0000] {subprocess.py:93} INFO -  10900K .......... .......... .......... .......... .......... 63% 4.50M 8s
[2023-01-27T04:57:24.528+0000] {subprocess.py:93} INFO -  10950K .......... .......... .......... .......... .......... 64% 4.71M 8s
[2023-01-27T04:57:24.537+0000] {subprocess.py:93} INFO -  11000K .......... .......... .......... .......... .......... 64% 5.42M 8s
[2023-01-27T04:57:24.546+0000] {subprocess.py:93} INFO -  11050K .......... .......... .......... .......... .......... 64% 6.37M 7s
[2023-01-27T04:57:24.557+0000] {subprocess.py:93} INFO -  11100K .......... .......... .......... .......... .......... 65% 4.78M 7s
[2023-01-27T04:57:24.565+0000] {subprocess.py:93} INFO -  11150K .......... .......... .......... .......... .......... 65% 5.13M 7s
[2023-01-27T04:57:24.573+0000] {subprocess.py:93} INFO -  11200K .......... .......... .......... .......... .......... 65% 5.67M 7s
[2023-01-27T04:57:24.584+0000] {subprocess.py:93} INFO -  11250K .......... .......... .......... .......... .......... 65% 4.65M 7s
[2023-01-27T04:57:24.594+0000] {subprocess.py:93} INFO -  11300K .......... .......... .......... .......... .......... 66% 7.31M 7s
[2023-01-27T04:57:24.604+0000] {subprocess.py:93} INFO -  11350K .......... .......... .......... .......... .......... 66% 3.71M 7s
[2023-01-27T04:57:24.611+0000] {subprocess.py:93} INFO -  11400K .......... .......... .......... .......... .......... 66% 6.89M 7s
[2023-01-27T04:57:24.619+0000] {subprocess.py:93} INFO -  11450K .......... .......... .......... .......... .......... 67% 5.64M 7s
[2023-01-27T04:57:24.628+0000] {subprocess.py:93} INFO -  11500K .......... .......... .......... .......... .......... 67% 5.84M 7s
[2023-01-27T04:57:24.639+0000] {subprocess.py:93} INFO -  11550K .......... .......... .......... .......... .......... 67% 4.30M 7s
[2023-01-27T04:57:24.646+0000] {subprocess.py:93} INFO -  11600K .......... .......... .......... .......... .......... 67% 6.97M 7s
[2023-01-27T04:57:24.655+0000] {subprocess.py:93} INFO -  11650K .......... .......... .......... .......... .......... 68% 5.20M 6s
[2023-01-27T04:57:24.661+0000] {subprocess.py:93} INFO -  11700K .......... .......... .......... .......... .......... 68% 8.80M 6s
[2023-01-27T04:57:24.685+0000] {subprocess.py:93} INFO -  11750K .......... .......... .......... .......... .......... 68% 2.02M 6s
[2023-01-27T04:57:24.696+0000] {subprocess.py:93} INFO -  11800K .......... .......... .......... .......... .......... 69%  324M 6s
[2023-01-27T04:57:24.701+0000] {subprocess.py:93} INFO -  11850K .......... .......... .......... .......... .......... 69% 3.12M 6s
[2023-01-27T04:57:24.710+0000] {subprocess.py:93} INFO -  11900K .......... .......... .......... .......... .......... 69% 5.43M 6s
[2023-01-27T04:57:24.718+0000] {subprocess.py:93} INFO -  11950K .......... .......... .......... .......... .......... 70% 5.70M 6s
[2023-01-27T04:57:24.727+0000] {subprocess.py:93} INFO -  12000K .......... .......... .......... .......... .......... 70% 5.54M 6s
[2023-01-27T04:57:24.738+0000] {subprocess.py:93} INFO -  12050K .......... .......... .......... .......... .......... 70% 9.90M 6s
[2023-01-27T04:57:24.745+0000] {subprocess.py:93} INFO -  12100K .......... .......... .......... .......... .......... 70% 3.88M 6s
[2023-01-27T04:57:24.753+0000] {subprocess.py:93} INFO -  12150K .......... .......... .......... .......... .......... 71% 5.87M 6s
[2023-01-27T04:57:24.765+0000] {subprocess.py:93} INFO -  12200K .......... .......... .......... .......... .......... 71% 4.21M 6s
[2023-01-27T04:57:24.775+0000] {subprocess.py:93} INFO -  12250K .......... .......... .......... .......... .......... 71% 4.81M 6s
[2023-01-27T04:57:24.783+0000] {subprocess.py:93} INFO -  12300K .......... .......... .......... .......... .......... 72% 5.79M 5s
[2023-01-27T04:57:24.796+0000] {subprocess.py:93} INFO -  12350K .......... .......... .......... .......... .......... 72% 3.81M 5s
[2023-01-27T04:57:24.799+0000] {subprocess.py:93} INFO -  12400K .......... .......... .......... .......... .......... 72% 15.1M 5s
[2023-01-27T04:57:24.815+0000] {subprocess.py:93} INFO -  12450K .......... .......... .......... .......... .......... 72% 3.55M 5s
[2023-01-27T04:57:24.833+0000] {subprocess.py:93} INFO -  12500K .......... .......... .......... .......... .......... 73% 2.46M 5s
[2023-01-27T04:57:24.836+0000] {subprocess.py:93} INFO -  12550K .......... .......... .......... .......... .......... 73% 18.2M 5s
[2023-01-27T04:57:24.849+0000] {subprocess.py:93} INFO -  12600K .......... .......... .......... .......... .......... 73% 4.61M 5s
[2023-01-27T04:57:24.859+0000] {subprocess.py:93} INFO -  12650K .......... .......... .......... .......... .......... 74% 6.02M 5s
[2023-01-27T04:57:24.865+0000] {subprocess.py:93} INFO -  12700K .......... .......... .......... .......... .......... 74% 7.15M 5s
[2023-01-27T04:57:24.871+0000] {subprocess.py:93} INFO -  12750K .......... .......... .......... .......... .......... 74% 6.43M 5s
[2023-01-27T04:57:24.877+0000] {subprocess.py:93} INFO -  12800K .......... .......... .......... .......... .......... 74% 6.52M 5s
[2023-01-27T04:57:24.883+0000] {subprocess.py:93} INFO -  12850K .......... .......... .......... .......... .......... 75% 7.84M 5s
[2023-01-27T04:57:24.894+0000] {subprocess.py:93} INFO -  12900K .......... .......... .......... .......... .......... 75% 4.68M 5s
[2023-01-27T04:57:24.901+0000] {subprocess.py:93} INFO -  12950K .......... .......... .......... .......... .......... 75% 6.12M 4s
[2023-01-27T04:57:24.909+0000] {subprocess.py:93} INFO -  13000K .......... .......... .......... .......... .......... 76% 6.30M 4s
[2023-01-27T04:57:24.914+0000] {subprocess.py:93} INFO -  13050K .......... .......... .......... .......... .......... 76% 9.20M 4s
[2023-01-27T04:57:24.926+0000] {subprocess.py:93} INFO -  13100K .......... .......... .......... .......... .......... 76% 4.15M 4s
[2023-01-27T04:57:24.931+0000] {subprocess.py:93} INFO -  13150K .......... .......... .......... .......... .......... 77% 9.99M 4s
[2023-01-27T04:57:24.941+0000] {subprocess.py:93} INFO -  13200K .......... .......... .......... .......... .......... 77% 6.90M 4s
[2023-01-27T04:57:24.946+0000] {subprocess.py:93} INFO -  13250K .......... .......... .......... .......... .......... 77% 5.81M 4s
[2023-01-27T04:57:24.956+0000] {subprocess.py:93} INFO -  13300K .......... .......... .......... .......... .......... 77% 5.05M 4s
[2023-01-27T04:57:24.967+0000] {subprocess.py:93} INFO -  13350K .......... .......... .......... .......... .......... 78% 4.46M 4s
[2023-01-27T04:57:24.975+0000] {subprocess.py:93} INFO -  13400K .......... .......... .......... .......... .......... 78% 6.16M 4s
[2023-01-27T04:57:24.981+0000] {subprocess.py:93} INFO -  13450K .......... .......... .......... .......... .......... 78% 7.13M 4s
[2023-01-27T04:57:24.988+0000] {subprocess.py:93} INFO -  13500K .......... .......... .......... .......... .......... 79% 7.52M 4s
[2023-01-27T04:57:24.996+0000] {subprocess.py:93} INFO -  13550K .......... .......... .......... .......... .......... 79% 6.00M 4s
[2023-01-27T04:57:25.006+0000] {subprocess.py:93} INFO -  13600K .......... .......... .......... .......... .......... 79% 6.29M 4s
[2023-01-27T04:57:25.012+0000] {subprocess.py:93} INFO -  13650K .......... .......... .......... .......... .......... 79% 5.80M 4s
[2023-01-27T04:57:25.021+0000] {subprocess.py:93} INFO -  13700K .......... .......... .......... .......... .......... 80% 5.73M 4s
[2023-01-27T04:57:25.025+0000] {subprocess.py:93} INFO -  13750K .......... .......... .......... .......... .......... 80% 11.6M 3s
[2023-01-27T04:57:25.034+0000] {subprocess.py:93} INFO -  13800K .......... .......... .......... .......... .......... 80% 5.39M 3s
[2023-01-27T04:57:25.039+0000] {subprocess.py:93} INFO -  13850K .......... .......... .......... .......... .......... 81% 9.56M 3s
[2023-01-27T04:57:25.044+0000] {subprocess.py:93} INFO -  13900K .......... .......... .......... .......... .......... 81% 10.1M 3s
[2023-01-27T04:57:25.065+0000] {subprocess.py:93} INFO -  13950K .......... .......... .......... .......... .......... 81% 4.14M 3s
[2023-01-27T04:57:25.066+0000] {subprocess.py:93} INFO -  14000K .......... .......... .......... .......... .......... 82% 5.09M 3s
[2023-01-27T04:57:25.072+0000] {subprocess.py:93} INFO -  14050K .......... .......... .......... .......... .......... 82% 7.77M 3s
[2023-01-27T04:57:25.075+0000] {subprocess.py:93} INFO -  14100K .......... .......... .......... .......... .......... 82% 14.3M 3s
[2023-01-27T04:57:25.082+0000] {subprocess.py:93} INFO -  14150K .......... .......... .......... .......... .......... 82% 7.40M 3s
[2023-01-27T04:57:25.089+0000] {subprocess.py:93} INFO -  14200K .......... .......... .......... .......... .......... 83% 6.94M 3s
[2023-01-27T04:57:25.093+0000] {subprocess.py:93} INFO -  14250K .......... .......... .......... .......... .......... 83% 12.2M 3s
[2023-01-27T04:57:25.102+0000] {subprocess.py:93} INFO -  14300K .......... .......... .......... .......... .......... 83% 5.48M 3s
[2023-01-27T04:57:25.110+0000] {subprocess.py:93} INFO -  14350K .......... .......... .......... .......... .......... 84% 5.66M 3s
[2023-01-27T04:57:25.115+0000] {subprocess.py:93} INFO -  14400K .......... .......... .......... .......... .......... 84% 9.55M 3s
[2023-01-27T04:57:25.121+0000] {subprocess.py:93} INFO -  14450K .......... .......... .......... .......... .......... 84% 8.85M 3s
[2023-01-27T04:57:25.127+0000] {subprocess.py:93} INFO -  14500K .......... .......... .......... .......... .......... 84% 7.85M 3s
[2023-01-27T04:57:25.131+0000] {subprocess.py:93} INFO -  14550K .......... .......... .......... .......... .......... 85% 12.6M 2s
[2023-01-27T04:57:25.136+0000] {subprocess.py:93} INFO -  14600K .......... .......... .......... .......... .......... 85% 8.98M 2s
[2023-01-27T04:57:25.143+0000] {subprocess.py:93} INFO -  14650K .......... .......... .......... .......... .......... 85% 7.25M 2s
[2023-01-27T04:57:25.149+0000] {subprocess.py:93} INFO -  14700K .......... .......... .......... .......... .......... 86% 8.91M 2s
[2023-01-27T04:57:25.154+0000] {subprocess.py:93} INFO -  14750K .......... .......... .......... .......... .......... 86% 9.60M 2s
[2023-01-27T04:57:25.160+0000] {subprocess.py:93} INFO -  14800K .......... .......... .......... .......... .......... 86% 7.61M 2s
[2023-01-27T04:57:25.167+0000] {subprocess.py:93} INFO -  14850K .......... .......... .......... .......... .......... 86% 11.3M 2s
[2023-01-27T04:57:25.173+0000] {subprocess.py:93} INFO -  14900K .......... .......... .......... .......... .......... 87% 5.72M 2s
[2023-01-27T04:57:25.180+0000] {subprocess.py:93} INFO -  14950K .......... .......... .......... .......... .......... 87% 6.87M 2s
[2023-01-27T04:57:25.184+0000] {subprocess.py:93} INFO -  15000K .......... .......... .......... .......... .......... 87% 12.1M 2s
[2023-01-27T04:57:25.190+0000] {subprocess.py:93} INFO -  15050K .......... .......... .......... .......... .......... 88% 8.89M 2s
[2023-01-27T04:57:25.198+0000] {subprocess.py:93} INFO -  15100K .......... .......... .......... .......... .......... 88% 7.42M 2s
[2023-01-27T04:57:25.204+0000] {subprocess.py:93} INFO -  15150K .......... .......... .......... .......... .......... 88% 6.31M 2s
[2023-01-27T04:57:25.207+0000] {subprocess.py:93} INFO -  15200K .......... .......... .......... .......... .......... 89% 17.6M 2s
[2023-01-27T04:57:25.213+0000] {subprocess.py:93} INFO -  15250K .......... .......... .......... .......... .......... 89% 7.96M 2s
[2023-01-27T04:57:25.218+0000] {subprocess.py:93} INFO -  15300K .......... .......... .......... .......... .......... 89% 9.70M 2s
[2023-01-27T04:57:25.226+0000] {subprocess.py:93} INFO -  15350K .......... .......... .......... .......... .......... 89% 7.43M 2s
[2023-01-27T04:57:25.237+0000] {subprocess.py:93} INFO -  15400K .......... .......... .......... .......... .......... 90% 3.86M 2s
[2023-01-27T04:57:25.238+0000] {subprocess.py:93} INFO -  15450K .......... .......... .......... .......... .......... 90% 74.8M 2s
[2023-01-27T04:57:25.249+0000] {subprocess.py:93} INFO -  15500K .......... .......... .......... .......... .......... 90% 4.34M 1s
[2023-01-27T04:57:25.251+0000] {subprocess.py:93} INFO -  15550K .......... .......... .......... .......... .......... 91% 21.7M 1s
[2023-01-27T04:57:25.260+0000] {subprocess.py:93} INFO -  15600K .......... .......... .......... .......... .......... 91% 6.88M 1s
[2023-01-27T04:57:25.265+0000] {subprocess.py:93} INFO -  15650K .......... .......... .......... .......... .......... 91% 6.98M 1s
[2023-01-27T04:57:25.269+0000] {subprocess.py:93} INFO -  15700K .......... .......... .......... .......... .......... 91% 13.5M 1s
[2023-01-27T04:57:25.273+0000] {subprocess.py:93} INFO -  15750K .......... .......... .......... .......... .......... 92% 13.2M 1s
[2023-01-27T04:57:25.279+0000] {subprocess.py:93} INFO -  15800K .......... .......... .......... .......... .......... 92% 7.55M 1s
[2023-01-27T04:57:25.285+0000] {subprocess.py:93} INFO -  15850K .......... .......... .......... .......... .......... 92% 8.89M 1s
[2023-01-27T04:57:25.290+0000] {subprocess.py:93} INFO -  15900K .......... .......... .......... .......... .......... 93% 9.65M 1s
[2023-01-27T04:57:25.296+0000] {subprocess.py:93} INFO -  15950K .......... .......... .......... .......... .......... 93% 7.43M 1s
[2023-01-27T04:57:25.301+0000] {subprocess.py:93} INFO -  16000K .......... .......... .......... .......... .......... 93% 11.1M 1s
[2023-01-27T04:57:25.305+0000] {subprocess.py:93} INFO -  16050K .......... .......... .......... .......... .......... 93% 10.7M 1s
[2023-01-27T04:57:25.311+0000] {subprocess.py:93} INFO -  16100K .......... .......... .......... .......... .......... 94% 8.67M 1s
[2023-01-27T04:57:25.318+0000] {subprocess.py:93} INFO -  16150K .......... .......... .......... .......... .......... 94% 6.93M 1s
[2023-01-27T04:57:25.321+0000] {subprocess.py:93} INFO -  16200K .......... .......... .......... .......... .......... 94% 15.6M 1s
[2023-01-27T04:57:25.328+0000] {subprocess.py:93} INFO -  16250K .......... .......... .......... .......... .......... 95% 7.36M 1s
[2023-01-27T04:57:25.335+0000] {subprocess.py:93} INFO -  16300K .......... .......... .......... .......... .......... 95% 6.50M 1s
[2023-01-27T04:57:25.340+0000] {subprocess.py:93} INFO -  16350K .......... .......... .......... .......... .......... 95% 18.7M 1s
[2023-01-27T04:57:25.348+0000] {subprocess.py:93} INFO -  16400K .......... .......... .......... .......... .......... 96% 5.75M 1s
[2023-01-27T04:57:25.352+0000] {subprocess.py:93} INFO -  16450K .......... .......... .......... .......... .......... 96% 8.12M 1s
[2023-01-27T04:57:25.359+0000] {subprocess.py:93} INFO -  16500K .......... .......... .......... .......... .......... 96% 7.58M 1s
[2023-01-27T04:57:25.362+0000] {subprocess.py:93} INFO -  16550K .......... .......... .......... .......... .......... 96% 16.2M 0s
[2023-01-27T04:57:25.379+0000] {subprocess.py:93} INFO -  16600K .......... .......... .......... .......... .......... 97% 2.87M 0s
[2023-01-27T04:57:25.388+0000] {subprocess.py:93} INFO -  16650K .......... .......... .......... .......... .......... 97% 5.50M 0s
[2023-01-27T04:57:25.407+0000] {subprocess.py:93} INFO -  16700K .......... .......... .......... .......... .......... 97% 2.55M 0s
[2023-01-27T04:57:25.414+0000] {subprocess.py:93} INFO -  16750K .......... .......... .......... .......... .......... 98% 6.89M 0s
[2023-01-27T04:57:25.421+0000] {subprocess.py:93} INFO -  16800K .......... .......... .......... .......... .......... 98% 6.50M 0s
[2023-01-27T04:57:25.444+0000] {subprocess.py:93} INFO -  16850K .......... .......... .......... .......... .......... 98% 2.12M 0s
[2023-01-27T04:57:25.455+0000] {subprocess.py:93} INFO -  16900K .......... .......... .......... .......... .......... 98% 4.68M 0s
[2023-01-27T04:57:25.467+0000] {subprocess.py:93} INFO -  16950K .......... .......... .......... .......... .......... 99% 4.16M 0s
[2023-01-27T04:57:25.485+0000] {subprocess.py:93} INFO -  17000K .......... .......... .......... .......... .......... 99% 2.92M 0s
[2023-01-27T04:57:25.505+0000] {subprocess.py:93} INFO -  17050K .......... .......... .......... .......... .......... 99% 4.05M 0s
[2023-01-27T04:57:25.505+0000] {subprocess.py:93} INFO -  17100K .......... .......... .......... ...                  100% 7.88M=15s
[2023-01-27T04:57:25.505+0000] {subprocess.py:93} INFO - 
[2023-01-27T04:57:25.506+0000] {subprocess.py:93} INFO - 2023-01-27 04:57:25 (1.13 MB/s) - ‘/opt/***/fhv_tripdata_2019-08.csv.gz’ saved [17544648/17544648]
[2023-01-27T04:57:25.506+0000] {subprocess.py:93} INFO - 
[2023-01-27T04:57:25.506+0000] {subprocess.py:97} INFO - Command exited with return code 0
[2023-01-27T04:57:25.612+0000] {taskinstance.py:1323} INFO - Marking task as SUCCESS. dag_id=fhv_taxi_data_dag_v1, task_id=download_ytd_dataset_from_web, execution_date=20190801T000000, start_date=20230127T045709, end_date=20230127T045725
[2023-01-27T04:57:25.917+0000] {local_task_job.py:208} INFO - Task exited with return code 0
[2023-01-27T04:57:25.992+0000] {taskinstance.py:2578} INFO - 1 downstream tasks scheduled from follow-on schedule check
