[2023-01-27T04:57:40.416+0000] {taskinstance.py:1083} INFO - Dependencies all met for <TaskInstance: fhv_taxi_data_dag_v1.upload_to_gcs scheduled__2019-12-01T00:00:00+00:00 [queued]>
[2023-01-27T04:57:40.430+0000] {taskinstance.py:1083} INFO - Dependencies all met for <TaskInstance: fhv_taxi_data_dag_v1.upload_to_gcs scheduled__2019-12-01T00:00:00+00:00 [queued]>
[2023-01-27T04:57:40.430+0000] {taskinstance.py:1279} INFO - 
--------------------------------------------------------------------------------
[2023-01-27T04:57:40.430+0000] {taskinstance.py:1280} INFO - Starting attempt 1 of 1
[2023-01-27T04:57:40.430+0000] {taskinstance.py:1281} INFO - 
--------------------------------------------------------------------------------
[2023-01-27T04:57:40.450+0000] {taskinstance.py:1300} INFO - Executing <Task(_PythonDecoratedOperator): upload_to_gcs> on 2019-12-01 00:00:00+00:00
[2023-01-27T04:57:40.459+0000] {standard_task_runner.py:55} INFO - Started process 7019 to run task
[2023-01-27T04:57:40.461+0000] {standard_task_runner.py:82} INFO - Running: ['***', 'tasks', 'run', 'fhv_taxi_data_dag_v1', 'upload_to_gcs', 'scheduled__2019-12-01T00:00:00+00:00', '--job-id', '5734', '--raw', '--subdir', 'DAGS_FOLDER/data_ingestion_gcs_dag_v1_fhv.py', '--cfg-path', '/tmp/tmpg8qwx5v9']
[2023-01-27T04:57:40.463+0000] {standard_task_runner.py:83} INFO - Job 5734: Subtask upload_to_gcs
[2023-01-27T04:57:40.525+0000] {task_command.py:388} INFO - Running <TaskInstance: fhv_taxi_data_dag_v1.upload_to_gcs scheduled__2019-12-01T00:00:00+00:00 [running]> on host 8bc22b99c76b
[2023-01-27T04:57:40.615+0000] {taskinstance.py:1509} INFO - Exporting the following env vars:
AIRFLOW_CTX_DAG_OWNER=***
AIRFLOW_CTX_DAG_ID=fhv_taxi_data_dag_v1
AIRFLOW_CTX_TASK_ID=upload_to_gcs
AIRFLOW_CTX_EXECUTION_DATE=2019-12-01T00:00:00+00:00
AIRFLOW_CTX_TRY_NUMBER=1
AIRFLOW_CTX_DAG_RUN_ID=scheduled__2019-12-01T00:00:00+00:00
[2023-01-27T04:58:38.300+0000] {python.py:177} INFO - Done. Returned value was: fhv_tripdata_2019-12.parquet
[2023-01-27T04:58:38.336+0000] {taskinstance.py:1323} INFO - Marking task as SUCCESS. dag_id=fhv_taxi_data_dag_v1, task_id=upload_to_gcs, execution_date=20191201T000000, start_date=20230127T045740, end_date=20230127T045838
[2023-01-27T04:58:38.396+0000] {local_task_job.py:208} INFO - Task exited with return code 0
[2023-01-27T04:58:38.495+0000] {taskinstance.py:2578} INFO - 0 downstream tasks scheduled from follow-on schedule check
