[2023-01-27T04:57:20.991+0000] {taskinstance.py:1083} INFO - Dependencies all met for <TaskInstance: fhv_taxi_data_dag_v1.download_ytd_dataset_from_web scheduled__2020-04-01T00:00:00+00:00 [queued]>
[2023-01-27T04:57:21.003+0000] {taskinstance.py:1083} INFO - Dependencies all met for <TaskInstance: fhv_taxi_data_dag_v1.download_ytd_dataset_from_web scheduled__2020-04-01T00:00:00+00:00 [queued]>
[2023-01-27T04:57:21.004+0000] {taskinstance.py:1279} INFO - 
--------------------------------------------------------------------------------
[2023-01-27T04:57:21.004+0000] {taskinstance.py:1280} INFO - Starting attempt 1 of 1
[2023-01-27T04:57:21.004+0000] {taskinstance.py:1281} INFO - 
--------------------------------------------------------------------------------
[2023-01-27T04:57:21.023+0000] {taskinstance.py:1300} INFO - Executing <Task(BashOperator): download_ytd_dataset_from_web> on 2020-04-01 00:00:00+00:00
[2023-01-27T04:57:21.032+0000] {standard_task_runner.py:55} INFO - Started process 6656 to run task
[2023-01-27T04:57:21.035+0000] {standard_task_runner.py:82} INFO - Running: ['***', 'tasks', 'run', 'fhv_taxi_data_dag_v1', 'download_ytd_dataset_from_web', 'scheduled__2020-04-01T00:00:00+00:00', '--job-id', '5707', '--raw', '--subdir', 'DAGS_FOLDER/data_ingestion_gcs_dag_v1_fhv.py', '--cfg-path', '/tmp/tmp1c30etud']
[2023-01-27T04:57:21.037+0000] {standard_task_runner.py:83} INFO - Job 5707: Subtask download_ytd_dataset_from_web
[2023-01-27T04:57:21.096+0000] {task_command.py:388} INFO - Running <TaskInstance: fhv_taxi_data_dag_v1.download_ytd_dataset_from_web scheduled__2020-04-01T00:00:00+00:00 [running]> on host 8bc22b99c76b
[2023-01-27T04:57:21.195+0000] {taskinstance.py:1509} INFO - Exporting the following env vars:
AIRFLOW_CTX_DAG_OWNER=***
AIRFLOW_CTX_DAG_ID=fhv_taxi_data_dag_v1
AIRFLOW_CTX_TASK_ID=download_ytd_dataset_from_web
AIRFLOW_CTX_EXECUTION_DATE=2020-04-01T00:00:00+00:00
AIRFLOW_CTX_TRY_NUMBER=1
AIRFLOW_CTX_DAG_RUN_ID=scheduled__2020-04-01T00:00:00+00:00
[2023-01-27T04:57:21.197+0000] {subprocess.py:63} INFO - Tmp dir root location: 
 /tmp
[2023-01-27T04:57:21.198+0000] {subprocess.py:75} INFO - Running command: ['/bin/bash', '-c', 'wget https://github.com/DataTalksClub/nyc-tlc-data/releases/download/fhv/fhv_tripdata_2020-04.csv.gz -O /opt/***/fhv_tripdata_2020-04.csv.gz']
[2023-01-27T04:57:21.214+0000] {subprocess.py:86} INFO - Output:
[2023-01-27T04:57:21.220+0000] {subprocess.py:93} INFO - --2023-01-27 04:57:21--  https://github.com/DataTalksClub/nyc-tlc-data/releases/download/fhv/fhv_tripdata_2020-04.csv.gz
[2023-01-27T04:57:21.270+0000] {subprocess.py:93} INFO - Resolving github.com (github.com)... 140.82.121.4
[2023-01-27T04:57:21.353+0000] {subprocess.py:93} INFO - Connecting to github.com (github.com)|140.82.121.4|:443... connected.
[2023-01-27T04:57:21.770+0000] {subprocess.py:93} INFO - HTTP request sent, awaiting response... 302 Found
[2023-01-27T04:57:21.771+0000] {subprocess.py:93} INFO - Location: https://objects.githubusercontent.com/github-production-release-asset-2e65be/513814948/50addbb4-9cb1-4303-83da-f4d2c04b8687?X-Amz-Algorithm=AWS4-HMAC-SHA256&X-Amz-Credential=AKIAIWNJYAX4CSVEH53A%2F20230127%2Fus-east-1%2Fs3%2Faws4_request&X-Amz-Date=20230127T045554Z&X-Amz-Expires=300&X-Amz-Signature=db78e3a76a741c07590af2ace4abf507e5be722a04d7a47f5f35a190f13fca82&X-Amz-SignedHeaders=host&actor_id=0&key_id=0&repo_id=513814948&response-content-disposition=attachment%3B%20filename%3Dfhv_tripdata_2020-04.csv.gz&response-content-type=application%2Foctet-stream [following]
[2023-01-27T04:57:21.771+0000] {subprocess.py:93} INFO - --2023-01-27 04:57:21--  https://objects.githubusercontent.com/github-production-release-asset-2e65be/513814948/50addbb4-9cb1-4303-83da-f4d2c04b8687?X-Amz-Algorithm=AWS4-HMAC-SHA256&X-Amz-Credential=AKIAIWNJYAX4CSVEH53A%2F20230127%2Fus-east-1%2Fs3%2Faws4_request&X-Amz-Date=20230127T045554Z&X-Amz-Expires=300&X-Amz-Signature=db78e3a76a741c07590af2ace4abf507e5be722a04d7a47f5f35a190f13fca82&X-Amz-SignedHeaders=host&actor_id=0&key_id=0&repo_id=513814948&response-content-disposition=attachment%3B%20filename%3Dfhv_tripdata_2020-04.csv.gz&response-content-type=application%2Foctet-stream
[2023-01-27T04:57:21.806+0000] {subprocess.py:93} INFO - Resolving objects.githubusercontent.com (objects.githubusercontent.com)... 185.199.109.133, 185.199.108.133, 185.199.110.133, ...
[2023-01-27T04:57:21.821+0000] {subprocess.py:93} INFO - Connecting to objects.githubusercontent.com (objects.githubusercontent.com)|185.199.109.133|:443... connected.
[2023-01-27T04:57:22.187+0000] {subprocess.py:93} INFO - HTTP request sent, awaiting response... 200 OK
[2023-01-27T04:57:22.187+0000] {subprocess.py:93} INFO - Length: 6227736 (5.9M) [application/octet-stream]
[2023-01-27T04:57:22.187+0000] {subprocess.py:93} INFO - Saving to: ‘/opt/***/fhv_tripdata_2020-04.csv.gz’
[2023-01-27T04:57:22.188+0000] {subprocess.py:93} INFO - 
[2023-01-27T04:57:22.242+0000] {subprocess.py:93} INFO -      0K .......... .......... .......... .......... ..........  0%  908K 7s
[2023-01-27T04:57:22.448+0000] {subprocess.py:93} INFO -     50K .......... .......... .......... .......... ..........  1%  243K 16s
[2023-01-27T04:57:22.571+0000] {subprocess.py:93} INFO -    100K .......... .......... .......... .......... ..........  2%  409K 15s
[2023-01-27T04:57:22.709+0000] {subprocess.py:93} INFO -    150K .......... .......... .......... .......... ..........  3%  360K 15s
[2023-01-27T04:57:22.747+0000] {subprocess.py:93} INFO -    200K .......... .......... .......... .......... ..........  4% 1.29M 13s
[2023-01-27T04:57:22.763+0000] {subprocess.py:93} INFO -    250K .......... .......... .......... .......... ..........  4% 3.18M 11s
[2023-01-27T04:57:22.767+0000] {subprocess.py:93} INFO -    300K .......... .......... .......... .......... ..........  5% 11.2M 9s
[2023-01-27T04:57:22.788+0000] {subprocess.py:93} INFO -    350K .......... .......... .......... .......... ..........  6% 2.33M 9s
[2023-01-27T04:57:22.801+0000] {subprocess.py:93} INFO -    400K .......... .......... .......... .......... ..........  7% 3.80M 8s
[2023-01-27T04:57:22.810+0000] {subprocess.py:93} INFO -    450K .......... .......... .......... .......... ..........  8% 5.56M 7s
[2023-01-27T04:57:22.819+0000] {subprocess.py:93} INFO -    500K .......... .......... .......... .......... ..........  9% 5.56M 6s
[2023-01-27T04:57:22.838+0000] {subprocess.py:93} INFO -    550K .......... .......... .......... .......... ..........  9% 2.55M 6s
[2023-01-27T04:57:22.852+0000] {subprocess.py:93} INFO -    600K .......... .......... .......... .......... .......... 10% 3.38M 6s
[2023-01-27T04:57:22.861+0000] {subprocess.py:93} INFO -    650K .......... .......... .......... .......... .......... 11% 5.38M 5s
[2023-01-27T04:57:22.870+0000] {subprocess.py:93} INFO -    700K .......... .......... .......... .......... .......... 12% 5.53M 5s
[2023-01-27T04:57:22.879+0000] {subprocess.py:93} INFO -    750K .......... .......... .......... .......... .......... 13% 5.52M 5s
[2023-01-27T04:57:22.925+0000] {subprocess.py:93} INFO -    800K .......... .......... .......... .......... .......... 13% 1.06M 5s
[2023-01-27T04:57:22.935+0000] {subprocess.py:93} INFO -    850K .......... .......... .......... .......... .......... 14% 4.74M 4s
[2023-01-27T04:57:22.939+0000] {subprocess.py:93} INFO -    900K .......... .......... .......... .......... .......... 15% 14.0M 4s
[2023-01-27T04:57:22.947+0000] {subprocess.py:93} INFO -    950K .......... .......... .......... .......... .......... 16% 5.82M 4s
[2023-01-27T04:57:22.976+0000] {subprocess.py:93} INFO -   1000K .......... .......... .......... .......... .......... 17% 1.71M 4s
[2023-01-27T04:57:22.984+0000] {subprocess.py:93} INFO -   1050K .......... .......... .......... .......... .......... 18% 5.58M 4s
[2023-01-27T04:57:23.008+0000] {subprocess.py:93} INFO -   1100K .......... .......... .......... .......... .......... 18% 2.12M 4s
[2023-01-27T04:57:23.019+0000] {subprocess.py:93} INFO -   1150K .......... .......... .......... .......... .......... 19% 4.08M 3s
[2023-01-27T04:57:23.024+0000] {subprocess.py:93} INFO -   1200K .......... .......... .......... .......... .......... 20% 10.9M 3s
[2023-01-27T04:57:23.033+0000] {subprocess.py:93} INFO -   1250K .......... .......... .......... .......... .......... 21% 5.57M 3s
[2023-01-27T04:57:23.058+0000] {subprocess.py:93} INFO -   1300K .......... .......... .......... .......... .......... 22% 1.96M 3s
[2023-01-27T04:57:23.066+0000] {subprocess.py:93} INFO -   1350K .......... .......... .......... .......... .......... 23% 5.50M 3s
[2023-01-27T04:57:23.083+0000] {subprocess.py:93} INFO -   1400K .......... .......... .......... .......... .......... 23% 2.91M 3s
[2023-01-27T04:57:23.095+0000] {subprocess.py:93} INFO -   1450K .......... .......... .......... .......... .......... 24% 4.31M 3s
[2023-01-27T04:57:23.104+0000] {subprocess.py:93} INFO -   1500K .......... .......... .......... .......... .......... 25% 5.39M 3s
[2023-01-27T04:57:23.112+0000] {subprocess.py:93} INFO -   1550K .......... .......... .......... .......... .......... 26% 5.62M 3s
[2023-01-27T04:57:23.130+0000] {subprocess.py:93} INFO -   1600K .......... .......... .......... .......... .......... 27% 2.71M 3s
[2023-01-27T04:57:23.155+0000] {subprocess.py:93} INFO -   1650K .......... .......... .......... .......... .......... 27% 1.97M 2s
[2023-01-27T04:57:23.177+0000] {subprocess.py:93} INFO -   1700K .......... .......... .......... .......... .......... 28% 2.20M 2s
[2023-01-27T04:57:23.182+0000] {subprocess.py:93} INFO -   1750K .......... .......... .......... .......... .......... 29% 10.8M 2s
[2023-01-27T04:57:23.188+0000] {subprocess.py:93} INFO -   1800K .......... .......... .......... .......... .......... 30% 7.43M 2s
[2023-01-27T04:57:23.211+0000] {subprocess.py:93} INFO -   1850K .......... .......... .......... .......... .......... 31% 2.15M 2s
[2023-01-27T04:57:23.234+0000] {subprocess.py:93} INFO -   1900K .......... .......... .......... .......... .......... 32% 2.10M 2s
[2023-01-27T04:57:23.252+0000] {subprocess.py:93} INFO -   1950K .......... .......... .......... .......... .......... 32% 2.81M 2s
[2023-01-27T04:57:23.263+0000] {subprocess.py:93} INFO -   2000K .......... .......... .......... .......... .......... 33% 4.41M 2s
[2023-01-27T04:57:23.263+0000] {subprocess.py:93} INFO -   2050K .......... .......... .......... .......... .......... 34%  230M 2s
[2023-01-27T04:57:23.276+0000] {subprocess.py:93} INFO -   2100K .......... .......... .......... .......... .......... 35% 3.60M 2s
[2023-01-27T04:57:23.332+0000] {subprocess.py:93} INFO -   2150K .......... .......... .......... .......... .......... 36%  898K 2s
[2023-01-27T04:57:23.370+0000] {subprocess.py:93} INFO -   2200K .......... .......... .......... .......... .......... 36% 1.28M 2s
[2023-01-27T04:57:23.384+0000] {subprocess.py:93} INFO -   2250K .......... .......... .......... .......... .......... 37% 3.67M 2s
[2023-01-27T04:57:23.398+0000] {subprocess.py:93} INFO -   2300K .......... .......... .......... .......... .......... 38% 3.46M 2s
[2023-01-27T04:57:23.407+0000] {subprocess.py:93} INFO -   2350K .......... .......... .......... .......... .......... 39% 5.46M 2s
[2023-01-27T04:57:23.417+0000] {subprocess.py:93} INFO -   2400K .......... .......... .......... .......... .......... 40% 4.68M 2s
[2023-01-27T04:57:23.442+0000] {subprocess.py:93} INFO -   2450K .......... .......... .......... .......... .......... 41% 1.97M 2s
[2023-01-27T04:57:23.463+0000] {subprocess.py:93} INFO -   2500K .......... .......... .......... .......... .......... 41% 2.34M 2s
[2023-01-27T04:57:23.488+0000] {subprocess.py:93} INFO -   2550K .......... .......... .......... .......... .......... 42% 1.91M 2s
[2023-01-27T04:57:23.499+0000] {subprocess.py:93} INFO -   2600K .......... .......... .......... .......... .......... 43% 4.53M 2s
[2023-01-27T04:57:23.507+0000] {subprocess.py:93} INFO -   2650K .......... .......... .......... .......... .......... 44% 6.32M 2s
[2023-01-27T04:57:23.588+0000] {subprocess.py:93} INFO -   2700K .......... .......... .......... .......... .......... 45%  615K 2s
[2023-01-27T04:57:23.605+0000] {subprocess.py:93} INFO -   2750K .......... .......... .......... .......... .......... 46% 2.98M 2s
[2023-01-27T04:57:23.605+0000] {subprocess.py:93} INFO -   2800K .......... .......... .......... .......... .......... 46%  326M 2s
[2023-01-27T04:57:23.610+0000] {subprocess.py:93} INFO -   2850K .......... .......... .......... .......... .......... 47% 9.58M 2s
[2023-01-27T04:57:23.623+0000] {subprocess.py:93} INFO -   2900K .......... .......... .......... .......... .......... 48% 3.62M 2s
[2023-01-27T04:57:23.636+0000] {subprocess.py:93} INFO -   2950K .......... .......... .......... .......... .......... 49% 4.03M 1s
[2023-01-27T04:57:23.660+0000] {subprocess.py:93} INFO -   3000K .......... .......... .......... .......... .......... 50% 1.99M 1s
[2023-01-27T04:57:23.676+0000] {subprocess.py:93} INFO -   3050K .......... .......... .......... .......... .......... 50% 3.00M 1s
[2023-01-27T04:57:23.688+0000] {subprocess.py:93} INFO -   3100K .......... .......... .......... .......... .......... 51% 4.07M 1s
[2023-01-27T04:57:23.714+0000] {subprocess.py:93} INFO -   3150K .......... .......... .......... .......... .......... 52% 1.86M 1s
[2023-01-27T04:57:23.733+0000] {subprocess.py:93} INFO -   3200K .......... .......... .......... .......... .......... 53% 2.70M 1s
[2023-01-27T04:57:23.755+0000] {subprocess.py:93} INFO -   3250K .......... .......... .......... .......... .......... 54% 2.16M 1s
[2023-01-27T04:57:23.765+0000] {subprocess.py:93} INFO -   3300K .......... .......... .......... .......... .......... 55% 5.11M 1s
[2023-01-27T04:57:23.776+0000] {subprocess.py:93} INFO -   3350K .......... .......... .......... .......... .......... 55% 4.14M 1s
[2023-01-27T04:57:23.799+0000] {subprocess.py:93} INFO -   3400K .......... .......... .......... .......... .......... 56% 2.16M 1s
[2023-01-27T04:57:23.814+0000] {subprocess.py:93} INFO -   3450K .......... .......... .......... .......... .......... 57% 3.34M 1s
[2023-01-27T04:57:23.822+0000] {subprocess.py:93} INFO -   3500K .......... .......... .......... .......... .......... 58% 5.95M 1s
[2023-01-27T04:57:23.846+0000] {subprocess.py:93} INFO -   3550K .......... .......... .......... .......... .......... 59% 2.00M 1s
[2023-01-27T04:57:23.858+0000] {subprocess.py:93} INFO -   3600K .......... .......... .......... .......... .......... 60% 4.26M 1s
[2023-01-27T04:57:23.867+0000] {subprocess.py:93} INFO -   3650K .......... .......... .......... .......... .......... 60% 5.44M 1s
[2023-01-27T04:57:23.873+0000] {subprocess.py:93} INFO -   3700K .......... .......... .......... .......... .......... 61% 7.61M 1s
[2023-01-27T04:57:23.898+0000] {subprocess.py:93} INFO -   3750K .......... .......... .......... .......... .......... 62% 1.97M 1s
[2023-01-27T04:57:23.909+0000] {subprocess.py:93} INFO -   3800K .......... .......... .......... .......... .......... 63% 4.48M 1s
[2023-01-27T04:57:23.918+0000] {subprocess.py:93} INFO -   3850K .......... .......... .......... .......... .......... 64% 5.29M 1s
[2023-01-27T04:57:23.940+0000] {subprocess.py:93} INFO -   3900K .......... .......... .......... .......... .......... 64% 2.22M 1s
[2023-01-27T04:57:23.951+0000] {subprocess.py:93} INFO -   3950K .......... .......... .......... .......... .......... 65% 4.37M 1s
[2023-01-27T04:57:23.959+0000] {subprocess.py:93} INFO -   4000K .......... .......... .......... .......... .......... 66% 6.64M 1s
[2023-01-27T04:57:23.976+0000] {subprocess.py:93} INFO -   4050K .......... .......... .......... .......... .......... 67% 2.86M 1s
[2023-01-27T04:57:23.982+0000] {subprocess.py:93} INFO -   4100K .......... .......... .......... .......... .......... 68% 7.92M 1s
[2023-01-27T04:57:24.000+0000] {subprocess.py:93} INFO -   4150K .......... .......... .......... .......... .......... 69% 2.80M 1s
[2023-01-27T04:57:24.009+0000] {subprocess.py:93} INFO -   4200K .......... .......... .......... .......... .......... 69% 5.36M 1s
[2023-01-27T04:57:24.016+0000] {subprocess.py:93} INFO -   4250K .......... .......... .......... .......... .......... 70% 6.53M 1s
[2023-01-27T04:57:24.025+0000] {subprocess.py:93} INFO -   4300K .......... .......... .......... .......... .......... 71% 5.45M 1s
[2023-01-27T04:57:24.054+0000] {subprocess.py:93} INFO -   4350K .......... .......... .......... .......... .......... 72% 2.14M 1s
[2023-01-27T04:57:24.062+0000] {subprocess.py:93} INFO -   4400K .......... .......... .......... .......... .......... 73% 3.39M 1s
[2023-01-27T04:57:24.070+0000] {subprocess.py:93} INFO -   4450K .......... .......... .......... .......... .......... 73% 6.27M 1s
[2023-01-27T04:57:24.090+0000] {subprocess.py:93} INFO -   4500K .......... .......... .......... .......... .......... 74% 2.51M 1s
[2023-01-27T04:57:24.101+0000] {subprocess.py:93} INFO -   4550K .......... .......... .......... .......... .......... 75% 4.28M 1s
[2023-01-27T04:57:24.107+0000] {subprocess.py:93} INFO -   4600K .......... .......... .......... .......... .......... 76% 7.70M 1s
[2023-01-27T04:57:24.114+0000] {subprocess.py:93} INFO -   4650K .......... .......... .......... .......... .......... 77% 7.49M 1s
[2023-01-27T04:57:24.136+0000] {subprocess.py:93} INFO -   4700K .......... .......... .......... .......... .......... 78% 2.23M 1s
[2023-01-27T04:57:24.150+0000] {subprocess.py:93} INFO -   4750K .......... .......... .......... .......... .......... 78% 4.00M 1s
[2023-01-27T04:57:24.159+0000] {subprocess.py:93} INFO -   4800K .......... .......... .......... .......... .......... 79% 4.58M 1s
[2023-01-27T04:57:24.178+0000] {subprocess.py:93} INFO -   4850K .......... .......... .......... .......... .......... 80% 2.52M 0s
[2023-01-27T04:57:24.190+0000] {subprocess.py:93} INFO -   4900K .......... .......... .......... .......... .......... 81% 4.21M 0s
[2023-01-27T04:57:24.198+0000] {subprocess.py:93} INFO -   4950K .......... .......... .......... .......... .......... 82% 5.51M 0s
[2023-01-27T04:57:24.206+0000] {subprocess.py:93} INFO -   5000K .......... .......... .......... .......... .......... 83% 6.38M 0s
[2023-01-27T04:57:24.224+0000] {subprocess.py:93} INFO -   5050K .......... .......... .......... .......... .......... 83% 2.66M 0s
[2023-01-27T04:57:24.234+0000] {subprocess.py:93} INFO -   5100K .......... .......... .......... .......... .......... 84% 5.06M 0s
[2023-01-27T04:57:24.246+0000] {subprocess.py:93} INFO -   5150K .......... .......... .......... .......... .......... 85% 4.23M 0s
[2023-01-27T04:57:24.258+0000] {subprocess.py:93} INFO -   5200K .......... .......... .......... .......... .......... 86% 3.95M 0s
[2023-01-27T04:57:24.260+0000] {subprocess.py:93} INFO -   5250K .......... .......... .......... .......... .......... 87% 26.5M 0s
[2023-01-27T04:57:24.267+0000] {subprocess.py:93} INFO -   5300K .......... .......... .......... .......... .......... 87% 6.86M 0s
[2023-01-27T04:57:24.291+0000] {subprocess.py:93} INFO -   5350K .......... .......... .......... .......... .......... 88% 2.05M 0s
[2023-01-27T04:57:24.299+0000] {subprocess.py:93} INFO -   5400K .......... .......... .......... .......... .......... 89% 5.93M 0s
[2023-01-27T04:57:24.310+0000] {subprocess.py:93} INFO -   5450K .......... .......... .......... .......... .......... 90% 4.30M 0s
[2023-01-27T04:57:24.313+0000] {subprocess.py:93} INFO -   5500K .......... .......... .......... .......... .......... 91% 16.7M 0s
[2023-01-27T04:57:24.326+0000] {subprocess.py:93} INFO -   5550K .......... .......... .......... .......... .......... 92% 4.91M 0s
[2023-01-27T04:57:24.346+0000] {subprocess.py:93} INFO -   5600K .......... .......... .......... .......... .......... 92% 2.09M 0s
[2023-01-27T04:57:24.357+0000] {subprocess.py:93} INFO -   5650K .......... .......... .......... .......... .......... 93% 4.47M 0s
[2023-01-27T04:57:24.367+0000] {subprocess.py:93} INFO -   5700K .......... .......... .......... .......... .......... 94% 4.86M 0s
[2023-01-27T04:57:24.370+0000] {subprocess.py:93} INFO -   5750K .......... .......... .......... .......... .......... 95% 22.3M 0s
[2023-01-27T04:57:24.379+0000] {subprocess.py:93} INFO -   5800K .......... .......... .......... .......... .......... 96% 5.03M 0s
[2023-01-27T04:57:24.393+0000] {subprocess.py:93} INFO -   5850K .......... .......... .......... .......... .......... 97% 3.58M 0s
[2023-01-27T04:57:24.395+0000] {subprocess.py:93} INFO -   5900K .......... .......... .......... .......... .......... 97% 23.3M 0s
[2023-01-27T04:57:24.407+0000] {subprocess.py:93} INFO -   5950K .......... .......... .......... .......... .......... 98% 4.18M 0s
[2023-01-27T04:57:24.420+0000] {subprocess.py:93} INFO -   6000K .......... .......... .......... .......... .......... 99% 3.98M 0s
[2023-01-27T04:57:24.421+0000] {subprocess.py:93} INFO -   6050K .......... .......... .......... .                    100%  374M=2.2s
[2023-01-27T04:57:24.421+0000] {subprocess.py:93} INFO - 
[2023-01-27T04:57:24.421+0000] {subprocess.py:93} INFO - 2023-01-27 04:57:24 (2.66 MB/s) - ‘/opt/***/fhv_tripdata_2020-04.csv.gz’ saved [6227736/6227736]
[2023-01-27T04:57:24.421+0000] {subprocess.py:93} INFO - 
[2023-01-27T04:57:24.422+0000] {subprocess.py:97} INFO - Command exited with return code 0
[2023-01-27T04:57:24.487+0000] {taskinstance.py:1323} INFO - Marking task as SUCCESS. dag_id=fhv_taxi_data_dag_v1, task_id=download_ytd_dataset_from_web, execution_date=20200401T000000, start_date=20230127T045720, end_date=20230127T045724
[2023-01-27T04:57:24.659+0000] {local_task_job.py:208} INFO - Task exited with return code 0
[2023-01-27T04:57:24.706+0000] {taskinstance.py:2578} INFO - 1 downstream tasks scheduled from follow-on schedule check
