[2023-01-27T04:57:09.019+0000] {taskinstance.py:1083} INFO - Dependencies all met for <TaskInstance: fhv_taxi_data_dag_v1.download_ytd_dataset_from_web scheduled__2019-05-01T00:00:00+00:00 [queued]>
[2023-01-27T04:57:09.033+0000] {taskinstance.py:1083} INFO - Dependencies all met for <TaskInstance: fhv_taxi_data_dag_v1.download_ytd_dataset_from_web scheduled__2019-05-01T00:00:00+00:00 [queued]>
[2023-01-27T04:57:09.034+0000] {taskinstance.py:1279} INFO - 
--------------------------------------------------------------------------------
[2023-01-27T04:57:09.034+0000] {taskinstance.py:1280} INFO - Starting attempt 1 of 1
[2023-01-27T04:57:09.034+0000] {taskinstance.py:1281} INFO - 
--------------------------------------------------------------------------------
[2023-01-27T04:57:09.052+0000] {taskinstance.py:1300} INFO - Executing <Task(BashOperator): download_ytd_dataset_from_web> on 2019-05-01 00:00:00+00:00
[2023-01-27T04:57:09.061+0000] {standard_task_runner.py:55} INFO - Started process 6509 to run task
[2023-01-27T04:57:09.065+0000] {standard_task_runner.py:82} INFO - Running: ['***', 'tasks', 'run', 'fhv_taxi_data_dag_v1', 'download_ytd_dataset_from_web', 'scheduled__2019-05-01T00:00:00+00:00', '--job-id', '5693', '--raw', '--subdir', 'DAGS_FOLDER/data_ingestion_gcs_dag_v1_fhv.py', '--cfg-path', '/tmp/tmpdv57xqe6']
[2023-01-27T04:57:09.068+0000] {standard_task_runner.py:83} INFO - Job 5693: Subtask download_ytd_dataset_from_web
[2023-01-27T04:57:09.206+0000] {task_command.py:388} INFO - Running <TaskInstance: fhv_taxi_data_dag_v1.download_ytd_dataset_from_web scheduled__2019-05-01T00:00:00+00:00 [running]> on host 8bc22b99c76b
[2023-01-27T04:57:09.363+0000] {taskinstance.py:1509} INFO - Exporting the following env vars:
AIRFLOW_CTX_DAG_OWNER=***
AIRFLOW_CTX_DAG_ID=fhv_taxi_data_dag_v1
AIRFLOW_CTX_TASK_ID=download_ytd_dataset_from_web
AIRFLOW_CTX_EXECUTION_DATE=2019-05-01T00:00:00+00:00
AIRFLOW_CTX_TRY_NUMBER=1
AIRFLOW_CTX_DAG_RUN_ID=scheduled__2019-05-01T00:00:00+00:00
[2023-01-27T04:57:09.366+0000] {subprocess.py:63} INFO - Tmp dir root location: 
 /tmp
[2023-01-27T04:57:09.366+0000] {subprocess.py:75} INFO - Running command: ['/bin/bash', '-c', 'wget https://github.com/DataTalksClub/nyc-tlc-data/releases/download/fhv/fhv_tripdata_2019-05.csv.gz -O /opt/***/fhv_tripdata_2019-05.csv.gz']
[2023-01-27T04:57:09.386+0000] {subprocess.py:86} INFO - Output:
[2023-01-27T04:57:09.396+0000] {subprocess.py:93} INFO - --2023-01-27 04:57:09--  https://github.com/DataTalksClub/nyc-tlc-data/releases/download/fhv/fhv_tripdata_2019-05.csv.gz
[2023-01-27T04:57:09.417+0000] {subprocess.py:93} INFO - Resolving github.com (github.com)... 140.82.121.4
[2023-01-27T04:57:09.429+0000] {subprocess.py:93} INFO - Connecting to github.com (github.com)|140.82.121.4|:443... connected.
[2023-01-27T04:57:09.693+0000] {subprocess.py:93} INFO - HTTP request sent, awaiting response... 302 Found
[2023-01-27T04:57:09.694+0000] {subprocess.py:93} INFO - Location: https://objects.githubusercontent.com/github-production-release-asset-2e65be/513814948/d1c91b14-0562-4db3-8b9a-2bfbc0c20892?X-Amz-Algorithm=AWS4-HMAC-SHA256&X-Amz-Credential=AKIAIWNJYAX4CSVEH53A%2F20230127%2Fus-east-1%2Fs3%2Faws4_request&X-Amz-Date=20230127T045541Z&X-Amz-Expires=300&X-Amz-Signature=f61dcfb56b92abffe9ca7cd8ac3056c9008bf4ee8de7739eb7e493e4399c837b&X-Amz-SignedHeaders=host&actor_id=0&key_id=0&repo_id=513814948&response-content-disposition=attachment%3B%20filename%3Dfhv_tripdata_2019-05.csv.gz&response-content-type=application%2Foctet-stream [following]
[2023-01-27T04:57:09.694+0000] {subprocess.py:93} INFO - --2023-01-27 04:57:09--  https://objects.githubusercontent.com/github-production-release-asset-2e65be/513814948/d1c91b14-0562-4db3-8b9a-2bfbc0c20892?X-Amz-Algorithm=AWS4-HMAC-SHA256&X-Amz-Credential=AKIAIWNJYAX4CSVEH53A%2F20230127%2Fus-east-1%2Fs3%2Faws4_request&X-Amz-Date=20230127T045541Z&X-Amz-Expires=300&X-Amz-Signature=f61dcfb56b92abffe9ca7cd8ac3056c9008bf4ee8de7739eb7e493e4399c837b&X-Amz-SignedHeaders=host&actor_id=0&key_id=0&repo_id=513814948&response-content-disposition=attachment%3B%20filename%3Dfhv_tripdata_2019-05.csv.gz&response-content-type=application%2Foctet-stream
[2023-01-27T04:57:09.699+0000] {subprocess.py:93} INFO - Resolving objects.githubusercontent.com (objects.githubusercontent.com)... 185.199.111.133, 185.199.109.133, 185.199.108.133, ...
[2023-01-27T04:57:09.709+0000] {subprocess.py:93} INFO - Connecting to objects.githubusercontent.com (objects.githubusercontent.com)|185.199.111.133|:443... connected.
[2023-01-27T04:57:09.956+0000] {subprocess.py:93} INFO - HTTP request sent, awaiting response... 200 OK
[2023-01-27T04:57:09.956+0000] {subprocess.py:93} INFO - Length: 18442337 (18M) [application/octet-stream]
[2023-01-27T04:57:09.957+0000] {subprocess.py:93} INFO - Saving to: ‘/opt/***/fhv_tripdata_2019-05.csv.gz’
[2023-01-27T04:57:09.957+0000] {subprocess.py:93} INFO - 
[2023-01-27T04:57:10.126+0000] {subprocess.py:93} INFO -      0K .......... .......... .......... .......... ..........  0%  295K 61s
[2023-01-27T04:57:10.226+0000] {subprocess.py:93} INFO -     50K .......... .......... .......... .......... ..........  0%  498K 48s
[2023-01-27T04:57:10.311+0000] {subprocess.py:93} INFO -    100K .......... .......... .......... .......... ..........  0%  591K 42s
[2023-01-27T04:57:10.385+0000] {subprocess.py:93} INFO -    150K .......... .......... .......... .......... ..........  1%  673K 38s
[2023-01-27T04:57:10.460+0000] {subprocess.py:93} INFO -    200K .......... .......... .......... .......... ..........  1%  672K 36s
[2023-01-27T04:57:10.538+0000] {subprocess.py:93} INFO -    250K .......... .......... .......... .......... ..........  1%  641K 34s
[2023-01-27T04:57:10.553+0000] {subprocess.py:93} INFO -    300K .......... .......... .......... .......... ..........  1% 3.25M 30s
[2023-01-27T04:57:10.560+0000] {subprocess.py:93} INFO -    350K .......... .......... .......... .......... ..........  2% 6.99M 27s
[2023-01-27T04:57:10.567+0000] {subprocess.py:93} INFO -    400K .......... .......... .......... .......... ..........  2% 7.07M 24s
[2023-01-27T04:57:10.759+0000] {subprocess.py:93} INFO -    450K .......... .......... .......... .......... ..........  2%  260K 28s
[2023-01-27T04:57:10.761+0000] {subprocess.py:93} INFO -    500K .......... .......... .......... .......... ..........  3% 30.8M 26s
[2023-01-27T04:57:10.761+0000] {subprocess.py:93} INFO -    550K .......... .......... .......... .......... ..........  3%  408M 23s
[2023-01-27T04:57:10.761+0000] {subprocess.py:93} INFO -    600K .......... .......... .......... .......... ..........  3%  148M 21s
[2023-01-27T04:57:10.785+0000] {subprocess.py:93} INFO -    650K .......... .......... .......... .......... ..........  3% 2.07M 20s
[2023-01-27T04:57:10.802+0000] {subprocess.py:93} INFO -    700K .......... .......... .......... .......... ..........  4% 2.84M 19s
[2023-01-27T04:57:10.851+0000] {subprocess.py:93} INFO -    750K .......... .......... .......... .......... ..........  4% 1.01M 19s
[2023-01-27T04:57:10.872+0000] {subprocess.py:93} INFO -    800K .......... .......... .......... .......... ..........  4% 2.29M 18s
[2023-01-27T04:57:10.890+0000] {subprocess.py:93} INFO -    850K .......... .......... .......... .......... ..........  4% 2.73M 18s
[2023-01-27T04:57:10.924+0000] {subprocess.py:93} INFO -    900K .......... .......... .......... .......... ..........  5% 1.45M 17s
[2023-01-27T04:57:10.947+0000] {subprocess.py:93} INFO -    950K .......... .......... .......... .......... ..........  5% 2.08M 17s
[2023-01-27T04:57:10.970+0000] {subprocess.py:93} INFO -   1000K .......... .......... .......... .......... ..........  5% 2.13M 16s
[2023-01-27T04:57:11.011+0000] {subprocess.py:93} INFO -   1050K .......... .......... .......... .......... ..........  6% 1.18M 16s
[2023-01-27T04:57:11.030+0000] {subprocess.py:93} INFO -   1100K .......... .......... .......... .......... ..........  6% 2.69M 16s
[2023-01-27T04:57:11.056+0000] {subprocess.py:93} INFO -   1150K .......... .......... .......... .......... ..........  6% 1.83M 15s
[2023-01-27T04:57:11.097+0000] {subprocess.py:93} INFO -   1200K .......... .......... .......... .......... ..........  6% 1.21M 15s
[2023-01-27T04:57:11.118+0000] {subprocess.py:93} INFO -   1250K .......... .......... .......... .......... ..........  7% 2.31M 15s
[2023-01-27T04:57:11.144+0000] {subprocess.py:93} INFO -   1300K .......... .......... .......... .......... ..........  7% 1.88M 15s
[2023-01-27T04:57:11.160+0000] {subprocess.py:93} INFO -   1350K .......... .......... .......... .......... ..........  7% 2.97M 14s
[2023-01-27T04:57:11.182+0000] {subprocess.py:93} INFO -   1400K .......... .......... .......... .......... ..........  8% 2.26M 14s
[2023-01-27T04:57:11.230+0000] {subprocess.py:93} INFO -   1450K .......... .......... .......... .......... ..........  8% 1.01M 14s
[2023-01-27T04:57:11.251+0000] {subprocess.py:93} INFO -   1500K .......... .......... .......... .......... ..........  8% 2.34M 14s
[2023-01-27T04:57:11.285+0000] {subprocess.py:93} INFO -   1550K .......... .......... .......... .......... ..........  8% 1.44M 14s
[2023-01-27T04:57:11.307+0000] {subprocess.py:93} INFO -   1600K .......... .......... .......... .......... ..........  9% 2.26M 13s
[2023-01-27T04:57:11.328+0000] {subprocess.py:93} INFO -   1650K .......... .......... .......... .......... ..........  9% 2.30M 13s
[2023-01-27T04:57:11.357+0000] {subprocess.py:93} INFO -   1700K .......... .......... .......... .......... ..........  9% 1.66M 13s
[2023-01-27T04:57:11.396+0000] {subprocess.py:93} INFO -   1750K .......... .......... .......... .......... ..........  9% 1.25M 13s
[2023-01-27T04:57:11.403+0000] {subprocess.py:93} INFO -   1800K .......... .......... .......... .......... .......... 10% 6.98M 13s
[2023-01-27T04:57:11.419+0000] {subprocess.py:93} INFO -   1850K .......... .......... .......... .......... .......... 10% 3.02M 12s
[2023-01-27T04:57:11.483+0000] {subprocess.py:93} INFO -   1900K .......... .......... .......... .......... .......... 10%  782K 13s
[2023-01-27T04:57:11.501+0000] {subprocess.py:93} INFO -   1950K .......... .......... .......... .......... .......... 11% 2.77M 12s
[2023-01-27T04:57:11.524+0000] {subprocess.py:93} INFO -   2000K .......... .......... .......... .......... .......... 11% 2.11M 12s
[2023-01-27T04:57:11.542+0000] {subprocess.py:93} INFO -   2050K .......... .......... .......... .......... .......... 11% 2.82M 12s
[2023-01-27T04:57:11.552+0000] {subprocess.py:93} INFO -   2100K .......... .......... .......... .......... .......... 11% 5.09M 12s
[2023-01-27T04:57:11.565+0000] {subprocess.py:93} INFO -   2150K .......... .......... .......... .......... .......... 12% 3.54M 12s
[2023-01-27T04:57:11.579+0000] {subprocess.py:93} INFO -   2200K .......... .......... .......... .......... .......... 12% 3.49M 11s
[2023-01-27T04:57:11.595+0000] {subprocess.py:93} INFO -   2250K .......... .......... .......... .......... .......... 12% 3.11M 11s
[2023-01-27T04:57:11.604+0000] {subprocess.py:93} INFO -   2300K .......... .......... .......... .......... .......... 13% 5.23M 11s
[2023-01-27T04:57:11.623+0000] {subprocess.py:93} INFO -   2350K .......... .......... .......... .......... .......... 13% 2.86M 11s
[2023-01-27T04:57:11.634+0000] {subprocess.py:93} INFO -   2400K .......... .......... .......... .......... .......... 13% 3.72M 11s
[2023-01-27T04:57:11.643+0000] {subprocess.py:93} INFO -   2450K .......... .......... .......... .......... .......... 13% 5.57M 10s
[2023-01-27T04:57:11.647+0000] {subprocess.py:93} INFO -   2500K .......... .......... .......... .......... .......... 14% 10.9M 10s
[2023-01-27T04:57:11.664+0000] {subprocess.py:93} INFO -   2550K .......... .......... .......... .......... .......... 14% 2.91M 10s
[2023-01-27T04:57:11.676+0000] {subprocess.py:93} INFO -   2600K .......... .......... .......... .......... .......... 14% 3.95M 10s
[2023-01-27T04:57:11.681+0000] {subprocess.py:93} INFO -   2650K .......... .......... .......... .......... .......... 14% 10.2M 10s
[2023-01-27T04:57:11.689+0000] {subprocess.py:93} INFO -   2700K .......... .......... .......... .......... .......... 15% 5.89M 10s
[2023-01-27T04:57:11.707+0000] {subprocess.py:93} INFO -   2750K .......... .......... .......... .......... .......... 15% 2.76M 10s
[2023-01-27T04:57:11.716+0000] {subprocess.py:93} INFO -   2800K .......... .......... .......... .......... .......... 15% 5.43M 9s
[2023-01-27T04:57:11.722+0000] {subprocess.py:93} INFO -   2850K .......... .......... .......... .......... .......... 16% 7.94M 9s
[2023-01-27T04:57:11.728+0000] {subprocess.py:93} INFO -   2900K .......... .......... .......... .......... .......... 16% 8.02M 9s
[2023-01-27T04:57:11.755+0000] {subprocess.py:93} INFO -   2950K .......... .......... .......... .......... .......... 16% 1.87M 9s
[2023-01-27T04:57:11.837+0000] {subprocess.py:93} INFO -   3000K .......... .......... .......... .......... .......... 16%  605K 9s
[2023-01-27T04:57:11.910+0000] {subprocess.py:93} INFO -   3050K .......... .......... .......... .......... .......... 17%  689K 9s
[2023-01-27T04:57:11.984+0000] {subprocess.py:93} INFO -   3100K .......... .......... .......... .......... .......... 17%  676K 10s
[2023-01-27T04:57:12.087+0000] {subprocess.py:93} INFO -   3150K .......... .......... .......... .......... .......... 17%  486K 10s
[2023-01-27T04:57:12.165+0000] {subprocess.py:93} INFO -   3200K .......... .......... .......... .......... .......... 18%  656K 10s
[2023-01-27T04:57:12.239+0000] {subprocess.py:93} INFO -   3250K .......... .......... .......... .......... .......... 18%  658K 10s
[2023-01-27T04:57:12.322+0000] {subprocess.py:93} INFO -   3300K .......... .......... .......... .......... .......... 18%  606K 10s
[2023-01-27T04:57:12.402+0000] {subprocess.py:93} INFO -   3350K .......... .......... .......... .......... .......... 18%  616K 11s
[2023-01-27T04:57:12.482+0000] {subprocess.py:93} INFO -   3400K .......... .......... .......... .......... .......... 19%  630K 11s
[2023-01-27T04:57:12.567+0000] {subprocess.py:93} INFO -   3450K .......... .......... .......... .......... .......... 19%  584K 11s
[2023-01-27T04:57:12.650+0000] {subprocess.py:93} INFO -   3500K .......... .......... .......... .......... .......... 19%  607K 11s
[2023-01-27T04:57:12.765+0000] {subprocess.py:93} INFO -   3550K .......... .......... .......... .......... .......... 19%  436K 11s
[2023-01-27T04:57:12.833+0000] {subprocess.py:93} INFO -   3600K .......... .......... .......... .......... .......... 20%  730K 11s
[2023-01-27T04:57:12.905+0000] {subprocess.py:93} INFO -   3650K .......... .......... .......... .......... .......... 20%  694K 11s
[2023-01-27T04:57:12.975+0000] {subprocess.py:93} INFO -   3700K .......... .......... .......... .......... .......... 20%  712K 11s
[2023-01-27T04:57:13.044+0000] {subprocess.py:93} INFO -   3750K .......... .......... .......... .......... .......... 21%  725K 12s
[2023-01-27T04:57:13.120+0000] {subprocess.py:93} INFO -   3800K .......... .......... .......... .......... .......... 21%  660K 12s
[2023-01-27T04:57:13.190+0000] {subprocess.py:93} INFO -   3850K .......... .......... .......... .......... .......... 21%  717K 12s
[2023-01-27T04:57:13.270+0000] {subprocess.py:93} INFO -   3900K .......... .......... .......... .......... .......... 21%  621K 12s
[2023-01-27T04:57:13.368+0000] {subprocess.py:93} INFO -   3950K .......... .......... .......... .......... .......... 22%  510K 12s
[2023-01-27T04:57:13.436+0000] {subprocess.py:93} INFO -   4000K .......... .......... .......... .......... .......... 22%  737K 12s
[2023-01-27T04:57:13.512+0000] {subprocess.py:93} INFO -   4050K .......... .......... .......... .......... .......... 22%  658K 12s
[2023-01-27T04:57:13.584+0000] {subprocess.py:93} INFO -   4100K .......... .......... .......... .......... .......... 23%  700K 12s
[2023-01-27T04:57:13.663+0000] {subprocess.py:93} INFO -   4150K .......... .......... .......... .......... .......... 23%  628K 12s
[2023-01-27T04:57:13.736+0000] {subprocess.py:93} INFO -   4200K .......... .......... .......... .......... .......... 23%  688K 12s
[2023-01-27T04:57:13.781+0000] {subprocess.py:93} INFO -   4250K .......... .......... .......... .......... .......... 23% 1.09M 12s
[2023-01-27T04:57:13.802+0000] {subprocess.py:93} INFO -   4300K .......... .......... .......... .......... .......... 24% 2.29M 12s
[2023-01-27T04:57:13.818+0000] {subprocess.py:93} INFO -   4350K .......... .......... .......... .......... .......... 24% 3.12M 12s
[2023-01-27T04:57:13.822+0000] {subprocess.py:93} INFO -   4400K .......... .......... .......... .......... .......... 24% 10.7M 12s
[2023-01-27T04:57:13.842+0000] {subprocess.py:93} INFO -   4450K .......... .......... .......... .......... .......... 24% 2.41M 12s
[2023-01-27T04:57:13.877+0000] {subprocess.py:93} INFO -   4500K .......... .......... .......... .......... .......... 25% 1.39M 12s
[2023-01-27T04:57:13.905+0000] {subprocess.py:93} INFO -   4550K .......... .......... .......... .......... .......... 25% 1.77M 12s
[2023-01-27T04:57:13.916+0000] {subprocess.py:93} INFO -   4600K .......... .......... .......... .......... .......... 25% 4.59M 11s
[2023-01-27T04:57:13.928+0000] {subprocess.py:93} INFO -   4650K .......... .......... .......... .......... .......... 26% 4.03M 11s
[2023-01-27T04:57:13.998+0000] {subprocess.py:93} INFO -   4700K .......... .......... .......... .......... .......... 26%  717K 11s
[2023-01-27T04:57:14.031+0000] {subprocess.py:93} INFO -   4750K .......... .......... .......... .......... .......... 26% 2.76M 11s
[2023-01-27T04:57:14.046+0000] {subprocess.py:93} INFO -   4800K .......... .......... .......... .......... .......... 26% 1.57M 11s
[2023-01-27T04:57:14.067+0000] {subprocess.py:93} INFO -   4850K .......... .......... .......... .......... .......... 27% 2.35M 11s
[2023-01-27T04:57:14.120+0000] {subprocess.py:93} INFO -   4900K .......... .......... .......... .......... .......... 27%  938K 11s
[2023-01-27T04:57:14.146+0000] {subprocess.py:93} INFO -   4950K .......... .......... .......... .......... .......... 27% 1.90M 11s
[2023-01-27T04:57:14.170+0000] {subprocess.py:93} INFO -   5000K .......... .......... .......... .......... .......... 28% 2.05M 11s
[2023-01-27T04:57:14.183+0000] {subprocess.py:93} INFO -   5050K .......... .......... .......... .......... .......... 28% 3.69M 11s
[2023-01-27T04:57:14.245+0000] {subprocess.py:93} INFO -   5100K .......... .......... .......... .......... .......... 28%  804K 11s
[2023-01-27T04:57:14.276+0000] {subprocess.py:93} INFO -   5150K .......... .......... .......... .......... .......... 28% 1.80M 11s
[2023-01-27T04:57:14.292+0000] {subprocess.py:93} INFO -   5200K .......... .......... .......... .......... .......... 29% 2.57M 11s
[2023-01-27T04:57:14.314+0000] {subprocess.py:93} INFO -   5250K .......... .......... .......... .......... .......... 29% 2.19M 10s
[2023-01-27T04:57:14.327+0000] {subprocess.py:93} INFO -   5300K .......... .......... .......... .......... .......... 29% 3.66M 10s
[2023-01-27T04:57:14.353+0000] {subprocess.py:93} INFO -   5350K .......... .......... .......... .......... .......... 29% 1.92M 10s
[2023-01-27T04:57:14.419+0000] {subprocess.py:93} INFO -   5400K .......... .......... .......... .......... .......... 30%  749K 10s
[2023-01-27T04:57:14.441+0000] {subprocess.py:93} INFO -   5450K .......... .......... .......... .......... .......... 30% 2.21M 10s
[2023-01-27T04:57:14.463+0000] {subprocess.py:93} INFO -   5500K .......... .......... .......... .......... .......... 30% 2.27M 10s
[2023-01-27T04:57:14.488+0000] {subprocess.py:93} INFO -   5550K .......... .......... .......... .......... .......... 31% 2.32M 10s
[2023-01-27T04:57:14.562+0000] {subprocess.py:93} INFO -   5600K .......... .......... .......... .......... .......... 31%  643K 10s
[2023-01-27T04:57:14.588+0000] {subprocess.py:93} INFO -   5650K .......... .......... .......... .......... .......... 31% 1.84M 10s
[2023-01-27T04:57:14.611+0000] {subprocess.py:93} INFO -   5700K .......... .......... .......... .......... .......... 31% 2.17M 10s
[2023-01-27T04:57:14.619+0000] {subprocess.py:93} INFO -   5750K .......... .......... .......... .......... .......... 32% 6.14M 10s
[2023-01-27T04:57:14.643+0000] {subprocess.py:93} INFO -   5800K .......... .......... .......... .......... .......... 32% 2.05M 10s
[2023-01-27T04:57:14.656+0000] {subprocess.py:93} INFO -   5850K .......... .......... .......... .......... .......... 32% 3.67M 10s
[2023-01-27T04:57:14.669+0000] {subprocess.py:93} INFO -   5900K .......... .......... .......... .......... .......... 33% 3.65M 10s
[2023-01-27T04:57:14.743+0000] {subprocess.py:93} INFO -   5950K .......... .......... .......... .......... .......... 33% 3.16M 9s
[2023-01-27T04:57:14.757+0000] {subprocess.py:93} INFO -   6000K .......... .......... .......... .......... .......... 33%  694K 9s
[2023-01-27T04:57:14.783+0000] {subprocess.py:93} INFO -   6050K .......... .......... .......... .......... .......... 33% 1.87M 9s
[2023-01-27T04:57:14.901+0000] {subprocess.py:93} INFO -   6100K .......... .......... .......... .......... .......... 34%  424K 10s
[2023-01-27T04:57:14.925+0000] {subprocess.py:93} INFO -   6150K .......... .......... .......... .......... .......... 34% 1.99M 9s
[2023-01-27T04:57:14.964+0000] {subprocess.py:93} INFO -   6200K .......... .......... .......... .......... .......... 34% 1.27M 9s
[2023-01-27T04:57:15.002+0000] {subprocess.py:93} INFO -   6250K .......... .......... .......... .......... .......... 34% 1.27M 9s
[2023-01-27T04:57:15.041+0000] {subprocess.py:93} INFO -   6300K .......... .......... .......... .......... .......... 35% 1.27M 9s
[2023-01-27T04:57:15.075+0000] {subprocess.py:93} INFO -   6350K .......... .......... .......... .......... .......... 35% 1.44M 9s
[2023-01-27T04:57:15.149+0000] {subprocess.py:93} INFO -   6400K .......... .......... .......... .......... .......... 35%  670K 9s
[2023-01-27T04:57:15.172+0000] {subprocess.py:93} INFO -   6450K .......... .......... .......... .......... .......... 36% 2.13M 9s
[2023-01-27T04:57:15.241+0000] {subprocess.py:93} INFO -   6500K .......... .......... .......... .......... .......... 36%  839K 9s
[2023-01-27T04:57:15.280+0000] {subprocess.py:93} INFO -   6550K .......... .......... .......... .......... .......... 36% 1.03M 9s
[2023-01-27T04:57:15.311+0000] {subprocess.py:93} INFO -   6600K .......... .......... .......... .......... .......... 36% 1.57M 9s
[2023-01-27T04:57:15.328+0000] {subprocess.py:93} INFO -   6650K .......... .......... .......... .......... .......... 37% 2.75M 9s
[2023-01-27T04:57:15.376+0000] {subprocess.py:93} INFO -   6700K .......... .......... .......... .......... .......... 37% 1.03M 9s
[2023-01-27T04:57:15.420+0000] {subprocess.py:93} INFO -   6750K .......... .......... .......... .......... .......... 37% 1.11M 9s
[2023-01-27T04:57:15.459+0000] {subprocess.py:93} INFO -   6800K .......... .......... .......... .......... .......... 38% 1.23M 9s
[2023-01-27T04:57:15.505+0000] {subprocess.py:93} INFO -   6850K .......... .......... .......... .......... .......... 38% 1.07M 9s
[2023-01-27T04:57:15.540+0000] {subprocess.py:93} INFO -   6900K .......... .......... .......... .......... .......... 38% 1.38M 9s
[2023-01-27T04:57:15.567+0000] {subprocess.py:93} INFO -   6950K .......... .......... .......... .......... .......... 38% 1.88M 9s
[2023-01-27T04:57:15.695+0000] {subprocess.py:93} INFO -   7000K .......... .......... .......... .......... .......... 39%  388K 9s
[2023-01-27T04:57:15.723+0000] {subprocess.py:93} INFO -   7050K .......... .......... .......... .......... .......... 39% 1.78M 9s
[2023-01-27T04:57:15.725+0000] {subprocess.py:93} INFO -   7100K .......... .......... .......... .......... .......... 39% 22.1M 9s
[2023-01-27T04:57:15.748+0000] {subprocess.py:93} INFO -   7150K .......... .......... .......... .......... .......... 39% 2.15M 9s
[2023-01-27T04:57:15.770+0000] {subprocess.py:93} INFO -   7200K .......... .......... .......... .......... .......... 40% 2.26M 9s
[2023-01-27T04:57:15.785+0000] {subprocess.py:93} INFO -   7250K .......... .......... .......... .......... .......... 40% 3.21M 9s
[2023-01-27T04:57:15.815+0000] {subprocess.py:93} INFO -   7300K .......... .......... .......... .......... .......... 40% 1.60M 8s
[2023-01-27T04:57:15.838+0000] {subprocess.py:93} INFO -   7350K .......... .......... .......... .......... .......... 41% 2.11M 8s
[2023-01-27T04:57:15.870+0000] {subprocess.py:93} INFO -   7400K .......... .......... .......... .......... .......... 41% 1.55M 8s
[2023-01-27T04:57:15.902+0000] {subprocess.py:93} INFO -   7450K .......... .......... .......... .......... .......... 41% 1.53M 8s
[2023-01-27T04:57:15.950+0000] {subprocess.py:93} INFO -   7500K .......... .......... .......... .......... .......... 41% 1.00M 8s
[2023-01-27T04:57:15.982+0000] {subprocess.py:93} INFO -   7550K .......... .......... .......... .......... .......... 42% 2.12M 8s
[2023-01-27T04:57:16.024+0000] {subprocess.py:93} INFO -   7600K .......... .......... .......... .......... .......... 42%  991K 8s
[2023-01-27T04:57:16.055+0000] {subprocess.py:93} INFO -   7650K .......... .......... .......... .......... .......... 42% 1.57M 8s
[2023-01-27T04:57:16.080+0000] {subprocess.py:93} INFO -   7700K .......... .......... .......... .......... .......... 43% 1.94M 8s
[2023-01-27T04:57:16.121+0000] {subprocess.py:93} INFO -   7750K .......... .......... .......... .......... .......... 43% 1.21M 8s
[2023-01-27T04:57:16.154+0000] {subprocess.py:93} INFO -   7800K .......... .......... .......... .......... .......... 43% 1.48M 8s
[2023-01-27T04:57:16.176+0000] {subprocess.py:93} INFO -   7850K .......... .......... .......... .......... .......... 43% 2.21M 8s
[2023-01-27T04:57:16.211+0000] {subprocess.py:93} INFO -   7900K .......... .......... .......... .......... .......... 44% 1.39M 8s
[2023-01-27T04:57:16.257+0000] {subprocess.py:93} INFO -   7950K .......... .......... .......... .......... .......... 44% 1.23M 8s
[2023-01-27T04:57:16.295+0000] {subprocess.py:93} INFO -   8000K .......... .......... .......... .......... .......... 44% 1.11M 8s
[2023-01-27T04:57:16.325+0000] {subprocess.py:93} INFO -   8050K .......... .......... .......... .......... .......... 44% 1.62M 8s
[2023-01-27T04:57:16.372+0000] {subprocess.py:93} INFO -   8100K .......... .......... .......... .......... .......... 45% 1.05M 8s
[2023-01-27T04:57:16.406+0000] {subprocess.py:93} INFO -   8150K .......... .......... .......... .......... .......... 45% 1.43M 8s
[2023-01-27T04:57:16.436+0000] {subprocess.py:93} INFO -   8200K .......... .......... .......... .......... .......... 45% 1.63M 8s
[2023-01-27T04:57:16.483+0000] {subprocess.py:93} INFO -   8250K .......... .......... .......... .......... .......... 46% 1.03M 8s
[2023-01-27T04:57:16.523+0000] {subprocess.py:93} INFO -   8300K .......... .......... .......... .......... .......... 46% 1.23M 8s
[2023-01-27T04:57:16.561+0000] {subprocess.py:93} INFO -   8350K .......... .......... .......... .......... .......... 46% 1.65M 8s
[2023-01-27T04:57:16.605+0000] {subprocess.py:93} INFO -   8400K .......... .......... .......... .......... .......... 46%  956K 8s
[2023-01-27T04:57:16.647+0000] {subprocess.py:93} INFO -   8450K .......... .......... .......... .......... .......... 47% 1.17M 7s
[2023-01-27T04:57:16.680+0000] {subprocess.py:93} INFO -   8500K .......... .......... .......... .......... .......... 47% 1.44M 7s
[2023-01-27T04:57:16.726+0000] {subprocess.py:93} INFO -   8550K .......... .......... .......... .......... .......... 47% 1.07M 7s
[2023-01-27T04:57:16.758+0000] {subprocess.py:93} INFO -   8600K .......... .......... .......... .......... .......... 48% 1.55M 7s
[2023-01-27T04:57:16.784+0000] {subprocess.py:93} INFO -   8650K .......... .......... .......... .......... .......... 48% 1.84M 7s
[2023-01-27T04:57:16.804+0000] {subprocess.py:93} INFO -   8700K .......... .......... .......... .......... .......... 48% 2.49M 7s
[2023-01-27T04:57:16.854+0000] {subprocess.py:93} INFO -   8750K .......... .......... .......... .......... .......... 48% 1.07M 7s
[2023-01-27T04:57:16.882+0000] {subprocess.py:93} INFO -   8800K .......... .......... .......... .......... .......... 49% 1.50M 7s
[2023-01-27T04:57:16.912+0000] {subprocess.py:93} INFO -   8850K .......... .......... .......... .......... .......... 49% 1.61M 7s
[2023-01-27T04:57:16.947+0000] {subprocess.py:93} INFO -   8900K .......... .......... .......... .......... .......... 49% 1.41M 7s
[2023-01-27T04:57:16.988+0000] {subprocess.py:93} INFO -   8950K .......... .......... .......... .......... .......... 49% 1.19M 7s
[2023-01-27T04:57:17.016+0000] {subprocess.py:93} INFO -   9000K .......... .......... .......... .......... .......... 50% 1.73M 7s
[2023-01-27T04:57:17.056+0000] {subprocess.py:93} INFO -   9050K .......... .......... .......... .......... .......... 50% 1.24M 7s
[2023-01-27T04:57:17.095+0000] {subprocess.py:93} INFO -   9100K .......... .......... .......... .......... .......... 50% 1.24M 7s
[2023-01-27T04:57:17.147+0000] {subprocess.py:93} INFO -   9150K .......... .......... .......... .......... .......... 51% 1.26M 7s
[2023-01-27T04:57:17.177+0000] {subprocess.py:93} INFO -   9200K .......... .......... .......... .......... .......... 51% 1.12M 7s
[2023-01-27T04:57:17.212+0000] {subprocess.py:93} INFO -   9250K .......... .......... .......... .......... .......... 51% 1.39M 7s
[2023-01-27T04:57:17.248+0000] {subprocess.py:93} INFO -   9300K .......... .......... .......... .......... .......... 51% 1.36M 7s
[2023-01-27T04:57:17.270+0000] {subprocess.py:93} INFO -   9350K .......... .......... .......... .......... .......... 52% 2.22M 7s
[2023-01-27T04:57:17.297+0000] {subprocess.py:93} INFO -   9400K .......... .......... .......... .......... .......... 52% 1.83M 7s
[2023-01-27T04:57:17.339+0000] {subprocess.py:93} INFO -   9450K .......... .......... .......... .......... .......... 52% 1.16M 7s
[2023-01-27T04:57:17.385+0000] {subprocess.py:93} INFO -   9500K .......... .......... .......... .......... .......... 53% 1.06M 7s
[2023-01-27T04:57:17.416+0000] {subprocess.py:93} INFO -   9550K .......... .......... .......... .......... .......... 53% 2.26M 7s
[2023-01-27T04:57:17.445+0000] {subprocess.py:93} INFO -   9600K .......... .......... .......... .......... .......... 53% 1.27M 6s
[2023-01-27T04:57:17.506+0000] {subprocess.py:93} INFO -   9650K .......... .......... .......... .......... .......... 53%  815K 6s
[2023-01-27T04:57:17.534+0000] {subprocess.py:93} INFO -   9700K .......... .......... .......... .......... .......... 54% 1.73M 6s
[2023-01-27T04:57:17.562+0000] {subprocess.py:93} INFO -   9750K .......... .......... .......... .......... .......... 54% 1.76M 6s
[2023-01-27T04:57:17.582+0000] {subprocess.py:93} INFO -   9800K .......... .......... .......... .......... .......... 54% 2.40M 6s
[2023-01-27T04:57:17.614+0000] {subprocess.py:93} INFO -   9850K .......... .......... .......... .......... .......... 54% 1.52M 6s
[2023-01-27T04:57:17.632+0000] {subprocess.py:93} INFO -   9900K .......... .......... .......... .......... .......... 55% 2.74M 6s
[2023-01-27T04:57:17.704+0000] {subprocess.py:93} INFO -   9950K .......... .......... .......... .......... .......... 55%  804K 6s
[2023-01-27T04:57:17.751+0000] {subprocess.py:93} INFO -  10000K .......... .......... .......... .......... .......... 55%  895K 6s
[2023-01-27T04:57:17.772+0000] {subprocess.py:93} INFO -  10050K .......... .......... .......... .......... .......... 56% 2.25M 6s
[2023-01-27T04:57:17.807+0000] {subprocess.py:93} INFO -  10100K .......... .......... .......... .......... .......... 56% 1.38M 6s
[2023-01-27T04:57:17.835+0000] {subprocess.py:93} INFO -  10150K .......... .......... .......... .......... .......... 56% 1.81M 6s
[2023-01-27T04:57:17.872+0000] {subprocess.py:93} INFO -  10200K .......... .......... .......... .......... .......... 56% 1.31M 6s
[2023-01-27T04:57:17.925+0000] {subprocess.py:93} INFO -  10250K .......... .......... .......... .......... .......... 57%  936K 6s
[2023-01-27T04:57:17.954+0000] {subprocess.py:93} INFO -  10300K .......... .......... .......... .......... .......... 57% 1.72M 6s
[2023-01-27T04:57:17.995+0000] {subprocess.py:93} INFO -  10350K .......... .......... .......... .......... .......... 57% 1.57M 6s
[2023-01-27T04:57:18.046+0000] {subprocess.py:93} INFO -  10400K .......... .......... .......... .......... .......... 58%  813K 6s
[2023-01-27T04:57:18.082+0000] {subprocess.py:93} INFO -  10450K .......... .......... .......... .......... .......... 58% 1.38M 6s
[2023-01-27T04:57:18.149+0000] {subprocess.py:93} INFO -  10500K .......... .......... .......... .......... .......... 58%  748K 6s
[2023-01-27T04:57:18.182+0000] {subprocess.py:93} INFO -  10550K .......... .......... .......... .......... .......... 58% 1.45M 6s
[2023-01-27T04:57:18.203+0000] {subprocess.py:93} INFO -  10600K .......... .......... .......... .......... .......... 59% 2.27M 6s
[2023-01-27T04:57:18.240+0000] {subprocess.py:93} INFO -  10650K .......... .......... .......... .......... .......... 59% 1.35M 6s
[2023-01-27T04:57:18.265+0000] {subprocess.py:93} INFO -  10700K .......... .......... .......... .......... .......... 59% 1.91M 6s
[2023-01-27T04:57:18.301+0000] {subprocess.py:93} INFO -  10750K .......... .......... .......... .......... .......... 59% 1.57M 6s
[2023-01-27T04:57:18.319+0000] {subprocess.py:93} INFO -  10800K .......... .......... .......... .......... .......... 60% 2.21M 6s
[2023-01-27T04:57:18.338+0000] {subprocess.py:93} INFO -  10850K .......... .......... .......... .......... .......... 60% 2.54M 5s
[2023-01-27T04:57:18.404+0000] {subprocess.py:93} INFO -  10900K .......... .......... .......... .......... .......... 60%  753K 5s
[2023-01-27T04:57:18.435+0000] {subprocess.py:93} INFO -  10950K .......... .......... .......... .......... .......... 61% 1.60M 5s
[2023-01-27T04:57:18.454+0000] {subprocess.py:93} INFO -  11000K .......... .......... .......... .......... .......... 61% 2.52M 5s
[2023-01-27T04:57:18.482+0000] {subprocess.py:93} INFO -  11050K .......... .......... .......... .......... .......... 61% 1.77M 5s
[2023-01-27T04:57:18.515+0000] {subprocess.py:93} INFO -  11100K .......... .......... .......... .......... .......... 61% 1.48M 5s
[2023-01-27T04:57:18.555+0000] {subprocess.py:93} INFO -  11150K .......... .......... .......... .......... .......... 62% 1.57M 5s
[2023-01-27T04:57:18.607+0000] {subprocess.py:93} INFO -  11200K .......... .......... .......... .......... .......... 62%  815K 5s
[2023-01-27T04:57:18.635+0000] {subprocess.py:93} INFO -  11250K .......... .......... .......... .......... .......... 62% 1.78M 5s
[2023-01-27T04:57:18.657+0000] {subprocess.py:93} INFO -  11300K .......... .......... .......... .......... .......... 63% 2.22M 5s
[2023-01-27T04:57:18.674+0000] {subprocess.py:93} INFO -  11350K .......... .......... .......... .......... .......... 63% 2.77M 5s
[2023-01-27T04:57:18.705+0000] {subprocess.py:93} INFO -  11400K .......... .......... .......... .......... .......... 63% 1.59M 5s
[2023-01-27T04:57:18.776+0000] {subprocess.py:93} INFO -  11450K .......... .......... .......... .......... .......... 63%  701K 5s
[2023-01-27T04:57:18.798+0000] {subprocess.py:93} INFO -  11500K .......... .......... .......... .......... .......... 64% 2.25M 5s
[2023-01-27T04:57:18.826+0000] {subprocess.py:93} INFO -  11550K .......... .......... .......... .......... .......... 64% 2.34M 5s
[2023-01-27T04:57:18.834+0000] {subprocess.py:93} INFO -  11600K .......... .......... .......... .......... .......... 64% 3.12M 5s
[2023-01-27T04:57:18.849+0000] {subprocess.py:93} INFO -  11650K .......... .......... .......... .......... .......... 64% 3.44M 5s
[2023-01-27T04:57:18.867+0000] {subprocess.py:93} INFO -  11700K .......... .......... .......... .......... .......... 65% 2.64M 5s
[2023-01-27T04:57:18.948+0000] {subprocess.py:93} INFO -  11750K .......... .......... .......... .......... .......... 65%  619K 5s
[2023-01-27T04:57:18.975+0000] {subprocess.py:93} INFO -  11800K .......... .......... .......... .......... .......... 65% 1.79M 5s
[2023-01-27T04:57:18.980+0000] {subprocess.py:93} INFO -  11850K .......... .......... .......... .......... .......... 66% 9.31M 5s
[2023-01-27T04:57:19.053+0000] {subprocess.py:93} INFO -  11900K .......... .......... .......... .......... .......... 66%  691K 5s
[2023-01-27T04:57:19.089+0000] {subprocess.py:93} INFO -  11950K .......... .......... .......... .......... .......... 66% 2.23M 5s
[2023-01-27T04:57:19.122+0000] {subprocess.py:93} INFO -  12000K .......... .......... .......... .......... .......... 66% 1.03M 5s
[2023-01-27T04:57:19.147+0000] {subprocess.py:93} INFO -  12050K .......... .......... .......... .......... .......... 67% 1.98M 4s
[2023-01-27T04:57:19.167+0000] {subprocess.py:93} INFO -  12100K .......... .......... .......... .......... .......... 67% 2.40M 4s
[2023-01-27T04:57:19.191+0000] {subprocess.py:93} INFO -  12150K .......... .......... .......... .......... .......... 67% 2.02M 4s
[2023-01-27T04:57:19.203+0000] {subprocess.py:93} INFO -  12200K .......... .......... .......... .......... .......... 68% 4.10M 4s
[2023-01-27T04:57:19.218+0000] {subprocess.py:93} INFO -  12250K .......... .......... .......... .......... .......... 68% 3.34M 4s
[2023-01-27T04:57:19.239+0000] {subprocess.py:93} INFO -  12300K .......... .......... .......... .......... .......... 68% 2.34M 4s
[2023-01-27T04:57:19.303+0000] {subprocess.py:93} INFO -  12350K .......... .......... .......... .......... .......... 68%  868K 4s
[2023-01-27T04:57:19.315+0000] {subprocess.py:93} INFO -  12400K .......... .......... .......... .......... .......... 69% 2.67M 4s
[2023-01-27T04:57:19.356+0000] {subprocess.py:93} INFO -  12450K .......... .......... .......... .......... .......... 69% 1.18M 4s
[2023-01-27T04:57:19.380+0000] {subprocess.py:93} INFO -  12500K .......... .......... .......... .......... .......... 69% 2.03M 4s
[2023-01-27T04:57:19.438+0000] {subprocess.py:93} INFO -  12550K .......... .......... .......... .......... .......... 69%  865K 4s
[2023-01-27T04:57:19.478+0000] {subprocess.py:93} INFO -  12600K .......... .......... .......... .......... .......... 70% 1.22M 4s
[2023-01-27T04:57:19.491+0000] {subprocess.py:93} INFO -  12650K .......... .......... .......... .......... .......... 70% 3.76M 4s
[2023-01-27T04:57:19.517+0000] {subprocess.py:93} INFO -  12700K .......... .......... .......... .......... .......... 70% 1.85M 4s
[2023-01-27T04:57:19.544+0000] {subprocess.py:93} INFO -  12750K .......... .......... .......... .......... .......... 71% 2.21M 4s
[2023-01-27T04:57:19.570+0000] {subprocess.py:93} INFO -  12800K .......... .......... .......... .......... .......... 71% 1.61M 4s
[2023-01-27T04:57:19.609+0000] {subprocess.py:93} INFO -  12850K .......... .......... .......... .......... .......... 71% 1.26M 4s
[2023-01-27T04:57:19.639+0000] {subprocess.py:93} INFO -  12900K .......... .......... .......... .......... .......... 71% 1.61M 4s
[2023-01-27T04:57:19.669+0000] {subprocess.py:93} INFO -  12950K .......... .......... .......... .......... .......... 72% 1.62M 4s
[2023-01-27T04:57:19.691+0000] {subprocess.py:93} INFO -  13000K .......... .......... .......... .......... .......... 72% 2.26M 4s
[2023-01-27T04:57:19.724+0000] {subprocess.py:93} INFO -  13050K .......... .......... .......... .......... .......... 72% 1.47M 4s
[2023-01-27T04:57:19.762+0000] {subprocess.py:93} INFO -  13100K .......... .......... .......... .......... .......... 73% 1.29M 4s
[2023-01-27T04:57:19.804+0000] {subprocess.py:93} INFO -  13150K .......... .......... .......... .......... .......... 73% 1.53M 4s
[2023-01-27T04:57:19.825+0000] {subprocess.py:93} INFO -  13200K .......... .......... .......... .......... .......... 73% 1.55M 4s
[2023-01-27T04:57:19.852+0000] {subprocess.py:93} INFO -  13250K .......... .......... .......... .......... .......... 73% 1.83M 4s
[2023-01-27T04:57:19.886+0000] {subprocess.py:93} INFO -  13300K .......... .......... .......... .......... .......... 74% 1.44M 3s
[2023-01-27T04:57:19.911+0000] {subprocess.py:93} INFO -  13350K .......... .......... .......... .......... .......... 74% 1.91M 3s
[2023-01-27T04:57:19.927+0000] {subprocess.py:93} INFO -  13400K .......... .......... .......... .......... .......... 74% 3.22M 3s
[2023-01-27T04:57:19.979+0000] {subprocess.py:93} INFO -  13450K .......... .......... .......... .......... .......... 74%  950K 3s
[2023-01-27T04:57:19.997+0000] {subprocess.py:93} INFO -  13500K .......... .......... .......... .......... .......... 75% 2.80M 3s
[2023-01-27T04:57:20.027+0000] {subprocess.py:93} INFO -  13550K .......... .......... .......... .......... .......... 75% 1.83M 3s
[2023-01-27T04:57:20.038+0000] {subprocess.py:93} INFO -  13600K .......... .......... .......... .......... .......... 75% 3.28M 3s
[2023-01-27T04:57:20.048+0000] {subprocess.py:93} INFO -  13650K .......... .......... .......... .......... .......... 76% 4.79M 3s
[2023-01-27T04:57:20.097+0000] {subprocess.py:93} INFO -  13700K .......... .......... .......... .......... .......... 76% 1.00M 3s
[2023-01-27T04:57:20.117+0000] {subprocess.py:93} INFO -  13750K .......... .......... .......... .......... .......... 76% 2.48M 3s
[2023-01-27T04:57:20.126+0000] {subprocess.py:93} INFO -  13800K .......... .......... .......... .......... .......... 76% 5.50M 3s
[2023-01-27T04:57:20.159+0000] {subprocess.py:93} INFO -  13850K .......... .......... .......... .......... .......... 77% 1.46M 3s
[2023-01-27T04:57:20.188+0000] {subprocess.py:93} INFO -  13900K .......... .......... .......... .......... .......... 77% 1.70M 3s
[2023-01-27T04:57:20.208+0000] {subprocess.py:93} INFO -  13950K .......... .......... .......... .......... .......... 77% 3.14M 3s
[2023-01-27T04:57:20.217+0000] {subprocess.py:93} INFO -  14000K .......... .......... .......... .......... .......... 78% 3.66M 3s
[2023-01-27T04:57:20.255+0000] {subprocess.py:93} INFO -  14050K .......... .......... .......... .......... .......... 78% 1.29M 3s
[2023-01-27T04:57:20.272+0000] {subprocess.py:93} INFO -  14100K .......... .......... .......... .......... .......... 78% 2.78M 3s
[2023-01-27T04:57:20.288+0000] {subprocess.py:93} INFO -  14150K .......... .......... .......... .......... .......... 78% 3.05M 3s
[2023-01-27T04:57:20.315+0000] {subprocess.py:93} INFO -  14200K .......... .......... .......... .......... .......... 79% 1.84M 3s
[2023-01-27T04:57:20.340+0000] {subprocess.py:93} INFO -  14250K .......... .......... .......... .......... .......... 79% 1.92M 3s
[2023-01-27T04:57:20.349+0000] {subprocess.py:93} INFO -  14300K .......... .......... .......... .......... .......... 79% 5.49M 3s
[2023-01-27T04:57:20.362+0000] {subprocess.py:93} INFO -  14350K .......... .......... .......... .......... .......... 79% 5.48M 3s
[2023-01-27T04:57:20.399+0000] {subprocess.py:93} INFO -  14400K .......... .......... .......... .......... .......... 80% 1.19M 3s
[2023-01-27T04:57:20.423+0000] {subprocess.py:93} INFO -  14450K .......... .......... .......... .......... .......... 80% 2.01M 3s
[2023-01-27T04:57:20.442+0000] {subprocess.py:93} INFO -  14500K .......... .......... .......... .......... .......... 80% 2.62M 2s
[2023-01-27T04:57:20.451+0000] {subprocess.py:93} INFO -  14550K .......... .......... .......... .......... .......... 81% 5.46M 2s
[2023-01-27T04:57:20.488+0000] {subprocess.py:93} INFO -  14600K .......... .......... .......... .......... .......... 81% 1.31M 2s
[2023-01-27T04:57:20.508+0000] {subprocess.py:93} INFO -  14650K .......... .......... .......... .......... .......... 81% 2.52M 2s
[2023-01-27T04:57:20.521+0000] {subprocess.py:93} INFO -  14700K .......... .......... .......... .......... .......... 81% 3.65M 2s
[2023-01-27T04:57:20.539+0000] {subprocess.py:93} INFO -  14750K .......... .......... .......... .......... .......... 82% 5.51M 2s
[2023-01-27T04:57:20.584+0000] {subprocess.py:93} INFO -  14800K .......... .......... .......... .......... .......... 82%  917K 2s
[2023-01-27T04:57:20.598+0000] {subprocess.py:93} INFO -  14850K .......... .......... .......... .......... .......... 82% 3.69M 2s
[2023-01-27T04:57:20.614+0000] {subprocess.py:93} INFO -  14900K .......... .......... .......... .......... .......... 83% 3.06M 2s
[2023-01-27T04:57:20.634+0000] {subprocess.py:93} INFO -  14950K .......... .......... .......... .......... .......... 83% 2.42M 2s
[2023-01-27T04:57:20.647+0000] {subprocess.py:93} INFO -  15000K .......... .......... .......... .......... .......... 83% 3.68M 2s
[2023-01-27T04:57:20.666+0000] {subprocess.py:93} INFO -  15050K .......... .......... .......... .......... .......... 83% 2.58M 2s
[2023-01-27T04:57:20.707+0000] {subprocess.py:93} INFO -  15100K .......... .......... .......... .......... .......... 84% 1.21M 2s
[2023-01-27T04:57:20.729+0000] {subprocess.py:93} INFO -  15150K .......... .......... .......... .......... .......... 84% 2.19M 2s
[2023-01-27T04:57:20.738+0000] {subprocess.py:93} INFO -  15200K .......... .......... .......... .......... .......... 84% 5.54M 2s
[2023-01-27T04:57:20.753+0000] {subprocess.py:93} INFO -  15250K .......... .......... .......... .......... .......... 84% 5.47M 2s
[2023-01-27T04:57:20.792+0000] {subprocess.py:93} INFO -  15300K .......... .......... .......... .......... .......... 85% 1.07M 2s
[2023-01-27T04:57:20.810+0000] {subprocess.py:93} INFO -  15350K .......... .......... .......... .......... .......... 85% 2.68M 2s
[2023-01-27T04:57:20.819+0000] {subprocess.py:93} INFO -  15400K .......... .......... .......... .......... .......... 85% 5.46M 2s
[2023-01-27T04:57:20.836+0000] {subprocess.py:93} INFO -  15450K .......... .......... .......... .......... .......... 86% 2.92M 2s
[2023-01-27T04:57:20.876+0000] {subprocess.py:93} INFO -  15500K .......... .......... .......... .......... .......... 86% 1.24M 2s
[2023-01-27T04:57:20.889+0000] {subprocess.py:93} INFO -  15550K .......... .......... .......... .......... .......... 86% 3.69M 2s
[2023-01-27T04:57:20.909+0000] {subprocess.py:93} INFO -  15600K .......... .......... .......... .......... .......... 86% 6.53M 2s
[2023-01-27T04:57:20.927+0000] {subprocess.py:93} INFO -  15650K .......... .......... .......... .......... .......... 87% 1.58M 2s
[2023-01-27T04:57:20.939+0000] {subprocess.py:93} INFO -  15700K .......... .......... .......... .......... .......... 87% 4.29M 2s
[2023-01-27T04:57:20.965+0000] {subprocess.py:93} INFO -  15750K .......... .......... .......... .......... .......... 87% 1.87M 2s
[2023-01-27T04:57:20.982+0000] {subprocess.py:93} INFO -  15800K .......... .......... .......... .......... .......... 88% 2.73M 2s
[2023-01-27T04:57:21.008+0000] {subprocess.py:93} INFO -  15850K .......... .......... .......... .......... .......... 88% 2.35M 1s
[2023-01-27T04:57:21.038+0000] {subprocess.py:93} INFO -  15900K .......... .......... .......... .......... .......... 88% 1.40M 1s
[2023-01-27T04:57:21.055+0000] {subprocess.py:93} INFO -  15950K .......... .......... .......... .......... .......... 88% 2.83M 1s
[2023-01-27T04:57:21.079+0000] {subprocess.py:93} INFO -  16000K .......... .......... .......... .......... .......... 89% 2.03M 1s
[2023-01-27T04:57:21.092+0000] {subprocess.py:93} INFO -  16050K .......... .......... .......... .......... .......... 89% 3.95M 1s
[2023-01-27T04:57:21.105+0000] {subprocess.py:93} INFO -  16100K .......... .......... .......... .......... .......... 89% 3.82M 1s
[2023-01-27T04:57:21.139+0000] {subprocess.py:93} INFO -  16150K .......... .......... .......... .......... .......... 89% 1.40M 1s
[2023-01-27T04:57:21.153+0000] {subprocess.py:93} INFO -  16200K .......... .......... .......... .......... .......... 90% 3.68M 1s
[2023-01-27T04:57:21.170+0000] {subprocess.py:93} INFO -  16250K .......... .......... .......... .......... .......... 90% 2.77M 1s
[2023-01-27T04:57:21.194+0000] {subprocess.py:93} INFO -  16300K .......... .......... .......... .......... .......... 90% 2.04M 1s
[2023-01-27T04:57:21.238+0000] {subprocess.py:93} INFO -  16350K .......... .......... .......... .......... .......... 91% 1.12M 1s
[2023-01-27T04:57:21.256+0000] {subprocess.py:93} INFO -  16400K .......... .......... .......... .......... .......... 91% 2.69M 1s
[2023-01-27T04:57:21.270+0000] {subprocess.py:93} INFO -  16450K .......... .......... .......... .......... .......... 91% 3.45M 1s
[2023-01-27T04:57:21.288+0000] {subprocess.py:93} INFO -  16500K .......... .......... .......... .......... .......... 91% 2.76M 1s
[2023-01-27T04:57:21.311+0000] {subprocess.py:93} INFO -  16550K .......... .......... .......... .......... .......... 92% 2.15M 1s
[2023-01-27T04:57:21.348+0000] {subprocess.py:93} INFO -  16600K .......... .......... .......... .......... .......... 92% 1.29M 1s
[2023-01-27T04:57:21.366+0000] {subprocess.py:93} INFO -  16650K .......... .......... .......... .......... .......... 92% 2.73M 1s
[2023-01-27T04:57:21.385+0000] {subprocess.py:93} INFO -  16700K .......... .......... .......... .......... .......... 93% 2.54M 1s
[2023-01-27T04:57:21.412+0000] {subprocess.py:93} INFO -  16750K .......... .......... .......... .......... .......... 93% 1.81M 1s
[2023-01-27T04:57:21.436+0000] {subprocess.py:93} INFO -  16800K .......... .......... .......... .......... .......... 93% 2.04M 1s
[2023-01-27T04:57:21.449+0000] {subprocess.py:93} INFO -  16850K .......... .......... .......... .......... .......... 93% 3.80M 1s
[2023-01-27T04:57:21.481+0000] {subprocess.py:93} INFO -  16900K .......... .......... .......... .......... .......... 94% 1.55M 1s
[2023-01-27T04:57:21.494+0000] {subprocess.py:93} INFO -  16950K .......... .......... .......... .......... .......... 94% 3.65M 1s
[2023-01-27T04:57:21.519+0000] {subprocess.py:93} INFO -  17000K .......... .......... .......... .......... .......... 94% 1.93M 1s
[2023-01-27T04:57:21.533+0000] {subprocess.py:93} INFO -  17050K .......... .......... .......... .......... .......... 94% 3.57M 1s
[2023-01-27T04:57:21.559+0000] {subprocess.py:93} INFO -  17100K .......... .......... .......... .......... .......... 95% 1.85M 1s
[2023-01-27T04:57:21.579+0000] {subprocess.py:93} INFO -  17150K .......... .......... .......... .......... .......... 95% 2.43M 1s
[2023-01-27T04:57:21.603+0000] {subprocess.py:93} INFO -  17200K .......... .......... .......... .......... .......... 95% 2.06M 1s
[2023-01-27T04:57:21.622+0000] {subprocess.py:93} INFO -  17250K .......... .......... .......... .......... .......... 96% 2.66M 0s
[2023-01-27T04:57:21.654+0000] {subprocess.py:93} INFO -  17300K .......... .......... .......... .......... .......... 96% 1.50M 0s
[2023-01-27T04:57:21.700+0000] {subprocess.py:93} INFO -  17350K .......... .......... .......... .......... .......... 96% 1.07M 0s
[2023-01-27T04:57:21.726+0000] {subprocess.py:93} INFO -  17400K .......... .......... .......... .......... .......... 96% 1.87M 0s
[2023-01-27T04:57:21.752+0000] {subprocess.py:93} INFO -  17450K .......... .......... .......... .......... .......... 97% 2.23M 0s
[2023-01-27T04:57:21.771+0000] {subprocess.py:93} INFO -  17500K .......... .......... .......... .......... .......... 97% 2.10M 0s
[2023-01-27T04:57:21.792+0000] {subprocess.py:93} INFO -  17550K .......... .......... .......... .......... .......... 97% 2.32M 0s
[2023-01-27T04:57:21.817+0000] {subprocess.py:93} INFO -  17600K .......... .......... .......... .......... .......... 98% 1.93M 0s
[2023-01-27T04:57:21.836+0000] {subprocess.py:93} INFO -  17650K .......... .......... .......... .......... .......... 98% 2.65M 0s
[2023-01-27T04:57:21.860+0000] {subprocess.py:93} INFO -  17700K .......... .......... .......... .......... .......... 98% 3.32M 0s
[2023-01-27T04:57:21.888+0000] {subprocess.py:93} INFO -  17750K .......... .......... .......... .......... .......... 98% 1.30M 0s
[2023-01-27T04:57:21.906+0000] {subprocess.py:93} INFO -  17800K .......... .......... .......... .......... .......... 99% 2.77M 0s
[2023-01-27T04:57:21.996+0000] {subprocess.py:93} INFO -  17850K .......... .......... .......... .......... .......... 99%  552K 0s
[2023-01-27T04:57:22.000+0000] {subprocess.py:93} INFO -  17900K .......... .......... .......... .......... .......... 99% 15.5M 0s
[2023-01-27T04:57:22.002+0000] {subprocess.py:93} INFO -  17950K .......... .......... .......... .......... .......... 99% 18.7M 0s
[2023-01-27T04:57:22.003+0000] {subprocess.py:93} INFO -  18000K ..........                                            100%  150M=12s
[2023-01-27T04:57:22.003+0000] {subprocess.py:93} INFO - 
[2023-01-27T04:57:22.003+0000] {subprocess.py:93} INFO - 2023-01-27 04:57:22 (1.46 MB/s) - ‘/opt/***/fhv_tripdata_2019-05.csv.gz’ saved [18442337/18442337]
[2023-01-27T04:57:22.003+0000] {subprocess.py:93} INFO - 
[2023-01-27T04:57:22.003+0000] {subprocess.py:97} INFO - Command exited with return code 0
[2023-01-27T04:57:22.034+0000] {taskinstance.py:1323} INFO - Marking task as SUCCESS. dag_id=fhv_taxi_data_dag_v1, task_id=download_ytd_dataset_from_web, execution_date=20190501T000000, start_date=20230127T045709, end_date=20230127T045722
[2023-01-27T04:57:22.153+0000] {local_task_job.py:208} INFO - Task exited with return code 0
[2023-01-27T04:57:22.192+0000] {taskinstance.py:2578} INFO - 1 downstream tasks scheduled from follow-on schedule check
