[2023-01-27T04:58:35.123+0000] {taskinstance.py:1083} INFO - Dependencies all met for <TaskInstance: fhv_taxi_data_dag_v1.download_ytd_dataset_from_web scheduled__2020-09-01T00:00:00+00:00 [queued]>
[2023-01-27T04:58:35.133+0000] {taskinstance.py:1083} INFO - Dependencies all met for <TaskInstance: fhv_taxi_data_dag_v1.download_ytd_dataset_from_web scheduled__2020-09-01T00:00:00+00:00 [queued]>
[2023-01-27T04:58:35.133+0000] {taskinstance.py:1279} INFO - 
--------------------------------------------------------------------------------
[2023-01-27T04:58:35.133+0000] {taskinstance.py:1280} INFO - Starting attempt 1 of 1
[2023-01-27T04:58:35.133+0000] {taskinstance.py:1281} INFO - 
--------------------------------------------------------------------------------
[2023-01-27T04:58:35.150+0000] {taskinstance.py:1300} INFO - Executing <Task(BashOperator): download_ytd_dataset_from_web> on 2020-09-01 00:00:00+00:00
[2023-01-27T04:58:35.156+0000] {standard_task_runner.py:55} INFO - Started process 7370 to run task
[2023-01-27T04:58:35.159+0000] {standard_task_runner.py:82} INFO - Running: ['***', 'tasks', 'run', 'fhv_taxi_data_dag_v1', 'download_ytd_dataset_from_web', 'scheduled__2020-09-01T00:00:00+00:00', '--job-id', '5761', '--raw', '--subdir', 'DAGS_FOLDER/data_ingestion_gcs_dag_v1_fhv.py', '--cfg-path', '/tmp/tmpzetsy3cj']
[2023-01-27T04:58:35.160+0000] {standard_task_runner.py:83} INFO - Job 5761: Subtask download_ytd_dataset_from_web
[2023-01-27T04:58:35.213+0000] {task_command.py:388} INFO - Running <TaskInstance: fhv_taxi_data_dag_v1.download_ytd_dataset_from_web scheduled__2020-09-01T00:00:00+00:00 [running]> on host 8bc22b99c76b
[2023-01-27T04:58:35.296+0000] {taskinstance.py:1509} INFO - Exporting the following env vars:
AIRFLOW_CTX_DAG_OWNER=***
AIRFLOW_CTX_DAG_ID=fhv_taxi_data_dag_v1
AIRFLOW_CTX_TASK_ID=download_ytd_dataset_from_web
AIRFLOW_CTX_EXECUTION_DATE=2020-09-01T00:00:00+00:00
AIRFLOW_CTX_TRY_NUMBER=1
AIRFLOW_CTX_DAG_RUN_ID=scheduled__2020-09-01T00:00:00+00:00
[2023-01-27T04:58:35.298+0000] {subprocess.py:63} INFO - Tmp dir root location: 
 /tmp
[2023-01-27T04:58:35.299+0000] {subprocess.py:75} INFO - Running command: ['/bin/bash', '-c', 'wget https://github.com/DataTalksClub/nyc-tlc-data/releases/download/fhv/fhv_tripdata_2020-09.csv.gz -O /opt/***/fhv_tripdata_2020-09.csv.gz']
[2023-01-27T04:58:35.315+0000] {subprocess.py:86} INFO - Output:
[2023-01-27T04:58:35.319+0000] {subprocess.py:93} INFO - --2023-01-27 04:58:35--  https://github.com/DataTalksClub/nyc-tlc-data/releases/download/fhv/fhv_tripdata_2020-09.csv.gz
[2023-01-27T04:58:35.331+0000] {subprocess.py:93} INFO - Resolving github.com (github.com)... 140.82.121.3
[2023-01-27T04:58:35.355+0000] {subprocess.py:93} INFO - Connecting to github.com (github.com)|140.82.121.3|:443... connected.
[2023-01-27T04:58:35.679+0000] {subprocess.py:93} INFO - HTTP request sent, awaiting response... 302 Found
[2023-01-27T04:58:35.679+0000] {subprocess.py:93} INFO - Location: https://objects.githubusercontent.com/github-production-release-asset-2e65be/513814948/211425fa-c9bb-474c-99de-f921ade78e8e?X-Amz-Algorithm=AWS4-HMAC-SHA256&X-Amz-Credential=AKIAIWNJYAX4CSVEH53A%2F20230127%2Fus-east-1%2Fs3%2Faws4_request&X-Amz-Date=20230127T045707Z&X-Amz-Expires=300&X-Amz-Signature=9f19c37b05a95ca2c8997afbe6adc5645db9b142efda95b972a9bced0bd305c4&X-Amz-SignedHeaders=host&actor_id=0&key_id=0&repo_id=513814948&response-content-disposition=attachment%3B%20filename%3Dfhv_tripdata_2020-09.csv.gz&response-content-type=application%2Foctet-stream [following]
[2023-01-27T04:58:35.680+0000] {subprocess.py:93} INFO - --2023-01-27 04:58:35--  https://objects.githubusercontent.com/github-production-release-asset-2e65be/513814948/211425fa-c9bb-474c-99de-f921ade78e8e?X-Amz-Algorithm=AWS4-HMAC-SHA256&X-Amz-Credential=AKIAIWNJYAX4CSVEH53A%2F20230127%2Fus-east-1%2Fs3%2Faws4_request&X-Amz-Date=20230127T045707Z&X-Amz-Expires=300&X-Amz-Signature=9f19c37b05a95ca2c8997afbe6adc5645db9b142efda95b972a9bced0bd305c4&X-Amz-SignedHeaders=host&actor_id=0&key_id=0&repo_id=513814948&response-content-disposition=attachment%3B%20filename%3Dfhv_tripdata_2020-09.csv.gz&response-content-type=application%2Foctet-stream
[2023-01-27T04:58:35.684+0000] {subprocess.py:93} INFO - Resolving objects.githubusercontent.com (objects.githubusercontent.com)... 185.199.111.133, 185.199.109.133, 185.199.108.133, ...
[2023-01-27T04:58:35.704+0000] {subprocess.py:93} INFO - Connecting to objects.githubusercontent.com (objects.githubusercontent.com)|185.199.111.133|:443... connected.
[2023-01-27T04:58:36.088+0000] {subprocess.py:93} INFO - HTTP request sent, awaiting response... 200 OK
[2023-01-27T04:58:36.089+0000] {subprocess.py:93} INFO - Length: 13501104 (13M) [application/octet-stream]
[2023-01-27T04:58:36.089+0000] {subprocess.py:93} INFO - Saving to: ‘/opt/***/fhv_tripdata_2020-09.csv.gz’
[2023-01-27T04:58:36.089+0000] {subprocess.py:93} INFO - 
[2023-01-27T04:58:36.114+0000] {subprocess.py:93} INFO -      0K .......... .......... .......... .......... ..........  0% 1.92M 7s
[2023-01-27T04:58:36.133+0000] {subprocess.py:93} INFO -     50K .......... .......... .......... .......... ..........  0% 2.50M 6s
[2023-01-27T04:58:36.137+0000] {subprocess.py:93} INFO -    100K .......... .......... .......... .......... ..........  1% 12.9M 4s
[2023-01-27T04:58:36.142+0000] {subprocess.py:93} INFO -    150K .......... .......... .......... .......... ..........  1% 10.2M 3s
[2023-01-27T04:58:36.151+0000] {subprocess.py:93} INFO -    200K .......... .......... .......... .......... ..........  1% 5.18M 3s
[2023-01-27T04:58:36.157+0000] {subprocess.py:93} INFO -    250K .......... .......... .......... .......... ..........  2% 8.36M 3s
[2023-01-27T04:58:36.164+0000] {subprocess.py:93} INFO -    300K .......... .......... .......... .......... ..........  2% 7.51M 3s
[2023-01-27T04:58:36.174+0000] {subprocess.py:93} INFO -    350K .......... .......... .......... .......... ..........  3% 4.58M 3s
[2023-01-27T04:58:36.178+0000] {subprocess.py:93} INFO -    400K .......... .......... .......... .......... ..........  3% 13.4M 3s
[2023-01-27T04:58:36.189+0000] {subprocess.py:93} INFO -    450K .......... .......... .......... .......... ..........  3% 4.57M 3s
[2023-01-27T04:58:36.192+0000] {subprocess.py:93} INFO -    500K .......... .......... .......... .......... ..........  4% 16.7M 2s
[2023-01-27T04:58:36.192+0000] {subprocess.py:93} INFO -    550K .......... .......... .......... .......... ..........  4%  411M 2s
[2023-01-27T04:58:36.193+0000] {subprocess.py:93} INFO -    600K .......... .......... .......... .......... ..........  4% 26.1M 2s
[2023-01-27T04:58:36.194+0000] {subprocess.py:93} INFO -    650K .......... .......... .......... .......... ..........  5%  496M 2s
[2023-01-27T04:58:36.198+0000] {subprocess.py:93} INFO -    700K .......... .......... .......... .......... ..........  5% 10.5M 2s
[2023-01-27T04:58:36.203+0000] {subprocess.py:93} INFO -    750K .......... .......... .......... .......... ..........  6% 10.8M 2s
[2023-01-27T04:58:36.205+0000] {subprocess.py:93} INFO -    800K .......... .......... .......... .......... ..........  6% 19.9M 2s
[2023-01-27T04:58:36.209+0000] {subprocess.py:93} INFO -    850K .......... .......... .......... .......... ..........  6% 12.8M 2s
[2023-01-27T04:58:36.209+0000] {subprocess.py:93} INFO -    900K .......... .......... .......... .......... ..........  7%  459M 2s
[2023-01-27T04:58:36.210+0000] {subprocess.py:93} INFO -    950K .......... .......... .......... .......... ..........  7% 50.3M 1s
[2023-01-27T04:58:36.213+0000] {subprocess.py:93} INFO -   1000K .......... .......... .......... .......... ..........  7% 15.0M 1s
[2023-01-27T04:58:36.216+0000] {subprocess.py:93} INFO -   1050K .......... .......... .......... .......... ..........  8% 16.5M 1s
[2023-01-27T04:58:36.217+0000] {subprocess.py:93} INFO -   1100K .......... .......... .......... .......... ..........  8%  162M 1s
[2023-01-27T04:58:36.218+0000] {subprocess.py:93} INFO -   1150K .......... .......... .......... .......... ..........  9% 37.8M 1s
[2023-01-27T04:58:36.221+0000] {subprocess.py:93} INFO -   1200K .......... .......... .......... .......... ..........  9% 16.9M 1s
[2023-01-27T04:58:36.221+0000] {subprocess.py:93} INFO -   1250K .......... .......... .......... .......... ..........  9%  453M 1s
[2023-01-27T04:58:36.222+0000] {subprocess.py:93} INFO -   1300K .......... .......... .......... .......... .......... 10% 34.0M 1s
[2023-01-27T04:58:36.225+0000] {subprocess.py:93} INFO -   1350K .......... .......... .......... .......... .......... 10% 16.5M 1s
[2023-01-27T04:58:36.228+0000] {subprocess.py:93} INFO -   1400K .......... .......... .......... .......... .......... 10% 17.5M 1s
[2023-01-27T04:58:36.228+0000] {subprocess.py:93} INFO -   1450K .......... .......... .......... .......... .......... 11%  303M 1s
[2023-01-27T04:58:36.230+0000] {subprocess.py:93} INFO -   1500K .......... .......... .......... .......... .......... 11% 30.1M 1s
[2023-01-27T04:58:36.232+0000] {subprocess.py:93} INFO -   1550K .......... .......... .......... .......... .......... 12% 20.0M 1s
[2023-01-27T04:58:36.233+0000] {subprocess.py:93} INFO -   1600K .......... .......... .......... .......... .......... 12%  315M 1s
[2023-01-27T04:58:36.234+0000] {subprocess.py:93} INFO -   1650K .......... .......... .......... .......... .......... 12% 31.2M 1s
[2023-01-27T04:58:36.237+0000] {subprocess.py:93} INFO -   1700K .......... .......... .......... .......... .......... 13% 16.4M 1s
[2023-01-27T04:58:36.237+0000] {subprocess.py:93} INFO -   1750K .......... .......... .......... .......... .......... 13%  276M 1s
[2023-01-27T04:58:36.239+0000] {subprocess.py:93} INFO -   1800K .......... .......... .......... .......... .......... 14% 30.5M 1s
[2023-01-27T04:58:36.242+0000] {subprocess.py:93} INFO -   1850K .......... .......... .......... .......... .......... 14% 17.6M 1s
[2023-01-27T04:58:36.242+0000] {subprocess.py:93} INFO -   1900K .......... .......... .......... .......... .......... 14%  278M 1s
[2023-01-27T04:58:36.247+0000] {subprocess.py:93} INFO -   1950K .......... .......... .......... .......... .......... 15% 10.1M 1s
[2023-01-27T04:58:36.251+0000] {subprocess.py:93} INFO -   2000K .......... .......... .......... .......... .......... 15% 11.5M 1s
[2023-01-27T04:58:36.259+0000] {subprocess.py:93} INFO -   2050K .......... .......... .......... .......... .......... 15% 5.92M 1s
[2023-01-27T04:58:36.280+0000] {subprocess.py:93} INFO -   2100K .......... .......... .......... .......... .......... 16% 2.29M 1s
[2023-01-27T04:58:36.281+0000] {subprocess.py:93} INFO -   2150K .......... .......... .......... .......... .......... 16%  239M 1s
[2023-01-27T04:58:36.282+0000] {subprocess.py:93} INFO -   2200K .......... .......... .......... .......... .......... 17% 33.2M 1s
[2023-01-27T04:58:36.286+0000] {subprocess.py:93} INFO -   2250K .......... .......... .......... .......... .......... 17% 11.5M 1s
[2023-01-27T04:58:36.287+0000] {subprocess.py:93} INFO -   2300K .......... .......... .......... .......... .......... 17%  252M 1s
[2023-01-27T04:58:36.288+0000] {subprocess.py:93} INFO -   2350K .......... .......... .......... .......... .......... 18% 29.0M 1s
[2023-01-27T04:58:36.288+0000] {subprocess.py:93} INFO -   2400K .......... .......... .......... .......... .......... 18%  240M 1s
[2023-01-27T04:58:36.292+0000] {subprocess.py:93} INFO -   2450K .......... .......... .......... .......... .......... 18% 12.4M 1s
[2023-01-27T04:58:36.293+0000] {subprocess.py:93} INFO -   2500K .......... .......... .......... .......... .......... 19%  244M 1s
[2023-01-27T04:58:36.294+0000] {subprocess.py:93} INFO -   2550K .......... .......... .......... .......... .......... 19% 28.8M 1s
[2023-01-27T04:58:36.294+0000] {subprocess.py:93} INFO -   2600K .......... .......... .......... .......... .......... 20%  373M 1s
[2023-01-27T04:58:36.303+0000] {subprocess.py:93} INFO -   2650K .......... .......... .......... .......... .......... 20% 5.63M 1s
[2023-01-27T04:58:36.303+0000] {subprocess.py:93} INFO -   2700K .......... .......... .......... .......... .......... 20%  319M 1s
[2023-01-27T04:58:36.303+0000] {subprocess.py:93} INFO -   2750K .......... .......... .......... .......... .......... 21%  369M 1s
[2023-01-27T04:58:36.304+0000] {subprocess.py:93} INFO -   2800K .......... .......... .......... .......... .......... 21%  432M 1s
[2023-01-27T04:58:36.306+0000] {subprocess.py:93} INFO -   2850K .......... .......... .......... .......... .......... 21% 18.1M 1s
[2023-01-27T04:58:36.306+0000] {subprocess.py:93} INFO -   2900K .......... .......... .......... .......... .......... 22%  372M 1s
[2023-01-27T04:58:36.307+0000] {subprocess.py:93} INFO -   2950K .......... .......... .......... .......... .......... 22% 42.0M 1s
[2023-01-27T04:58:36.308+0000] {subprocess.py:93} INFO -   3000K .......... .......... .......... .......... .......... 23%  464M 1s
[2023-01-27T04:58:36.314+0000] {subprocess.py:93} INFO -   3050K .......... .......... .......... .......... .......... 23% 7.16M 1s
[2023-01-27T04:58:36.315+0000] {subprocess.py:93} INFO -   3100K .......... .......... .......... .......... .......... 23%  183M 1s
[2023-01-27T04:58:36.316+0000] {subprocess.py:93} INFO -   3150K .......... .......... .......... .......... .......... 24% 47.5M 1s
[2023-01-27T04:58:36.317+0000] {subprocess.py:93} INFO -   3200K .......... .......... .......... .......... .......... 24% 34.6M 1s
[2023-01-27T04:58:36.323+0000] {subprocess.py:93} INFO -   3250K .......... .......... .......... .......... .......... 25% 8.90M 1s
[2023-01-27T04:58:36.323+0000] {subprocess.py:93} INFO -   3300K .......... .......... .......... .......... .......... 25%  297M 1s
[2023-01-27T04:58:36.327+0000] {subprocess.py:93} INFO -   3350K .......... .......... .......... .......... .......... 25% 12.6M 1s
[2023-01-27T04:58:36.327+0000] {subprocess.py:93} INFO -   3400K .......... .......... .......... .......... .......... 26% 58.6M 1s
[2023-01-27T04:58:36.330+0000] {subprocess.py:93} INFO -   3450K .......... .......... .......... .......... .......... 26% 18.9M 1s
[2023-01-27T04:58:36.333+0000] {subprocess.py:93} INFO -   3500K .......... .......... .......... .......... .......... 26% 19.4M 1s
[2023-01-27T04:58:36.336+0000] {subprocess.py:93} INFO -   3550K .......... .......... .......... .......... .......... 27% 13.0M 1s
[2023-01-27T04:58:36.340+0000] {subprocess.py:93} INFO -   3600K .......... .......... .......... .......... .......... 27% 13.0M 1s
[2023-01-27T04:58:36.340+0000] {subprocess.py:93} INFO -   3650K .......... .......... .......... .......... .......... 28%  243M 1s
[2023-01-27T04:58:36.342+0000] {subprocess.py:93} INFO -   3700K .......... .......... .......... .......... .......... 28% 36.6M 1s
[2023-01-27T04:58:36.343+0000] {subprocess.py:93} INFO -   3750K .......... .......... .......... .......... .......... 28% 35.5M 1s
[2023-01-27T04:58:36.348+0000] {subprocess.py:93} INFO -   3800K .......... .......... .......... .......... .......... 29% 9.00M 1s
[2023-01-27T04:58:36.349+0000] {subprocess.py:93} INFO -   3850K .......... .......... .......... .......... .......... 29%  324M 1s
[2023-01-27T04:58:36.349+0000] {subprocess.py:93} INFO -   3900K .......... .......... .......... .......... .......... 29%  325M 1s
[2023-01-27T04:58:36.350+0000] {subprocess.py:93} INFO -   3950K .......... .......... .......... .......... .......... 30% 31.5M 1s
[2023-01-27T04:58:36.356+0000] {subprocess.py:93} INFO -   4000K .......... .......... .......... .......... .......... 30% 8.02M 1s
[2023-01-27T04:58:36.359+0000] {subprocess.py:93} INFO -   4050K .......... .......... .......... .......... .......... 31% 21.9M 1s
[2023-01-27T04:58:36.359+0000] {subprocess.py:93} INFO -   4100K .......... .......... .......... .......... .......... 31%  301M 1s
[2023-01-27T04:58:36.363+0000] {subprocess.py:93} INFO -   4150K .......... .......... .......... .......... .......... 31% 12.3M 1s
[2023-01-27T04:58:36.369+0000] {subprocess.py:93} INFO -   4200K .......... .......... .......... .......... .......... 32% 7.41M 1s
[2023-01-27T04:58:36.370+0000] {subprocess.py:93} INFO -   4250K .......... .......... .......... .......... .......... 32%  291M 1s
[2023-01-27T04:58:36.371+0000] {subprocess.py:93} INFO -   4300K .......... .......... .......... .......... .......... 32% 26.5M 1s
[2023-01-27T04:58:36.376+0000] {subprocess.py:93} INFO -   4350K .......... .......... .......... .......... .......... 33% 10.6M 1s
[2023-01-27T04:58:36.388+0000] {subprocess.py:93} INFO -   4400K .......... .......... .......... .......... .......... 33% 4.13M 1s
[2023-01-27T04:58:36.392+0000] {subprocess.py:93} INFO -   4450K .......... .......... .......... .......... .......... 34% 11.7M 1s
[2023-01-27T04:58:36.392+0000] {subprocess.py:93} INFO -   4500K .......... .......... .......... .......... .......... 34%  344M 1s
[2023-01-27T04:58:36.396+0000] {subprocess.py:93} INFO -   4550K .......... .......... .......... .......... .......... 34% 12.4M 1s
[2023-01-27T04:58:36.398+0000] {subprocess.py:93} INFO -   4600K .......... .......... .......... .......... .......... 35% 25.3M 1s
[2023-01-27T04:58:36.413+0000] {subprocess.py:93} INFO -   4650K .......... .......... .......... .......... .......... 35% 3.16M 1s
[2023-01-27T04:58:36.416+0000] {subprocess.py:93} INFO -   4700K .......... .......... .......... .......... .......... 36% 17.9M 1s
[2023-01-27T04:58:36.421+0000] {subprocess.py:93} INFO -   4750K .......... .......... .......... .......... .......... 36% 9.95M 1s
[2023-01-27T04:58:36.421+0000] {subprocess.py:93} INFO -   4800K .......... .......... .......... .......... .......... 36%  313M 1s
[2023-01-27T04:58:36.428+0000] {subprocess.py:93} INFO -   4850K .......... .......... .......... .......... .......... 37% 7.75M 1s
[2023-01-27T04:58:36.428+0000] {subprocess.py:93} INFO -   4900K .......... .......... .......... .......... .......... 37%  341M 1s
[2023-01-27T04:58:36.434+0000] {subprocess.py:93} INFO -   4950K .......... .......... .......... .......... .......... 37% 7.32M 1s
[2023-01-27T04:58:36.435+0000] {subprocess.py:93} INFO -   5000K .......... .......... .......... .......... .......... 38%  299M 1s
[2023-01-27T04:58:36.435+0000] {subprocess.py:93} INFO -   5050K .......... .......... .......... .......... .......... 38%  408M 1s
[2023-01-27T04:58:36.435+0000] {subprocess.py:93} INFO -   5100K .......... .......... .......... .......... .......... 39%  386M 1s
[2023-01-27T04:58:36.437+0000] {subprocess.py:93} INFO -   5150K .......... .......... .......... .......... .......... 39% 24.4M 1s
[2023-01-27T04:58:36.437+0000] {subprocess.py:93} INFO -   5200K .......... .......... .......... .......... .......... 39%  350M 1s
[2023-01-27T04:58:36.441+0000] {subprocess.py:93} INFO -   5250K .......... .......... .......... .......... .......... 40% 12.5M 1s
[2023-01-27T04:58:36.441+0000] {subprocess.py:93} INFO -   5300K .......... .......... .......... .......... .......... 40%  348M 1s
[2023-01-27T04:58:36.442+0000] {subprocess.py:93} INFO -   5350K .......... .......... .......... .......... .......... 40% 32.0M 1s
[2023-01-27T04:58:36.443+0000] {subprocess.py:93} INFO -   5400K .......... .......... .......... .......... .......... 41%  430M 1s
[2023-01-27T04:58:36.446+0000] {subprocess.py:93} INFO -   5450K .......... .......... .......... .......... .......... 41% 12.5M 1s
[2023-01-27T04:58:36.448+0000] {subprocess.py:93} INFO -   5500K .......... .......... .......... .......... .......... 42% 28.5M 0s
[2023-01-27T04:58:36.457+0000] {subprocess.py:93} INFO -   5550K .......... .......... .......... .......... .......... 42% 7.70M 0s
[2023-01-27T04:58:36.468+0000] {subprocess.py:93} INFO -   5600K .......... .......... .......... .......... .......... 42% 3.74M 1s
[2023-01-27T04:58:36.468+0000] {subprocess.py:93} INFO -   5650K .......... .......... .......... .......... .......... 43%  466M 0s
[2023-01-27T04:58:36.471+0000] {subprocess.py:93} INFO -   5700K .......... .......... .......... .......... .......... 43% 15.4M 0s
[2023-01-27T04:58:36.473+0000] {subprocess.py:93} INFO -   5750K .......... .......... .......... .......... .......... 43% 21.0M 0s
[2023-01-27T04:58:36.477+0000] {subprocess.py:93} INFO -   5800K .......... .......... .......... .......... .......... 44% 12.4M 0s
[2023-01-27T04:58:36.489+0000] {subprocess.py:93} INFO -   5850K .......... .......... .......... .......... .......... 44% 4.07M 0s
[2023-01-27T04:58:36.494+0000] {subprocess.py:93} INFO -   5900K .......... .......... .......... .......... .......... 45% 10.9M 0s
[2023-01-27T04:58:36.500+0000] {subprocess.py:93} INFO -   5950K .......... .......... .......... .......... .......... 45% 13.9M 0s
[2023-01-27T04:58:36.508+0000] {subprocess.py:93} INFO -   6000K .......... .......... .......... .......... .......... 45% 4.69M 0s
[2023-01-27T04:58:36.511+0000] {subprocess.py:93} INFO -   6050K .......... .......... .......... .......... .......... 46% 13.0M 0s
[2023-01-27T04:58:36.515+0000] {subprocess.py:93} INFO -   6100K .......... .......... .......... .......... .......... 46% 15.2M 0s
[2023-01-27T04:58:36.521+0000] {subprocess.py:93} INFO -   6150K .......... .......... .......... .......... .......... 47% 7.60M 0s
[2023-01-27T04:58:36.523+0000] {subprocess.py:93} INFO -   6200K .......... .......... .......... .......... .......... 47% 20.4M 0s
[2023-01-27T04:58:36.526+0000] {subprocess.py:93} INFO -   6250K .......... .......... .......... .......... .......... 47% 19.4M 0s
[2023-01-27T04:58:36.526+0000] {subprocess.py:93} INFO -   6300K .......... .......... .......... .......... .......... 48%  457M 0s
[2023-01-27T04:58:36.528+0000] {subprocess.py:93} INFO -   6350K .......... .......... .......... .......... .......... 48% 32.1M 0s
[2023-01-27T04:58:36.530+0000] {subprocess.py:93} INFO -   6400K .......... .......... .......... .......... .......... 48% 19.2M 0s
[2023-01-27T04:58:36.530+0000] {subprocess.py:93} INFO -   6450K .......... .......... .......... .......... .......... 49%  473M 0s
[2023-01-27T04:58:36.535+0000] {subprocess.py:93} INFO -   6500K .......... .......... .......... .......... .......... 49% 11.1M 0s
[2023-01-27T04:58:36.539+0000] {subprocess.py:93} INFO -   6550K .......... .......... .......... .......... .......... 50% 10.8M 0s
[2023-01-27T04:58:36.543+0000] {subprocess.py:93} INFO -   6600K .......... .......... .......... .......... .......... 50% 13.6M 0s
[2023-01-27T04:58:36.547+0000] {subprocess.py:93} INFO -   6650K .......... .......... .......... .......... .......... 50% 10.5M 0s
[2023-01-27T04:58:36.548+0000] {subprocess.py:93} INFO -   6700K .......... .......... .......... .......... .......... 51%  394M 0s
[2023-01-27T04:58:36.549+0000] {subprocess.py:93} INFO -   6750K .......... .......... .......... .......... .......... 51% 32.9M 0s
[2023-01-27T04:58:36.588+0000] {subprocess.py:93} INFO -   6800K .......... .......... .......... .......... .......... 51% 1.24M 0s
[2023-01-27T04:58:36.589+0000] {subprocess.py:93} INFO -   6850K .......... .......... .......... .......... .......... 52%  257M 0s
[2023-01-27T04:58:36.589+0000] {subprocess.py:93} INFO -   6900K .......... .......... .......... .......... .......... 52%  111M 0s
[2023-01-27T04:58:36.589+0000] {subprocess.py:93} INFO -   6950K .......... .......... .......... .......... .......... 53%  218M 0s
[2023-01-27T04:58:36.589+0000] {subprocess.py:93} INFO -   7000K .......... .......... .......... .......... .......... 53%  271M 0s
[2023-01-27T04:58:36.589+0000] {subprocess.py:93} INFO -   7050K .......... .......... .......... .......... .......... 53%  311M 0s
[2023-01-27T04:58:36.593+0000] {subprocess.py:93} INFO -   7100K .......... .......... .......... .......... .......... 54% 15.1M 0s
[2023-01-27T04:58:36.593+0000] {subprocess.py:93} INFO -   7150K .......... .......... .......... .......... .......... 54%  270M 0s
[2023-01-27T04:58:36.597+0000] {subprocess.py:93} INFO -   7200K .......... .......... .......... .......... .......... 54% 11.7M 0s
[2023-01-27T04:58:36.597+0000] {subprocess.py:93} INFO -   7250K .......... .......... .......... .......... .......... 55%  338M 0s
[2023-01-27T04:58:36.597+0000] {subprocess.py:93} INFO -   7300K .......... .......... .......... .......... .......... 55%  454M 0s
[2023-01-27T04:58:36.597+0000] {subprocess.py:93} INFO -   7350K .......... .......... .......... .......... .......... 56%  418M 0s
[2023-01-27T04:58:36.598+0000] {subprocess.py:93} INFO -   7400K .......... .......... .......... .......... .......... 56%  392M 0s
[2023-01-27T04:58:36.598+0000] {subprocess.py:93} INFO -   7450K .......... .......... .......... .......... .......... 56%  488M 0s
[2023-01-27T04:58:36.598+0000] {subprocess.py:93} INFO -   7500K .......... .......... .......... .......... .......... 57%  462M 0s
[2023-01-27T04:58:36.598+0000] {subprocess.py:93} INFO -   7550K .......... .......... .......... .......... .......... 57%  477M 0s
[2023-01-27T04:58:36.598+0000] {subprocess.py:93} INFO -   7600K .......... .......... .......... .......... .......... 58%  416M 0s
[2023-01-27T04:58:36.598+0000] {subprocess.py:93} INFO -   7650K .......... .......... .......... .......... .......... 58%  492M 0s
[2023-01-27T04:58:36.598+0000] {subprocess.py:93} INFO -   7700K .......... .......... .......... .......... .......... 58%  503M 0s
[2023-01-27T04:58:36.598+0000] {subprocess.py:93} INFO -   7750K .......... .......... .......... .......... .......... 59%  201M 0s
[2023-01-27T04:58:36.602+0000] {subprocess.py:93} INFO -   7800K .......... .......... .......... .......... .......... 59% 12.7M 0s
[2023-01-27T04:58:36.607+0000] {subprocess.py:93} INFO -   7850K .......... .......... .......... .......... .......... 59% 10.4M 0s
[2023-01-27T04:58:36.607+0000] {subprocess.py:93} INFO -   7900K .......... .......... .......... .......... .......... 60%  363M 0s
[2023-01-27T04:58:36.609+0000] {subprocess.py:93} INFO -   7950K .......... .......... .......... .......... .......... 60% 30.8M 0s
[2023-01-27T04:58:36.609+0000] {subprocess.py:93} INFO -   8000K .......... .......... .......... .......... .......... 61%  246M 0s
[2023-01-27T04:58:36.610+0000] {subprocess.py:93} INFO -   8050K .......... .......... .......... .......... .......... 61% 39.1M 0s
[2023-01-27T04:58:36.614+0000] {subprocess.py:93} INFO -   8100K .......... .......... .......... .......... .......... 61% 11.9M 0s
[2023-01-27T04:58:36.615+0000] {subprocess.py:93} INFO -   8150K .......... .......... .......... .......... .......... 62%  318M 0s
[2023-01-27T04:58:36.616+0000] {subprocess.py:93} INFO -   8200K .......... .......... .......... .......... .......... 62% 33.8M 0s
[2023-01-27T04:58:36.616+0000] {subprocess.py:93} INFO -   8250K .......... .......... .......... .......... .......... 62%  301M 0s
[2023-01-27T04:58:36.622+0000] {subprocess.py:93} INFO -   8300K .......... .......... .......... .......... .......... 63% 7.79M 0s
[2023-01-27T04:58:36.623+0000] {subprocess.py:93} INFO -   8350K .......... .......... .......... .......... .......... 63%  391M 0s
[2023-01-27T04:58:36.623+0000] {subprocess.py:93} INFO -   8400K .......... .......... .......... .......... .......... 64%  148M 0s
[2023-01-27T04:58:36.624+0000] {subprocess.py:93} INFO -   8450K .......... .......... .......... .......... .......... 64% 28.8M 0s
[2023-01-27T04:58:36.635+0000] {subprocess.py:93} INFO -   8500K .......... .......... .......... .......... .......... 64% 4.61M 0s
[2023-01-27T04:58:36.635+0000] {subprocess.py:93} INFO -   8550K .......... .......... .......... .......... .......... 65%  342M 0s
[2023-01-27T04:58:36.638+0000] {subprocess.py:93} INFO -   8600K .......... .......... .......... .......... .......... 65% 15.6M 0s
[2023-01-27T04:58:36.643+0000] {subprocess.py:93} INFO -   8650K .......... .......... .......... .......... .......... 65% 9.47M 0s
[2023-01-27T04:58:36.646+0000] {subprocess.py:93} INFO -   8700K .......... .......... .......... .......... .......... 66% 22.4M 0s
[2023-01-27T04:58:36.652+0000] {subprocess.py:93} INFO -   8750K .......... .......... .......... .......... .......... 66% 14.0M 0s
[2023-01-27T04:58:36.655+0000] {subprocess.py:93} INFO -   8800K .......... .......... .......... .......... .......... 67% 8.65M 0s
[2023-01-27T04:58:36.655+0000] {subprocess.py:93} INFO -   8850K .......... .......... .......... .......... .......... 67%  424M 0s
[2023-01-27T04:58:36.657+0000] {subprocess.py:93} INFO -   8900K .......... .......... .......... .......... .......... 67% 21.4M 0s
[2023-01-27T04:58:36.675+0000] {subprocess.py:93} INFO -   8950K .......... .......... .......... .......... .......... 68% 2.79M 0s
[2023-01-27T04:58:36.677+0000] {subprocess.py:93} INFO -   9000K .......... .......... .......... .......... .......... 68% 25.4M 0s
[2023-01-27T04:58:36.681+0000] {subprocess.py:93} INFO -   9050K .......... .......... .......... .......... .......... 69% 9.83M 0s
[2023-01-27T04:58:36.682+0000] {subprocess.py:93} INFO -   9100K .......... .......... .......... .......... .......... 69%  336M 0s
[2023-01-27T04:58:36.686+0000] {subprocess.py:93} INFO -   9150K .......... .......... .......... .......... .......... 69% 10.4M 0s
[2023-01-27T04:58:36.693+0000] {subprocess.py:93} INFO -   9200K .......... .......... .......... .......... .......... 70% 6.93M 0s
[2023-01-27T04:58:36.698+0000] {subprocess.py:93} INFO -   9250K .......... .......... .......... .......... .......... 70% 10.5M 0s
[2023-01-27T04:58:36.700+0000] {subprocess.py:93} INFO -   9300K .......... .......... .......... .......... .......... 70% 22.0M 0s
[2023-01-27T04:58:36.704+0000] {subprocess.py:93} INFO -   9350K .......... .......... .......... .......... .......... 71% 13.2M 0s
[2023-01-27T04:58:36.712+0000] {subprocess.py:93} INFO -   9400K .......... .......... .......... .......... .......... 71% 5.85M 0s
[2023-01-27T04:58:36.713+0000] {subprocess.py:93} INFO -   9450K .......... .......... .......... .......... .......... 72%  321M 0s
[2023-01-27T04:58:36.715+0000] {subprocess.py:93} INFO -   9500K .......... .......... .......... .......... .......... 72% 23.0M 0s
[2023-01-27T04:58:36.719+0000] {subprocess.py:93} INFO -   9550K .......... .......... .......... .......... .......... 72% 12.4M 0s
[2023-01-27T04:58:36.722+0000] {subprocess.py:93} INFO -   9600K .......... .......... .......... .......... .......... 73% 14.2M 0s
[2023-01-27T04:58:36.723+0000] {subprocess.py:93} INFO -   9650K .......... .......... .......... .......... .......... 73% 31.3M 0s
[2023-01-27T04:58:36.731+0000] {subprocess.py:93} INFO -   9700K .......... .......... .......... .......... .......... 73% 6.87M 0s
[2023-01-27T04:58:36.733+0000] {subprocess.py:93} INFO -   9750K .......... .......... .......... .......... .......... 74% 21.4M 0s
[2023-01-27T04:58:36.738+0000] {subprocess.py:93} INFO -   9800K .......... .......... .......... .......... .......... 74% 9.02M 0s
[2023-01-27T04:58:36.748+0000] {subprocess.py:93} INFO -   9850K .......... .......... .......... .......... .......... 75% 5.06M 0s
[2023-01-27T04:58:36.750+0000] {subprocess.py:93} INFO -   9900K .......... .......... .......... .......... .......... 75% 26.7M 0s
[2023-01-27T04:58:36.757+0000] {subprocess.py:93} INFO -   9950K .......... .......... .......... .......... .......... 75% 9.46M 0s
[2023-01-27T04:58:36.760+0000] {subprocess.py:93} INFO -  10000K .......... .......... .......... .......... .......... 76% 9.26M 0s
[2023-01-27T04:58:36.766+0000] {subprocess.py:93} INFO -  10050K .......... .......... .......... .......... .......... 76% 8.09M 0s
[2023-01-27T04:58:36.773+0000] {subprocess.py:93} INFO -  10100K .......... .......... .......... .......... .......... 76% 7.31M 0s
[2023-01-27T04:58:36.775+0000] {subprocess.py:93} INFO -  10150K .......... .......... .......... .......... .......... 77% 29.9M 0s
[2023-01-27T04:58:36.775+0000] {subprocess.py:93} INFO -  10200K .......... .......... .......... .......... .......... 77%  307M 0s
[2023-01-27T04:58:36.776+0000] {subprocess.py:93} INFO -  10250K .......... .......... .......... .......... .......... 78% 45.0M 0s
[2023-01-27T04:58:36.810+0000] {subprocess.py:93} INFO -  10300K .......... .......... .......... .......... .......... 78% 1.44M 0s
[2023-01-27T04:58:36.810+0000] {subprocess.py:93} INFO -  10350K .......... .......... .......... .......... .......... 78%  347M 0s
[2023-01-27T04:58:36.812+0000] {subprocess.py:93} INFO -  10400K .......... .......... .......... .......... .......... 79% 22.8M 0s
[2023-01-27T04:58:36.812+0000] {subprocess.py:93} INFO -  10450K .......... .......... .......... .......... .......... 79%  181M 0s
[2023-01-27T04:58:36.814+0000] {subprocess.py:93} INFO -  10500K .......... .......... .......... .......... .......... 80% 24.9M 0s
[2023-01-27T04:58:36.826+0000] {subprocess.py:93} INFO -  10550K .......... .......... .......... .......... .......... 80% 4.38M 0s
[2023-01-27T04:58:36.828+0000] {subprocess.py:93} INFO -  10600K .......... .......... .......... .......... .......... 80% 19.9M 0s
[2023-01-27T04:58:36.828+0000] {subprocess.py:93} INFO -  10650K .......... .......... .......... .......... .......... 81%  438M 0s
[2023-01-27T04:58:36.828+0000] {subprocess.py:93} INFO -  10700K .......... .......... .......... .......... .......... 81%  400M 0s
[2023-01-27T04:58:36.828+0000] {subprocess.py:93} INFO -  10750K .......... .......... .......... .......... .......... 81%  397M 0s
[2023-01-27T04:58:36.828+0000] {subprocess.py:93} INFO -  10800K .......... .......... .......... .......... .......... 82%  436M 0s
[2023-01-27T04:58:36.829+0000] {subprocess.py:93} INFO -  10850K .......... .......... .......... .......... .......... 82%  540M 0s
[2023-01-27T04:58:36.829+0000] {subprocess.py:93} INFO -  10900K .......... .......... .......... .......... .......... 83%  440M 0s
[2023-01-27T04:58:36.829+0000] {subprocess.py:93} INFO -  10950K .......... .......... .......... .......... .......... 83%  483M 0s
[2023-01-27T04:58:36.829+0000] {subprocess.py:93} INFO -  11000K .......... .......... .......... .......... .......... 83%  399M 0s
[2023-01-27T04:58:36.829+0000] {subprocess.py:93} INFO -  11050K .......... .......... .......... .......... .......... 84%  528M 0s
[2023-01-27T04:58:36.833+0000] {subprocess.py:93} INFO -  11100K .......... .......... .......... .......... .......... 84% 11.5M 0s
[2023-01-27T04:58:36.833+0000] {subprocess.py:93} INFO -  11150K .......... .......... .......... .......... .......... 84%  193M 0s
[2023-01-27T04:58:36.834+0000] {subprocess.py:93} INFO -  11200K .......... .......... .......... .......... .......... 85%  108M 0s
[2023-01-27T04:58:36.836+0000] {subprocess.py:93} INFO -  11250K .......... .......... .......... .......... .......... 85% 28.2M 0s
[2023-01-27T04:58:36.842+0000] {subprocess.py:93} INFO -  11300K .......... .......... .......... .......... .......... 86% 7.90M 0s
[2023-01-27T04:58:36.852+0000] {subprocess.py:93} INFO -  11350K .......... .......... .......... .......... .......... 86% 4.97M 0s
[2023-01-27T04:58:36.853+0000] {subprocess.py:93} INFO -  11400K .......... .......... .......... .......... .......... 86% 33.6M 0s
[2023-01-27T04:58:36.855+0000] {subprocess.py:93} INFO -  11450K .......... .......... .......... .......... .......... 87% 28.3M 0s
[2023-01-27T04:58:36.857+0000] {subprocess.py:93} INFO -  11500K .......... .......... .......... .......... .......... 87% 20.7M 0s
[2023-01-27T04:58:36.859+0000] {subprocess.py:93} INFO -  11550K .......... .......... .......... .......... .......... 87% 30.9M 0s
[2023-01-27T04:58:36.861+0000] {subprocess.py:93} INFO -  11600K .......... .......... .......... .......... .......... 88% 23.6M 0s
[2023-01-27T04:58:36.866+0000] {subprocess.py:93} INFO -  11650K .......... .......... .......... .......... .......... 88% 10.3M 0s
[2023-01-27T04:58:36.866+0000] {subprocess.py:93} INFO -  11700K .......... .......... .......... .......... .......... 89% 56.8M 0s
[2023-01-27T04:58:36.871+0000] {subprocess.py:93} INFO -  11750K .......... .......... .......... .......... .......... 89% 11.0M 0s
[2023-01-27T04:58:36.871+0000] {subprocess.py:93} INFO -  11800K .......... .......... .......... .......... .......... 89%  196M 0s
[2023-01-27T04:58:36.873+0000] {subprocess.py:93} INFO -  11850K .......... .......... .......... .......... .......... 90% 20.9M 0s
[2023-01-27T04:58:36.874+0000] {subprocess.py:93} INFO -  11900K .......... .......... .......... .......... .......... 90%  343M 0s
[2023-01-27T04:58:36.876+0000] {subprocess.py:93} INFO -  11950K .......... .......... .......... .......... .......... 91% 20.8M 0s
[2023-01-27T04:58:36.879+0000] {subprocess.py:93} INFO -  12000K .......... .......... .......... .......... .......... 91% 17.1M 0s
[2023-01-27T04:58:36.879+0000] {subprocess.py:93} INFO -  12050K .......... .......... .......... .......... .......... 91%  421M 0s
[2023-01-27T04:58:36.884+0000] {subprocess.py:93} INFO -  12100K .......... .......... .......... .......... .......... 92% 8.75M 0s
[2023-01-27T04:58:36.885+0000] {subprocess.py:93} INFO -  12150K .......... .......... .......... .......... .......... 92%  280M 0s
[2023-01-27T04:58:36.886+0000] {subprocess.py:93} INFO -  12200K .......... .......... .......... .......... .......... 92% 50.5M 0s
[2023-01-27T04:58:36.897+0000] {subprocess.py:93} INFO -  12250K .......... .......... .......... .......... .......... 93% 4.34M 0s
[2023-01-27T04:58:36.899+0000] {subprocess.py:93} INFO -  12300K .......... .......... .......... .......... .......... 93% 23.8M 0s
[2023-01-27T04:58:36.903+0000] {subprocess.py:93} INFO -  12350K .......... .......... .......... .......... .......... 94% 10.7M 0s
[2023-01-27T04:58:36.904+0000] {subprocess.py:93} INFO -  12400K .......... .......... .......... .......... .......... 94%  260M 0s
[2023-01-27T04:58:36.906+0000] {subprocess.py:93} INFO -  12450K .......... .......... .......... .......... .......... 94% 20.8M 0s
[2023-01-27T04:58:36.906+0000] {subprocess.py:93} INFO -  12500K .......... .......... .......... .......... .......... 95%  169M 0s
[2023-01-27T04:58:36.908+0000] {subprocess.py:93} INFO -  12550K .......... .......... .......... .......... .......... 95% 29.0M 0s
[2023-01-27T04:58:36.909+0000] {subprocess.py:93} INFO -  12600K .......... .......... .......... .......... .......... 95% 44.8M 0s
[2023-01-27T04:58:36.912+0000] {subprocess.py:93} INFO -  12650K .......... .......... .......... .......... .......... 96% 16.0M 0s
[2023-01-27T04:58:36.914+0000] {subprocess.py:93} INFO -  12700K .......... .......... .......... .......... .......... 96% 32.1M 0s
[2023-01-27T04:58:36.918+0000] {subprocess.py:93} INFO -  12750K .......... .......... .......... .......... .......... 97% 11.2M 0s
[2023-01-27T04:58:36.923+0000] {subprocess.py:93} INFO -  12800K .......... .......... .......... .......... .......... 97% 9.15M 0s
[2023-01-27T04:58:36.925+0000] {subprocess.py:93} INFO -  12850K .......... .......... .......... .......... .......... 97% 26.4M 0s
[2023-01-27T04:58:36.927+0000] {subprocess.py:93} INFO -  12900K .......... .......... .......... .......... .......... 98% 32.0M 0s
[2023-01-27T04:58:36.929+0000] {subprocess.py:93} INFO -  12950K .......... .......... .......... .......... .......... 98% 18.6M 0s
[2023-01-27T04:58:36.932+0000] {subprocess.py:93} INFO -  13000K .......... .......... .......... .......... .......... 98% 19.5M 0s
[2023-01-27T04:58:36.932+0000] {subprocess.py:93} INFO -  13050K .......... .......... .......... .......... .......... 99%  432M 0s
[2023-01-27T04:58:36.933+0000] {subprocess.py:93} INFO -  13100K .......... .......... .......... .......... .......... 99% 43.4M 0s
[2023-01-27T04:58:36.935+0000] {subprocess.py:93} INFO -  13150K .......... .......... .......... ....                 100% 13.9M=0.8s
[2023-01-27T04:58:36.936+0000] {subprocess.py:93} INFO - 
[2023-01-27T04:58:36.936+0000] {subprocess.py:93} INFO - 2023-01-27 04:58:36 (15.2 MB/s) - ‘/opt/***/fhv_tripdata_2020-09.csv.gz’ saved [13501104/13501104]
[2023-01-27T04:58:36.936+0000] {subprocess.py:93} INFO - 
[2023-01-27T04:58:36.937+0000] {subprocess.py:97} INFO - Command exited with return code 0
[2023-01-27T04:58:36.960+0000] {taskinstance.py:1323} INFO - Marking task as SUCCESS. dag_id=fhv_taxi_data_dag_v1, task_id=download_ytd_dataset_from_web, execution_date=20200901T000000, start_date=20230127T045835, end_date=20230127T045836
[2023-01-27T04:58:37.013+0000] {local_task_job.py:208} INFO - Task exited with return code 0
[2023-01-27T04:58:37.043+0000] {taskinstance.py:2578} INFO - 1 downstream tasks scheduled from follow-on schedule check
